L 08/10/2021 - 05:34:59: [freak_fortress_2.smx] [Boss] Character skeleton_king is missing file 'models/freak_fortress_2/skeleton_king/skeleton_king.phy'!
L 08/10/2021 - 05:34:59: [freak_fortress_2.smx] [Boss] Character gayban needs plugin !
L 08/10/2021 - 05:34:59: [freak_fortress_2.smx] [Boss] Character ridley needs plugin ff2_sarysapub2!
L 08/10/2021 - 05:34:59: [freak_fortress_2.smx] [Boss] Character lewisv2 needs plugin haunter!
L 08/10/2021 - 05:39:56: [freak_fortress_2.smx] [Boss] Character skeleton_king is missing file 'models/freak_fortress_2/skeleton_king/skeleton_king.phy'!
L 08/10/2021 - 05:39:56: [freak_fortress_2.smx] [Boss] Character gayban needs plugin !
L 08/10/2021 - 05:39:56: [freak_fortress_2.smx] [Boss] Character ridley needs plugin ff2_sarysapub2!
L 08/10/2021 - 05:39:56: [freak_fortress_2.smx] [Boss] Character lewisv2 needs plugin haunter!
L 08/10/2021 - 05:40:30: [freak_fortress_2.smx] [Boss] Character skeleton_king is missing file 'models/freak_fortress_2/skeleton_king/skeleton_king.phy'!
L 08/10/2021 - 05:40:30: [freak_fortress_2.smx] [Boss] Character gayban needs plugin !
L 08/10/2021 - 05:40:30: [freak_fortress_2.smx] [Boss] Character ridley needs plugin ff2_sarysapub2!
L 08/10/2021 - 05:40:30: [freak_fortress_2.smx] [Boss] Character lewisv2 needs plugin haunter!
L 08/10/2021 - 05:44:58: [freak_fortress_2.smx] [Boss] Character skeleton_king is missing file 'models/freak_fortress_2/skeleton_king/skeleton_king.phy'!
L 08/10/2021 - 05:44:58: [freak_fortress_2.smx] [Boss] Character gayban needs plugin !
L 08/10/2021 - 05:44:58: [freak_fortress_2.smx] [Boss] Character ridley needs plugin ff2_sarysapub2!
L 08/10/2021 - 05:44:58: [freak_fortress_2.smx] [Boss] Character lewisv2 needs plugin haunter!
L 08/10/2021 - 05:54:41: [freak_fortress_2.smx] [Boss] Character skeleton_king is missing file 'models/freak_fortress_2/skeleton_king/skeleton_king.phy'!
L 08/10/2021 - 05:54:41: [freak_fortress_2.smx] [Boss] Character gayban needs plugin !
L 08/10/2021 - 05:54:41: [freak_fortress_2.smx] [Boss] Character ridley needs plugin ff2_sarysapub2!
L 08/10/2021 - 05:54:41: [freak_fortress_2.smx] [Boss] Character lewisv2 needs plugin haunter!
L 08/10/2021 - 11:19:54: [freak_fortress_2.smx] [Boss] Character skeleton_king is missing file 'models/freak_fortress_2/skeleton_king/skeleton_king.phy'!
L 08/10/2021 - 11:19:54: [freak_fortress_2.smx] [Boss] Character gayban needs plugin !
L 08/10/2021 - 11:19:54: [freak_fortress_2.smx] [Boss] Character ridley needs plugin ff2_sarysapub2!
L 08/10/2021 - 11:19:54: [freak_fortress_2.smx] [Boss] Character lewisv2 needs plugin haunter!
L 08/10/2021 - 11:25:29: [freak_fortress_2.smx] [Boss] Character skeleton_king is missing file 'sound/freak_fortress_2/skeleton_king/sk_respawn_09.mp3' in section 'mod_precache'!
L 08/10/2021 - 11:34:25: [freak_fortress_2.smx] [Boss] Character skeleton_king is missing file 'sound/freak_fortress_2/skeleton_king/sk_respawn_09.mp3' in section 'mod_precache'!
L 08/10/2021 - 11:39:55: [freak_fortress_2.smx] [Boss] Character sib_wizard is missing file 'sound/freak_fortress_2\sib_wizard\firstlife.mp3' in section 'sound_precache'!
L 08/10/2021 - 11:40:23: [freak_fortress_2.smx] [Boss] Character sib_wizard is missing file 'sound/freak_fortress_2\sib_wizard\firstlife.mp3' in section 'sound_precache'!
L 08/10/2021 - 11:50:31: [freak_fortress_2.smx] [Boss] Character skeleton_king is missing file 'models/freak_fortress_2/skeleton_king/skeleton_king.phy'!
L 08/10/2021 - 11:50:31: [freak_fortress_2.smx] [Boss] Character gayban needs plugin !
L 08/10/2021 - 11:50:31: [freak_fortress_2.smx] [Boss] Character ridley needs plugin ff2_sarysapub2!
L 08/10/2021 - 11:50:31: [freak_fortress_2.smx] [Boss] Character lewisv2 needs plugin haunter!
L 08/10/2021 - 11:53:07: [freak_fortress_2.smx] [Boss] Character skeleton_king is missing file 'models/freak_fortress_2/skeleton_king/skeleton_king.phy'!
L 08/10/2021 - 11:53:07: [freak_fortress_2.smx] [Boss] Character gayban needs plugin !
L 08/10/2021 - 11:53:07: [freak_fortress_2.smx] [Boss] Character ridley needs plugin ff2_sarysapub2!
L 08/10/2021 - 11:53:07: [freak_fortress_2.smx] [Boss] Character lewisv2 needs plugin haunter!
L 08/10/2021 - 12:02:22: [freak_fortress_2.smx] [Boss] Character skeleton_king is missing file 'models/freak_fortress_2/skeleton_king/skeleton_king.phy'!
L 08/10/2021 - 12:20:05: [freak_fortress_2.smx] [Boss] Character skeleton_king is missing file 'models/freak_fortress_2/skeleton_king/skeleton_king.phy'!
L 08/10/2021 - 12:30:17: [freak_fortress_2.smx] [Boss] Character skeleton_king is missing file 'models/freak_fortress_2/skeleton_king/skeleton_king.phy'!
L 08/10/2021 - 12:33:32: [freak_fortress_2.smx] [Boss] Character skeleton_king is missing file 'sound/freak_fortress_2/skeleton_king/sk_respawn_09.mp3' in section 'mod_precache'!
L 08/10/2021 - 13:04:26: [freak_fortress_2.smx] [Boss] Character skeleton_king is missing file 'models/freak_fortress_2/skeleton_king/skeleton_king.phy'!
L 08/10/2021 - 13:08:51: [freak_fortress_2.smx] [Boss] Character skeleton_king is missing file 'models/freak_fortress_2/skeleton_king/skeleton_king.phy'!
L 08/10/2021 - 13:14:54: [freak_fortress_2.smx] [Boss] Character skeleton_king is missing file 'models/freak_fortress_2/skeleton_king/skeleton_king.phy'!
L 08/10/2021 - 13:16:33: [freak_fortress_2.smx] [Boss] Character sib_wizard is missing file 'sound/freak_fortress_2\sib_wizard\firstlife.mp3' in section 'sound_precache'!
L 08/10/2021 - 13:17:49: [freak_fortress_2.smx] [Boss] Character skeleton_king is missing file 'models/freak_fortress_2/skeleton_king/skeleton_king.phy'!
L 08/10/2021 - 13:21:16: [freak_fortress_2.smx] [Boss] Character skeleton_king is missing file 'models/freak_fortress_2/skeleton_king/skeleton_king.phy'!
L 08/10/2021 - 13:42:51: [freak_fortress_2.smx] [Boss] Character skeleton_king is missing file 'models/freak_fortress_2/skeleton_king/skeleton_king.phy'!
L 08/10/2021 - 16:05:13: [freak_fortress_2.smx] [Boss] Character skeleton_king is missing file 'models/freak_fortress_2/skeleton_king/skeleton_king.phy'!
L 08/10/2021 - 16:37:41: [freak_fortress_2.smx] [Boss] Character skeleton_king is missing file 'models/freak_fortress_2/skeleton_king/skeleton_king.phy'!
