L 01/11/2021 - 16:49:24: SourceMod error session started
L 01/11/2021 - 16:49:24: Info (map "vsh_nebula_rc1") (file "/home/steamsrv/tf2/tf/addons/sourcemod/logs/errors_20210111.log")
L 01/11/2021 - 16:49:24: [tf2attributes.smx] Could not initialize call to CEconItem::SetCustomName
L 01/11/2021 - 16:49:25: [store.smx] Gifts! isn't installed or failed to load. Gifts support will be disabled. Please install Gifts. (http://forums.alliedmods.net/showthread.php?t=175185)
L 01/11/2021 - 16:49:25: [store.smx] Database connection is lost or not yet initialized.
L 01/11/2021 - 16:49:25: [tf2_taunts_tf2idb.smx] Failed to initialize taunt cache: TF2IDB Not loaded.
L 01/11/2021 - 16:49:25: [tf2_taunts_tf2idb.smx] Halting user interface initialization. Plugin loaded but updater not found.
L 01/11/2021 - 16:49:25: [tf2_taunts_tf2idb.smx] Try using the latest version from here https://github.com/fakuivan/TF2-Taunts-TF2IDB .
L 01/11/2021 - 16:56:52: [tf2attributes.smx] Could not initialize call to CEconItem::SetCustomName
L 01/11/2021 - 16:56:53: [store.smx] Gifts! isn't installed or failed to load. Gifts support will be disabled. Please install Gifts. (http://forums.alliedmods.net/showthread.php?t=175185)
L 01/11/2021 - 16:56:53: [store.smx] Database connection is lost or not yet initialized.
L 01/11/2021 - 16:56:53: [tf2_taunts_tf2idb.smx] Failed to initialize taunt cache: TF2IDB Not loaded.
L 01/11/2021 - 16:56:53: [tf2_taunts_tf2idb.smx] Halting user interface initialization. Plugin loaded but updater not found.
L 01/11/2021 - 16:56:53: [tf2_taunts_tf2idb.smx] Try using the latest version from here https://github.com/fakuivan/TF2-Taunts-TF2IDB .
L 01/11/2021 - 17:05:30: [SM] Plugin "roundtimer.smx" encountered error 23: Native detected error
L 01/11/2021 - 17:05:30: [SM] Invalid timer handle fec10899 (error 3) during timer end, displayed function is timer callback, not the stack trace
L 01/11/2021 - 17:05:30: [SM] Unable to call function "Timer_Round" due to above error(s).
L 01/11/2021 - 17:14:59: [SM] Plugin "roundtimer.smx" encountered error 23: Native detected error
L 01/11/2021 - 17:14:59: [SM] Invalid timer handle 9917088a (error 3) during timer end, displayed function is timer callback, not the stack trace
L 01/11/2021 - 17:14:59: [SM] Unable to call function "Timer_Round" due to above error(s).
L 01/11/2021 - 17:16:52: Error log file session closed.
L 01/11/2021 - 17:33:44: SourceMod error session started
L 01/11/2021 - 17:33:44: Info (map "vsh_nebula_rc1") (file "/home/steamsrv/tf2/tf/addons/sourcemod/logs/errors_20210111.log")
L 01/11/2021 - 17:33:44: [tf2attributes.smx] Could not initialize call to CEconItem::SetCustomName
L 01/11/2021 - 17:33:44: [store.smx] Gifts! isn't installed or failed to load. Gifts support will be disabled. Please install Gifts. (http://forums.alliedmods.net/showthread.php?t=175185)
L 01/11/2021 - 17:33:44: [store.smx] Database connection is lost or not yet initialized.
L 01/11/2021 - 17:33:44: [tf2_taunts_tf2idb.smx] Failed to initialize taunt cache: TF2IDB Not loaded.
L 01/11/2021 - 17:33:44: [tf2_taunts_tf2idb.smx] Halting user interface initialization. Plugin loaded but updater not found.
L 01/11/2021 - 17:33:44: [tf2_taunts_tf2idb.smx] Try using the latest version from here https://github.com/fakuivan/TF2-Taunts-TF2IDB .
L 01/11/2021 - 17:42:16: [SM] Plugin "roundtimer.smx" encountered error 23: Native detected error
L 01/11/2021 - 17:42:16: [SM] Invalid timer handle 47ce0835 (error 3) during timer end, displayed function is timer callback, not the stack trace
L 01/11/2021 - 17:42:16: [SM] Unable to call function "Timer_Round" due to above error(s).
L 01/11/2021 - 17:45:10: [tf2attributes.smx] Could not initialize call to CEconItem::SetCustomName
L 01/11/2021 - 17:45:10: [store.smx] Gifts! isn't installed or failed to load. Gifts support will be disabled. Please install Gifts. (http://forums.alliedmods.net/showthread.php?t=175185)
L 01/11/2021 - 17:45:10: [store.smx] Database connection is lost or not yet initialized.
L 01/11/2021 - 17:45:11: [tf2_taunts_tf2idb.smx] Failed to initialize taunt cache: TF2IDB Not loaded.
L 01/11/2021 - 17:45:11: [tf2_taunts_tf2idb.smx] Halting user interface initialization. Plugin loaded but updater not found.
L 01/11/2021 - 17:45:11: [tf2_taunts_tf2idb.smx] Try using the latest version from here https://github.com/fakuivan/TF2-Taunts-TF2IDB .
L 01/11/2021 - 17:45:52: [freaks/ff2_1st_set_abilities.ff2] [FF2 Bosses] Model 'models\props_halloween\eyeball_projectile.mdl' isn't precached!  Please check Freddy Krueger's "mod_precache"
L 01/11/2021 - 17:51:08: Error log file session closed.
L 01/11/2021 - 17:52:51: SourceMod error session started
L 01/11/2021 - 17:52:51: Info (map "vsh_crevice_b5") (file "/home/steamsrv/tf2/tf/addons/sourcemod/logs/errors_20210111.log")
L 01/11/2021 - 17:52:51: [tf2attributes.smx] Could not initialize call to CEconItem::SetCustomName
L 01/11/2021 - 17:52:51: [store.smx] Gifts! isn't installed or failed to load. Gifts support will be disabled. Please install Gifts. (http://forums.alliedmods.net/showthread.php?t=175185)
L 01/11/2021 - 17:52:51: [store.smx] Database connection is lost or not yet initialized.
L 01/11/2021 - 17:52:51: [tf2_taunts_tf2idb.smx] Failed to initialize taunt cache: TF2IDB Not loaded.
L 01/11/2021 - 17:52:51: [tf2_taunts_tf2idb.smx] Halting user interface initialization. Plugin loaded but updater not found.
L 01/11/2021 - 17:52:51: [tf2_taunts_tf2idb.smx] Try using the latest version from here https://github.com/fakuivan/TF2-Taunts-TF2IDB .
L 01/11/2021 - 18:05:08: Error log file session closed.
