L 09/07/2020 - 00:34:56: SourceMod error session started
L 09/07/2020 - 00:34:56: Info (map "vsh_area_54tress_b4") (file "/home/steamsrv/tf2/tf/addons/sourcemod/logs/errors_20200907.log")
L 09/07/2020 - 00:34:56: [tf2attributes.smx] Could not initialize call to CEconItem::SetCustomName
L 09/07/2020 - 00:34:57: [store.smx] Gifts! isn't installed or failed to load. Gifts support will be disabled. Please install Gifts. (http://forums.alliedmods.net/showthread.php?t=175185)
L 09/07/2020 - 00:34:57: [store.smx] Database connection is lost or not yet initialized.
L 09/07/2020 - 00:35:33: [tf2attributes.smx] Could not initialize call to CEconItem::SetCustomName
L 09/07/2020 - 00:35:34: [store.smx] Gifts! isn't installed or failed to load. Gifts support will be disabled. Please install Gifts. (http://forums.alliedmods.net/showthread.php?t=175185)
L 09/07/2020 - 00:35:34: [store.smx] Database connection is lost or not yet initialized.
L 09/07/2020 - 00:38:32: [tf2attributes.smx] Could not initialize call to CEconItem::SetCustomName
L 09/07/2020 - 00:38:33: [store.smx] Gifts! isn't installed or failed to load. Gifts support will be disabled. Please install Gifts. (http://forums.alliedmods.net/showthread.php?t=175185)
L 09/07/2020 - 00:38:33: [store.smx] Database connection is lost or not yet initialized.
L 09/07/2020 - 00:41:09: [tf2attributes.smx] Could not initialize call to CEconItem::SetCustomName
L 09/07/2020 - 00:41:10: [store.smx] Gifts! isn't installed or failed to load. Gifts support will be disabled. Please install Gifts. (http://forums.alliedmods.net/showthread.php?t=175185)
L 09/07/2020 - 00:41:10: [store.smx] Database connection is lost or not yet initialized.
L 09/07/2020 - 00:42:45: [tf2attributes.smx] Could not initialize call to CEconItem::SetCustomName
L 09/07/2020 - 00:42:45: [store.smx] Gifts! isn't installed or failed to load. Gifts support will be disabled. Please install Gifts. (http://forums.alliedmods.net/showthread.php?t=175185)
L 09/07/2020 - 00:42:45: [store.smx] Database connection is lost or not yet initialized.
L 09/07/2020 - 00:43:59: [tf2attributes.smx] Could not initialize call to CEconItem::SetCustomName
L 09/07/2020 - 00:43:59: [store.smx] Gifts! isn't installed or failed to load. Gifts support will be disabled. Please install Gifts. (http://forums.alliedmods.net/showthread.php?t=175185)
L 09/07/2020 - 00:43:59: [store.smx] Database connection is lost or not yet initialized.
L 09/07/2020 - 00:48:22: [tf2attributes.smx] Could not initialize call to CEconItem::SetCustomName
L 09/07/2020 - 00:48:23: [store.smx] Gifts! isn't installed or failed to load. Gifts support will be disabled. Please install Gifts. (http://forums.alliedmods.net/showthread.php?t=175185)
L 09/07/2020 - 00:48:23: [store.smx] Database connection is lost or not yet initialized.
L 09/07/2020 - 00:50:41: [tf2attributes.smx] Could not initialize call to CEconItem::SetCustomName
L 09/07/2020 - 00:50:41: [store.smx] Gifts! isn't installed or failed to load. Gifts support will be disabled. Please install Gifts. (http://forums.alliedmods.net/showthread.php?t=175185)
L 09/07/2020 - 00:50:41: [store.smx] Database connection is lost or not yet initialized.
L 09/07/2020 - 00:52:57: [tf2attributes.smx] Could not initialize call to CEconItem::SetCustomName
L 09/07/2020 - 00:52:57: [store.smx] Gifts! isn't installed or failed to load. Gifts support will be disabled. Please install Gifts. (http://forums.alliedmods.net/showthread.php?t=175185)
L 09/07/2020 - 00:52:57: [store.smx] Database connection is lost or not yet initialized.
L 09/07/2020 - 00:57:47: [tf2attributes.smx] Could not initialize call to CEconItem::SetCustomName
L 09/07/2020 - 00:57:48: [store.smx] Gifts! isn't installed or failed to load. Gifts support will be disabled. Please install Gifts. (http://forums.alliedmods.net/showthread.php?t=175185)
L 09/07/2020 - 00:57:48: [store.smx] Database connection is lost or not yet initialized.
L 09/07/2020 - 01:03:59: [tf2attributes.smx] Could not initialize call to CEconItem::SetCustomName
L 09/07/2020 - 01:04:00: [store.smx] Gifts! isn't installed or failed to load. Gifts support will be disabled. Please install Gifts. (http://forums.alliedmods.net/showthread.php?t=175185)
L 09/07/2020 - 01:04:00: [store.smx] Database connection is lost or not yet initialized.
L 09/07/2020 - 01:04:10: Error log file session closed.
L 09/07/2020 - 01:05:52: SourceMod error session started
L 09/07/2020 - 01:05:52: Info (map "vsh_area_54tress_b4") (file "/home/steamsrv/tf2/tf/addons/sourcemod/logs/errors_20200907.log")
L 09/07/2020 - 01:05:52: [tf2attributes.smx] Could not initialize call to CEconItem::SetCustomName
L 09/07/2020 - 01:05:52: [store.smx] Gifts! isn't installed or failed to load. Gifts support will be disabled. Please install Gifts. (http://forums.alliedmods.net/showthread.php?t=175185)
L 09/07/2020 - 01:05:52: [store.smx] Database connection is lost or not yet initialized.
L 09/07/2020 - 01:07:09: [SM] Exception reported: Array index out-of-bounds (index -1, limit 4)
L 09/07/2020 - 01:07:09: [SM] Blaming: freak_fortress_2.smx
L 09/07/2020 - 01:07:09: [SM] Call stack trace:
L 09/07/2020 - 01:07:09: [SM]   [1] Line 17336, Unofficial Freak Fortress::Native_GetBossCharge
L 09/07/2020 - 01:07:09: [SM]   [3] FF2_GetBossCharge
L 09/07/2020 - 01:07:09: [SM]   [4] Line 889, FF2 Subplugin: Bat's Public Pack::FF2_OnAbility2
L 09/07/2020 - 01:07:09: [SM]   [5] Line 52, D:\batfo_qrgut13\Documents\SourceMod 1.9 Compiler\addons\sourcemod\scripting\include\freak_fortress_2_subplugin.inc::FF2_OnAbility
L 09/07/2020 - 01:07:09: [SM]   [7] Call_Finish
L 09/07/2020 - 01:07:09: [SM]   [8] Line 16949, Unofficial Freak Fortress::UseAbility
L 09/07/2020 - 01:07:09: [SM]   [9] Line 11243, Unofficial Freak Fortress::ActivateAbilitySlot
L 09/07/2020 - 01:07:09: [SM]   [10] Line 12183, Unofficial Freak Fortress::OnPlayerHurt
L 09/07/2020 - 01:07:26: [tf2attributes.smx] Could not initialize call to CEconItem::SetCustomName
L 09/07/2020 - 01:07:26: [store.smx] Gifts! isn't installed or failed to load. Gifts support will be disabled. Please install Gifts. (http://forums.alliedmods.net/showthread.php?t=175185)
L 09/07/2020 - 01:07:26: [store.smx] Database connection is lost or not yet initialized.
L 09/07/2020 - 01:08:25: [tf2attributes.smx] Could not initialize call to CEconItem::SetCustomName
L 09/07/2020 - 01:08:26: [store.smx] Gifts! isn't installed or failed to load. Gifts support will be disabled. Please install Gifts. (http://forums.alliedmods.net/showthread.php?t=175185)
L 09/07/2020 - 01:08:26: [store.smx] Database connection is lost or not yet initialized.
L 09/07/2020 - 01:11:21: [tf2attributes.smx] Could not initialize call to CEconItem::SetCustomName
L 09/07/2020 - 01:11:22: [store.smx] Gifts! isn't installed or failed to load. Gifts support will be disabled. Please install Gifts. (http://forums.alliedmods.net/showthread.php?t=175185)
L 09/07/2020 - 01:11:22: [store.smx] Database connection is lost or not yet initialized.
L 09/07/2020 - 01:12:35: [SM] Exception reported: Array index out-of-bounds (index -1, limit 4)
L 09/07/2020 - 01:12:35: [SM] Blaming: freak_fortress_2.smx
L 09/07/2020 - 01:12:35: [SM] Call stack trace:
L 09/07/2020 - 01:12:35: [SM]   [1] Line 17336, Unofficial Freak Fortress::Native_GetBossCharge
L 09/07/2020 - 01:12:35: [SM]   [3] FF2_GetBossCharge
L 09/07/2020 - 01:12:35: [SM]   [4] Line 889, FF2 Subplugin: Bat's Public Pack::FF2_OnAbility2
L 09/07/2020 - 01:12:35: [SM]   [5] Line 52, D:\batfo_qrgut13\Documents\SourceMod 1.9 Compiler\addons\sourcemod\scripting\include\freak_fortress_2_subplugin.inc::FF2_OnAbility
L 09/07/2020 - 01:12:35: [SM]   [7] Call_Finish
L 09/07/2020 - 01:12:35: [SM]   [8] Line 16949, Unofficial Freak Fortress::UseAbility
L 09/07/2020 - 01:12:35: [SM]   [9] Line 11243, Unofficial Freak Fortress::ActivateAbilitySlot
L 09/07/2020 - 01:12:35: [SM]   [10] Line 12183, Unofficial Freak Fortress::OnPlayerHurt
L 09/07/2020 - 01:13:04: [tf2attributes.smx] Could not initialize call to CEconItem::SetCustomName
L 09/07/2020 - 01:13:04: [store.smx] Gifts! isn't installed or failed to load. Gifts support will be disabled. Please install Gifts. (http://forums.alliedmods.net/showthread.php?t=175185)
L 09/07/2020 - 01:13:04: [store.smx] Database connection is lost or not yet initialized.
L 09/07/2020 - 01:13:58: [SM] Exception reported: Array index out-of-bounds (index -1, limit 4)
L 09/07/2020 - 01:13:58: [SM] Blaming: freak_fortress_2.smx
L 09/07/2020 - 01:13:58: [SM] Call stack trace:
L 09/07/2020 - 01:13:58: [SM]   [1] Line 17336, Unofficial Freak Fortress::Native_GetBossCharge
L 09/07/2020 - 01:13:58: [SM]   [3] FF2_GetBossCharge
L 09/07/2020 - 01:13:58: [SM]   [4] Line 889, FF2 Subplugin: Bat's Public Pack::FF2_OnAbility2
L 09/07/2020 - 01:13:58: [SM]   [5] Line 52, D:\batfo_qrgut13\Documents\SourceMod 1.9 Compiler\addons\sourcemod\scripting\include\freak_fortress_2_subplugin.inc::FF2_OnAbility
L 09/07/2020 - 01:13:58: [SM]   [7] Call_Finish
L 09/07/2020 - 01:13:58: [SM]   [8] Line 16949, Unofficial Freak Fortress::UseAbility
L 09/07/2020 - 01:13:58: [SM]   [9] Line 11243, Unofficial Freak Fortress::ActivateAbilitySlot
L 09/07/2020 - 01:13:58: [SM]   [10] Line 12183, Unofficial Freak Fortress::OnPlayerHurt
L 09/07/2020 - 01:16:06: [tf2attributes.smx] Could not initialize call to CEconItem::SetCustomName
L 09/07/2020 - 01:16:06: [store.smx] Gifts! isn't installed or failed to load. Gifts support will be disabled. Please install Gifts. (http://forums.alliedmods.net/showthread.php?t=175185)
L 09/07/2020 - 01:16:06: [store.smx] Database connection is lost or not yet initialized.
L 09/07/2020 - 01:17:42: [tf2attributes.smx] Could not initialize call to CEconItem::SetCustomName
L 09/07/2020 - 01:17:43: [store.smx] Gifts! isn't installed or failed to load. Gifts support will be disabled. Please install Gifts. (http://forums.alliedmods.net/showthread.php?t=175185)
L 09/07/2020 - 01:17:43: [store.smx] Database connection is lost or not yet initialized.
L 09/07/2020 - 01:19:00: [tf2attributes.smx] Could not initialize call to CEconItem::SetCustomName
L 09/07/2020 - 01:19:01: [store.smx] Gifts! isn't installed or failed to load. Gifts support will be disabled. Please install Gifts. (http://forums.alliedmods.net/showthread.php?t=175185)
L 09/07/2020 - 01:19:01: [store.smx] Database connection is lost or not yet initialized.
L 09/07/2020 - 01:23:26: [tf2attributes.smx] Could not initialize call to CEconItem::SetCustomName
L 09/07/2020 - 01:23:27: [store.smx] Gifts! isn't installed or failed to load. Gifts support will be disabled. Please install Gifts. (http://forums.alliedmods.net/showthread.php?t=175185)
L 09/07/2020 - 01:23:27: [store.smx] Database connection is lost or not yet initialized.
L 09/07/2020 - 01:27:45: [tf2attributes.smx] Could not initialize call to CEconItem::SetCustomName
L 09/07/2020 - 01:27:46: [store.smx] Gifts! isn't installed or failed to load. Gifts support will be disabled. Please install Gifts. (http://forums.alliedmods.net/showthread.php?t=175185)
L 09/07/2020 - 01:27:46: [store.smx] Database connection is lost or not yet initialized.
L 09/07/2020 - 01:29:07: [tf2attributes.smx] Could not initialize call to CEconItem::SetCustomName
L 09/07/2020 - 01:29:07: [store.smx] Gifts! isn't installed or failed to load. Gifts support will be disabled. Please install Gifts. (http://forums.alliedmods.net/showthread.php?t=175185)
L 09/07/2020 - 01:29:07: [store.smx] Database connection is lost or not yet initialized.
L 09/07/2020 - 01:29:45: [tf2attributes.smx] Could not initialize call to CEconItem::SetCustomName
L 09/07/2020 - 01:29:46: [store.smx] Gifts! isn't installed or failed to load. Gifts support will be disabled. Please install Gifts. (http://forums.alliedmods.net/showthread.php?t=175185)
L 09/07/2020 - 01:29:46: [store.smx] Database connection is lost or not yet initialized.
L 09/07/2020 - 01:31:53: [tf2attributes.smx] Could not initialize call to CEconItem::SetCustomName
L 09/07/2020 - 01:31:53: [store.smx] Gifts! isn't installed or failed to load. Gifts support will be disabled. Please install Gifts. (http://forums.alliedmods.net/showthread.php?t=175185)
L 09/07/2020 - 01:31:53: [store.smx] Database connection is lost or not yet initialized.
L 09/07/2020 - 01:33:10: [tf2attributes.smx] Could not initialize call to CEconItem::SetCustomName
L 09/07/2020 - 01:33:10: [store.smx] Gifts! isn't installed or failed to load. Gifts support will be disabled. Please install Gifts. (http://forums.alliedmods.net/showthread.php?t=175185)
L 09/07/2020 - 01:33:10: [store.smx] Database connection is lost or not yet initialized.
L 09/07/2020 - 01:35:28: [tf2attributes.smx] Could not initialize call to CEconItem::SetCustomName
L 09/07/2020 - 01:35:29: [store.smx] Gifts! isn't installed or failed to load. Gifts support will be disabled. Please install Gifts. (http://forums.alliedmods.net/showthread.php?t=175185)
L 09/07/2020 - 01:35:29: [store.smx] Database connection is lost or not yet initialized.
L 09/07/2020 - 01:35:29: [SM] Exception reported: Entity 7 is invalid
L 09/07/2020 - 01:35:29: [SM] Blaming: fc.smx
L 09/07/2020 - 01:35:29: [SM] Call stack trace:
L 09/07/2020 - 01:35:29: [SM]   [0] SDKHook
L 09/07/2020 - 01:35:29: [SM]   [1] Line 391, D:\storage\Dropbox\Sourcemod\nieuw\sourcemod\scripting\fc.sp::Init
L 09/07/2020 - 01:35:29: [SM]   [2] Line 173, D:\storage\Dropbox\Sourcemod\nieuw\sourcemod\scripting\fc.sp::OnPluginStart
L 09/07/2020 - 01:35:29: [SM] Unable to load plugin "fc.smx": Error detected in plugin startup (see error logs)
L 09/07/2020 - 01:36:11: [tf2attributes.smx] Could not initialize call to CEconItem::SetCustomName
L 09/07/2020 - 01:36:12: [store.smx] Gifts! isn't installed or failed to load. Gifts support will be disabled. Please install Gifts. (http://forums.alliedmods.net/showthread.php?t=175185)
L 09/07/2020 - 01:36:12: [store.smx] Database connection is lost or not yet initialized.
L 09/07/2020 - 01:36:12: [store.smx] Database connection is lost or not yet initialized.
L 09/07/2020 - 02:16:04: Error log file session closed.
L 09/07/2020 - 19:51:14: SourceMod error session started
L 09/07/2020 - 19:51:14: Info (map "vsh_abandoned_warehouse_final_v3") (file "/home/steamsrv/tf2/tf/addons/sourcemod/logs/errors_20200907.log")
L 09/07/2020 - 19:51:14: [tf2attributes.smx] Could not initialize call to CEconItem::SetCustomName
L 09/07/2020 - 19:51:14: [store.smx] Gifts! isn't installed or failed to load. Gifts support will be disabled. Please install Gifts. (http://forums.alliedmods.net/showthread.php?t=175185)
L 09/07/2020 - 19:51:14: [store.smx] Database connection is lost or not yet initialized.
L 09/07/2020 - 19:53:19: [tf2attributes.smx] Could not initialize call to CEconItem::SetCustomName
L 09/07/2020 - 19:53:19: [store.smx] Gifts! isn't installed or failed to load. Gifts support will be disabled. Please install Gifts. (http://forums.alliedmods.net/showthread.php?t=175185)
L 09/07/2020 - 19:53:19: [store.smx] Database connection is lost or not yet initialized.
L 09/07/2020 - 19:54:37: [tf2attributes.smx] Could not initialize call to CEconItem::SetCustomName
L 09/07/2020 - 19:54:37: [store.smx] Gifts! isn't installed or failed to load. Gifts support will be disabled. Please install Gifts. (http://forums.alliedmods.net/showthread.php?t=175185)
L 09/07/2020 - 19:54:37: [store.smx] Database connection is lost or not yet initialized.
L 09/07/2020 - 19:55:34: [tf2attributes.smx] Could not initialize call to CEconItem::SetCustomName
L 09/07/2020 - 19:55:34: [store.smx] Gifts! isn't installed or failed to load. Gifts support will be disabled. Please install Gifts. (http://forums.alliedmods.net/showthread.php?t=175185)
L 09/07/2020 - 19:55:34: [store.smx] Database connection is lost or not yet initialized.
L 09/07/2020 - 20:02:35: [tf2attributes.smx] Could not initialize call to CEconItem::SetCustomName
L 09/07/2020 - 20:02:36: [store.smx] Gifts! isn't installed or failed to load. Gifts support will be disabled. Please install Gifts. (http://forums.alliedmods.net/showthread.php?t=175185)
L 09/07/2020 - 20:02:36: [store.smx] Database connection is lost or not yet initialized.
L 09/07/2020 - 20:03:46: [tf2attributes.smx] Could not initialize call to CEconItem::SetCustomName
L 09/07/2020 - 20:03:46: [store.smx] Gifts! isn't installed or failed to load. Gifts support will be disabled. Please install Gifts. (http://forums.alliedmods.net/showthread.php?t=175185)
L 09/07/2020 - 20:03:46: [store.smx] Database connection is lost or not yet initialized.
L 09/07/2020 - 20:09:16: [tf2attributes.smx] Could not initialize call to CEconItem::SetCustomName
L 09/07/2020 - 20:09:17: [store.smx] Gifts! isn't installed or failed to load. Gifts support will be disabled. Please install Gifts. (http://forums.alliedmods.net/showthread.php?t=175185)
L 09/07/2020 - 20:09:17: [store.smx] Database connection is lost or not yet initialized.
L 09/07/2020 - 20:13:22: [tf2attributes.smx] Could not initialize call to CEconItem::SetCustomName
L 09/07/2020 - 20:13:23: [store.smx] Gifts! isn't installed or failed to load. Gifts support will be disabled. Please install Gifts. (http://forums.alliedmods.net/showthread.php?t=175185)
L 09/07/2020 - 20:13:23: [store.smx] Database connection is lost or not yet initialized.
L 09/07/2020 - 21:32:17: Error log file session closed.
