L 03/19/2021 - 08:09:03: SourceMod error session started
L 03/19/2021 - 08:09:03: Info (map "arena_lumberyard") (file "/home/frenzoid/TF2_FF2/tf/addons/sourcemod/logs/errors_20210319.log")
L 03/19/2021 - 08:09:03: [tf2attributes.smx] Could not initialize call to CEconItem::SetCustomName
L 03/19/2021 - 08:09:04: [store.smx] Gifts! isn't installed or failed to load. Gifts support will be disabled. Please install Gifts. (http://forums.alliedmods.net/showthread.php?t=175185)
L 03/19/2021 - 08:55:07: Error log file session closed.
L 03/19/2021 - 09:22:18: SourceMod error session started
L 03/19/2021 - 09:22:18: Info (map "arena_lumberyard") (file "/home/frenzoid/TF2_FF2/tf/addons/sourcemod/logs/errors_20210319.log")
L 03/19/2021 - 09:22:18: [tf2attributes.smx] Could not initialize call to CEconItem::SetCustomName
L 03/19/2021 - 09:22:18: [store.smx] Gifts! isn't installed or failed to load. Gifts support will be disabled. Please install Gifts. (http://forums.alliedmods.net/showthread.php?t=175185)
L 03/19/2021 - 09:23:36: SourceMod error session started
L 03/19/2021 - 09:23:36: Info (map "arena_lumberyard") (file "/home/frenzoid/TF2_FF2/tf/addons/sourcemod/logs/errors_20210319.log")
L 03/19/2021 - 09:23:36: [tf2attributes.smx] Could not initialize call to CEconItem::SetCustomName
L 03/19/2021 - 09:23:36: [store.smx] Gifts! isn't installed or failed to load. Gifts support will be disabled. Please install Gifts. (http://forums.alliedmods.net/showthread.php?t=175185)
L 03/19/2021 - 09:40:58: [SM] Plugin "roundtimer.smx" encountered error 23: Native detected error
L 03/19/2021 - 09:40:58: [SM] Invalid timer handle ddb03ed (error 3) during timer end, displayed function is timer callback, not the stack trace
L 03/19/2021 - 09:40:58: [SM] Unable to call function "Timer_Round" due to above error(s).
L 03/19/2021 - 09:41:05: Error log file session closed.
L 03/19/2021 - 09:44:17: SourceMod error session started
L 03/19/2021 - 09:44:17: Info (map "arena_lumberyard") (file "/home/frenzoid/TF2_FF2/tf/addons/sourcemod/logs/errors_20210319.log")
L 03/19/2021 - 09:44:17: [tf2attributes.smx] Could not initialize call to CEconItem::SetCustomName
L 03/19/2021 - 09:44:18: [store.smx] Gifts! isn't installed or failed to load. Gifts support will be disabled. Please install Gifts. (http://forums.alliedmods.net/showthread.php?t=175185)
L 03/19/2021 - 09:47:15: [SM] Exception reported: Array index out-of-bounds (index -1, limit 4)
L 03/19/2021 - 09:47:15: [SM] Blaming: freak_fortress_2.smx
L 03/19/2021 - 09:47:15: [SM] Call stack trace:
L 03/19/2021 - 09:47:15: [SM]   [1] Line 17336, Unofficial Freak Fortress::Native_GetBossCharge
L 03/19/2021 - 09:47:15: [SM]   [3] FF2_GetBossCharge
L 03/19/2021 - 09:47:15: [SM]   [4] Line 889, FF2 Subplugin: Bat's Public Pack::FF2_OnAbility2
L 03/19/2021 - 09:47:15: [SM]   [5] Line 52, D:\batfo_qrgut13\Documents\SourceMod 1.9 Compiler\addons\sourcemod\scripting\include\freak_fortress_2_subplugin.inc::FF2_OnAbility
L 03/19/2021 - 09:47:15: [SM]   [7] Call_Finish
L 03/19/2021 - 09:47:15: [SM]   [8] Line 16949, Unofficial Freak Fortress::UseAbility
L 03/19/2021 - 09:47:15: [SM]   [9] Line 11243, Unofficial Freak Fortress::ActivateAbilitySlot
L 03/19/2021 - 09:47:15: [SM]   [10] Line 12183, Unofficial Freak Fortress::OnPlayerHurt
L 03/19/2021 - 09:47:32: [SM] Exception reported: Array index out-of-bounds (index -1, limit 4)
L 03/19/2021 - 09:47:32: [SM] Blaming: freak_fortress_2.smx
L 03/19/2021 - 09:47:32: [SM] Call stack trace:
L 03/19/2021 - 09:47:32: [SM]   [1] Line 17336, Unofficial Freak Fortress::Native_GetBossCharge
L 03/19/2021 - 09:47:32: [SM]   [3] FF2_GetBossCharge
L 03/19/2021 - 09:47:32: [SM]   [4] Line 889, FF2 Subplugin: Bat's Public Pack::FF2_OnAbility2
L 03/19/2021 - 09:47:32: [SM]   [5] Line 52, D:\batfo_qrgut13\Documents\SourceMod 1.9 Compiler\addons\sourcemod\scripting\include\freak_fortress_2_subplugin.inc::FF2_OnAbility
L 03/19/2021 - 09:47:32: [SM]   [7] Call_Finish
L 03/19/2021 - 09:47:32: [SM]   [8] Line 16949, Unofficial Freak Fortress::UseAbility
L 03/19/2021 - 09:47:32: [SM]   [9] Line 11243, Unofficial Freak Fortress::ActivateAbilitySlot
L 03/19/2021 - 09:47:32: [SM]   [10] Line 12183, Unofficial Freak Fortress::OnPlayerHurt
L 03/19/2021 - 09:47:47: [SM] Exception reported: Array index out-of-bounds (index -1, limit 4)
L 03/19/2021 - 09:47:47: [SM] Blaming: freak_fortress_2.smx
L 03/19/2021 - 09:47:47: [SM] Call stack trace:
L 03/19/2021 - 09:47:47: [SM]   [1] Line 17336, Unofficial Freak Fortress::Native_GetBossCharge
L 03/19/2021 - 09:47:47: [SM]   [3] FF2_GetBossCharge
L 03/19/2021 - 09:47:47: [SM]   [4] Line 889, FF2 Subplugin: Bat's Public Pack::FF2_OnAbility2
L 03/19/2021 - 09:47:47: [SM]   [5] Line 52, D:\batfo_qrgut13\Documents\SourceMod 1.9 Compiler\addons\sourcemod\scripting\include\freak_fortress_2_subplugin.inc::FF2_OnAbility
L 03/19/2021 - 09:47:47: [SM]   [7] Call_Finish
L 03/19/2021 - 09:47:47: [SM]   [8] Line 16949, Unofficial Freak Fortress::UseAbility
L 03/19/2021 - 09:47:47: [SM]   [9] Line 11243, Unofficial Freak Fortress::ActivateAbilitySlot
L 03/19/2021 - 09:47:47: [SM]   [10] Line 12183, Unofficial Freak Fortress::OnPlayerHurt
L 03/19/2021 - 09:48:18: [SM] Exception reported: Array index out-of-bounds (index -1, limit 4)
L 03/19/2021 - 09:48:18: [SM] Blaming: freak_fortress_2.smx
L 03/19/2021 - 09:48:18: [SM] Call stack trace:
L 03/19/2021 - 09:48:18: [SM]   [1] Line 17336, Unofficial Freak Fortress::Native_GetBossCharge
L 03/19/2021 - 09:48:18: [SM]   [3] FF2_GetBossCharge
L 03/19/2021 - 09:48:18: [SM]   [4] Line 889, FF2 Subplugin: Bat's Public Pack::FF2_OnAbility2
L 03/19/2021 - 09:48:18: [SM]   [5] Line 52, D:\batfo_qrgut13\Documents\SourceMod 1.9 Compiler\addons\sourcemod\scripting\include\freak_fortress_2_subplugin.inc::FF2_OnAbility
L 03/19/2021 - 09:48:18: [SM]   [7] Call_Finish
L 03/19/2021 - 09:48:18: [SM]   [8] Line 16949, Unofficial Freak Fortress::UseAbility
L 03/19/2021 - 09:48:18: [SM]   [9] Line 11243, Unofficial Freak Fortress::ActivateAbilitySlot
L 03/19/2021 - 09:48:18: [SM]   [10] Line 12183, Unofficial Freak Fortress::OnPlayerHurt
L 03/19/2021 - 13:12:20: SourceMod error session started
L 03/19/2021 - 13:12:20: Info (map "arena_lumberyard") (file "/home/frenzoid/TF2_FF2/tf/addons/sourcemod/logs/errors_20210319.log")
L 03/19/2021 - 13:12:20: [tf2attributes.smx] Could not initialize call to CEconItem::SetCustomName
L 03/19/2021 - 13:12:20: [store.smx] Gifts! isn't installed or failed to load. Gifts support will be disabled. Please install Gifts. (http://forums.alliedmods.net/showthread.php?t=175185)
L 03/19/2021 - 14:24:37: [SM] Exception reported: Array index out-of-bounds (index -1, limit 4)
L 03/19/2021 - 14:24:37: [SM] Blaming: freak_fortress_2.smx
L 03/19/2021 - 14:24:37: [SM] Call stack trace:
L 03/19/2021 - 14:24:37: [SM]   [1] Line 17336, Unofficial Freak Fortress::Native_GetBossCharge
L 03/19/2021 - 14:24:37: [SM]   [3] FF2_GetBossCharge
L 03/19/2021 - 14:24:37: [SM]   [4] Line 889, FF2 Subplugin: Bat's Public Pack::FF2_OnAbility2
L 03/19/2021 - 14:24:37: [SM]   [5] Line 52, D:\batfo_qrgut13\Documents\SourceMod 1.9 Compiler\addons\sourcemod\scripting\include\freak_fortress_2_subplugin.inc::FF2_OnAbility
L 03/19/2021 - 14:24:37: [SM]   [7] Call_Finish
L 03/19/2021 - 14:24:37: [SM]   [8] Line 16949, Unofficial Freak Fortress::UseAbility
L 03/19/2021 - 14:24:37: [SM]   [9] Line 11243, Unofficial Freak Fortress::ActivateAbilitySlot
L 03/19/2021 - 14:24:37: [SM]   [10] Line 12183, Unofficial Freak Fortress::OnPlayerHurt
L 03/19/2021 - 14:24:52: [SM] Exception reported: Array index out-of-bounds (index -1, limit 4)
L 03/19/2021 - 14:24:52: [SM] Blaming: freak_fortress_2.smx
L 03/19/2021 - 14:24:52: [SM] Call stack trace:
L 03/19/2021 - 14:24:52: [SM]   [1] Line 17336, Unofficial Freak Fortress::Native_GetBossCharge
L 03/19/2021 - 14:24:52: [SM]   [3] FF2_GetBossCharge
L 03/19/2021 - 14:24:52: [SM]   [4] Line 889, FF2 Subplugin: Bat's Public Pack::FF2_OnAbility2
L 03/19/2021 - 14:24:52: [SM]   [5] Line 52, D:\batfo_qrgut13\Documents\SourceMod 1.9 Compiler\addons\sourcemod\scripting\include\freak_fortress_2_subplugin.inc::FF2_OnAbility
L 03/19/2021 - 14:24:52: [SM]   [7] Call_Finish
L 03/19/2021 - 14:24:52: [SM]   [8] Line 16949, Unofficial Freak Fortress::UseAbility
L 03/19/2021 - 14:24:52: [SM]   [9] Line 11243, Unofficial Freak Fortress::ActivateAbilitySlot
L 03/19/2021 - 14:24:52: [SM]   [10] Line 12183, Unofficial Freak Fortress::OnPlayerHurt
L 03/19/2021 - 14:25:12: [SM] Exception reported: Array index out-of-bounds (index -1, limit 4)
L 03/19/2021 - 14:25:12: [SM] Blaming: freak_fortress_2.smx
L 03/19/2021 - 14:25:12: [SM] Call stack trace:
L 03/19/2021 - 14:25:12: [SM]   [1] Line 17336, Unofficial Freak Fortress::Native_GetBossCharge
L 03/19/2021 - 14:25:12: [SM]   [3] FF2_GetBossCharge
L 03/19/2021 - 14:25:12: [SM]   [4] Line 889, FF2 Subplugin: Bat's Public Pack::FF2_OnAbility2
L 03/19/2021 - 14:25:12: [SM]   [5] Line 52, D:\batfo_qrgut13\Documents\SourceMod 1.9 Compiler\addons\sourcemod\scripting\include\freak_fortress_2_subplugin.inc::FF2_OnAbility
L 03/19/2021 - 14:25:12: [SM]   [7] Call_Finish
L 03/19/2021 - 14:25:12: [SM]   [8] Line 16949, Unofficial Freak Fortress::UseAbility
L 03/19/2021 - 14:25:12: [SM]   [9] Line 11243, Unofficial Freak Fortress::ActivateAbilitySlot
L 03/19/2021 - 14:25:12: [SM]   [10] Line 12183, Unofficial Freak Fortress::OnPlayerHurt
L 03/19/2021 - 14:25:41: [SM] Exception reported: Array index out-of-bounds (index -1, limit 4)
L 03/19/2021 - 14:25:41: [SM] Blaming: freak_fortress_2.smx
L 03/19/2021 - 14:25:41: [SM] Call stack trace:
L 03/19/2021 - 14:25:41: [SM]   [1] Line 17336, Unofficial Freak Fortress::Native_GetBossCharge
L 03/19/2021 - 14:25:41: [SM]   [3] FF2_GetBossCharge
L 03/19/2021 - 14:25:41: [SM]   [4] Line 889, FF2 Subplugin: Bat's Public Pack::FF2_OnAbility2
L 03/19/2021 - 14:25:41: [SM]   [5] Line 52, D:\batfo_qrgut13\Documents\SourceMod 1.9 Compiler\addons\sourcemod\scripting\include\freak_fortress_2_subplugin.inc::FF2_OnAbility
L 03/19/2021 - 14:25:41: [SM]   [7] Call_Finish
L 03/19/2021 - 14:25:41: [SM]   [8] Line 16949, Unofficial Freak Fortress::UseAbility
L 03/19/2021 - 14:25:41: [SM]   [9] Line 11243, Unofficial Freak Fortress::ActivateAbilitySlot
L 03/19/2021 - 14:25:41: [SM]   [10] Line 12183, Unofficial Freak Fortress::OnPlayerHurt
L 03/19/2021 - 14:34:40: [SM] Plugin "roundtimer.smx" encountered error 23: Native detected error
L 03/19/2021 - 14:34:40: [SM] Invalid timer handle bf7e04ed (error 3) during timer end, displayed function is timer callback, not the stack trace
L 03/19/2021 - 14:34:40: [SM] Unable to call function "Timer_Round" due to above error(s).
L 03/19/2021 - 14:40:47: Error log file session closed.
L 03/19/2021 - 14:51:32: SourceMod error session started
L 03/19/2021 - 14:51:32: Info (map "vsh_area_54tress_b4") (file "/home/frenzoid/TF2_FF2/tf/addons/sourcemod/logs/errors_20210319.log")
L 03/19/2021 - 14:51:32: [SM] Plugin "roundtimer.smx" encountered error 23: Native detected error
L 03/19/2021 - 14:51:32: [SM] Invalid timer handle d3fb0417 (error 3) during timer end, displayed function is timer callback, not the stack trace
L 03/19/2021 - 14:51:32: [SM] Unable to call function "Timer_Round" due to above error(s).
L 03/19/2021 - 14:59:50: [SM] Plugin "roundtimer.smx" encountered error 23: Native detected error
L 03/19/2021 - 14:59:50: [SM] Invalid timer handle 6f9e0860 (error 3) during timer end, displayed function is timer callback, not the stack trace
L 03/19/2021 - 14:59:50: [SM] Unable to call function "Timer_Round" due to above error(s).
L 03/19/2021 - 15:08:28: [SM] Exception reported: Array index out-of-bounds (index -1, limit 4)
L 03/19/2021 - 15:08:28: [SM] Blaming: freak_fortress_2.smx
L 03/19/2021 - 15:08:28: [SM] Call stack trace:
L 03/19/2021 - 15:08:28: [SM]   [1] Line 17336, Unofficial Freak Fortress::Native_GetBossCharge
L 03/19/2021 - 15:08:28: [SM]   [3] FF2_GetBossCharge
L 03/19/2021 - 15:08:28: [SM]   [4] Line 889, FF2 Subplugin: Bat's Public Pack::FF2_OnAbility2
L 03/19/2021 - 15:08:28: [SM]   [5] Line 52, D:\batfo_qrgut13\Documents\SourceMod 1.9 Compiler\addons\sourcemod\scripting\include\freak_fortress_2_subplugin.inc::FF2_OnAbility
L 03/19/2021 - 15:08:28: [SM]   [7] Call_Finish
L 03/19/2021 - 15:08:28: [SM]   [8] Line 16949, Unofficial Freak Fortress::UseAbility
L 03/19/2021 - 15:08:28: [SM]   [9] Line 11243, Unofficial Freak Fortress::ActivateAbilitySlot
L 03/19/2021 - 15:08:28: [SM]   [10] Line 12183, Unofficial Freak Fortress::OnPlayerHurt
L 03/19/2021 - 15:10:49: [SM] Exception reported: Array index out-of-bounds (index -1, limit 4)
L 03/19/2021 - 15:10:49: [SM] Blaming: freak_fortress_2.smx
L 03/19/2021 - 15:10:49: [SM] Call stack trace:
L 03/19/2021 - 15:10:49: [SM]   [1] Line 17336, Unofficial Freak Fortress::Native_GetBossCharge
L 03/19/2021 - 15:10:49: [SM]   [3] FF2_GetBossCharge
L 03/19/2021 - 15:10:49: [SM]   [4] Line 889, FF2 Subplugin: Bat's Public Pack::FF2_OnAbility2
L 03/19/2021 - 15:10:49: [SM]   [5] Line 52, D:\batfo_qrgut13\Documents\SourceMod 1.9 Compiler\addons\sourcemod\scripting\include\freak_fortress_2_subplugin.inc::FF2_OnAbility
L 03/19/2021 - 15:10:49: [SM]   [7] Call_Finish
L 03/19/2021 - 15:10:49: [SM]   [8] Line 16949, Unofficial Freak Fortress::UseAbility
L 03/19/2021 - 15:10:49: [SM]   [9] Line 11243, Unofficial Freak Fortress::ActivateAbilitySlot
L 03/19/2021 - 15:10:49: [SM]   [10] Line 12183, Unofficial Freak Fortress::OnPlayerHurt
L 03/19/2021 - 15:11:29: [SM] Exception reported: Array index out-of-bounds (index -1, limit 4)
L 03/19/2021 - 15:11:29: [SM] Blaming: freak_fortress_2.smx
L 03/19/2021 - 15:11:29: [SM] Call stack trace:
L 03/19/2021 - 15:11:29: [SM]   [1] Line 17336, Unofficial Freak Fortress::Native_GetBossCharge
L 03/19/2021 - 15:11:29: [SM]   [3] FF2_GetBossCharge
L 03/19/2021 - 15:11:29: [SM]   [4] Line 889, FF2 Subplugin: Bat's Public Pack::FF2_OnAbility2
L 03/19/2021 - 15:11:29: [SM]   [5] Line 52, D:\batfo_qrgut13\Documents\SourceMod 1.9 Compiler\addons\sourcemod\scripting\include\freak_fortress_2_subplugin.inc::FF2_OnAbility
L 03/19/2021 - 15:11:29: [SM]   [7] Call_Finish
L 03/19/2021 - 15:11:29: [SM]   [8] Line 16949, Unofficial Freak Fortress::UseAbility
L 03/19/2021 - 15:11:29: [SM]   [9] Line 11243, Unofficial Freak Fortress::ActivateAbilitySlot
L 03/19/2021 - 15:11:29: [SM]   [10] Line 12183, Unofficial Freak Fortress::OnPlayerHurt
L 03/19/2021 - 15:11:51: [SM] Exception reported: Array index out-of-bounds (index -1, limit 4)
L 03/19/2021 - 15:11:51: [SM] Blaming: freak_fortress_2.smx
L 03/19/2021 - 15:11:51: [SM] Call stack trace:
L 03/19/2021 - 15:11:51: [SM]   [1] Line 17336, Unofficial Freak Fortress::Native_GetBossCharge
L 03/19/2021 - 15:11:51: [SM]   [3] FF2_GetBossCharge
L 03/19/2021 - 15:11:51: [SM]   [4] Line 889, FF2 Subplugin: Bat's Public Pack::FF2_OnAbility2
L 03/19/2021 - 15:11:51: [SM]   [5] Line 52, D:\batfo_qrgut13\Documents\SourceMod 1.9 Compiler\addons\sourcemod\scripting\include\freak_fortress_2_subplugin.inc::FF2_OnAbility
L 03/19/2021 - 15:11:51: [SM]   [7] Call_Finish
L 03/19/2021 - 15:11:51: [SM]   [8] Line 16949, Unofficial Freak Fortress::UseAbility
L 03/19/2021 - 15:11:51: [SM]   [9] Line 11243, Unofficial Freak Fortress::ActivateAbilitySlot
L 03/19/2021 - 15:11:51: [SM]   [10] Line 12183, Unofficial Freak Fortress::OnPlayerHurt
L 03/19/2021 - 15:14:02: Error log file session closed.
L 03/19/2021 - 15:41:15: SourceMod error session started
L 03/19/2021 - 15:41:15: Info (map "vsh_gyros_v5") (file "/home/frenzoid/TF2_FF2/tf/addons/sourcemod/logs/errors_20210319.log")
L 03/19/2021 - 15:41:15: [SM] Plugin "roundtimer.smx" encountered error 23: Native detected error
L 03/19/2021 - 15:41:15: [SM] Invalid timer handle cec60972 (error 3) during timer end, displayed function is timer callback, not the stack trace
L 03/19/2021 - 15:41:15: [SM] Unable to call function "Timer_Round" due to above error(s).
L 03/19/2021 - 15:49:33: [SM] Plugin "roundtimer.smx" encountered error 23: Native detected error
L 03/19/2021 - 15:49:33: [SM] Invalid timer handle 6fca08bb (error 3) during timer end, displayed function is timer callback, not the stack trace
L 03/19/2021 - 15:49:33: [SM] Unable to call function "Timer_Round" due to above error(s).
L 03/19/2021 - 15:49:53: Error log file session closed.
L 03/19/2021 - 16:02:46: SourceMod error session started
L 03/19/2021 - 16:02:46: Info (map "arena_lumberyard") (file "/home/frenzoid/TF2_FF2/tf/addons/sourcemod/logs/errors_20210319.log")
L 03/19/2021 - 16:02:46: [tf2attributes.smx] Could not initialize call to CEconItem::SetCustomName
L 03/19/2021 - 16:02:46: [store.smx] Gifts! isn't installed or failed to load. Gifts support will be disabled. Please install Gifts. (http://forums.alliedmods.net/showthread.php?t=175185)
L 03/19/2021 - 16:04:37: [SM] Exception reported: Array index out-of-bounds (index -1, limit 4)
L 03/19/2021 - 16:04:37: [SM] Blaming: freak_fortress_2.smx
L 03/19/2021 - 16:04:37: [SM] Call stack trace:
L 03/19/2021 - 16:04:37: [SM]   [1] Line 17336, Unofficial Freak Fortress::Native_GetBossCharge
L 03/19/2021 - 16:04:37: [SM]   [3] FF2_GetBossCharge
L 03/19/2021 - 16:04:37: [SM]   [4] Line 889, FF2 Subplugin: Bat's Public Pack::FF2_OnAbility2
L 03/19/2021 - 16:04:37: [SM]   [5] Line 52, D:\batfo_qrgut13\Documents\SourceMod 1.9 Compiler\addons\sourcemod\scripting\include\freak_fortress_2_subplugin.inc::FF2_OnAbility
L 03/19/2021 - 16:04:37: [SM]   [7] Call_Finish
L 03/19/2021 - 16:04:37: [SM]   [8] Line 16949, Unofficial Freak Fortress::UseAbility
L 03/19/2021 - 16:04:37: [SM]   [9] Line 11243, Unofficial Freak Fortress::ActivateAbilitySlot
L 03/19/2021 - 16:04:37: [SM]   [10] Line 12183, Unofficial Freak Fortress::OnPlayerHurt
L 03/19/2021 - 16:08:20: [SM] Exception reported: Array index out-of-bounds (index -1, limit 4)
L 03/19/2021 - 16:08:20: [SM] Blaming: freak_fortress_2.smx
L 03/19/2021 - 16:08:20: [SM] Call stack trace:
L 03/19/2021 - 16:08:20: [SM]   [1] Line 17336, Unofficial Freak Fortress::Native_GetBossCharge
L 03/19/2021 - 16:08:20: [SM]   [3] FF2_GetBossCharge
L 03/19/2021 - 16:08:20: [SM]   [4] Line 889, FF2 Subplugin: Bat's Public Pack::FF2_OnAbility2
L 03/19/2021 - 16:08:20: [SM]   [5] Line 52, D:\batfo_qrgut13\Documents\SourceMod 1.9 Compiler\addons\sourcemod\scripting\include\freak_fortress_2_subplugin.inc::FF2_OnAbility
L 03/19/2021 - 16:08:20: [SM]   [7] Call_Finish
L 03/19/2021 - 16:08:20: [SM]   [8] Line 16949, Unofficial Freak Fortress::UseAbility
L 03/19/2021 - 16:08:20: [SM]   [9] Line 11243, Unofficial Freak Fortress::ActivateAbilitySlot
L 03/19/2021 - 16:08:20: [SM]   [10] Line 12183, Unofficial Freak Fortress::OnPlayerHurt
L 03/19/2021 - 16:08:41: [SM] Exception reported: Array index out-of-bounds (index -1, limit 4)
L 03/19/2021 - 16:08:41: [SM] Blaming: freak_fortress_2.smx
L 03/19/2021 - 16:08:41: [SM] Call stack trace:
L 03/19/2021 - 16:08:41: [SM]   [1] Line 17336, Unofficial Freak Fortress::Native_GetBossCharge
L 03/19/2021 - 16:08:41: [SM]   [3] FF2_GetBossCharge
L 03/19/2021 - 16:08:41: [SM]   [4] Line 889, FF2 Subplugin: Bat's Public Pack::FF2_OnAbility2
L 03/19/2021 - 16:08:41: [SM]   [5] Line 52, D:\batfo_qrgut13\Documents\SourceMod 1.9 Compiler\addons\sourcemod\scripting\include\freak_fortress_2_subplugin.inc::FF2_OnAbility
L 03/19/2021 - 16:08:41: [SM]   [7] Call_Finish
L 03/19/2021 - 16:08:41: [SM]   [8] Line 16949, Unofficial Freak Fortress::UseAbility
L 03/19/2021 - 16:08:41: [SM]   [9] Line 11243, Unofficial Freak Fortress::ActivateAbilitySlot
L 03/19/2021 - 16:08:41: [SM]   [10] Line 12183, Unofficial Freak Fortress::OnPlayerHurt
L 03/19/2021 - 16:11:29: [SM] Exception reported: Array index out-of-bounds (index -1, limit 4)
L 03/19/2021 - 16:11:29: [SM] Blaming: freak_fortress_2.smx
L 03/19/2021 - 16:11:29: [SM] Call stack trace:
L 03/19/2021 - 16:11:29: [SM]   [1] Line 17336, Unofficial Freak Fortress::Native_GetBossCharge
L 03/19/2021 - 16:11:29: [SM]   [3] FF2_GetBossCharge
L 03/19/2021 - 16:11:29: [SM]   [4] Line 889, FF2 Subplugin: Bat's Public Pack::FF2_OnAbility2
L 03/19/2021 - 16:11:29: [SM]   [5] Line 52, D:\batfo_qrgut13\Documents\SourceMod 1.9 Compiler\addons\sourcemod\scripting\include\freak_fortress_2_subplugin.inc::FF2_OnAbility
L 03/19/2021 - 16:11:29: [SM]   [7] Call_Finish
L 03/19/2021 - 16:11:29: [SM]   [8] Line 16949, Unofficial Freak Fortress::UseAbility
L 03/19/2021 - 16:11:29: [SM]   [9] Line 11243, Unofficial Freak Fortress::ActivateAbilitySlot
L 03/19/2021 - 16:11:29: [SM]   [10] Line 12183, Unofficial Freak Fortress::OnPlayerHurt
L 03/19/2021 - 16:13:51: [SM] Exception reported: Array index out-of-bounds (index -1, limit 4)
L 03/19/2021 - 16:13:51: [SM] Blaming: freak_fortress_2.smx
L 03/19/2021 - 16:13:51: [SM] Call stack trace:
L 03/19/2021 - 16:13:51: [SM]   [1] Line 17336, Unofficial Freak Fortress::Native_GetBossCharge
L 03/19/2021 - 16:13:51: [SM]   [3] FF2_GetBossCharge
L 03/19/2021 - 16:13:51: [SM]   [4] Line 889, FF2 Subplugin: Bat's Public Pack::FF2_OnAbility2
L 03/19/2021 - 16:13:51: [SM]   [5] Line 52, D:\batfo_qrgut13\Documents\SourceMod 1.9 Compiler\addons\sourcemod\scripting\include\freak_fortress_2_subplugin.inc::FF2_OnAbility
L 03/19/2021 - 16:13:51: [SM]   [7] Call_Finish
L 03/19/2021 - 16:13:51: [SM]   [8] Line 16949, Unofficial Freak Fortress::UseAbility
L 03/19/2021 - 16:13:51: [SM]   [9] Line 11243, Unofficial Freak Fortress::ActivateAbilitySlot
L 03/19/2021 - 16:13:51: [SM]   [10] Line 12183, Unofficial Freak Fortress::OnPlayerHurt
L 03/19/2021 - 16:22:10: [SM] Plugin "roundtimer.smx" encountered error 23: Native detected error
L 03/19/2021 - 16:22:10: [SM] Invalid timer handle a20076a (error 3) during timer end, displayed function is timer callback, not the stack trace
L 03/19/2021 - 16:22:10: [SM] Unable to call function "Timer_Round" due to above error(s).
L 03/19/2021 - 16:30:52: [SM] Plugin "roundtimer.smx" encountered error 23: Native detected error
L 03/19/2021 - 16:30:52: [SM] Invalid timer handle a8680794 (error 3) during timer end, displayed function is timer callback, not the stack trace
L 03/19/2021 - 16:30:52: [SM] Unable to call function "Timer_Round" due to above error(s).
L 03/19/2021 - 16:31:35: [SM] Exception reported: Array index out-of-bounds (index -1, limit 4)
L 03/19/2021 - 16:31:35: [SM] Blaming: freak_fortress_2.smx
L 03/19/2021 - 16:31:35: [SM] Call stack trace:
L 03/19/2021 - 16:31:35: [SM]   [1] Line 17336, Unofficial Freak Fortress::Native_GetBossCharge
L 03/19/2021 - 16:31:35: [SM]   [3] FF2_GetBossCharge
L 03/19/2021 - 16:31:35: [SM]   [4] Line 889, FF2 Subplugin: Bat's Public Pack::FF2_OnAbility2
L 03/19/2021 - 16:31:35: [SM]   [5] Line 52, D:\batfo_qrgut13\Documents\SourceMod 1.9 Compiler\addons\sourcemod\scripting\include\freak_fortress_2_subplugin.inc::FF2_OnAbility
L 03/19/2021 - 16:31:35: [SM]   [7] Call_Finish
L 03/19/2021 - 16:31:35: [SM]   [8] Line 16949, Unofficial Freak Fortress::UseAbility
L 03/19/2021 - 16:31:35: [SM]   [9] Line 11243, Unofficial Freak Fortress::ActivateAbilitySlot
L 03/19/2021 - 16:31:35: [SM]   [10] Line 12183, Unofficial Freak Fortress::OnPlayerHurt
L 03/19/2021 - 16:31:35: [SM] Exception reported: Array index out-of-bounds (index -1, limit 4)
L 03/19/2021 - 16:31:35: [SM] Blaming: freak_fortress_2.smx
L 03/19/2021 - 16:31:35: [SM] Call stack trace:
L 03/19/2021 - 16:31:35: [SM]   [1] Line 17336, Unofficial Freak Fortress::Native_GetBossCharge
L 03/19/2021 - 16:31:35: [SM]   [3] FF2_GetBossCharge
L 03/19/2021 - 16:31:35: [SM]   [4] Line 889, FF2 Subplugin: Bat's Public Pack::FF2_OnAbility2
L 03/19/2021 - 16:31:35: [SM]   [5] Line 52, D:\batfo_qrgut13\Documents\SourceMod 1.9 Compiler\addons\sourcemod\scripting\include\freak_fortress_2_subplugin.inc::FF2_OnAbility
L 03/19/2021 - 16:31:35: [SM]   [7] Call_Finish
L 03/19/2021 - 16:31:35: [SM]   [8] Line 16949, Unofficial Freak Fortress::UseAbility
L 03/19/2021 - 16:31:35: [SM]   [9] Line 11243, Unofficial Freak Fortress::ActivateAbilitySlot
L 03/19/2021 - 16:31:35: [SM]   [10] Line 12183, Unofficial Freak Fortress::OnPlayerHurt
L 03/19/2021 - 16:31:36: [SM] Exception reported: Array index out-of-bounds (index -1, limit 4)
L 03/19/2021 - 16:31:36: [SM] Blaming: freak_fortress_2.smx
L 03/19/2021 - 16:31:36: [SM] Call stack trace:
L 03/19/2021 - 16:31:36: [SM]   [1] Line 17336, Unofficial Freak Fortress::Native_GetBossCharge
L 03/19/2021 - 16:31:36: [SM]   [3] FF2_GetBossCharge
L 03/19/2021 - 16:31:36: [SM]   [4] Line 889, FF2 Subplugin: Bat's Public Pack::FF2_OnAbility2
L 03/19/2021 - 16:31:36: [SM]   [5] Line 52, D:\batfo_qrgut13\Documents\SourceMod 1.9 Compiler\addons\sourcemod\scripting\include\freak_fortress_2_subplugin.inc::FF2_OnAbility
L 03/19/2021 - 16:31:36: [SM]   [7] Call_Finish
L 03/19/2021 - 16:31:36: [SM]   [8] Line 16949, Unofficial Freak Fortress::UseAbility
L 03/19/2021 - 16:31:36: [SM]   [9] Line 11243, Unofficial Freak Fortress::ActivateAbilitySlot
L 03/19/2021 - 16:31:36: [SM]   [10] Line 12183, Unofficial Freak Fortress::OnPlayerHurt
L 03/19/2021 - 16:31:36: [SM] Exception reported: Array index out-of-bounds (index -1, limit 4)
L 03/19/2021 - 16:31:36: [SM] Blaming: freak_fortress_2.smx
L 03/19/2021 - 16:31:36: [SM] Call stack trace:
L 03/19/2021 - 16:31:36: [SM]   [1] Line 17336, Unofficial Freak Fortress::Native_GetBossCharge
L 03/19/2021 - 16:31:36: [SM]   [3] FF2_GetBossCharge
L 03/19/2021 - 16:31:36: [SM]   [4] Line 889, FF2 Subplugin: Bat's Public Pack::FF2_OnAbility2
L 03/19/2021 - 16:31:36: [SM]   [5] Line 52, D:\batfo_qrgut13\Documents\SourceMod 1.9 Compiler\addons\sourcemod\scripting\include\freak_fortress_2_subplugin.inc::FF2_OnAbility
L 03/19/2021 - 16:31:36: [SM]   [7] Call_Finish
L 03/19/2021 - 16:31:36: [SM]   [8] Line 16949, Unofficial Freak Fortress::UseAbility
L 03/19/2021 - 16:31:36: [SM]   [9] Line 11243, Unofficial Freak Fortress::ActivateAbilitySlot
L 03/19/2021 - 16:31:36: [SM]   [10] Line 12183, Unofficial Freak Fortress::OnPlayerHurt
L 03/19/2021 - 16:33:27: Error log file session closed.
L 03/19/2021 - 16:35:42: SourceMod error session started
L 03/19/2021 - 16:35:42: Info (map "vsh_cactustemple_v1") (file "/home/frenzoid/TF2_FF2/tf/addons/sourcemod/logs/errors_20210319.log")
L 03/19/2021 - 16:35:42: [SM] Exception reported: Array index out-of-bounds (index -1, limit 4)
L 03/19/2021 - 16:35:42: [SM] Blaming: freak_fortress_2.smx
L 03/19/2021 - 16:35:42: [SM] Call stack trace:
L 03/19/2021 - 16:35:42: [SM]   [1] Line 17336, Unofficial Freak Fortress::Native_GetBossCharge
L 03/19/2021 - 16:35:42: [SM]   [3] FF2_GetBossCharge
L 03/19/2021 - 16:35:42: [SM]   [4] Line 889, FF2 Subplugin: Bat's Public Pack::FF2_OnAbility2
L 03/19/2021 - 16:35:42: [SM]   [5] Line 52, D:\batfo_qrgut13\Documents\SourceMod 1.9 Compiler\addons\sourcemod\scripting\include\freak_fortress_2_subplugin.inc::FF2_OnAbility
L 03/19/2021 - 16:35:42: [SM]   [7] Call_Finish
L 03/19/2021 - 16:35:42: [SM]   [8] Line 16949, Unofficial Freak Fortress::UseAbility
L 03/19/2021 - 16:35:42: [SM]   [9] Line 11243, Unofficial Freak Fortress::ActivateAbilitySlot
L 03/19/2021 - 16:35:42: [SM]   [10] Line 12183, Unofficial Freak Fortress::OnPlayerHurt
L 03/19/2021 - 16:35:58: [SM] Exception reported: Array index out-of-bounds (index -1, limit 4)
L 03/19/2021 - 16:35:58: [SM] Blaming: freak_fortress_2.smx
L 03/19/2021 - 16:35:58: [SM] Call stack trace:
L 03/19/2021 - 16:35:58: [SM]   [1] Line 17336, Unofficial Freak Fortress::Native_GetBossCharge
L 03/19/2021 - 16:35:58: [SM]   [3] FF2_GetBossCharge
L 03/19/2021 - 16:35:58: [SM]   [4] Line 889, FF2 Subplugin: Bat's Public Pack::FF2_OnAbility2
L 03/19/2021 - 16:35:58: [SM]   [5] Line 52, D:\batfo_qrgut13\Documents\SourceMod 1.9 Compiler\addons\sourcemod\scripting\include\freak_fortress_2_subplugin.inc::FF2_OnAbility
L 03/19/2021 - 16:35:58: [SM]   [7] Call_Finish
L 03/19/2021 - 16:35:58: [SM]   [8] Line 16949, Unofficial Freak Fortress::UseAbility
L 03/19/2021 - 16:35:58: [SM]   [9] Line 11243, Unofficial Freak Fortress::ActivateAbilitySlot
L 03/19/2021 - 16:35:58: [SM]   [10] Line 12183, Unofficial Freak Fortress::OnPlayerHurt
L 03/19/2021 - 16:36:25: [SM] Exception reported: Array index out-of-bounds (index -1, limit 4)
L 03/19/2021 - 16:36:25: [SM] Blaming: freak_fortress_2.smx
L 03/19/2021 - 16:36:25: [SM] Call stack trace:
L 03/19/2021 - 16:36:25: [SM]   [1] Line 17336, Unofficial Freak Fortress::Native_GetBossCharge
L 03/19/2021 - 16:36:25: [SM]   [3] FF2_GetBossCharge
L 03/19/2021 - 16:36:25: [SM]   [4] Line 889, FF2 Subplugin: Bat's Public Pack::FF2_OnAbility2
L 03/19/2021 - 16:36:25: [SM]   [5] Line 52, D:\batfo_qrgut13\Documents\SourceMod 1.9 Compiler\addons\sourcemod\scripting\include\freak_fortress_2_subplugin.inc::FF2_OnAbility
L 03/19/2021 - 16:36:25: [SM]   [7] Call_Finish
L 03/19/2021 - 16:36:25: [SM]   [8] Line 16949, Unofficial Freak Fortress::UseAbility
L 03/19/2021 - 16:36:25: [SM]   [9] Line 11243, Unofficial Freak Fortress::ActivateAbilitySlot
L 03/19/2021 - 16:36:25: [SM]   [10] Line 12183, Unofficial Freak Fortress::OnPlayerHurt
L 03/19/2021 - 16:47:35: [SM] Exception reported: Array index out-of-bounds (index -1, limit 4)
L 03/19/2021 - 16:47:35: [SM] Blaming: freak_fortress_2.smx
L 03/19/2021 - 16:47:35: [SM] Call stack trace:
L 03/19/2021 - 16:47:35: [SM]   [1] Line 17336, Unofficial Freak Fortress::Native_GetBossCharge
L 03/19/2021 - 16:47:35: [SM]   [3] FF2_GetBossCharge
L 03/19/2021 - 16:47:35: [SM]   [4] Line 889, FF2 Subplugin: Bat's Public Pack::FF2_OnAbility2
L 03/19/2021 - 16:47:35: [SM]   [5] Line 52, D:\batfo_qrgut13\Documents\SourceMod 1.9 Compiler\addons\sourcemod\scripting\include\freak_fortress_2_subplugin.inc::FF2_OnAbility
L 03/19/2021 - 16:47:35: [SM]   [7] Call_Finish
L 03/19/2021 - 16:47:35: [SM]   [8] Line 16949, Unofficial Freak Fortress::UseAbility
L 03/19/2021 - 16:47:35: [SM]   [9] Line 11243, Unofficial Freak Fortress::ActivateAbilitySlot
L 03/19/2021 - 16:47:35: [SM]   [10] Line 12183, Unofficial Freak Fortress::OnPlayerHurt
L 03/19/2021 - 16:47:52: [SM] Exception reported: Array index out-of-bounds (index -1, limit 4)
L 03/19/2021 - 16:47:52: [SM] Blaming: freak_fortress_2.smx
L 03/19/2021 - 16:47:52: [SM] Call stack trace:
L 03/19/2021 - 16:47:52: [SM]   [1] Line 17336, Unofficial Freak Fortress::Native_GetBossCharge
L 03/19/2021 - 16:47:52: [SM]   [3] FF2_GetBossCharge
L 03/19/2021 - 16:47:52: [SM]   [4] Line 889, FF2 Subplugin: Bat's Public Pack::FF2_OnAbility2
L 03/19/2021 - 16:47:52: [SM]   [5] Line 52, D:\batfo_qrgut13\Documents\SourceMod 1.9 Compiler\addons\sourcemod\scripting\include\freak_fortress_2_subplugin.inc::FF2_OnAbility
L 03/19/2021 - 16:47:52: [SM]   [7] Call_Finish
L 03/19/2021 - 16:47:52: [SM]   [8] Line 16949, Unofficial Freak Fortress::UseAbility
L 03/19/2021 - 16:47:52: [SM]   [9] Line 11243, Unofficial Freak Fortress::ActivateAbilitySlot
L 03/19/2021 - 16:47:52: [SM]   [10] Line 12183, Unofficial Freak Fortress::OnPlayerHurt
L 03/19/2021 - 16:48:09: [SM] Exception reported: Array index out-of-bounds (index -1, limit 4)
L 03/19/2021 - 16:48:09: [SM] Blaming: freak_fortress_2.smx
L 03/19/2021 - 16:48:09: [SM] Call stack trace:
L 03/19/2021 - 16:48:09: [SM]   [1] Line 17336, Unofficial Freak Fortress::Native_GetBossCharge
L 03/19/2021 - 16:48:09: [SM]   [3] FF2_GetBossCharge
L 03/19/2021 - 16:48:09: [SM]   [4] Line 889, FF2 Subplugin: Bat's Public Pack::FF2_OnAbility2
L 03/19/2021 - 16:48:09: [SM]   [5] Line 52, D:\batfo_qrgut13\Documents\SourceMod 1.9 Compiler\addons\sourcemod\scripting\include\freak_fortress_2_subplugin.inc::FF2_OnAbility
L 03/19/2021 - 16:48:09: [SM]   [7] Call_Finish
L 03/19/2021 - 16:48:09: [SM]   [8] Line 16949, Unofficial Freak Fortress::UseAbility
L 03/19/2021 - 16:48:09: [SM]   [9] Line 11243, Unofficial Freak Fortress::ActivateAbilitySlot
L 03/19/2021 - 16:48:09: [SM]   [10] Line 12183, Unofficial Freak Fortress::OnPlayerHurt
L 03/19/2021 - 16:48:25: [SM] Exception reported: Array index out-of-bounds (index -1, limit 4)
L 03/19/2021 - 16:48:25: [SM] Blaming: freak_fortress_2.smx
L 03/19/2021 - 16:48:25: [SM] Call stack trace:
L 03/19/2021 - 16:48:25: [SM]   [1] Line 17336, Unofficial Freak Fortress::Native_GetBossCharge
L 03/19/2021 - 16:48:25: [SM]   [3] FF2_GetBossCharge
L 03/19/2021 - 16:48:25: [SM]   [4] Line 889, FF2 Subplugin: Bat's Public Pack::FF2_OnAbility2
L 03/19/2021 - 16:48:25: [SM]   [5] Line 52, D:\batfo_qrgut13\Documents\SourceMod 1.9 Compiler\addons\sourcemod\scripting\include\freak_fortress_2_subplugin.inc::FF2_OnAbility
L 03/19/2021 - 16:48:25: [SM]   [7] Call_Finish
L 03/19/2021 - 16:48:25: [SM]   [8] Line 16949, Unofficial Freak Fortress::UseAbility
L 03/19/2021 - 16:48:25: [SM]   [9] Line 11243, Unofficial Freak Fortress::ActivateAbilitySlot
L 03/19/2021 - 16:48:25: [SM]   [10] Line 12183, Unofficial Freak Fortress::OnPlayerHurt
L 03/19/2021 - 16:54:02: [SM] Exception reported: Array index out-of-bounds (index -1, limit 4)
L 03/19/2021 - 16:54:02: [SM] Blaming: freak_fortress_2.smx
L 03/19/2021 - 16:54:02: [SM] Call stack trace:
L 03/19/2021 - 16:54:02: [SM]   [1] Line 17336, Unofficial Freak Fortress::Native_GetBossCharge
L 03/19/2021 - 16:54:02: [SM]   [3] FF2_GetBossCharge
L 03/19/2021 - 16:54:02: [SM]   [4] Line 889, FF2 Subplugin: Bat's Public Pack::FF2_OnAbility2
L 03/19/2021 - 16:54:02: [SM]   [5] Line 52, D:\batfo_qrgut13\Documents\SourceMod 1.9 Compiler\addons\sourcemod\scripting\include\freak_fortress_2_subplugin.inc::FF2_OnAbility
L 03/19/2021 - 16:54:02: [SM]   [7] Call_Finish
L 03/19/2021 - 16:54:02: [SM]   [8] Line 16949, Unofficial Freak Fortress::UseAbility
L 03/19/2021 - 16:54:02: [SM]   [9] Line 11243, Unofficial Freak Fortress::ActivateAbilitySlot
L 03/19/2021 - 16:54:02: [SM]   [10] Line 12183, Unofficial Freak Fortress::OnPlayerHurt
L 03/19/2021 - 19:09:15: Error log file session closed.
L 03/19/2021 - 20:02:26: SourceMod error session started
L 03/19/2021 - 20:02:26: Info (map "vsh_outdoors_b2a") (file "/home/frenzoid/TF2_FF2/tf/addons/sourcemod/logs/errors_20210319.log")
L 03/19/2021 - 20:02:26: [SM] Exception reported: Array index out-of-bounds (index -1, limit 4)
L 03/19/2021 - 20:02:26: [SM] Blaming: freak_fortress_2.smx
L 03/19/2021 - 20:02:26: [SM] Call stack trace:
L 03/19/2021 - 20:02:26: [SM]   [1] Line 17336, Unofficial Freak Fortress::Native_GetBossCharge
L 03/19/2021 - 20:02:26: [SM]   [3] FF2_GetBossCharge
L 03/19/2021 - 20:02:26: [SM]   [4] Line 889, FF2 Subplugin: Bat's Public Pack::FF2_OnAbility2
L 03/19/2021 - 20:02:26: [SM]   [5] Line 52, D:\batfo_qrgut13\Documents\SourceMod 1.9 Compiler\addons\sourcemod\scripting\include\freak_fortress_2_subplugin.inc::FF2_OnAbility
L 03/19/2021 - 20:02:26: [SM]   [7] Call_Finish
L 03/19/2021 - 20:02:26: [SM]   [8] Line 16949, Unofficial Freak Fortress::UseAbility
L 03/19/2021 - 20:02:26: [SM]   [9] Line 11243, Unofficial Freak Fortress::ActivateAbilitySlot
L 03/19/2021 - 20:02:26: [SM]   [10] Line 12183, Unofficial Freak Fortress::OnPlayerHurt
L 03/19/2021 - 20:03:43: [SM] Exception reported: Array index out-of-bounds (index -1, limit 4)
L 03/19/2021 - 20:03:43: [SM] Blaming: freak_fortress_2.smx
L 03/19/2021 - 20:03:43: [SM] Call stack trace:
L 03/19/2021 - 20:03:43: [SM]   [1] Line 17336, Unofficial Freak Fortress::Native_GetBossCharge
L 03/19/2021 - 20:03:43: [SM]   [3] FF2_GetBossCharge
L 03/19/2021 - 20:03:43: [SM]   [4] Line 889, FF2 Subplugin: Bat's Public Pack::FF2_OnAbility2
L 03/19/2021 - 20:03:43: [SM]   [5] Line 52, D:\batfo_qrgut13\Documents\SourceMod 1.9 Compiler\addons\sourcemod\scripting\include\freak_fortress_2_subplugin.inc::FF2_OnAbility
L 03/19/2021 - 20:03:43: [SM]   [7] Call_Finish
L 03/19/2021 - 20:03:43: [SM]   [8] Line 16949, Unofficial Freak Fortress::UseAbility
L 03/19/2021 - 20:03:43: [SM]   [9] Line 11243, Unofficial Freak Fortress::ActivateAbilitySlot
L 03/19/2021 - 20:03:43: [SM]   [10] Line 12183, Unofficial Freak Fortress::OnPlayerHurt
L 03/19/2021 - 20:04:22: [SM] Exception reported: Array index out-of-bounds (index -1, limit 4)
L 03/19/2021 - 20:04:22: [SM] Blaming: freak_fortress_2.smx
L 03/19/2021 - 20:04:22: [SM] Call stack trace:
L 03/19/2021 - 20:04:22: [SM]   [1] Line 17336, Unofficial Freak Fortress::Native_GetBossCharge
L 03/19/2021 - 20:04:22: [SM]   [3] FF2_GetBossCharge
L 03/19/2021 - 20:04:22: [SM]   [4] Line 889, FF2 Subplugin: Bat's Public Pack::FF2_OnAbility2
L 03/19/2021 - 20:04:22: [SM]   [5] Line 52, D:\batfo_qrgut13\Documents\SourceMod 1.9 Compiler\addons\sourcemod\scripting\include\freak_fortress_2_subplugin.inc::FF2_OnAbility
L 03/19/2021 - 20:04:22: [SM]   [7] Call_Finish
L 03/19/2021 - 20:04:22: [SM]   [8] Line 16949, Unofficial Freak Fortress::UseAbility
L 03/19/2021 - 20:04:22: [SM]   [9] Line 11243, Unofficial Freak Fortress::ActivateAbilitySlot
L 03/19/2021 - 20:04:22: [SM]   [10] Line 12183, Unofficial Freak Fortress::OnPlayerHurt
L 03/19/2021 - 20:04:22: [SM] Exception reported: Array index out-of-bounds (index -1, limit 4)
L 03/19/2021 - 20:04:22: [SM] Blaming: freak_fortress_2.smx
L 03/19/2021 - 20:04:22: [SM] Call stack trace:
L 03/19/2021 - 20:04:22: [SM]   [1] Line 17336, Unofficial Freak Fortress::Native_GetBossCharge
L 03/19/2021 - 20:04:22: [SM]   [3] FF2_GetBossCharge
L 03/19/2021 - 20:04:22: [SM]   [4] Line 889, FF2 Subplugin: Bat's Public Pack::FF2_OnAbility2
L 03/19/2021 - 20:04:22: [SM]   [5] Line 52, D:\batfo_qrgut13\Documents\SourceMod 1.9 Compiler\addons\sourcemod\scripting\include\freak_fortress_2_subplugin.inc::FF2_OnAbility
L 03/19/2021 - 20:04:22: [SM]   [7] Call_Finish
L 03/19/2021 - 20:04:22: [SM]   [8] Line 16949, Unofficial Freak Fortress::UseAbility
L 03/19/2021 - 20:04:22: [SM]   [9] Line 11243, Unofficial Freak Fortress::ActivateAbilitySlot
L 03/19/2021 - 20:04:22: [SM]   [10] Line 12183, Unofficial Freak Fortress::OnPlayerHurt
L 03/19/2021 - 20:04:23: [SM] Exception reported: Array index out-of-bounds (index -1, limit 4)
L 03/19/2021 - 20:04:23: [SM] Blaming: freak_fortress_2.smx
L 03/19/2021 - 20:04:23: [SM] Call stack trace:
L 03/19/2021 - 20:04:23: [SM]   [1] Line 17336, Unofficial Freak Fortress::Native_GetBossCharge
L 03/19/2021 - 20:04:23: [SM]   [3] FF2_GetBossCharge
L 03/19/2021 - 20:04:23: [SM]   [4] Line 889, FF2 Subplugin: Bat's Public Pack::FF2_OnAbility2
L 03/19/2021 - 20:04:23: [SM]   [5] Line 52, D:\batfo_qrgut13\Documents\SourceMod 1.9 Compiler\addons\sourcemod\scripting\include\freak_fortress_2_subplugin.inc::FF2_OnAbility
L 03/19/2021 - 20:04:23: [SM]   [7] Call_Finish
L 03/19/2021 - 20:04:23: [SM]   [8] Line 16949, Unofficial Freak Fortress::UseAbility
L 03/19/2021 - 20:04:23: [SM]   [9] Line 11243, Unofficial Freak Fortress::ActivateAbilitySlot
L 03/19/2021 - 20:04:23: [SM]   [10] Line 12183, Unofficial Freak Fortress::OnPlayerHurt
L 03/19/2021 - 20:04:23: [SM] Exception reported: Array index out-of-bounds (index -1, limit 4)
L 03/19/2021 - 20:04:23: [SM] Blaming: freak_fortress_2.smx
L 03/19/2021 - 20:04:23: [SM] Call stack trace:
L 03/19/2021 - 20:04:23: [SM]   [1] Line 17336, Unofficial Freak Fortress::Native_GetBossCharge
L 03/19/2021 - 20:04:23: [SM]   [3] FF2_GetBossCharge
L 03/19/2021 - 20:04:23: [SM]   [4] Line 889, FF2 Subplugin: Bat's Public Pack::FF2_OnAbility2
L 03/19/2021 - 20:04:23: [SM]   [5] Line 52, D:\batfo_qrgut13\Documents\SourceMod 1.9 Compiler\addons\sourcemod\scripting\include\freak_fortress_2_subplugin.inc::FF2_OnAbility
L 03/19/2021 - 20:04:23: [SM]   [7] Call_Finish
L 03/19/2021 - 20:04:23: [SM]   [8] Line 16949, Unofficial Freak Fortress::UseAbility
L 03/19/2021 - 20:04:23: [SM]   [9] Line 11243, Unofficial Freak Fortress::ActivateAbilitySlot
L 03/19/2021 - 20:04:23: [SM]   [10] Line 12183, Unofficial Freak Fortress::OnPlayerHurt
L 03/19/2021 - 20:05:54: [SM] Exception reported: Array index out-of-bounds (index -1, limit 4)
L 03/19/2021 - 20:05:54: [SM] Blaming: freak_fortress_2.smx
L 03/19/2021 - 20:05:54: [SM] Call stack trace:
L 03/19/2021 - 20:05:54: [SM]   [1] Line 17336, Unofficial Freak Fortress::Native_GetBossCharge
L 03/19/2021 - 20:05:54: [SM]   [3] FF2_GetBossCharge
L 03/19/2021 - 20:05:54: [SM]   [4] Line 889, FF2 Subplugin: Bat's Public Pack::FF2_OnAbility2
L 03/19/2021 - 20:05:54: [SM]   [5] Line 52, D:\batfo_qrgut13\Documents\SourceMod 1.9 Compiler\addons\sourcemod\scripting\include\freak_fortress_2_subplugin.inc::FF2_OnAbility
L 03/19/2021 - 20:05:54: [SM]   [7] Call_Finish
L 03/19/2021 - 20:05:54: [SM]   [8] Line 16949, Unofficial Freak Fortress::UseAbility
L 03/19/2021 - 20:05:54: [SM]   [9] Line 11243, Unofficial Freak Fortress::ActivateAbilitySlot
L 03/19/2021 - 20:05:54: [SM]   [10] Line 12183, Unofficial Freak Fortress::OnPlayerHurt
L 03/19/2021 - 20:08:49: [SM] Exception reported: Array index out-of-bounds (index -1, limit 4)
L 03/19/2021 - 20:08:49: [SM] Blaming: freak_fortress_2.smx
L 03/19/2021 - 20:08:49: [SM] Call stack trace:
L 03/19/2021 - 20:08:49: [SM]   [1] Line 17336, Unofficial Freak Fortress::Native_GetBossCharge
L 03/19/2021 - 20:08:49: [SM]   [3] FF2_GetBossCharge
L 03/19/2021 - 20:08:49: [SM]   [4] Line 889, FF2 Subplugin: Bat's Public Pack::FF2_OnAbility2
L 03/19/2021 - 20:08:49: [SM]   [5] Line 52, D:\batfo_qrgut13\Documents\SourceMod 1.9 Compiler\addons\sourcemod\scripting\include\freak_fortress_2_subplugin.inc::FF2_OnAbility
L 03/19/2021 - 20:08:49: [SM]   [7] Call_Finish
L 03/19/2021 - 20:08:49: [SM]   [8] Line 16949, Unofficial Freak Fortress::UseAbility
L 03/19/2021 - 20:08:49: [SM]   [9] Line 11243, Unofficial Freak Fortress::ActivateAbilitySlot
L 03/19/2021 - 20:08:49: [SM]   [10] Line 12183, Unofficial Freak Fortress::OnPlayerHurt
L 03/19/2021 - 20:09:41: [SM] Exception reported: Array index out-of-bounds (index -1, limit 4)
L 03/19/2021 - 20:09:41: [SM] Blaming: freak_fortress_2.smx
L 03/19/2021 - 20:09:41: [SM] Call stack trace:
L 03/19/2021 - 20:09:41: [SM]   [1] Line 17336, Unofficial Freak Fortress::Native_GetBossCharge
L 03/19/2021 - 20:09:41: [SM]   [3] FF2_GetBossCharge
L 03/19/2021 - 20:09:41: [SM]   [4] Line 889, FF2 Subplugin: Bat's Public Pack::FF2_OnAbility2
L 03/19/2021 - 20:09:41: [SM]   [5] Line 52, D:\batfo_qrgut13\Documents\SourceMod 1.9 Compiler\addons\sourcemod\scripting\include\freak_fortress_2_subplugin.inc::FF2_OnAbility
L 03/19/2021 - 20:09:41: [SM]   [7] Call_Finish
L 03/19/2021 - 20:09:41: [SM]   [8] Line 16949, Unofficial Freak Fortress::UseAbility
L 03/19/2021 - 20:09:41: [SM]   [9] Line 11243, Unofficial Freak Fortress::ActivateAbilitySlot
L 03/19/2021 - 20:09:41: [SM]   [10] Line 12183, Unofficial Freak Fortress::OnPlayerHurt
L 03/19/2021 - 20:10:29: [SM] Exception reported: Array index out-of-bounds (index -1, limit 4)
L 03/19/2021 - 20:10:29: [SM] Blaming: freak_fortress_2.smx
L 03/19/2021 - 20:10:29: [SM] Call stack trace:
L 03/19/2021 - 20:10:29: [SM]   [1] Line 17336, Unofficial Freak Fortress::Native_GetBossCharge
L 03/19/2021 - 20:10:29: [SM]   [3] FF2_GetBossCharge
L 03/19/2021 - 20:10:29: [SM]   [4] Line 889, FF2 Subplugin: Bat's Public Pack::FF2_OnAbility2
L 03/19/2021 - 20:10:29: [SM]   [5] Line 52, D:\batfo_qrgut13\Documents\SourceMod 1.9 Compiler\addons\sourcemod\scripting\include\freak_fortress_2_subplugin.inc::FF2_OnAbility
L 03/19/2021 - 20:10:29: [SM]   [7] Call_Finish
L 03/19/2021 - 20:10:29: [SM]   [8] Line 16949, Unofficial Freak Fortress::UseAbility
L 03/19/2021 - 20:10:29: [SM]   [9] Line 11243, Unofficial Freak Fortress::ActivateAbilitySlot
L 03/19/2021 - 20:10:29: [SM]   [10] Line 12183, Unofficial Freak Fortress::OnPlayerHurt
L 03/19/2021 - 20:10:43: [SM] Exception reported: Array index out-of-bounds (index -1, limit 4)
L 03/19/2021 - 20:10:43: [SM] Blaming: freak_fortress_2.smx
L 03/19/2021 - 20:10:43: [SM] Call stack trace:
L 03/19/2021 - 20:10:43: [SM]   [1] Line 17336, Unofficial Freak Fortress::Native_GetBossCharge
L 03/19/2021 - 20:10:43: [SM]   [3] FF2_GetBossCharge
L 03/19/2021 - 20:10:43: [SM]   [4] Line 889, FF2 Subplugin: Bat's Public Pack::FF2_OnAbility2
L 03/19/2021 - 20:10:43: [SM]   [5] Line 52, D:\batfo_qrgut13\Documents\SourceMod 1.9 Compiler\addons\sourcemod\scripting\include\freak_fortress_2_subplugin.inc::FF2_OnAbility
L 03/19/2021 - 20:10:43: [SM]   [7] Call_Finish
L 03/19/2021 - 20:10:43: [SM]   [8] Line 16949, Unofficial Freak Fortress::UseAbility
L 03/19/2021 - 20:10:43: [SM]   [9] Line 11243, Unofficial Freak Fortress::ActivateAbilitySlot
L 03/19/2021 - 20:10:43: [SM]   [10] Line 12183, Unofficial Freak Fortress::OnPlayerHurt
L 03/19/2021 - 20:12:07: [SM] Exception reported: Array index out-of-bounds (index -1, limit 4)
L 03/19/2021 - 20:12:07: [SM] Blaming: freak_fortress_2.smx
L 03/19/2021 - 20:12:07: [SM] Call stack trace:
L 03/19/2021 - 20:12:07: [SM]   [1] Line 17336, Unofficial Freak Fortress::Native_GetBossCharge
L 03/19/2021 - 20:12:07: [SM]   [3] FF2_GetBossCharge
L 03/19/2021 - 20:12:07: [SM]   [4] Line 889, FF2 Subplugin: Bat's Public Pack::FF2_OnAbility2
L 03/19/2021 - 20:12:07: [SM]   [5] Line 52, D:\batfo_qrgut13\Documents\SourceMod 1.9 Compiler\addons\sourcemod\scripting\include\freak_fortress_2_subplugin.inc::FF2_OnAbility
L 03/19/2021 - 20:12:07: [SM]   [7] Call_Finish
L 03/19/2021 - 20:12:07: [SM]   [8] Line 16949, Unofficial Freak Fortress::UseAbility
L 03/19/2021 - 20:12:07: [SM]   [9] Line 11243, Unofficial Freak Fortress::ActivateAbilitySlot
L 03/19/2021 - 20:12:07: [SM]   [10] Line 12183, Unofficial Freak Fortress::OnPlayerHurt
L 03/19/2021 - 20:12:40: [SM] Exception reported: Array index out-of-bounds (index -1, limit 4)
L 03/19/2021 - 20:12:40: [SM] Blaming: freak_fortress_2.smx
L 03/19/2021 - 20:12:40: [SM] Call stack trace:
L 03/19/2021 - 20:12:40: [SM]   [1] Line 17336, Unofficial Freak Fortress::Native_GetBossCharge
L 03/19/2021 - 20:12:40: [SM]   [3] FF2_GetBossCharge
L 03/19/2021 - 20:12:40: [SM]   [4] Line 889, FF2 Subplugin: Bat's Public Pack::FF2_OnAbility2
L 03/19/2021 - 20:12:40: [SM]   [5] Line 52, D:\batfo_qrgut13\Documents\SourceMod 1.9 Compiler\addons\sourcemod\scripting\include\freak_fortress_2_subplugin.inc::FF2_OnAbility
L 03/19/2021 - 20:12:40: [SM]   [7] Call_Finish
L 03/19/2021 - 20:12:40: [SM]   [8] Line 16949, Unofficial Freak Fortress::UseAbility
L 03/19/2021 - 20:12:40: [SM]   [9] Line 11243, Unofficial Freak Fortress::ActivateAbilitySlot
L 03/19/2021 - 20:12:40: [SM]   [10] Line 12183, Unofficial Freak Fortress::OnPlayerHurt
L 03/19/2021 - 20:14:12: [SM] Exception reported: Array index out-of-bounds (index -1, limit 4)
L 03/19/2021 - 20:14:12: [SM] Blaming: freak_fortress_2.smx
L 03/19/2021 - 20:14:12: [SM] Call stack trace:
L 03/19/2021 - 20:14:12: [SM]   [1] Line 17336, Unofficial Freak Fortress::Native_GetBossCharge
L 03/19/2021 - 20:14:12: [SM]   [3] FF2_GetBossCharge
L 03/19/2021 - 20:14:12: [SM]   [4] Line 889, FF2 Subplugin: Bat's Public Pack::FF2_OnAbility2
L 03/19/2021 - 20:14:12: [SM]   [5] Line 52, D:\batfo_qrgut13\Documents\SourceMod 1.9 Compiler\addons\sourcemod\scripting\include\freak_fortress_2_subplugin.inc::FF2_OnAbility
L 03/19/2021 - 20:14:12: [SM]   [7] Call_Finish
L 03/19/2021 - 20:14:12: [SM]   [8] Line 16949, Unofficial Freak Fortress::UseAbility
L 03/19/2021 - 20:14:12: [SM]   [9] Line 11243, Unofficial Freak Fortress::ActivateAbilitySlot
L 03/19/2021 - 20:14:12: [SM]   [10] Line 12183, Unofficial Freak Fortress::OnPlayerHurt
L 03/19/2021 - 20:14:40: [SM] Exception reported: Array index out-of-bounds (index -1, limit 4)
L 03/19/2021 - 20:14:40: [SM] Blaming: freak_fortress_2.smx
L 03/19/2021 - 20:14:40: [SM] Call stack trace:
L 03/19/2021 - 20:14:40: [SM]   [1] Line 17336, Unofficial Freak Fortress::Native_GetBossCharge
L 03/19/2021 - 20:14:40: [SM]   [3] FF2_GetBossCharge
L 03/19/2021 - 20:14:40: [SM]   [4] Line 889, FF2 Subplugin: Bat's Public Pack::FF2_OnAbility2
L 03/19/2021 - 20:14:40: [SM]   [5] Line 52, D:\batfo_qrgut13\Documents\SourceMod 1.9 Compiler\addons\sourcemod\scripting\include\freak_fortress_2_subplugin.inc::FF2_OnAbility
L 03/19/2021 - 20:14:40: [SM]   [7] Call_Finish
L 03/19/2021 - 20:14:40: [SM]   [8] Line 16949, Unofficial Freak Fortress::UseAbility
L 03/19/2021 - 20:14:40: [SM]   [9] Line 11243, Unofficial Freak Fortress::ActivateAbilitySlot
L 03/19/2021 - 20:14:40: [SM]   [10] Line 12183, Unofficial Freak Fortress::OnPlayerHurt
L 03/19/2021 - 20:15:04: [SM] Exception reported: Array index out-of-bounds (index -1, limit 4)
L 03/19/2021 - 20:15:04: [SM] Blaming: freak_fortress_2.smx
L 03/19/2021 - 20:15:04: [SM] Call stack trace:
L 03/19/2021 - 20:15:04: [SM]   [1] Line 17336, Unofficial Freak Fortress::Native_GetBossCharge
L 03/19/2021 - 20:15:04: [SM]   [3] FF2_GetBossCharge
L 03/19/2021 - 20:15:04: [SM]   [4] Line 889, FF2 Subplugin: Bat's Public Pack::FF2_OnAbility2
L 03/19/2021 - 20:15:04: [SM]   [5] Line 52, D:\batfo_qrgut13\Documents\SourceMod 1.9 Compiler\addons\sourcemod\scripting\include\freak_fortress_2_subplugin.inc::FF2_OnAbility
L 03/19/2021 - 20:15:04: [SM]   [7] Call_Finish
L 03/19/2021 - 20:15:04: [SM]   [8] Line 16949, Unofficial Freak Fortress::UseAbility
L 03/19/2021 - 20:15:04: [SM]   [9] Line 11243, Unofficial Freak Fortress::ActivateAbilitySlot
L 03/19/2021 - 20:15:04: [SM]   [10] Line 12183, Unofficial Freak Fortress::OnPlayerHurt
L 03/19/2021 - 20:15:54: [SM] Exception reported: Array index out-of-bounds (index -1, limit 4)
L 03/19/2021 - 20:15:54: [SM] Blaming: freak_fortress_2.smx
L 03/19/2021 - 20:15:54: [SM] Call stack trace:
L 03/19/2021 - 20:15:54: [SM]   [1] Line 17336, Unofficial Freak Fortress::Native_GetBossCharge
L 03/19/2021 - 20:15:54: [SM]   [3] FF2_GetBossCharge
L 03/19/2021 - 20:15:54: [SM]   [4] Line 889, FF2 Subplugin: Bat's Public Pack::FF2_OnAbility2
L 03/19/2021 - 20:15:54: [SM]   [5] Line 52, D:\batfo_qrgut13\Documents\SourceMod 1.9 Compiler\addons\sourcemod\scripting\include\freak_fortress_2_subplugin.inc::FF2_OnAbility
L 03/19/2021 - 20:15:54: [SM]   [7] Call_Finish
L 03/19/2021 - 20:15:54: [SM]   [8] Line 16949, Unofficial Freak Fortress::UseAbility
L 03/19/2021 - 20:15:54: [SM]   [9] Line 11243, Unofficial Freak Fortress::ActivateAbilitySlot
L 03/19/2021 - 20:15:54: [SM]   [10] Line 12183, Unofficial Freak Fortress::OnPlayerHurt
L 03/19/2021 - 20:16:07: [SM] Exception reported: Array index out-of-bounds (index -1, limit 4)
L 03/19/2021 - 20:16:07: [SM] Blaming: freak_fortress_2.smx
L 03/19/2021 - 20:16:07: [SM] Call stack trace:
L 03/19/2021 - 20:16:07: [SM]   [1] Line 17336, Unofficial Freak Fortress::Native_GetBossCharge
L 03/19/2021 - 20:16:07: [SM]   [3] FF2_GetBossCharge
L 03/19/2021 - 20:16:07: [SM]   [4] Line 889, FF2 Subplugin: Bat's Public Pack::FF2_OnAbility2
L 03/19/2021 - 20:16:07: [SM]   [5] Line 52, D:\batfo_qrgut13\Documents\SourceMod 1.9 Compiler\addons\sourcemod\scripting\include\freak_fortress_2_subplugin.inc::FF2_OnAbility
L 03/19/2021 - 20:16:07: [SM]   [7] Call_Finish
L 03/19/2021 - 20:16:07: [SM]   [8] Line 16949, Unofficial Freak Fortress::UseAbility
L 03/19/2021 - 20:16:07: [SM]   [9] Line 11243, Unofficial Freak Fortress::ActivateAbilitySlot
L 03/19/2021 - 20:16:07: [SM]   [10] Line 12183, Unofficial Freak Fortress::OnPlayerHurt
L 03/19/2021 - 20:16:25: [SM] Exception reported: Array index out-of-bounds (index -1, limit 4)
L 03/19/2021 - 20:16:25: [SM] Blaming: freak_fortress_2.smx
L 03/19/2021 - 20:16:25: [SM] Call stack trace:
L 03/19/2021 - 20:16:25: [SM]   [1] Line 17336, Unofficial Freak Fortress::Native_GetBossCharge
L 03/19/2021 - 20:16:25: [SM]   [3] FF2_GetBossCharge
L 03/19/2021 - 20:16:25: [SM]   [4] Line 889, FF2 Subplugin: Bat's Public Pack::FF2_OnAbility2
L 03/19/2021 - 20:16:25: [SM]   [5] Line 52, D:\batfo_qrgut13\Documents\SourceMod 1.9 Compiler\addons\sourcemod\scripting\include\freak_fortress_2_subplugin.inc::FF2_OnAbility
L 03/19/2021 - 20:16:25: [SM]   [7] Call_Finish
L 03/19/2021 - 20:16:25: [SM]   [8] Line 16949, Unofficial Freak Fortress::UseAbility
L 03/19/2021 - 20:16:25: [SM]   [9] Line 11243, Unofficial Freak Fortress::ActivateAbilitySlot
L 03/19/2021 - 20:16:25: [SM]   [10] Line 12183, Unofficial Freak Fortress::OnPlayerHurt
L 03/19/2021 - 20:17:42: [SM] Exception reported: Array index out-of-bounds (index -1, limit 4)
L 03/19/2021 - 20:17:42: [SM] Blaming: freak_fortress_2.smx
L 03/19/2021 - 20:17:42: [SM] Call stack trace:
L 03/19/2021 - 20:17:42: [SM]   [1] Line 17336, Unofficial Freak Fortress::Native_GetBossCharge
L 03/19/2021 - 20:17:42: [SM]   [3] FF2_GetBossCharge
L 03/19/2021 - 20:17:42: [SM]   [4] Line 889, FF2 Subplugin: Bat's Public Pack::FF2_OnAbility2
L 03/19/2021 - 20:17:42: [SM]   [5] Line 52, D:\batfo_qrgut13\Documents\SourceMod 1.9 Compiler\addons\sourcemod\scripting\include\freak_fortress_2_subplugin.inc::FF2_OnAbility
L 03/19/2021 - 20:17:42: [SM]   [7] Call_Finish
L 03/19/2021 - 20:17:42: [SM]   [8] Line 16949, Unofficial Freak Fortress::UseAbility
L 03/19/2021 - 20:17:42: [SM]   [9] Line 11243, Unofficial Freak Fortress::ActivateAbilitySlot
L 03/19/2021 - 20:17:42: [SM]   [10] Line 12183, Unofficial Freak Fortress::OnPlayerHurt
L 03/19/2021 - 20:19:13: [SM] Exception reported: Array index out-of-bounds (index -1, limit 4)
L 03/19/2021 - 20:19:13: [SM] Blaming: freak_fortress_2.smx
L 03/19/2021 - 20:19:13: [SM] Call stack trace:
L 03/19/2021 - 20:19:13: [SM]   [1] Line 17336, Unofficial Freak Fortress::Native_GetBossCharge
L 03/19/2021 - 20:19:13: [SM]   [3] FF2_GetBossCharge
L 03/19/2021 - 20:19:13: [SM]   [4] Line 889, FF2 Subplugin: Bat's Public Pack::FF2_OnAbility2
L 03/19/2021 - 20:19:13: [SM]   [5] Line 52, D:\batfo_qrgut13\Documents\SourceMod 1.9 Compiler\addons\sourcemod\scripting\include\freak_fortress_2_subplugin.inc::FF2_OnAbility
L 03/19/2021 - 20:19:13: [SM]   [7] Call_Finish
L 03/19/2021 - 20:19:13: [SM]   [8] Line 16949, Unofficial Freak Fortress::UseAbility
L 03/19/2021 - 20:19:13: [SM]   [9] Line 11243, Unofficial Freak Fortress::ActivateAbilitySlot
L 03/19/2021 - 20:19:13: [SM]   [10] Line 12183, Unofficial Freak Fortress::OnPlayerHurt
L 03/19/2021 - 20:20:21: [SM] Exception reported: Array index out-of-bounds (index -1, limit 4)
L 03/19/2021 - 20:20:21: [SM] Blaming: freak_fortress_2.smx
L 03/19/2021 - 20:20:21: [SM] Call stack trace:
L 03/19/2021 - 20:20:21: [SM]   [1] Line 17336, Unofficial Freak Fortress::Native_GetBossCharge
L 03/19/2021 - 20:20:21: [SM]   [3] FF2_GetBossCharge
L 03/19/2021 - 20:20:21: [SM]   [4] Line 889, FF2 Subplugin: Bat's Public Pack::FF2_OnAbility2
L 03/19/2021 - 20:20:21: [SM]   [5] Line 52, D:\batfo_qrgut13\Documents\SourceMod 1.9 Compiler\addons\sourcemod\scripting\include\freak_fortress_2_subplugin.inc::FF2_OnAbility
L 03/19/2021 - 20:20:21: [SM]   [7] Call_Finish
L 03/19/2021 - 20:20:21: [SM]   [8] Line 16949, Unofficial Freak Fortress::UseAbility
L 03/19/2021 - 20:20:21: [SM]   [9] Line 11243, Unofficial Freak Fortress::ActivateAbilitySlot
L 03/19/2021 - 20:20:21: [SM]   [10] Line 12183, Unofficial Freak Fortress::OnPlayerHurt
L 03/19/2021 - 20:21:25: [SM] Exception reported: Array index out-of-bounds (index -1, limit 4)
L 03/19/2021 - 20:21:25: [SM] Blaming: freak_fortress_2.smx
L 03/19/2021 - 20:21:25: [SM] Call stack trace:
L 03/19/2021 - 20:21:25: [SM]   [1] Line 17336, Unofficial Freak Fortress::Native_GetBossCharge
L 03/19/2021 - 20:21:25: [SM]   [3] FF2_GetBossCharge
L 03/19/2021 - 20:21:25: [SM]   [4] Line 889, FF2 Subplugin: Bat's Public Pack::FF2_OnAbility2
L 03/19/2021 - 20:21:25: [SM]   [5] Line 52, D:\batfo_qrgut13\Documents\SourceMod 1.9 Compiler\addons\sourcemod\scripting\include\freak_fortress_2_subplugin.inc::FF2_OnAbility
L 03/19/2021 - 20:21:25: [SM]   [7] Call_Finish
L 03/19/2021 - 20:21:25: [SM]   [8] Line 16949, Unofficial Freak Fortress::UseAbility
L 03/19/2021 - 20:21:25: [SM]   [9] Line 11243, Unofficial Freak Fortress::ActivateAbilitySlot
L 03/19/2021 - 20:21:25: [SM]   [10] Line 12183, Unofficial Freak Fortress::OnPlayerHurt
L 03/19/2021 - 20:24:06: [SM] Exception reported: Array index out-of-bounds (index -1, limit 4)
L 03/19/2021 - 20:24:06: [SM] Blaming: freak_fortress_2.smx
L 03/19/2021 - 20:24:06: [SM] Call stack trace:
L 03/19/2021 - 20:24:06: [SM]   [1] Line 17336, Unofficial Freak Fortress::Native_GetBossCharge
L 03/19/2021 - 20:24:06: [SM]   [3] FF2_GetBossCharge
L 03/19/2021 - 20:24:06: [SM]   [4] Line 889, FF2 Subplugin: Bat's Public Pack::FF2_OnAbility2
L 03/19/2021 - 20:24:06: [SM]   [5] Line 52, D:\batfo_qrgut13\Documents\SourceMod 1.9 Compiler\addons\sourcemod\scripting\include\freak_fortress_2_subplugin.inc::FF2_OnAbility
L 03/19/2021 - 20:24:06: [SM]   [7] Call_Finish
L 03/19/2021 - 20:24:06: [SM]   [8] Line 16949, Unofficial Freak Fortress::UseAbility
L 03/19/2021 - 20:24:06: [SM]   [9] Line 11243, Unofficial Freak Fortress::ActivateAbilitySlot
L 03/19/2021 - 20:24:06: [SM]   [10] Line 12183, Unofficial Freak Fortress::OnPlayerHurt
L 03/19/2021 - 20:26:57: [SM] Exception reported: Array index out-of-bounds (index -1, limit 4)
L 03/19/2021 - 20:26:57: [SM] Blaming: freak_fortress_2.smx
L 03/19/2021 - 20:26:57: [SM] Call stack trace:
L 03/19/2021 - 20:26:57: [SM]   [1] Line 17336, Unofficial Freak Fortress::Native_GetBossCharge
L 03/19/2021 - 20:26:57: [SM]   [3] FF2_GetBossCharge
L 03/19/2021 - 20:26:57: [SM]   [4] Line 889, FF2 Subplugin: Bat's Public Pack::FF2_OnAbility2
L 03/19/2021 - 20:26:57: [SM]   [5] Line 52, D:\batfo_qrgut13\Documents\SourceMod 1.9 Compiler\addons\sourcemod\scripting\include\freak_fortress_2_subplugin.inc::FF2_OnAbility
L 03/19/2021 - 20:26:57: [SM]   [7] Call_Finish
L 03/19/2021 - 20:26:57: [SM]   [8] Line 16949, Unofficial Freak Fortress::UseAbility
L 03/19/2021 - 20:26:57: [SM]   [9] Line 11243, Unofficial Freak Fortress::ActivateAbilitySlot
L 03/19/2021 - 20:26:57: [SM]   [10] Line 12183, Unofficial Freak Fortress::OnPlayerHurt
L 03/19/2021 - 20:27:33: [SM] Exception reported: Array index out-of-bounds (index -1, limit 4)
L 03/19/2021 - 20:27:33: [SM] Blaming: freak_fortress_2.smx
L 03/19/2021 - 20:27:33: [SM] Call stack trace:
L 03/19/2021 - 20:27:33: [SM]   [1] Line 17336, Unofficial Freak Fortress::Native_GetBossCharge
L 03/19/2021 - 20:27:33: [SM]   [3] FF2_GetBossCharge
L 03/19/2021 - 20:27:33: [SM]   [4] Line 889, FF2 Subplugin: Bat's Public Pack::FF2_OnAbility2
L 03/19/2021 - 20:27:33: [SM]   [5] Line 52, D:\batfo_qrgut13\Documents\SourceMod 1.9 Compiler\addons\sourcemod\scripting\include\freak_fortress_2_subplugin.inc::FF2_OnAbility
L 03/19/2021 - 20:27:33: [SM]   [7] Call_Finish
L 03/19/2021 - 20:27:33: [SM]   [8] Line 16949, Unofficial Freak Fortress::UseAbility
L 03/19/2021 - 20:27:33: [SM]   [9] Line 11243, Unofficial Freak Fortress::ActivateAbilitySlot
L 03/19/2021 - 20:27:33: [SM]   [10] Line 12183, Unofficial Freak Fortress::OnPlayerHurt
L 03/19/2021 - 20:28:06: [SM] Exception reported: Array index out-of-bounds (index -1, limit 4)
L 03/19/2021 - 20:28:06: [SM] Blaming: freak_fortress_2.smx
L 03/19/2021 - 20:28:06: [SM] Call stack trace:
L 03/19/2021 - 20:28:06: [SM]   [1] Line 17336, Unofficial Freak Fortress::Native_GetBossCharge
L 03/19/2021 - 20:28:06: [SM]   [3] FF2_GetBossCharge
L 03/19/2021 - 20:28:06: [SM]   [4] Line 889, FF2 Subplugin: Bat's Public Pack::FF2_OnAbility2
L 03/19/2021 - 20:28:06: [SM]   [5] Line 52, D:\batfo_qrgut13\Documents\SourceMod 1.9 Compiler\addons\sourcemod\scripting\include\freak_fortress_2_subplugin.inc::FF2_OnAbility
L 03/19/2021 - 20:28:06: [SM]   [7] Call_Finish
L 03/19/2021 - 20:28:06: [SM]   [8] Line 16949, Unofficial Freak Fortress::UseAbility
L 03/19/2021 - 20:28:06: [SM]   [9] Line 11243, Unofficial Freak Fortress::ActivateAbilitySlot
L 03/19/2021 - 20:28:06: [SM]   [10] Line 12183, Unofficial Freak Fortress::OnPlayerHurt
L 03/19/2021 - 20:29:26: Error log file session closed.
L 03/19/2021 - 20:33:00: SourceMod error session started
L 03/19/2021 - 20:33:00: Info (map "vsh_apg_reworked_b2") (file "/home/frenzoid/TF2_FF2/tf/addons/sourcemod/logs/errors_20210319.log")
L 03/19/2021 - 20:33:00: [SM] Exception reported: Array index out-of-bounds (index -1, limit 4)
L 03/19/2021 - 20:33:00: [SM] Blaming: freak_fortress_2.smx
L 03/19/2021 - 20:33:00: [SM] Call stack trace:
L 03/19/2021 - 20:33:00: [SM]   [1] Line 17336, Unofficial Freak Fortress::Native_GetBossCharge
L 03/19/2021 - 20:33:00: [SM]   [3] FF2_GetBossCharge
L 03/19/2021 - 20:33:00: [SM]   [4] Line 889, FF2 Subplugin: Bat's Public Pack::FF2_OnAbility2
L 03/19/2021 - 20:33:00: [SM]   [5] Line 52, D:\batfo_qrgut13\Documents\SourceMod 1.9 Compiler\addons\sourcemod\scripting\include\freak_fortress_2_subplugin.inc::FF2_OnAbility
L 03/19/2021 - 20:33:00: [SM]   [7] Call_Finish
L 03/19/2021 - 20:33:00: [SM]   [8] Line 16949, Unofficial Freak Fortress::UseAbility
L 03/19/2021 - 20:33:00: [SM]   [9] Line 11243, Unofficial Freak Fortress::ActivateAbilitySlot
L 03/19/2021 - 20:33:00: [SM]   [10] Line 12183, Unofficial Freak Fortress::OnPlayerHurt
L 03/19/2021 - 20:33:34: [SM] Exception reported: Array index out-of-bounds (index -1, limit 4)
L 03/19/2021 - 20:33:34: [SM] Blaming: freak_fortress_2.smx
L 03/19/2021 - 20:33:34: [SM] Call stack trace:
L 03/19/2021 - 20:33:34: [SM]   [1] Line 17336, Unofficial Freak Fortress::Native_GetBossCharge
L 03/19/2021 - 20:33:34: [SM]   [3] FF2_GetBossCharge
L 03/19/2021 - 20:33:34: [SM]   [4] Line 889, FF2 Subplugin: Bat's Public Pack::FF2_OnAbility2
L 03/19/2021 - 20:33:34: [SM]   [5] Line 52, D:\batfo_qrgut13\Documents\SourceMod 1.9 Compiler\addons\sourcemod\scripting\include\freak_fortress_2_subplugin.inc::FF2_OnAbility
L 03/19/2021 - 20:33:34: [SM]   [7] Call_Finish
L 03/19/2021 - 20:33:34: [SM]   [8] Line 16949, Unofficial Freak Fortress::UseAbility
L 03/19/2021 - 20:33:34: [SM]   [9] Line 11243, Unofficial Freak Fortress::ActivateAbilitySlot
L 03/19/2021 - 20:33:34: [SM]   [10] Line 12183, Unofficial Freak Fortress::OnPlayerHurt
L 03/19/2021 - 20:34:03: [SM] Exception reported: Array index out-of-bounds (index -1, limit 4)
L 03/19/2021 - 20:34:03: [SM] Blaming: freak_fortress_2.smx
L 03/19/2021 - 20:34:03: [SM] Call stack trace:
L 03/19/2021 - 20:34:03: [SM]   [1] Line 17336, Unofficial Freak Fortress::Native_GetBossCharge
L 03/19/2021 - 20:34:03: [SM]   [3] FF2_GetBossCharge
L 03/19/2021 - 20:34:03: [SM]   [4] Line 889, FF2 Subplugin: Bat's Public Pack::FF2_OnAbility2
L 03/19/2021 - 20:34:03: [SM]   [5] Line 52, D:\batfo_qrgut13\Documents\SourceMod 1.9 Compiler\addons\sourcemod\scripting\include\freak_fortress_2_subplugin.inc::FF2_OnAbility
L 03/19/2021 - 20:34:03: [SM]   [7] Call_Finish
L 03/19/2021 - 20:34:03: [SM]   [8] Line 16949, Unofficial Freak Fortress::UseAbility
L 03/19/2021 - 20:34:03: [SM]   [9] Line 11243, Unofficial Freak Fortress::ActivateAbilitySlot
L 03/19/2021 - 20:34:03: [SM]   [10] Line 12183, Unofficial Freak Fortress::OnPlayerHurt
L 03/19/2021 - 20:34:30: [SM] Exception reported: Array index out-of-bounds (index -1, limit 4)
L 03/19/2021 - 20:34:30: [SM] Blaming: freak_fortress_2.smx
L 03/19/2021 - 20:34:30: [SM] Call stack trace:
L 03/19/2021 - 20:34:30: [SM]   [1] Line 17336, Unofficial Freak Fortress::Native_GetBossCharge
L 03/19/2021 - 20:34:30: [SM]   [3] FF2_GetBossCharge
L 03/19/2021 - 20:34:30: [SM]   [4] Line 889, FF2 Subplugin: Bat's Public Pack::FF2_OnAbility2
L 03/19/2021 - 20:34:30: [SM]   [5] Line 52, D:\batfo_qrgut13\Documents\SourceMod 1.9 Compiler\addons\sourcemod\scripting\include\freak_fortress_2_subplugin.inc::FF2_OnAbility
L 03/19/2021 - 20:34:30: [SM]   [7] Call_Finish
L 03/19/2021 - 20:34:30: [SM]   [8] Line 16949, Unofficial Freak Fortress::UseAbility
L 03/19/2021 - 20:34:30: [SM]   [9] Line 11243, Unofficial Freak Fortress::ActivateAbilitySlot
L 03/19/2021 - 20:34:30: [SM]   [10] Line 12183, Unofficial Freak Fortress::OnPlayerHurt
L 03/19/2021 - 20:36:57: [SM] Exception reported: Array index out-of-bounds (index -1, limit 4)
L 03/19/2021 - 20:36:57: [SM] Blaming: freak_fortress_2.smx
L 03/19/2021 - 20:36:57: [SM] Call stack trace:
L 03/19/2021 - 20:36:57: [SM]   [1] Line 17336, Unofficial Freak Fortress::Native_GetBossCharge
L 03/19/2021 - 20:36:57: [SM]   [3] FF2_GetBossCharge
L 03/19/2021 - 20:36:57: [SM]   [4] Line 889, FF2 Subplugin: Bat's Public Pack::FF2_OnAbility2
L 03/19/2021 - 20:36:57: [SM]   [5] Line 52, D:\batfo_qrgut13\Documents\SourceMod 1.9 Compiler\addons\sourcemod\scripting\include\freak_fortress_2_subplugin.inc::FF2_OnAbility
L 03/19/2021 - 20:36:57: [SM]   [7] Call_Finish
L 03/19/2021 - 20:36:57: [SM]   [8] Line 16949, Unofficial Freak Fortress::UseAbility
L 03/19/2021 - 20:36:57: [SM]   [9] Line 11243, Unofficial Freak Fortress::ActivateAbilitySlot
L 03/19/2021 - 20:36:57: [SM]   [10] Line 12183, Unofficial Freak Fortress::OnPlayerHurt
L 03/19/2021 - 20:37:43: [SM] Exception reported: Array index out-of-bounds (index -1, limit 4)
L 03/19/2021 - 20:37:43: [SM] Blaming: freak_fortress_2.smx
L 03/19/2021 - 20:37:43: [SM] Call stack trace:
L 03/19/2021 - 20:37:43: [SM]   [1] Line 17336, Unofficial Freak Fortress::Native_GetBossCharge
L 03/19/2021 - 20:37:43: [SM]   [3] FF2_GetBossCharge
L 03/19/2021 - 20:37:43: [SM]   [4] Line 889, FF2 Subplugin: Bat's Public Pack::FF2_OnAbility2
L 03/19/2021 - 20:37:43: [SM]   [5] Line 52, D:\batfo_qrgut13\Documents\SourceMod 1.9 Compiler\addons\sourcemod\scripting\include\freak_fortress_2_subplugin.inc::FF2_OnAbility
L 03/19/2021 - 20:37:43: [SM]   [7] Call_Finish
L 03/19/2021 - 20:37:43: [SM]   [8] Line 16949, Unofficial Freak Fortress::UseAbility
L 03/19/2021 - 20:37:43: [SM]   [9] Line 11243, Unofficial Freak Fortress::ActivateAbilitySlot
L 03/19/2021 - 20:37:43: [SM]   [10] Line 12183, Unofficial Freak Fortress::OnPlayerHurt
L 03/19/2021 - 20:38:09: [SM] Exception reported: Array index out-of-bounds (index -1, limit 4)
L 03/19/2021 - 20:38:09: [SM] Blaming: freak_fortress_2.smx
L 03/19/2021 - 20:38:09: [SM] Call stack trace:
L 03/19/2021 - 20:38:09: [SM]   [1] Line 17336, Unofficial Freak Fortress::Native_GetBossCharge
L 03/19/2021 - 20:38:09: [SM]   [3] FF2_GetBossCharge
L 03/19/2021 - 20:38:09: [SM]   [4] Line 889, FF2 Subplugin: Bat's Public Pack::FF2_OnAbility2
L 03/19/2021 - 20:38:09: [SM]   [5] Line 52, D:\batfo_qrgut13\Documents\SourceMod 1.9 Compiler\addons\sourcemod\scripting\include\freak_fortress_2_subplugin.inc::FF2_OnAbility
L 03/19/2021 - 20:38:09: [SM]   [7] Call_Finish
L 03/19/2021 - 20:38:09: [SM]   [8] Line 16949, Unofficial Freak Fortress::UseAbility
L 03/19/2021 - 20:38:09: [SM]   [9] Line 11243, Unofficial Freak Fortress::ActivateAbilitySlot
L 03/19/2021 - 20:38:09: [SM]   [10] Line 12183, Unofficial Freak Fortress::OnPlayerHurt
L 03/19/2021 - 20:39:03: [SM] Exception reported: Array index out-of-bounds (index -1, limit 4)
L 03/19/2021 - 20:39:03: [SM] Blaming: freak_fortress_2.smx
L 03/19/2021 - 20:39:03: [SM] Call stack trace:
L 03/19/2021 - 20:39:03: [SM]   [1] Line 17336, Unofficial Freak Fortress::Native_GetBossCharge
L 03/19/2021 - 20:39:03: [SM]   [3] FF2_GetBossCharge
L 03/19/2021 - 20:39:03: [SM]   [4] Line 889, FF2 Subplugin: Bat's Public Pack::FF2_OnAbility2
L 03/19/2021 - 20:39:03: [SM]   [5] Line 52, D:\batfo_qrgut13\Documents\SourceMod 1.9 Compiler\addons\sourcemod\scripting\include\freak_fortress_2_subplugin.inc::FF2_OnAbility
L 03/19/2021 - 20:39:03: [SM]   [7] Call_Finish
L 03/19/2021 - 20:39:03: [SM]   [8] Line 16949, Unofficial Freak Fortress::UseAbility
L 03/19/2021 - 20:39:03: [SM]   [9] Line 11243, Unofficial Freak Fortress::ActivateAbilitySlot
L 03/19/2021 - 20:39:03: [SM]   [10] Line 12183, Unofficial Freak Fortress::OnPlayerHurt
L 03/19/2021 - 20:41:03: [SM] Exception reported: Array index out-of-bounds (index -1, limit 4)
L 03/19/2021 - 20:41:03: [SM] Blaming: freak_fortress_2.smx
L 03/19/2021 - 20:41:03: [SM] Call stack trace:
L 03/19/2021 - 20:41:03: [SM]   [1] Line 17336, Unofficial Freak Fortress::Native_GetBossCharge
L 03/19/2021 - 20:41:03: [SM]   [3] FF2_GetBossCharge
L 03/19/2021 - 20:41:03: [SM]   [4] Line 889, FF2 Subplugin: Bat's Public Pack::FF2_OnAbility2
L 03/19/2021 - 20:41:03: [SM]   [5] Line 52, D:\batfo_qrgut13\Documents\SourceMod 1.9 Compiler\addons\sourcemod\scripting\include\freak_fortress_2_subplugin.inc::FF2_OnAbility
L 03/19/2021 - 20:41:03: [SM]   [7] Call_Finish
L 03/19/2021 - 20:41:03: [SM]   [8] Line 16949, Unofficial Freak Fortress::UseAbility
L 03/19/2021 - 20:41:03: [SM]   [9] Line 11243, Unofficial Freak Fortress::ActivateAbilitySlot
L 03/19/2021 - 20:41:03: [SM]   [10] Line 12183, Unofficial Freak Fortress::OnPlayerHurt
L 03/19/2021 - 20:41:48: [SM] Exception reported: Array index out-of-bounds (index -1, limit 4)
L 03/19/2021 - 20:41:48: [SM] Blaming: freak_fortress_2.smx
L 03/19/2021 - 20:41:48: [SM] Call stack trace:
L 03/19/2021 - 20:41:48: [SM]   [1] Line 17336, Unofficial Freak Fortress::Native_GetBossCharge
L 03/19/2021 - 20:41:48: [SM]   [3] FF2_GetBossCharge
L 03/19/2021 - 20:41:48: [SM]   [4] Line 889, FF2 Subplugin: Bat's Public Pack::FF2_OnAbility2
L 03/19/2021 - 20:41:48: [SM]   [5] Line 52, D:\batfo_qrgut13\Documents\SourceMod 1.9 Compiler\addons\sourcemod\scripting\include\freak_fortress_2_subplugin.inc::FF2_OnAbility
L 03/19/2021 - 20:41:48: [SM]   [7] Call_Finish
L 03/19/2021 - 20:41:48: [SM]   [8] Line 16949, Unofficial Freak Fortress::UseAbility
L 03/19/2021 - 20:41:48: [SM]   [9] Line 11243, Unofficial Freak Fortress::ActivateAbilitySlot
L 03/19/2021 - 20:41:48: [SM]   [10] Line 12183, Unofficial Freak Fortress::OnPlayerHurt
L 03/19/2021 - 20:42:21: [SM] Exception reported: Array index out-of-bounds (index -1, limit 4)
L 03/19/2021 - 20:42:21: [SM] Blaming: freak_fortress_2.smx
L 03/19/2021 - 20:42:21: [SM] Call stack trace:
L 03/19/2021 - 20:42:21: [SM]   [1] Line 17336, Unofficial Freak Fortress::Native_GetBossCharge
L 03/19/2021 - 20:42:21: [SM]   [3] FF2_GetBossCharge
L 03/19/2021 - 20:42:21: [SM]   [4] Line 889, FF2 Subplugin: Bat's Public Pack::FF2_OnAbility2
L 03/19/2021 - 20:42:21: [SM]   [5] Line 52, D:\batfo_qrgut13\Documents\SourceMod 1.9 Compiler\addons\sourcemod\scripting\include\freak_fortress_2_subplugin.inc::FF2_OnAbility
L 03/19/2021 - 20:42:21: [SM]   [7] Call_Finish
L 03/19/2021 - 20:42:21: [SM]   [8] Line 16949, Unofficial Freak Fortress::UseAbility
L 03/19/2021 - 20:42:21: [SM]   [9] Line 11243, Unofficial Freak Fortress::ActivateAbilitySlot
L 03/19/2021 - 20:42:21: [SM]   [10] Line 12183, Unofficial Freak Fortress::OnPlayerHurt
L 03/19/2021 - 20:44:53: [SM] Exception reported: Array index out-of-bounds (index -1, limit 4)
L 03/19/2021 - 20:44:53: [SM] Blaming: freak_fortress_2.smx
L 03/19/2021 - 20:44:53: [SM] Call stack trace:
L 03/19/2021 - 20:44:53: [SM]   [1] Line 17336, Unofficial Freak Fortress::Native_GetBossCharge
L 03/19/2021 - 20:44:53: [SM]   [3] FF2_GetBossCharge
L 03/19/2021 - 20:44:53: [SM]   [4] Line 889, FF2 Subplugin: Bat's Public Pack::FF2_OnAbility2
L 03/19/2021 - 20:44:53: [SM]   [5] Line 52, D:\batfo_qrgut13\Documents\SourceMod 1.9 Compiler\addons\sourcemod\scripting\include\freak_fortress_2_subplugin.inc::FF2_OnAbility
L 03/19/2021 - 20:44:53: [SM]   [7] Call_Finish
L 03/19/2021 - 20:44:53: [SM]   [8] Line 16949, Unofficial Freak Fortress::UseAbility
L 03/19/2021 - 20:44:53: [SM]   [9] Line 11243, Unofficial Freak Fortress::ActivateAbilitySlot
L 03/19/2021 - 20:44:53: [SM]   [10] Line 12183, Unofficial Freak Fortress::OnPlayerHurt
L 03/19/2021 - 20:45:10: [SM] Exception reported: Array index out-of-bounds (index -1, limit 4)
L 03/19/2021 - 20:45:10: [SM] Blaming: freak_fortress_2.smx
L 03/19/2021 - 20:45:10: [SM] Call stack trace:
L 03/19/2021 - 20:45:10: [SM]   [1] Line 17336, Unofficial Freak Fortress::Native_GetBossCharge
L 03/19/2021 - 20:45:10: [SM]   [3] FF2_GetBossCharge
L 03/19/2021 - 20:45:10: [SM]   [4] Line 889, FF2 Subplugin: Bat's Public Pack::FF2_OnAbility2
L 03/19/2021 - 20:45:10: [SM]   [5] Line 52, D:\batfo_qrgut13\Documents\SourceMod 1.9 Compiler\addons\sourcemod\scripting\include\freak_fortress_2_subplugin.inc::FF2_OnAbility
L 03/19/2021 - 20:45:10: [SM]   [7] Call_Finish
L 03/19/2021 - 20:45:10: [SM]   [8] Line 16949, Unofficial Freak Fortress::UseAbility
L 03/19/2021 - 20:45:10: [SM]   [9] Line 11243, Unofficial Freak Fortress::ActivateAbilitySlot
L 03/19/2021 - 20:45:10: [SM]   [10] Line 12183, Unofficial Freak Fortress::OnPlayerHurt
L 03/19/2021 - 20:45:48: [SM] Exception reported: Array index out-of-bounds (index -1, limit 4)
L 03/19/2021 - 20:45:48: [SM] Blaming: freak_fortress_2.smx
L 03/19/2021 - 20:45:48: [SM] Call stack trace:
L 03/19/2021 - 20:45:48: [SM]   [1] Line 17336, Unofficial Freak Fortress::Native_GetBossCharge
L 03/19/2021 - 20:45:48: [SM]   [3] FF2_GetBossCharge
L 03/19/2021 - 20:45:48: [SM]   [4] Line 889, FF2 Subplugin: Bat's Public Pack::FF2_OnAbility2
L 03/19/2021 - 20:45:48: [SM]   [5] Line 52, D:\batfo_qrgut13\Documents\SourceMod 1.9 Compiler\addons\sourcemod\scripting\include\freak_fortress_2_subplugin.inc::FF2_OnAbility
L 03/19/2021 - 20:45:48: [SM]   [7] Call_Finish
L 03/19/2021 - 20:45:48: [SM]   [8] Line 16949, Unofficial Freak Fortress::UseAbility
L 03/19/2021 - 20:45:48: [SM]   [9] Line 11243, Unofficial Freak Fortress::ActivateAbilitySlot
L 03/19/2021 - 20:45:48: [SM]   [10] Line 12183, Unofficial Freak Fortress::OnPlayerHurt
L 03/19/2021 - 20:46:43: [SM] Exception reported: Array index out-of-bounds (index -1, limit 4)
L 03/19/2021 - 20:46:43: [SM] Blaming: freak_fortress_2.smx
L 03/19/2021 - 20:46:43: [SM] Call stack trace:
L 03/19/2021 - 20:46:43: [SM]   [1] Line 17336, Unofficial Freak Fortress::Native_GetBossCharge
L 03/19/2021 - 20:46:43: [SM]   [3] FF2_GetBossCharge
L 03/19/2021 - 20:46:43: [SM]   [4] Line 889, FF2 Subplugin: Bat's Public Pack::FF2_OnAbility2
L 03/19/2021 - 20:46:43: [SM]   [5] Line 52, D:\batfo_qrgut13\Documents\SourceMod 1.9 Compiler\addons\sourcemod\scripting\include\freak_fortress_2_subplugin.inc::FF2_OnAbility
L 03/19/2021 - 20:46:43: [SM]   [7] Call_Finish
L 03/19/2021 - 20:46:43: [SM]   [8] Line 16949, Unofficial Freak Fortress::UseAbility
L 03/19/2021 - 20:46:43: [SM]   [9] Line 11243, Unofficial Freak Fortress::ActivateAbilitySlot
L 03/19/2021 - 20:46:43: [SM]   [10] Line 12183, Unofficial Freak Fortress::OnPlayerHurt
L 03/19/2021 - 20:55:12: [SM] Exception reported: Array index out-of-bounds (index -1, limit 4)
L 03/19/2021 - 20:55:12: [SM] Blaming: freak_fortress_2.smx
L 03/19/2021 - 20:55:12: [SM] Call stack trace:
L 03/19/2021 - 20:55:12: [SM]   [1] Line 17336, Unofficial Freak Fortress::Native_GetBossCharge
L 03/19/2021 - 20:55:12: [SM]   [3] FF2_GetBossCharge
L 03/19/2021 - 20:55:12: [SM]   [4] Line 889, FF2 Subplugin: Bat's Public Pack::FF2_OnAbility2
L 03/19/2021 - 20:55:12: [SM]   [5] Line 52, D:\batfo_qrgut13\Documents\SourceMod 1.9 Compiler\addons\sourcemod\scripting\include\freak_fortress_2_subplugin.inc::FF2_OnAbility
L 03/19/2021 - 20:55:12: [SM]   [7] Call_Finish
L 03/19/2021 - 20:55:12: [SM]   [8] Line 16949, Unofficial Freak Fortress::UseAbility
L 03/19/2021 - 20:55:12: [SM]   [9] Line 11243, Unofficial Freak Fortress::ActivateAbilitySlot
L 03/19/2021 - 20:55:12: [SM]   [10] Line 12183, Unofficial Freak Fortress::OnPlayerHurt
L 03/19/2021 - 20:55:39: [SM] Exception reported: Array index out-of-bounds (index -1, limit 4)
L 03/19/2021 - 20:55:39: [SM] Blaming: freak_fortress_2.smx
L 03/19/2021 - 20:55:39: [SM] Call stack trace:
L 03/19/2021 - 20:55:39: [SM]   [1] Line 17336, Unofficial Freak Fortress::Native_GetBossCharge
L 03/19/2021 - 20:55:39: [SM]   [3] FF2_GetBossCharge
L 03/19/2021 - 20:55:39: [SM]   [4] Line 889, FF2 Subplugin: Bat's Public Pack::FF2_OnAbility2
L 03/19/2021 - 20:55:39: [SM]   [5] Line 52, D:\batfo_qrgut13\Documents\SourceMod 1.9 Compiler\addons\sourcemod\scripting\include\freak_fortress_2_subplugin.inc::FF2_OnAbility
L 03/19/2021 - 20:55:39: [SM]   [7] Call_Finish
L 03/19/2021 - 20:55:39: [SM]   [8] Line 16949, Unofficial Freak Fortress::UseAbility
L 03/19/2021 - 20:55:39: [SM]   [9] Line 11243, Unofficial Freak Fortress::ActivateAbilitySlot
L 03/19/2021 - 20:55:39: [SM]   [10] Line 12183, Unofficial Freak Fortress::OnPlayerHurt
L 03/19/2021 - 20:56:17: [SM] Exception reported: Array index out-of-bounds (index -1, limit 4)
L 03/19/2021 - 20:56:17: [SM] Blaming: freak_fortress_2.smx
L 03/19/2021 - 20:56:17: [SM] Call stack trace:
L 03/19/2021 - 20:56:17: [SM]   [1] Line 17336, Unofficial Freak Fortress::Native_GetBossCharge
L 03/19/2021 - 20:56:17: [SM]   [3] FF2_GetBossCharge
L 03/19/2021 - 20:56:17: [SM]   [4] Line 889, FF2 Subplugin: Bat's Public Pack::FF2_OnAbility2
L 03/19/2021 - 20:56:17: [SM]   [5] Line 52, D:\batfo_qrgut13\Documents\SourceMod 1.9 Compiler\addons\sourcemod\scripting\include\freak_fortress_2_subplugin.inc::FF2_OnAbility
L 03/19/2021 - 20:56:17: [SM]   [7] Call_Finish
L 03/19/2021 - 20:56:17: [SM]   [8] Line 16949, Unofficial Freak Fortress::UseAbility
L 03/19/2021 - 20:56:17: [SM]   [9] Line 11243, Unofficial Freak Fortress::ActivateAbilitySlot
L 03/19/2021 - 20:56:17: [SM]   [10] Line 12183, Unofficial Freak Fortress::OnPlayerHurt
L 03/19/2021 - 20:56:43: [SM] Exception reported: Array index out-of-bounds (index -1, limit 4)
L 03/19/2021 - 20:56:43: [SM] Blaming: freak_fortress_2.smx
L 03/19/2021 - 20:56:43: [SM] Call stack trace:
L 03/19/2021 - 20:56:43: [SM]   [1] Line 17336, Unofficial Freak Fortress::Native_GetBossCharge
L 03/19/2021 - 20:56:43: [SM]   [3] FF2_GetBossCharge
L 03/19/2021 - 20:56:43: [SM]   [4] Line 889, FF2 Subplugin: Bat's Public Pack::FF2_OnAbility2
L 03/19/2021 - 20:56:43: [SM]   [5] Line 52, D:\batfo_qrgut13\Documents\SourceMod 1.9 Compiler\addons\sourcemod\scripting\include\freak_fortress_2_subplugin.inc::FF2_OnAbility
L 03/19/2021 - 20:56:43: [SM]   [7] Call_Finish
L 03/19/2021 - 20:56:43: [SM]   [8] Line 16949, Unofficial Freak Fortress::UseAbility
L 03/19/2021 - 20:56:43: [SM]   [9] Line 11243, Unofficial Freak Fortress::ActivateAbilitySlot
L 03/19/2021 - 20:56:43: [SM]   [10] Line 12183, Unofficial Freak Fortress::OnPlayerHurt
L 03/19/2021 - 21:00:21: Error log file session closed.
L 03/19/2021 - 21:26:01: SourceMod error session started
L 03/19/2021 - 21:26:01: Info (map "vsh_void_a1f") (file "/home/frenzoid/TF2_FF2/tf/addons/sourcemod/logs/errors_20210319.log")
L 03/19/2021 - 21:26:01: [SM] Exception reported: Array index out-of-bounds (index -1, limit 4)
L 03/19/2021 - 21:26:01: [SM] Blaming: freak_fortress_2.smx
L 03/19/2021 - 21:26:01: [SM] Call stack trace:
L 03/19/2021 - 21:26:01: [SM]   [1] Line 17336, Unofficial Freak Fortress::Native_GetBossCharge
L 03/19/2021 - 21:26:01: [SM]   [3] FF2_GetBossCharge
L 03/19/2021 - 21:26:01: [SM]   [4] Line 889, FF2 Subplugin: Bat's Public Pack::FF2_OnAbility2
L 03/19/2021 - 21:26:01: [SM]   [5] Line 52, D:\batfo_qrgut13\Documents\SourceMod 1.9 Compiler\addons\sourcemod\scripting\include\freak_fortress_2_subplugin.inc::FF2_OnAbility
L 03/19/2021 - 21:26:01: [SM]   [7] Call_Finish
L 03/19/2021 - 21:26:01: [SM]   [8] Line 16949, Unofficial Freak Fortress::UseAbility
L 03/19/2021 - 21:26:01: [SM]   [9] Line 11243, Unofficial Freak Fortress::ActivateAbilitySlot
L 03/19/2021 - 21:26:01: [SM]   [10] Line 12183, Unofficial Freak Fortress::OnPlayerHurt
L 03/19/2021 - 21:26:19: [SM] Exception reported: Array index out-of-bounds (index -1, limit 4)
L 03/19/2021 - 21:26:19: [SM] Blaming: freak_fortress_2.smx
L 03/19/2021 - 21:26:19: [SM] Call stack trace:
L 03/19/2021 - 21:26:19: [SM]   [1] Line 17336, Unofficial Freak Fortress::Native_GetBossCharge
L 03/19/2021 - 21:26:19: [SM]   [3] FF2_GetBossCharge
L 03/19/2021 - 21:26:19: [SM]   [4] Line 889, FF2 Subplugin: Bat's Public Pack::FF2_OnAbility2
L 03/19/2021 - 21:26:19: [SM]   [5] Line 52, D:\batfo_qrgut13\Documents\SourceMod 1.9 Compiler\addons\sourcemod\scripting\include\freak_fortress_2_subplugin.inc::FF2_OnAbility
L 03/19/2021 - 21:26:19: [SM]   [7] Call_Finish
L 03/19/2021 - 21:26:19: [SM]   [8] Line 16949, Unofficial Freak Fortress::UseAbility
L 03/19/2021 - 21:26:19: [SM]   [9] Line 11243, Unofficial Freak Fortress::ActivateAbilitySlot
L 03/19/2021 - 21:26:19: [SM]   [10] Line 12183, Unofficial Freak Fortress::OnPlayerHurt
L 03/19/2021 - 21:26:35: [SM] Exception reported: Array index out-of-bounds (index -1, limit 4)
L 03/19/2021 - 21:26:35: [SM] Blaming: freak_fortress_2.smx
L 03/19/2021 - 21:26:35: [SM] Call stack trace:
L 03/19/2021 - 21:26:35: [SM]   [1] Line 17336, Unofficial Freak Fortress::Native_GetBossCharge
L 03/19/2021 - 21:26:35: [SM]   [3] FF2_GetBossCharge
L 03/19/2021 - 21:26:35: [SM]   [4] Line 889, FF2 Subplugin: Bat's Public Pack::FF2_OnAbility2
L 03/19/2021 - 21:26:35: [SM]   [5] Line 52, D:\batfo_qrgut13\Documents\SourceMod 1.9 Compiler\addons\sourcemod\scripting\include\freak_fortress_2_subplugin.inc::FF2_OnAbility
L 03/19/2021 - 21:26:35: [SM]   [7] Call_Finish
L 03/19/2021 - 21:26:35: [SM]   [8] Line 16949, Unofficial Freak Fortress::UseAbility
L 03/19/2021 - 21:26:35: [SM]   [9] Line 11243, Unofficial Freak Fortress::ActivateAbilitySlot
L 03/19/2021 - 21:26:35: [SM]   [10] Line 12183, Unofficial Freak Fortress::OnPlayerHurt
L 03/19/2021 - 21:27:02: [SM] Exception reported: Array index out-of-bounds (index -1, limit 4)
L 03/19/2021 - 21:27:02: [SM] Blaming: freak_fortress_2.smx
L 03/19/2021 - 21:27:02: [SM] Call stack trace:
L 03/19/2021 - 21:27:02: [SM]   [1] Line 17336, Unofficial Freak Fortress::Native_GetBossCharge
L 03/19/2021 - 21:27:02: [SM]   [3] FF2_GetBossCharge
L 03/19/2021 - 21:27:02: [SM]   [4] Line 889, FF2 Subplugin: Bat's Public Pack::FF2_OnAbility2
L 03/19/2021 - 21:27:02: [SM]   [5] Line 52, D:\batfo_qrgut13\Documents\SourceMod 1.9 Compiler\addons\sourcemod\scripting\include\freak_fortress_2_subplugin.inc::FF2_OnAbility
L 03/19/2021 - 21:27:02: [SM]   [7] Call_Finish
L 03/19/2021 - 21:27:02: [SM]   [8] Line 16949, Unofficial Freak Fortress::UseAbility
L 03/19/2021 - 21:27:02: [SM]   [9] Line 11243, Unofficial Freak Fortress::ActivateAbilitySlot
L 03/19/2021 - 21:27:02: [SM]   [10] Line 12183, Unofficial Freak Fortress::OnPlayerHurt
L 03/19/2021 - 21:30:42: [SM] Exception reported: Array index out-of-bounds (index -1, limit 4)
L 03/19/2021 - 21:30:42: [SM] Blaming: freak_fortress_2.smx
L 03/19/2021 - 21:30:42: [SM] Call stack trace:
L 03/19/2021 - 21:30:42: [SM]   [1] Line 17336, Unofficial Freak Fortress::Native_GetBossCharge
L 03/19/2021 - 21:30:42: [SM]   [3] FF2_GetBossCharge
L 03/19/2021 - 21:30:42: [SM]   [4] Line 889, FF2 Subplugin: Bat's Public Pack::FF2_OnAbility2
L 03/19/2021 - 21:30:42: [SM]   [5] Line 52, D:\batfo_qrgut13\Documents\SourceMod 1.9 Compiler\addons\sourcemod\scripting\include\freak_fortress_2_subplugin.inc::FF2_OnAbility
L 03/19/2021 - 21:30:42: [SM]   [7] Call_Finish
L 03/19/2021 - 21:30:42: [SM]   [8] Line 16949, Unofficial Freak Fortress::UseAbility
L 03/19/2021 - 21:30:42: [SM]   [9] Line 11243, Unofficial Freak Fortress::ActivateAbilitySlot
L 03/19/2021 - 21:30:42: [SM]   [10] Line 12183, Unofficial Freak Fortress::OnPlayerHurt
L 03/19/2021 - 21:31:53: Error log file session closed.
L 03/19/2021 - 21:33:41: SourceMod error session started
L 03/19/2021 - 21:33:41: Info (map "vsh_skyhigh_resort_b8_sg4") (file "/home/frenzoid/TF2_FF2/tf/addons/sourcemod/logs/errors_20210319.log")
L 03/19/2021 - 21:33:41: [SM] Exception reported: Array index out-of-bounds (index -1, limit 4)
L 03/19/2021 - 21:33:41: [SM] Blaming: freak_fortress_2.smx
L 03/19/2021 - 21:33:41: [SM] Call stack trace:
L 03/19/2021 - 21:33:41: [SM]   [1] Line 17336, Unofficial Freak Fortress::Native_GetBossCharge
L 03/19/2021 - 21:33:41: [SM]   [3] FF2_GetBossCharge
L 03/19/2021 - 21:33:41: [SM]   [4] Line 889, FF2 Subplugin: Bat's Public Pack::FF2_OnAbility2
L 03/19/2021 - 21:33:41: [SM]   [5] Line 52, D:\batfo_qrgut13\Documents\SourceMod 1.9 Compiler\addons\sourcemod\scripting\include\freak_fortress_2_subplugin.inc::FF2_OnAbility
L 03/19/2021 - 21:33:41: [SM]   [7] Call_Finish
L 03/19/2021 - 21:33:41: [SM]   [8] Line 16949, Unofficial Freak Fortress::UseAbility
L 03/19/2021 - 21:33:41: [SM]   [9] Line 11243, Unofficial Freak Fortress::ActivateAbilitySlot
L 03/19/2021 - 21:33:41: [SM]   [10] Line 12183, Unofficial Freak Fortress::OnPlayerHurt
L 03/19/2021 - 21:33:41: [SM]   [12] AcceptEntityInput
L 03/19/2021 - 21:33:41: [SM]   [13] Line 218, explosivearrows.sp::DoExplosion
L 03/19/2021 - 21:33:41: [SM]   [14] Line 200, explosivearrows.sp::Timer_Explode
L 03/19/2021 - 21:34:03: [SM] Exception reported: Array index out-of-bounds (index -1, limit 4)
L 03/19/2021 - 21:34:03: [SM] Blaming: freak_fortress_2.smx
L 03/19/2021 - 21:34:03: [SM] Call stack trace:
L 03/19/2021 - 21:34:03: [SM]   [1] Line 17336, Unofficial Freak Fortress::Native_GetBossCharge
L 03/19/2021 - 21:34:03: [SM]   [3] FF2_GetBossCharge
L 03/19/2021 - 21:34:03: [SM]   [4] Line 889, FF2 Subplugin: Bat's Public Pack::FF2_OnAbility2
L 03/19/2021 - 21:34:03: [SM]   [5] Line 52, D:\batfo_qrgut13\Documents\SourceMod 1.9 Compiler\addons\sourcemod\scripting\include\freak_fortress_2_subplugin.inc::FF2_OnAbility
L 03/19/2021 - 21:34:03: [SM]   [7] Call_Finish
L 03/19/2021 - 21:34:03: [SM]   [8] Line 16949, Unofficial Freak Fortress::UseAbility
L 03/19/2021 - 21:34:03: [SM]   [9] Line 11243, Unofficial Freak Fortress::ActivateAbilitySlot
L 03/19/2021 - 21:34:03: [SM]   [10] Line 12183, Unofficial Freak Fortress::OnPlayerHurt
L 03/19/2021 - 21:45:53: [freaks/ff2_1st_set_abilities.ff2] [FF2] Cannot give ammo to weapon tf_weapon_knife (boss )-check your config!
L 03/19/2021 - 21:47:30: [freaks/ff2_1st_set_abilities.ff2] [FF2] Cannot give ammo to weapon tf_weapon_knife (boss )-check your config!
L 03/19/2021 - 21:47:30: [freaks/ff2_1st_set_abilities.ff2] [FF2] Cannot give ammo to weapon tf_weapon_knife (boss )-check your config!
L 03/19/2021 - 21:47:30: [freaks/ff2_1st_set_abilities.ff2] [FF2] Cannot give ammo to weapon tf_weapon_knife (boss )-check your config!
L 03/19/2021 - 21:47:30: [freaks/ff2_1st_set_abilities.ff2] [FF2] Cannot give ammo to weapon tf_weapon_knife (boss )-check your config!
L 03/19/2021 - 21:48:06: [SM] Exception reported: Array index out-of-bounds (index -1, limit 4)
L 03/19/2021 - 21:48:06: [SM] Blaming: freak_fortress_2.smx
L 03/19/2021 - 21:48:06: [SM] Call stack trace:
L 03/19/2021 - 21:48:06: [SM]   [1] Line 17336, Unofficial Freak Fortress::Native_GetBossCharge
L 03/19/2021 - 21:48:06: [SM]   [3] FF2_GetBossCharge
L 03/19/2021 - 21:48:06: [SM]   [4] Line 889, FF2 Subplugin: Bat's Public Pack::FF2_OnAbility2
L 03/19/2021 - 21:48:06: [SM]   [5] Line 52, D:\batfo_qrgut13\Documents\SourceMod 1.9 Compiler\addons\sourcemod\scripting\include\freak_fortress_2_subplugin.inc::FF2_OnAbility
L 03/19/2021 - 21:48:06: [SM]   [7] Call_Finish
L 03/19/2021 - 21:48:06: [SM]   [8] Line 16949, Unofficial Freak Fortress::UseAbility
L 03/19/2021 - 21:48:06: [SM]   [9] Line 11243, Unofficial Freak Fortress::ActivateAbilitySlot
L 03/19/2021 - 21:48:06: [SM]   [10] Line 12183, Unofficial Freak Fortress::OnPlayerHurt
L 03/19/2021 - 21:48:17: [SM] Exception reported: Array index out-of-bounds (index -1, limit 4)
L 03/19/2021 - 21:48:17: [SM] Blaming: freak_fortress_2.smx
L 03/19/2021 - 21:48:17: [SM] Call stack trace:
L 03/19/2021 - 21:48:17: [SM]   [1] Line 17336, Unofficial Freak Fortress::Native_GetBossCharge
L 03/19/2021 - 21:48:17: [SM]   [3] FF2_GetBossCharge
L 03/19/2021 - 21:48:17: [SM]   [4] Line 889, FF2 Subplugin: Bat's Public Pack::FF2_OnAbility2
L 03/19/2021 - 21:48:17: [SM]   [5] Line 52, D:\batfo_qrgut13\Documents\SourceMod 1.9 Compiler\addons\sourcemod\scripting\include\freak_fortress_2_subplugin.inc::FF2_OnAbility
L 03/19/2021 - 21:48:17: [SM]   [7] Call_Finish
L 03/19/2021 - 21:48:17: [SM]   [8] Line 16949, Unofficial Freak Fortress::UseAbility
L 03/19/2021 - 21:48:17: [SM]   [9] Line 11243, Unofficial Freak Fortress::ActivateAbilitySlot
L 03/19/2021 - 21:48:17: [SM]   [10] Line 12183, Unofficial Freak Fortress::OnPlayerHurt
L 03/19/2021 - 21:48:46: [SM] Exception reported: Array index out-of-bounds (index -1, limit 4)
L 03/19/2021 - 21:48:46: [SM] Blaming: freak_fortress_2.smx
L 03/19/2021 - 21:48:46: [SM] Call stack trace:
L 03/19/2021 - 21:48:46: [SM]   [1] Line 17336, Unofficial Freak Fortress::Native_GetBossCharge
L 03/19/2021 - 21:48:46: [SM]   [3] FF2_GetBossCharge
L 03/19/2021 - 21:48:46: [SM]   [4] Line 889, FF2 Subplugin: Bat's Public Pack::FF2_OnAbility2
L 03/19/2021 - 21:48:46: [SM]   [5] Line 52, D:\batfo_qrgut13\Documents\SourceMod 1.9 Compiler\addons\sourcemod\scripting\include\freak_fortress_2_subplugin.inc::FF2_OnAbility
L 03/19/2021 - 21:48:46: [SM]   [7] Call_Finish
L 03/19/2021 - 21:48:46: [SM]   [8] Line 16949, Unofficial Freak Fortress::UseAbility
L 03/19/2021 - 21:48:46: [SM]   [9] Line 11243, Unofficial Freak Fortress::ActivateAbilitySlot
L 03/19/2021 - 21:48:46: [SM]   [10] Line 12183, Unofficial Freak Fortress::OnPlayerHurt
L 03/19/2021 - 21:49:02: [SM] Exception reported: Array index out-of-bounds (index -1, limit 4)
L 03/19/2021 - 21:49:02: [SM] Blaming: freak_fortress_2.smx
L 03/19/2021 - 21:49:02: [SM] Call stack trace:
L 03/19/2021 - 21:49:02: [SM]   [1] Line 17336, Unofficial Freak Fortress::Native_GetBossCharge
L 03/19/2021 - 21:49:02: [SM]   [3] FF2_GetBossCharge
L 03/19/2021 - 21:49:02: [SM]   [4] Line 889, FF2 Subplugin: Bat's Public Pack::FF2_OnAbility2
L 03/19/2021 - 21:49:02: [SM]   [5] Line 52, D:\batfo_qrgut13\Documents\SourceMod 1.9 Compiler\addons\sourcemod\scripting\include\freak_fortress_2_subplugin.inc::FF2_OnAbility
L 03/19/2021 - 21:49:02: [SM]   [7] Call_Finish
L 03/19/2021 - 21:49:02: [SM]   [8] Line 16949, Unofficial Freak Fortress::UseAbility
L 03/19/2021 - 21:49:02: [SM]   [9] Line 11243, Unofficial Freak Fortress::ActivateAbilitySlot
L 03/19/2021 - 21:49:02: [SM]   [10] Line 12183, Unofficial Freak Fortress::OnPlayerHurt
L 03/19/2021 - 22:03:16: Error log file session closed.
L 03/19/2021 - 22:29:31: SourceMod error session started
L 03/19/2021 - 22:29:31: Info (map "vsh_nebula_rc1") (file "/home/frenzoid/TF2_FF2/tf/addons/sourcemod/logs/errors_20210319.log")
L 03/19/2021 - 22:29:31: [freaks/ff2_1st_set_abilities.ff2] [FF2] Cannot give ammo to weapon tf_weapon_knife (boss )-check your config!
L 03/19/2021 - 22:29:31: [freaks/ff2_1st_set_abilities.ff2] [FF2] Cannot give ammo to weapon tf_weapon_knife (boss )-check your config!
L 03/19/2021 - 22:29:31: [freaks/ff2_1st_set_abilities.ff2] [FF2] Cannot give ammo to weapon tf_weapon_knife (boss )-check your config!
L 03/19/2021 - 22:29:31: [freaks/ff2_1st_set_abilities.ff2] [FF2] Cannot give ammo to weapon tf_weapon_knife (boss )-check your config!
L 03/19/2021 - 22:29:32: [freaks/ff2_1st_set_abilities.ff2] [FF2] Cannot give ammo to weapon tf_weapon_knife (boss )-check your config!
L 03/19/2021 - 22:32:19: [freaks/ff2_1st_set_abilities.ff2] [FF2] Cannot give ammo to weapon tf_weapon_knife (boss )-check your config!
L 03/19/2021 - 22:32:19: [freaks/ff2_1st_set_abilities.ff2] [FF2] Cannot give ammo to weapon tf_weapon_knife (boss )-check your config!
L 03/19/2021 - 22:32:19: [freaks/ff2_1st_set_abilities.ff2] [FF2] Cannot give ammo to weapon tf_weapon_knife (boss )-check your config!
L 03/19/2021 - 22:32:19: [freaks/ff2_1st_set_abilities.ff2] [FF2] Cannot give ammo to weapon tf_weapon_knife (boss )-check your config!
L 03/19/2021 - 22:32:19: [freaks/ff2_1st_set_abilities.ff2] [FF2] Cannot give ammo to weapon tf_weapon_knife (boss )-check your config!
L 03/19/2021 - 22:33:42: Error log file session closed.
L 03/19/2021 - 22:50:44: SourceMod error session started
L 03/19/2021 - 22:50:44: Info (map "vsh_cairo_pyramid_v4") (file "/home/frenzoid/TF2_FF2/tf/addons/sourcemod/logs/errors_20210319.log")
L 03/19/2021 - 22:50:44: [freaks/ff2_1st_set_abilities.ff2] [FF2] Cannot give ammo to weapon tf_weapon_knife (boss )-check your config!
L 03/19/2021 - 22:50:44: [freaks/ff2_1st_set_abilities.ff2] [FF2] Cannot give ammo to weapon tf_weapon_knife (boss )-check your config!
L 03/19/2021 - 22:53:27: [freaks/ff2_1st_set_abilities.ff2] [FF2] Cannot give ammo to weapon tf_weapon_knife (boss )-check your config!
L 03/19/2021 - 22:53:27: [freaks/ff2_1st_set_abilities.ff2] [FF2] Cannot give ammo to weapon tf_weapon_knife (boss )-check your config!
L 03/19/2021 - 22:53:27: [freaks/ff2_1st_set_abilities.ff2] [FF2] Cannot give ammo to weapon tf_weapon_knife (boss )-check your config!
L 03/19/2021 - 22:53:27: [freaks/ff2_1st_set_abilities.ff2] [FF2] Cannot give ammo to weapon tf_weapon_knife (boss )-check your config!
L 03/19/2021 - 22:53:27: [freaks/ff2_1st_set_abilities.ff2] [FF2] Cannot give ammo to weapon tf_weapon_knife (boss )-check your config!
L 03/19/2021 - 22:54:04: Error log file session closed.
L 03/19/2021 - 23:02:36: SourceMod error session started
L 03/19/2021 - 23:02:36: Info (map "vsh_apg_reworked_b2") (file "/home/frenzoid/TF2_FF2/tf/addons/sourcemod/logs/errors_20210319.log")
L 03/19/2021 - 23:02:36: [freaks/ff2_1st_set_abilities.ff2] [FF2] Cannot give ammo to weapon tf_weapon_knife (boss )-check your config!
L 03/19/2021 - 23:04:14: [freaks/ff2_1st_set_abilities.ff2] [FF2] Cannot give ammo to weapon tf_weapon_knife (boss )-check your config!
L 03/19/2021 - 23:15:16: [freaks/ff2_1st_set_abilities.ff2] [FF2] Cannot give ammo to weapon tf_weapon_knife (boss )-check your config!
L 03/19/2021 - 23:17:43: [freaks/ff2_1st_set_abilities.ff2] [FF2] Cannot give ammo to weapon tf_weapon_knife (boss )-check your config!
L 03/19/2021 - 23:20:13: [freaks/ff2_1st_set_abilities.ff2] [FF2] Cannot give ammo to weapon tf_weapon_knife (boss )-check your config!
L 03/19/2021 - 23:20:13: [freaks/ff2_1st_set_abilities.ff2] [FF2] Cannot give ammo to weapon tf_weapon_knife (boss )-check your config!
L 03/19/2021 - 23:20:13: [freaks/ff2_1st_set_abilities.ff2] [FF2] Cannot give ammo to weapon tf_weapon_knife (boss )-check your config!
L 03/19/2021 - 23:25:20: Error log file session closed.
L 03/19/2021 - 23:29:14: SourceMod error session started
L 03/19/2021 - 23:29:14: Info (map "vsh_crevice_b5") (file "/home/frenzoid/TF2_FF2/tf/addons/sourcemod/logs/errors_20210319.log")
L 03/19/2021 - 23:29:14: [freaks/ff2_1st_set_abilities.ff2] [FF2] Cannot give ammo to weapon tf_weapon_knife (boss )-check your config!
L 03/19/2021 - 23:29:14: [freaks/ff2_1st_set_abilities.ff2] [FF2] Cannot give ammo to weapon tf_weapon_knife (boss )-check your config!
L 03/19/2021 - 23:30:52: [freaks/ff2_1st_set_abilities.ff2] [FF2] Cannot give ammo to weapon tf_weapon_knife (boss )-check your config!
L 03/19/2021 - 23:30:52: [freaks/ff2_1st_set_abilities.ff2] [FF2] Cannot give ammo to weapon tf_weapon_knife (boss )-check your config!
L 03/19/2021 - 23:35:10: [freaks/ff2_1st_set_abilities.ff2] [FF2] Cannot give ammo to weapon tf_weapon_knife (boss )-check your config!
L 03/19/2021 - 23:56:21: Error log file session closed.
L 03/19/2021 - 23:58:20: SourceMod error session started
L 03/19/2021 - 23:58:20: Info (map "vsh_minegay_reworked_v2") (file "/home/frenzoid/TF2_FF2/tf/addons/sourcemod/logs/errors_20210319.log")
L 03/19/2021 - 23:58:20: [SM] Exception reported: Array index out-of-bounds (index -1, limit 4)
L 03/19/2021 - 23:58:20: [SM] Blaming: freak_fortress_2.smx
L 03/19/2021 - 23:58:20: [SM] Call stack trace:
L 03/19/2021 - 23:58:20: [SM]   [1] Line 17336, Unofficial Freak Fortress::Native_GetBossCharge
L 03/19/2021 - 23:58:20: [SM]   [3] FF2_GetBossCharge
L 03/19/2021 - 23:58:20: [SM]   [4] Line 889, FF2 Subplugin: Bat's Public Pack::FF2_OnAbility2
L 03/19/2021 - 23:58:20: [SM]   [5] Line 52, D:\batfo_qrgut13\Documents\SourceMod 1.9 Compiler\addons\sourcemod\scripting\include\freak_fortress_2_subplugin.inc::FF2_OnAbility
L 03/19/2021 - 23:58:20: [SM]   [7] Call_Finish
L 03/19/2021 - 23:58:20: [SM]   [8] Line 16949, Unofficial Freak Fortress::UseAbility
L 03/19/2021 - 23:58:20: [SM]   [9] Line 11243, Unofficial Freak Fortress::ActivateAbilitySlot
L 03/19/2021 - 23:58:20: [SM]   [10] Line 12183, Unofficial Freak Fortress::OnPlayerHurt
L 03/19/2021 - 23:59:54: [SM] Exception reported: Array index out-of-bounds (index -1, limit 4)
L 03/19/2021 - 23:59:54: [SM] Blaming: freak_fortress_2.smx
L 03/19/2021 - 23:59:54: [SM] Call stack trace:
L 03/19/2021 - 23:59:54: [SM]   [1] Line 17336, Unofficial Freak Fortress::Native_GetBossCharge
L 03/19/2021 - 23:59:54: [SM]   [3] FF2_GetBossCharge
L 03/19/2021 - 23:59:54: [SM]   [4] Line 889, FF2 Subplugin: Bat's Public Pack::FF2_OnAbility2
L 03/19/2021 - 23:59:54: [SM]   [5] Line 52, D:\batfo_qrgut13\Documents\SourceMod 1.9 Compiler\addons\sourcemod\scripting\include\freak_fortress_2_subplugin.inc::FF2_OnAbility
L 03/19/2021 - 23:59:54: [SM]   [7] Call_Finish
L 03/19/2021 - 23:59:54: [SM]   [8] Line 16949, Unofficial Freak Fortress::UseAbility
L 03/19/2021 - 23:59:54: [SM]   [9] Line 11243, Unofficial Freak Fortress::ActivateAbilitySlot
L 03/19/2021 - 23:59:54: [SM]   [10] Line 12183, Unofficial Freak Fortress::OnPlayerHurt
L 03/20/2021 - 00:00:13: Error log file session closed.
