L 09/22/2020 - 13:39:13: SourceMod error session started
L 09/22/2020 - 13:39:13: Info (map "vsh_area_54tress_b4") (file "/home/steamsrv/tf2/tf/addons/sourcemod/logs/errors_20200922.log")
L 09/22/2020 - 13:39:13: [tf2attributes.smx] Could not initialize call to CEconItem::SetCustomName
L 09/22/2020 - 13:39:13: [store.smx] Gifts! isn't installed or failed to load. Gifts support will be disabled. Please install Gifts. (http://forums.alliedmods.net/showthread.php?t=175185)
L 09/22/2020 - 13:39:14: [store.smx] Database connection is lost or not yet initialized.
L 09/22/2020 - 13:41:14: Error log file session closed.
L 09/22/2020 - 13:49:27: SourceMod error session started
L 09/22/2020 - 13:49:27: Info (map "vsh_apg_v2_sg1") (file "/home/steamsrv/tf2/tf/addons/sourcemod/logs/errors_20200922.log")
L 09/22/2020 - 13:49:27: [tf2attributes.smx] Could not initialize call to CEconItem::SetCustomName
L 09/22/2020 - 13:49:28: [store.smx] Gifts! isn't installed or failed to load. Gifts support will be disabled. Please install Gifts. (http://forums.alliedmods.net/showthread.php?t=175185)
L 09/22/2020 - 13:49:28: [store.smx] Database connection is lost or not yet initialized.
L 09/22/2020 - 13:56:46: [tf2attributes.smx] Could not initialize call to CEconItem::SetCustomName
L 09/22/2020 - 13:56:47: [store.smx] Gifts! isn't installed or failed to load. Gifts support will be disabled. Please install Gifts. (http://forums.alliedmods.net/showthread.php?t=175185)
L 09/22/2020 - 13:56:47: [store.smx] Database connection is lost or not yet initialized.
L 09/22/2020 - 13:58:09: [tf2attributes.smx] Could not initialize call to CEconItem::SetCustomName
L 09/22/2020 - 13:58:09: [store.smx] Gifts! isn't installed or failed to load. Gifts support will be disabled. Please install Gifts. (http://forums.alliedmods.net/showthread.php?t=175185)
L 09/22/2020 - 13:58:09: [store.smx] Database connection is lost or not yet initialized.
L 09/22/2020 - 13:59:58: [tf2attributes.smx] Could not initialize call to CEconItem::SetCustomName
L 09/22/2020 - 13:59:58: [store.smx] Gifts! isn't installed or failed to load. Gifts support will be disabled. Please install Gifts. (http://forums.alliedmods.net/showthread.php?t=175185)
L 09/22/2020 - 13:59:58: [store.smx] Database connection is lost or not yet initialized.
L 09/22/2020 - 14:03:17: [tf2attributes.smx] Could not initialize call to CEconItem::SetCustomName
L 09/22/2020 - 14:03:18: [store.smx] Gifts! isn't installed or failed to load. Gifts support will be disabled. Please install Gifts. (http://forums.alliedmods.net/showthread.php?t=175185)
L 09/22/2020 - 14:03:18: [store.smx] Database connection is lost or not yet initialized.
L 09/22/2020 - 14:05:26: [tf2attributes.smx] Could not initialize call to CEconItem::SetCustomName
L 09/22/2020 - 14:05:26: [store.smx] Gifts! isn't installed or failed to load. Gifts support will be disabled. Please install Gifts. (http://forums.alliedmods.net/showthread.php?t=175185)
L 09/22/2020 - 14:05:26: [store.smx] Database connection is lost or not yet initialized.
L 09/22/2020 - 14:08:34: [tf2attributes.smx] Could not initialize call to CEconItem::SetCustomName
L 09/22/2020 - 14:08:35: [store.smx] Gifts! isn't installed or failed to load. Gifts support will be disabled. Please install Gifts. (http://forums.alliedmods.net/showthread.php?t=175185)
L 09/22/2020 - 14:08:35: [store.smx] Database connection is lost or not yet initialized.
L 09/22/2020 - 14:12:39: Error log file session closed.
L 09/22/2020 - 15:33:24: SourceMod error session started
L 09/22/2020 - 15:33:24: Info (map "arena_lumberyard") (file "/home/steamsrv/tf2/tf/addons/sourcemod/logs/errors_20200922.log")
L 09/22/2020 - 15:33:24: [tf2attributes.smx] Could not initialize call to CEconItem::SetCustomName
L 09/22/2020 - 15:33:24: [store.smx] Gifts! isn't installed or failed to load. Gifts support will be disabled. Please install Gifts. (http://forums.alliedmods.net/showthread.php?t=175185)
L 09/22/2020 - 15:37:40: Error log file session closed.
L 09/22/2020 - 16:02:21: SourceMod error session started
L 09/22/2020 - 16:02:21: Info (map "vsh_cairo_pyramid_v4") (file "/home/steamsrv/tf2/tf/addons/sourcemod/logs/errors_20200922.log")
L 09/22/2020 - 16:02:21: [tf2attributes.smx] Could not initialize call to CEconItem::SetCustomName
L 09/22/2020 - 16:02:22: [store.smx] Gifts! isn't installed or failed to load. Gifts support will be disabled. Please install Gifts. (http://forums.alliedmods.net/showthread.php?t=175185)
L 09/22/2020 - 16:02:22: [store.smx] Database connection is lost or not yet initialized.
L 09/22/2020 - 16:12:35: [SM] Plugin "roundtimer.smx" encountered error 23: Native detected error
L 09/22/2020 - 16:12:35: [SM] Invalid timer handle 1f2f0065 (error 3) during timer end, displayed function is timer callback, not the stack trace
L 09/22/2020 - 16:12:35: [SM] Unable to call function "Timer_Round" due to above error(s).
L 09/22/2020 - 16:27:43: Error log file session closed.
