L 07/17/2020 - 13:09:52: SourceMod error session started
L 07/17/2020 - 13:09:52: Info (map "vsh_tranquil_b5") (file "/home/steamsrv/tf2/tf/addons/sourcemod/logs/errors_20200717.log")
L 07/17/2020 - 13:09:52: [SM] Plugin "roundtimer.smx" encountered error 23: Native detected error
L 07/17/2020 - 13:09:52: [SM] Invalid timer handle 46130ac2 (error 3) during timer end, displayed function is timer callback, not the stack trace
L 07/17/2020 - 13:09:52: [SM] Unable to call function "Timer_Round" due to above error(s).
L 07/17/2020 - 13:20:10: [SM] Plugin "roundtimer.smx" encountered error 23: Native detected error
L 07/17/2020 - 13:20:10: [SM] Invalid timer handle f7f90ae9 (error 3) during timer end, displayed function is timer callback, not the stack trace
L 07/17/2020 - 13:20:10: [SM] Unable to call function "Timer_Round" due to above error(s).
L 07/17/2020 - 13:28:55: Error log file session closed.
L 07/17/2020 - 13:43:16: SourceMod error session started
L 07/17/2020 - 13:43:16: Info (map "vsh_manncohq_v14") (file "/home/steamsrv/tf2/tf/addons/sourcemod/logs/errors_20200717.log")
L 07/17/2020 - 13:43:16: [SM] Plugin "roundtimer.smx" encountered error 23: Native detected error
L 07/17/2020 - 13:43:16: [SM] Invalid timer handle 8a240b1f (error 3) during timer end, displayed function is timer callback, not the stack trace
L 07/17/2020 - 13:43:16: [SM] Unable to call function "Timer_Round" due to above error(s).
L 07/17/2020 - 13:44:22: Error log file session closed.
L 07/17/2020 - 13:44:23: SourceMod error session started
L 07/17/2020 - 13:44:23: Info (map "vsh_manncohq_v14") (file "/home/steamsrv/tf2/tf/addons/sourcemod/logs/errors_20200717.log")
L 07/17/2020 - 13:44:23: [SM] Fatal error encountered parsing translation file "rplayer.phrases.txt"
L 07/17/2020 - 13:44:23: [SM] Error (line 0, column 0): Stream failed to open
L 07/17/2020 - 13:44:23: [SM] Fatal error encountered parsing translation file "respawn.phrases.txt"
L 07/17/2020 - 13:44:23: [SM] Error (line 0, column 0): Stream failed to open
L 07/17/2020 - 13:45:23: [SM] Exception reported: Language phrase "Toggled respawn on target" not found (arg 5)
L 07/17/2020 - 13:45:23: [SM] Blaming: respawn.smx
L 07/17/2020 - 13:45:23: [SM] Call stack trace:
L 07/17/2020 - 13:45:23: [SM]   [0] ShowActivity2
L 07/17/2020 - 13:45:23: [SM]   [1] Line 276, /home/groups/alliedmodders/forums/files/1/9/8/4/3/9/130186.attach::MenuHandler_Players
L 07/17/2020 - 13:46:07: [SM] Exception reported: Language phrase "Toggled respawn on target" not found (arg 5)
L 07/17/2020 - 13:46:07: [SM] Blaming: respawn.smx
L 07/17/2020 - 13:46:07: [SM] Call stack trace:
L 07/17/2020 - 13:46:07: [SM]   [0] ShowActivity2
L 07/17/2020 - 13:46:07: [SM]   [1] Line 276, /home/groups/alliedmodders/forums/files/1/9/8/4/3/9/130186.attach::MenuHandler_Players
L 07/17/2020 - 13:53:15: [SM] Plugin "roundtimer.smx" encountered error 23: Native detected error
L 07/17/2020 - 13:53:15: [SM] Invalid timer handle 2b590b34 (error 3) during timer end, displayed function is timer callback, not the stack trace
L 07/17/2020 - 13:53:15: [SM] Unable to call function "Timer_Round" due to above error(s).
L 07/17/2020 - 14:36:20: Error log file session closed.
L 07/17/2020 - 14:36:20: SourceMod error session started
L 07/17/2020 - 14:36:20: Info (map "arena_offblast_final") (file "/home/steamsrv/tf2/tf/addons/sourcemod/logs/errors_20200717.log")
L 07/17/2020 - 14:36:20: [SM] Fatal error encountered parsing translation file "rplayer.phrases.txt"
L 07/17/2020 - 14:36:20: [SM] Error (line 0, column 0): Stream failed to open
L 07/17/2020 - 14:36:20: [SM] Fatal error encountered parsing translation file "respawn.phrases.txt"
L 07/17/2020 - 14:36:20: [SM] Error (line 0, column 0): Stream failed to open
L 07/17/2020 - 14:45:06: [SM] Plugin "roundtimer.smx" encountered error 23: Native detected error
L 07/17/2020 - 14:45:06: [SM] Invalid timer handle 9e290b42 (error 3) during timer end, displayed function is timer callback, not the stack trace
L 07/17/2020 - 14:45:06: [SM] Unable to call function "Timer_Round" due to above error(s).
L 07/17/2020 - 14:45:58: Error log file session closed.
L 07/17/2020 - 14:45:58: SourceMod error session started
L 07/17/2020 - 14:45:58: Info (map "vsh_manncohq_v14") (file "/home/steamsrv/tf2/tf/addons/sourcemod/logs/errors_20200717.log")
L 07/17/2020 - 14:45:58: [SM] Fatal error encountered parsing translation file "rplayer.phrases.txt"
L 07/17/2020 - 14:45:58: [SM] Error (line 0, column 0): Stream failed to open
L 07/17/2020 - 14:45:58: [SM] Fatal error encountered parsing translation file "respawn.phrases.txt"
L 07/17/2020 - 14:45:58: [SM] Error (line 0, column 0): Stream failed to open
L 07/17/2020 - 14:47:10: [SM] Plugin "roundtimer.smx" encountered error 23: Native detected error
L 07/17/2020 - 14:47:10: [SM] Invalid timer handle 3a4f0b58 (error 3) during timer end, displayed function is timer callback, not the stack trace
L 07/17/2020 - 14:47:10: [SM] Unable to call function "Timer_Round" due to above error(s).
L 07/17/2020 - 14:48:40: [SM] Plugin "roundtimer.smx" encountered error 23: Native detected error
L 07/17/2020 - 14:48:40: [SM] Invalid timer handle 559e0b5b (error 3) during timer end, displayed function is timer callback, not the stack trace
L 07/17/2020 - 14:48:40: [SM] Unable to call function "Timer_Round" due to above error(s).
L 07/17/2020 - 14:49:28: [SM] Plugin "roundtimer.smx" encountered error 23: Native detected error
L 07/17/2020 - 14:49:28: [SM] Invalid timer handle 640e0b63 (error 3) during timer end, displayed function is timer callback, not the stack trace
L 07/17/2020 - 14:49:28: [SM] Unable to call function "Timer_Round" due to above error(s).
L 07/17/2020 - 14:50:16: [SM] Plugin "roundtimer.smx" encountered error 23: Native detected error
L 07/17/2020 - 14:50:16: [SM] Invalid timer handle 72850b59 (error 3) during timer end, displayed function is timer callback, not the stack trace
L 07/17/2020 - 14:50:16: [SM] Unable to call function "Timer_Round" due to above error(s).
L 07/17/2020 - 14:51:04: [SM] Plugin "roundtimer.smx" encountered error 23: Native detected error
L 07/17/2020 - 14:51:04: [SM] Invalid timer handle 80fa0b3b (error 3) during timer end, displayed function is timer callback, not the stack trace
L 07/17/2020 - 14:51:04: [SM] Unable to call function "Timer_Round" due to above error(s).
L 07/17/2020 - 14:51:16: Error log file session closed.
L 07/17/2020 - 14:51:16: SourceMod error session started
L 07/17/2020 - 14:51:16: Info (map "vsh_manncohq_v14") (file "/home/steamsrv/tf2/tf/addons/sourcemod/logs/errors_20200717.log")
L 07/17/2020 - 14:51:16: [SM] Fatal error encountered parsing translation file "rplayer.phrases.txt"
L 07/17/2020 - 14:51:16: [SM] Error (line 0, column 0): Stream failed to open
L 07/17/2020 - 14:51:16: [SM] Fatal error encountered parsing translation file "respawn.phrases.txt"
L 07/17/2020 - 14:51:16: [SM] Error (line 0, column 0): Stream failed to open
L 07/17/2020 - 14:53:28: Error log file session closed.
L 07/17/2020 - 14:53:28: SourceMod error session started
L 07/17/2020 - 14:53:28: Info (map "vsh_manncohq_v14") (file "/home/steamsrv/tf2/tf/addons/sourcemod/logs/errors_20200717.log")
L 07/17/2020 - 14:53:28: [SM] Fatal error encountered parsing translation file "rplayer.phrases.txt"
L 07/17/2020 - 14:53:28: [SM] Error (line 0, column 0): Stream failed to open
L 07/17/2020 - 14:53:28: [SM] Fatal error encountered parsing translation file "respawn.phrases.txt"
L 07/17/2020 - 14:53:28: [SM] Error (line 0, column 0): Stream failed to open
L 07/17/2020 - 14:55:22: Error log file session closed.
L 07/17/2020 - 14:55:22: SourceMod error session started
L 07/17/2020 - 14:55:22: Info (map "vsh_manncohq_v14") (file "/home/steamsrv/tf2/tf/addons/sourcemod/logs/errors_20200717.log")
L 07/17/2020 - 14:55:22: [SM] Fatal error encountered parsing translation file "rplayer.phrases.txt"
L 07/17/2020 - 14:55:22: [SM] Error (line 0, column 0): Stream failed to open
L 07/17/2020 - 14:55:22: [SM] Fatal error encountered parsing translation file "respawn.phrases.txt"
L 07/17/2020 - 14:55:22: [SM] Error (line 0, column 0): Stream failed to open
L 07/17/2020 - 14:57:08: [SM] Exception reported: Language phrase "Toggled respawn on target" not found (arg 5)
L 07/17/2020 - 14:57:08: [SM] Blaming: respawn.smx
L 07/17/2020 - 14:57:08: [SM] Call stack trace:
L 07/17/2020 - 14:57:08: [SM]   [0] ShowActivity2
L 07/17/2020 - 14:57:08: [SM]   [1] Line 276, /home/groups/alliedmodders/forums/files/1/9/8/4/3/9/130186.attach::MenuHandler_Players
L 07/17/2020 - 14:57:51: [SM] Exception reported: Language phrase "Toggled respawn on target" not found (arg 5)
L 07/17/2020 - 14:57:51: [SM] Blaming: respawn.smx
L 07/17/2020 - 14:57:51: [SM] Call stack trace:
L 07/17/2020 - 14:57:51: [SM]   [0] ShowActivity2
L 07/17/2020 - 14:57:51: [SM]   [1] Line 276, /home/groups/alliedmodders/forums/files/1/9/8/4/3/9/130186.attach::MenuHandler_Players
L 07/17/2020 - 15:00:07: Error log file session closed.
L 07/17/2020 - 15:00:07: SourceMod error session started
L 07/17/2020 - 15:00:07: Info (map "vsh_manncohq_v14") (file "/home/steamsrv/tf2/tf/addons/sourcemod/logs/errors_20200717.log")
L 07/17/2020 - 15:00:07: [SM] Fatal error encountered parsing translation file "rplayer.phrases.txt"
L 07/17/2020 - 15:00:07: [SM] Error (line 0, column 0): Stream failed to open
L 07/17/2020 - 15:04:47: Error log file session closed.
L 07/17/2020 - 15:04:47: SourceMod error session started
L 07/17/2020 - 15:04:47: Info (map "vsh_manncohq_v14") (file "/home/steamsrv/tf2/tf/addons/sourcemod/logs/errors_20200717.log")
L 07/17/2020 - 15:04:47: [SM] Fatal error encountered parsing translation file "rplayer.phrases.txt"
L 07/17/2020 - 15:04:47: [SM] Error (line 0, column 0): Stream failed to open
L 07/17/2020 - 15:13:29: [SM] Plugin "roundtimer.smx" encountered error 23: Native detected error
L 07/17/2020 - 15:13:29: [SM] Invalid timer handle 57690bbd (error 3) during timer end, displayed function is timer callback, not the stack trace
L 07/17/2020 - 15:13:29: [SM] Unable to call function "Timer_Round" due to above error(s).
L 07/17/2020 - 15:17:26: Error log file session closed.
L 07/17/2020 - 15:17:26: SourceMod error session started
L 07/17/2020 - 15:17:26: Info (map "vsh_manncohq_v14") (file "/home/steamsrv/tf2/tf/addons/sourcemod/logs/errors_20200717.log")
L 07/17/2020 - 15:17:26: [SM] Fatal error encountered parsing translation file "rplayer.phrases.txt"
L 07/17/2020 - 15:17:26: [SM] Error (line 0, column 0): Stream failed to open
L 07/17/2020 - 15:26:37: [SM] Plugin "roundtimer.smx" encountered error 23: Native detected error
L 07/17/2020 - 15:26:37: [SM] Invalid timer handle 2abc0bf8 (error 3) during timer end, displayed function is timer callback, not the stack trace
L 07/17/2020 - 15:26:37: [SM] Unable to call function "Timer_Round" due to above error(s).
L 07/17/2020 - 15:34:56: [SM] Plugin "roundtimer.smx" encountered error 23: Native detected error
L 07/17/2020 - 15:34:56: [SM] Invalid timer handle ba2d0bed (error 3) during timer end, displayed function is timer callback, not the stack trace
L 07/17/2020 - 15:34:56: [SM] Unable to call function "Timer_Round" due to above error(s).
L 07/17/2020 - 15:42:47: Error log file session closed.
L 07/17/2020 - 15:42:47: SourceMod error session started
L 07/17/2020 - 15:42:47: Info (map "vsh_manncohq_v14") (file "/home/steamsrv/tf2/tf/addons/sourcemod/logs/errors_20200717.log")
L 07/17/2020 - 15:42:47: [SM] Fatal error encountered parsing translation file "rplayer.phrases.txt"
L 07/17/2020 - 15:42:47: [SM] Error (line 0, column 0): Stream failed to open
L 07/17/2020 - 15:42:49: [store.smx] Gifts! isn't installed or failed to load. Gifts support will be disabled. Please install Gifts. (http://forums.alliedmods.net/showthread.php?t=175185)
L 07/17/2020 - 15:42:49: [store.smx] Simple Chat Processor isn't installed or failed to load. SCP support will be disabled. (http://forums.alliedmods.net/showthread.php?t=198501)
L 07/17/2020 - 15:54:26: Error log file session closed.
L 07/17/2020 - 15:54:27: SourceMod error session started
L 07/17/2020 - 15:54:27: Info (map "vsh_manncohq_v14") (file "/home/steamsrv/tf2/tf/addons/sourcemod/logs/errors_20200717.log")
L 07/17/2020 - 15:54:27: [SM] Fatal error encountered parsing translation file "rplayer.phrases.txt"
L 07/17/2020 - 15:54:27: [SM] Error (line 0, column 0): Stream failed to open
L 07/17/2020 - 15:54:27: [simple-chatprocessor.smx] [SCP] Translation file is not present
L 07/17/2020 - 15:54:27: [SM] Exception reported: Translation file is not present
L 07/17/2020 - 15:54:27: [SM] Blaming: simple-chatprocessor.smx
L 07/17/2020 - 15:54:27: [SM] Call stack trace:
L 07/17/2020 - 15:54:27: [SM]   [0] SetFailState
L 07/17/2020 - 15:54:27: [SM]   [1] Line 172, /home/forums/content/files/2/3/7/4/6/4/172762.attach::OnPluginStart
L 07/17/2020 - 15:54:27: [SM] Unable to load plugin "simple-chatprocessor.smx": Error detected in plugin startup (see error logs)
L 07/17/2020 - 15:58:29: Error log file session closed.
L 07/17/2020 - 15:58:29: SourceMod error session started
L 07/17/2020 - 15:58:29: Info (map "vsh_manncohq_v14") (file "/home/steamsrv/tf2/tf/addons/sourcemod/logs/errors_20200717.log")
L 07/17/2020 - 15:58:29: [SM] Fatal error encountered parsing translation file "rplayer.phrases.txt"
L 07/17/2020 - 15:58:29: [SM] Error (line 0, column 0): Stream failed to open
L 07/17/2020 - 16:02:09: Error log file session closed.
L 07/17/2020 - 16:02:09: SourceMod error session started
L 07/17/2020 - 16:02:09: Info (map "vsh_manncohq_v14") (file "/home/steamsrv/tf2/tf/addons/sourcemod/logs/errors_20200717.log")
L 07/17/2020 - 16:02:09: [SM] Fatal error encountered parsing translation file "rplayer.phrases.txt"
L 07/17/2020 - 16:02:09: [SM] Error (line 0, column 0): Stream failed to open
L 07/17/2020 - 16:03:57: Error log file session closed.
L 07/17/2020 - 16:12:34: SourceMod error session started
L 07/17/2020 - 16:12:34: Info (map "vsh_manncohq_v14") (file "/home/steamsrv/tf2/tf/addons/sourcemod/logs/errors_20200717.log")
L 07/17/2020 - 16:12:34: [SM] Plugin "roundtimer.smx" encountered error 23: Native detected error
L 07/17/2020 - 16:12:34: [SM] Invalid timer handle c8cf0c79 (error 3) during timer end, displayed function is timer callback, not the stack trace
L 07/17/2020 - 16:12:34: [SM] Unable to call function "Timer_Round" due to above error(s).
L 07/17/2020 - 16:14:25: SourceMod error session started
L 07/17/2020 - 16:14:25: Info (map "arena_lumberyard") (file "/home/steamsrv/tf2/tf/addons/sourcemod/logs/errors_20200717.log")
L 07/17/2020 - 16:14:25: [store.smx] Gifts! isn't installed or failed to load. Gifts support will be disabled. Please install Gifts. (http://forums.alliedmods.net/showthread.php?t=175185)
L 07/17/2020 - 16:38:24: Error log file session closed.
L 07/17/2020 - 18:33:42: SourceMod error session started
L 07/17/2020 - 18:33:42: Info (map "arena_lumberyard") (file "/home/steamsrv/tf2/tf/addons/sourcemod/logs/errors_20200717.log")
L 07/17/2020 - 18:33:42: [store.smx] Gifts! isn't installed or failed to load. Gifts support will be disabled. Please install Gifts. (http://forums.alliedmods.net/showthread.php?t=175185)
L 07/17/2020 - 18:43:11: SourceMod error session started
L 07/17/2020 - 18:43:11: Info (map "arena_lumberyard") (file "/home/steamsrv/tf2/tf/addons/sourcemod/logs/errors_20200717.log")
L 07/17/2020 - 18:43:11: [store.smx] Gifts! isn't installed or failed to load. Gifts support will be disabled. Please install Gifts. (http://forums.alliedmods.net/showthread.php?t=175185)
L 07/17/2020 - 18:56:54: [SM] Plugin "roundtimer.smx" encountered error 23: Native detected error
L 07/17/2020 - 18:56:54: [SM] Invalid timer handle 10b40223 (error 3) during timer end, displayed function is timer callback, not the stack trace
L 07/17/2020 - 18:56:54: [SM] Unable to call function "Timer_Round" due to above error(s).
L 07/17/2020 - 19:00:31: Error log file session closed.
L 07/17/2020 - 19:16:54: SourceMod error session started
L 07/17/2020 - 19:16:54: Info (map "vsh_manncohq_v14") (file "/home/steamsrv/tf2/tf/addons/sourcemod/logs/errors_20200717.log")
L 07/17/2020 - 19:16:54: [SM] Plugin "roundtimer.smx" encountered error 23: Native detected error
L 07/17/2020 - 19:16:54: [SM] Invalid timer handle 4b2301e1 (error 3) during timer end, displayed function is timer callback, not the stack trace
L 07/17/2020 - 19:16:54: [SM] Unable to call function "Timer_Round" due to above error(s).
L 07/17/2020 - 19:25:15: [SM] Plugin "roundtimer.smx" encountered error 23: Native detected error
L 07/17/2020 - 19:25:15: [SM] Invalid timer handle da6504ef (error 3) during timer end, displayed function is timer callback, not the stack trace
L 07/17/2020 - 19:25:15: [SM] Unable to call function "Timer_Round" due to above error(s).
L 07/17/2020 - 19:26:59: [SM] Exception reported: invalid handle 0 (error: 4)
L 07/17/2020 - 19:26:59: [SM] Blaming: store.smx
L 07/17/2020 - 19:26:59: [SM] Call stack trace:
L 07/17/2020 - 19:26:59: [SM]   [0] LogToOpenFileEx
L 07/17/2020 - 19:26:59: [SM]   [1] Line 3049, store.sp::Store_LogMessage
L 07/17/2020 - 19:26:59: [SM]   [2] Line 2606, store.sp::Store_DisconnectClient
L 07/17/2020 - 19:26:59: [SM]   [3] Line 1085, store.sp::OnClientDisconnect
L 07/17/2020 - 19:27:03: Error log file session closed.
