L 07/18/2020 - 13:58:16: SourceMod error session started
L 07/18/2020 - 13:58:16: Info (map "arena_lumberyard") (file "/home/steamsrv/tf2/tf/addons/sourcemod/logs/errors_20200718.log")
L 07/18/2020 - 13:58:16: [store.smx] Gifts! isn't installed or failed to load. Gifts support will be disabled. Please install Gifts. (http://forums.alliedmods.net/showthread.php?t=175185)
L 07/18/2020 - 14:08:53: Error log file session closed.
L 07/18/2020 - 14:08:53: SourceMod error session started
L 07/18/2020 - 14:08:53: Info (map "vsh_manncohq_v14") (file "/home/steamsrv/tf2/tf/addons/sourcemod/logs/errors_20200718.log")
L 07/18/2020 - 14:08:53: [SM] Unable to load plugin "pyrogineer.smx": Could not find required plugin "tf2attributes"
L 07/18/2020 - 14:11:38: Error log file session closed.
L 07/18/2020 - 14:11:38: SourceMod error session started
L 07/18/2020 - 14:11:38: Info (map "vsh_manncohq_v14") (file "/home/steamsrv/tf2/tf/addons/sourcemod/logs/errors_20200718.log")
L 07/18/2020 - 14:11:38: [SM] Error parsing gameconfig file "/home/steamsrv/tf2/tf/addons/sourcemod/gamedata/tf2.attributes.txt":
L 07/18/2020 - 14:11:38: [SM] Error 1 on line 0, col 0: Stream failed to open
L 07/18/2020 - 14:11:38: [SM] Exception reported: Unable to open tf2.attributes: File could not be opened: No such file or directory
L 07/18/2020 - 14:11:38: [SM] Blaming: tf2attributes.smx
L 07/18/2020 - 14:11:38: [SM] Call stack trace:
L 07/18/2020 - 14:11:38: [SM]   [0] LoadGameConfigFile
L 07/18/2020 - 14:11:38: [SM]   [1] Line 85, /home/forums/content/files/8/4/3/0/4/116848.attach::OnPluginStart
L 07/18/2020 - 14:11:38: [SM] Unable to load plugin "tf2attributes.smx": Error detected in plugin startup (see error logs)
L 07/18/2020 - 14:14:40: Error log file session closed.
L 07/18/2020 - 14:17:58: SourceMod error session started
L 07/18/2020 - 14:17:58: Info (map "arena_lumberyard") (file "/home/steamsrv/tf2/tf/addons/sourcemod/logs/errors_20200718.log")
L 07/18/2020 - 14:17:58: [tf2attributes.smx] Could not initialize call to CEconItem::SetCustomName
L 07/18/2020 - 14:17:58: [store.smx] Gifts! isn't installed or failed to load. Gifts support will be disabled. Please install Gifts. (http://forums.alliedmods.net/showthread.php?t=175185)
L 07/18/2020 - 14:28:50: [SM] Exception reported: Client index -1 is invalid
L 07/18/2020 - 14:28:50: [SM] Blaming: pyrogineer.smx
L 07/18/2020 - 14:28:50: [SM] Call stack trace:
L 07/18/2020 - 14:28:50: [SM]   [0] GetClientTeam
L 07/18/2020 - 14:28:50: [SM]   [1] Line 317, C:\Users\James\Desktop\ServerStuff\TF2server\tf\addons\sourcemod\scripting\pyrogineer.sp::FindBuildingOwnerTeam
L 07/18/2020 - 14:28:50: [SM]   [2] Line 132, C:\Users\James\Desktop\ServerStuff\TF2server\tf\addons\sourcemod\scripting\pyrogineer.sp::BuildingHit
L 07/18/2020 - 14:28:50: [SM]   [3] Line 98, C:\Users\James\Desktop\ServerStuff\TF2server\tf\addons\sourcemod\scripting\pyrogineer.sp::Hook_EntitySound
L 07/18/2020 - 14:28:50: [SM] Exception reported: Client index -1 is invalid
L 07/18/2020 - 14:28:50: [SM] Blaming: pyrogineer.smx
L 07/18/2020 - 14:28:50: [SM] Call stack trace:
L 07/18/2020 - 14:28:50: [SM]   [0] GetClientTeam
L 07/18/2020 - 14:28:50: [SM]   [1] Line 317, C:\Users\James\Desktop\ServerStuff\TF2server\tf\addons\sourcemod\scripting\pyrogineer.sp::FindBuildingOwnerTeam
L 07/18/2020 - 14:28:50: [SM]   [2] Line 132, C:\Users\James\Desktop\ServerStuff\TF2server\tf\addons\sourcemod\scripting\pyrogineer.sp::BuildingHit
L 07/18/2020 - 14:28:50: [SM]   [3] Line 98, C:\Users\James\Desktop\ServerStuff\TF2server\tf\addons\sourcemod\scripting\pyrogineer.sp::Hook_EntitySound
L 07/18/2020 - 14:28:55: [SM] Exception reported: Client index -1 is invalid
L 07/18/2020 - 14:28:55: [SM] Blaming: pyrogineer.smx
L 07/18/2020 - 14:28:55: [SM] Call stack trace:
L 07/18/2020 - 14:28:55: [SM]   [0] GetClientTeam
L 07/18/2020 - 14:28:55: [SM]   [1] Line 317, C:\Users\James\Desktop\ServerStuff\TF2server\tf\addons\sourcemod\scripting\pyrogineer.sp::FindBuildingOwnerTeam
L 07/18/2020 - 14:28:55: [SM]   [2] Line 132, C:\Users\James\Desktop\ServerStuff\TF2server\tf\addons\sourcemod\scripting\pyrogineer.sp::BuildingHit
L 07/18/2020 - 14:28:55: [SM]   [3] Line 98, C:\Users\James\Desktop\ServerStuff\TF2server\tf\addons\sourcemod\scripting\pyrogineer.sp::Hook_EntitySound
L 07/18/2020 - 14:28:56: [SM] Exception reported: Client index -1 is invalid
L 07/18/2020 - 14:28:56: [SM] Blaming: pyrogineer.smx
L 07/18/2020 - 14:28:56: [SM] Call stack trace:
L 07/18/2020 - 14:28:56: [SM]   [0] GetClientTeam
L 07/18/2020 - 14:28:56: [SM]   [1] Line 317, C:\Users\James\Desktop\ServerStuff\TF2server\tf\addons\sourcemod\scripting\pyrogineer.sp::FindBuildingOwnerTeam
L 07/18/2020 - 14:28:56: [SM]   [2] Line 132, C:\Users\James\Desktop\ServerStuff\TF2server\tf\addons\sourcemod\scripting\pyrogineer.sp::BuildingHit
L 07/18/2020 - 14:28:56: [SM]   [3] Line 98, C:\Users\James\Desktop\ServerStuff\TF2server\tf\addons\sourcemod\scripting\pyrogineer.sp::Hook_EntitySound
L 07/18/2020 - 14:28:57: [SM] Exception reported: Client index -1 is invalid
L 07/18/2020 - 14:28:57: [SM] Blaming: pyrogineer.smx
L 07/18/2020 - 14:28:57: [SM] Call stack trace:
L 07/18/2020 - 14:28:57: [SM]   [0] GetClientTeam
L 07/18/2020 - 14:28:57: [SM]   [1] Line 317, C:\Users\James\Desktop\ServerStuff\TF2server\tf\addons\sourcemod\scripting\pyrogineer.sp::FindBuildingOwnerTeam
L 07/18/2020 - 14:28:57: [SM]   [2] Line 132, C:\Users\James\Desktop\ServerStuff\TF2server\tf\addons\sourcemod\scripting\pyrogineer.sp::BuildingHit
L 07/18/2020 - 14:28:57: [SM]   [3] Line 98, C:\Users\James\Desktop\ServerStuff\TF2server\tf\addons\sourcemod\scripting\pyrogineer.sp::Hook_EntitySound
L 07/18/2020 - 14:28:58: [SM] Exception reported: Client index -1 is invalid
L 07/18/2020 - 14:28:58: [SM] Blaming: pyrogineer.smx
L 07/18/2020 - 14:28:58: [SM] Call stack trace:
L 07/18/2020 - 14:28:58: [SM]   [0] GetClientTeam
L 07/18/2020 - 14:28:58: [SM]   [1] Line 317, C:\Users\James\Desktop\ServerStuff\TF2server\tf\addons\sourcemod\scripting\pyrogineer.sp::FindBuildingOwnerTeam
L 07/18/2020 - 14:28:58: [SM]   [2] Line 132, C:\Users\James\Desktop\ServerStuff\TF2server\tf\addons\sourcemod\scripting\pyrogineer.sp::BuildingHit
L 07/18/2020 - 14:28:58: [SM]   [3] Line 98, C:\Users\James\Desktop\ServerStuff\TF2server\tf\addons\sourcemod\scripting\pyrogineer.sp::Hook_EntitySound
L 07/18/2020 - 14:30:46: SourceMod error session started
L 07/18/2020 - 14:30:46: Info (map "arena_lumberyard") (file "/home/steamsrv/tf2/tf/addons/sourcemod/logs/errors_20200718.log")
L 07/18/2020 - 14:30:46: [tf2attributes.smx] Could not initialize call to CEconItem::SetCustomName
L 07/18/2020 - 14:30:47: [store.smx] Gifts! isn't installed or failed to load. Gifts support will be disabled. Please install Gifts. (http://forums.alliedmods.net/showthread.php?t=175185)
L 07/18/2020 - 14:35:24: Error log file session closed.
L 07/18/2020 - 17:38:20: SourceMod error session started
L 07/18/2020 - 17:38:20: Info (map "vsh_manncohq_v14") (file "/home/steamsrv/tf2/tf/addons/sourcemod/logs/errors_20200718.log")
L 07/18/2020 - 17:38:20: [SM] Plugin "roundtimer.smx" encountered error 23: Native detected error
L 07/18/2020 - 17:38:20: [SM] Invalid timer handle 71070555 (error 3) during timer end, displayed function is timer callback, not the stack trace
L 07/18/2020 - 17:38:20: [SM] Unable to call function "Timer_Round" due to above error(s).
L 07/18/2020 - 17:46:38: [SM] Plugin "roundtimer.smx" encountered error 23: Native detected error
L 07/18/2020 - 17:46:38: [SM] Invalid timer handle 4a0556 (error 3) during timer end, displayed function is timer callback, not the stack trace
L 07/18/2020 - 17:46:38: [SM] Unable to call function "Timer_Round" due to above error(s).
L 07/18/2020 - 17:54:57: [SM] Plugin "roundtimer.smx" encountered error 23: Native detected error
L 07/18/2020 - 17:54:57: [SM] Invalid timer handle 8f790556 (error 3) during timer end, displayed function is timer callback, not the stack trace
L 07/18/2020 - 17:54:57: [SM] Unable to call function "Timer_Round" due to above error(s).
L 07/18/2020 - 17:56:37: Error log file session closed.
L 07/18/2020 - 17:59:30: SourceMod error session started
L 07/18/2020 - 17:59:30: Info (map "arena_lumberyard") (file "/home/steamsrv/tf2/tf/addons/sourcemod/logs/errors_20200718.log")
L 07/18/2020 - 17:59:30: [tf2attributes.smx] Could not initialize call to CEconItem::SetCustomName
L 07/18/2020 - 17:59:30: [store.smx] Gifts! isn't installed or failed to load. Gifts support will be disabled. Please install Gifts. (http://forums.alliedmods.net/showthread.php?t=175185)
L 07/18/2020 - 18:06:04: Error log file session closed.
L 07/18/2020 - 18:13:41: SourceMod error session started
L 07/18/2020 - 18:13:41: Info (map "arena_lumberyard") (file "/home/steamsrv/tf2/tf/addons/sourcemod/logs/errors_20200718.log")
L 07/18/2020 - 18:13:41: [tf2attributes.smx] Could not initialize call to CEconItem::SetCustomName
L 07/18/2020 - 18:13:42: [store.smx] Gifts! isn't installed or failed to load. Gifts support will be disabled. Please install Gifts. (http://forums.alliedmods.net/showthread.php?t=175185)
L 07/18/2020 - 18:13:42: [admin-flatfile.smx] Error(s) detected parsing addons/sourcemod/configs/admins.cfg
L 07/18/2020 - 18:13:42: [admin-flatfile.smx]  (line 58) Unknown group "InGame Administrators"
L 07/18/2020 - 18:13:42: [admin-flatfile.smx]  (line 65) Unknown group "InGame Administrators"
L 07/18/2020 - 18:16:01: Error log file session closed.
L 07/18/2020 - 18:16:01: SourceMod error session started
L 07/18/2020 - 18:16:01: Info (map "vsh_manncohq_v14") (file "/home/steamsrv/tf2/tf/addons/sourcemod/logs/errors_20200718.log")
L 07/18/2020 - 18:16:01: [admin-flatfile.smx] Error(s) detected parsing addons/sourcemod/configs/admins.cfg
L 07/18/2020 - 18:16:01: [admin-flatfile.smx]  (line 58) Unknown group "InGame Administrators"
L 07/18/2020 - 18:16:01: [admin-flatfile.smx]  (line 65) Unknown group "InGame Administrators"
L 07/18/2020 - 18:30:13: [SM] Plugin "roundtimer.smx" encountered error 23: Native detected error
L 07/18/2020 - 18:30:13: [SM] Invalid timer handle 33c90243 (error 3) during timer end, displayed function is timer callback, not the stack trace
L 07/18/2020 - 18:30:13: [SM] Unable to call function "Timer_Round" due to above error(s).
L 07/18/2020 - 18:46:58: Error log file session closed.
L 07/18/2020 - 18:46:58: SourceMod error session started
L 07/18/2020 - 18:46:58: Info (map "vsh_tranquil_b5") (file "/home/steamsrv/tf2/tf/addons/sourcemod/logs/errors_20200718.log")
L 07/18/2020 - 18:46:58: [admin-flatfile.smx] Error(s) detected parsing addons/sourcemod/configs/admins.cfg
L 07/18/2020 - 18:46:58: [admin-flatfile.smx]  (line 58) Unknown group "InGame Administrators"
L 07/18/2020 - 18:46:58: [admin-flatfile.smx]  (line 65) Unknown group "InGame Administrators"
L 07/18/2020 - 19:20:42: SourceMod error session started
L 07/18/2020 - 19:20:42: Info (map "arena_lumberyard") (file "/home/steamsrv/tf2/tf/addons/sourcemod/logs/errors_20200718.log")
L 07/18/2020 - 19:20:42: [SM] Unable to load extension "dhooks.ext": /home/steamsrv/tf2/tf/addons/sourcemod/extensions/dhooks.ext.so: cannot open shared object file: No such file or directory
L 07/18/2020 - 19:20:42: [tf2attributes.smx] Could not initialize call to CEconItem::SetCustomName
L 07/18/2020 - 19:20:42: [store.smx] Gifts! isn't installed or failed to load. Gifts support will be disabled. Please install Gifts. (http://forums.alliedmods.net/showthread.php?t=175185)
L 07/18/2020 - 19:20:42: [SM] Unable to load plugin "even-more-possibilities.smx": Required extension "dhooks" file("dhooks.ext") not running
L 07/18/2020 - 19:20:42: [admin-flatfile.smx] Error(s) detected parsing addons/sourcemod/configs/admins.cfg
L 07/18/2020 - 19:20:42: [admin-flatfile.smx]  (line 58) Unknown group "Head Administrators"
L 07/18/2020 - 19:20:42: [admin-flatfile.smx]  (line 65) Unknown group "Head Administrators"
L 07/18/2020 - 19:29:22: SourceMod error session started
L 07/18/2020 - 19:29:22: Info (map "arena_lumberyard") (file "/home/steamsrv/tf2/tf/addons/sourcemod/logs/errors_20200718.log")
L 07/18/2020 - 19:29:22: [SM] Unable to load extension "dhooks.ext": /home/steamsrv/tf2/tf/addons/sourcemod/extensions/dhooks.ext.so: cannot open shared object file: No such file or directory
L 07/18/2020 - 19:29:22: [tf2attributes.smx] Could not initialize call to CEconItem::SetCustomName
L 07/18/2020 - 19:29:22: [store.smx] Gifts! isn't installed or failed to load. Gifts support will be disabled. Please install Gifts. (http://forums.alliedmods.net/showthread.php?t=175185)
L 07/18/2020 - 19:29:22: [SM] Unable to load plugin "even-more-possibilities.smx": Required extension "dhooks" file("dhooks.ext") not running
L 07/18/2020 - 19:36:31: SourceMod error session started
L 07/18/2020 - 19:36:31: Info (map "arena_lumberyard") (file "/home/steamsrv/tf2/tf/addons/sourcemod/logs/errors_20200718.log")
L 07/18/2020 - 19:36:31: [SM] Unable to load extension "dhooks.ext": /home/steamsrv/tf2/tf/addons/sourcemod/extensions/dhooks.ext.so: cannot open shared object file: No such file or directory
L 07/18/2020 - 19:36:31: [tf2attributes.smx] Could not initialize call to CEconItem::SetCustomName
L 07/18/2020 - 19:36:31: [store.smx] Gifts! isn't installed or failed to load. Gifts support will be disabled. Please install Gifts. (http://forums.alliedmods.net/showthread.php?t=175185)
L 07/18/2020 - 19:36:31: [SM] Unable to load plugin "even-more-possibilities.smx": Required extension "dhooks" file("dhooks.ext") not running
L 07/18/2020 - 19:39:50: SourceMod error session started
L 07/18/2020 - 19:39:50: Info (map "arena_lumberyard") (file "/home/steamsrv/tf2/tf/addons/sourcemod/logs/errors_20200718.log")
L 07/18/2020 - 19:39:50: [tf2attributes.smx] Could not initialize call to CEconItem::SetCustomName
L 07/18/2020 - 19:39:50: [store.smx] Gifts! isn't installed or failed to load. Gifts support will be disabled. Please install Gifts. (http://forums.alliedmods.net/showthread.php?t=175185)
L 07/18/2020 - 20:56:41: Error log file session closed.
L 07/18/2020 - 21:09:21: SourceMod error session started
L 07/18/2020 - 21:09:21: Info (map "arena_lumberyard") (file "/home/steamsrv/tf2/tf/addons/sourcemod/logs/errors_20200718.log")
L 07/18/2020 - 21:09:21: [SM] Plugin "roundtimer.smx" encountered error 23: Native detected error
L 07/18/2020 - 21:09:21: [SM] Invalid timer handle d9f9027c (error 3) during timer end, displayed function is timer callback, not the stack trace
L 07/18/2020 - 21:09:21: [SM] Unable to call function "Timer_Round" due to above error(s).
L 07/18/2020 - 21:17:39: [SM] Plugin "roundtimer.smx" encountered error 23: Native detected error
L 07/18/2020 - 21:17:39: [SM] Invalid timer handle 78140283 (error 3) during timer end, displayed function is timer callback, not the stack trace
L 07/18/2020 - 21:17:39: [SM] Unable to call function "Timer_Round" due to above error(s).
L 07/18/2020 - 21:22:13: Error log file session closed.
L 07/18/2020 - 21:58:04: SourceMod error session started
L 07/18/2020 - 21:58:04: Info (map "vsh_castle_siege_unreal_sg1") (file "/home/steamsrv/tf2/tf/addons/sourcemod/logs/errors_20200718.log")
L 07/18/2020 - 21:58:04: [SM] Plugin "roundtimer.smx" encountered error 23: Native detected error
L 07/18/2020 - 21:58:04: [SM] Invalid timer handle 4f4d0593 (error 3) during timer end, displayed function is timer callback, not the stack trace
L 07/18/2020 - 21:58:04: [SM] Unable to call function "Timer_Round" due to above error(s).
L 07/18/2020 - 22:04:13: Error log file session closed.
L 07/18/2020 - 22:08:52: SourceMod error session started
L 07/18/2020 - 22:08:52: Info (map "arena_lumberyard") (file "/home/steamsrv/tf2/tf/addons/sourcemod/logs/errors_20200718.log")
L 07/18/2020 - 22:08:52: [tf2attributes.smx] Could not initialize call to CEconItem::SetCustomName
L 07/18/2020 - 22:08:53: [store.smx] Gifts! isn't installed or failed to load. Gifts support will be disabled. Please install Gifts. (http://forums.alliedmods.net/showthread.php?t=175185)
L 07/18/2020 - 22:08:53: [store.smx] Database connection is lost or not yet initialized.
L 07/18/2020 - 22:08:53: [store.smx] Database connection is lost or not yet initialized.
L 07/18/2020 - 22:19:56: [tf2attributes.smx] Could not initialize call to CEconItem::SetCustomName
L 07/18/2020 - 22:19:56: [store.smx] Gifts! isn't installed or failed to load. Gifts support will be disabled. Please install Gifts. (http://forums.alliedmods.net/showthread.php?t=175185)
L 07/18/2020 - 22:19:56: [store.smx] Database connection is lost or not yet initialized.
L 07/18/2020 - 22:19:56: [store.smx] Database connection is lost or not yet initialized.
L 07/18/2020 - 22:22:13: [tf2attributes.smx] Could not initialize call to CEconItem::SetCustomName
L 07/18/2020 - 22:22:13: [store.smx] Gifts! isn't installed or failed to load. Gifts support will be disabled. Please install Gifts. (http://forums.alliedmods.net/showthread.php?t=175185)
L 07/18/2020 - 22:22:13: [store.smx] Database connection is lost or not yet initialized.
L 07/18/2020 - 22:22:13: [store.smx] Database connection is lost or not yet initialized.
L 07/18/2020 - 22:27:41: [tf2attributes.smx] Could not initialize call to CEconItem::SetCustomName
L 07/18/2020 - 22:27:41: [store.smx] Gifts! isn't installed or failed to load. Gifts support will be disabled. Please install Gifts. (http://forums.alliedmods.net/showthread.php?t=175185)
L 07/18/2020 - 22:27:41: [store.smx] Database connection is lost or not yet initialized.
L 07/18/2020 - 22:27:41: [store.smx] Database connection is lost or not yet initialized.
L 07/18/2020 - 22:35:58: [SM] Plugin "roundtimer.smx" encountered error 23: Native detected error
L 07/18/2020 - 22:35:58: [SM] Invalid timer handle 649c0242 (error 3) during timer end, displayed function is timer callback, not the stack trace
L 07/18/2020 - 22:35:58: [SM] Unable to call function "Timer_Round" due to above error(s).
L 07/18/2020 - 22:36:20: Error log file session closed.
L 07/18/2020 - 22:50:15: SourceMod error session started
L 07/18/2020 - 22:50:15: Info (map "arena_lumberyard") (file "/home/steamsrv/tf2/tf/addons/sourcemod/logs/errors_20200718.log")
L 07/18/2020 - 22:50:15: [tf2attributes.smx] Could not initialize call to CEconItem::SetCustomName
L 07/18/2020 - 22:50:15: [store.smx] Gifts! isn't installed or failed to load. Gifts support will be disabled. Please install Gifts. (http://forums.alliedmods.net/showthread.php?t=175185)
L 07/18/2020 - 23:06:56: Error log file session closed.
