L 12/07/2020 - 01:58:13: SourceMod error session started
L 12/07/2020 - 01:58:13: Info (map "vsh_abandoned_warehouse_final_v3") (file "/home/steamsrv/tf2/tf/addons/sourcemod/logs/errors_20201207.log")
L 12/07/2020 - 01:58:13: [tf2attributes.smx] Could not initialize call to CEconItem::SetCustomName
L 12/07/2020 - 01:58:13: [store.smx] Gifts! isn't installed or failed to load. Gifts support will be disabled. Please install Gifts. (http://forums.alliedmods.net/showthread.php?t=175185)
L 12/07/2020 - 01:58:13: [store.smx] Database connection is lost or not yet initialized.
L 12/07/2020 - 01:58:13: [store.smx] Database connection is lost or not yet initialized.
L 12/07/2020 - 02:00:43: Error log file session closed.
L 12/07/2020 - 02:02:14: SourceMod error session started
L 12/07/2020 - 02:02:14: Info (map "vsh_nebula_rc1") (file "/home/steamsrv/tf2/tf/addons/sourcemod/logs/errors_20201207.log")
L 12/07/2020 - 02:02:14: [tf2attributes.smx] Could not initialize call to CEconItem::SetCustomName
L 12/07/2020 - 02:02:14: [store.smx] Gifts! isn't installed or failed to load. Gifts support will be disabled. Please install Gifts. (http://forums.alliedmods.net/showthread.php?t=175185)
L 12/07/2020 - 02:02:14: [store.smx] Database connection is lost or not yet initialized.
L 12/07/2020 - 02:02:14: [store.smx] Database connection is lost or not yet initialized.
L 12/07/2020 - 02:02:14: [SM] Exception reported: Entity 3 is invalid
L 12/07/2020 - 02:02:14: [SM] Blaming: fc.smx
L 12/07/2020 - 02:02:14: [SM] Call stack trace:
L 12/07/2020 - 02:02:14: [SM]   [0] SDKHook
L 12/07/2020 - 02:02:14: [SM]   [1] Line 391, D:\storage\Dropbox\Sourcemod\nieuw\sourcemod\scripting\fc.sp::Init
L 12/07/2020 - 02:02:14: [SM]   [2] Line 173, D:\storage\Dropbox\Sourcemod\nieuw\sourcemod\scripting\fc.sp::OnPluginStart
L 12/07/2020 - 02:02:14: [SM] Unable to load plugin "fc.smx": Error detected in plugin startup (see error logs)
L 12/07/2020 - 02:16:51: [freaks/ff2_1st_set_abilities.ff2] [FF2 Bosses] Model 'models\props_halloween\eyeball_projectile.mdl' isn't precached!  Please check Freddy Krueger's "mod_precache"
L 12/07/2020 - 02:33:00: Error log file session closed.
L 12/07/2020 - 18:25:56: SourceMod error session started
L 12/07/2020 - 18:25:56: Info (map "vsh_area_54tress_b4") (file "/home/steamsrv/tf2/tf/addons/sourcemod/logs/errors_20201207.log")
L 12/07/2020 - 18:25:56: [SM] Exception reported: Cowardly refusing to add invalid attribute index "0" to an item.
L 12/07/2020 - 18:25:56: [SM] Blaming: pyrogineer.smx
L 12/07/2020 - 18:25:56: [SM] Call stack trace:
L 12/07/2020 - 18:25:56: [SM]   [0] TF2Items_SetAttribute
L 12/07/2020 - 18:25:56: [SM]   [1] Line 271, C:\Users\James\Desktop\ServerStuff\TF2server\tf\addons\sourcemod\scripting\pyrogineer.sp::PrepareItemHandle
L 12/07/2020 - 18:25:56: [SM]   [2] Line 294, C:\Users\James\Desktop\ServerStuff\TF2server\tf\addons\sourcemod\scripting\pyrogineer.sp::TF2Items_OnGiveNamedItem
L 12/07/2020 - 18:25:56: [SM]   [4] TF2_RegeneratePlayer
L 12/07/2020 - 18:25:56: [SM]   [5] Line 9918, Unofficial Freak Fortress::OnPostInventoryApplication
L 12/07/2020 - 18:25:56: [SM]   [7] TF2_RespawnPlayer
L 12/07/2020 - 18:25:56: [SM]   [8] Line 3377, Unofficial Freak Fortress::OnRoundSetup
L 12/07/2020 - 18:29:27: Error log file session closed.
L 12/07/2020 - 18:53:25: SourceMod error session started
L 12/07/2020 - 18:53:25: Info (map "vsh_void_a1f") (file "/home/steamsrv/tf2/tf/addons/sourcemod/logs/errors_20201207.log")
L 12/07/2020 - 18:53:25: [SM] Plugin "roundtimer.smx" encountered error 23: Native detected error
L 12/07/2020 - 18:53:25: [SM] Invalid timer handle b5560984 (error 3) during timer end, displayed function is timer callback, not the stack trace
L 12/07/2020 - 18:53:25: [SM] Unable to call function "Timer_Round" due to above error(s).
L 12/07/2020 - 18:59:55: Error log file session closed.
