L 07/21/2020 - 16:17:09: SourceMod error session started
L 07/21/2020 - 16:17:09: Info (map "arena_lumberyard") (file "/home/steamsrv/tf2/tf/addons/sourcemod/logs/errors_20200721.log")
L 07/21/2020 - 16:17:09: [tf2attributes.smx] Could not initialize call to CEconItem::SetCustomName
L 07/21/2020 - 16:17:10: [store.smx] Gifts! isn't installed or failed to load. Gifts support will be disabled. Please install Gifts. (http://forums.alliedmods.net/showthread.php?t=175185)
L 07/21/2020 - 16:17:10: [store.smx] Database connection is lost or not yet initialized.
L 07/21/2020 - 16:17:10: [store.smx] Database connection is lost or not yet initialized.
L 07/21/2020 - 16:20:32: [tf2attributes.smx] Could not initialize call to CEconItem::SetCustomName
L 07/21/2020 - 16:20:33: [store.smx] Gifts! isn't installed or failed to load. Gifts support will be disabled. Please install Gifts. (http://forums.alliedmods.net/showthread.php?t=175185)
L 07/21/2020 - 16:20:33: [store.smx] Database connection is lost or not yet initialized.
L 07/21/2020 - 16:20:33: [store.smx] Database connection is lost or not yet initialized.
L 07/21/2020 - 16:22:54: [SM] Exception reported: Config file missing
L 07/21/2020 - 16:22:54: [SM] Blaming: custom-chatcolors.smx
L 07/21/2020 - 16:22:54: [SM] Call stack trace:
L 07/21/2020 - 16:22:54: [SM]   [0] SetFailState
L 07/21/2020 - 16:22:54: [SM]   [1] Line 88, D:\Libraries\Documents\Repos\Public Plugins\scripting\custom-chatcolors.sp::LoadConfig
L 07/21/2020 - 16:22:54: [SM]   [2] Line 77, D:\Libraries\Documents\Repos\Public Plugins\scripting\custom-chatcolors.sp::OnPluginStart
L 07/21/2020 - 16:22:54: [SM] Unable to load plugin "custom-chatcolors.smx": Error detected in plugin startup (see error logs)
L 07/21/2020 - 16:22:54: [tf2attributes.smx] Could not initialize call to CEconItem::SetCustomName
L 07/21/2020 - 16:22:55: [store.smx] Gifts! isn't installed or failed to load. Gifts support will be disabled. Please install Gifts. (http://forums.alliedmods.net/showthread.php?t=175185)
L 07/21/2020 - 16:22:55: [store.smx] Database connection is lost or not yet initialized.
L 07/21/2020 - 16:22:55: [store.smx] Database connection is lost or not yet initialized.
L 07/21/2020 - 16:31:13: [SM] Plugin "roundtimer.smx" encountered error 23: Native detected error
L 07/21/2020 - 16:31:13: [SM] Invalid timer handle 543d0756 (error 3) during timer end, displayed function is timer callback, not the stack trace
L 07/21/2020 - 16:31:13: [SM] Unable to call function "Timer_Round" due to above error(s).
L 07/21/2020 - 16:31:32: Error log file session closed.
L 07/21/2020 - 16:41:05: SourceMod error session started
L 07/21/2020 - 16:41:05: Info (map "vsh_manncohq_v14") (file "/home/steamsrv/tf2/tf/addons/sourcemod/logs/errors_20200721.log")
L 07/21/2020 - 16:41:05: [SM] Plugin "roundtimer.smx" encountered error 23: Native detected error
L 07/21/2020 - 16:41:05: [SM] Invalid timer handle f79305d3 (error 3) during timer end, displayed function is timer callback, not the stack trace
L 07/21/2020 - 16:41:05: [SM] Unable to call function "Timer_Round" due to above error(s).
L 07/21/2020 - 16:42:02: Error log file session closed.
L 07/21/2020 - 16:47:29: SourceMod error session started
L 07/21/2020 - 16:47:29: Info (map "vsh_manncohq_v14") (file "/home/steamsrv/tf2/tf/addons/sourcemod/logs/errors_20200721.log")
L 07/21/2020 - 16:47:29: [tf2attributes.smx] Could not initialize call to CEconItem::SetCustomName
L 07/21/2020 - 16:47:29: [store.smx] Gifts! isn't installed or failed to load. Gifts support will be disabled. Please install Gifts. (http://forums.alliedmods.net/showthread.php?t=175185)
L 07/21/2020 - 16:47:29: [store.smx] Database connection is lost or not yet initialized.
L 07/21/2020 - 16:47:29: [store.smx] Database connection is lost or not yet initialized.
L 07/21/2020 - 16:55:41: [SM] Plugin "roundtimer.smx" encountered error 23: Native detected error
L 07/21/2020 - 16:55:41: [SM] Invalid timer handle 4ba01a6 (error 3) during timer end, displayed function is timer callback, not the stack trace
L 07/21/2020 - 16:55:41: [SM] Unable to call function "Timer_Round" due to above error(s).
L 07/21/2020 - 17:00:41: [tf2attributes.smx] Could not initialize call to CEconItem::SetCustomName
L 07/21/2020 - 17:00:41: [store.smx] Gifts! isn't installed or failed to load. Gifts support will be disabled. Please install Gifts. (http://forums.alliedmods.net/showthread.php?t=175185)
L 07/21/2020 - 17:00:41: [store.smx] Database connection is lost or not yet initialized.
L 07/21/2020 - 17:00:41: [store.smx] Database connection is lost or not yet initialized.
L 07/21/2020 - 17:03:03: [tf2attributes.smx] Could not initialize call to CEconItem::SetCustomName
L 07/21/2020 - 17:03:03: [store.smx] Gifts! isn't installed or failed to load. Gifts support will be disabled. Please install Gifts. (http://forums.alliedmods.net/showthread.php?t=175185)
L 07/21/2020 - 17:03:03: [store.smx] Database connection is lost or not yet initialized.
L 07/21/2020 - 17:03:03: [store.smx] Database connection is lost or not yet initialized.
L 07/21/2020 - 17:11:56: [SM] Plugin "roundtimer.smx" encountered error 23: Native detected error
L 07/21/2020 - 17:11:56: [SM] Invalid timer handle 270f0554 (error 3) during timer end, displayed function is timer callback, not the stack trace
L 07/21/2020 - 17:11:56: [SM] Unable to call function "Timer_Round" due to above error(s).
L 07/21/2020 - 17:14:05: [tf2attributes.smx] Could not initialize call to CEconItem::SetCustomName
L 07/21/2020 - 17:14:05: [store.smx] Gifts! isn't installed or failed to load. Gifts support will be disabled. Please install Gifts. (http://forums.alliedmods.net/showthread.php?t=175185)
L 07/21/2020 - 17:14:05: [store.smx] Database connection is lost or not yet initialized.
L 07/21/2020 - 17:14:05: [store.smx] Database connection is lost or not yet initialized.
L 07/21/2020 - 17:22:22: [SM] Plugin "roundtimer.smx" encountered error 23: Native detected error
L 07/21/2020 - 17:22:22: [SM] Invalid timer handle e1bc0563 (error 3) during timer end, displayed function is timer callback, not the stack trace
L 07/21/2020 - 17:22:22: [SM] Unable to call function "Timer_Round" due to above error(s).
L 07/21/2020 - 17:22:43: Error log file session closed.
L 07/21/2020 - 17:24:54: SourceMod error session started
L 07/21/2020 - 17:24:54: Info (map "arena_watchtower") (file "/home/steamsrv/tf2/tf/addons/sourcemod/logs/errors_20200721.log")
L 07/21/2020 - 17:24:54: [tf2attributes.smx] Could not initialize call to CEconItem::SetCustomName
L 07/21/2020 - 17:24:54: [store.smx] Gifts! isn't installed or failed to load. Gifts support will be disabled. Please install Gifts. (http://forums.alliedmods.net/showthread.php?t=175185)
L 07/21/2020 - 17:24:54: [store.smx] Database connection is lost or not yet initialized.
L 07/21/2020 - 17:27:57: [tf2attributes.smx] Could not initialize call to CEconItem::SetCustomName
L 07/21/2020 - 17:27:57: [store.smx] Gifts! isn't installed or failed to load. Gifts support will be disabled. Please install Gifts. (http://forums.alliedmods.net/showthread.php?t=175185)
L 07/21/2020 - 17:27:57: [store.smx] Database connection is lost or not yet initialized.
L 07/21/2020 - 17:27:57: [adminmenu.smx] Duplicate command name "Player speed" in adminmenu_custom.txt category "PlayerCommands"
L 07/21/2020 - 17:29:22: [tf2attributes.smx] Could not initialize call to CEconItem::SetCustomName
L 07/21/2020 - 17:29:23: [store.smx] Gifts! isn't installed or failed to load. Gifts support will be disabled. Please install Gifts. (http://forums.alliedmods.net/showthread.php?t=175185)
L 07/21/2020 - 17:29:23: [store.smx] Database connection is lost or not yet initialized.
L 07/21/2020 - 17:32:51: [tf2attributes.smx] Could not initialize call to CEconItem::SetCustomName
L 07/21/2020 - 17:32:51: [store.smx] Gifts! isn't installed or failed to load. Gifts support will be disabled. Please install Gifts. (http://forums.alliedmods.net/showthread.php?t=175185)
L 07/21/2020 - 17:32:51: [store.smx] Database connection is lost or not yet initialized.
L 07/21/2020 - 17:34:07: [tf2attributes.smx] Could not initialize call to CEconItem::SetCustomName
L 07/21/2020 - 17:34:07: [store.smx] Gifts! isn't installed or failed to load. Gifts support will be disabled. Please install Gifts. (http://forums.alliedmods.net/showthread.php?t=175185)
L 07/21/2020 - 17:34:07: [store.smx] Database connection is lost or not yet initialized.
L 07/21/2020 - 17:41:35: [tf2attributes.smx] Could not initialize call to CEconItem::SetCustomName
L 07/21/2020 - 17:41:35: [store.smx] Gifts! isn't installed or failed to load. Gifts support will be disabled. Please install Gifts. (http://forums.alliedmods.net/showthread.php?t=175185)
L 07/21/2020 - 17:41:35: [store.smx] Database connection is lost or not yet initialized.
L 07/21/2020 - 17:43:15: [tf2attributes.smx] Could not initialize call to CEconItem::SetCustomName
L 07/21/2020 - 17:43:16: [store.smx] Gifts! isn't installed or failed to load. Gifts support will be disabled. Please install Gifts. (http://forums.alliedmods.net/showthread.php?t=175185)
L 07/21/2020 - 17:43:16: [store.smx] Database connection is lost or not yet initialized.
L 07/21/2020 - 17:44:33: [tf2attributes.smx] Could not initialize call to CEconItem::SetCustomName
L 07/21/2020 - 17:44:34: [store.smx] Gifts! isn't installed or failed to load. Gifts support will be disabled. Please install Gifts. (http://forums.alliedmods.net/showthread.php?t=175185)
L 07/21/2020 - 17:44:34: [store.smx] Database connection is lost or not yet initialized.
L 07/21/2020 - 17:45:14: [tf2attributes.smx] Could not initialize call to CEconItem::SetCustomName
L 07/21/2020 - 17:45:15: [store.smx] Gifts! isn't installed or failed to load. Gifts support will be disabled. Please install Gifts. (http://forums.alliedmods.net/showthread.php?t=175185)
L 07/21/2020 - 17:45:15: [store.smx] Database connection is lost or not yet initialized.
L 07/21/2020 - 17:48:01: Error log file session closed.
L 07/21/2020 - 17:53:37: SourceMod error session started
L 07/21/2020 - 17:53:37: Info (map "vsh_castle_siege_unreal_sg1") (file "/home/steamsrv/tf2/tf/addons/sourcemod/logs/errors_20200721.log")
L 07/21/2020 - 17:53:37: [tf2attributes.smx] Could not initialize call to CEconItem::SetCustomName
L 07/21/2020 - 17:53:37: [store.smx] Gifts! isn't installed or failed to load. Gifts support will be disabled. Please install Gifts. (http://forums.alliedmods.net/showthread.php?t=175185)
L 07/21/2020 - 17:53:37: [store.smx] Database connection is lost or not yet initialized.
L 07/21/2020 - 17:54:58: Error log file session closed.
L 07/21/2020 - 17:57:15: SourceMod error session started
L 07/21/2020 - 17:57:15: Info (map "vsh_castle_siege_unreal_sg1") (file "/home/steamsrv/tf2/tf/addons/sourcemod/logs/errors_20200721.log")
L 07/21/2020 - 17:57:15: [tf2attributes.smx] Could not initialize call to CEconItem::SetCustomName
L 07/21/2020 - 17:57:15: [store.smx] Gifts! isn't installed or failed to load. Gifts support will be disabled. Please install Gifts. (http://forums.alliedmods.net/showthread.php?t=175185)
L 07/21/2020 - 17:57:15: [store.smx] Database connection is lost or not yet initialized.
L 07/21/2020 - 17:59:48: [tf2attributes.smx] Could not initialize call to CEconItem::SetCustomName
L 07/21/2020 - 17:59:49: [store.smx] Gifts! isn't installed or failed to load. Gifts support will be disabled. Please install Gifts. (http://forums.alliedmods.net/showthread.php?t=175185)
L 07/21/2020 - 17:59:49: [store.smx] Database connection is lost or not yet initialized.
L 07/21/2020 - 18:08:07: [SM] Plugin "roundtimer.smx" encountered error 23: Native detected error
L 07/21/2020 - 18:08:07: [SM] Invalid timer handle 9ec5054d (error 3) during timer end, displayed function is timer callback, not the stack trace
L 07/21/2020 - 18:08:07: [SM] Unable to call function "Timer_Round" due to above error(s).
L 07/21/2020 - 18:10:31: [tf2attributes.smx] Could not initialize call to CEconItem::SetCustomName
L 07/21/2020 - 18:10:32: [store.smx] Gifts! isn't installed or failed to load. Gifts support will be disabled. Please install Gifts. (http://forums.alliedmods.net/showthread.php?t=175185)
L 07/21/2020 - 18:10:32: [store.smx] Database connection is lost or not yet initialized.
L 07/21/2020 - 18:14:15: Error log file session closed.
L 07/21/2020 - 18:51:30: SourceMod error session started
L 07/21/2020 - 18:51:30: Info (map "vsh_manncohq_v14") (file "/home/steamsrv/tf2/tf/addons/sourcemod/logs/errors_20200721.log")
L 07/21/2020 - 18:51:30: [tf2attributes.smx] Could not initialize call to CEconItem::SetCustomName
L 07/21/2020 - 18:51:31: [store.smx] Gifts! isn't installed or failed to load. Gifts support will be disabled. Please install Gifts. (http://forums.alliedmods.net/showthread.php?t=175185)
L 07/21/2020 - 18:51:31: [store.smx] Database connection is lost or not yet initialized.
L 07/21/2020 - 18:51:53: Error log file session closed.
L 07/21/2020 - 18:56:37: SourceMod error session started
L 07/21/2020 - 18:56:37: Info (map "arena_lumberyard") (file "/home/steamsrv/tf2/tf/addons/sourcemod/logs/errors_20200721.log")
L 07/21/2020 - 18:56:37: [tf2attributes.smx] Could not initialize call to CEconItem::SetCustomName
L 07/21/2020 - 18:56:37: [store.smx] Gifts! isn't installed or failed to load. Gifts support will be disabled. Please install Gifts. (http://forums.alliedmods.net/showthread.php?t=175185)
L 07/21/2020 - 18:56:37: [store.smx] Database connection is lost or not yet initialized.
L 07/21/2020 - 19:04:56: [SM] Plugin "roundtimer.smx" encountered error 23: Native detected error
L 07/21/2020 - 19:04:56: [SM] Invalid timer handle 36be027e (error 3) during timer end, displayed function is timer callback, not the stack trace
L 07/21/2020 - 19:04:56: [SM] Unable to call function "Timer_Round" due to above error(s).
L 07/21/2020 - 19:13:14: [SM] Plugin "roundtimer.smx" encountered error 23: Native detected error
L 07/21/2020 - 19:13:14: [SM] Invalid timer handle c67a0277 (error 3) during timer end, displayed function is timer callback, not the stack trace
L 07/21/2020 - 19:13:14: [SM] Unable to call function "Timer_Round" due to above error(s).
L 07/21/2020 - 19:14:21: [tf2attributes.smx] Could not initialize call to CEconItem::SetCustomName
L 07/21/2020 - 19:14:21: [store.smx] Gifts! isn't installed or failed to load. Gifts support will be disabled. Please install Gifts. (http://forums.alliedmods.net/showthread.php?t=175185)
L 07/21/2020 - 19:14:21: [store.smx] Database connection is lost or not yet initialized.
L 07/21/2020 - 19:16:28: [tf2attributes.smx] Could not initialize call to CEconItem::SetCustomName
L 07/21/2020 - 19:16:29: [store.smx] Gifts! isn't installed or failed to load. Gifts support will be disabled. Please install Gifts. (http://forums.alliedmods.net/showthread.php?t=175185)
L 07/21/2020 - 19:16:29: [store.smx] Database connection is lost or not yet initialized.
L 07/21/2020 - 19:24:47: [SM] Plugin "roundtimer.smx" encountered error 23: Native detected error
L 07/21/2020 - 19:24:47: [SM] Invalid timer handle 90d60290 (error 3) during timer end, displayed function is timer callback, not the stack trace
L 07/21/2020 - 19:24:47: [SM] Unable to call function "Timer_Round" due to above error(s).
L 07/21/2020 - 19:25:07: Error log file session closed.
L 07/21/2020 - 19:26:46: SourceMod error session started
L 07/21/2020 - 19:26:46: Info (map "arena_lumberyard") (file "/home/steamsrv/tf2/tf/addons/sourcemod/logs/errors_20200721.log")
L 07/21/2020 - 19:26:46: [tf2attributes.smx] Could not initialize call to CEconItem::SetCustomName
L 07/21/2020 - 19:26:46: [store.smx] Gifts! isn't installed or failed to load. Gifts support will be disabled. Please install Gifts. (http://forums.alliedmods.net/showthread.php?t=175185)
L 07/21/2020 - 19:26:46: [store.smx] Database connection is lost or not yet initialized.
L 07/21/2020 - 19:28:11: [tf2attributes.smx] Could not initialize call to CEconItem::SetCustomName
L 07/21/2020 - 19:28:11: [store.smx] Gifts! isn't installed or failed to load. Gifts support will be disabled. Please install Gifts. (http://forums.alliedmods.net/showthread.php?t=175185)
L 07/21/2020 - 19:28:11: [store.smx] Database connection is lost or not yet initialized.
L 07/21/2020 - 19:28:11: [store.smx] Database connection is lost or not yet initialized.
L 07/21/2020 - 19:30:51: [tf2attributes.smx] Could not initialize call to CEconItem::SetCustomName
L 07/21/2020 - 19:30:52: [store.smx] Gifts! isn't installed or failed to load. Gifts support will be disabled. Please install Gifts. (http://forums.alliedmods.net/showthread.php?t=175185)
L 07/21/2020 - 19:30:52: [store.smx] Database connection is lost or not yet initialized.
L 07/21/2020 - 19:30:52: [store.smx] Database connection is lost or not yet initialized.
L 07/21/2020 - 19:32:46: [tf2attributes.smx] Could not initialize call to CEconItem::SetCustomName
L 07/21/2020 - 19:32:46: [store.smx] Gifts! isn't installed or failed to load. Gifts support will be disabled. Please install Gifts. (http://forums.alliedmods.net/showthread.php?t=175185)
L 07/21/2020 - 19:32:46: [store.smx] Database connection is lost or not yet initialized.
L 07/21/2020 - 19:32:46: [store.smx] Database connection is lost or not yet initialized.
L 07/21/2020 - 19:39:22: [tf2attributes.smx] Could not initialize call to CEconItem::SetCustomName
L 07/21/2020 - 19:39:23: [store.smx] Gifts! isn't installed or failed to load. Gifts support will be disabled. Please install Gifts. (http://forums.alliedmods.net/showthread.php?t=175185)
L 07/21/2020 - 19:39:23: [store.smx] Database connection is lost or not yet initialized.
L 07/21/2020 - 19:39:23: [store.smx] Database connection is lost or not yet initialized.
L 07/21/2020 - 19:39:49: [tf2attributes.smx] Could not initialize call to CEconItem::SetCustomName
L 07/21/2020 - 19:39:49: [store.smx] Gifts! isn't installed or failed to load. Gifts support will be disabled. Please install Gifts. (http://forums.alliedmods.net/showthread.php?t=175185)
L 07/21/2020 - 19:39:49: [store.smx] Database connection is lost or not yet initialized.
L 07/21/2020 - 19:39:49: [store.smx] Database connection is lost or not yet initialized.
L 07/21/2020 - 19:43:39: [tf2attributes.smx] Could not initialize call to CEconItem::SetCustomName
L 07/21/2020 - 19:43:39: [store.smx] Gifts! isn't installed or failed to load. Gifts support will be disabled. Please install Gifts. (http://forums.alliedmods.net/showthread.php?t=175185)
L 07/21/2020 - 19:43:39: [store.smx] Database connection is lost or not yet initialized.
L 07/21/2020 - 19:43:39: [store.smx] Database connection is lost or not yet initialized.
L 07/21/2020 - 19:44:53: [tf2attributes.smx] Could not initialize call to CEconItem::SetCustomName
L 07/21/2020 - 19:44:53: [store.smx] Gifts! isn't installed or failed to load. Gifts support will be disabled. Please install Gifts. (http://forums.alliedmods.net/showthread.php?t=175185)
L 07/21/2020 - 19:44:53: [store.smx] Database connection is lost or not yet initialized.
L 07/21/2020 - 19:44:53: [store.smx] Database connection is lost or not yet initialized.
L 07/21/2020 - 19:46:59: [tf2attributes.smx] Could not initialize call to CEconItem::SetCustomName
L 07/21/2020 - 19:47:00: [store.smx] Gifts! isn't installed or failed to load. Gifts support will be disabled. Please install Gifts. (http://forums.alliedmods.net/showthread.php?t=175185)
L 07/21/2020 - 19:47:00: [store.smx] Database connection is lost or not yet initialized.
L 07/21/2020 - 19:47:00: [store.smx] Database connection is lost or not yet initialized.
L 07/21/2020 - 19:52:29: [tf2attributes.smx] Could not initialize call to CEconItem::SetCustomName
L 07/21/2020 - 19:52:30: [store.smx] Gifts! isn't installed or failed to load. Gifts support will be disabled. Please install Gifts. (http://forums.alliedmods.net/showthread.php?t=175185)
L 07/21/2020 - 19:52:30: [store.smx] Database connection is lost or not yet initialized.
L 07/21/2020 - 19:52:30: [store.smx] Database connection is lost or not yet initialized.
L 07/21/2020 - 20:00:48: [SM] Plugin "roundtimer.smx" encountered error 23: Native detected error
L 07/21/2020 - 20:00:48: [SM] Invalid timer handle e98e0585 (error 3) during timer end, displayed function is timer callback, not the stack trace
L 07/21/2020 - 20:00:48: [SM] Unable to call function "Timer_Round" due to above error(s).
L 07/21/2020 - 20:01:11: Error log file session closed.
L 07/21/2020 - 20:16:10: SourceMod error session started
L 07/21/2020 - 20:16:10: Info (map "arena_badlands") (file "/home/steamsrv/tf2/tf/addons/sourcemod/logs/errors_20200721.log")
L 07/21/2020 - 20:16:10: [SM] Plugin "roundtimer.smx" encountered error 23: Native detected error
L 07/21/2020 - 20:16:10: [SM] Invalid timer handle e20805d6 (error 3) during timer end, displayed function is timer callback, not the stack trace
L 07/21/2020 - 20:16:10: [SM] Unable to call function "Timer_Round" due to above error(s).
L 07/21/2020 - 20:24:28: [SM] Plugin "roundtimer.smx" encountered error 23: Native detected error
L 07/21/2020 - 20:24:28: [SM] Invalid timer handle 7466062b (error 3) during timer end, displayed function is timer callback, not the stack trace
L 07/21/2020 - 20:24:28: [SM] Unable to call function "Timer_Round" due to above error(s).
L 07/21/2020 - 20:30:08: Error log file session closed.
L 07/21/2020 - 20:32:02: SourceMod error session started
L 07/21/2020 - 20:32:02: Info (map "vsh_manncohq_v14") (file "/home/steamsrv/tf2/tf/addons/sourcemod/logs/errors_20200721.log")
L 07/21/2020 - 20:32:02: [tf2attributes.smx] Could not initialize call to CEconItem::SetCustomName
L 07/21/2020 - 20:32:02: [store.smx] Gifts! isn't installed or failed to load. Gifts support will be disabled. Please install Gifts. (http://forums.alliedmods.net/showthread.php?t=175185)
L 07/21/2020 - 20:32:02: [store.smx] Database connection is lost or not yet initialized.
L 07/21/2020 - 20:32:02: [store.smx] Database connection is lost or not yet initialized.
L 07/21/2020 - 20:34:07: [tf2attributes.smx] Could not initialize call to CEconItem::SetCustomName
L 07/21/2020 - 20:34:08: [store.smx] Gifts! isn't installed or failed to load. Gifts support will be disabled. Please install Gifts. (http://forums.alliedmods.net/showthread.php?t=175185)
L 07/21/2020 - 20:34:08: [store.smx] Database connection is lost or not yet initialized.
L 07/21/2020 - 20:34:08: [store.smx] Database connection is lost or not yet initialized.
L 07/21/2020 - 20:37:33: Error log file session closed.
L 07/21/2020 - 20:40:12: SourceMod error session started
L 07/21/2020 - 20:40:12: Info (map "vsh_castle_siege_unreal_sg1") (file "/home/steamsrv/tf2/tf/addons/sourcemod/logs/errors_20200721.log")
L 07/21/2020 - 20:40:12: [tf2attributes.smx] Could not initialize call to CEconItem::SetCustomName
L 07/21/2020 - 20:40:12: [store.smx] Gifts! isn't installed or failed to load. Gifts support will be disabled. Please install Gifts. (http://forums.alliedmods.net/showthread.php?t=175185)
L 07/21/2020 - 20:40:12: [store.smx] Database connection is lost or not yet initialized.
L 07/21/2020 - 20:40:12: [store.smx] Database connection is lost or not yet initialized.
L 07/21/2020 - 20:46:25: [tf2attributes.smx] Could not initialize call to CEconItem::SetCustomName
L 07/21/2020 - 20:46:26: [store.smx] Gifts! isn't installed or failed to load. Gifts support will be disabled. Please install Gifts. (http://forums.alliedmods.net/showthread.php?t=175185)
L 07/21/2020 - 20:46:26: [store.smx] Database connection is lost or not yet initialized.
L 07/21/2020 - 20:46:26: [store.smx] Database connection is lost or not yet initialized.
L 07/21/2020 - 20:54:44: [SM] Plugin "roundtimer.smx" encountered error 23: Native detected error
L 07/21/2020 - 20:54:44: [SM] Invalid timer handle 714605d2 (error 3) during timer end, displayed function is timer callback, not the stack trace
L 07/21/2020 - 20:54:44: [SM] Unable to call function "Timer_Round" due to above error(s).
L 07/21/2020 - 21:08:56: [SM] Plugin "roundtimer.smx" encountered error 23: Native detected error
L 07/21/2020 - 21:08:56: [SM] Invalid timer handle 70e90289 (error 3) during timer end, displayed function is timer callback, not the stack trace
L 07/21/2020 - 21:08:56: [SM] Unable to call function "Timer_Round" due to above error(s).
L 07/21/2020 - 21:09:19: Error log file session closed.
L 07/21/2020 - 21:12:58: SourceMod error session started
L 07/21/2020 - 21:12:58: Info (map "vsh_castle_siege_unreal_sg1") (file "/home/steamsrv/tf2/tf/addons/sourcemod/logs/errors_20200721.log")
L 07/21/2020 - 21:12:58: [tf2attributes.smx] Could not initialize call to CEconItem::SetCustomName
L 07/21/2020 - 21:12:58: [store.smx] Gifts! isn't installed or failed to load. Gifts support will be disabled. Please install Gifts. (http://forums.alliedmods.net/showthread.php?t=175185)
L 07/21/2020 - 21:12:58: [store.smx] Database connection is lost or not yet initialized.
L 07/21/2020 - 21:12:58: [store.smx] Database connection is lost or not yet initialized.
L 07/21/2020 - 21:15:27: [tf2attributes.smx] Could not initialize call to CEconItem::SetCustomName
L 07/21/2020 - 21:15:28: [store.smx] Gifts! isn't installed or failed to load. Gifts support will be disabled. Please install Gifts. (http://forums.alliedmods.net/showthread.php?t=175185)
L 07/21/2020 - 21:15:28: [store.smx] Database connection is lost or not yet initialized.
L 07/21/2020 - 21:15:28: [store.smx] Database connection is lost or not yet initialized.
L 07/21/2020 - 21:32:17: [SM] Plugin "roundtimer.smx" encountered error 23: Native detected error
L 07/21/2020 - 21:32:17: [SM] Invalid timer handle ee790629 (error 3) during timer end, displayed function is timer callback, not the stack trace
L 07/21/2020 - 21:32:17: [SM] Unable to call function "Timer_Round" due to above error(s).
L 07/21/2020 - 21:40:35: [SM] Plugin "roundtimer.smx" encountered error 23: Native detected error
L 07/21/2020 - 21:40:35: [SM] Invalid timer handle 7f32028d (error 3) during timer end, displayed function is timer callback, not the stack trace
L 07/21/2020 - 21:40:35: [SM] Unable to call function "Timer_Round" due to above error(s).
L 07/21/2020 - 21:41:27: Error log file session closed.
L 07/21/2020 - 21:47:42: SourceMod error session started
L 07/21/2020 - 21:47:42: Info (map "arena_badlands") (file "/home/steamsrv/tf2/tf/addons/sourcemod/logs/errors_20200721.log")
L 07/21/2020 - 21:47:42: [tf2attributes.smx] Could not initialize call to CEconItem::SetCustomName
L 07/21/2020 - 21:47:42: [store.smx] Gifts! isn't installed or failed to load. Gifts support will be disabled. Please install Gifts. (http://forums.alliedmods.net/showthread.php?t=175185)
L 07/21/2020 - 21:47:42: [store.smx] Database connection is lost or not yet initialized.
L 07/21/2020 - 21:47:42: [store.smx] Database connection is lost or not yet initialized.
L 07/21/2020 - 21:47:42: [store.smx] Database connection is lost or not yet initialized.
L 07/21/2020 - 21:49:27: Error log file session closed.
L 07/21/2020 - 21:53:42: SourceMod error session started
L 07/21/2020 - 21:53:42: Info (map "vsh_castle_siege_unreal_sg1") (file "/home/steamsrv/tf2/tf/addons/sourcemod/logs/errors_20200721.log")
L 07/21/2020 - 21:53:42: [tf2attributes.smx] Could not initialize call to CEconItem::SetCustomName
L 07/21/2020 - 21:53:43: [store.smx] Gifts! isn't installed or failed to load. Gifts support will be disabled. Please install Gifts. (http://forums.alliedmods.net/showthread.php?t=175185)
L 07/21/2020 - 21:53:43: [store.smx] Database connection is lost or not yet initialized.
L 07/21/2020 - 21:53:43: [store.smx] Database connection is lost or not yet initialized.
L 07/21/2020 - 21:53:43: [store.smx] Database connection is lost or not yet initialized.
L 07/21/2020 - 21:54:09: Error log file session closed.
L 07/21/2020 - 21:59:54: SourceMod error session started
L 07/21/2020 - 21:59:54: Info (map "arena_lumberyard") (file "/home/steamsrv/tf2/tf/addons/sourcemod/logs/errors_20200721.log")
L 07/21/2020 - 21:59:54: [tf2attributes.smx] Could not initialize call to CEconItem::SetCustomName
L 07/21/2020 - 21:59:55: [store.smx] Gifts! isn't installed or failed to load. Gifts support will be disabled. Please install Gifts. (http://forums.alliedmods.net/showthread.php?t=175185)
L 07/21/2020 - 21:59:55: [store.smx] Database connection is lost or not yet initialized.
L 07/21/2020 - 21:59:55: [store.smx] Database connection is lost or not yet initialized.
L 07/21/2020 - 22:00:08: Error log file session closed.
L 07/21/2020 - 22:10:24: SourceMod error session started
L 07/21/2020 - 22:10:24: Info (map "arena_lumberyard") (file "/home/steamsrv/tf2/tf/addons/sourcemod/logs/errors_20200721.log")
L 07/21/2020 - 22:10:24: [SM] Plugin "roundtimer.smx" encountered error 23: Native detected error
L 07/21/2020 - 22:10:24: [SM] Invalid timer handle 3c0d0049 (error 3) during timer end, displayed function is timer callback, not the stack trace
L 07/21/2020 - 22:10:24: [SM] Unable to call function "Timer_Round" due to above error(s).
L 07/21/2020 - 22:17:21: [tf2attributes.smx] Could not initialize call to CEconItem::SetCustomName
L 07/21/2020 - 22:17:22: [store.smx] Gifts! isn't installed or failed to load. Gifts support will be disabled. Please install Gifts. (http://forums.alliedmods.net/showthread.php?t=175185)
L 07/21/2020 - 22:17:22: [store.smx] Database connection is lost or not yet initialized.
L 07/21/2020 - 22:17:22: [store.smx] Database connection is lost or not yet initialized.
L 07/21/2020 - 22:17:33: Error log file session closed.
L 07/21/2020 - 22:26:19: SourceMod error session started
L 07/21/2020 - 22:26:19: Info (map "arena_lumberyard") (file "/home/steamsrv/tf2/tf/addons/sourcemod/logs/errors_20200721.log")
L 07/21/2020 - 22:26:19: [SM] Plugin "roundtimer.smx" encountered error 23: Native detected error
L 07/21/2020 - 22:26:19: [SM] Invalid timer handle 47d505a9 (error 3) during timer end, displayed function is timer callback, not the stack trace
L 07/21/2020 - 22:26:19: [SM] Unable to call function "Timer_Round" due to above error(s).
L 07/21/2020 - 22:27:27: Error log file session closed.
L 07/21/2020 - 22:31:52: SourceMod error session started
L 07/21/2020 - 22:31:52: Info (map "vsh_Hakurei_Winter_v2") (file "/home/steamsrv/tf2/tf/addons/sourcemod/logs/errors_20200721.log")
L 07/21/2020 - 22:31:52: [tf2attributes.smx] Could not initialize call to CEconItem::SetCustomName
L 07/21/2020 - 22:31:53: [store.smx] Gifts! isn't installed or failed to load. Gifts support will be disabled. Please install Gifts. (http://forums.alliedmods.net/showthread.php?t=175185)
L 07/21/2020 - 22:31:53: [store.smx] Database connection is lost or not yet initialized.
L 07/21/2020 - 22:31:53: [store.smx] Database connection is lost or not yet initialized.
L 07/21/2020 - 22:32:30: Error log file session closed.
L 07/21/2020 - 23:01:17: SourceMod error session started
L 07/21/2020 - 23:01:17: Info (map "vsh_pruvia_v9") (file "/home/steamsrv/tf2/tf/addons/sourcemod/logs/errors_20200721.log")
L 07/21/2020 - 23:01:17: [SM] Fatal error encountered parsing translation file "ff2_1st_set.phrases.txt"
L 07/21/2020 - 23:01:17: [SM] Error (line 0, column 0): Stream failed to open
L 07/21/2020 - 23:10:04: Error log file session closed.
L 07/21/2020 - 23:10:04: SourceMod error session started
L 07/21/2020 - 23:10:04: Info (map "vsh_manncohq_v14") (file "/home/steamsrv/tf2/tf/addons/sourcemod/logs/errors_20200721.log")
L 07/21/2020 - 23:10:04: [SM] Fatal error encountered parsing translation file "ff2_1st_set.phrases.txt"
L 07/21/2020 - 23:10:04: [SM] Error (line 0, column 0): Stream failed to open
L 07/22/2020 - 01:14:18: Error log file session closed.
