L 12/11/2020 - 04:19:04: SourceMod error session started
L 12/11/2020 - 04:19:04: Info (map "vsh_skyhigh_resort_b8_sg4") (file "/home/steamsrv/tf2/tf/addons/sourcemod/logs/errors_20201211.log")
L 12/11/2020 - 04:19:04: [tf2attributes.smx] Could not initialize call to CEconItem::SetCustomName
L 12/11/2020 - 04:19:04: [store.smx] Gifts! isn't installed or failed to load. Gifts support will be disabled. Please install Gifts. (http://forums.alliedmods.net/showthread.php?t=175185)
L 12/11/2020 - 04:19:04: [store.smx] Database connection is lost or not yet initialized.
L 12/11/2020 - 04:19:04: [store.smx] Database connection is lost or not yet initialized.
L 12/11/2020 - 04:19:04: [store.smx] Database connection is lost or not yet initialized.
L 12/11/2020 - 04:19:04: [store.smx] Database connection is lost or not yet initialized.
L 12/11/2020 - 04:20:58: [tf2attributes.smx] Could not initialize call to CEconItem::SetCustomName
L 12/11/2020 - 04:20:58: [store.smx] Gifts! isn't installed or failed to load. Gifts support will be disabled. Please install Gifts. (http://forums.alliedmods.net/showthread.php?t=175185)
L 12/11/2020 - 04:20:58: [store.smx] Database connection is lost or not yet initialized.
L 12/11/2020 - 04:20:58: [store.smx] Database connection is lost or not yet initialized.
L 12/11/2020 - 04:20:58: [store.smx] Database connection is lost or not yet initialized.
L 12/11/2020 - 04:20:58: [store.smx] Database connection is lost or not yet initialized.
L 12/11/2020 - 04:22:37: [tf2attributes.smx] Could not initialize call to CEconItem::SetCustomName
L 12/11/2020 - 04:22:37: [store.smx] Gifts! isn't installed or failed to load. Gifts support will be disabled. Please install Gifts. (http://forums.alliedmods.net/showthread.php?t=175185)
L 12/11/2020 - 04:22:37: [store.smx] Database connection is lost or not yet initialized.
L 12/11/2020 - 04:22:37: [store.smx] Database connection is lost or not yet initialized.
L 12/11/2020 - 04:22:37: [store.smx] Database connection is lost or not yet initialized.
L 12/11/2020 - 04:22:37: [store.smx] Database connection is lost or not yet initialized.
L 12/11/2020 - 04:36:52: Error log file session closed.
L 12/11/2020 - 04:50:02: SourceMod error session started
L 12/11/2020 - 04:50:02: Info (map "vsh_gyros_v5") (file "/home/steamsrv/tf2/tf/addons/sourcemod/logs/errors_20201211.log")
L 12/11/2020 - 04:50:02: [freaks/ff2_1st_set_abilities.ff2] [FF2 Bosses] Model 'models\props_halloween\eyeball_projectile.mdl' isn't precached!  Please check Freddy Krueger's "mod_precache"
L 12/11/2020 - 05:02:48: [freaks/ff2_1st_set_abilities.ff2] [FF2] Cannot give ammo to weapon tf_weapon_knife (boss )-check your config!
L 12/11/2020 - 05:04:43: [freaks/ff2_1st_set_abilities.ff2] [FF2] Cannot give ammo to weapon tf_weapon_knife (boss )-check your config!
L 12/11/2020 - 05:05:37: [freaks/ff2_1st_set_abilities.ff2] [FF2] Cannot give ammo to weapon tf_weapon_knife (boss )-check your config!
L 12/11/2020 - 05:05:37: [freaks/ff2_1st_set_abilities.ff2] [FF2] Cannot give ammo to weapon tf_weapon_knife (boss )-check your config!
L 12/11/2020 - 05:06:38: [freaks/ff2_1st_set_abilities.ff2] [FF2] Cannot give ammo to weapon tf_weapon_knife (boss )-check your config!
L 12/11/2020 - 05:18:49: Error log file session closed.
L 12/11/2020 - 05:40:30: SourceMod error session started
L 12/11/2020 - 05:40:30: Info (map "vsh_jealo_rc2") (file "/home/steamsrv/tf2/tf/addons/sourcemod/logs/errors_20201211.log")
L 12/11/2020 - 05:40:30: [freaks/shadow93_abilities.ff2] [SHADoW93 Minions] [DUO] Blutarch Mann has an invalid -1 formula for minions, using default health!
L 12/11/2020 - 05:40:30: [freaks/shadow93_abilities.ff2] [SHADoW93 Minions] [DUO] Blutarch Mann has an invalid -1 formula for minions, using default health!
L 12/11/2020 - 05:51:06: Error log file session closed.
L 12/11/2020 - 20:28:31: SourceMod error session started
L 12/11/2020 - 20:28:31: Info (map "vsh_area_54tress_b4") (file "/home/steamsrv/tf2/tf/addons/sourcemod/logs/errors_20201211.log")
L 12/11/2020 - 20:28:31: [tf2attributes.smx] Could not initialize call to CEconItem::SetCustomName
L 12/11/2020 - 20:28:32: [store.smx] Gifts! isn't installed or failed to load. Gifts support will be disabled. Please install Gifts. (http://forums.alliedmods.net/showthread.php?t=175185)
L 12/11/2020 - 20:28:32: [store.smx] Database connection is lost or not yet initialized.
L 12/11/2020 - 20:28:32: [SM] Error parsing gameconfig file "/home/steamsrv/tf2/tf/addons/sourcemod/gamedata/tf2.hiddenattribs.txt":
L 12/11/2020 - 20:28:32: [SM] Error 1 on line 0, col 0: Stream failed to open
L 12/11/2020 - 20:28:32: [SM] Exception reported: Unable to open tf2.hiddenattribs: File could not be opened: No such file or directory
L 12/11/2020 - 20:28:32: [SM] Blaming: tf2hiddenattribs.smx
L 12/11/2020 - 20:28:32: [SM] Call stack trace:
L 12/11/2020 - 20:28:32: [SM]   [0] LoadGameConfigFile
L 12/11/2020 - 20:28:32: [SM]   [1] Line 31, D:\HLServer\orangebox\tf\addons\sourcemod\scripting\tf2hiddenattribs.sp::OnPluginStart
L 12/11/2020 - 20:28:32: [SM] Unable to load plugin "tf2hiddenattribs.smx": Error detected in plugin startup (see error logs)
L 12/11/2020 - 20:28:33: [SM] Exception reported: Entity 4 is invalid
L 12/11/2020 - 20:28:33: [SM] Blaming: fc.smx
L 12/11/2020 - 20:28:33: [SM] Call stack trace:
L 12/11/2020 - 20:28:33: [SM]   [0] SDKHook
L 12/11/2020 - 20:28:33: [SM]   [1] Line 391, D:\storage\Dropbox\Sourcemod\nieuw\sourcemod\scripting\fc.sp::Init
L 12/11/2020 - 20:28:33: [SM]   [2] Line 173, D:\storage\Dropbox\Sourcemod\nieuw\sourcemod\scripting\fc.sp::OnPluginStart
L 12/11/2020 - 20:28:33: [SM] Unable to load plugin "fc.smx": Error detected in plugin startup (see error logs)
L 12/11/2020 - 20:28:34: [tf2_taunts_tf2idb.smx] Failed to initialize taunt cache: TF2IDB Not loaded.
L 12/11/2020 - 20:28:34: [tf2_taunts_tf2idb.smx] Halting user interface initialization. Plugin loaded but updater not found.
L 12/11/2020 - 20:28:34: [tf2_taunts_tf2idb.smx] Try using the latest version from here https://github.com/fakuivan/TF2-Taunts-TF2IDB .
L 12/11/2020 - 20:30:15: Error log file session closed.
L 12/11/2020 - 20:55:33: SourceMod error session started
L 12/11/2020 - 20:55:33: Info (map "vsh_apg_v2_sg1") (file "/home/steamsrv/tf2/tf/addons/sourcemod/logs/errors_20201211.log")
L 12/11/2020 - 20:55:33: [tf2attributes.smx] Could not initialize call to CEconItem::SetCustomName
L 12/11/2020 - 20:55:34: [store.smx] Gifts! isn't installed or failed to load. Gifts support will be disabled. Please install Gifts. (http://forums.alliedmods.net/showthread.php?t=175185)
L 12/11/2020 - 20:55:34: [store.smx] Database connection is lost or not yet initialized.
L 12/11/2020 - 20:55:34: [store.smx] Database connection is lost or not yet initialized.
L 12/11/2020 - 20:55:34: [store.smx] Database connection is lost or not yet initialized.
L 12/11/2020 - 20:55:34: [tf2_taunts_tf2idb.smx] Failed to initialize taunt cache: TF2IDB Not loaded.
L 12/11/2020 - 20:55:34: [tf2_taunts_tf2idb.smx] Halting user interface initialization. Plugin loaded but updater not found.
L 12/11/2020 - 20:55:34: [tf2_taunts_tf2idb.smx] Try using the latest version from here https://github.com/fakuivan/TF2-Taunts-TF2IDB .
L 12/11/2020 - 20:58:55: [tf2attributes.smx] Could not initialize call to CEconItem::SetCustomName
L 12/11/2020 - 20:58:55: [store.smx] Gifts! isn't installed or failed to load. Gifts support will be disabled. Please install Gifts. (http://forums.alliedmods.net/showthread.php?t=175185)
L 12/11/2020 - 20:58:55: [store.smx] Database connection is lost or not yet initialized.
L 12/11/2020 - 20:58:55: [store.smx] Database connection is lost or not yet initialized.
L 12/11/2020 - 20:58:55: [store.smx] Database connection is lost or not yet initialized.
L 12/11/2020 - 20:58:55: [tf2_taunts_tf2idb.smx] Failed to initialize taunt cache: TF2IDB Not loaded.
L 12/11/2020 - 20:58:55: [tf2_taunts_tf2idb.smx] Halting user interface initialization. Plugin loaded but updater not found.
L 12/11/2020 - 20:58:55: [tf2_taunts_tf2idb.smx] Try using the latest version from here https://github.com/fakuivan/TF2-Taunts-TF2IDB .
L 12/11/2020 - 21:01:15: [tf2attributes.smx] Could not initialize call to CEconItem::SetCustomName
L 12/11/2020 - 21:01:15: [store.smx] Gifts! isn't installed or failed to load. Gifts support will be disabled. Please install Gifts. (http://forums.alliedmods.net/showthread.php?t=175185)
L 12/11/2020 - 21:01:15: [store.smx] Database connection is lost or not yet initialized.
L 12/11/2020 - 21:01:15: [store.smx] Database connection is lost or not yet initialized.
L 12/11/2020 - 21:01:15: [store.smx] Database connection is lost or not yet initialized.
L 12/11/2020 - 21:01:15: [tf2_taunts_tf2idb.smx] Failed to initialize taunt cache: TF2IDB Not loaded.
L 12/11/2020 - 21:01:15: [tf2_taunts_tf2idb.smx] Halting user interface initialization. Plugin loaded but updater not found.
L 12/11/2020 - 21:01:15: [tf2_taunts_tf2idb.smx] Try using the latest version from here https://github.com/fakuivan/TF2-Taunts-TF2IDB .
L 12/11/2020 - 21:07:42: [tf2attributes.smx] Could not initialize call to CEconItem::SetCustomName
L 12/11/2020 - 21:07:43: [store.smx] Gifts! isn't installed or failed to load. Gifts support will be disabled. Please install Gifts. (http://forums.alliedmods.net/showthread.php?t=175185)
L 12/11/2020 - 21:07:43: [store.smx] Database connection is lost or not yet initialized.
L 12/11/2020 - 21:07:43: [store.smx] Database connection is lost or not yet initialized.
L 12/11/2020 - 21:07:43: [store.smx] Database connection is lost or not yet initialized.
L 12/11/2020 - 21:07:43: [tf2_taunts_tf2idb.smx] Failed to initialize taunt cache: TF2IDB Not loaded.
L 12/11/2020 - 21:07:43: [tf2_taunts_tf2idb.smx] Halting user interface initialization. Plugin loaded but updater not found.
L 12/11/2020 - 21:07:43: [tf2_taunts_tf2idb.smx] Try using the latest version from here https://github.com/fakuivan/TF2-Taunts-TF2IDB .
L 12/11/2020 - 21:14:37: [tf2attributes.smx] Could not initialize call to CEconItem::SetCustomName
L 12/11/2020 - 21:14:38: [store.smx] Gifts! isn't installed or failed to load. Gifts support will be disabled. Please install Gifts. (http://forums.alliedmods.net/showthread.php?t=175185)
L 12/11/2020 - 21:14:38: [store.smx] Database connection is lost or not yet initialized.
L 12/11/2020 - 21:14:38: [store.smx] Database connection is lost or not yet initialized.
L 12/11/2020 - 21:14:38: [store.smx] Database connection is lost or not yet initialized.
L 12/11/2020 - 21:14:38: [tf2_taunts_tf2idb.smx] Failed to initialize taunt cache: TF2IDB Not loaded.
L 12/11/2020 - 21:14:38: [tf2_taunts_tf2idb.smx] Halting user interface initialization. Plugin loaded but updater not found.
L 12/11/2020 - 21:14:38: [tf2_taunts_tf2idb.smx] Try using the latest version from here https://github.com/fakuivan/TF2-Taunts-TF2IDB .
L 12/11/2020 - 21:16:00: Error log file session closed.
L 12/11/2020 - 21:19:22: SourceMod error session started
L 12/11/2020 - 21:19:22: Info (map "vsh_nebula_rc1") (file "/home/steamsrv/tf2/tf/addons/sourcemod/logs/errors_20201211.log")
L 12/11/2020 - 21:19:22: [tf2attributes.smx] Could not initialize call to CEconItem::SetCustomName
L 12/11/2020 - 21:19:22: [store.smx] Gifts! isn't installed or failed to load. Gifts support will be disabled. Please install Gifts. (http://forums.alliedmods.net/showthread.php?t=175185)
L 12/11/2020 - 21:19:22: [store.smx] Database connection is lost or not yet initialized.
L 12/11/2020 - 21:19:22: [store.smx] Database connection is lost or not yet initialized.
L 12/11/2020 - 21:19:22: [store.smx] Database connection is lost or not yet initialized.
L 12/11/2020 - 21:19:22: [tf2_taunts_tf2idb.smx] Failed to initialize taunt cache: TF2IDB Not loaded.
L 12/11/2020 - 21:19:22: [tf2_taunts_tf2idb.smx] Halting user interface initialization. Plugin loaded but updater not found.
L 12/11/2020 - 21:19:22: [tf2_taunts_tf2idb.smx] Try using the latest version from here https://github.com/fakuivan/TF2-Taunts-TF2IDB .
L 12/11/2020 - 21:20:19: [tf2attributes.smx] Could not initialize call to CEconItem::SetCustomName
L 12/11/2020 - 21:20:19: [store.smx] Gifts! isn't installed or failed to load. Gifts support will be disabled. Please install Gifts. (http://forums.alliedmods.net/showthread.php?t=175185)
L 12/11/2020 - 21:20:19: [store.smx] Database connection is lost or not yet initialized.
L 12/11/2020 - 21:20:19: [store.smx] Database connection is lost or not yet initialized.
L 12/11/2020 - 21:20:19: [store.smx] Database connection is lost or not yet initialized.
L 12/11/2020 - 21:20:19: [tf2_taunts_tf2idb.smx] Failed to initialize taunt cache: TF2IDB Not loaded.
L 12/11/2020 - 21:20:19: [tf2_taunts_tf2idb.smx] Halting user interface initialization. Plugin loaded but updater not found.
L 12/11/2020 - 21:20:19: [tf2_taunts_tf2idb.smx] Try using the latest version from here https://github.com/fakuivan/TF2-Taunts-TF2IDB .
L 12/11/2020 - 21:20:55: [tf2attributes.smx] Could not initialize call to CEconItem::SetCustomName
L 12/11/2020 - 21:20:55: [store.smx] Gifts! isn't installed or failed to load. Gifts support will be disabled. Please install Gifts. (http://forums.alliedmods.net/showthread.php?t=175185)
L 12/11/2020 - 21:20:55: [store.smx] Database connection is lost or not yet initialized.
L 12/11/2020 - 21:20:55: [store.smx] Database connection is lost or not yet initialized.
L 12/11/2020 - 21:20:55: [store.smx] Database connection is lost or not yet initialized.
L 12/11/2020 - 21:20:55: [tf2_taunts_tf2idb.smx] Failed to initialize taunt cache: TF2IDB Not loaded.
L 12/11/2020 - 21:20:55: [tf2_taunts_tf2idb.smx] Halting user interface initialization. Plugin loaded but updater not found.
L 12/11/2020 - 21:20:55: [tf2_taunts_tf2idb.smx] Try using the latest version from here https://github.com/fakuivan/TF2-Taunts-TF2IDB .
L 12/11/2020 - 21:21:35: [tf2attributes.smx] Could not initialize call to CEconItem::SetCustomName
L 12/11/2020 - 21:21:35: [store.smx] Gifts! isn't installed or failed to load. Gifts support will be disabled. Please install Gifts. (http://forums.alliedmods.net/showthread.php?t=175185)
L 12/11/2020 - 21:21:35: [store.smx] Database connection is lost or not yet initialized.
L 12/11/2020 - 21:21:35: [store.smx] Database connection is lost or not yet initialized.
L 12/11/2020 - 21:21:35: [store.smx] Database connection is lost or not yet initialized.
L 12/11/2020 - 21:21:35: [tf2_taunts_tf2idb.smx] Failed to initialize taunt cache: TF2IDB Not loaded.
L 12/11/2020 - 21:21:35: [tf2_taunts_tf2idb.smx] Halting user interface initialization. Plugin loaded but updater not found.
L 12/11/2020 - 21:21:35: [tf2_taunts_tf2idb.smx] Try using the latest version from here https://github.com/fakuivan/TF2-Taunts-TF2IDB .
L 12/11/2020 - 21:28:15: [tf2attributes.smx] Could not initialize call to CEconItem::SetCustomName
L 12/11/2020 - 21:28:15: [store.smx] Gifts! isn't installed or failed to load. Gifts support will be disabled. Please install Gifts. (http://forums.alliedmods.net/showthread.php?t=175185)
L 12/11/2020 - 21:28:15: [store.smx] Database connection is lost or not yet initialized.
L 12/11/2020 - 21:28:15: [store.smx] Database connection is lost or not yet initialized.
L 12/11/2020 - 21:28:15: [tf2_taunts_tf2idb.smx] Failed to initialize taunt cache: TF2IDB Not loaded.
L 12/11/2020 - 21:28:15: [tf2_taunts_tf2idb.smx] Halting user interface initialization. Plugin loaded but updater not found.
L 12/11/2020 - 21:28:15: [tf2_taunts_tf2idb.smx] Try using the latest version from here https://github.com/fakuivan/TF2-Taunts-TF2IDB .
L 12/11/2020 - 21:37:03: [SM] Plugin "roundtimer.smx" encountered error 23: Native detected error
L 12/11/2020 - 21:37:03: [SM] Invalid timer handle 77b50855 (error 3) during timer end, displayed function is timer callback, not the stack trace
L 12/11/2020 - 21:37:03: [SM] Unable to call function "Timer_Round" due to above error(s).
L 12/11/2020 - 21:45:21: [SM] Plugin "roundtimer.smx" encountered error 23: Native detected error
L 12/11/2020 - 21:45:21: [SM] Invalid timer handle fbe508c5 (error 3) during timer end, displayed function is timer callback, not the stack trace
L 12/11/2020 - 21:45:21: [SM] Unable to call function "Timer_Round" due to above error(s).
L 12/11/2020 - 21:51:31: Error log file session closed.
