L 09/21/2020 - 20:15:43: SourceMod error session started
L 09/21/2020 - 20:15:43: Info (map "vsh_apg_v2_sg1") (file "/home/steamsrv/tf2/tf/addons/sourcemod/logs/errors_20200921.log")
L 09/21/2020 - 20:15:43: [freaks/ff2_1st_set_abilities.ff2] [FF2] Cannot give ammo to weapon tf_weapon_knife (boss )-check your config!
L 09/21/2020 - 20:15:43: [freaks/ff2_1st_set_abilities.ff2] [FF2] Cannot give ammo to weapon tf_weapon_knife (boss )-check your config!
L 09/21/2020 - 20:35:59: [SM] Plugin "roundtimer.smx" encountered error 23: Native detected error
L 09/21/2020 - 20:35:59: [SM] Invalid timer handle 9eb02c8f (error 3) during timer end, displayed function is timer callback, not the stack trace
L 09/21/2020 - 20:35:59: [SM] Unable to call function "Timer_Round" due to above error(s).
L 09/21/2020 - 20:44:17: [SM] Plugin "roundtimer.smx" encountered error 23: Native detected error
L 09/21/2020 - 20:44:17: [SM] Invalid timer handle 24f02caa (error 3) during timer end, displayed function is timer callback, not the stack trace
L 09/21/2020 - 20:44:17: [SM] Unable to call function "Timer_Round" due to above error(s).
L 09/21/2020 - 20:44:39: Error log file session closed.
L 09/21/2020 - 21:02:25: SourceMod error session started
L 09/21/2020 - 21:02:25: Info (map "vsh_scoobydoo_v1") (file "/home/steamsrv/tf2/tf/addons/sourcemod/logs/errors_20200921.log")
L 09/21/2020 - 21:02:25: [SM] Plugin "roundtimer.smx" encountered error 23: Native detected error
L 09/21/2020 - 21:02:25: [SM] Invalid timer handle cec32d00 (error 3) during timer end, displayed function is timer callback, not the stack trace
L 09/21/2020 - 21:02:25: [SM] Unable to call function "Timer_Round" due to above error(s).
L 09/21/2020 - 21:03:25: [freaks/ff2_1st_set_abilities.ff2] [FF2] Cannot give ammo to weapon tf_weapon_knife (boss )-check your config!
L 09/21/2020 - 21:03:25: [freaks/ff2_1st_set_abilities.ff2] [FF2] Cannot give ammo to weapon tf_weapon_knife (boss )-check your config!
L 09/21/2020 - 21:03:25: [freaks/ff2_1st_set_abilities.ff2] [FF2] Cannot give ammo to weapon tf_weapon_knife (boss )-check your config!
L 09/21/2020 - 21:03:25: [freaks/ff2_1st_set_abilities.ff2] [FF2] Cannot give ammo to weapon tf_weapon_knife (boss )-check your config!
L 09/21/2020 - 21:03:25: [freaks/ff2_1st_set_abilities.ff2] [FF2] Cannot give ammo to weapon tf_weapon_knife (boss )-check your config!
L 09/21/2020 - 21:03:25: [freaks/ff2_1st_set_abilities.ff2] [FF2] Cannot give ammo to weapon tf_weapon_knife (boss )-check your config!
L 09/21/2020 - 21:15:59: Error log file session closed.
L 09/21/2020 - 21:28:37: SourceMod error session started
L 09/21/2020 - 21:28:37: Info (map "vsh_dirtmound_b9") (file "/home/steamsrv/tf2/tf/addons/sourcemod/logs/errors_20200921.log")
L 09/21/2020 - 21:28:37: [freaks/ff2_1st_set_abilities.ff2] [FF2] Cannot give ammo to weapon tf_weapon_knife (boss )-check your config!
L 09/21/2020 - 21:46:42: Error log file session closed.
