L 08/07/2020 - 00:00:02: SourceMod error session started
L 08/07/2020 - 00:00:02: Info (map "arena_sawmill") (file "/home/steamsrv/tf2/tf/addons/sourcemod/logs/errors_20200807.log")
L 08/07/2020 - 00:00:02: [SM] Exception reported: [sarysamods8] Unable to initialize call to CTFPlayer::PlayTauntSceneFromItem. Need to get updated tf2.tauntem.txt method signatures. Guitar Hero DOT will not function.
L 08/07/2020 - 00:00:02: [SM] Blaming: freaks/ff2_sarysamods8.ff2
L 08/07/2020 - 00:00:02: [SM] Call stack trace:
L 08/07/2020 - 00:00:02: [SM]   [0] SetFailState
L 08/07/2020 - 00:00:02: [SM]   [1] Line 6887, freaks\ff2_sarysamods8.sp::RegisterForceTaunt
L 08/07/2020 - 00:00:02: [SM]   [2] Line 737, freaks\ff2_sarysamods8.sp::OnPluginStart2
L 08/07/2020 - 00:00:02: [SM]   [3] Line 37, C:\hlserver\tf2\tf\addons\sourcemod\scripting\include\freak_fortress_2_subplugin.inc::OnPluginStart
L 08/07/2020 - 00:05:09: Error log file session closed.
L 08/07/2020 - 00:05:09: SourceMod error session started
L 08/07/2020 - 00:05:09: Info (map "arena_yunshu_rc1") (file "/home/steamsrv/tf2/tf/addons/sourcemod/logs/errors_20200807.log")
L 08/07/2020 - 00:05:09: [SM] Fatal error encountered parsing translation file "ff2_newsalmon.charge.txt"
L 08/07/2020 - 00:05:09: [SM] Error (line 0, column 0): Stream failed to open
L 08/07/2020 - 00:05:09: [SM] Exception reported: Unable to initialize call to CTFPlayer::PlayTauntSceneFromItem. Wait patiently for a fix.
L 08/07/2020 - 00:05:09: [SM] Blaming: taunts.smx
L 08/07/2020 - 00:05:09: [SM] Call stack trace:
L 08/07/2020 - 00:05:09: [SM]   [0] SetFailState
L 08/07/2020 - 00:05:09: [SM]   [1] Line 38, taunts.sp::OnPluginStart
L 08/07/2020 - 00:05:09: [SM] Unable to load plugin "taunts.smx": Error detected in plugin startup (see error logs)
L 08/07/2020 - 00:05:48: [SM] Exception reported: [sarysamods8] Unable to initialize call to CTFPlayer::PlayTauntSceneFromItem. Need to get updated tf2.tauntem.txt method signatures. Guitar Hero DOT will not function.
L 08/07/2020 - 00:05:48: [SM] Blaming: freaks/ff2_sarysamods8.ff2
L 08/07/2020 - 00:05:48: [SM] Call stack trace:
L 08/07/2020 - 00:05:48: [SM]   [0] SetFailState
L 08/07/2020 - 00:05:48: [SM]   [1] Line 6887, freaks\ff2_sarysamods8.sp::RegisterForceTaunt
L 08/07/2020 - 00:05:48: [SM]   [2] Line 737, freaks\ff2_sarysamods8.sp::OnPluginStart2
L 08/07/2020 - 00:05:48: [SM]   [3] Line 37, C:\hlserver\tf2\tf\addons\sourcemod\scripting\include\freak_fortress_2_subplugin.inc::OnPluginStart
L 08/07/2020 - 00:12:33: Error log file session closed.
L 08/07/2020 - 00:12:33: SourceMod error session started
L 08/07/2020 - 00:12:33: Info (map "vsh_arktown_v4") (file "/home/steamsrv/tf2/tf/addons/sourcemod/logs/errors_20200807.log")
L 08/07/2020 - 00:12:33: [SM] Fatal error encountered parsing translation file "ff2_newsalmon.charge.txt"
L 08/07/2020 - 00:12:33: [SM] Error (line 0, column 0): Stream failed to open
L 08/07/2020 - 00:21:15: [SM] Exception reported: [sarysamods8] Unable to initialize call to CTFPlayer::PlayTauntSceneFromItem. Need to get updated tf2.tauntem.txt method signatures. Guitar Hero DOT will not function.
L 08/07/2020 - 00:21:15: [SM] Blaming: freaks/ff2_sarysamods8.ff2
L 08/07/2020 - 00:21:15: [SM] Call stack trace:
L 08/07/2020 - 00:21:15: [SM]   [0] SetFailState
L 08/07/2020 - 00:21:15: [SM]   [1] Line 6887, freaks\ff2_sarysamods8.sp::RegisterForceTaunt
L 08/07/2020 - 00:21:15: [SM]   [2] Line 737, freaks\ff2_sarysamods8.sp::OnPluginStart2
L 08/07/2020 - 00:21:15: [SM]   [3] Line 37, C:\hlserver\tf2\tf\addons\sourcemod\scripting\include\freak_fortress_2_subplugin.inc::OnPluginStart
L 08/07/2020 - 00:26:13: Error log file session closed.
L 08/07/2020 - 00:26:55: SourceMod error session started
L 08/07/2020 - 00:26:55: Info (map "arena_graveyardbash_v1") (file "/home/steamsrv/tf2/tf/addons/sourcemod/logs/errors_20200807.log")
L 08/07/2020 - 00:26:55: [SM] Exception reported: [sarysamods8] Unable to initialize call to CTFPlayer::PlayTauntSceneFromItem. Need to get updated tf2.tauntem.txt method signatures. Guitar Hero DOT will not function.
L 08/07/2020 - 00:26:55: [SM] Blaming: freaks/ff2_sarysamods8.ff2
L 08/07/2020 - 00:26:55: [SM] Call stack trace:
L 08/07/2020 - 00:26:55: [SM]   [0] SetFailState
L 08/07/2020 - 00:26:55: [SM]   [1] Line 6887, freaks\ff2_sarysamods8.sp::RegisterForceTaunt
L 08/07/2020 - 00:26:55: [SM]   [2] Line 737, freaks\ff2_sarysamods8.sp::OnPluginStart2
L 08/07/2020 - 00:26:55: [SM]   [3] Line 37, C:\hlserver\tf2\tf\addons\sourcemod\scripting\include\freak_fortress_2_subplugin.inc::OnPluginStart
L 08/07/2020 - 00:39:50: Error log file session closed.
L 08/07/2020 - 00:40:18: SourceMod error session started
L 08/07/2020 - 00:40:18: Info (map "arena_sawmill") (file "/home/steamsrv/tf2/tf/addons/sourcemod/logs/errors_20200807.log")
L 08/07/2020 - 00:40:18: [SM] Exception reported: [sarysamods8] Unable to initialize call to CTFPlayer::PlayTauntSceneFromItem. Need to get updated tf2.tauntem.txt method signatures. Guitar Hero DOT will not function.
L 08/07/2020 - 00:40:18: [SM] Blaming: freaks/ff2_sarysamods8.ff2
L 08/07/2020 - 00:40:18: [SM] Call stack trace:
L 08/07/2020 - 00:40:18: [SM]   [0] SetFailState
L 08/07/2020 - 00:40:18: [SM]   [1] Line 6887, freaks\ff2_sarysamods8.sp::RegisterForceTaunt
L 08/07/2020 - 00:40:18: [SM]   [2] Line 737, freaks\ff2_sarysamods8.sp::OnPluginStart2
L 08/07/2020 - 00:40:18: [SM]   [3] Line 37, C:\hlserver\tf2\tf\addons\sourcemod\scripting\include\freak_fortress_2_subplugin.inc::OnPluginStart
L 08/07/2020 - 00:44:48: Error log file session closed.
L 08/07/2020 - 00:46:09: SourceMod error session started
L 08/07/2020 - 00:46:09: Info (map "arena_yunshu_rc1") (file "/home/steamsrv/tf2/tf/addons/sourcemod/logs/errors_20200807.log")
L 08/07/2020 - 00:46:09: [SM] Exception reported: [sarysamods8] Unable to initialize call to CTFPlayer::PlayTauntSceneFromItem. Need to get updated tf2.tauntem.txt method signatures. Guitar Hero DOT will not function.
L 08/07/2020 - 00:46:09: [SM] Blaming: freaks/ff2_sarysamods8.ff2
L 08/07/2020 - 00:46:09: [SM] Call stack trace:
L 08/07/2020 - 00:46:09: [SM]   [0] SetFailState
L 08/07/2020 - 00:46:09: [SM]   [1] Line 6887, freaks\ff2_sarysamods8.sp::RegisterForceTaunt
L 08/07/2020 - 00:46:09: [SM]   [2] Line 737, freaks\ff2_sarysamods8.sp::OnPluginStart2
L 08/07/2020 - 00:46:09: [SM]   [3] Line 37, C:\hlserver\tf2\tf\addons\sourcemod\scripting\include\freak_fortress_2_subplugin.inc::OnPluginStart
L 08/07/2020 - 00:54:20: [SM] Plugin "roundtimer.smx" encountered error 23: Native detected error
L 08/07/2020 - 00:54:20: [SM] Invalid timer handle e83d08d5 (error 3) during timer end, displayed function is timer callback, not the stack trace
L 08/07/2020 - 00:54:20: [SM] Unable to call function "Timer_Round" due to above error(s).
L 08/07/2020 - 01:08:18: [SM] Plugin "roundtimer.smx" encountered error 23: Native detected error
L 08/07/2020 - 01:08:18: [SM] Invalid timer handle e5a00925 (error 3) during timer end, displayed function is timer callback, not the stack trace
L 08/07/2020 - 01:08:18: [SM] Unable to call function "Timer_Round" due to above error(s).
L 08/07/2020 - 01:08:18: [freaks/ff2_salmon.ff2] [SHADoW93 Minions] MrFrenzoid was not resized to avoid getting stuck!
L 08/07/2020 - 01:08:18: [freaks/shadow93_abilities.ff2] [SHADoW93 Minions] MrFrenzoid was not resized to avoid getting stuck!
L 08/07/2020 - 01:12:13: Error log file session closed.
L 08/07/2020 - 01:13:04: SourceMod error session started
L 08/07/2020 - 01:13:04: Info (map "arena_lumberyard") (file "/home/steamsrv/tf2/tf/addons/sourcemod/logs/errors_20200807.log")
L 08/07/2020 - 01:13:04: [tf2attributes.smx] Could not initialize call to CEconItem::SetCustomName
L 08/07/2020 - 01:13:04: [store.smx] Gifts! isn't installed or failed to load. Gifts support will be disabled. Please install Gifts. (http://forums.alliedmods.net/showthread.php?t=175185)
L 08/07/2020 - 01:13:50: SourceMod error session started
L 08/07/2020 - 01:13:50: Info (map "arena_lumberyard") (file "/home/steamsrv/tf2/tf/addons/sourcemod/logs/errors_20200807.log")
L 08/07/2020 - 01:13:50: [tf2attributes.smx] Could not initialize call to CEconItem::SetCustomName
L 08/07/2020 - 01:13:51: [store.smx] Gifts! isn't installed or failed to load. Gifts support will be disabled. Please install Gifts. (http://forums.alliedmods.net/showthread.php?t=175185)
L 08/07/2020 - 01:14:29: SourceMod error session started
L 08/07/2020 - 01:14:29: Info (map "arena_lumberyard") (file "/home/steamsrv/tf2/tf/addons/sourcemod/logs/errors_20200807.log")
L 08/07/2020 - 01:14:29: [tf2attributes.smx] Could not initialize call to CEconItem::SetCustomName
L 08/07/2020 - 01:14:30: [store.smx] Gifts! isn't installed or failed to load. Gifts support will be disabled. Please install Gifts. (http://forums.alliedmods.net/showthread.php?t=175185)
L 08/07/2020 - 01:15:10: SourceMod error session started
L 08/07/2020 - 01:15:10: Info (map "arena_lumberyard") (file "/home/steamsrv/tf2/tf/addons/sourcemod/logs/errors_20200807.log")
L 08/07/2020 - 01:15:10: [tf2attributes.smx] Could not initialize call to CEconItem::SetCustomName
L 08/07/2020 - 01:15:11: [store.smx] Gifts! isn't installed or failed to load. Gifts support will be disabled. Please install Gifts. (http://forums.alliedmods.net/showthread.php?t=175185)
L 08/07/2020 - 01:21:15: SourceMod error session started
L 08/07/2020 - 01:21:15: Info (map "arena_lumberyard") (file "/home/steamsrv/tf2/tf/addons/sourcemod/logs/errors_20200807.log")
L 08/07/2020 - 01:21:15: [tf2attributes.smx] Could not initialize call to CEconItem::SetCustomName
L 08/07/2020 - 01:21:16: [store.smx] Gifts! isn't installed or failed to load. Gifts support will be disabled. Please install Gifts. (http://forums.alliedmods.net/showthread.php?t=175185)
L 08/07/2020 - 01:30:36: [SM] Plugin "roundtimer.smx" encountered error 23: Native detected error
L 08/07/2020 - 01:30:36: [SM] Invalid timer handle b3602db (error 3) during timer end, displayed function is timer callback, not the stack trace
L 08/07/2020 - 01:30:36: [SM] Unable to call function "Timer_Round" due to above error(s).
L 08/07/2020 - 01:38:55: [SM] Plugin "roundtimer.smx" encountered error 23: Native detected error
L 08/07/2020 - 01:38:55: [SM] Invalid timer handle 9d72063b (error 3) during timer end, displayed function is timer callback, not the stack trace
L 08/07/2020 - 01:38:55: [SM] Unable to call function "Timer_Round" due to above error(s).
L 08/07/2020 - 01:47:40: [tf2attributes.smx] Could not initialize call to CEconItem::SetCustomName
L 08/07/2020 - 01:47:41: [store.smx] Gifts! isn't installed or failed to load. Gifts support will be disabled. Please install Gifts. (http://forums.alliedmods.net/showthread.php?t=175185)
L 08/07/2020 - 01:47:41: [store.smx] Database connection is lost or not yet initialized.
L 08/07/2020 - 01:47:41: [store.smx] Database connection is lost or not yet initialized.
L 08/07/2020 - 01:49:38: Error log file session closed.
L 08/07/2020 - 02:05:14: SourceMod error session started
L 08/07/2020 - 02:05:14: Info (map "arena_lumberyard") (file "/home/steamsrv/tf2/tf/addons/sourcemod/logs/errors_20200807.log")
L 08/07/2020 - 02:05:14: [tf2attributes.smx] Could not initialize call to CEconItem::SetCustomName
L 08/07/2020 - 02:05:14: [store.smx] Gifts! isn't installed or failed to load. Gifts support will be disabled. Please install Gifts. (http://forums.alliedmods.net/showthread.php?t=175185)
L 08/07/2020 - 02:07:00: [tf2attributes.smx] Could not initialize call to CEconItem::SetCustomName
L 08/07/2020 - 02:07:00: [store.smx] Gifts! isn't installed or failed to load. Gifts support will be disabled. Please install Gifts. (http://forums.alliedmods.net/showthread.php?t=175185)
L 08/07/2020 - 02:07:00: [store.smx] Database connection is lost or not yet initialized.
L 08/07/2020 - 02:08:13: SourceMod error session started
L 08/07/2020 - 02:08:13: Info (map "arena_lumberyard") (file "/home/steamsrv/tf2/tf/addons/sourcemod/logs/errors_20200807.log")
L 08/07/2020 - 02:08:13: [tf2attributes.smx] Could not initialize call to CEconItem::SetCustomName
L 08/07/2020 - 02:08:14: [store.smx] Gifts! isn't installed or failed to load. Gifts support will be disabled. Please install Gifts. (http://forums.alliedmods.net/showthread.php?t=175185)
L 08/07/2020 - 02:09:17: [SM] Exception reported: Entity 1 is invalid
L 08/07/2020 - 02:09:17: [SM] Blaming: fc.smx
L 08/07/2020 - 02:09:17: [SM] Call stack trace:
L 08/07/2020 - 02:09:17: [SM]   [0] SDKHook
L 08/07/2020 - 02:09:17: [SM]   [1] Line 391, D:\storage\Dropbox\Sourcemod\nieuw\sourcemod\scripting\fc.sp::Init
L 08/07/2020 - 02:09:17: [SM]   [2] Line 173, D:\storage\Dropbox\Sourcemod\nieuw\sourcemod\scripting\fc.sp::OnPluginStart
L 08/07/2020 - 02:09:17: [SM] Unable to load plugin "fc.smx": Error detected in plugin startup (see error logs)
L 08/07/2020 - 02:09:17: [tf2attributes.smx] Could not initialize call to CEconItem::SetCustomName
L 08/07/2020 - 02:09:18: [store.smx] Gifts! isn't installed or failed to load. Gifts support will be disabled. Please install Gifts. (http://forums.alliedmods.net/showthread.php?t=175185)
L 08/07/2020 - 02:09:18: [store.smx] Database connection is lost or not yet initialized.
L 08/07/2020 - 02:09:59: [tf2attributes.smx] Could not initialize call to CEconItem::SetCustomName
L 08/07/2020 - 02:10:00: [store.smx] Gifts! isn't installed or failed to load. Gifts support will be disabled. Please install Gifts. (http://forums.alliedmods.net/showthread.php?t=175185)
L 08/07/2020 - 02:10:00: [store.smx] Database connection is lost or not yet initialized.
L 08/07/2020 - 02:10:00: [store.smx] Database connection is lost or not yet initialized.
L 08/07/2020 - 02:14:22: [SM] Exception reported: Array index out-of-bounds (index -1, limit 4)
L 08/07/2020 - 02:14:22: [SM] Blaming: freak_fortress_2.smx
L 08/07/2020 - 02:14:22: [SM] Call stack trace:
L 08/07/2020 - 02:14:22: [SM]   [1] Line 17336, Unofficial Freak Fortress::Native_GetBossCharge
L 08/07/2020 - 02:14:22: [SM]   [3] FF2_GetBossCharge
L 08/07/2020 - 02:14:22: [SM]   [4] Line 889, FF2 Subplugin: Bat's Public Pack::FF2_OnAbility2
L 08/07/2020 - 02:14:22: [SM]   [5] Line 52, D:\batfo_qrgut13\Documents\SourceMod 1.9 Compiler\addons\sourcemod\scripting\include\freak_fortress_2_subplugin.inc::FF2_OnAbility
L 08/07/2020 - 02:14:22: [SM]   [7] Call_Finish
L 08/07/2020 - 02:14:22: [SM]   [8] Line 16949, Unofficial Freak Fortress::UseAbility
L 08/07/2020 - 02:14:22: [SM]   [9] Line 11243, Unofficial Freak Fortress::ActivateAbilitySlot
L 08/07/2020 - 02:14:22: [SM]   [10] Line 12183, Unofficial Freak Fortress::OnPlayerHurt
L 08/07/2020 - 02:15:51: [SM] Exception reported: Array index out-of-bounds (index -1, limit 4)
L 08/07/2020 - 02:15:51: [SM] Blaming: freak_fortress_2.smx
L 08/07/2020 - 02:15:51: [SM] Call stack trace:
L 08/07/2020 - 02:15:51: [SM]   [1] Line 17336, Unofficial Freak Fortress::Native_GetBossCharge
L 08/07/2020 - 02:15:51: [SM]   [3] FF2_GetBossCharge
L 08/07/2020 - 02:15:51: [SM]   [4] Line 889, FF2 Subplugin: Bat's Public Pack::FF2_OnAbility2
L 08/07/2020 - 02:15:51: [SM]   [5] Line 52, D:\batfo_qrgut13\Documents\SourceMod 1.9 Compiler\addons\sourcemod\scripting\include\freak_fortress_2_subplugin.inc::FF2_OnAbility
L 08/07/2020 - 02:15:51: [SM]   [7] Call_Finish
L 08/07/2020 - 02:15:51: [SM]   [8] Line 16949, Unofficial Freak Fortress::UseAbility
L 08/07/2020 - 02:15:51: [SM]   [9] Line 11243, Unofficial Freak Fortress::ActivateAbilitySlot
L 08/07/2020 - 02:15:51: [SM]   [10] Line 12183, Unofficial Freak Fortress::OnPlayerHurt
L 08/07/2020 - 02:16:13: [SM] Exception reported: Array index out-of-bounds (index -1, limit 4)
L 08/07/2020 - 02:16:13: [SM] Blaming: freak_fortress_2.smx
L 08/07/2020 - 02:16:13: [SM] Call stack trace:
L 08/07/2020 - 02:16:13: [SM]   [1] Line 17336, Unofficial Freak Fortress::Native_GetBossCharge
L 08/07/2020 - 02:16:13: [SM]   [3] FF2_GetBossCharge
L 08/07/2020 - 02:16:13: [SM]   [4] Line 889, FF2 Subplugin: Bat's Public Pack::FF2_OnAbility2
L 08/07/2020 - 02:16:13: [SM]   [5] Line 52, D:\batfo_qrgut13\Documents\SourceMod 1.9 Compiler\addons\sourcemod\scripting\include\freak_fortress_2_subplugin.inc::FF2_OnAbility
L 08/07/2020 - 02:16:13: [SM]   [7] Call_Finish
L 08/07/2020 - 02:16:13: [SM]   [8] Line 16949, Unofficial Freak Fortress::UseAbility
L 08/07/2020 - 02:16:13: [SM]   [9] Line 11243, Unofficial Freak Fortress::ActivateAbilitySlot
L 08/07/2020 - 02:16:13: [SM]   [10] Line 12183, Unofficial Freak Fortress::OnPlayerHurt
L 08/07/2020 - 02:17:04: [SM] Exception reported: Array index out-of-bounds (index -1, limit 4)
L 08/07/2020 - 02:17:04: [SM] Blaming: freak_fortress_2.smx
L 08/07/2020 - 02:17:04: [SM] Call stack trace:
L 08/07/2020 - 02:17:04: [SM]   [1] Line 17336, Unofficial Freak Fortress::Native_GetBossCharge
L 08/07/2020 - 02:17:04: [SM]   [3] FF2_GetBossCharge
L 08/07/2020 - 02:17:04: [SM]   [4] Line 889, FF2 Subplugin: Bat's Public Pack::FF2_OnAbility2
L 08/07/2020 - 02:17:04: [SM]   [5] Line 52, D:\batfo_qrgut13\Documents\SourceMod 1.9 Compiler\addons\sourcemod\scripting\include\freak_fortress_2_subplugin.inc::FF2_OnAbility
L 08/07/2020 - 02:17:04: [SM]   [7] Call_Finish
L 08/07/2020 - 02:17:04: [SM]   [8] Line 16949, Unofficial Freak Fortress::UseAbility
L 08/07/2020 - 02:17:04: [SM]   [9] Line 11243, Unofficial Freak Fortress::ActivateAbilitySlot
L 08/07/2020 - 02:17:04: [SM]   [10] Line 12183, Unofficial Freak Fortress::OnPlayerHurt
L 08/07/2020 - 02:19:15: [SM] Exception reported: Array index out-of-bounds (index -1, limit 4)
L 08/07/2020 - 02:19:15: [SM] Blaming: freak_fortress_2.smx
L 08/07/2020 - 02:19:15: [SM] Call stack trace:
L 08/07/2020 - 02:19:15: [SM]   [1] Line 17336, Unofficial Freak Fortress::Native_GetBossCharge
L 08/07/2020 - 02:19:15: [SM]   [3] FF2_GetBossCharge
L 08/07/2020 - 02:19:15: [SM]   [4] Line 889, FF2 Subplugin: Bat's Public Pack::FF2_OnAbility2
L 08/07/2020 - 02:19:15: [SM]   [5] Line 52, D:\batfo_qrgut13\Documents\SourceMod 1.9 Compiler\addons\sourcemod\scripting\include\freak_fortress_2_subplugin.inc::FF2_OnAbility
L 08/07/2020 - 02:19:15: [SM]   [7] Call_Finish
L 08/07/2020 - 02:19:15: [SM]   [8] Line 16949, Unofficial Freak Fortress::UseAbility
L 08/07/2020 - 02:19:15: [SM]   [9] Line 11243, Unofficial Freak Fortress::ActivateAbilitySlot
L 08/07/2020 - 02:19:15: [SM]   [10] Line 12183, Unofficial Freak Fortress::OnPlayerHurt
L 08/07/2020 - 02:19:57: [SM] Exception reported: Array index out-of-bounds (index -1, limit 4)
L 08/07/2020 - 02:19:57: [SM] Blaming: freak_fortress_2.smx
L 08/07/2020 - 02:19:57: [SM] Call stack trace:
L 08/07/2020 - 02:19:57: [SM]   [1] Line 17336, Unofficial Freak Fortress::Native_GetBossCharge
L 08/07/2020 - 02:19:57: [SM]   [3] FF2_GetBossCharge
L 08/07/2020 - 02:19:57: [SM]   [4] Line 889, FF2 Subplugin: Bat's Public Pack::FF2_OnAbility2
L 08/07/2020 - 02:19:57: [SM]   [5] Line 52, D:\batfo_qrgut13\Documents\SourceMod 1.9 Compiler\addons\sourcemod\scripting\include\freak_fortress_2_subplugin.inc::FF2_OnAbility
L 08/07/2020 - 02:19:57: [SM]   [7] Call_Finish
L 08/07/2020 - 02:19:57: [SM]   [8] Line 16949, Unofficial Freak Fortress::UseAbility
L 08/07/2020 - 02:19:57: [SM]   [9] Line 11243, Unofficial Freak Fortress::ActivateAbilitySlot
L 08/07/2020 - 02:19:57: [SM]   [10] Line 12183, Unofficial Freak Fortress::OnPlayerHurt
L 08/07/2020 - 02:20:14: [SM] Exception reported: Array index out-of-bounds (index -1, limit 4)
L 08/07/2020 - 02:20:14: [SM] Blaming: freak_fortress_2.smx
L 08/07/2020 - 02:20:14: [SM] Call stack trace:
L 08/07/2020 - 02:20:14: [SM]   [1] Line 17336, Unofficial Freak Fortress::Native_GetBossCharge
L 08/07/2020 - 02:20:14: [SM]   [3] FF2_GetBossCharge
L 08/07/2020 - 02:20:14: [SM]   [4] Line 889, FF2 Subplugin: Bat's Public Pack::FF2_OnAbility2
L 08/07/2020 - 02:20:14: [SM]   [5] Line 52, D:\batfo_qrgut13\Documents\SourceMod 1.9 Compiler\addons\sourcemod\scripting\include\freak_fortress_2_subplugin.inc::FF2_OnAbility
L 08/07/2020 - 02:20:14: [SM]   [7] Call_Finish
L 08/07/2020 - 02:20:14: [SM]   [8] Line 16949, Unofficial Freak Fortress::UseAbility
L 08/07/2020 - 02:20:14: [SM]   [9] Line 11243, Unofficial Freak Fortress::ActivateAbilitySlot
L 08/07/2020 - 02:20:14: [SM]   [10] Line 12183, Unofficial Freak Fortress::OnPlayerHurt
L 08/07/2020 - 02:20:37: [SM] Exception reported: Array index out-of-bounds (index -1, limit 4)
L 08/07/2020 - 02:20:37: [SM] Blaming: freak_fortress_2.smx
L 08/07/2020 - 02:20:37: [SM] Call stack trace:
L 08/07/2020 - 02:20:37: [SM]   [1] Line 17336, Unofficial Freak Fortress::Native_GetBossCharge
L 08/07/2020 - 02:20:37: [SM]   [3] FF2_GetBossCharge
L 08/07/2020 - 02:20:37: [SM]   [4] Line 889, FF2 Subplugin: Bat's Public Pack::FF2_OnAbility2
L 08/07/2020 - 02:20:37: [SM]   [5] Line 52, D:\batfo_qrgut13\Documents\SourceMod 1.9 Compiler\addons\sourcemod\scripting\include\freak_fortress_2_subplugin.inc::FF2_OnAbility
L 08/07/2020 - 02:20:37: [SM]   [7] Call_Finish
L 08/07/2020 - 02:20:37: [SM]   [8] Line 16949, Unofficial Freak Fortress::UseAbility
L 08/07/2020 - 02:20:37: [SM]   [9] Line 11243, Unofficial Freak Fortress::ActivateAbilitySlot
L 08/07/2020 - 02:20:37: [SM]   [10] Line 12183, Unofficial Freak Fortress::OnPlayerHurt
L 08/07/2020 - 02:26:44: [SM] Exception reported: Array index out-of-bounds (index -1, limit 4)
L 08/07/2020 - 02:26:44: [SM] Blaming: freak_fortress_2.smx
L 08/07/2020 - 02:26:44: [SM] Call stack trace:
L 08/07/2020 - 02:26:44: [SM]   [1] Line 17336, Unofficial Freak Fortress::Native_GetBossCharge
L 08/07/2020 - 02:26:44: [SM]   [3] FF2_GetBossCharge
L 08/07/2020 - 02:26:44: [SM]   [4] Line 889, FF2 Subplugin: Bat's Public Pack::FF2_OnAbility2
L 08/07/2020 - 02:26:44: [SM]   [5] Line 52, D:\batfo_qrgut13\Documents\SourceMod 1.9 Compiler\addons\sourcemod\scripting\include\freak_fortress_2_subplugin.inc::FF2_OnAbility
L 08/07/2020 - 02:26:44: [SM]   [7] Call_Finish
L 08/07/2020 - 02:26:44: [SM]   [8] Line 16949, Unofficial Freak Fortress::UseAbility
L 08/07/2020 - 02:26:44: [SM]   [9] Line 11243, Unofficial Freak Fortress::ActivateAbilitySlot
L 08/07/2020 - 02:26:44: [SM]   [10] Line 12183, Unofficial Freak Fortress::OnPlayerHurt
L 08/07/2020 - 02:34:26: [SM] Exception reported: Array index out-of-bounds (index -1, limit 4)
L 08/07/2020 - 02:34:26: [SM] Blaming: freak_fortress_2.smx
L 08/07/2020 - 02:34:26: [SM] Call stack trace:
L 08/07/2020 - 02:34:26: [SM]   [1] Line 17336, Unofficial Freak Fortress::Native_GetBossCharge
L 08/07/2020 - 02:34:26: [SM]   [3] FF2_GetBossCharge
L 08/07/2020 - 02:34:26: [SM]   [4] Line 889, FF2 Subplugin: Bat's Public Pack::FF2_OnAbility2
L 08/07/2020 - 02:34:26: [SM]   [5] Line 52, D:\batfo_qrgut13\Documents\SourceMod 1.9 Compiler\addons\sourcemod\scripting\include\freak_fortress_2_subplugin.inc::FF2_OnAbility
L 08/07/2020 - 02:34:26: [SM]   [7] Call_Finish
L 08/07/2020 - 02:34:26: [SM]   [8] Line 16949, Unofficial Freak Fortress::UseAbility
L 08/07/2020 - 02:34:26: [SM]   [9] Line 11243, Unofficial Freak Fortress::ActivateAbilitySlot
L 08/07/2020 - 02:34:26: [SM]   [10] Line 12183, Unofficial Freak Fortress::OnPlayerHurt
L 08/07/2020 - 02:36:57: [SM] Exception reported: Array index out-of-bounds (index -1, limit 4)
L 08/07/2020 - 02:36:57: [SM] Blaming: freak_fortress_2.smx
L 08/07/2020 - 02:36:57: [SM] Call stack trace:
L 08/07/2020 - 02:36:57: [SM]   [1] Line 17336, Unofficial Freak Fortress::Native_GetBossCharge
L 08/07/2020 - 02:36:57: [SM]   [3] FF2_GetBossCharge
L 08/07/2020 - 02:36:57: [SM]   [4] Line 889, FF2 Subplugin: Bat's Public Pack::FF2_OnAbility2
L 08/07/2020 - 02:36:57: [SM]   [5] Line 52, D:\batfo_qrgut13\Documents\SourceMod 1.9 Compiler\addons\sourcemod\scripting\include\freak_fortress_2_subplugin.inc::FF2_OnAbility
L 08/07/2020 - 02:36:57: [SM]   [7] Call_Finish
L 08/07/2020 - 02:36:57: [SM]   [8] Line 16949, Unofficial Freak Fortress::UseAbility
L 08/07/2020 - 02:36:57: [SM]   [9] Line 11243, Unofficial Freak Fortress::ActivateAbilitySlot
L 08/07/2020 - 02:36:57: [SM]   [10] Line 12183, Unofficial Freak Fortress::OnPlayerHurt
L 08/07/2020 - 02:37:23: [SM] Exception reported: Array index out-of-bounds (index -1, limit 4)
L 08/07/2020 - 02:37:23: [SM] Blaming: freak_fortress_2.smx
L 08/07/2020 - 02:37:23: [SM] Call stack trace:
L 08/07/2020 - 02:37:23: [SM]   [1] Line 17336, Unofficial Freak Fortress::Native_GetBossCharge
L 08/07/2020 - 02:37:23: [SM]   [3] FF2_GetBossCharge
L 08/07/2020 - 02:37:23: [SM]   [4] Line 889, FF2 Subplugin: Bat's Public Pack::FF2_OnAbility2
L 08/07/2020 - 02:37:23: [SM]   [5] Line 52, D:\batfo_qrgut13\Documents\SourceMod 1.9 Compiler\addons\sourcemod\scripting\include\freak_fortress_2_subplugin.inc::FF2_OnAbility
L 08/07/2020 - 02:37:23: [SM]   [7] Call_Finish
L 08/07/2020 - 02:37:23: [SM]   [8] Line 16949, Unofficial Freak Fortress::UseAbility
L 08/07/2020 - 02:37:23: [SM]   [9] Line 11243, Unofficial Freak Fortress::ActivateAbilitySlot
L 08/07/2020 - 02:37:23: [SM]   [10] Line 12183, Unofficial Freak Fortress::OnPlayerHurt
L 08/07/2020 - 02:40:27: Error log file session closed.
L 08/07/2020 - 18:41:47: SourceMod error session started
L 08/07/2020 - 18:41:47: Info (map "arena_lumberyard") (file "/home/steamsrv/tf2/tf/addons/sourcemod/logs/errors_20200807.log")
L 08/07/2020 - 18:41:47: [tf2attributes.smx] Could not initialize call to CEconItem::SetCustomName
L 08/07/2020 - 18:41:48: [store.smx] Gifts! isn't installed or failed to load. Gifts support will be disabled. Please install Gifts. (http://forums.alliedmods.net/showthread.php?t=175185)
L 08/07/2020 - 18:41:48: [store.smx] Database connection is lost or not yet initialized.
L 08/07/2020 - 18:47:03: [tf2attributes.smx] Could not initialize call to CEconItem::SetCustomName
L 08/07/2020 - 18:47:04: [store.smx] Gifts! isn't installed or failed to load. Gifts support will be disabled. Please install Gifts. (http://forums.alliedmods.net/showthread.php?t=175185)
L 08/07/2020 - 18:47:04: [store.smx] Database connection is lost or not yet initialized.
L 08/07/2020 - 18:55:07: [tf2attributes.smx] Could not initialize call to CEconItem::SetCustomName
L 08/07/2020 - 18:55:08: [store.smx] Gifts! isn't installed or failed to load. Gifts support will be disabled. Please install Gifts. (http://forums.alliedmods.net/showthread.php?t=175185)
L 08/07/2020 - 18:55:08: [store.smx] Database connection is lost or not yet initialized.
L 08/07/2020 - 18:56:58: [tf2attributes.smx] Could not initialize call to CEconItem::SetCustomName
L 08/07/2020 - 18:56:58: [store.smx] Gifts! isn't installed or failed to load. Gifts support will be disabled. Please install Gifts. (http://forums.alliedmods.net/showthread.php?t=175185)
L 08/07/2020 - 18:56:58: [store.smx] Database connection is lost or not yet initialized.
L 08/07/2020 - 19:06:53: Error log file session closed.
L 08/07/2020 - 19:16:21: SourceMod error session started
L 08/07/2020 - 19:16:21: Info (map "vsh_area_54tress_b4") (file "/home/steamsrv/tf2/tf/addons/sourcemod/logs/errors_20200807.log")
L 08/07/2020 - 19:16:21: [tf2attributes.smx] Could not initialize call to CEconItem::SetCustomName
L 08/07/2020 - 19:16:22: [store.smx] Gifts! isn't installed or failed to load. Gifts support will be disabled. Please install Gifts. (http://forums.alliedmods.net/showthread.php?t=175185)
L 08/07/2020 - 19:16:22: [store.smx] Database connection is lost or not yet initialized.
L 08/07/2020 - 19:16:22: [store.smx] Database connection is lost or not yet initialized.
L 08/07/2020 - 19:19:15: [SM] Exception reported: Array index out-of-bounds (index -1, limit 4)
L 08/07/2020 - 19:19:15: [SM] Blaming: freak_fortress_2.smx
L 08/07/2020 - 19:19:15: [SM] Call stack trace:
L 08/07/2020 - 19:19:15: [SM]   [1] Line 17336, Unofficial Freak Fortress::Native_GetBossCharge
L 08/07/2020 - 19:19:15: [SM]   [3] FF2_GetBossCharge
L 08/07/2020 - 19:19:15: [SM]   [4] Line 889, FF2 Subplugin: Bat's Public Pack::FF2_OnAbility2
L 08/07/2020 - 19:19:15: [SM]   [5] Line 52, D:\batfo_qrgut13\Documents\SourceMod 1.9 Compiler\addons\sourcemod\scripting\include\freak_fortress_2_subplugin.inc::FF2_OnAbility
L 08/07/2020 - 19:19:15: [SM]   [7] Call_Finish
L 08/07/2020 - 19:19:15: [SM]   [8] Line 16949, Unofficial Freak Fortress::UseAbility
L 08/07/2020 - 19:19:15: [SM]   [9] Line 11243, Unofficial Freak Fortress::ActivateAbilitySlot
L 08/07/2020 - 19:19:15: [SM]   [10] Line 12183, Unofficial Freak Fortress::OnPlayerHurt
L 08/07/2020 - 19:19:41: [SM] Exception reported: Array index out-of-bounds (index -1, limit 4)
L 08/07/2020 - 19:19:41: [SM] Blaming: freak_fortress_2.smx
L 08/07/2020 - 19:19:41: [SM] Call stack trace:
L 08/07/2020 - 19:19:41: [SM]   [1] Line 17336, Unofficial Freak Fortress::Native_GetBossCharge
L 08/07/2020 - 19:19:41: [SM]   [3] FF2_GetBossCharge
L 08/07/2020 - 19:19:41: [SM]   [4] Line 889, FF2 Subplugin: Bat's Public Pack::FF2_OnAbility2
L 08/07/2020 - 19:19:41: [SM]   [5] Line 52, D:\batfo_qrgut13\Documents\SourceMod 1.9 Compiler\addons\sourcemod\scripting\include\freak_fortress_2_subplugin.inc::FF2_OnAbility
L 08/07/2020 - 19:19:41: [SM]   [7] Call_Finish
L 08/07/2020 - 19:19:41: [SM]   [8] Line 16949, Unofficial Freak Fortress::UseAbility
L 08/07/2020 - 19:19:41: [SM]   [9] Line 11243, Unofficial Freak Fortress::ActivateAbilitySlot
L 08/07/2020 - 19:19:41: [SM]   [10] Line 12183, Unofficial Freak Fortress::OnPlayerHurt
L 08/07/2020 - 19:20:13: [SM] Exception reported: Array index out-of-bounds (index -1, limit 4)
L 08/07/2020 - 19:20:13: [SM] Blaming: freak_fortress_2.smx
L 08/07/2020 - 19:20:13: [SM] Call stack trace:
L 08/07/2020 - 19:20:13: [SM]   [1] Line 17336, Unofficial Freak Fortress::Native_GetBossCharge
L 08/07/2020 - 19:20:13: [SM]   [3] FF2_GetBossCharge
L 08/07/2020 - 19:20:13: [SM]   [4] Line 889, FF2 Subplugin: Bat's Public Pack::FF2_OnAbility2
L 08/07/2020 - 19:20:13: [SM]   [5] Line 52, D:\batfo_qrgut13\Documents\SourceMod 1.9 Compiler\addons\sourcemod\scripting\include\freak_fortress_2_subplugin.inc::FF2_OnAbility
L 08/07/2020 - 19:20:13: [SM]   [7] Call_Finish
L 08/07/2020 - 19:20:13: [SM]   [8] Line 16949, Unofficial Freak Fortress::UseAbility
L 08/07/2020 - 19:20:13: [SM]   [9] Line 11243, Unofficial Freak Fortress::ActivateAbilitySlot
L 08/07/2020 - 19:20:13: [SM]   [10] Line 12183, Unofficial Freak Fortress::OnPlayerHurt
L 08/07/2020 - 22:50:17: Error log file session closed.
L 08/07/2020 - 22:53:50: SourceMod error session started
L 08/07/2020 - 22:53:50: Info (map "arena_lumberyard") (file "/home/steamsrv/tf2/tf/addons/sourcemod/logs/errors_20200807.log")
L 08/07/2020 - 22:53:50: [SM] Exception reported: Array index out-of-bounds (index -1, limit 4)
L 08/07/2020 - 22:53:50: [SM] Blaming: freak_fortress_2.smx
L 08/07/2020 - 22:53:50: [SM] Call stack trace:
L 08/07/2020 - 22:53:50: [SM]   [1] Line 17336, Unofficial Freak Fortress::Native_GetBossCharge
L 08/07/2020 - 22:53:50: [SM]   [3] FF2_GetBossCharge
L 08/07/2020 - 22:53:50: [SM]   [4] Line 889, FF2 Subplugin: Bat's Public Pack::FF2_OnAbility2
L 08/07/2020 - 22:53:50: [SM]   [5] Line 52, D:\batfo_qrgut13\Documents\SourceMod 1.9 Compiler\addons\sourcemod\scripting\include\freak_fortress_2_subplugin.inc::FF2_OnAbility
L 08/07/2020 - 22:53:50: [SM]   [7] Call_Finish
L 08/07/2020 - 22:53:50: [SM]   [8] Line 16949, Unofficial Freak Fortress::UseAbility
L 08/07/2020 - 22:53:50: [SM]   [9] Line 11243, Unofficial Freak Fortress::ActivateAbilitySlot
L 08/07/2020 - 22:53:50: [SM]   [10] Line 12183, Unofficial Freak Fortress::OnPlayerHurt
L 08/07/2020 - 22:54:01: [SM] Exception reported: Array index out-of-bounds (index -1, limit 4)
L 08/07/2020 - 22:54:01: [SM] Blaming: freak_fortress_2.smx
L 08/07/2020 - 22:54:01: [SM] Call stack trace:
L 08/07/2020 - 22:54:01: [SM]   [1] Line 17336, Unofficial Freak Fortress::Native_GetBossCharge
L 08/07/2020 - 22:54:01: [SM]   [3] FF2_GetBossCharge
L 08/07/2020 - 22:54:01: [SM]   [4] Line 889, FF2 Subplugin: Bat's Public Pack::FF2_OnAbility2
L 08/07/2020 - 22:54:01: [SM]   [5] Line 52, D:\batfo_qrgut13\Documents\SourceMod 1.9 Compiler\addons\sourcemod\scripting\include\freak_fortress_2_subplugin.inc::FF2_OnAbility
L 08/07/2020 - 22:54:01: [SM]   [7] Call_Finish
L 08/07/2020 - 22:54:01: [SM]   [8] Line 16949, Unofficial Freak Fortress::UseAbility
L 08/07/2020 - 22:54:01: [SM]   [9] Line 11243, Unofficial Freak Fortress::ActivateAbilitySlot
L 08/07/2020 - 22:54:01: [SM]   [10] Line 12183, Unofficial Freak Fortress::OnPlayerHurt
L 08/07/2020 - 22:55:01: [SM] Exception reported: Array index out-of-bounds (index -1, limit 4)
L 08/07/2020 - 22:55:01: [SM] Blaming: freak_fortress_2.smx
L 08/07/2020 - 22:55:01: [SM] Call stack trace:
L 08/07/2020 - 22:55:01: [SM]   [1] Line 17336, Unofficial Freak Fortress::Native_GetBossCharge
L 08/07/2020 - 22:55:01: [SM]   [3] FF2_GetBossCharge
L 08/07/2020 - 22:55:01: [SM]   [4] Line 889, FF2 Subplugin: Bat's Public Pack::FF2_OnAbility2
L 08/07/2020 - 22:55:01: [SM]   [5] Line 52, D:\batfo_qrgut13\Documents\SourceMod 1.9 Compiler\addons\sourcemod\scripting\include\freak_fortress_2_subplugin.inc::FF2_OnAbility
L 08/07/2020 - 22:55:01: [SM]   [7] Call_Finish
L 08/07/2020 - 22:55:01: [SM]   [8] Line 16949, Unofficial Freak Fortress::UseAbility
L 08/07/2020 - 22:55:01: [SM]   [9] Line 11243, Unofficial Freak Fortress::ActivateAbilitySlot
L 08/07/2020 - 22:55:01: [SM]   [10] Line 12183, Unofficial Freak Fortress::OnPlayerHurt
L 08/07/2020 - 22:55:30: [SM] Exception reported: Array index out-of-bounds (index -1, limit 4)
L 08/07/2020 - 22:55:30: [SM] Blaming: freak_fortress_2.smx
L 08/07/2020 - 22:55:30: [SM] Call stack trace:
L 08/07/2020 - 22:55:30: [SM]   [1] Line 17336, Unofficial Freak Fortress::Native_GetBossCharge
L 08/07/2020 - 22:55:30: [SM]   [3] FF2_GetBossCharge
L 08/07/2020 - 22:55:30: [SM]   [4] Line 889, FF2 Subplugin: Bat's Public Pack::FF2_OnAbility2
L 08/07/2020 - 22:55:30: [SM]   [5] Line 52, D:\batfo_qrgut13\Documents\SourceMod 1.9 Compiler\addons\sourcemod\scripting\include\freak_fortress_2_subplugin.inc::FF2_OnAbility
L 08/07/2020 - 22:55:30: [SM]   [7] Call_Finish
L 08/07/2020 - 22:55:30: [SM]   [8] Line 16949, Unofficial Freak Fortress::UseAbility
L 08/07/2020 - 22:55:30: [SM]   [9] Line 11243, Unofficial Freak Fortress::ActivateAbilitySlot
L 08/07/2020 - 22:55:30: [SM]   [10] Line 12183, Unofficial Freak Fortress::OnPlayerHurt
L 08/07/2020 - 22:58:50: [tf2attributes.smx] Could not initialize call to CEconItem::SetCustomName
L 08/07/2020 - 22:58:51: [store.smx] Gifts! isn't installed or failed to load. Gifts support will be disabled. Please install Gifts. (http://forums.alliedmods.net/showthread.php?t=175185)
L 08/07/2020 - 22:58:51: [store.smx] Database connection is lost or not yet initialized.
L 08/07/2020 - 22:58:51: [store.smx] Database connection is lost or not yet initialized.
L 08/07/2020 - 23:11:14: [tf2attributes.smx] Could not initialize call to CEconItem::SetCustomName
L 08/07/2020 - 23:11:14: [store.smx] Gifts! isn't installed or failed to load. Gifts support will be disabled. Please install Gifts. (http://forums.alliedmods.net/showthread.php?t=175185)
L 08/07/2020 - 23:11:14: [store.smx] Database connection is lost or not yet initialized.
L 08/07/2020 - 23:11:14: [store.smx] Database connection is lost or not yet initialized.
L 08/07/2020 - 23:13:29: [tf2attributes.smx] Could not initialize call to CEconItem::SetCustomName
L 08/07/2020 - 23:13:30: [store.smx] Gifts! isn't installed or failed to load. Gifts support will be disabled. Please install Gifts. (http://forums.alliedmods.net/showthread.php?t=175185)
L 08/07/2020 - 23:13:30: [store.smx] Database connection is lost or not yet initialized.
L 08/07/2020 - 23:13:30: [store.smx] Database connection is lost or not yet initialized.
L 08/07/2020 - 23:18:49: [tf2attributes.smx] Could not initialize call to CEconItem::SetCustomName
L 08/07/2020 - 23:18:50: [store.smx] Gifts! isn't installed or failed to load. Gifts support will be disabled. Please install Gifts. (http://forums.alliedmods.net/showthread.php?t=175185)
L 08/07/2020 - 23:18:50: [store.smx] Database connection is lost or not yet initialized.
L 08/07/2020 - 23:18:50: [store.smx] Database connection is lost or not yet initialized.
L 08/07/2020 - 23:25:46: Error log file session closed.
