L 03/20/2021 - 00:00:13: SourceMod error session started
L 03/20/2021 - 00:00:13: Info (map "vsh_minegay_reworked_v2") (file "/home/frenzoid/TF2_FF2/tf/addons/sourcemod/logs/errors_20210320.log")
L 03/20/2021 - 00:00:13: [SM] Exception reported: Array index out-of-bounds (index -1, limit 4)
L 03/20/2021 - 00:00:13: [SM] Blaming: freak_fortress_2.smx
L 03/20/2021 - 00:00:13: [SM] Call stack trace:
L 03/20/2021 - 00:00:13: [SM]   [1] Line 17336, Unofficial Freak Fortress::Native_GetBossCharge
L 03/20/2021 - 00:00:13: [SM]   [3] FF2_GetBossCharge
L 03/20/2021 - 00:00:13: [SM]   [4] Line 889, FF2 Subplugin: Bat's Public Pack::FF2_OnAbility2
L 03/20/2021 - 00:00:13: [SM]   [5] Line 52, D:\batfo_qrgut13\Documents\SourceMod 1.9 Compiler\addons\sourcemod\scripting\include\freak_fortress_2_subplugin.inc::FF2_OnAbility
L 03/20/2021 - 00:00:13: [SM]   [7] Call_Finish
L 03/20/2021 - 00:00:13: [SM]   [8] Line 16949, Unofficial Freak Fortress::UseAbility
L 03/20/2021 - 00:00:13: [SM]   [9] Line 11243, Unofficial Freak Fortress::ActivateAbilitySlot
L 03/20/2021 - 00:00:13: [SM]   [10] Line 12183, Unofficial Freak Fortress::OnPlayerHurt
L 03/20/2021 - 00:01:38: [SM] Exception reported: Array index out-of-bounds (index -1, limit 4)
L 03/20/2021 - 00:01:38: [SM] Blaming: freak_fortress_2.smx
L 03/20/2021 - 00:01:38: [SM] Call stack trace:
L 03/20/2021 - 00:01:38: [SM]   [1] Line 17336, Unofficial Freak Fortress::Native_GetBossCharge
L 03/20/2021 - 00:01:38: [SM]   [3] FF2_GetBossCharge
L 03/20/2021 - 00:01:38: [SM]   [4] Line 889, FF2 Subplugin: Bat's Public Pack::FF2_OnAbility2
L 03/20/2021 - 00:01:38: [SM]   [5] Line 52, D:\batfo_qrgut13\Documents\SourceMod 1.9 Compiler\addons\sourcemod\scripting\include\freak_fortress_2_subplugin.inc::FF2_OnAbility
L 03/20/2021 - 00:01:38: [SM]   [7] Call_Finish
L 03/20/2021 - 00:01:38: [SM]   [8] Line 16949, Unofficial Freak Fortress::UseAbility
L 03/20/2021 - 00:01:38: [SM]   [9] Line 11243, Unofficial Freak Fortress::ActivateAbilitySlot
L 03/20/2021 - 00:01:38: [SM]   [10] Line 12183, Unofficial Freak Fortress::OnPlayerHurt
L 03/20/2021 - 00:08:03: [SM] Exception reported: Array index out-of-bounds (index -1, limit 4)
L 03/20/2021 - 00:08:03: [SM] Blaming: freak_fortress_2.smx
L 03/20/2021 - 00:08:03: [SM] Call stack trace:
L 03/20/2021 - 00:08:03: [SM]   [1] Line 17336, Unofficial Freak Fortress::Native_GetBossCharge
L 03/20/2021 - 00:08:03: [SM]   [3] FF2_GetBossCharge
L 03/20/2021 - 00:08:03: [SM]   [4] Line 889, FF2 Subplugin: Bat's Public Pack::FF2_OnAbility2
L 03/20/2021 - 00:08:03: [SM]   [5] Line 52, D:\batfo_qrgut13\Documents\SourceMod 1.9 Compiler\addons\sourcemod\scripting\include\freak_fortress_2_subplugin.inc::FF2_OnAbility
L 03/20/2021 - 00:08:03: [SM]   [7] Call_Finish
L 03/20/2021 - 00:08:03: [SM]   [8] Line 16949, Unofficial Freak Fortress::UseAbility
L 03/20/2021 - 00:08:03: [SM]   [9] Line 11243, Unofficial Freak Fortress::ActivateAbilitySlot
L 03/20/2021 - 00:08:03: [SM]   [10] Line 12183, Unofficial Freak Fortress::OnPlayerHurt
L 03/20/2021 - 00:09:46: [SM] Exception reported: Array index out-of-bounds (index -1, limit 4)
L 03/20/2021 - 00:09:46: [SM] Blaming: freak_fortress_2.smx
L 03/20/2021 - 00:09:46: [SM] Call stack trace:
L 03/20/2021 - 00:09:46: [SM]   [1] Line 17336, Unofficial Freak Fortress::Native_GetBossCharge
L 03/20/2021 - 00:09:46: [SM]   [3] FF2_GetBossCharge
L 03/20/2021 - 00:09:46: [SM]   [4] Line 889, FF2 Subplugin: Bat's Public Pack::FF2_OnAbility2
L 03/20/2021 - 00:09:46: [SM]   [5] Line 52, D:\batfo_qrgut13\Documents\SourceMod 1.9 Compiler\addons\sourcemod\scripting\include\freak_fortress_2_subplugin.inc::FF2_OnAbility
L 03/20/2021 - 00:09:46: [SM]   [7] Call_Finish
L 03/20/2021 - 00:09:46: [SM]   [8] Line 16949, Unofficial Freak Fortress::UseAbility
L 03/20/2021 - 00:09:46: [SM]   [9] Line 11243, Unofficial Freak Fortress::ActivateAbilitySlot
L 03/20/2021 - 00:09:46: [SM]   [10] Line 12183, Unofficial Freak Fortress::OnPlayerHurt
L 03/20/2021 - 00:10:45: [SM] Exception reported: Array index out-of-bounds (index -1, limit 4)
L 03/20/2021 - 00:10:45: [SM] Blaming: freak_fortress_2.smx
L 03/20/2021 - 00:10:45: [SM] Call stack trace:
L 03/20/2021 - 00:10:45: [SM]   [1] Line 17336, Unofficial Freak Fortress::Native_GetBossCharge
L 03/20/2021 - 00:10:45: [SM]   [3] FF2_GetBossCharge
L 03/20/2021 - 00:10:45: [SM]   [4] Line 889, FF2 Subplugin: Bat's Public Pack::FF2_OnAbility2
L 03/20/2021 - 00:10:45: [SM]   [5] Line 52, D:\batfo_qrgut13\Documents\SourceMod 1.9 Compiler\addons\sourcemod\scripting\include\freak_fortress_2_subplugin.inc::FF2_OnAbility
L 03/20/2021 - 00:10:45: [SM]   [7] Call_Finish
L 03/20/2021 - 00:10:45: [SM]   [8] Line 16949, Unofficial Freak Fortress::UseAbility
L 03/20/2021 - 00:10:45: [SM]   [9] Line 11243, Unofficial Freak Fortress::ActivateAbilitySlot
L 03/20/2021 - 00:10:45: [SM]   [10] Line 12183, Unofficial Freak Fortress::OnPlayerHurt
L 03/20/2021 - 00:11:15: [SM] Exception reported: Array index out-of-bounds (index -1, limit 4)
L 03/20/2021 - 00:11:15: [SM] Blaming: freak_fortress_2.smx
L 03/20/2021 - 00:11:15: [SM] Call stack trace:
L 03/20/2021 - 00:11:15: [SM]   [1] Line 17336, Unofficial Freak Fortress::Native_GetBossCharge
L 03/20/2021 - 00:11:15: [SM]   [3] FF2_GetBossCharge
L 03/20/2021 - 00:11:15: [SM]   [4] Line 889, FF2 Subplugin: Bat's Public Pack::FF2_OnAbility2
L 03/20/2021 - 00:11:15: [SM]   [5] Line 52, D:\batfo_qrgut13\Documents\SourceMod 1.9 Compiler\addons\sourcemod\scripting\include\freak_fortress_2_subplugin.inc::FF2_OnAbility
L 03/20/2021 - 00:11:15: [SM]   [7] Call_Finish
L 03/20/2021 - 00:11:15: [SM]   [8] Line 16949, Unofficial Freak Fortress::UseAbility
L 03/20/2021 - 00:11:15: [SM]   [9] Line 11243, Unofficial Freak Fortress::ActivateAbilitySlot
L 03/20/2021 - 00:11:15: [SM]   [10] Line 12183, Unofficial Freak Fortress::OnPlayerHurt
L 03/20/2021 - 00:27:40: Error log file session closed.
L 03/20/2021 - 16:23:24: SourceMod error session started
L 03/20/2021 - 16:23:24: Info (map "vsh_cactustemple_v1") (file "/home/frenzoid/TF2_FF2/tf/addons/sourcemod/logs/errors_20210320.log")
L 03/20/2021 - 16:23:24: [SM] Plugin "roundtimer.smx" encountered error 23: Native detected error
L 03/20/2021 - 16:23:24: [SM] Invalid timer handle 9a4314b6 (error 3) during timer end, displayed function is timer callback, not the stack trace
L 03/20/2021 - 16:23:24: [SM] Unable to call function "Timer_Round" due to above error(s).
L 03/20/2021 - 16:28:07: [SM] Exception reported: Array index out-of-bounds (index -1, limit 4)
L 03/20/2021 - 16:28:07: [SM] Blaming: freak_fortress_2.smx
L 03/20/2021 - 16:28:07: [SM] Call stack trace:
L 03/20/2021 - 16:28:07: [SM]   [1] Line 17336, Unofficial Freak Fortress::Native_GetBossCharge
L 03/20/2021 - 16:28:07: [SM]   [3] FF2_GetBossCharge
L 03/20/2021 - 16:28:07: [SM]   [4] Line 889, FF2 Subplugin: Bat's Public Pack::FF2_OnAbility2
L 03/20/2021 - 16:28:07: [SM]   [5] Line 52, D:\batfo_qrgut13\Documents\SourceMod 1.9 Compiler\addons\sourcemod\scripting\include\freak_fortress_2_subplugin.inc::FF2_OnAbility
L 03/20/2021 - 16:28:07: [SM]   [7] Call_Finish
L 03/20/2021 - 16:28:07: [SM]   [8] Line 16949, Unofficial Freak Fortress::UseAbility
L 03/20/2021 - 16:28:07: [SM]   [9] Line 11243, Unofficial Freak Fortress::ActivateAbilitySlot
L 03/20/2021 - 16:28:07: [SM]   [10] Line 12183, Unofficial Freak Fortress::OnPlayerHurt
L 03/20/2021 - 16:28:46: [SM] Exception reported: Array index out-of-bounds (index -1, limit 4)
L 03/20/2021 - 16:28:46: [SM] Blaming: freak_fortress_2.smx
L 03/20/2021 - 16:28:46: [SM] Call stack trace:
L 03/20/2021 - 16:28:46: [SM]   [1] Line 17336, Unofficial Freak Fortress::Native_GetBossCharge
L 03/20/2021 - 16:28:46: [SM]   [3] FF2_GetBossCharge
L 03/20/2021 - 16:28:46: [SM]   [4] Line 889, FF2 Subplugin: Bat's Public Pack::FF2_OnAbility2
L 03/20/2021 - 16:28:46: [SM]   [5] Line 52, D:\batfo_qrgut13\Documents\SourceMod 1.9 Compiler\addons\sourcemod\scripting\include\freak_fortress_2_subplugin.inc::FF2_OnAbility
L 03/20/2021 - 16:28:46: [SM]   [7] Call_Finish
L 03/20/2021 - 16:28:46: [SM]   [8] Line 16949, Unofficial Freak Fortress::UseAbility
L 03/20/2021 - 16:28:46: [SM]   [9] Line 11243, Unofficial Freak Fortress::ActivateAbilitySlot
L 03/20/2021 - 16:28:46: [SM]   [10] Line 12183, Unofficial Freak Fortress::OnPlayerHurt
L 03/20/2021 - 16:41:43: Error log file session closed.
L 03/20/2021 - 23:44:24: SourceMod error session started
L 03/20/2021 - 23:44:24: Info (map "vsh_yammoe_rc3") (file "/home/frenzoid/TF2_FF2/tf/addons/sourcemod/logs/errors_20210320.log")
L 03/20/2021 - 23:44:24: [SM] Plugin "roundtimer.smx" encountered error 23: Native detected error
L 03/20/2021 - 23:44:24: [SM] Invalid timer handle b7fc1b4a (error 3) during timer end, displayed function is timer callback, not the stack trace
L 03/20/2021 - 23:44:24: [SM] Unable to call function "Timer_Round" due to above error(s).
L 03/20/2021 - 23:44:45: Error log file session closed.
