L 12/09/2020 - 06:50:43: SourceMod error session started
L 12/09/2020 - 06:50:43: Info (map "vsh_egyptyspot_v2") (file "/home/steamsrv/tf2/tf/addons/sourcemod/logs/errors_20201209.log")
L 12/09/2020 - 06:50:43: [admin-flatfile.smx] Error(s) detected parsing addons/sourcemod/configs/admins.cfg
L 12/09/2020 - 06:50:43: [admin-flatfile.smx]  (line 85) Line contained too many invalid tokens
L 12/09/2020 - 07:21:57: Error log file session closed.
L 12/09/2020 - 07:21:58: SourceMod error session started
L 12/09/2020 - 07:21:58: Info (map "vsh_area_54tress_b4") (file "/home/steamsrv/tf2/tf/addons/sourcemod/logs/errors_20201209.log")
L 12/09/2020 - 07:21:58: [admin-flatfile.smx] Error(s) detected parsing addons/sourcemod/configs/admins.cfg
L 12/09/2020 - 07:21:58: [admin-flatfile.smx]  (line 85) Line contained too many invalid tokens
L 12/09/2020 - 07:23:20: Error log file session closed.
L 12/09/2020 - 07:23:21: SourceMod error session started
L 12/09/2020 - 07:23:21: Info (map "vsh_yammoe_rc3") (file "/home/steamsrv/tf2/tf/addons/sourcemod/logs/errors_20201209.log")
L 12/09/2020 - 07:23:21: [admin-flatfile.smx] Error(s) detected parsing addons/sourcemod/configs/admins.cfg
L 12/09/2020 - 07:23:21: [admin-flatfile.smx]  (line 85) Line contained too many invalid tokens
L 12/09/2020 - 18:33:07: Error log file session closed.
L 12/09/2020 - 18:33:08: SourceMod error session started
L 12/09/2020 - 18:33:08: Info (map "vsh_tranquil_b5") (file "/home/steamsrv/tf2/tf/addons/sourcemod/logs/errors_20201209.log")
L 12/09/2020 - 18:33:08: [admin-flatfile.smx] Error(s) detected parsing addons/sourcemod/configs/admins.cfg
L 12/09/2020 - 18:33:08: [admin-flatfile.smx]  (line 85) Line contained too many invalid tokens
L 12/09/2020 - 19:03:41: Error log file session closed.
L 12/09/2020 - 19:03:42: SourceMod error session started
L 12/09/2020 - 19:03:42: Info (map "vsh_apg_v2_sg1") (file "/home/steamsrv/tf2/tf/addons/sourcemod/logs/errors_20201209.log")
L 12/09/2020 - 19:03:42: [admin-flatfile.smx] Error(s) detected parsing addons/sourcemod/configs/admins.cfg
L 12/09/2020 - 19:03:42: [admin-flatfile.smx]  (line 85) Line contained too many invalid tokens
L 12/09/2020 - 19:19:32: [freaks/ff2_1st_set_abilities.ff2] [FF2] Cannot give ammo to weapon tf_weapon_knife (boss )-check your config!
L 12/09/2020 - 19:34:21: Error log file session closed.
L 12/09/2020 - 19:34:23: SourceMod error session started
L 12/09/2020 - 19:34:23: Info (map "vsh_impure_v3") (file "/home/steamsrv/tf2/tf/addons/sourcemod/logs/errors_20201209.log")
L 12/09/2020 - 19:34:23: [admin-flatfile.smx] Error(s) detected parsing addons/sourcemod/configs/admins.cfg
L 12/09/2020 - 19:34:23: [admin-flatfile.smx]  (line 85) Line contained too many invalid tokens
L 12/09/2020 - 19:39:35: [freaks/ff2_1st_set_abilities.ff2] [FF2 Bosses] Model 'models\props_halloween\eyeball_projectile.mdl' isn't precached!  Please check Freddy Krueger's "mod_precache"
L 12/09/2020 - 20:05:24: Error log file session closed.
L 12/09/2020 - 20:05:26: SourceMod error session started
L 12/09/2020 - 20:05:26: Info (map "vsh_minegay_reworked_v2") (file "/home/steamsrv/tf2/tf/addons/sourcemod/logs/errors_20201209.log")
L 12/09/2020 - 20:05:26: [admin-flatfile.smx] Error(s) detected parsing addons/sourcemod/configs/admins.cfg
L 12/09/2020 - 20:05:26: [admin-flatfile.smx]  (line 85) Line contained too many invalid tokens
L 12/09/2020 - 20:15:31: [freaks/ff2_1st_set_abilities.ff2] [FF2 Bosses] Model 'models\props_halloween\eyeball_projectile.mdl' isn't precached!  Please check Freddy Krueger's "mod_precache"
L 12/09/2020 - 20:36:32: Error log file session closed.
L 12/09/2020 - 20:36:33: SourceMod error session started
L 12/09/2020 - 20:36:33: Info (map "vsh_scoobydoo_v1") (file "/home/steamsrv/tf2/tf/addons/sourcemod/logs/errors_20201209.log")
L 12/09/2020 - 20:36:33: [admin-flatfile.smx] Error(s) detected parsing addons/sourcemod/configs/admins.cfg
L 12/09/2020 - 20:36:33: [admin-flatfile.smx]  (line 85) Line contained too many invalid tokens
L 12/09/2020 - 20:39:24: [freaks/ff2_1st_set_abilities.ff2] [FF2 Bosses] Model 'models\props_halloween\eyeball_projectile.mdl' isn't precached!  Please check Freddy Krueger's "mod_precache"
