L 09/12/2020 - 15:56:17: SourceMod error session started
L 09/12/2020 - 15:56:17: Info (map "vsh_jealo_rc2") (file "/home/steamsrv/tf2/tf/addons/sourcemod/logs/errors_20200912.log")
L 09/12/2020 - 15:56:17: [tf2attributes.smx] Could not initialize call to CEconItem::SetCustomName
L 09/12/2020 - 15:56:17: [store.smx] Gifts! isn't installed or failed to load. Gifts support will be disabled. Please install Gifts. (http://forums.alliedmods.net/showthread.php?t=175185)
L 09/12/2020 - 15:56:17: [store.smx] Database connection is lost or not yet initialized.
L 09/12/2020 - 15:56:33: [tf2attributes.smx] Could not initialize call to CEconItem::SetCustomName
L 09/12/2020 - 15:56:33: [store.smx] Gifts! isn't installed or failed to load. Gifts support will be disabled. Please install Gifts. (http://forums.alliedmods.net/showthread.php?t=175185)
L 09/12/2020 - 15:56:33: [store.smx] Database connection is lost or not yet initialized.
L 09/12/2020 - 15:57:15: [tf2attributes.smx] Could not initialize call to CEconItem::SetCustomName
L 09/12/2020 - 15:57:16: [store.smx] Gifts! isn't installed or failed to load. Gifts support will be disabled. Please install Gifts. (http://forums.alliedmods.net/showthread.php?t=175185)
L 09/12/2020 - 15:57:16: [store.smx] Database connection is lost or not yet initialized.
L 09/12/2020 - 15:59:13: [tf2attributes.smx] Could not initialize call to CEconItem::SetCustomName
L 09/12/2020 - 15:59:13: [store.smx] Gifts! isn't installed or failed to load. Gifts support will be disabled. Please install Gifts. (http://forums.alliedmods.net/showthread.php?t=175185)
L 09/12/2020 - 15:59:13: [store.smx] Database connection is lost or not yet initialized.
L 09/12/2020 - 15:59:58: [tf2attributes.smx] Could not initialize call to CEconItem::SetCustomName
L 09/12/2020 - 15:59:59: [store.smx] Gifts! isn't installed or failed to load. Gifts support will be disabled. Please install Gifts. (http://forums.alliedmods.net/showthread.php?t=175185)
L 09/12/2020 - 15:59:59: [store.smx] Database connection is lost or not yet initialized.
L 09/12/2020 - 16:02:26: [tf2attributes.smx] Could not initialize call to CEconItem::SetCustomName
L 09/12/2020 - 16:02:26: [store.smx] Gifts! isn't installed or failed to load. Gifts support will be disabled. Please install Gifts. (http://forums.alliedmods.net/showthread.php?t=175185)
L 09/12/2020 - 16:02:26: [store.smx] Database connection is lost or not yet initialized.
L 09/12/2020 - 16:06:10: [tf2attributes.smx] Could not initialize call to CEconItem::SetCustomName
L 09/12/2020 - 16:06:11: [store.smx] Gifts! isn't installed or failed to load. Gifts support will be disabled. Please install Gifts. (http://forums.alliedmods.net/showthread.php?t=175185)
L 09/12/2020 - 16:06:11: [store.smx] Database connection is lost or not yet initialized.
L 09/12/2020 - 16:10:58: SourceMod error session started
L 09/12/2020 - 16:10:58: Info (map "arena_lumberyard") (file "/home/steamsrv/tf2/tf/addons/sourcemod/logs/errors_20200912.log")
L 09/12/2020 - 16:10:58: [tf2attributes.smx] Could not initialize call to CEconItem::SetCustomName
L 09/12/2020 - 16:10:59: [store.smx] Gifts! isn't installed or failed to load. Gifts support will be disabled. Please install Gifts. (http://forums.alliedmods.net/showthread.php?t=175185)
L 09/12/2020 - 22:34:38: Error log file session closed.
