L 01/12/2021 - 03:31:45: SourceMod error session started
L 01/12/2021 - 03:31:45: Info (map "arena_lumberyard") (file "/home/steamsrv/tf2/tf/addons/sourcemod/logs/errors_20210112.log")
L 01/12/2021 - 03:31:45: [tf2attributes.smx] Could not initialize call to CEconItem::SetCustomName
L 01/12/2021 - 03:31:45: [store.smx] Gifts! isn't installed or failed to load. Gifts support will be disabled. Please install Gifts. (http://forums.alliedmods.net/showthread.php?t=175185)
L 01/12/2021 - 03:31:45: [tf2_taunts_tf2idb.smx] Failed to initialize taunt cache: TF2IDB Not loaded.
L 01/12/2021 - 03:31:45: [tf2_taunts_tf2idb.smx] Halting user interface initialization. Plugin loaded but updater not found.
L 01/12/2021 - 03:31:45: [tf2_taunts_tf2idb.smx] Try using the latest version from here https://github.com/fakuivan/TF2-Taunts-TF2IDB .
L 01/12/2021 - 03:36:20: [tf2attributes.smx] Could not initialize call to CEconItem::SetCustomName
L 01/12/2021 - 03:36:20: [store.smx] Gifts! isn't installed or failed to load. Gifts support will be disabled. Please install Gifts. (http://forums.alliedmods.net/showthread.php?t=175185)
L 01/12/2021 - 03:36:20: [store.smx] Database connection is lost or not yet initialized.
L 01/12/2021 - 03:36:20: [tf2_taunts_tf2idb.smx] Failed to initialize taunt cache: TF2IDB Not loaded.
L 01/12/2021 - 03:36:20: [tf2_taunts_tf2idb.smx] Halting user interface initialization. Plugin loaded but updater not found.
L 01/12/2021 - 03:36:20: [tf2_taunts_tf2idb.smx] Try using the latest version from here https://github.com/fakuivan/TF2-Taunts-TF2IDB .
L 01/12/2021 - 03:39:59: SourceMod error session started
L 01/12/2021 - 03:39:59: Info (map "arena_lumberyard") (file "/home/steamsrv/tf2/tf/addons/sourcemod/logs/errors_20210112.log")
L 01/12/2021 - 03:39:59: [tf2attributes.smx] Could not initialize call to CEconItem::SetCustomName
L 01/12/2021 - 03:39:59: [store.smx] Gifts! isn't installed or failed to load. Gifts support will be disabled. Please install Gifts. (http://forums.alliedmods.net/showthread.php?t=175185)
L 01/12/2021 - 03:39:59: [tf2_taunts_tf2idb.smx] Failed to initialize taunt cache: TF2IDB Not loaded.
L 01/12/2021 - 03:39:59: [tf2_taunts_tf2idb.smx] Halting user interface initialization. Plugin loaded but updater not found.
L 01/12/2021 - 03:39:59: [tf2_taunts_tf2idb.smx] Try using the latest version from here https://github.com/fakuivan/TF2-Taunts-TF2IDB .
L 01/12/2021 - 03:54:01: [SM] Plugin "roundtimer.smx" encountered error 23: Native detected error
L 01/12/2021 - 03:54:01: [SM] Invalid timer handle 4f900359 (error 3) during timer end, displayed function is timer callback, not the stack trace
L 01/12/2021 - 03:54:01: [SM] Unable to call function "Timer_Round" due to above error(s).
L 01/12/2021 - 03:58:10: Error log file session closed.
L 01/12/2021 - 03:58:53: SourceMod error session started
L 01/12/2021 - 03:58:53: Info (map "arena_lumberyard") (file "/home/steamsrv/tf2/tf/addons/sourcemod/logs/errors_20210112.log")
L 01/12/2021 - 03:58:53: [tf2attributes.smx] Could not initialize call to CEconItem::SetCustomName
L 01/12/2021 - 03:58:54: [store.smx] Gifts! isn't installed or failed to load. Gifts support will be disabled. Please install Gifts. (http://forums.alliedmods.net/showthread.php?t=175185)
L 01/12/2021 - 03:58:54: [tf2_taunts_tf2idb.smx] Failed to initialize taunt cache: TF2IDB Not loaded.
L 01/12/2021 - 03:58:54: [tf2_taunts_tf2idb.smx] Halting user interface initialization. Plugin loaded but updater not found.
L 01/12/2021 - 03:58:54: [tf2_taunts_tf2idb.smx] Try using the latest version from here https://github.com/fakuivan/TF2-Taunts-TF2IDB .
L 01/12/2021 - 04:01:20: Error log file session closed.
