L 06/13/2021 - 11:12:07: SourceMod error session started
L 06/13/2021 - 11:12:07: Info (map "vsh_nale_b1e") (file "/home/frenzoid/TF2_FF2/tf/addons/sourcemod/logs/errors_20210613.log")
L 06/13/2021 - 11:12:07: [SM] Exception reported: Invalid database Handle 0 (error: 4)
L 06/13/2021 - 11:12:07: [SM] Blaming: sbpp_sleuth.smx
L 06/13/2021 - 11:12:07: [SM] Call stack trace:
L 06/13/2021 - 11:12:07: [SM]   [0] SQL_TQuery
L 06/13/2021 - 11:12:07: [SM]   [1] Line 170, D:\MegaSync\Projects\Sourcemod\scripting\sbpp_sleuth.sp::OnClientPostAdminCheck
L 06/13/2021 - 11:12:07: [sbpp_comms.smx] Connecting to database failed: [2003]: Can't connect to MySQL server on 'oldbox.cloud' (111)
L 06/13/2021 - 11:12:54: Error log file session closed.
L 06/13/2021 - 16:57:58: SourceMod error session started
L 06/13/2021 - 16:57:58: Info (map "vsh_yammoe_rc3") (file "/home/frenzoid/TF2_FF2/tf/addons/sourcemod/logs/errors_20210613.log")
L 06/13/2021 - 16:57:58: [SM] Exception reported: Invalid database Handle 0 (error: 4)
L 06/13/2021 - 16:57:58: [SM] Blaming: sbpp_sleuth.smx
L 06/13/2021 - 16:57:58: [SM] Call stack trace:
L 06/13/2021 - 16:57:58: [SM]   [0] SQL_TQuery
L 06/13/2021 - 16:57:58: [SM]   [1] Line 170, D:\MegaSync\Projects\Sourcemod\scripting\sbpp_sleuth.sp::OnClientPostAdminCheck
L 06/13/2021 - 16:57:58: [sbpp_comms.smx] Connecting to database failed: [2003]: Can't connect to MySQL server on 'oldbox.cloud' (111)
L 06/13/2021 - 16:58:35: Error log file session closed.
L 06/13/2021 - 16:58:56: SourceMod error session started
L 06/13/2021 - 16:58:56: Info (map "vsh_tranquil_b5") (file "/home/frenzoid/TF2_FF2/tf/addons/sourcemod/logs/errors_20210613.log")
L 06/13/2021 - 16:58:56: [SM] Exception reported: Invalid database Handle 0 (error: 4)
L 06/13/2021 - 16:58:56: [SM] Blaming: sbpp_sleuth.smx
L 06/13/2021 - 16:58:56: [SM] Call stack trace:
L 06/13/2021 - 16:58:56: [SM]   [0] SQL_TQuery
L 06/13/2021 - 16:58:56: [SM]   [1] Line 170, D:\MegaSync\Projects\Sourcemod\scripting\sbpp_sleuth.sp::OnClientPostAdminCheck
L 06/13/2021 - 16:58:56: [sbpp_comms.smx] Connecting to database failed: [2003]: Can't connect to MySQL server on 'oldbox.cloud' (111)
L 06/14/2021 - 05:43:53: Error log file session closed.
