L 04/07/2021 - 16:29:37: SourceMod error session started
L 04/07/2021 - 16:29:37: Info (map "vsh_aperture_b4") (file "/home/frenzoid/TF2_FF2/tf/addons/sourcemod/logs/errors_20210407.log")
L 04/07/2021 - 16:29:37: [SM] Exception reported: Could not initialize call to CTFPlayer::AddCustomAttribute
L 04/07/2021 - 16:29:37: [SM] Blaming: tf2attributes.smx
L 04/07/2021 - 16:29:37: [SM] Call stack trace:
L 04/07/2021 - 16:29:37: [SM]   [0] SetFailState
L 04/07/2021 - 16:29:37: [SM]   [1] Line 229, D:\Programs\_Game Tools_\__Source Tools__\SteamCmd\!servers\tf2-dev\tf\addons\sourcemod\scripting\tf2attributes.sp::OnPluginStart
L 04/07/2021 - 16:29:37: [SM] Unable to load plugin "tf2attributes.smx": Error detected in plugin startup (see error logs)
L 04/07/2021 - 16:29:37: [SM] Unable to load plugin "setclassmaxhealth.smx": Could not find required plugin "tf2attributes"
L 04/07/2021 - 16:29:37: [SM] Unable to load plugin "tf_custom_attributes_debugger.smx": Native "TF2Econ_GetItemName" was not found
L 04/07/2021 - 16:30:38: [SM] Exception reported: Plugin owning this native is currently paused.
L 04/07/2021 - 16:30:38: [SM] Blaming: att_spell_wizard.smx
L 04/07/2021 - 16:30:38: [SM] Call stack trace:
L 04/07/2021 - 16:30:38: [SM]   [0] TF2CustAttr_GetString
L 04/07/2021 - 16:30:38: [SM]   [1] Line 198, D:\Programs\_Game Tools_\__Source Tools__\SteamCmd\!servers\tf2-dev\tf\addons\sourcemod\scripting\att_spell_wizard.sp::OnWeaponEquipPost
L 04/07/2021 - 16:30:38: [SM] Exception reported: Plugin owning this native is currently paused.
L 04/07/2021 - 16:30:38: [SM] Blaming: att_spell_wizard.smx
L 04/07/2021 - 16:30:38: [SM] Call stack trace:
L 04/07/2021 - 16:30:38: [SM]   [0] TF2CustAttr_GetString
L 04/07/2021 - 16:30:38: [SM]   [1] Line 198, D:\Programs\_Game Tools_\__Source Tools__\SteamCmd\!servers\tf2-dev\tf\addons\sourcemod\scripting\att_spell_wizard.sp::OnWeaponEquipPost
L 04/07/2021 - 16:30:38: [SM] Exception reported: Plugin owning this native is currently paused.
L 04/07/2021 - 16:30:38: [SM] Blaming: att_spell_wizard.smx
L 04/07/2021 - 16:30:38: [SM] Call stack trace:
L 04/07/2021 - 16:30:38: [SM]   [0] TF2CustAttr_GetString
L 04/07/2021 - 16:30:38: [SM]   [1] Line 198, D:\Programs\_Game Tools_\__Source Tools__\SteamCmd\!servers\tf2-dev\tf\addons\sourcemod\scripting\att_spell_wizard.sp::OnWeaponEquipPost
L 04/07/2021 - 16:30:38: [SM] Exception reported: Plugin owning this native is currently paused.
L 04/07/2021 - 16:30:38: [SM] Blaming: att_spell_wizard.smx
L 04/07/2021 - 16:30:38: [SM] Call stack trace:
L 04/07/2021 - 16:30:38: [SM]   [0] TF2CustAttr_GetString
L 04/07/2021 - 16:30:38: [SM]   [1] Line 198, D:\Programs\_Game Tools_\__Source Tools__\SteamCmd\!servers\tf2-dev\tf\addons\sourcemod\scripting\att_spell_wizard.sp::OnWeaponEquipPost
L 04/07/2021 - 16:30:38: [SM]   [3] TF2_RegeneratePlayer
L 04/07/2021 - 16:30:38: [SM]   [4] Line 9918, Unofficial Freak Fortress::OnPostInventoryApplication
L 04/07/2021 - 16:30:38: [SM] Exception reported: Plugin owning this native is currently paused.
L 04/07/2021 - 16:30:38: [SM] Blaming: att_spell_wizard.smx
L 04/07/2021 - 16:30:38: [SM] Call stack trace:
L 04/07/2021 - 16:30:38: [SM]   [0] TF2CustAttr_GetString
L 04/07/2021 - 16:30:38: [SM]   [1] Line 198, D:\Programs\_Game Tools_\__Source Tools__\SteamCmd\!servers\tf2-dev\tf\addons\sourcemod\scripting\att_spell_wizard.sp::OnWeaponEquipPost
L 04/07/2021 - 16:30:38: [SM]   [3] TF2_RegeneratePlayer
L 04/07/2021 - 16:30:38: [SM]   [4] Line 9918, Unofficial Freak Fortress::OnPostInventoryApplication
L 04/07/2021 - 16:30:38: [SM] Exception reported: Plugin owning this native is currently paused.
L 04/07/2021 - 16:30:38: [SM] Blaming: att_spell_wizard.smx
L 04/07/2021 - 16:30:38: [SM] Call stack trace:
L 04/07/2021 - 16:30:38: [SM]   [0] TF2CustAttr_GetString
L 04/07/2021 - 16:30:38: [SM]   [1] Line 198, D:\Programs\_Game Tools_\__Source Tools__\SteamCmd\!servers\tf2-dev\tf\addons\sourcemod\scripting\att_spell_wizard.sp::OnWeaponEquipPost
L 04/07/2021 - 16:30:38: [SM]   [3] TF2_RegeneratePlayer
L 04/07/2021 - 16:30:38: [SM]   [4] Line 9918, Unofficial Freak Fortress::OnPostInventoryApplication
L 04/07/2021 - 16:30:38: [SM] Exception reported: Plugin owning this native is currently paused.
L 04/07/2021 - 16:30:38: [SM] Blaming: att_spell_wizard.smx
L 04/07/2021 - 16:30:38: [SM] Call stack trace:
L 04/07/2021 - 16:30:38: [SM]   [0] TF2CustAttr_GetString
L 04/07/2021 - 16:30:38: [SM]   [1] Line 221, D:\Programs\_Game Tools_\__Source Tools__\SteamCmd\!servers\tf2-dev\tf\addons\sourcemod\scripting\att_spell_wizard.sp::Event_OnPostInventoryApplication
L 04/07/2021 - 16:30:38: [SM]   [3] TF2_RegeneratePlayer
L 04/07/2021 - 16:30:38: [SM]   [4] Line 9918, Unofficial Freak Fortress::OnPostInventoryApplication
L 04/07/2021 - 16:30:38: [SM] Exception reported: Plugin owning this native is currently paused.
L 04/07/2021 - 16:30:38: [SM] Blaming: att_spell_wizard.smx
L 04/07/2021 - 16:30:38: [SM] Call stack trace:
L 04/07/2021 - 16:30:38: [SM]   [0] TF2CustAttr_GetString
L 04/07/2021 - 16:30:38: [SM]   [1] Line 221, D:\Programs\_Game Tools_\__Source Tools__\SteamCmd\!servers\tf2-dev\tf\addons\sourcemod\scripting\att_spell_wizard.sp::Event_OnPostInventoryApplication
L 04/07/2021 - 16:30:38: [SM] Exception reported: Plugin owning this native is currently paused.
L 04/07/2021 - 16:30:38: [SM] Blaming: att_spell_wizard.smx
L 04/07/2021 - 16:30:38: [SM] Call stack trace:
L 04/07/2021 - 16:30:38: [SM]   [0] TF2CustAttr_GetString
L 04/07/2021 - 16:30:38: [SM]   [1] Line 198, D:\Programs\_Game Tools_\__Source Tools__\SteamCmd\!servers\tf2-dev\tf\addons\sourcemod\scripting\att_spell_wizard.sp::OnWeaponEquipPost
L 04/07/2021 - 16:30:38: [SM] Exception reported: Plugin owning this native is currently paused.
L 04/07/2021 - 16:30:38: [SM] Blaming: att_spell_wizard.smx
L 04/07/2021 - 16:30:38: [SM] Call stack trace:
L 04/07/2021 - 16:30:38: [SM]   [0] TF2CustAttr_GetString
L 04/07/2021 - 16:30:38: [SM]   [1] Line 198, D:\Programs\_Game Tools_\__Source Tools__\SteamCmd\!servers\tf2-dev\tf\addons\sourcemod\scripting\att_spell_wizard.sp::OnWeaponEquipPost
L 04/07/2021 - 16:30:38: [SM] Exception reported: Plugin owning this native is currently paused.
L 04/07/2021 - 16:30:38: [SM] Blaming: att_spell_wizard.smx
L 04/07/2021 - 16:30:38: [SM] Call stack trace:
L 04/07/2021 - 16:30:38: [SM]   [0] TF2CustAttr_GetString
L 04/07/2021 - 16:30:38: [SM]   [1] Line 198, D:\Programs\_Game Tools_\__Source Tools__\SteamCmd\!servers\tf2-dev\tf\addons\sourcemod\scripting\att_spell_wizard.sp::OnWeaponEquipPost
L 04/07/2021 - 16:30:38: [SM] Exception reported: Plugin owning this native is currently paused.
L 04/07/2021 - 16:30:38: [SM] Blaming: att_spell_wizard.smx
L 04/07/2021 - 16:30:38: [SM] Call stack trace:
L 04/07/2021 - 16:30:38: [SM]   [0] TF2CustAttr_GetString
L 04/07/2021 - 16:30:38: [SM]   [1] Line 198, D:\Programs\_Game Tools_\__Source Tools__\SteamCmd\!servers\tf2-dev\tf\addons\sourcemod\scripting\att_spell_wizard.sp::OnWeaponEquipPost
L 04/07/2021 - 16:30:38: [SM]   [3] TF2_RegeneratePlayer
L 04/07/2021 - 16:30:38: [SM]   [4] Line 9918, Unofficial Freak Fortress::OnPostInventoryApplication
L 04/07/2021 - 16:30:38: [SM] Exception reported: Plugin owning this native is currently paused.
L 04/07/2021 - 16:30:38: [SM] Blaming: att_spell_wizard.smx
L 04/07/2021 - 16:30:38: [SM] Call stack trace:
L 04/07/2021 - 16:30:38: [SM]   [0] TF2CustAttr_GetString
L 04/07/2021 - 16:30:38: [SM]   [1] Line 198, D:\Programs\_Game Tools_\__Source Tools__\SteamCmd\!servers\tf2-dev\tf\addons\sourcemod\scripting\att_spell_wizard.sp::OnWeaponEquipPost
L 04/07/2021 - 16:30:38: [SM]   [3] TF2_RegeneratePlayer
L 04/07/2021 - 16:30:38: [SM]   [4] Line 9918, Unofficial Freak Fortress::OnPostInventoryApplication
L 04/07/2021 - 16:30:38: [SM] Exception reported: Plugin owning this native is currently paused.
L 04/07/2021 - 16:30:38: [SM] Blaming: att_spell_wizard.smx
L 04/07/2021 - 16:30:38: [SM] Call stack trace:
L 04/07/2021 - 16:30:38: [SM]   [0] TF2CustAttr_GetString
L 04/07/2021 - 16:30:38: [SM]   [1] Line 198, D:\Programs\_Game Tools_\__Source Tools__\SteamCmd\!servers\tf2-dev\tf\addons\sourcemod\scripting\att_spell_wizard.sp::OnWeaponEquipPost
L 04/07/2021 - 16:30:38: [SM]   [3] TF2_RegeneratePlayer
L 04/07/2021 - 16:30:38: [SM]   [4] Line 9918, Unofficial Freak Fortress::OnPostInventoryApplication
L 04/07/2021 - 16:30:38: [SM] Exception reported: Plugin owning this native is currently paused.
L 04/07/2021 - 16:30:38: [SM] Blaming: att_spell_wizard.smx
L 04/07/2021 - 16:30:38: [SM] Call stack trace:
L 04/07/2021 - 16:30:38: [SM]   [0] TF2CustAttr_GetString
L 04/07/2021 - 16:30:38: [SM]   [1] Line 221, D:\Programs\_Game Tools_\__Source Tools__\SteamCmd\!servers\tf2-dev\tf\addons\sourcemod\scripting\att_spell_wizard.sp::Event_OnPostInventoryApplication
L 04/07/2021 - 16:30:38: [SM]   [3] TF2_RegeneratePlayer
L 04/07/2021 - 16:30:38: [SM]   [4] Line 9918, Unofficial Freak Fortress::OnPostInventoryApplication
L 04/07/2021 - 16:30:38: [SM] Exception reported: Plugin owning this native is currently paused.
L 04/07/2021 - 16:30:38: [SM] Blaming: att_spell_wizard.smx
L 04/07/2021 - 16:30:38: [SM] Call stack trace:
L 04/07/2021 - 16:30:38: [SM]   [0] TF2CustAttr_GetString
L 04/07/2021 - 16:30:38: [SM]   [1] Line 221, D:\Programs\_Game Tools_\__Source Tools__\SteamCmd\!servers\tf2-dev\tf\addons\sourcemod\scripting\att_spell_wizard.sp::Event_OnPostInventoryApplication
L 04/07/2021 - 16:30:38: [SM] Exception reported: Plugin owning this native is currently paused.
L 04/07/2021 - 16:30:38: [SM] Blaming: att_spell_wizard.smx
L 04/07/2021 - 16:30:38: [SM] Call stack trace:
L 04/07/2021 - 16:30:38: [SM]   [0] TF2CustAttr_GetString
L 04/07/2021 - 16:30:38: [SM]   [1] Line 198, D:\Programs\_Game Tools_\__Source Tools__\SteamCmd\!servers\tf2-dev\tf\addons\sourcemod\scripting\att_spell_wizard.sp::OnWeaponEquipPost
L 04/07/2021 - 16:30:38: [SM] Exception reported: Plugin owning this native is currently paused.
L 04/07/2021 - 16:30:38: [SM] Blaming: att_spell_wizard.smx
L 04/07/2021 - 16:30:38: [SM] Call stack trace:
L 04/07/2021 - 16:30:38: [SM]   [0] TF2CustAttr_GetString
L 04/07/2021 - 16:30:38: [SM]   [1] Line 198, D:\Programs\_Game Tools_\__Source Tools__\SteamCmd\!servers\tf2-dev\tf\addons\sourcemod\scripting\att_spell_wizard.sp::OnWeaponEquipPost
L 04/07/2021 - 16:30:38: [SM] Exception reported: Plugin owning this native is currently paused.
L 04/07/2021 - 16:30:38: [SM] Blaming: att_spell_wizard.smx
L 04/07/2021 - 16:30:38: [SM] Call stack trace:
L 04/07/2021 - 16:30:38: [SM]   [0] TF2CustAttr_GetString
L 04/07/2021 - 16:30:38: [SM]   [1] Line 198, D:\Programs\_Game Tools_\__Source Tools__\SteamCmd\!servers\tf2-dev\tf\addons\sourcemod\scripting\att_spell_wizard.sp::OnWeaponEquipPost
L 04/07/2021 - 16:30:38: [SM] Exception reported: Plugin owning this native is currently paused.
L 04/07/2021 - 16:30:38: [SM] Blaming: att_spell_wizard.smx
L 04/07/2021 - 16:30:38: [SM] Call stack trace:
L 04/07/2021 - 16:30:38: [SM]   [0] TF2CustAttr_GetString
L 04/07/2021 - 16:30:38: [SM]   [1] Line 198, D:\Programs\_Game Tools_\__Source Tools__\SteamCmd\!servers\tf2-dev\tf\addons\sourcemod\scripting\att_spell_wizard.sp::OnWeaponEquipPost
L 04/07/2021 - 16:30:38: [SM] Exception reported: Plugin owning this native is currently paused.
L 04/07/2021 - 16:30:38: [SM] Blaming: att_spell_wizard.smx
L 04/07/2021 - 16:30:38: [SM] Call stack trace:
L 04/07/2021 - 16:30:38: [SM]   [0] TF2CustAttr_GetString
L 04/07/2021 - 16:30:38: [SM]   [1] Line 198, D:\Programs\_Game Tools_\__Source Tools__\SteamCmd\!servers\tf2-dev\tf\addons\sourcemod\scripting\att_spell_wizard.sp::OnWeaponEquipPost
L 04/07/2021 - 16:30:38: [SM]   [3] TF2_RegeneratePlayer
L 04/07/2021 - 16:30:38: [SM]   [4] Line 9918, Unofficial Freak Fortress::OnPostInventoryApplication
L 04/07/2021 - 16:30:38: [SM] Exception reported: Plugin owning this native is currently paused.
L 04/07/2021 - 16:30:38: [SM] Blaming: att_spell_wizard.smx
L 04/07/2021 - 16:30:38: [SM] Call stack trace:
L 04/07/2021 - 16:30:38: [SM]   [0] TF2CustAttr_GetString
L 04/07/2021 - 16:30:38: [SM]   [1] Line 198, D:\Programs\_Game Tools_\__Source Tools__\SteamCmd\!servers\tf2-dev\tf\addons\sourcemod\scripting\att_spell_wizard.sp::OnWeaponEquipPost
L 04/07/2021 - 16:30:38: [SM]   [3] TF2_RegeneratePlayer
L 04/07/2021 - 16:30:38: [SM]   [4] Line 9918, Unofficial Freak Fortress::OnPostInventoryApplication
L 04/07/2021 - 16:30:38: [SM] Exception reported: Plugin owning this native is currently paused.
L 04/07/2021 - 16:30:38: [SM] Blaming: att_spell_wizard.smx
L 04/07/2021 - 16:30:38: [SM] Call stack trace:
L 04/07/2021 - 16:30:38: [SM]   [0] TF2CustAttr_GetString
L 04/07/2021 - 16:30:38: [SM]   [1] Line 198, D:\Programs\_Game Tools_\__Source Tools__\SteamCmd\!servers\tf2-dev\tf\addons\sourcemod\scripting\att_spell_wizard.sp::OnWeaponEquipPost
L 04/07/2021 - 16:30:38: [SM]   [3] TF2_RegeneratePlayer
L 04/07/2021 - 16:30:38: [SM]   [4] Line 9918, Unofficial Freak Fortress::OnPostInventoryApplication
L 04/07/2021 - 16:30:38: [SM] Exception reported: Plugin owning this native is currently paused.
L 04/07/2021 - 16:30:38: [SM] Blaming: att_spell_wizard.smx
L 04/07/2021 - 16:30:38: [SM] Call stack trace:
L 04/07/2021 - 16:30:38: [SM]   [0] TF2CustAttr_GetString
L 04/07/2021 - 16:30:38: [SM]   [1] Line 198, D:\Programs\_Game Tools_\__Source Tools__\SteamCmd\!servers\tf2-dev\tf\addons\sourcemod\scripting\att_spell_wizard.sp::OnWeaponEquipPost
L 04/07/2021 - 16:30:38: [SM]   [3] TF2_RegeneratePlayer
L 04/07/2021 - 16:30:38: [SM]   [4] Line 9918, Unofficial Freak Fortress::OnPostInventoryApplication
L 04/07/2021 - 16:30:38: [SM] Exception reported: Plugin owning this native is currently paused.
L 04/07/2021 - 16:30:38: [SM] Blaming: att_spell_wizard.smx
L 04/07/2021 - 16:30:38: [SM] Call stack trace:
L 04/07/2021 - 16:30:38: [SM]   [0] TF2CustAttr_GetString
L 04/07/2021 - 16:30:38: [SM]   [1] Line 221, D:\Programs\_Game Tools_\__Source Tools__\SteamCmd\!servers\tf2-dev\tf\addons\sourcemod\scripting\att_spell_wizard.sp::Event_OnPostInventoryApplication
L 04/07/2021 - 16:30:38: [SM]   [3] TF2_RegeneratePlayer
L 04/07/2021 - 16:30:38: [SM]   [4] Line 9918, Unofficial Freak Fortress::OnPostInventoryApplication
L 04/07/2021 - 16:30:38: [SM] Exception reported: Plugin owning this native is currently paused.
L 04/07/2021 - 16:30:38: [SM] Blaming: att_spell_wizard.smx
L 04/07/2021 - 16:30:38: [SM] Call stack trace:
L 04/07/2021 - 16:30:38: [SM]   [0] TF2CustAttr_GetString
L 04/07/2021 - 16:30:38: [SM]   [1] Line 221, D:\Programs\_Game Tools_\__Source Tools__\SteamCmd\!servers\tf2-dev\tf\addons\sourcemod\scripting\att_spell_wizard.sp::Event_OnPostInventoryApplication
L 04/07/2021 - 16:30:38: [SM] Exception reported: Plugin owning this native is currently paused.
L 04/07/2021 - 16:30:38: [SM] Blaming: att_spell_wizard.smx
L 04/07/2021 - 16:30:38: [SM] Call stack trace:
L 04/07/2021 - 16:30:38: [SM]   [0] TF2CustAttr_GetString
L 04/07/2021 - 16:30:38: [SM]   [1] Line 221, D:\Programs\_Game Tools_\__Source Tools__\SteamCmd\!servers\tf2-dev\tf\addons\sourcemod\scripting\att_spell_wizard.sp::Event_OnPostInventoryApplication
L 04/07/2021 - 16:30:38: [SM] Exception reported: Plugin owning this native is currently paused.
L 04/07/2021 - 16:30:38: [SM] Blaming: att_spell_wizard.smx
L 04/07/2021 - 16:30:38: [SM] Call stack trace:
L 04/07/2021 - 16:30:38: [SM]   [0] TF2CustAttr_GetString
L 04/07/2021 - 16:30:38: [SM]   [1] Line 221, D:\Programs\_Game Tools_\__Source Tools__\SteamCmd\!servers\tf2-dev\tf\addons\sourcemod\scripting\att_spell_wizard.sp::Event_OnPostInventoryApplication
L 04/07/2021 - 16:30:38: [SM] Exception reported: Plugin owning this native is currently paused.
L 04/07/2021 - 16:30:38: [SM] Blaming: att_spell_wizard.smx
L 04/07/2021 - 16:30:38: [SM] Call stack trace:
L 04/07/2021 - 16:30:38: [SM]   [0] TF2CustAttr_GetString
L 04/07/2021 - 16:30:38: [SM]   [1] Line 198, D:\Programs\_Game Tools_\__Source Tools__\SteamCmd\!servers\tf2-dev\tf\addons\sourcemod\scripting\att_spell_wizard.sp::OnWeaponEquipPost
L 04/07/2021 - 16:30:38: [SM]   [3] TF2_RegeneratePlayer
L 04/07/2021 - 16:30:38: [SM]   [4] Line 27, /groups/sourcemod/upload_tmp/textISXu91.sp::Fix_Function
L 04/07/2021 - 16:30:38: [SM] Exception reported: Plugin owning this native is currently paused.
L 04/07/2021 - 16:30:38: [SM] Blaming: att_spell_wizard.smx
L 04/07/2021 - 16:30:38: [SM] Call stack trace:
L 04/07/2021 - 16:30:38: [SM]   [0] TF2CustAttr_GetString
L 04/07/2021 - 16:30:38: [SM]   [1] Line 198, D:\Programs\_Game Tools_\__Source Tools__\SteamCmd\!servers\tf2-dev\tf\addons\sourcemod\scripting\att_spell_wizard.sp::OnWeaponEquipPost
L 04/07/2021 - 16:30:38: [SM]   [3] TF2_RegeneratePlayer
L 04/07/2021 - 16:30:38: [SM]   [4] Line 27, /groups/sourcemod/upload_tmp/textISXu91.sp::Fix_Function
L 04/07/2021 - 16:30:38: [SM] Exception reported: Plugin owning this native is currently paused.
L 04/07/2021 - 16:30:38: [SM] Blaming: att_spell_wizard.smx
L 04/07/2021 - 16:30:38: [SM] Call stack trace:
L 04/07/2021 - 16:30:38: [SM]   [0] TF2CustAttr_GetString
L 04/07/2021 - 16:30:38: [SM]   [1] Line 198, D:\Programs\_Game Tools_\__Source Tools__\SteamCmd\!servers\tf2-dev\tf\addons\sourcemod\scripting\att_spell_wizard.sp::OnWeaponEquipPost
L 04/07/2021 - 16:30:38: [SM]   [3] TF2_RegeneratePlayer
L 04/07/2021 - 16:30:38: [SM]   [4] Line 27, /groups/sourcemod/upload_tmp/textISXu91.sp::Fix_Function
L 04/07/2021 - 16:30:38: [SM] Exception reported: Plugin owning this native is currently paused.
L 04/07/2021 - 16:30:38: [SM] Blaming: att_spell_wizard.smx
L 04/07/2021 - 16:30:38: [SM] Call stack trace:
L 04/07/2021 - 16:30:38: [SM]   [0] TF2CustAttr_GetString
L 04/07/2021 - 16:30:38: [SM]   [1] Line 198, D:\Programs\_Game Tools_\__Source Tools__\SteamCmd\!servers\tf2-dev\tf\addons\sourcemod\scripting\att_spell_wizard.sp::OnWeaponEquipPost
L 04/07/2021 - 16:30:38: [SM]   [3] TF2_RegeneratePlayer
L 04/07/2021 - 16:30:38: [SM]   [4] Line 27, /groups/sourcemod/upload_tmp/textISXu91.sp::Fix_Function
L 04/07/2021 - 16:30:38: [SM] Exception reported: Plugin owning this native is currently paused.
L 04/07/2021 - 16:30:38: [SM] Blaming: att_spell_wizard.smx
L 04/07/2021 - 16:30:38: [SM] Call stack trace:
L 04/07/2021 - 16:30:38: [SM]   [0] TF2CustAttr_GetString
L 04/07/2021 - 16:30:38: [SM]   [1] Line 221, D:\Programs\_Game Tools_\__Source Tools__\SteamCmd\!servers\tf2-dev\tf\addons\sourcemod\scripting\att_spell_wizard.sp::Event_OnPostInventoryApplication
L 04/07/2021 - 16:30:38: [SM]   [3] TF2_RegeneratePlayer
L 04/07/2021 - 16:30:38: [SM]   [4] Line 27, /groups/sourcemod/upload_tmp/textISXu91.sp::Fix_Function
L 04/07/2021 - 16:30:38: [SM] Exception reported: Plugin owning this native is currently paused.
L 04/07/2021 - 16:30:38: [SM] Blaming: att_spell_wizard.smx
L 04/07/2021 - 16:30:38: [SM] Call stack trace:
L 04/07/2021 - 16:30:38: [SM]   [0] TF2CustAttr_GetString
L 04/07/2021 - 16:30:38: [SM]   [1] Line 221, D:\Programs\_Game Tools_\__Source Tools__\SteamCmd\!servers\tf2-dev\tf\addons\sourcemod\scripting\att_spell_wizard.sp::Event_OnPostInventoryApplication
L 04/07/2021 - 16:30:38: [SM]   [3] TF2_RespawnPlayer
L 04/07/2021 - 16:30:38: [SM]   [4] Line 3364, Unofficial Freak Fortress::OnRoundSetup
L 04/07/2021 - 16:30:38: [SM] Exception reported: Plugin owning this native is currently paused.
L 04/07/2021 - 16:30:38: [SM] Blaming: att_spell_wizard.smx
L 04/07/2021 - 16:30:38: [SM] Call stack trace:
L 04/07/2021 - 16:30:38: [SM]   [0] TF2CustAttr_GetString
L 04/07/2021 - 16:30:38: [SM]   [1] Line 221, D:\Programs\_Game Tools_\__Source Tools__\SteamCmd\!servers\tf2-dev\tf\addons\sourcemod\scripting\att_spell_wizard.sp::Event_OnPostInventoryApplication
L 04/07/2021 - 16:30:38: [SM]   [3] TF2_RespawnPlayer
L 04/07/2021 - 16:30:38: [SM]   [4] Line 3364, Unofficial Freak Fortress::OnRoundSetup
L 04/07/2021 - 16:30:38: [SM] Exception reported: Plugin owning this native is currently paused.
L 04/07/2021 - 16:30:38: [SM] Blaming: att_spell_wizard.smx
L 04/07/2021 - 16:30:38: [SM] Call stack trace:
L 04/07/2021 - 16:30:38: [SM]   [0] TF2CustAttr_GetString
L 04/07/2021 - 16:30:38: [SM]   [1] Line 221, D:\Programs\_Game Tools_\__Source Tools__\SteamCmd\!servers\tf2-dev\tf\addons\sourcemod\scripting\att_spell_wizard.sp::Event_OnPostInventoryApplication
L 04/07/2021 - 16:30:38: [SM]   [3] TF2_RespawnPlayer
L 04/07/2021 - 16:30:38: [SM]   [4] Line 3364, Unofficial Freak Fortress::OnRoundSetup
L 04/07/2021 - 16:30:38: [SM] Exception reported: Plugin owning this native is currently paused.
L 04/07/2021 - 16:30:38: [SM] Blaming: att_spell_wizard.smx
L 04/07/2021 - 16:30:38: [SM] Call stack trace:
L 04/07/2021 - 16:30:38: [SM]   [0] TF2CustAttr_GetString
L 04/07/2021 - 16:30:38: [SM]   [1] Line 221, D:\Programs\_Game Tools_\__Source Tools__\SteamCmd\!servers\tf2-dev\tf\addons\sourcemod\scripting\att_spell_wizard.sp::Event_OnPostInventoryApplication
L 04/07/2021 - 16:30:38: [SM]   [3] TF2_RespawnPlayer
L 04/07/2021 - 16:30:38: [SM]   [4] Line 14261, Unofficial Freak Fortress::AssignTeam
L 04/07/2021 - 16:30:38: [SM]   [5] Line 7438, Unofficial Freak Fortress::Timer_MakeBoss
L 04/07/2021 - 16:30:38: [SM] Exception reported: Plugin owning this native is currently paused.
L 04/07/2021 - 16:30:38: [SM] Blaming: att_spell_wizard.smx
L 04/07/2021 - 16:30:38: [SM] Call stack trace:
L 04/07/2021 - 16:30:38: [SM]   [0] TF2CustAttr_GetString
L 04/07/2021 - 16:30:38: [SM]   [1] Line 198, D:\Programs\_Game Tools_\__Source Tools__\SteamCmd\!servers\tf2-dev\tf\addons\sourcemod\scripting\att_spell_wizard.sp::OnWeaponEquipPost
L 04/07/2021 - 16:30:38: [SM]   [3] EquipPlayerWeapon
L 04/07/2021 - 16:30:38: [SM]   [4] Line 1029, D:\batfo_qrgut13\Documents\SourceMod 1.9 Compiler\addons\sourcemod\scripting\include\freak_fortress_2.inc::FF2_SpawnWeapon
L 04/07/2021 - 16:30:38: [SM]   [5] Line 6889, Unofficial Freak Fortress::EquipBoss
L 04/07/2021 - 16:30:38: [SM]   [6] Line 7668, Unofficial Freak Fortress::Timer_MakeBoss
L 04/07/2021 - 16:30:38: [SM] Exception reported: Plugin owning this native is currently paused.
L 04/07/2021 - 16:30:38: [SM] Blaming: att_spell_wizard.smx
L 04/07/2021 - 16:30:38: [SM] Call stack trace:
L 04/07/2021 - 16:30:38: [SM]   [0] TF2CustAttr_GetString
L 04/07/2021 - 16:30:38: [SM]   [1] Line 221, D:\Programs\_Game Tools_\__Source Tools__\SteamCmd\!servers\tf2-dev\tf\addons\sourcemod\scripting\att_spell_wizard.sp::Event_OnPostInventoryApplication
L 04/07/2021 - 16:30:38: [SM]   [3] TF2_RegeneratePlayer
L 04/07/2021 - 16:30:38: [SM]   [4] Line 9933, Unofficial Freak Fortress::Timer_RegenPlayer
L 04/07/2021 - 16:30:38: [SM] Exception reported: Plugin owning this native is currently paused.
L 04/07/2021 - 16:30:38: [SM] Blaming: att_spell_wizard.smx
L 04/07/2021 - 16:30:38: [SM] Call stack trace:
L 04/07/2021 - 16:30:38: [SM]   [0] TF2CustAttr_GetString
L 04/07/2021 - 16:30:38: [SM]   [1] Line 221, D:\Programs\_Game Tools_\__Source Tools__\SteamCmd\!servers\tf2-dev\tf\addons\sourcemod\scripting\att_spell_wizard.sp::Event_OnPostInventoryApplication
L 04/07/2021 - 16:30:38: [SM]   [3] TF2_RegeneratePlayer
L 04/07/2021 - 16:30:38: [SM]   [4] Line 9933, Unofficial Freak Fortress::Timer_RegenPlayer
L 04/07/2021 - 16:30:38: [SM] Exception reported: Plugin owning this native is currently paused.
L 04/07/2021 - 16:30:38: [SM] Blaming: att_spell_wizard.smx
L 04/07/2021 - 16:30:38: [SM] Call stack trace:
L 04/07/2021 - 16:30:38: [SM]   [0] TF2CustAttr_GetString
L 04/07/2021 - 16:30:38: [SM]   [1] Line 198, D:\Programs\_Game Tools_\__Source Tools__\SteamCmd\!servers\tf2-dev\tf\addons\sourcemod\scripting\att_spell_wizard.sp::OnWeaponEquipPost
L 04/07/2021 - 16:30:38: [SM]   [3] TF2_RegeneratePlayer
L 04/07/2021 - 16:30:38: [SM]   [4] Line 9933, Unofficial Freak Fortress::Timer_RegenPlayer
L 04/07/2021 - 16:30:38: [SM] Exception reported: Plugin owning this native is currently paused.
L 04/07/2021 - 16:30:38: [SM] Blaming: att_spell_wizard.smx
L 04/07/2021 - 16:30:38: [SM] Call stack trace:
L 04/07/2021 - 16:30:38: [SM]   [0] TF2CustAttr_GetString
L 04/07/2021 - 16:30:38: [SM]   [1] Line 198, D:\Programs\_Game Tools_\__Source Tools__\SteamCmd\!servers\tf2-dev\tf\addons\sourcemod\scripting\att_spell_wizard.sp::OnWeaponEquipPost
L 04/07/2021 - 16:30:38: [SM]   [3] TF2_RegeneratePlayer
L 04/07/2021 - 16:30:38: [SM]   [4] Line 9933, Unofficial Freak Fortress::Timer_RegenPlayer
L 04/07/2021 - 16:30:38: [SM] Exception reported: Plugin owning this native is currently paused.
L 04/07/2021 - 16:30:38: [SM] Blaming: att_spell_wizard.smx
L 04/07/2021 - 16:30:38: [SM] Call stack trace:
L 04/07/2021 - 16:30:38: [SM]   [0] TF2CustAttr_GetString
L 04/07/2021 - 16:30:38: [SM]   [1] Line 198, D:\Programs\_Game Tools_\__Source Tools__\SteamCmd\!servers\tf2-dev\tf\addons\sourcemod\scripting\att_spell_wizard.sp::OnWeaponEquipPost
L 04/07/2021 - 16:30:38: [SM]   [3] TF2_RegeneratePlayer
L 04/07/2021 - 16:30:38: [SM]   [4] Line 9933, Unofficial Freak Fortress::Timer_RegenPlayer
L 04/07/2021 - 16:30:38: [SM] Exception reported: Plugin owning this native is currently paused.
L 04/07/2021 - 16:30:38: [SM] Blaming: att_spell_wizard.smx
L 04/07/2021 - 16:30:38: [SM] Call stack trace:
L 04/07/2021 - 16:30:38: [SM]   [0] TF2CustAttr_GetString
L 04/07/2021 - 16:30:38: [SM]   [1] Line 198, D:\Programs\_Game Tools_\__Source Tools__\SteamCmd\!servers\tf2-dev\tf\addons\sourcemod\scripting\att_spell_wizard.sp::OnWeaponEquipPost
L 04/07/2021 - 16:30:38: [SM]   [3] TF2_RegeneratePlayer
L 04/07/2021 - 16:30:38: [SM]   [4] Line 9933, Unofficial Freak Fortress::Timer_RegenPlayer
L 04/07/2021 - 16:30:38: [SM] Exception reported: Plugin owning this native is currently paused.
L 04/07/2021 - 16:30:38: [SM] Blaming: att_spell_wizard.smx
L 04/07/2021 - 16:30:38: [SM] Call stack trace:
L 04/07/2021 - 16:30:38: [SM]   [0] TF2CustAttr_GetString
L 04/07/2021 - 16:30:38: [SM]   [1] Line 198, D:\Programs\_Game Tools_\__Source Tools__\SteamCmd\!servers\tf2-dev\tf\addons\sourcemod\scripting\att_spell_wizard.sp::OnWeaponEquipPost
L 04/07/2021 - 16:30:38: [SM]   [3] TF2_RegeneratePlayer
L 04/07/2021 - 16:30:38: [SM]   [4] Line 9933, Unofficial Freak Fortress::Timer_RegenPlayer
L 04/07/2021 - 16:30:38: [SM] Exception reported: Plugin owning this native is currently paused.
L 04/07/2021 - 16:30:38: [SM] Blaming: att_spell_wizard.smx
L 04/07/2021 - 16:30:38: [SM] Call stack trace:
L 04/07/2021 - 16:30:38: [SM]   [0] TF2CustAttr_GetString
L 04/07/2021 - 16:30:38: [SM]   [1] Line 198, D:\Programs\_Game Tools_\__Source Tools__\SteamCmd\!servers\tf2-dev\tf\addons\sourcemod\scripting\att_spell_wizard.sp::OnWeaponEquipPost
L 04/07/2021 - 16:30:38: [SM]   [3] TF2_RegeneratePlayer
L 04/07/2021 - 16:30:38: [SM]   [4] Line 9933, Unofficial Freak Fortress::Timer_RegenPlayer
L 04/07/2021 - 16:30:38: [SM] Exception reported: Plugin owning this native is currently paused.
L 04/07/2021 - 16:30:38: [SM] Blaming: att_spell_wizard.smx
L 04/07/2021 - 16:30:38: [SM] Call stack trace:
L 04/07/2021 - 16:30:38: [SM]   [0] TF2CustAttr_GetString
L 04/07/2021 - 16:30:38: [SM]   [1] Line 221, D:\Programs\_Game Tools_\__Source Tools__\SteamCmd\!servers\tf2-dev\tf\addons\sourcemod\scripting\att_spell_wizard.sp::Event_OnPostInventoryApplication
L 04/07/2021 - 16:30:38: [SM]   [3] TF2_RegeneratePlayer
L 04/07/2021 - 16:30:38: [SM]   [4] Line 9933, Unofficial Freak Fortress::Timer_RegenPlayer
L 04/07/2021 - 16:30:38: [SM] Exception reported: Plugin owning this native is currently paused.
L 04/07/2021 - 16:30:38: [SM] Blaming: att_spell_wizard.smx
L 04/07/2021 - 16:30:38: [SM] Call stack trace:
L 04/07/2021 - 16:30:38: [SM]   [0] TF2CustAttr_GetString
L 04/07/2021 - 16:30:38: [SM]   [1] Line 198, D:\Programs\_Game Tools_\__Source Tools__\SteamCmd\!servers\tf2-dev\tf\addons\sourcemod\scripting\att_spell_wizard.sp::OnWeaponEquipPost
L 04/07/2021 - 16:30:38: [SM]   [3] EquipPlayerWeapon
L 04/07/2021 - 16:30:38: [SM]   [4] Line 1029, D:\batfo_qrgut13\Documents\SourceMod 1.9 Compiler\addons\sourcemod\scripting\include\freak_fortress_2.inc::FF2_SpawnWeapon
L 04/07/2021 - 16:30:38: [SM]   [5] Line 6889, Unofficial Freak Fortress::EquipBoss
L 04/07/2021 - 16:30:38: [SM]   [6] Line 7668, Unofficial Freak Fortress::Timer_MakeBoss
L 04/07/2021 - 16:30:38: [SM] Exception reported: Plugin owning this native is currently paused.
L 04/07/2021 - 16:30:38: [SM] Blaming: att_spell_wizard.smx
L 04/07/2021 - 16:30:38: [SM] Call stack trace:
L 04/07/2021 - 16:30:38: [SM]   [0] TF2CustAttr_GetString
L 04/07/2021 - 16:30:38: [SM]   [1] Line 198, D:\Programs\_Game Tools_\__Source Tools__\SteamCmd\!servers\tf2-dev\tf\addons\sourcemod\scripting\att_spell_wizard.sp::OnWeaponEquipPost
L 04/07/2021 - 16:30:38: [SM]   [3] EquipPlayerWeapon
L 04/07/2021 - 16:30:38: [SM]   [4] Line 1029, D:\batfo_qrgut13\Documents\SourceMod 1.9 Compiler\addons\sourcemod\scripting\include\freak_fortress_2.inc::FF2_SpawnWeapon
L 04/07/2021 - 16:30:38: [SM]   [5] Line 6889, Unofficial Freak Fortress::EquipBoss
L 04/07/2021 - 16:30:38: [SM]   [6] Line 7668, Unofficial Freak Fortress::Timer_MakeBoss
L 04/07/2021 - 16:30:38: [SM] Exception reported: Plugin owning this native is currently paused.
L 04/07/2021 - 16:30:38: [SM] Blaming: att_spell_wizard.smx
L 04/07/2021 - 16:30:38: [SM] Call stack trace:
L 04/07/2021 - 16:30:38: [SM]   [0] TF2CustAttr_GetString
L 04/07/2021 - 16:30:38: [SM]   [1] Line 221, D:\Programs\_Game Tools_\__Source Tools__\SteamCmd\!servers\tf2-dev\tf\addons\sourcemod\scripting\att_spell_wizard.sp::Event_OnPostInventoryApplication
L 04/07/2021 - 16:30:38: [SM]   [3] TF2_RespawnPlayer
L 04/07/2021 - 16:30:38: [SM]   [4] Line 14261, Unofficial Freak Fortress::AssignTeam
L 04/07/2021 - 16:30:38: [SM]   [5] Line 8689, Unofficial Freak Fortress::Timer_MakeNotBoss
L 04/07/2021 - 16:30:38: [SM] Exception reported: Plugin owning this native is currently paused.
L 04/07/2021 - 16:30:38: [SM] Blaming: att_spell_wizard.smx
L 04/07/2021 - 16:30:38: [SM] Call stack trace:
L 04/07/2021 - 16:30:38: [SM]   [0] TF2CustAttr_GetString
L 04/07/2021 - 16:30:38: [SM]   [1] Line 221, D:\Programs\_Game Tools_\__Source Tools__\SteamCmd\!servers\tf2-dev\tf\addons\sourcemod\scripting\att_spell_wizard.sp::Event_OnPostInventoryApplication
L 04/07/2021 - 16:30:38: [SM]   [3] TF2_RespawnPlayer
L 04/07/2021 - 16:30:38: [SM]   [4] Line 14261, Unofficial Freak Fortress::AssignTeam
L 04/07/2021 - 16:30:38: [SM]   [5] Line 8689, Unofficial Freak Fortress::Timer_MakeNotBoss
L 04/07/2021 - 16:30:38: [SM] Exception reported: Plugin owning this native is currently paused.
L 04/07/2021 - 16:30:38: [SM] Blaming: att_spell_wizard.smx
L 04/07/2021 - 16:30:38: [SM] Call stack trace:
L 04/07/2021 - 16:30:38: [SM]   [0] TF2CustAttr_GetString
L 04/07/2021 - 16:30:38: [SM]   [1] Line 198, D:\Programs\_Game Tools_\__Source Tools__\SteamCmd\!servers\tf2-dev\tf\addons\sourcemod\scripting\att_spell_wizard.sp::OnWeaponEquipPost
L 04/07/2021 - 16:30:38: [SM]   [3] TF2_RespawnPlayer
L 04/07/2021 - 16:30:38: [SM]   [4] Line 14261, Unofficial Freak Fortress::AssignTeam
L 04/07/2021 - 16:30:38: [SM]   [5] Line 8689, Unofficial Freak Fortress::Timer_MakeNotBoss
L 04/07/2021 - 16:30:38: [SM] Exception reported: Plugin owning this native is currently paused.
L 04/07/2021 - 16:30:38: [SM] Blaming: att_spell_wizard.smx
L 04/07/2021 - 16:30:38: [SM] Call stack trace:
L 04/07/2021 - 16:30:38: [SM]   [0] TF2CustAttr_GetString
L 04/07/2021 - 16:30:38: [SM]   [1] Line 198, D:\Programs\_Game Tools_\__Source Tools__\SteamCmd\!servers\tf2-dev\tf\addons\sourcemod\scripting\att_spell_wizard.sp::OnWeaponEquipPost
L 04/07/2021 - 16:30:38: [SM]   [3] TF2_RespawnPlayer
L 04/07/2021 - 16:30:38: [SM]   [4] Line 14261, Unofficial Freak Fortress::AssignTeam
L 04/07/2021 - 16:30:38: [SM]   [5] Line 8689, Unofficial Freak Fortress::Timer_MakeNotBoss
L 04/07/2021 - 16:30:38: [SM] Exception reported: Plugin owning this native is currently paused.
L 04/07/2021 - 16:30:38: [SM] Blaming: att_spell_wizard.smx
L 04/07/2021 - 16:30:38: [SM] Call stack trace:
L 04/07/2021 - 16:30:38: [SM]   [0] TF2CustAttr_GetString
L 04/07/2021 - 16:30:38: [SM]   [1] Line 198, D:\Programs\_Game Tools_\__Source Tools__\SteamCmd\!servers\tf2-dev\tf\addons\sourcemod\scripting\att_spell_wizard.sp::OnWeaponEquipPost
L 04/07/2021 - 16:30:38: [SM]   [3] TF2_RespawnPlayer
L 04/07/2021 - 16:30:38: [SM]   [4] Line 14261, Unofficial Freak Fortress::AssignTeam
L 04/07/2021 - 16:30:38: [SM]   [5] Line 8689, Unofficial Freak Fortress::Timer_MakeNotBoss
L 04/07/2021 - 16:30:38: [SM] Exception reported: Plugin owning this native is currently paused.
L 04/07/2021 - 16:30:38: [SM] Blaming: att_spell_wizard.smx
L 04/07/2021 - 16:30:38: [SM] Call stack trace:
L 04/07/2021 - 16:30:38: [SM]   [0] TF2CustAttr_GetString
L 04/07/2021 - 16:30:38: [SM]   [1] Line 221, D:\Programs\_Game Tools_\__Source Tools__\SteamCmd\!servers\tf2-dev\tf\addons\sourcemod\scripting\att_spell_wizard.sp::Event_OnPostInventoryApplication
L 04/07/2021 - 16:30:38: [SM]   [3] TF2_RespawnPlayer
L 04/07/2021 - 16:30:38: [SM]   [4] Line 14261, Unofficial Freak Fortress::AssignTeam
L 04/07/2021 - 16:30:38: [SM]   [5] Line 8689, Unofficial Freak Fortress::Timer_MakeNotBoss
L 04/07/2021 - 16:30:39: [SM] Exception reported: Plugin owning this native is currently paused.
L 04/07/2021 - 16:30:39: [SM] Blaming: att_spell_wizard.smx
L 04/07/2021 - 16:30:39: [SM] Call stack trace:
L 04/07/2021 - 16:30:39: [SM]   [0] TF2CustAttr_GetString
L 04/07/2021 - 16:30:39: [SM]   [1] Line 198, D:\Programs\_Game Tools_\__Source Tools__\SteamCmd\!servers\tf2-dev\tf\addons\sourcemod\scripting\att_spell_wizard.sp::OnWeaponEquipPost
L 04/07/2021 - 16:30:39: [SM] Exception reported: Plugin owning this native is currently paused.
L 04/07/2021 - 16:30:39: [SM] Blaming: att_spell_wizard.smx
L 04/07/2021 - 16:30:39: [SM] Call stack trace:
L 04/07/2021 - 16:30:39: [SM]   [0] TF2CustAttr_GetString
L 04/07/2021 - 16:30:39: [SM]   [1] Line 198, D:\Programs\_Game Tools_\__Source Tools__\SteamCmd\!servers\tf2-dev\tf\addons\sourcemod\scripting\att_spell_wizard.sp::OnWeaponEquipPost
L 04/07/2021 - 16:30:39: [SM] Exception reported: Plugin owning this native is currently paused.
L 04/07/2021 - 16:30:39: [SM] Blaming: att_spell_wizard.smx
L 04/07/2021 - 16:30:39: [SM] Call stack trace:
L 04/07/2021 - 16:30:39: [SM]   [0] TF2CustAttr_GetString
L 04/07/2021 - 16:30:39: [SM]   [1] Line 198, D:\Programs\_Game Tools_\__Source Tools__\SteamCmd\!servers\tf2-dev\tf\addons\sourcemod\scripting\att_spell_wizard.sp::OnWeaponEquipPost
L 04/07/2021 - 16:30:39: [SM] Exception reported: Plugin owning this native is currently paused.
L 04/07/2021 - 16:30:39: [SM] Blaming: att_spell_wizard.smx
L 04/07/2021 - 16:30:39: [SM] Call stack trace:
L 04/07/2021 - 16:30:39: [SM]   [0] TF2CustAttr_GetString
L 04/07/2021 - 16:30:39: [SM]   [1] Line 221, D:\Programs\_Game Tools_\__Source Tools__\SteamCmd\!servers\tf2-dev\tf\addons\sourcemod\scripting\att_spell_wizard.sp::Event_OnPostInventoryApplication
L 04/07/2021 - 16:30:43: [SM] Exception reported: Plugin owning this native is currently paused.
L 04/07/2021 - 16:30:43: [SM] Blaming: att_spell_wizard.smx
L 04/07/2021 - 16:30:43: [SM] Call stack trace:
L 04/07/2021 - 16:30:43: [SM]   [0] TF2CustAttr_GetString
L 04/07/2021 - 16:30:43: [SM]   [1] Line 198, D:\Programs\_Game Tools_\__Source Tools__\SteamCmd\!servers\tf2-dev\tf\addons\sourcemod\scripting\att_spell_wizard.sp::OnWeaponEquipPost
L 04/07/2021 - 16:30:43: [SM] Exception reported: Plugin owning this native is currently paused.
L 04/07/2021 - 16:30:43: [SM] Blaming: att_spell_wizard.smx
L 04/07/2021 - 16:30:43: [SM] Call stack trace:
L 04/07/2021 - 16:30:43: [SM]   [0] TF2CustAttr_GetString
L 04/07/2021 - 16:30:43: [SM]   [1] Line 198, D:\Programs\_Game Tools_\__Source Tools__\SteamCmd\!servers\tf2-dev\tf\addons\sourcemod\scripting\att_spell_wizard.sp::OnWeaponEquipPost
L 04/07/2021 - 16:30:43: [SM] Exception reported: Plugin owning this native is currently paused.
L 04/07/2021 - 16:30:43: [SM] Blaming: att_spell_wizard.smx
L 04/07/2021 - 16:30:43: [SM] Call stack trace:
L 04/07/2021 - 16:30:43: [SM]   [0] TF2CustAttr_GetString
L 04/07/2021 - 16:30:43: [SM]   [1] Line 198, D:\Programs\_Game Tools_\__Source Tools__\SteamCmd\!servers\tf2-dev\tf\addons\sourcemod\scripting\att_spell_wizard.sp::OnWeaponEquipPost
L 04/07/2021 - 16:30:43: [SM] Exception reported: Plugin owning this native is currently paused.
L 04/07/2021 - 16:30:43: [SM] Blaming: att_spell_wizard.smx
L 04/07/2021 - 16:30:43: [SM] Call stack trace:
L 04/07/2021 - 16:30:43: [SM]   [0] TF2CustAttr_GetString
L 04/07/2021 - 16:30:43: [SM]   [1] Line 198, D:\Programs\_Game Tools_\__Source Tools__\SteamCmd\!servers\tf2-dev\tf\addons\sourcemod\scripting\att_spell_wizard.sp::OnWeaponEquipPost
L 04/07/2021 - 16:30:43: [SM] Exception reported: Plugin owning this native is currently paused.
L 04/07/2021 - 16:30:43: [SM] Blaming: att_spell_wizard.smx
L 04/07/2021 - 16:30:43: [SM] Call stack trace:
L 04/07/2021 - 16:30:43: [SM]   [0] TF2CustAttr_GetString
L 04/07/2021 - 16:30:43: [SM]   [1] Line 221, D:\Programs\_Game Tools_\__Source Tools__\SteamCmd\!servers\tf2-dev\tf\addons\sourcemod\scripting\att_spell_wizard.sp::Event_OnPostInventoryApplication
L 04/07/2021 - 16:30:56: [SM] Exception reported: Plugin owning this native is currently paused.
L 04/07/2021 - 16:30:56: [SM] Blaming: att_spell_wizard.smx
L 04/07/2021 - 16:30:56: [SM] Call stack trace:
L 04/07/2021 - 16:30:56: [SM]   [0] TF2CustAttr_GetString
L 04/07/2021 - 16:30:56: [SM]   [1] Line 198, D:\Programs\_Game Tools_\__Source Tools__\SteamCmd\!servers\tf2-dev\tf\addons\sourcemod\scripting\att_spell_wizard.sp::OnWeaponEquipPost
L 04/07/2021 - 16:30:56: [SM]   [3] TF2_RegeneratePlayer
L 04/07/2021 - 16:30:56: [SM]   [4] Line 27, /groups/sourcemod/upload_tmp/textISXu91.sp::Fix_Function
L 04/07/2021 - 16:30:56: [SM] Exception reported: Plugin owning this native is currently paused.
L 04/07/2021 - 16:30:56: [SM] Blaming: att_spell_wizard.smx
L 04/07/2021 - 16:30:56: [SM] Call stack trace:
L 04/07/2021 - 16:30:56: [SM]   [0] TF2CustAttr_GetString
L 04/07/2021 - 16:30:56: [SM]   [1] Line 198, D:\Programs\_Game Tools_\__Source Tools__\SteamCmd\!servers\tf2-dev\tf\addons\sourcemod\scripting\att_spell_wizard.sp::OnWeaponEquipPost
L 04/07/2021 - 16:30:56: [SM]   [3] TF2_RegeneratePlayer
L 04/07/2021 - 16:30:56: [SM]   [4] Line 27, /groups/sourcemod/upload_tmp/textISXu91.sp::Fix_Function
L 04/07/2021 - 16:30:56: [SM] Exception reported: Plugin owning this native is currently paused.
L 04/07/2021 - 16:30:56: [SM] Blaming: att_spell_wizard.smx
L 04/07/2021 - 16:30:56: [SM] Call stack trace:
L 04/07/2021 - 16:30:56: [SM]   [0] TF2CustAttr_GetString
L 04/07/2021 - 16:30:56: [SM]   [1] Line 198, D:\Programs\_Game Tools_\__Source Tools__\SteamCmd\!servers\tf2-dev\tf\addons\sourcemod\scripting\att_spell_wizard.sp::OnWeaponEquipPost
L 04/07/2021 - 16:30:56: [SM]   [3] TF2_RegeneratePlayer
L 04/07/2021 - 16:30:56: [SM]   [4] Line 27, /groups/sourcemod/upload_tmp/textISXu91.sp::Fix_Function
L 04/07/2021 - 16:30:56: [SM] Exception reported: Plugin owning this native is currently paused.
L 04/07/2021 - 16:30:56: [SM] Blaming: att_spell_wizard.smx
L 04/07/2021 - 16:30:56: [SM] Call stack trace:
L 04/07/2021 - 16:30:56: [SM]   [0] TF2CustAttr_GetString
L 04/07/2021 - 16:30:56: [SM]   [1] Line 198, D:\Programs\_Game Tools_\__Source Tools__\SteamCmd\!servers\tf2-dev\tf\addons\sourcemod\scripting\att_spell_wizard.sp::OnWeaponEquipPost
L 04/07/2021 - 16:30:56: [SM]   [3] TF2_RegeneratePlayer
L 04/07/2021 - 16:30:56: [SM]   [4] Line 27, /groups/sourcemod/upload_tmp/textISXu91.sp::Fix_Function
L 04/07/2021 - 16:30:56: [SM] Exception reported: Plugin owning this native is currently paused.
L 04/07/2021 - 16:30:56: [SM] Blaming: att_spell_wizard.smx
L 04/07/2021 - 16:30:56: [SM] Call stack trace:
L 04/07/2021 - 16:30:56: [SM]   [0] TF2CustAttr_GetString
L 04/07/2021 - 16:30:56: [SM]   [1] Line 221, D:\Programs\_Game Tools_\__Source Tools__\SteamCmd\!servers\tf2-dev\tf\addons\sourcemod\scripting\att_spell_wizard.sp::Event_OnPostInventoryApplication
L 04/07/2021 - 16:30:56: [SM]   [3] TF2_RegeneratePlayer
L 04/07/2021 - 16:30:56: [SM]   [4] Line 27, /groups/sourcemod/upload_tmp/textISXu91.sp::Fix_Function
L 04/07/2021 - 16:30:58: [SM] Exception reported: Plugin owning this native is currently paused.
L 04/07/2021 - 16:30:58: [SM] Blaming: att_spell_wizard.smx
L 04/07/2021 - 16:30:58: [SM] Call stack trace:
L 04/07/2021 - 16:30:58: [SM]   [0] TF2CustAttr_GetString
L 04/07/2021 - 16:30:58: [SM]   [1] Line 221, D:\Programs\_Game Tools_\__Source Tools__\SteamCmd\!servers\tf2-dev\tf\addons\sourcemod\scripting\att_spell_wizard.sp::Event_OnPostInventoryApplication
L 04/07/2021 - 16:30:58: [SM] Exception reported: Plugin owning this native is currently paused.
L 04/07/2021 - 16:30:58: [SM] Blaming: att_spell_wizard.smx
L 04/07/2021 - 16:30:58: [SM] Call stack trace:
L 04/07/2021 - 16:30:58: [SM]   [0] TF2CustAttr_GetString
L 04/07/2021 - 16:30:58: [SM]   [1] Line 221, D:\Programs\_Game Tools_\__Source Tools__\SteamCmd\!servers\tf2-dev\tf\addons\sourcemod\scripting\att_spell_wizard.sp::Event_OnPostInventoryApplication
L 04/07/2021 - 16:30:58: [SM] Exception reported: Plugin owning this native is currently paused.
L 04/07/2021 - 16:30:58: [SM] Blaming: att_spell_wizard.smx
L 04/07/2021 - 16:30:58: [SM] Call stack trace:
L 04/07/2021 - 16:30:58: [SM]   [0] TF2CustAttr_GetString
L 04/07/2021 - 16:30:58: [SM]   [1] Line 221, D:\Programs\_Game Tools_\__Source Tools__\SteamCmd\!servers\tf2-dev\tf\addons\sourcemod\scripting\att_spell_wizard.sp::Event_OnPostInventoryApplication
L 04/07/2021 - 16:30:58: [SM] Exception reported: Plugin owning this native is currently paused.
L 04/07/2021 - 16:30:58: [SM] Blaming: att_spell_wizard.smx
L 04/07/2021 - 16:30:58: [SM] Call stack trace:
L 04/07/2021 - 16:30:58: [SM]   [0] TF2CustAttr_GetString
L 04/07/2021 - 16:30:58: [SM]   [1] Line 198, D:\Programs\_Game Tools_\__Source Tools__\SteamCmd\!servers\tf2-dev\tf\addons\sourcemod\scripting\att_spell_wizard.sp::OnWeaponEquipPost
L 04/07/2021 - 16:30:58: [SM]   [3] TF2_RegeneratePlayer
L 04/07/2021 - 16:30:58: [SM]   [4] Line 27, /groups/sourcemod/upload_tmp/textISXu91.sp::Fix_Function
L 04/07/2021 - 16:30:58: [SM] Exception reported: Plugin owning this native is currently paused.
L 04/07/2021 - 16:30:58: [SM] Blaming: att_spell_wizard.smx
L 04/07/2021 - 16:30:58: [SM] Call stack trace:
L 04/07/2021 - 16:30:58: [SM]   [0] TF2CustAttr_GetString
L 04/07/2021 - 16:30:58: [SM]   [1] Line 198, D:\Programs\_Game Tools_\__Source Tools__\SteamCmd\!servers\tf2-dev\tf\addons\sourcemod\scripting\att_spell_wizard.sp::OnWeaponEquipPost
L 04/07/2021 - 16:30:58: [SM]   [3] TF2_RegeneratePlayer
L 04/07/2021 - 16:30:58: [SM]   [4] Line 27, /groups/sourcemod/upload_tmp/textISXu91.sp::Fix_Function
L 04/07/2021 - 16:30:58: [SM] Exception reported: Plugin owning this native is currently paused.
L 04/07/2021 - 16:30:58: [SM] Blaming: att_spell_wizard.smx
L 04/07/2021 - 16:30:58: [SM] Call stack trace:
L 04/07/2021 - 16:30:58: [SM]   [0] TF2CustAttr_GetString
L 04/07/2021 - 16:30:58: [SM]   [1] Line 198, D:\Programs\_Game Tools_\__Source Tools__\SteamCmd\!servers\tf2-dev\tf\addons\sourcemod\scripting\att_spell_wizard.sp::OnWeaponEquipPost
L 04/07/2021 - 16:30:58: [SM]   [3] TF2_RegeneratePlayer
L 04/07/2021 - 16:30:58: [SM]   [4] Line 27, /groups/sourcemod/upload_tmp/textISXu91.sp::Fix_Function
L 04/07/2021 - 16:30:58: [SM] Exception reported: Plugin owning this native is currently paused.
L 04/07/2021 - 16:30:58: [SM] Blaming: att_spell_wizard.smx
L 04/07/2021 - 16:30:58: [SM] Call stack trace:
L 04/07/2021 - 16:30:58: [SM]   [0] TF2CustAttr_GetString
L 04/07/2021 - 16:30:58: [SM]   [1] Line 198, D:\Programs\_Game Tools_\__Source Tools__\SteamCmd\!servers\tf2-dev\tf\addons\sourcemod\scripting\att_spell_wizard.sp::OnWeaponEquipPost
L 04/07/2021 - 16:30:58: [SM]   [3] TF2_RegeneratePlayer
L 04/07/2021 - 16:30:58: [SM]   [4] Line 27, /groups/sourcemod/upload_tmp/textISXu91.sp::Fix_Function
L 04/07/2021 - 16:30:58: [SM] Exception reported: Plugin owning this native is currently paused.
L 04/07/2021 - 16:30:58: [SM] Blaming: att_spell_wizard.smx
L 04/07/2021 - 16:30:58: [SM] Call stack trace:
L 04/07/2021 - 16:30:58: [SM]   [0] TF2CustAttr_GetString
L 04/07/2021 - 16:30:58: [SM]   [1] Line 221, D:\Programs\_Game Tools_\__Source Tools__\SteamCmd\!servers\tf2-dev\tf\addons\sourcemod\scripting\att_spell_wizard.sp::Event_OnPostInventoryApplication
L 04/07/2021 - 16:30:58: [SM]   [3] TF2_RegeneratePlayer
L 04/07/2021 - 16:30:58: [SM]   [4] Line 27, /groups/sourcemod/upload_tmp/textISXu91.sp::Fix_Function
L 04/07/2021 - 16:30:58: [SM] Exception reported: Plugin owning this native is currently paused.
L 04/07/2021 - 16:30:58: [SM] Blaming: att_spell_wizard.smx
L 04/07/2021 - 16:30:58: [SM] Call stack trace:
L 04/07/2021 - 16:30:58: [SM]   [0] TF2CustAttr_GetString
L 04/07/2021 - 16:30:58: [SM]   [1] Line 198, D:\Programs\_Game Tools_\__Source Tools__\SteamCmd\!servers\tf2-dev\tf\addons\sourcemod\scripting\att_spell_wizard.sp::OnWeaponEquipPost
L 04/07/2021 - 16:30:58: [SM]   [3] EquipPlayerWeapon
L 04/07/2021 - 16:30:58: [SM]   [4] Line 1029, D:\batfo_qrgut13\Documents\SourceMod 1.9 Compiler\addons\sourcemod\scripting\include\freak_fortress_2.inc::FF2_SpawnWeapon
L 04/07/2021 - 16:30:58: [SM]   [5] Line 6889, Unofficial Freak Fortress::EquipBoss
L 04/07/2021 - 16:30:58: [SM]   [6] Line 7668, Unofficial Freak Fortress::Timer_MakeBoss
L 04/07/2021 - 16:30:58: [SM] Exception reported: Plugin owning this native is currently paused.
L 04/07/2021 - 16:30:58: [SM] Blaming: att_spell_wizard.smx
L 04/07/2021 - 16:30:58: [SM] Call stack trace:
L 04/07/2021 - 16:30:58: [SM]   [0] TF2CustAttr_GetString
L 04/07/2021 - 16:30:58: [SM]   [1] Line 198, D:\Programs\_Game Tools_\__Source Tools__\SteamCmd\!servers\tf2-dev\tf\addons\sourcemod\scripting\att_spell_wizard.sp::OnWeaponEquipPost
L 04/07/2021 - 16:30:58: [SM]   [3] EquipPlayerWeapon
L 04/07/2021 - 16:30:58: [SM]   [4] Line 1029, D:\batfo_qrgut13\Documents\SourceMod 1.9 Compiler\addons\sourcemod\scripting\include\freak_fortress_2.inc::FF2_SpawnWeapon
L 04/07/2021 - 16:30:58: [SM]   [5] Line 6889, Unofficial Freak Fortress::EquipBoss
L 04/07/2021 - 16:30:58: [SM]   [6] Line 7668, Unofficial Freak Fortress::Timer_MakeBoss
L 04/07/2021 - 16:31:13: [SM] Exception reported: Plugin owning this native is currently paused.
L 04/07/2021 - 16:31:13: [SM] Blaming: att_spell_wizard.smx
L 04/07/2021 - 16:31:13: [SM] Call stack trace:
L 04/07/2021 - 16:31:13: [SM]   [0] TF2CustAttr_GetString
L 04/07/2021 - 16:31:13: [SM]   [1] Line 198, D:\Programs\_Game Tools_\__Source Tools__\SteamCmd\!servers\tf2-dev\tf\addons\sourcemod\scripting\att_spell_wizard.sp::OnWeaponEquipPost
L 04/07/2021 - 16:31:13: [SM]   [3] TF2_RespawnPlayer
L 04/07/2021 - 16:31:13: [SM]   [4] Line 213, /home/forums/content/files/2/7/4/6/4/141212.attach::RespawnPlayer
L 04/07/2021 - 16:31:13: [SM]   [5] Line 333, /home/forums/content/files/2/7/4/6/4/141212.attach::MenuHandler_Players
L 04/07/2021 - 16:31:13: [SM] Exception reported: Plugin owning this native is currently paused.
L 04/07/2021 - 16:31:13: [SM] Blaming: att_spell_wizard.smx
L 04/07/2021 - 16:31:13: [SM] Call stack trace:
L 04/07/2021 - 16:31:13: [SM]   [0] TF2CustAttr_GetString
L 04/07/2021 - 16:31:13: [SM]   [1] Line 221, D:\Programs\_Game Tools_\__Source Tools__\SteamCmd\!servers\tf2-dev\tf\addons\sourcemod\scripting\att_spell_wizard.sp::Event_OnPostInventoryApplication
L 04/07/2021 - 16:31:13: [SM]   [3] TF2_RespawnPlayer
L 04/07/2021 - 16:31:13: [SM]   [4] Line 213, /home/forums/content/files/2/7/4/6/4/141212.attach::RespawnPlayer
L 04/07/2021 - 16:31:13: [SM]   [5] Line 333, /home/forums/content/files/2/7/4/6/4/141212.attach::MenuHandler_Players
L 04/07/2021 - 16:35:00: Error log file session closed.
L 04/07/2021 - 16:35:00: SourceMod error session started
L 04/07/2021 - 16:35:00: Info (map "vsh_area_54tress_b4") (file "/home/frenzoid/TF2_FF2/tf/addons/sourcemod/logs/errors_20210407.log")
L 04/07/2021 - 16:35:00: [SM] Unable to load plugin "tf_custom_attributes.smx": Could not find required plugin "tf2attributes"
L 04/07/2021 - 16:35:00: [SM] Unable to load plugin "setclasshealthregen.smx": Could not find required plugin "tf2attributes"
L 04/07/2021 - 16:35:00: [SM] Unable to load plugin "setclassmaxspeed.smx": Could not find required plugin "tf2attributes"
L 04/07/2021 - 16:35:00: [SM] Unable to load plugin "att_spell_wizard.smx": Could not find required plugin "tf2custattr"
L 04/15/2021 - 11:27:50: Error log file session closed.
