L 12/27/2020 - 00:06:50: SourceMod error session started
L 12/27/2020 - 00:06:50: Info (map "vsh_manncohq_v14") (file "/home/steamsrv/tf2/tf/addons/sourcemod/logs/errors_20201227.log")
L 12/27/2020 - 00:06:50: [freaks/ff2_1st_set_abilities.ff2] [FF2] Cannot give ammo to weapon tf_weapon_knife (boss )-check your config!
L 12/27/2020 - 00:06:50: [freaks/ff2_1st_set_abilities.ff2] [FF2] Cannot give ammo to weapon tf_weapon_knife (boss )-check your config!
L 12/27/2020 - 00:08:09: [freaks/ff2_1st_set_abilities.ff2] [FF2] Cannot give ammo to weapon tf_weapon_knife (boss )-check your config!
L 12/27/2020 - 00:08:09: [freaks/ff2_1st_set_abilities.ff2] [FF2] Cannot give ammo to weapon tf_weapon_knife (boss )-check your config!
L 12/27/2020 - 00:08:09: [freaks/ff2_1st_set_abilities.ff2] [FF2] Cannot give ammo to weapon tf_weapon_knife (boss )-check your config!
L 12/27/2020 - 00:08:09: [freaks/ff2_1st_set_abilities.ff2] [FF2] Cannot give ammo to weapon tf_weapon_knife (boss )-check your config!
L 12/27/2020 - 00:08:09: [freaks/ff2_1st_set_abilities.ff2] [FF2] Cannot give ammo to weapon tf_weapon_knife (boss )-check your config!
L 12/27/2020 - 00:08:09: [freaks/ff2_1st_set_abilities.ff2] [FF2] Cannot give ammo to weapon tf_weapon_knife (boss )-check your config!
L 12/27/2020 - 00:08:09: [freaks/ff2_1st_set_abilities.ff2] [FF2] Cannot give ammo to weapon tf_weapon_knife (boss )-check your config!
L 12/27/2020 - 00:09:41: [freaks/ff2_1st_set_abilities.ff2] [FF2] Cannot give ammo to weapon tf_weapon_knife (boss )-check your config!
L 12/27/2020 - 00:09:41: [freaks/ff2_1st_set_abilities.ff2] [FF2] Cannot give ammo to weapon tf_weapon_knife (boss )-check your config!
L 12/27/2020 - 00:09:41: [freaks/ff2_1st_set_abilities.ff2] [FF2] Cannot give ammo to weapon tf_weapon_knife (boss )-check your config!
L 12/27/2020 - 00:09:41: [freaks/ff2_1st_set_abilities.ff2] [FF2] Cannot give ammo to weapon tf_weapon_knife (boss )-check your config!
L 12/27/2020 - 00:09:41: [freaks/ff2_1st_set_abilities.ff2] [FF2] Cannot give ammo to weapon tf_weapon_knife (boss )-check your config!
L 12/27/2020 - 00:09:41: [freaks/ff2_1st_set_abilities.ff2] [FF2] Cannot give ammo to weapon tf_weapon_knife (boss )-check your config!
L 12/27/2020 - 00:11:06: Error log file session closed.
L 12/27/2020 - 00:19:39: SourceMod error session started
L 12/27/2020 - 00:19:39: Info (map "vsh_gyros_v5") (file "/home/steamsrv/tf2/tf/addons/sourcemod/logs/errors_20201227.log")
L 12/27/2020 - 00:19:39: [freaks/shadow93_abilities.ff2] [SHADoW93 Minions] [DUO] Blutarch Mann has an invalid -1 formula for minions, using default health!
L 12/27/2020 - 00:22:50: [SM] Exception reported: Entity 542 is not valid
L 12/27/2020 - 00:22:50: [SM] Blaming: freaks/shadow93_abilities.ff2
L 12/27/2020 - 00:22:50: [SM] Call stack trace:
L 12/27/2020 - 00:22:50: [SM]   [0] TeleportEntity
L 12/27/2020 - 00:22:50: [SM]   [1] Line 2022, L:\scripting\shadow93_abilities.sp::MoveMarker
L 12/27/2020 - 00:22:54: [SM] Exception reported: Entity 689 is not valid
L 12/27/2020 - 00:22:54: [SM] Blaming: freaks/shadow93_abilities.ff2
L 12/27/2020 - 00:22:54: [SM] Call stack trace:
L 12/27/2020 - 00:22:54: [SM]   [0] TeleportEntity
L 12/27/2020 - 00:22:54: [SM]   [1] Line 2022, L:\scripting\shadow93_abilities.sp::MoveMarker
L 12/27/2020 - 00:42:00: Error log file session closed.
L 12/27/2020 - 00:42:49: SourceMod error session started
L 12/27/2020 - 00:42:49: Info (map "vsh_void_a1f") (file "/home/steamsrv/tf2/tf/addons/sourcemod/logs/errors_20201227.log")
L 12/27/2020 - 00:42:49: [SM] Exception reported: Cowardly refusing to add invalid attribute index "0" to an item.
L 12/27/2020 - 00:42:49: [SM] Blaming: pyrogineer.smx
L 12/27/2020 - 00:42:49: [SM] Call stack trace:
L 12/27/2020 - 00:42:49: [SM]   [0] TF2Items_SetAttribute
L 12/27/2020 - 00:42:49: [SM]   [1] Line 271, C:\Users\James\Desktop\ServerStuff\TF2server\tf\addons\sourcemod\scripting\pyrogineer.sp::PrepareItemHandle
L 12/27/2020 - 00:42:49: [SM]   [2] Line 294, C:\Users\James\Desktop\ServerStuff\TF2server\tf\addons\sourcemod\scripting\pyrogineer.sp::TF2Items_OnGiveNamedItem
L 12/27/2020 - 00:42:49: [SM] Exception reported: Cowardly refusing to add invalid attribute index "0" to an item.
L 12/27/2020 - 00:42:49: [SM] Blaming: pyrogineer.smx
L 12/27/2020 - 00:42:49: [SM] Call stack trace:
L 12/27/2020 - 00:42:49: [SM]   [0] TF2Items_SetAttribute
L 12/27/2020 - 00:42:49: [SM]   [1] Line 271, C:\Users\James\Desktop\ServerStuff\TF2server\tf\addons\sourcemod\scripting\pyrogineer.sp::PrepareItemHandle
L 12/27/2020 - 00:42:49: [SM]   [2] Line 294, C:\Users\James\Desktop\ServerStuff\TF2server\tf\addons\sourcemod\scripting\pyrogineer.sp::TF2Items_OnGiveNamedItem
L 12/27/2020 - 00:42:49: [SM]   [4] TF2_RegeneratePlayer
L 12/27/2020 - 00:42:49: [SM]   [5] Line 9918, Unofficial Freak Fortress::OnPostInventoryApplication
L 12/27/2020 - 00:42:49: [SM] Exception reported: Cowardly refusing to add invalid attribute index "0" to an item.
L 12/27/2020 - 00:42:49: [SM] Blaming: pyrogineer.smx
L 12/27/2020 - 00:42:49: [SM] Call stack trace:
L 12/27/2020 - 00:42:49: [SM]   [0] TF2Items_SetAttribute
L 12/27/2020 - 00:42:49: [SM]   [1] Line 271, C:\Users\James\Desktop\ServerStuff\TF2server\tf\addons\sourcemod\scripting\pyrogineer.sp::PrepareItemHandle
L 12/27/2020 - 00:42:49: [SM]   [2] Line 294, C:\Users\James\Desktop\ServerStuff\TF2server\tf\addons\sourcemod\scripting\pyrogineer.sp::TF2Items_OnGiveNamedItem
L 12/27/2020 - 00:42:49: [SM]   [4] TF2_RegeneratePlayer
L 12/27/2020 - 00:42:49: [SM]   [5] Line 27, /groups/sourcemod/upload_tmp/textISXu91.sp::Fix_Function
L 12/27/2020 - 01:00:14: [SM] Plugin "roundtimer.smx" encountered error 23: Native detected error
L 12/27/2020 - 01:00:14: [SM] Invalid timer handle f8f70d62 (error 3) during timer end, displayed function is timer callback, not the stack trace
L 12/27/2020 - 01:00:14: [SM] Unable to call function "Timer_Round" due to above error(s).
L 12/27/2020 - 01:15:08: Error log file session closed.
L 12/27/2020 - 02:14:28: SourceMod error session started
L 12/27/2020 - 02:14:28: Info (map "vsh_manncohq_v14") (file "/home/steamsrv/tf2/tf/addons/sourcemod/logs/errors_20201227.log")
L 12/27/2020 - 02:14:28: [freaks/shadow93_abilities.ff2] [SHADoW93 Minions] Redmond Mann has an invalid  formula for minions, using default health!
L 12/27/2020 - 02:14:28: [freaks/shadow93_abilities.ff2] [SHADoW93 Minions] Redmond Mann has an invalid  formula for minions, using default health!
L 12/27/2020 - 02:14:28: [freaks/shadow93_abilities.ff2] [SHADoW93 Minions] Redmond Mann has an invalid  formula for minions, using default health!
L 12/27/2020 - 02:15:40: [freaks/shadow93_abilities.ff2] [SHADoW93 Minions] Redmond Mann has an invalid  formula for minions, using default health!
L 12/27/2020 - 02:20:45: Error log file session closed.
L 12/27/2020 - 02:29:12: SourceMod error session started
L 12/27/2020 - 02:29:12: Info (map "arena_lumberyard") (file "/home/steamsrv/tf2/tf/addons/sourcemod/logs/errors_20201227.log")
L 12/27/2020 - 02:29:12: [tf2attributes.smx] Could not initialize call to CEconItem::SetCustomName
L 12/27/2020 - 02:29:13: [store.smx] Gifts! isn't installed or failed to load. Gifts support will be disabled. Please install Gifts. (http://forums.alliedmods.net/showthread.php?t=175185)
L 12/27/2020 - 02:29:13: [tf2_taunts_tf2idb.smx] Failed to initialize taunt cache: TF2IDB Not loaded.
L 12/27/2020 - 02:29:13: [tf2_taunts_tf2idb.smx] Halting user interface initialization. Plugin loaded but updater not found.
L 12/27/2020 - 02:29:13: [tf2_taunts_tf2idb.smx] Try using the latest version from here https://github.com/fakuivan/TF2-Taunts-TF2IDB .
L 12/27/2020 - 22:10:35: Error log file session closed.
L 12/27/2020 - 22:16:43: SourceMod error session started
L 12/27/2020 - 22:16:43: Info (map "vsh_cairo_pyramid_v4") (file "/home/steamsrv/tf2/tf/addons/sourcemod/logs/errors_20201227.log")
L 12/27/2020 - 22:16:43: [tf2attributes.smx] Could not initialize call to CEconItem::SetCustomName
L 12/27/2020 - 22:16:43: [store.smx] Gifts! isn't installed or failed to load. Gifts support will be disabled. Please install Gifts. (http://forums.alliedmods.net/showthread.php?t=175185)
L 12/27/2020 - 22:16:43: [store.smx] Database connection is lost or not yet initialized.
L 12/27/2020 - 22:16:43: [store.smx] Database connection is lost or not yet initialized.
L 12/27/2020 - 22:16:43: [tf2_taunts_tf2idb.smx] Failed to initialize taunt cache: TF2IDB Not loaded.
L 12/27/2020 - 22:16:43: [tf2_taunts_tf2idb.smx] Halting user interface initialization. Plugin loaded but updater not found.
L 12/27/2020 - 22:16:43: [tf2_taunts_tf2idb.smx] Try using the latest version from here https://github.com/fakuivan/TF2-Taunts-TF2IDB .
L 12/27/2020 - 22:21:45: [tf2attributes.smx] Could not initialize call to CEconItem::SetCustomName
L 12/27/2020 - 22:21:45: [store.smx] Gifts! isn't installed or failed to load. Gifts support will be disabled. Please install Gifts. (http://forums.alliedmods.net/showthread.php?t=175185)
L 12/27/2020 - 22:21:45: [store.smx] Database connection is lost or not yet initialized.
L 12/27/2020 - 22:21:45: [store.smx] Database connection is lost or not yet initialized.
L 12/27/2020 - 22:21:45: [store.smx] Database connection is lost or not yet initialized.
L 12/27/2020 - 22:21:45: [tf2_taunts_tf2idb.smx] Failed to initialize taunt cache: TF2IDB Not loaded.
L 12/27/2020 - 22:21:45: [tf2_taunts_tf2idb.smx] Halting user interface initialization. Plugin loaded but updater not found.
L 12/27/2020 - 22:21:45: [tf2_taunts_tf2idb.smx] Try using the latest version from here https://github.com/fakuivan/TF2-Taunts-TF2IDB .
L 12/27/2020 - 22:23:33: [tf2attributes.smx] Could not initialize call to CEconItem::SetCustomName
L 12/27/2020 - 22:23:33: [store.smx] Gifts! isn't installed or failed to load. Gifts support will be disabled. Please install Gifts. (http://forums.alliedmods.net/showthread.php?t=175185)
L 12/27/2020 - 22:23:33: [store.smx] Database connection is lost or not yet initialized.
L 12/27/2020 - 22:23:33: [store.smx] Database connection is lost or not yet initialized.
L 12/27/2020 - 22:23:33: [store.smx] Database connection is lost or not yet initialized.
L 12/27/2020 - 22:23:33: [tf2_taunts_tf2idb.smx] Failed to initialize taunt cache: TF2IDB Not loaded.
L 12/27/2020 - 22:23:33: [tf2_taunts_tf2idb.smx] Halting user interface initialization. Plugin loaded but updater not found.
L 12/27/2020 - 22:23:33: [tf2_taunts_tf2idb.smx] Try using the latest version from here https://github.com/fakuivan/TF2-Taunts-TF2IDB .
L 12/27/2020 - 22:26:12: [tf2attributes.smx] Could not initialize call to CEconItem::SetCustomName
L 12/27/2020 - 22:26:12: [store.smx] Gifts! isn't installed or failed to load. Gifts support will be disabled. Please install Gifts. (http://forums.alliedmods.net/showthread.php?t=175185)
L 12/27/2020 - 22:26:12: [store.smx] Database connection is lost or not yet initialized.
L 12/27/2020 - 22:26:12: [store.smx] Database connection is lost or not yet initialized.
L 12/27/2020 - 22:26:12: [store.smx] Database connection is lost or not yet initialized.
L 12/27/2020 - 22:26:12: [tf2_taunts_tf2idb.smx] Failed to initialize taunt cache: TF2IDB Not loaded.
L 12/27/2020 - 22:26:12: [tf2_taunts_tf2idb.smx] Halting user interface initialization. Plugin loaded but updater not found.
L 12/27/2020 - 22:26:12: [tf2_taunts_tf2idb.smx] Try using the latest version from here https://github.com/fakuivan/TF2-Taunts-TF2IDB .
L 12/27/2020 - 22:30:09: [tf2attributes.smx] Could not initialize call to CEconItem::SetCustomName
L 12/27/2020 - 22:30:10: [store.smx] Gifts! isn't installed or failed to load. Gifts support will be disabled. Please install Gifts. (http://forums.alliedmods.net/showthread.php?t=175185)
L 12/27/2020 - 22:30:10: [store.smx] Database connection is lost or not yet initialized.
L 12/27/2020 - 22:30:10: [store.smx] Database connection is lost or not yet initialized.
L 12/27/2020 - 22:30:10: [store.smx] Database connection is lost or not yet initialized.
L 12/27/2020 - 22:30:10: [store.smx] Database connection is lost or not yet initialized.
L 12/27/2020 - 22:30:10: [tf2_taunts_tf2idb.smx] Failed to initialize taunt cache: TF2IDB Not loaded.
L 12/27/2020 - 22:30:10: [tf2_taunts_tf2idb.smx] Halting user interface initialization. Plugin loaded but updater not found.
L 12/27/2020 - 22:30:10: [tf2_taunts_tf2idb.smx] Try using the latest version from here https://github.com/fakuivan/TF2-Taunts-TF2IDB .
L 12/27/2020 - 22:31:35: [tf2attributes.smx] Could not initialize call to CEconItem::SetCustomName
L 12/27/2020 - 22:31:35: [store.smx] Gifts! isn't installed or failed to load. Gifts support will be disabled. Please install Gifts. (http://forums.alliedmods.net/showthread.php?t=175185)
L 12/27/2020 - 22:31:35: [store.smx] Database connection is lost or not yet initialized.
L 12/27/2020 - 22:31:35: [store.smx] Database connection is lost or not yet initialized.
L 12/27/2020 - 22:31:35: [store.smx] Database connection is lost or not yet initialized.
L 12/27/2020 - 22:31:35: [store.smx] Database connection is lost or not yet initialized.
L 12/27/2020 - 22:31:36: [tf2_taunts_tf2idb.smx] Failed to initialize taunt cache: TF2IDB Not loaded.
L 12/27/2020 - 22:31:36: [tf2_taunts_tf2idb.smx] Halting user interface initialization. Plugin loaded but updater not found.
L 12/27/2020 - 22:31:36: [tf2_taunts_tf2idb.smx] Try using the latest version from here https://github.com/fakuivan/TF2-Taunts-TF2IDB .
L 12/27/2020 - 22:36:13: [tf2attributes.smx] Could not initialize call to CEconItem::SetCustomName
L 12/27/2020 - 22:36:14: [store.smx] Gifts! isn't installed or failed to load. Gifts support will be disabled. Please install Gifts. (http://forums.alliedmods.net/showthread.php?t=175185)
L 12/27/2020 - 22:36:14: [store.smx] Database connection is lost or not yet initialized.
L 12/27/2020 - 22:36:14: [store.smx] Database connection is lost or not yet initialized.
L 12/27/2020 - 22:36:14: [store.smx] Database connection is lost or not yet initialized.
L 12/27/2020 - 22:36:14: [tf2_taunts_tf2idb.smx] Failed to initialize taunt cache: TF2IDB Not loaded.
L 12/27/2020 - 22:36:14: [tf2_taunts_tf2idb.smx] Halting user interface initialization. Plugin loaded but updater not found.
L 12/27/2020 - 22:36:14: [tf2_taunts_tf2idb.smx] Try using the latest version from here https://github.com/fakuivan/TF2-Taunts-TF2IDB .
L 12/27/2020 - 22:45:44: [SM] Plugin "roundtimer.smx" encountered error 23: Native detected error
L 12/27/2020 - 22:45:44: [SM] Invalid timer handle bb0a0397 (error 3) during timer end, displayed function is timer callback, not the stack trace
L 12/27/2020 - 22:45:44: [SM] Unable to call function "Timer_Round" due to above error(s).
L 12/27/2020 - 22:46:05: Error log file session closed.
L 12/27/2020 - 22:48:39: SourceMod error session started
L 12/27/2020 - 22:48:39: Info (map "vsh_castle_siege_unreal_sg1") (file "/home/steamsrv/tf2/tf/addons/sourcemod/logs/errors_20201227.log")
L 12/27/2020 - 22:48:39: [tf2attributes.smx] Could not initialize call to CEconItem::SetCustomName
L 12/27/2020 - 22:48:39: [store.smx] Gifts! isn't installed or failed to load. Gifts support will be disabled. Please install Gifts. (http://forums.alliedmods.net/showthread.php?t=175185)
L 12/27/2020 - 22:48:39: [store.smx] Database connection is lost or not yet initialized.
L 12/27/2020 - 22:48:39: [store.smx] Database connection is lost or not yet initialized.
L 12/27/2020 - 22:48:39: [store.smx] Database connection is lost or not yet initialized.
L 12/27/2020 - 22:48:39: [tf2_taunts_tf2idb.smx] Failed to initialize taunt cache: TF2IDB Not loaded.
L 12/27/2020 - 22:48:39: [tf2_taunts_tf2idb.smx] Halting user interface initialization. Plugin loaded but updater not found.
L 12/27/2020 - 22:48:39: [tf2_taunts_tf2idb.smx] Try using the latest version from here https://github.com/fakuivan/TF2-Taunts-TF2IDB .
L 12/27/2020 - 23:04:27: Error log file session closed.
L 12/27/2020 - 23:06:52: SourceMod error session started
L 12/27/2020 - 23:06:52: Info (map "vsh_dirtmound_b9") (file "/home/steamsrv/tf2/tf/addons/sourcemod/logs/errors_20201227.log")
L 12/27/2020 - 23:06:52: [freaks/shadow93_abilities.ff2] [SHADoW93 Minions] Redmond Mann has an invalid  formula for minions, using default health!
L 12/27/2020 - 23:06:52: [freaks/shadow93_abilities.ff2] [SHADoW93 Minions] Redmond Mann has an invalid  formula for minions, using default health!
L 12/27/2020 - 23:06:52: [freaks/shadow93_abilities.ff2] [SHADoW93 Minions] Redmond Mann has an invalid  formula for minions, using default health!
L 12/27/2020 - 23:09:45: [freaks/shadow93_abilities.ff2] [SHADoW93 Minions] Redmond Mann has an invalid  formula for minions, using default health!
L 12/27/2020 - 23:09:45: [freaks/shadow93_abilities.ff2] [SHADoW93 Minions] Redmond Mann has an invalid  formula for minions, using default health!
L 12/27/2020 - 23:24:07: [SM] Exception reported: Cowardly refusing to add invalid attribute index "0" to an item.
L 12/27/2020 - 23:24:07: [SM] Blaming: pyrogineer.smx
L 12/27/2020 - 23:24:07: [SM] Call stack trace:
L 12/27/2020 - 23:24:07: [SM]   [0] TF2Items_SetAttribute
L 12/27/2020 - 23:24:07: [SM]   [1] Line 271, C:\Users\James\Desktop\ServerStuff\TF2server\tf\addons\sourcemod\scripting\pyrogineer.sp::PrepareItemHandle
L 12/27/2020 - 23:24:07: [SM]   [2] Line 294, C:\Users\James\Desktop\ServerStuff\TF2server\tf\addons\sourcemod\scripting\pyrogineer.sp::TF2Items_OnGiveNamedItem
L 12/27/2020 - 23:31:54: [freaks/ff2_1st_set_abilities.ff2] [FF2] Cannot give ammo to weapon tf_weapon_knife (boss )-check your config!
L 12/27/2020 - 23:31:54: [freaks/ff2_1st_set_abilities.ff2] [FF2] Cannot give ammo to weapon tf_weapon_knife (boss )-check your config!
L 12/27/2020 - 23:31:55: [freaks/ff2_1st_set_abilities.ff2] [FF2] Cannot give ammo to weapon tf_weapon_knife (boss )-check your config!
L 12/27/2020 - 23:31:55: [freaks/ff2_1st_set_abilities.ff2] [FF2] Cannot give ammo to weapon tf_weapon_knife (boss )-check your config!
L 12/27/2020 - 23:31:55: [freaks/ff2_1st_set_abilities.ff2] [FF2] Cannot give ammo to weapon tf_weapon_knife (boss )-check your config!
L 12/27/2020 - 23:32:52: [freaks/ff2_1st_set_abilities.ff2] [FF2] Cannot give ammo to weapon tf_weapon_knife (boss )-check your config!
L 12/27/2020 - 23:32:52: [freaks/ff2_1st_set_abilities.ff2] [FF2] Cannot give ammo to weapon tf_weapon_knife (boss )-check your config!
L 12/27/2020 - 23:32:52: [freaks/ff2_1st_set_abilities.ff2] [FF2] Cannot give ammo to weapon tf_weapon_knife (boss )-check your config!
L 12/27/2020 - 23:32:52: [freaks/ff2_1st_set_abilities.ff2] [FF2] Cannot give ammo to weapon tf_weapon_knife (boss )-check your config!
L 12/27/2020 - 23:32:52: [freaks/ff2_1st_set_abilities.ff2] [FF2] Cannot give ammo to weapon tf_weapon_knife (boss )-check your config!
L 12/27/2020 - 23:32:52: [freaks/ff2_1st_set_abilities.ff2] [FF2] Cannot give ammo to weapon tf_weapon_knife (boss )-check your config!
L 12/27/2020 - 23:32:52: [freaks/ff2_1st_set_abilities.ff2] [FF2] Cannot give ammo to weapon tf_weapon_knife (boss )-check your config!
L 12/27/2020 - 23:32:52: [freaks/ff2_1st_set_abilities.ff2] [FF2] Cannot give ammo to weapon tf_weapon_knife (boss )-check your config!
L 12/27/2020 - 23:36:20: Error log file session closed.
L 12/27/2020 - 23:39:24: SourceMod error session started
L 12/27/2020 - 23:39:24: Info (map "vsh_area_54tress_b4") (file "/home/steamsrv/tf2/tf/addons/sourcemod/logs/errors_20201227.log")
L 12/27/2020 - 23:39:24: [SM] Exception reported: Cowardly refusing to add invalid attribute index "0" to an item.
L 12/27/2020 - 23:39:24: [SM] Blaming: pyrogineer.smx
L 12/27/2020 - 23:39:24: [SM] Call stack trace:
L 12/27/2020 - 23:39:24: [SM]   [0] TF2Items_SetAttribute
L 12/27/2020 - 23:39:24: [SM]   [1] Line 271, C:\Users\James\Desktop\ServerStuff\TF2server\tf\addons\sourcemod\scripting\pyrogineer.sp::PrepareItemHandle
L 12/27/2020 - 23:39:24: [SM]   [2] Line 294, C:\Users\James\Desktop\ServerStuff\TF2server\tf\addons\sourcemod\scripting\pyrogineer.sp::TF2Items_OnGiveNamedItem
L 12/27/2020 - 23:39:24: [SM] Exception reported: Cowardly refusing to add invalid attribute index "0" to an item.
L 12/27/2020 - 23:39:24: [SM] Blaming: pyrogineer.smx
L 12/27/2020 - 23:39:24: [SM] Call stack trace:
L 12/27/2020 - 23:39:24: [SM]   [0] TF2Items_SetAttribute
L 12/27/2020 - 23:39:24: [SM]   [1] Line 271, C:\Users\James\Desktop\ServerStuff\TF2server\tf\addons\sourcemod\scripting\pyrogineer.sp::PrepareItemHandle
L 12/27/2020 - 23:39:24: [SM]   [2] Line 294, C:\Users\James\Desktop\ServerStuff\TF2server\tf\addons\sourcemod\scripting\pyrogineer.sp::TF2Items_OnGiveNamedItem
L 12/27/2020 - 23:39:24: [SM]   [4] TF2_RegeneratePlayer
L 12/27/2020 - 23:39:24: [SM]   [5] Line 9918, Unofficial Freak Fortress::OnPostInventoryApplication
L 12/27/2020 - 23:39:24: [SM] Exception reported: Cowardly refusing to add invalid attribute index "0" to an item.
L 12/27/2020 - 23:39:24: [SM] Blaming: pyrogineer.smx
L 12/27/2020 - 23:39:24: [SM] Call stack trace:
L 12/27/2020 - 23:39:24: [SM]   [0] TF2Items_SetAttribute
L 12/27/2020 - 23:39:24: [SM]   [1] Line 271, C:\Users\James\Desktop\ServerStuff\TF2server\tf\addons\sourcemod\scripting\pyrogineer.sp::PrepareItemHandle
L 12/27/2020 - 23:39:24: [SM]   [2] Line 294, C:\Users\James\Desktop\ServerStuff\TF2server\tf\addons\sourcemod\scripting\pyrogineer.sp::TF2Items_OnGiveNamedItem
L 12/27/2020 - 23:39:24: [SM]   [4] TF2_RegeneratePlayer
L 12/27/2020 - 23:39:24: [SM]   [5] Line 27, /groups/sourcemod/upload_tmp/textISXu91.sp::Fix_Function
L 12/27/2020 - 23:42:11: [SM] Exception reported: Cowardly refusing to add invalid attribute index "0" to an item.
L 12/27/2020 - 23:42:11: [SM] Blaming: pyrogineer.smx
L 12/27/2020 - 23:42:11: [SM] Call stack trace:
L 12/27/2020 - 23:42:11: [SM]   [0] TF2Items_SetAttribute
L 12/27/2020 - 23:42:11: [SM]   [1] Line 271, C:\Users\James\Desktop\ServerStuff\TF2server\tf\addons\sourcemod\scripting\pyrogineer.sp::PrepareItemHandle
L 12/27/2020 - 23:42:11: [SM]   [2] Line 294, C:\Users\James\Desktop\ServerStuff\TF2server\tf\addons\sourcemod\scripting\pyrogineer.sp::TF2Items_OnGiveNamedItem
L 12/27/2020 - 23:42:11: [SM] Exception reported: Cowardly refusing to add invalid attribute index "0" to an item.
L 12/27/2020 - 23:42:11: [SM] Blaming: pyrogineer.smx
L 12/27/2020 - 23:42:11: [SM] Call stack trace:
L 12/27/2020 - 23:42:11: [SM]   [0] TF2Items_SetAttribute
L 12/27/2020 - 23:42:11: [SM]   [1] Line 271, C:\Users\James\Desktop\ServerStuff\TF2server\tf\addons\sourcemod\scripting\pyrogineer.sp::PrepareItemHandle
L 12/27/2020 - 23:42:11: [SM]   [2] Line 294, C:\Users\James\Desktop\ServerStuff\TF2server\tf\addons\sourcemod\scripting\pyrogineer.sp::TF2Items_OnGiveNamedItem
L 12/27/2020 - 23:42:11: [SM]   [4] TF2_RegeneratePlayer
L 12/27/2020 - 23:42:11: [SM]   [5] Line 27, /groups/sourcemod/upload_tmp/textISXu91.sp::Fix_Function
L 12/27/2020 - 23:44:07: [SM] Exception reported: Cowardly refusing to add invalid attribute index "0" to an item.
L 12/27/2020 - 23:44:07: [SM] Blaming: pyrogineer.smx
L 12/27/2020 - 23:44:07: [SM] Call stack trace:
L 12/27/2020 - 23:44:07: [SM]   [0] TF2Items_SetAttribute
L 12/27/2020 - 23:44:07: [SM]   [1] Line 271, C:\Users\James\Desktop\ServerStuff\TF2server\tf\addons\sourcemod\scripting\pyrogineer.sp::PrepareItemHandle
L 12/27/2020 - 23:44:07: [SM]   [2] Line 294, C:\Users\James\Desktop\ServerStuff\TF2server\tf\addons\sourcemod\scripting\pyrogineer.sp::TF2Items_OnGiveNamedItem
L 12/27/2020 - 23:44:07: [SM] Exception reported: Cowardly refusing to add invalid attribute index "0" to an item.
L 12/27/2020 - 23:44:07: [SM] Blaming: pyrogineer.smx
L 12/27/2020 - 23:44:07: [SM] Call stack trace:
L 12/27/2020 - 23:44:07: [SM]   [0] TF2Items_SetAttribute
L 12/27/2020 - 23:44:07: [SM]   [1] Line 271, C:\Users\James\Desktop\ServerStuff\TF2server\tf\addons\sourcemod\scripting\pyrogineer.sp::PrepareItemHandle
L 12/27/2020 - 23:44:07: [SM]   [2] Line 294, C:\Users\James\Desktop\ServerStuff\TF2server\tf\addons\sourcemod\scripting\pyrogineer.sp::TF2Items_OnGiveNamedItem
L 12/27/2020 - 23:44:07: [SM]   [4] TF2_RegeneratePlayer
L 12/27/2020 - 23:44:07: [SM]   [5] Line 27, /groups/sourcemod/upload_tmp/textISXu91.sp::Fix_Function
L 12/28/2020 - 00:00:35: Error log file session closed.
