L 08/09/2021 - 13:03:15: SourceMod error session started
L 08/09/2021 - 13:03:15: Info (map "vsh_tranquil_b5") (file "/home/frenzoid/TF2_FF2/tf/addons/sourcemod/logs/errors_20210809.log")
L 08/09/2021 - 13:03:15: [admin-flatfile.smx] Error(s) detected parsing addons/sourcemod/configs/admin_groups.cfg
L 08/09/2021 - 13:03:15: [admin-flatfile.smx]  (line 88) Section beginning without a matching ending
L 08/09/2021 - 13:03:15: [admin-flatfile.smx] Error(s) detected parsing addons/sourcemod/configs/admin_groups.cfg
L 08/09/2021 - 13:03:15: [admin-flatfile.smx]  (line 88) Section beginning without a matching ending
L 08/09/2021 - 13:07:20: Error log file session closed.
L 08/09/2021 - 13:07:20: SourceMod error session started
L 08/09/2021 - 13:07:20: Info (map "vsh_area_54tress_b4") (file "/home/frenzoid/TF2_FF2/tf/addons/sourcemod/logs/errors_20210809.log")
L 08/09/2021 - 13:07:20: [admin-flatfile.smx] Error(s) detected parsing addons/sourcemod/configs/admin_groups.cfg
L 08/09/2021 - 13:07:20: [admin-flatfile.smx]  (line 88) Section beginning without a matching ending
L 08/09/2021 - 13:07:20: [admin-flatfile.smx] Error(s) detected parsing addons/sourcemod/configs/admin_groups.cfg
L 08/09/2021 - 13:07:20: [admin-flatfile.smx]  (line 88) Section beginning without a matching ending
L 08/09/2021 - 13:28:28: [SM] Plugin "roundtimer.smx" encountered error 23: Native detected error
L 08/09/2021 - 13:28:28: [SM] Invalid timer handle ede80f75 (error 3) during timer end, displayed function is timer callback, not the stack trace
L 08/09/2021 - 13:28:28: [SM] Unable to call function "Timer_Round" due to above error(s).
L 08/09/2021 - 13:36:46: [SM] Plugin "roundtimer.smx" encountered error 23: Native detected error
L 08/09/2021 - 13:36:46: [SM] Invalid timer handle 787e0f78 (error 3) during timer end, displayed function is timer callback, not the stack trace
L 08/09/2021 - 13:36:46: [SM] Unable to call function "Timer_Round" due to above error(s).
L 08/09/2021 - 13:45:04: [SM] Plugin "roundtimer.smx" encountered error 23: Native detected error
L 08/09/2021 - 13:45:04: [SM] Invalid timer handle fedc0f78 (error 3) during timer end, displayed function is timer callback, not the stack trace
L 08/09/2021 - 13:45:04: [SM] Unable to call function "Timer_Round" due to above error(s).
L 08/09/2021 - 13:45:25: Error log file session closed.
L 08/09/2021 - 13:45:25: SourceMod error session started
L 08/09/2021 - 13:45:25: Info (map "vsh_egyptyspot_reworked_b2b") (file "/home/frenzoid/TF2_FF2/tf/addons/sourcemod/logs/errors_20210809.log")
L 08/09/2021 - 13:45:25: [admin-flatfile.smx] Error(s) detected parsing addons/sourcemod/configs/admin_groups.cfg
L 08/09/2021 - 13:45:25: [admin-flatfile.smx]  (line 88) Section beginning without a matching ending
L 08/09/2021 - 13:45:25: [admin-flatfile.smx] Error(s) detected parsing addons/sourcemod/configs/admin_groups.cfg
L 08/09/2021 - 13:45:25: [admin-flatfile.smx]  (line 88) Section beginning without a matching ending
L 08/09/2021 - 14:34:01: Error log file session closed.
L 08/09/2021 - 14:34:02: SourceMod error session started
L 08/09/2021 - 14:34:02: Info (map "vsh_nebula_rc1") (file "/home/frenzoid/TF2_FF2/tf/addons/sourcemod/logs/errors_20210809.log")
L 08/09/2021 - 14:34:02: [admin-flatfile.smx] Error(s) detected parsing addons/sourcemod/configs/admin_groups.cfg
L 08/09/2021 - 14:34:02: [admin-flatfile.smx]  (line 88) Section beginning without a matching ending
L 08/09/2021 - 14:34:02: [admin-flatfile.smx] Error(s) detected parsing addons/sourcemod/configs/admin_groups.cfg
L 08/09/2021 - 14:34:02: [admin-flatfile.smx]  (line 88) Section beginning without a matching ending
L 08/09/2021 - 14:48:21: [SM] Plugin "roundtimer.smx" encountered error 23: Native detected error
L 08/09/2021 - 14:48:21: [SM] Invalid timer handle ced70fb0 (error 3) during timer end, displayed function is timer callback, not the stack trace
L 08/09/2021 - 14:48:21: [SM] Unable to call function "Timer_Round" due to above error(s).
L 08/09/2021 - 14:50:54: Error log file session closed.
L 08/09/2021 - 14:50:55: SourceMod error session started
L 08/09/2021 - 14:50:55: Info (map "vsh_castle_siege_unreal_sg1") (file "/home/frenzoid/TF2_FF2/tf/addons/sourcemod/logs/errors_20210809.log")
L 08/09/2021 - 14:50:55: [admin-flatfile.smx] Error(s) detected parsing addons/sourcemod/configs/admin_groups.cfg
L 08/09/2021 - 14:50:55: [admin-flatfile.smx]  (line 88) Section beginning without a matching ending
L 08/09/2021 - 14:50:55: [admin-flatfile.smx] Error(s) detected parsing addons/sourcemod/configs/admin_groups.cfg
L 08/09/2021 - 14:50:55: [admin-flatfile.smx]  (line 88) Section beginning without a matching ending
L 08/09/2021 - 14:52:54: Error log file session closed.
L 08/09/2021 - 14:52:54: SourceMod error session started
L 08/09/2021 - 14:52:54: Info (map "vsh_castle_siege_unreal_sg1") (file "/home/frenzoid/TF2_FF2/tf/addons/sourcemod/logs/errors_20210809.log")
L 08/09/2021 - 14:52:54: [admin-flatfile.smx] Error(s) detected parsing addons/sourcemod/configs/admin_groups.cfg
L 08/09/2021 - 14:52:54: [admin-flatfile.smx]  (line 88) Section beginning without a matching ending
L 08/09/2021 - 14:52:54: [admin-flatfile.smx] Error(s) detected parsing addons/sourcemod/configs/admin_groups.cfg
L 08/09/2021 - 14:52:54: [admin-flatfile.smx]  (line 88) Section beginning without a matching ending
L 08/09/2021 - 14:53:40: Error log file session closed.
L 08/09/2021 - 14:53:40: SourceMod error session started
L 08/09/2021 - 14:53:40: Info (map "vsh_castle_siege_unreal_sg1") (file "/home/frenzoid/TF2_FF2/tf/addons/sourcemod/logs/errors_20210809.log")
L 08/09/2021 - 14:53:40: [admin-flatfile.smx] Error(s) detected parsing addons/sourcemod/configs/admin_groups.cfg
L 08/09/2021 - 14:53:40: [admin-flatfile.smx]  (line 88) Section beginning without a matching ending
L 08/09/2021 - 14:53:40: [admin-flatfile.smx] Error(s) detected parsing addons/sourcemod/configs/admin_groups.cfg
L 08/09/2021 - 14:53:40: [admin-flatfile.smx]  (line 88) Section beginning without a matching ending
L 08/09/2021 - 14:59:48: Error log file session closed.
L 08/09/2021 - 14:59:48: SourceMod error session started
L 08/09/2021 - 14:59:48: Info (map "vsh_roadfromnowhere_v2") (file "/home/frenzoid/TF2_FF2/tf/addons/sourcemod/logs/errors_20210809.log")
L 08/09/2021 - 14:59:48: [admin-flatfile.smx] Error(s) detected parsing addons/sourcemod/configs/admin_groups.cfg
L 08/09/2021 - 14:59:48: [admin-flatfile.smx]  (line 88) Section beginning without a matching ending
L 08/09/2021 - 14:59:48: [admin-flatfile.smx] Error(s) detected parsing addons/sourcemod/configs/admin_groups.cfg
L 08/09/2021 - 14:59:48: [admin-flatfile.smx]  (line 88) Section beginning without a matching ending
L 08/09/2021 - 15:14:27: Error log file session closed.
L 08/09/2021 - 15:14:28: SourceMod error session started
L 08/09/2021 - 15:14:28: Info (map "vsh_jungle_beach_v3") (file "/home/frenzoid/TF2_FF2/tf/addons/sourcemod/logs/errors_20210809.log")
L 08/09/2021 - 15:14:28: [admin-flatfile.smx] Error(s) detected parsing addons/sourcemod/configs/admin_groups.cfg
L 08/09/2021 - 15:14:28: [admin-flatfile.smx]  (line 88) Section beginning without a matching ending
L 08/09/2021 - 15:14:28: [admin-flatfile.smx] Error(s) detected parsing addons/sourcemod/configs/admin_groups.cfg
L 08/09/2021 - 15:14:28: [admin-flatfile.smx]  (line 88) Section beginning without a matching ending
L 08/09/2021 - 15:19:03: Error log file session closed.
L 08/09/2021 - 15:19:03: SourceMod error session started
L 08/09/2021 - 15:19:03: Info (map "vsh_tranquil_b5") (file "/home/frenzoid/TF2_FF2/tf/addons/sourcemod/logs/errors_20210809.log")
L 08/09/2021 - 15:19:03: [admin-flatfile.smx] Error(s) detected parsing addons/sourcemod/configs/admin_groups.cfg
L 08/09/2021 - 15:19:03: [admin-flatfile.smx]  (line 88) Section beginning without a matching ending
L 08/09/2021 - 15:19:03: [admin-flatfile.smx] Error(s) detected parsing addons/sourcemod/configs/admin_groups.cfg
L 08/09/2021 - 15:19:03: [admin-flatfile.smx]  (line 88) Section beginning without a matching ending
L 08/09/2021 - 15:22:58: Error log file session closed.
L 08/09/2021 - 15:22:58: SourceMod error session started
L 08/09/2021 - 15:22:58: Info (map "vsh_castle_siege_unreal_sg1") (file "/home/frenzoid/TF2_FF2/tf/addons/sourcemod/logs/errors_20210809.log")
L 08/09/2021 - 15:22:58: [admin-flatfile.smx] Error(s) detected parsing addons/sourcemod/configs/admin_groups.cfg
L 08/09/2021 - 15:22:58: [admin-flatfile.smx]  (line 88) Section beginning without a matching ending
L 08/09/2021 - 15:22:58: [admin-flatfile.smx] Error(s) detected parsing addons/sourcemod/configs/admin_groups.cfg
L 08/09/2021 - 15:22:58: [admin-flatfile.smx]  (line 88) Section beginning without a matching ending
L 08/09/2021 - 15:32:41: Error log file session closed.
L 08/09/2021 - 15:32:41: SourceMod error session started
L 08/09/2021 - 15:32:41: Info (map "vsh_castle_siege_unreal_sg1") (file "/home/frenzoid/TF2_FF2/tf/addons/sourcemod/logs/errors_20210809.log")
L 08/09/2021 - 15:32:41: [admin-flatfile.smx] Error(s) detected parsing addons/sourcemod/configs/admin_groups.cfg
L 08/09/2021 - 15:32:41: [admin-flatfile.smx]  (line 88) Section beginning without a matching ending
L 08/09/2021 - 15:32:41: [admin-flatfile.smx] Error(s) detected parsing addons/sourcemod/configs/admin_groups.cfg
L 08/09/2021 - 15:32:41: [admin-flatfile.smx]  (line 88) Section beginning without a matching ending
L 08/09/2021 - 15:37:46: Error log file session closed.
L 08/09/2021 - 15:37:46: SourceMod error session started
L 08/09/2021 - 15:37:46: Info (map "vsh_castle_siege_unreal_sg1") (file "/home/frenzoid/TF2_FF2/tf/addons/sourcemod/logs/errors_20210809.log")
L 08/09/2021 - 15:37:46: [admin-flatfile.smx] Error(s) detected parsing addons/sourcemod/configs/admin_groups.cfg
L 08/09/2021 - 15:37:46: [admin-flatfile.smx]  (line 88) Section beginning without a matching ending
L 08/09/2021 - 15:37:46: [admin-flatfile.smx] Error(s) detected parsing addons/sourcemod/configs/admin_groups.cfg
L 08/09/2021 - 15:37:46: [admin-flatfile.smx]  (line 88) Section beginning without a matching ending
L 08/09/2021 - 15:44:21: Error log file session closed.
L 08/09/2021 - 15:44:21: SourceMod error session started
L 08/09/2021 - 15:44:21: Info (map "vsh_castle_siege_unreal_sg1") (file "/home/frenzoid/TF2_FF2/tf/addons/sourcemod/logs/errors_20210809.log")
L 08/09/2021 - 15:44:21: [admin-flatfile.smx] Error(s) detected parsing addons/sourcemod/configs/admin_groups.cfg
L 08/09/2021 - 15:44:21: [admin-flatfile.smx]  (line 88) Section beginning without a matching ending
L 08/09/2021 - 15:44:21: [admin-flatfile.smx] Error(s) detected parsing addons/sourcemod/configs/admin_groups.cfg
L 08/09/2021 - 15:44:21: [admin-flatfile.smx]  (line 88) Section beginning without a matching ending
L 08/09/2021 - 15:47:13: Error log file session closed.
L 08/09/2021 - 15:47:14: SourceMod error session started
L 08/09/2021 - 15:47:14: Info (map "vsh_castle_siege_unreal_sg1") (file "/home/frenzoid/TF2_FF2/tf/addons/sourcemod/logs/errors_20210809.log")
L 08/09/2021 - 15:47:14: [admin-flatfile.smx] Error(s) detected parsing addons/sourcemod/configs/admin_groups.cfg
L 08/09/2021 - 15:47:14: [admin-flatfile.smx]  (line 88) Section beginning without a matching ending
L 08/09/2021 - 15:47:14: [admin-flatfile.smx] Error(s) detected parsing addons/sourcemod/configs/admin_groups.cfg
L 08/09/2021 - 15:47:14: [admin-flatfile.smx]  (line 88) Section beginning without a matching ending
L 08/09/2021 - 16:01:32: [SM] Plugin "roundtimer.smx" encountered error 23: Native detected error
L 08/09/2021 - 16:01:32: [SM] Invalid timer handle eab81098 (error 3) during timer end, displayed function is timer callback, not the stack trace
L 08/09/2021 - 16:01:32: [SM] Unable to call function "Timer_Round" due to above error(s).
L 08/09/2021 - 16:04:39: Error log file session closed.
L 08/09/2021 - 16:04:39: SourceMod error session started
L 08/09/2021 - 16:04:39: Info (map "vsh_castle_siege_unreal_sg1") (file "/home/frenzoid/TF2_FF2/tf/addons/sourcemod/logs/errors_20210809.log")
L 08/09/2021 - 16:04:39: [admin-flatfile.smx] Error(s) detected parsing addons/sourcemod/configs/admin_groups.cfg
L 08/09/2021 - 16:04:39: [admin-flatfile.smx]  (line 88) Section beginning without a matching ending
L 08/09/2021 - 16:04:39: [admin-flatfile.smx] Error(s) detected parsing addons/sourcemod/configs/admin_groups.cfg
L 08/09/2021 - 16:04:39: [admin-flatfile.smx]  (line 88) Section beginning without a matching ending
L 08/09/2021 - 16:10:01: Error log file session closed.
L 08/09/2021 - 16:10:02: SourceMod error session started
L 08/09/2021 - 16:10:02: Info (map "vsh_castle_siege_unreal_sg1") (file "/home/frenzoid/TF2_FF2/tf/addons/sourcemod/logs/errors_20210809.log")
L 08/09/2021 - 16:10:02: [admin-flatfile.smx] Error(s) detected parsing addons/sourcemod/configs/admin_groups.cfg
L 08/09/2021 - 16:10:02: [admin-flatfile.smx]  (line 88) Section beginning without a matching ending
L 08/09/2021 - 16:10:02: [admin-flatfile.smx] Error(s) detected parsing addons/sourcemod/configs/admin_groups.cfg
L 08/09/2021 - 16:10:02: [admin-flatfile.smx]  (line 88) Section beginning without a matching ending
L 08/09/2021 - 16:16:13: Error log file session closed.
L 08/09/2021 - 16:16:14: SourceMod error session started
L 08/09/2021 - 16:16:14: Info (map "vsh_castle_siege_unreal_sg1") (file "/home/frenzoid/TF2_FF2/tf/addons/sourcemod/logs/errors_20210809.log")
L 08/09/2021 - 16:16:14: [admin-flatfile.smx] Error(s) detected parsing addons/sourcemod/configs/admin_groups.cfg
L 08/09/2021 - 16:16:14: [admin-flatfile.smx]  (line 88) Section beginning without a matching ending
L 08/09/2021 - 16:16:14: [admin-flatfile.smx] Error(s) detected parsing addons/sourcemod/configs/admin_groups.cfg
L 08/09/2021 - 16:16:14: [admin-flatfile.smx]  (line 88) Section beginning without a matching ending
L 08/09/2021 - 16:20:21: Error log file session closed.
L 08/09/2021 - 16:20:21: SourceMod error session started
L 08/09/2021 - 16:20:21: Info (map "vsh_castle_siege_unreal_sg1") (file "/home/frenzoid/TF2_FF2/tf/addons/sourcemod/logs/errors_20210809.log")
L 08/09/2021 - 16:20:21: [admin-flatfile.smx] Error(s) detected parsing addons/sourcemod/configs/admin_groups.cfg
L 08/09/2021 - 16:20:21: [admin-flatfile.smx]  (line 88) Section beginning without a matching ending
L 08/09/2021 - 16:20:21: [admin-flatfile.smx] Error(s) detected parsing addons/sourcemod/configs/admin_groups.cfg
L 08/09/2021 - 16:20:21: [admin-flatfile.smx]  (line 88) Section beginning without a matching ending
L 08/09/2021 - 16:31:28: [SM] Plugin "roundtimer.smx" encountered error 23: Native detected error
L 08/09/2021 - 16:31:28: [SM] Invalid timer handle 7f061163 (error 3) during timer end, displayed function is timer callback, not the stack trace
L 08/09/2021 - 16:31:28: [SM] Unable to call function "Timer_Round" due to above error(s).
L 08/09/2021 - 16:39:46: [SM] Plugin "roundtimer.smx" encountered error 23: Native detected error
L 08/09/2021 - 16:39:46: [SM] Invalid timer handle 68a1179 (error 3) during timer end, displayed function is timer callback, not the stack trace
L 08/09/2021 - 16:39:46: [SM] Unable to call function "Timer_Round" due to above error(s).
L 08/09/2021 - 16:47:30: Error log file session closed.
L 08/09/2021 - 16:47:31: SourceMod error session started
L 08/09/2021 - 16:47:31: Info (map "vsh_castle_siege_unreal_sg1") (file "/home/frenzoid/TF2_FF2/tf/addons/sourcemod/logs/errors_20210809.log")
L 08/09/2021 - 16:47:31: [admin-flatfile.smx] Error(s) detected parsing addons/sourcemod/configs/admin_groups.cfg
L 08/09/2021 - 16:47:31: [admin-flatfile.smx]  (line 88) Section beginning without a matching ending
L 08/09/2021 - 16:47:31: [admin-flatfile.smx] Error(s) detected parsing addons/sourcemod/configs/admin_groups.cfg
L 08/09/2021 - 16:47:31: [admin-flatfile.smx]  (line 88) Section beginning without a matching ending
L 08/09/2021 - 16:49:33: Error log file session closed.
L 08/09/2021 - 16:49:34: SourceMod error session started
L 08/09/2021 - 16:49:34: Info (map "vsh_castle_siege_unreal_sg1") (file "/home/frenzoid/TF2_FF2/tf/addons/sourcemod/logs/errors_20210809.log")
L 08/09/2021 - 16:49:34: [admin-flatfile.smx] Error(s) detected parsing addons/sourcemod/configs/admin_groups.cfg
L 08/09/2021 - 16:49:34: [admin-flatfile.smx]  (line 88) Section beginning without a matching ending
L 08/09/2021 - 16:49:34: [admin-flatfile.smx] Error(s) detected parsing addons/sourcemod/configs/admin_groups.cfg
L 08/09/2021 - 16:49:34: [admin-flatfile.smx]  (line 88) Section beginning without a matching ending
L 08/09/2021 - 17:20:32: Error log file session closed.
L 08/09/2021 - 17:20:33: SourceMod error session started
L 08/09/2021 - 17:20:33: Info (map "vsh_egyptyspot_reworked_b2b") (file "/home/frenzoid/TF2_FF2/tf/addons/sourcemod/logs/errors_20210809.log")
L 08/09/2021 - 17:20:33: [admin-flatfile.smx] Error(s) detected parsing addons/sourcemod/configs/admin_groups.cfg
L 08/09/2021 - 17:20:33: [admin-flatfile.smx]  (line 88) Section beginning without a matching ending
L 08/09/2021 - 17:20:33: [admin-flatfile.smx] Error(s) detected parsing addons/sourcemod/configs/admin_groups.cfg
L 08/09/2021 - 17:20:33: [admin-flatfile.smx]  (line 88) Section beginning without a matching ending
L 08/09/2021 - 17:51:38: Error log file session closed.
L 08/09/2021 - 17:51:39: SourceMod error session started
L 08/09/2021 - 17:51:39: Info (map "vsh_cairo_pyramid_v4") (file "/home/frenzoid/TF2_FF2/tf/addons/sourcemod/logs/errors_20210809.log")
L 08/09/2021 - 17:51:39: [admin-flatfile.smx] Error(s) detected parsing addons/sourcemod/configs/admin_groups.cfg
L 08/09/2021 - 17:51:39: [admin-flatfile.smx]  (line 88) Section beginning without a matching ending
L 08/09/2021 - 17:51:39: [admin-flatfile.smx] Error(s) detected parsing addons/sourcemod/configs/admin_groups.cfg
L 08/09/2021 - 17:51:39: [admin-flatfile.smx]  (line 88) Section beginning without a matching ending
L 08/09/2021 - 18:24:29: Error log file session closed.
L 08/09/2021 - 18:24:30: SourceMod error session started
L 08/09/2021 - 18:24:30: Info (map "vsh_warebloom_r1a") (file "/home/frenzoid/TF2_FF2/tf/addons/sourcemod/logs/errors_20210809.log")
L 08/09/2021 - 18:24:30: [admin-flatfile.smx] Error(s) detected parsing addons/sourcemod/configs/admin_groups.cfg
L 08/09/2021 - 18:24:30: [admin-flatfile.smx]  (line 88) Section beginning without a matching ending
L 08/09/2021 - 18:24:30: [admin-flatfile.smx] Error(s) detected parsing addons/sourcemod/configs/admin_groups.cfg
L 08/09/2021 - 18:24:30: [admin-flatfile.smx]  (line 88) Section beginning without a matching ending
L 08/09/2021 - 18:55:01: Error log file session closed.
L 08/09/2021 - 18:55:03: SourceMod error session started
L 08/09/2021 - 18:55:03: Info (map "vsh_dirtmound_b9") (file "/home/frenzoid/TF2_FF2/tf/addons/sourcemod/logs/errors_20210809.log")
L 08/09/2021 - 18:55:03: [admin-flatfile.smx] Error(s) detected parsing addons/sourcemod/configs/admin_groups.cfg
L 08/09/2021 - 18:55:03: [admin-flatfile.smx]  (line 88) Section beginning without a matching ending
L 08/09/2021 - 18:55:03: [admin-flatfile.smx] Error(s) detected parsing addons/sourcemod/configs/admin_groups.cfg
L 08/09/2021 - 18:55:03: [admin-flatfile.smx]  (line 88) Section beginning without a matching ending
L 08/09/2021 - 19:13:55: [freaks/ff2_1st_set_abilities.ff2] [FF2] Cannot give ammo to weapon tf_weapon_knife (boss )-check your config!
L 08/09/2021 - 19:13:55: [freaks/ff2_1st_set_abilities.ff2] [FF2] Cannot give ammo to weapon tf_weapon_knife (boss )-check your config!
L 08/09/2021 - 19:13:55: [freaks/ff2_1st_set_abilities.ff2] [FF2] Cannot give ammo to weapon tf_weapon_knife (boss )-check your config!
L 08/09/2021 - 19:13:55: [freaks/ff2_1st_set_abilities.ff2] [FF2] Cannot give ammo to weapon tf_weapon_knife (boss )-check your config!
L 08/09/2021 - 19:26:00: Error log file session closed.
L 08/09/2021 - 19:26:00: SourceMod error session started
L 08/09/2021 - 19:26:00: Info (map "vsh_lobster_shore_rc1") (file "/home/frenzoid/TF2_FF2/tf/addons/sourcemod/logs/errors_20210809.log")
L 08/09/2021 - 19:26:00: [admin-flatfile.smx] Error(s) detected parsing addons/sourcemod/configs/admin_groups.cfg
L 08/09/2021 - 19:26:00: [admin-flatfile.smx]  (line 88) Section beginning without a matching ending
L 08/09/2021 - 19:26:00: [admin-flatfile.smx] Error(s) detected parsing addons/sourcemod/configs/admin_groups.cfg
L 08/09/2021 - 19:26:00: [admin-flatfile.smx]  (line 88) Section beginning without a matching ending
L 08/09/2021 - 19:56:44: Error log file session closed.
L 08/09/2021 - 19:56:45: SourceMod error session started
L 08/09/2021 - 19:56:45: Info (map "vsh_egyptyspot_reworked_b2b") (file "/home/frenzoid/TF2_FF2/tf/addons/sourcemod/logs/errors_20210809.log")
L 08/09/2021 - 19:56:45: [admin-flatfile.smx] Error(s) detected parsing addons/sourcemod/configs/admin_groups.cfg
L 08/09/2021 - 19:56:45: [admin-flatfile.smx]  (line 88) Section beginning without a matching ending
L 08/09/2021 - 19:56:45: [admin-flatfile.smx] Error(s) detected parsing addons/sourcemod/configs/admin_groups.cfg
L 08/09/2021 - 19:56:45: [admin-flatfile.smx]  (line 88) Section beginning without a matching ending
