L 12/29/2020 - 19:21:20: SourceMod error session started
L 12/29/2020 - 19:21:20: Info (map "vsh_minegay_reworked_v2") (file "/home/steamsrv/tf2/tf/addons/sourcemod/logs/errors_20201229.log")
L 12/29/2020 - 19:21:20: [tf2attributes.smx] Could not initialize call to CEconItem::SetCustomName
L 12/29/2020 - 19:21:21: [store.smx] Gifts! isn't installed or failed to load. Gifts support will be disabled. Please install Gifts. (http://forums.alliedmods.net/showthread.php?t=175185)
L 12/29/2020 - 19:21:21: [store.smx] Database connection is lost or not yet initialized.
L 12/29/2020 - 19:21:21: [store.smx] Database connection is lost or not yet initialized.
L 12/29/2020 - 19:21:21: [tf2_taunts_tf2idb.smx] Failed to initialize taunt cache: TF2IDB Not loaded.
L 12/29/2020 - 19:21:21: [tf2_taunts_tf2idb.smx] Halting user interface initialization. Plugin loaded but updater not found.
L 12/29/2020 - 19:21:21: [tf2_taunts_tf2idb.smx] Try using the latest version from here https://github.com/fakuivan/TF2-Taunts-TF2IDB .
L 12/29/2020 - 19:21:42: Error log file session closed.
L 12/29/2020 - 19:26:08: SourceMod error session started
L 12/29/2020 - 19:26:08: Info (map "vsh_nebula_rc1") (file "/home/steamsrv/tf2/tf/addons/sourcemod/logs/errors_20201229.log")
L 12/29/2020 - 19:26:08: [tf2attributes.smx] Could not initialize call to CEconItem::SetCustomName
L 12/29/2020 - 19:26:09: [store.smx] Gifts! isn't installed or failed to load. Gifts support will be disabled. Please install Gifts. (http://forums.alliedmods.net/showthread.php?t=175185)
L 12/29/2020 - 19:26:09: [store.smx] Database connection is lost or not yet initialized.
L 12/29/2020 - 19:26:09: [store.smx] Database connection is lost or not yet initialized.
L 12/29/2020 - 19:26:09: [store.smx] Database connection is lost or not yet initialized.
L 12/29/2020 - 19:26:09: [store.smx] Database connection is lost or not yet initialized.
L 12/29/2020 - 19:26:09: [tf2_taunts_tf2idb.smx] Failed to initialize taunt cache: TF2IDB Not loaded.
L 12/29/2020 - 19:26:09: [tf2_taunts_tf2idb.smx] Halting user interface initialization. Plugin loaded but updater not found.
L 12/29/2020 - 19:26:09: [tf2_taunts_tf2idb.smx] Try using the latest version from here https://github.com/fakuivan/TF2-Taunts-TF2IDB .
L 12/29/2020 - 19:27:48: Error log file session closed.
L 12/29/2020 - 19:34:53: SourceMod error session started
L 12/29/2020 - 19:34:53: Info (map "vsh_castle_siege_unreal_sg1") (file "/home/steamsrv/tf2/tf/addons/sourcemod/logs/errors_20201229.log")
L 12/29/2020 - 19:34:53: [SM] Exception reported: Invalid data pack position, 16 is out of bounds (6)
L 12/29/2020 - 19:34:53: [SM] Blaming: sbpp_comms.smx
L 12/29/2020 - 19:34:53: [SM] Call stack trace:
L 12/29/2020 - 19:34:53: [SM]   [0] SetPackPosition
L 12/29/2020 - 19:34:53: [SM]   [1] Line 1470, .\sbpp_comms.sp::Query_UnBlockSelect
L 12/29/2020 - 19:59:52: Error log file session closed.
L 12/29/2020 - 20:15:25: SourceMod error session started
L 12/29/2020 - 20:15:25: Info (map "vsh_egyptyspot_v2") (file "/home/steamsrv/tf2/tf/addons/sourcemod/logs/errors_20201229.log")
L 12/29/2020 - 20:15:25: [freaks/shadow93_abilities.ff2] [SHADoW93 Minions] Blutarch Mann has an invalid  formula for minions, using default health!
L 12/29/2020 - 20:15:25: [freaks/shadow93_abilities.ff2] [SHADoW93 Minions] Blutarch Mann has an invalid  formula for minions, using default health!
L 12/29/2020 - 20:31:30: Error log file session closed.
L 12/29/2020 - 22:38:17: SourceMod error session started
L 12/29/2020 - 22:38:17: Info (map "vsh_dirtmound_b9") (file "/home/steamsrv/tf2/tf/addons/sourcemod/logs/errors_20201229.log")
L 12/29/2020 - 22:38:17: [tf2attributes.smx] Could not initialize call to CEconItem::SetCustomName
L 12/29/2020 - 22:38:17: [store.smx] Gifts! isn't installed or failed to load. Gifts support will be disabled. Please install Gifts. (http://forums.alliedmods.net/showthread.php?t=175185)
L 12/29/2020 - 22:38:17: [store.smx] Database connection is lost or not yet initialized.
L 12/29/2020 - 22:38:17: [store.smx] Database connection is lost or not yet initialized.
L 12/29/2020 - 22:38:17: [tf2_taunts_tf2idb.smx] Failed to initialize taunt cache: TF2IDB Not loaded.
L 12/29/2020 - 22:38:17: [tf2_taunts_tf2idb.smx] Halting user interface initialization. Plugin loaded but updater not found.
L 12/29/2020 - 22:38:17: [tf2_taunts_tf2idb.smx] Try using the latest version from here https://github.com/fakuivan/TF2-Taunts-TF2IDB .
L 12/29/2020 - 22:40:05: [tf2attributes.smx] Could not initialize call to CEconItem::SetCustomName
L 12/29/2020 - 22:40:05: [store.smx] Gifts! isn't installed or failed to load. Gifts support will be disabled. Please install Gifts. (http://forums.alliedmods.net/showthread.php?t=175185)
L 12/29/2020 - 22:40:05: [store.smx] Database connection is lost or not yet initialized.
L 12/29/2020 - 22:40:05: [tf2_taunts_tf2idb.smx] Failed to initialize taunt cache: TF2IDB Not loaded.
L 12/29/2020 - 22:40:05: [tf2_taunts_tf2idb.smx] Halting user interface initialization. Plugin loaded but updater not found.
L 12/29/2020 - 22:40:05: [tf2_taunts_tf2idb.smx] Try using the latest version from here https://github.com/fakuivan/TF2-Taunts-TF2IDB .
L 12/29/2020 - 22:40:42: [tf2attributes.smx] Could not initialize call to CEconItem::SetCustomName
L 12/29/2020 - 22:40:42: [store.smx] Gifts! isn't installed or failed to load. Gifts support will be disabled. Please install Gifts. (http://forums.alliedmods.net/showthread.php?t=175185)
L 12/29/2020 - 22:40:42: [store.smx] Database connection is lost or not yet initialized.
L 12/29/2020 - 22:40:42: [tf2_taunts_tf2idb.smx] Failed to initialize taunt cache: TF2IDB Not loaded.
L 12/29/2020 - 22:40:42: [tf2_taunts_tf2idb.smx] Halting user interface initialization. Plugin loaded but updater not found.
L 12/29/2020 - 22:40:42: [tf2_taunts_tf2idb.smx] Try using the latest version from here https://github.com/fakuivan/TF2-Taunts-TF2IDB .
L 12/29/2020 - 22:43:09: [tf2attributes.smx] Could not initialize call to CEconItem::SetCustomName
L 12/29/2020 - 22:43:09: [store.smx] Gifts! isn't installed or failed to load. Gifts support will be disabled. Please install Gifts. (http://forums.alliedmods.net/showthread.php?t=175185)
L 12/29/2020 - 22:43:09: [store.smx] Database connection is lost or not yet initialized.
L 12/29/2020 - 22:43:09: [store.smx] Database connection is lost or not yet initialized.
L 12/29/2020 - 22:43:10: [tf2_taunts_tf2idb.smx] Failed to initialize taunt cache: TF2IDB Not loaded.
L 12/29/2020 - 22:43:10: [tf2_taunts_tf2idb.smx] Halting user interface initialization. Plugin loaded but updater not found.
L 12/29/2020 - 22:43:10: [tf2_taunts_tf2idb.smx] Try using the latest version from here https://github.com/fakuivan/TF2-Taunts-TF2IDB .
L 12/29/2020 - 22:53:59: [tf2attributes.smx] Could not initialize call to CEconItem::SetCustomName
L 12/29/2020 - 22:53:59: [store.smx] Gifts! isn't installed or failed to load. Gifts support will be disabled. Please install Gifts. (http://forums.alliedmods.net/showthread.php?t=175185)
L 12/29/2020 - 22:53:59: [store.smx] Database connection is lost or not yet initialized.
L 12/29/2020 - 22:53:59: [store.smx] Database connection is lost or not yet initialized.
L 12/29/2020 - 22:53:59: [tf2_taunts_tf2idb.smx] Failed to initialize taunt cache: TF2IDB Not loaded.
L 12/29/2020 - 22:53:59: [tf2_taunts_tf2idb.smx] Halting user interface initialization. Plugin loaded but updater not found.
L 12/29/2020 - 22:53:59: [tf2_taunts_tf2idb.smx] Try using the latest version from here https://github.com/fakuivan/TF2-Taunts-TF2IDB .
L 12/29/2020 - 23:08:56: SourceMod error session started
L 12/29/2020 - 23:08:56: Info (map "arena_lumberyard") (file "/home/steamsrv/tf2/tf/addons/sourcemod/logs/errors_20201229.log")
L 12/29/2020 - 23:08:56: [tf2attributes.smx] Could not initialize call to CEconItem::SetCustomName
L 12/29/2020 - 23:08:56: [store.smx] Gifts! isn't installed or failed to load. Gifts support will be disabled. Please install Gifts. (http://forums.alliedmods.net/showthread.php?t=175185)
L 12/29/2020 - 23:08:56: [tf2_taunts_tf2idb.smx] Failed to initialize taunt cache: TF2IDB Not loaded.
L 12/29/2020 - 23:08:56: [tf2_taunts_tf2idb.smx] Halting user interface initialization. Plugin loaded but updater not found.
L 12/29/2020 - 23:08:56: [tf2_taunts_tf2idb.smx] Try using the latest version from here https://github.com/fakuivan/TF2-Taunts-TF2IDB .
L 12/29/2020 - 23:46:48: [SM] Exception reported: Attributes size out of bounds: 16 [0 ... 15]
L 12/29/2020 - 23:46:48: [SM] Blaming: freak_fortress_2.smx
L 12/29/2020 - 23:46:48: [SM] Call stack trace:
L 12/29/2020 - 23:46:48: [SM]   [0] TF2Items_SetNumAttributes
L 12/29/2020 - 23:46:48: [SM]   [1] Line 1003, D:\batfo_qrgut13\Documents\SourceMod 1.9 Compiler\addons\sourcemod\scripting\include\freak_fortress_2.inc::FF2_SpawnWeapon
L 12/29/2020 - 23:46:48: [SM]   [2] Line 6889, Unofficial Freak Fortress::EquipBoss
L 12/29/2020 - 23:46:48: [SM]   [3] Line 7668, Unofficial Freak Fortress::Timer_MakeBoss
L 12/29/2020 - 23:46:48: [SM] Exception reported: Attributes size out of bounds: 16 [0 ... 15]
L 12/29/2020 - 23:46:48: [SM] Blaming: freak_fortress_2.smx
L 12/29/2020 - 23:46:48: [SM] Call stack trace:
L 12/29/2020 - 23:46:48: [SM]   [0] TF2Items_SetNumAttributes
L 12/29/2020 - 23:46:48: [SM]   [1] Line 1003, D:\batfo_qrgut13\Documents\SourceMod 1.9 Compiler\addons\sourcemod\scripting\include\freak_fortress_2.inc::FF2_SpawnWeapon
L 12/29/2020 - 23:46:48: [SM]   [2] Line 6889, Unofficial Freak Fortress::EquipBoss
L 12/29/2020 - 23:46:48: [SM]   [3] Line 7668, Unofficial Freak Fortress::Timer_MakeBoss
L 12/29/2020 - 23:46:48: [SM] Exception reported: Attributes size out of bounds: 16 [0 ... 15]
L 12/29/2020 - 23:46:48: [SM] Blaming: freak_fortress_2.smx
L 12/29/2020 - 23:46:48: [SM] Call stack trace:
L 12/29/2020 - 23:46:48: [SM]   [0] TF2Items_SetNumAttributes
L 12/29/2020 - 23:46:48: [SM]   [1] Line 1003, D:\batfo_qrgut13\Documents\SourceMod 1.9 Compiler\addons\sourcemod\scripting\include\freak_fortress_2.inc::FF2_SpawnWeapon
L 12/29/2020 - 23:46:48: [SM]   [2] Line 6889, Unofficial Freak Fortress::EquipBoss
L 12/29/2020 - 23:46:48: [SM]   [3] Line 7668, Unofficial Freak Fortress::Timer_MakeBoss
L 12/29/2020 - 23:46:48: [SM] Exception reported: Attributes size out of bounds: 16 [0 ... 15]
L 12/29/2020 - 23:46:48: [SM] Blaming: freak_fortress_2.smx
L 12/29/2020 - 23:46:48: [SM] Call stack trace:
L 12/29/2020 - 23:46:48: [SM]   [0] TF2Items_SetNumAttributes
L 12/29/2020 - 23:46:48: [SM]   [1] Line 1003, D:\batfo_qrgut13\Documents\SourceMod 1.9 Compiler\addons\sourcemod\scripting\include\freak_fortress_2.inc::FF2_SpawnWeapon
L 12/29/2020 - 23:46:48: [SM]   [2] Line 6889, Unofficial Freak Fortress::EquipBoss
L 12/29/2020 - 23:46:48: [SM]   [3] Line 7668, Unofficial Freak Fortress::Timer_MakeBoss
L 12/29/2020 - 23:51:57: Error log file session closed.
L 12/29/2020 - 23:54:37: SourceMod error session started
L 12/29/2020 - 23:54:37: Info (map "vsh_apg_v2_sg1") (file "/home/steamsrv/tf2/tf/addons/sourcemod/logs/errors_20201229.log")
L 12/29/2020 - 23:54:37: [SM] Exception reported: Attributes size out of bounds: 16 [0 ... 15]
L 12/29/2020 - 23:54:37: [SM] Blaming: freak_fortress_2.smx
L 12/29/2020 - 23:54:37: [SM] Call stack trace:
L 12/29/2020 - 23:54:37: [SM]   [0] TF2Items_SetNumAttributes
L 12/29/2020 - 23:54:37: [SM]   [1] Line 1003, D:\batfo_qrgut13\Documents\SourceMod 1.9 Compiler\addons\sourcemod\scripting\include\freak_fortress_2.inc::FF2_SpawnWeapon
L 12/29/2020 - 23:54:37: [SM]   [2] Line 6889, Unofficial Freak Fortress::EquipBoss
L 12/29/2020 - 23:54:37: [SM]   [3] Line 7668, Unofficial Freak Fortress::Timer_MakeBoss
L 12/29/2020 - 23:54:37: [SM] Exception reported: Attributes size out of bounds: 16 [0 ... 15]
L 12/29/2020 - 23:54:37: [SM] Blaming: freak_fortress_2.smx
L 12/29/2020 - 23:54:37: [SM] Call stack trace:
L 12/29/2020 - 23:54:37: [SM]   [0] TF2Items_SetNumAttributes
L 12/29/2020 - 23:54:37: [SM]   [1] Line 1003, D:\batfo_qrgut13\Documents\SourceMod 1.9 Compiler\addons\sourcemod\scripting\include\freak_fortress_2.inc::FF2_SpawnWeapon
L 12/29/2020 - 23:54:37: [SM]   [2] Line 6889, Unofficial Freak Fortress::EquipBoss
L 12/29/2020 - 23:54:37: [SM]   [3] Line 7668, Unofficial Freak Fortress::Timer_MakeBoss
L 12/29/2020 - 23:54:37: [SM] Exception reported: Attributes size out of bounds: 16 [0 ... 15]
L 12/29/2020 - 23:54:37: [SM] Blaming: freak_fortress_2.smx
L 12/29/2020 - 23:54:37: [SM] Call stack trace:
L 12/29/2020 - 23:54:37: [SM]   [0] TF2Items_SetNumAttributes
L 12/29/2020 - 23:54:37: [SM]   [1] Line 1003, D:\batfo_qrgut13\Documents\SourceMod 1.9 Compiler\addons\sourcemod\scripting\include\freak_fortress_2.inc::FF2_SpawnWeapon
L 12/29/2020 - 23:54:37: [SM]   [2] Line 6889, Unofficial Freak Fortress::EquipBoss
L 12/29/2020 - 23:54:37: [SM]   [3] Line 7668, Unofficial Freak Fortress::Timer_MakeBoss
L 12/29/2020 - 23:54:37: [SM] Exception reported: Attributes size out of bounds: 16 [0 ... 15]
L 12/29/2020 - 23:54:37: [SM] Blaming: freak_fortress_2.smx
L 12/29/2020 - 23:54:37: [SM] Call stack trace:
L 12/29/2020 - 23:54:37: [SM]   [0] TF2Items_SetNumAttributes
L 12/29/2020 - 23:54:37: [SM]   [1] Line 1003, D:\batfo_qrgut13\Documents\SourceMod 1.9 Compiler\addons\sourcemod\scripting\include\freak_fortress_2.inc::FF2_SpawnWeapon
L 12/29/2020 - 23:54:37: [SM]   [2] Line 6889, Unofficial Freak Fortress::EquipBoss
L 12/29/2020 - 23:54:37: [SM]   [3] Line 7668, Unofficial Freak Fortress::Timer_MakeBoss
L 12/29/2020 - 23:57:12: [SM] Exception reported: Attributes size out of bounds: 16 [0 ... 15]
L 12/29/2020 - 23:57:12: [SM] Blaming: freak_fortress_2.smx
L 12/29/2020 - 23:57:12: [SM] Call stack trace:
L 12/29/2020 - 23:57:12: [SM]   [0] TF2Items_SetNumAttributes
L 12/29/2020 - 23:57:12: [SM]   [1] Line 1003, D:\batfo_qrgut13\Documents\SourceMod 1.9 Compiler\addons\sourcemod\scripting\include\freak_fortress_2.inc::FF2_SpawnWeapon
L 12/29/2020 - 23:57:12: [SM]   [2] Line 6889, Unofficial Freak Fortress::EquipBoss
L 12/29/2020 - 23:57:12: [SM]   [3] Line 7668, Unofficial Freak Fortress::Timer_MakeBoss
L 12/29/2020 - 23:57:12: [SM] Exception reported: Attributes size out of bounds: 16 [0 ... 15]
L 12/29/2020 - 23:57:12: [SM] Blaming: freak_fortress_2.smx
L 12/29/2020 - 23:57:12: [SM] Call stack trace:
L 12/29/2020 - 23:57:12: [SM]   [0] TF2Items_SetNumAttributes
L 12/29/2020 - 23:57:12: [SM]   [1] Line 1003, D:\batfo_qrgut13\Documents\SourceMod 1.9 Compiler\addons\sourcemod\scripting\include\freak_fortress_2.inc::FF2_SpawnWeapon
L 12/29/2020 - 23:57:12: [SM]   [2] Line 6889, Unofficial Freak Fortress::EquipBoss
L 12/29/2020 - 23:57:12: [SM]   [3] Line 7668, Unofficial Freak Fortress::Timer_MakeBoss
L 12/29/2020 - 23:57:12: [SM] Exception reported: Attributes size out of bounds: 16 [0 ... 15]
L 12/29/2020 - 23:57:12: [SM] Blaming: freak_fortress_2.smx
L 12/29/2020 - 23:57:12: [SM] Call stack trace:
L 12/29/2020 - 23:57:12: [SM]   [0] TF2Items_SetNumAttributes
L 12/29/2020 - 23:57:12: [SM]   [1] Line 1003, D:\batfo_qrgut13\Documents\SourceMod 1.9 Compiler\addons\sourcemod\scripting\include\freak_fortress_2.inc::FF2_SpawnWeapon
L 12/29/2020 - 23:57:12: [SM]   [2] Line 6889, Unofficial Freak Fortress::EquipBoss
L 12/29/2020 - 23:57:12: [SM]   [3] Line 7668, Unofficial Freak Fortress::Timer_MakeBoss
L 12/29/2020 - 23:57:12: [SM] Exception reported: Attributes size out of bounds: 16 [0 ... 15]
L 12/29/2020 - 23:57:12: [SM] Blaming: freak_fortress_2.smx
L 12/29/2020 - 23:57:12: [SM] Call stack trace:
L 12/29/2020 - 23:57:12: [SM]   [0] TF2Items_SetNumAttributes
L 12/29/2020 - 23:57:12: [SM]   [1] Line 1003, D:\batfo_qrgut13\Documents\SourceMod 1.9 Compiler\addons\sourcemod\scripting\include\freak_fortress_2.inc::FF2_SpawnWeapon
L 12/29/2020 - 23:57:12: [SM]   [2] Line 6889, Unofficial Freak Fortress::EquipBoss
L 12/29/2020 - 23:57:12: [SM]   [3] Line 7668, Unofficial Freak Fortress::Timer_MakeBoss
L 12/29/2020 - 23:58:39: [SM] Exception reported: Attributes size out of bounds: 16 [0 ... 15]
L 12/29/2020 - 23:58:39: [SM] Blaming: freak_fortress_2.smx
L 12/29/2020 - 23:58:39: [SM] Call stack trace:
L 12/29/2020 - 23:58:39: [SM]   [0] TF2Items_SetNumAttributes
L 12/29/2020 - 23:58:39: [SM]   [1] Line 1003, D:\batfo_qrgut13\Documents\SourceMod 1.9 Compiler\addons\sourcemod\scripting\include\freak_fortress_2.inc::FF2_SpawnWeapon
L 12/29/2020 - 23:58:39: [SM]   [2] Line 6889, Unofficial Freak Fortress::EquipBoss
L 12/29/2020 - 23:58:39: [SM]   [3] Line 7668, Unofficial Freak Fortress::Timer_MakeBoss
L 12/29/2020 - 23:58:39: [SM] Exception reported: Attributes size out of bounds: 16 [0 ... 15]
L 12/29/2020 - 23:58:39: [SM] Blaming: freak_fortress_2.smx
L 12/29/2020 - 23:58:39: [SM] Call stack trace:
L 12/29/2020 - 23:58:39: [SM]   [0] TF2Items_SetNumAttributes
L 12/29/2020 - 23:58:39: [SM]   [1] Line 1003, D:\batfo_qrgut13\Documents\SourceMod 1.9 Compiler\addons\sourcemod\scripting\include\freak_fortress_2.inc::FF2_SpawnWeapon
L 12/29/2020 - 23:58:39: [SM]   [2] Line 6889, Unofficial Freak Fortress::EquipBoss
L 12/29/2020 - 23:58:39: [SM]   [3] Line 7668, Unofficial Freak Fortress::Timer_MakeBoss
L 12/29/2020 - 23:58:39: [SM] Exception reported: Attributes size out of bounds: 16 [0 ... 15]
L 12/29/2020 - 23:58:39: [SM] Blaming: freak_fortress_2.smx
L 12/29/2020 - 23:58:39: [SM] Call stack trace:
L 12/29/2020 - 23:58:39: [SM]   [0] TF2Items_SetNumAttributes
L 12/29/2020 - 23:58:39: [SM]   [1] Line 1003, D:\batfo_qrgut13\Documents\SourceMod 1.9 Compiler\addons\sourcemod\scripting\include\freak_fortress_2.inc::FF2_SpawnWeapon
L 12/29/2020 - 23:58:39: [SM]   [2] Line 6889, Unofficial Freak Fortress::EquipBoss
L 12/29/2020 - 23:58:39: [SM]   [3] Line 7668, Unofficial Freak Fortress::Timer_MakeBoss
L 12/29/2020 - 23:58:39: [SM] Exception reported: Attributes size out of bounds: 16 [0 ... 15]
L 12/29/2020 - 23:58:39: [SM] Blaming: freak_fortress_2.smx
L 12/29/2020 - 23:58:39: [SM] Call stack trace:
L 12/29/2020 - 23:58:39: [SM]   [0] TF2Items_SetNumAttributes
L 12/29/2020 - 23:58:39: [SM]   [1] Line 1003, D:\batfo_qrgut13\Documents\SourceMod 1.9 Compiler\addons\sourcemod\scripting\include\freak_fortress_2.inc::FF2_SpawnWeapon
L 12/29/2020 - 23:58:39: [SM]   [2] Line 6889, Unofficial Freak Fortress::EquipBoss
L 12/29/2020 - 23:58:39: [SM]   [3] Line 7668, Unofficial Freak Fortress::Timer_MakeBoss
L 12/29/2020 - 23:59:45: [SM] Exception reported: Attributes size out of bounds: 16 [0 ... 15]
L 12/29/2020 - 23:59:45: [SM] Blaming: freak_fortress_2.smx
L 12/29/2020 - 23:59:45: [SM] Call stack trace:
L 12/29/2020 - 23:59:45: [SM]   [0] TF2Items_SetNumAttributes
L 12/29/2020 - 23:59:45: [SM]   [1] Line 1003, D:\batfo_qrgut13\Documents\SourceMod 1.9 Compiler\addons\sourcemod\scripting\include\freak_fortress_2.inc::FF2_SpawnWeapon
L 12/29/2020 - 23:59:45: [SM]   [2] Line 6889, Unofficial Freak Fortress::EquipBoss
L 12/29/2020 - 23:59:45: [SM]   [3] Line 7668, Unofficial Freak Fortress::Timer_MakeBoss
L 12/29/2020 - 23:59:45: [SM] Exception reported: Attributes size out of bounds: 16 [0 ... 15]
L 12/29/2020 - 23:59:45: [SM] Blaming: freak_fortress_2.smx
L 12/29/2020 - 23:59:45: [SM] Call stack trace:
L 12/29/2020 - 23:59:45: [SM]   [0] TF2Items_SetNumAttributes
L 12/29/2020 - 23:59:45: [SM]   [1] Line 1003, D:\batfo_qrgut13\Documents\SourceMod 1.9 Compiler\addons\sourcemod\scripting\include\freak_fortress_2.inc::FF2_SpawnWeapon
L 12/29/2020 - 23:59:45: [SM]   [2] Line 6889, Unofficial Freak Fortress::EquipBoss
L 12/29/2020 - 23:59:45: [SM]   [3] Line 7668, Unofficial Freak Fortress::Timer_MakeBoss
L 12/29/2020 - 23:59:46: [SM] Exception reported: Attributes size out of bounds: 16 [0 ... 15]
L 12/29/2020 - 23:59:46: [SM] Blaming: freak_fortress_2.smx
L 12/29/2020 - 23:59:46: [SM] Call stack trace:
L 12/29/2020 - 23:59:46: [SM]   [0] TF2Items_SetNumAttributes
L 12/29/2020 - 23:59:46: [SM]   [1] Line 1003, D:\batfo_qrgut13\Documents\SourceMod 1.9 Compiler\addons\sourcemod\scripting\include\freak_fortress_2.inc::FF2_SpawnWeapon
L 12/29/2020 - 23:59:46: [SM]   [2] Line 6889, Unofficial Freak Fortress::EquipBoss
L 12/29/2020 - 23:59:46: [SM]   [3] Line 7668, Unofficial Freak Fortress::Timer_MakeBoss
L 12/29/2020 - 23:59:46: [SM] Exception reported: Attributes size out of bounds: 16 [0 ... 15]
L 12/29/2020 - 23:59:46: [SM] Blaming: freak_fortress_2.smx
L 12/29/2020 - 23:59:46: [SM] Call stack trace:
L 12/29/2020 - 23:59:46: [SM]   [0] TF2Items_SetNumAttributes
L 12/29/2020 - 23:59:46: [SM]   [1] Line 1003, D:\batfo_qrgut13\Documents\SourceMod 1.9 Compiler\addons\sourcemod\scripting\include\freak_fortress_2.inc::FF2_SpawnWeapon
L 12/29/2020 - 23:59:46: [SM]   [2] Line 6889, Unofficial Freak Fortress::EquipBoss
L 12/29/2020 - 23:59:46: [SM]   [3] Line 7668, Unofficial Freak Fortress::Timer_MakeBoss
L 12/30/2020 - 00:02:33: Error log file session closed.
