L 08/08/2020 - 07:39:59: SourceMod error session started
L 08/08/2020 - 07:39:59: Info (map "arena_lumberyard") (file "/home/steamsrv/tf2/tf/addons/sourcemod/logs/errors_20200808.log")
L 08/08/2020 - 07:39:59: [tf2attributes.smx] Could not initialize call to CEconItem::SetCustomName
L 08/08/2020 - 07:39:59: [store.smx] Gifts! isn't installed or failed to load. Gifts support will be disabled. Please install Gifts. (http://forums.alliedmods.net/showthread.php?t=175185)
L 08/08/2020 - 07:47:55: Error log file session closed.
L 08/08/2020 - 07:57:53: SourceMod error session started
L 08/08/2020 - 07:57:53: Info (map "arena_sawmill") (file "/home/steamsrv/tf2/tf/addons/sourcemod/logs/errors_20200808.log")
L 08/08/2020 - 07:57:53: [SM] Exception reported: Array index out-of-bounds (index -1, limit 4)
L 08/08/2020 - 07:57:53: [SM] Blaming: freak_fortress_2.smx
L 08/08/2020 - 07:57:53: [SM] Call stack trace:
L 08/08/2020 - 07:57:53: [SM]   [1] Line 17336, Unofficial Freak Fortress::Native_GetBossCharge
L 08/08/2020 - 07:57:53: [SM]   [3] FF2_GetBossCharge
L 08/08/2020 - 07:57:53: [SM]   [4] Line 889, FF2 Subplugin: Bat's Public Pack::FF2_OnAbility2
L 08/08/2020 - 07:57:53: [SM]   [5] Line 52, D:\batfo_qrgut13\Documents\SourceMod 1.9 Compiler\addons\sourcemod\scripting\include\freak_fortress_2_subplugin.inc::FF2_OnAbility
L 08/08/2020 - 07:57:53: [SM]   [7] Call_Finish
L 08/08/2020 - 07:57:53: [SM]   [8] Line 16949, Unofficial Freak Fortress::UseAbility
L 08/08/2020 - 07:57:53: [SM]   [9] Line 11243, Unofficial Freak Fortress::ActivateAbilitySlot
L 08/08/2020 - 07:57:53: [SM]   [10] Line 12183, Unofficial Freak Fortress::OnPlayerHurt
L 08/08/2020 - 08:24:31: SourceMod error session started
L 08/08/2020 - 08:24:31: Info (map "arena_lumberyard") (file "/home/steamsrv/tf2/tf/addons/sourcemod/logs/errors_20200808.log")
L 08/08/2020 - 08:24:31: [tf2attributes.smx] Could not initialize call to CEconItem::SetCustomName
L 08/08/2020 - 08:24:31: [store.smx] Gifts! isn't installed or failed to load. Gifts support will be disabled. Please install Gifts. (http://forums.alliedmods.net/showthread.php?t=175185)
L 08/08/2020 - 08:31:22: Error log file session closed.
L 08/08/2020 - 08:39:48: SourceMod error session started
L 08/08/2020 - 08:39:48: Info (map "arena_sawmill") (file "/home/steamsrv/tf2/tf/addons/sourcemod/logs/errors_20200808.log")
L 08/08/2020 - 08:39:48: [tf2attributes.smx] Could not initialize call to CEconItem::SetCustomName
L 08/08/2020 - 08:39:48: [store.smx] Gifts! isn't installed or failed to load. Gifts support will be disabled. Please install Gifts. (http://forums.alliedmods.net/showthread.php?t=175185)
L 08/08/2020 - 08:39:48: [store.smx] Database connection is lost or not yet initialized.
L 08/08/2020 - 08:40:42: [tf2attributes.smx] Could not initialize call to CEconItem::SetCustomName
L 08/08/2020 - 08:40:43: [store.smx] Gifts! isn't installed or failed to load. Gifts support will be disabled. Please install Gifts. (http://forums.alliedmods.net/showthread.php?t=175185)
L 08/08/2020 - 08:40:43: [store.smx] Database connection is lost or not yet initialized.
L 08/08/2020 - 08:41:40: [tf2attributes.smx] Could not initialize call to CEconItem::SetCustomName
L 08/08/2020 - 08:41:41: [store.smx] Gifts! isn't installed or failed to load. Gifts support will be disabled. Please install Gifts. (http://forums.alliedmods.net/showthread.php?t=175185)
L 08/08/2020 - 08:41:41: [store.smx] Database connection is lost or not yet initialized.
L 08/08/2020 - 08:43:35: Error log file session closed.
L 08/08/2020 - 08:57:51: SourceMod error session started
L 08/08/2020 - 08:57:51: Info (map "arena_sawmill") (file "/home/steamsrv/tf2/tf/addons/sourcemod/logs/errors_20200808.log")
L 08/08/2020 - 08:57:51: [SM] Plugin "roundtimer.smx" encountered error 23: Native detected error
L 08/08/2020 - 08:57:51: [SM] Invalid timer handle c5660287 (error 3) during timer end, displayed function is timer callback, not the stack trace
L 08/08/2020 - 08:57:51: [SM] Unable to call function "Timer_Round" due to above error(s).
L 08/08/2020 - 09:01:02: Error log file session closed.
L 08/08/2020 - 09:08:43: SourceMod error session started
L 08/08/2020 - 09:08:43: Info (map "arena_sawmill") (file "/home/steamsrv/tf2/tf/addons/sourcemod/logs/errors_20200808.log")
L 08/08/2020 - 09:08:43: [freaks/ff2_salmon.ff2] [SHADoW93 Minions] MrFrenzoid was not resized to avoid getting stuck!
L 08/08/2020 - 09:08:43: [freaks/shadow93_abilities.ff2] [SHADoW93 Minions] MrFrenzoid was not resized to avoid getting stuck!
L 08/08/2020 - 09:08:54: Error log file session closed.
L 08/08/2020 - 09:28:27: SourceMod error session started
L 08/08/2020 - 09:28:27: Info (map "arena_sawmill") (file "/home/steamsrv/tf2/tf/addons/sourcemod/logs/errors_20200808.log")
L 08/08/2020 - 09:28:27: [SM] Plugin "roundtimer.smx" encountered error 23: Native detected error
L 08/08/2020 - 09:28:27: [SM] Invalid timer handle fb006b1 (error 3) during timer end, displayed function is timer callback, not the stack trace
L 08/08/2020 - 09:28:27: [SM] Unable to call function "Timer_Round" due to above error(s).
L 08/08/2020 - 09:36:46: [SM] Plugin "roundtimer.smx" encountered error 23: Native detected error
L 08/08/2020 - 09:36:46: [SM] Invalid timer handle 927e0603 (error 3) during timer end, displayed function is timer callback, not the stack trace
L 08/08/2020 - 09:36:46: [SM] Unable to call function "Timer_Round" due to above error(s).
L 08/09/2020 - 02:39:38: Error log file session closed.
