L 06/24/2021 - 22:06:14: SourceMod error session started
L 06/24/2021 - 22:06:14: Info (map "arena_lumberyard") (file "/home/frenzoid/TF2_FF2/tf/addons/sourcemod/logs/errors_20210624.log")
L 06/24/2021 - 22:06:14: [tf2attributes.smx] Could not initialize call to CEconItem::SetCustomName
L 06/24/2021 - 22:06:15: [store.smx] Gifts! isn't installed or failed to load. Gifts support will be disabled. Please install Gifts. (http://forums.alliedmods.net/showthread.php?t=175185)
L 06/24/2021 - 22:06:49: [sbpp_comms.smx] Connecting to database failed: [2003]: Can't connect to MySQL server on 'oldbox.cloud' (111)
L 06/24/2021 - 22:06:49: [sbpp_sleuth.smx] SourceSleuth: Database connection error: [2003]: Can't connect to MySQL server on 'oldbox.cloud' (111)
L 06/24/2021 - 22:06:49: [SM] Exception reported: Failed to connect to SourceBans DB, [2003]: Can't connect to MySQL server on 'oldbox.cloud' (111)
L 06/24/2021 - 22:06:49: [SM] Blaming: sbpp_checker.smx
L 06/24/2021 - 22:06:49: [SM] Call stack trace:
L 06/24/2021 - 22:06:49: [SM]   [0] SetFailState
L 06/24/2021 - 22:06:49: [SM]   [1] Line 75, .\sbpp_checker.sp::OnDatabaseConnected
L 06/24/2021 - 23:26:42: SourceMod error session started
L 06/24/2021 - 23:26:42: Info (map "arena_lumberyard") (file "/home/frenzoid/TF2_FF2/tf/addons/sourcemod/logs/errors_20210624.log")
L 06/24/2021 - 23:26:42: [tf2attributes.smx] Could not initialize call to CEconItem::SetCustomName
L 06/24/2021 - 23:26:42: [store.smx] Gifts! isn't installed or failed to load. Gifts support will be disabled. Please install Gifts. (http://forums.alliedmods.net/showthread.php?t=175185)
L 06/24/2021 - 23:26:52: [sbpp_comms.smx] Connecting to database failed: [2003]: Can't connect to MySQL server on 'oldbox.cloud' (111)
L 06/24/2021 - 23:26:52: [sbpp_sleuth.smx] SourceSleuth: Database connection error: [2003]: Can't connect to MySQL server on 'oldbox.cloud' (111)
L 06/24/2021 - 23:26:52: [SM] Exception reported: Failed to connect to SourceBans DB, [2003]: Can't connect to MySQL server on 'oldbox.cloud' (111)
L 06/24/2021 - 23:26:52: [SM] Blaming: sbpp_checker.smx
L 06/24/2021 - 23:26:52: [SM] Call stack trace:
L 06/24/2021 - 23:26:52: [SM]   [0] SetFailState
L 06/24/2021 - 23:26:52: [SM]   [1] Line 75, .\sbpp_checker.sp::OnDatabaseConnected
L 06/24/2021 - 23:37:36: SourceMod error session started
L 06/24/2021 - 23:37:36: Info (map "arena_lumberyard") (file "/home/frenzoid/TF2_FF2/tf/addons/sourcemod/logs/errors_20210624.log")
L 06/24/2021 - 23:37:36: [tf2attributes.smx] Could not initialize call to CEconItem::SetCustomName
L 06/24/2021 - 23:37:36: [store.smx] Gifts! isn't installed or failed to load. Gifts support will be disabled. Please install Gifts. (http://forums.alliedmods.net/showthread.php?t=175185)
L 06/24/2021 - 23:37:44: [sbpp_comms.smx] Connecting to database failed: [2003]: Can't connect to MySQL server on 'oldbox.cloud' (111)
L 06/24/2021 - 23:37:44: [sbpp_sleuth.smx] SourceSleuth: Database connection error: [2003]: Can't connect to MySQL server on 'oldbox.cloud' (111)
L 06/24/2021 - 23:37:44: [SM] Exception reported: Failed to connect to SourceBans DB, [2003]: Can't connect to MySQL server on 'oldbox.cloud' (111)
L 06/24/2021 - 23:37:44: [SM] Blaming: sbpp_checker.smx
L 06/24/2021 - 23:37:44: [SM] Call stack trace:
L 06/24/2021 - 23:37:44: [SM]   [0] SetFailState
L 06/24/2021 - 23:37:44: [SM]   [1] Line 75, .\sbpp_checker.sp::OnDatabaseConnected
L 06/24/2021 - 23:38:52: SourceMod error session started
L 06/24/2021 - 23:38:52: Info (map "arena_lumberyard") (file "/home/frenzoid/TF2_FF2/tf/addons/sourcemod/logs/errors_20210624.log")
L 06/24/2021 - 23:38:52: [tf2attributes.smx] Could not initialize call to CEconItem::SetCustomName
L 06/24/2021 - 23:38:52: [store.smx] Gifts! isn't installed or failed to load. Gifts support will be disabled. Please install Gifts. (http://forums.alliedmods.net/showthread.php?t=175185)
L 06/25/2021 - 08:59:36: Error log file session closed.
