L 05/16/2021 - 04:22:59: SourceMod error session started
L 05/16/2021 - 04:22:59: Info (map "vsh_skyhigh_resort_b8_sg4") (file "/home/frenzoid/TF2_FF2/tf/addons/sourcemod/logs/errors_20210516.log")
L 05/16/2021 - 04:22:59: [SM] Exception reported: Invalid database Handle 0 (error: 4)
L 05/16/2021 - 04:22:59: [SM] Blaming: sbpp_sleuth.smx
L 05/16/2021 - 04:22:59: [SM] Call stack trace:
L 05/16/2021 - 04:22:59: [SM]   [0] SQL_TQuery
L 05/16/2021 - 04:22:59: [SM]   [1] Line 170, D:\MegaSync\Projects\Sourcemod\scripting\sbpp_sleuth.sp::OnClientPostAdminCheck
L 05/16/2021 - 04:23:00: [sbpp_comms.smx] Connecting to database failed: [2003]: Can't connect to MySQL server on 'oldbox.cloud' (111)
L 05/16/2021 - 04:24:00: Error log file session closed.
L 05/16/2021 - 04:24:39: SourceMod error session started
L 05/16/2021 - 04:24:39: Info (map "vsh_shipment_v1a") (file "/home/frenzoid/TF2_FF2/tf/addons/sourcemod/logs/errors_20210516.log")
L 05/16/2021 - 04:24:39: [SM] Exception reported: Invalid database Handle 0 (error: 4)
L 05/16/2021 - 04:24:39: [SM] Blaming: sbpp_sleuth.smx
L 05/16/2021 - 04:24:39: [SM] Call stack trace:
L 05/16/2021 - 04:24:39: [SM]   [0] SQL_TQuery
L 05/16/2021 - 04:24:39: [SM]   [1] Line 170, D:\MegaSync\Projects\Sourcemod\scripting\sbpp_sleuth.sp::OnClientPostAdminCheck
L 05/16/2021 - 04:24:39: [sbpp_comms.smx] Connecting to database failed: [2003]: Can't connect to MySQL server on 'oldbox.cloud' (111)
L 05/16/2021 - 04:27:52: [SM] Exception reported: Invalid database Handle 0 (error: 4)
L 05/16/2021 - 04:27:52: [SM] Blaming: sbpp_sleuth.smx
L 05/16/2021 - 04:27:52: [SM] Call stack trace:
L 05/16/2021 - 04:27:52: [SM]   [0] SQL_TQuery
L 05/16/2021 - 04:27:52: [SM]   [1] Line 170, D:\MegaSync\Projects\Sourcemod\scripting\sbpp_sleuth.sp::OnClientPostAdminCheck
L 05/16/2021 - 04:27:52: [sbpp_comms.smx] Connecting to database failed: [2003]: Can't connect to MySQL server on 'oldbox.cloud' (111)
