L 01/03/2021 - 03:12:24: SourceMod error session started
L 01/03/2021 - 03:12:24: Info (map "vsh_apg_v2_sg1") (file "/home/steamsrv/tf2/tf/addons/sourcemod/logs/errors_20210103.log")
L 01/03/2021 - 03:12:24: [SM] Exception reported: Cowardly refusing to add invalid attribute index "0" to an item.
L 01/03/2021 - 03:12:24: [SM] Blaming: pyrogineer.smx
L 01/03/2021 - 03:12:24: [SM] Call stack trace:
L 01/03/2021 - 03:12:24: [SM]   [0] TF2Items_SetAttribute
L 01/03/2021 - 03:12:24: [SM]   [1] Line 271, C:\Users\James\Desktop\ServerStuff\TF2server\tf\addons\sourcemod\scripting\pyrogineer.sp::PrepareItemHandle
L 01/03/2021 - 03:12:24: [SM]   [2] Line 294, C:\Users\James\Desktop\ServerStuff\TF2server\tf\addons\sourcemod\scripting\pyrogineer.sp::TF2Items_OnGiveNamedItem
L 01/03/2021 - 03:13:20: [SM] Exception reported: Cowardly refusing to add invalid attribute index "0" to an item.
L 01/03/2021 - 03:13:20: [SM] Blaming: pyrogineer.smx
L 01/03/2021 - 03:13:20: [SM] Call stack trace:
L 01/03/2021 - 03:13:20: [SM]   [0] TF2Items_SetAttribute
L 01/03/2021 - 03:13:20: [SM]   [1] Line 271, C:\Users\James\Desktop\ServerStuff\TF2server\tf\addons\sourcemod\scripting\pyrogineer.sp::PrepareItemHandle
L 01/03/2021 - 03:13:20: [SM]   [2] Line 294, C:\Users\James\Desktop\ServerStuff\TF2server\tf\addons\sourcemod\scripting\pyrogineer.sp::TF2Items_OnGiveNamedItem
L 01/03/2021 - 03:13:20: [SM]   [4] TF2_RegeneratePlayer
L 01/03/2021 - 03:13:20: [SM]   [5] Line 27, /groups/sourcemod/upload_tmp/textISXu91.sp::Fix_Function
L 01/03/2021 - 03:17:24: [SM] Exception reported: Cowardly refusing to add invalid attribute index "0" to an item.
L 01/03/2021 - 03:17:24: [SM] Blaming: pyrogineer.smx
L 01/03/2021 - 03:17:24: [SM] Call stack trace:
L 01/03/2021 - 03:17:24: [SM]   [0] TF2Items_SetAttribute
L 01/03/2021 - 03:17:24: [SM]   [1] Line 271, C:\Users\James\Desktop\ServerStuff\TF2server\tf\addons\sourcemod\scripting\pyrogineer.sp::PrepareItemHandle
L 01/03/2021 - 03:17:24: [SM]   [2] Line 294, C:\Users\James\Desktop\ServerStuff\TF2server\tf\addons\sourcemod\scripting\pyrogineer.sp::TF2Items_OnGiveNamedItem
L 01/03/2021 - 03:40:57: Error log file session closed.
L 01/03/2021 - 04:03:30: SourceMod error session started
L 01/03/2021 - 04:03:30: Info (map "arena_lumberyard") (file "/home/steamsrv/tf2/tf/addons/sourcemod/logs/errors_20210103.log")
L 01/03/2021 - 04:03:30: [tf2attributes.smx] Could not initialize call to CEconItem::SetCustomName
L 01/03/2021 - 04:03:30: [store.smx] Gifts! isn't installed or failed to load. Gifts support will be disabled. Please install Gifts. (http://forums.alliedmods.net/showthread.php?t=175185)
L 01/03/2021 - 04:03:30: [tf2_taunts_tf2idb.smx] Failed to initialize taunt cache: TF2IDB Not loaded.
L 01/03/2021 - 04:03:30: [tf2_taunts_tf2idb.smx] Halting user interface initialization. Plugin loaded but updater not found.
L 01/03/2021 - 04:03:30: [tf2_taunts_tf2idb.smx] Try using the latest version from here https://github.com/fakuivan/TF2-Taunts-TF2IDB .
L 01/03/2021 - 04:27:49: [freaks/ff2_1st_set_abilities.ff2] [FF2] Cannot give ammo to weapon tf_weapon_knife (boss )-check your config!
L 01/03/2021 - 04:27:49: [freaks/ff2_1st_set_abilities.ff2] [FF2] Cannot give ammo to weapon tf_weapon_knife (boss )-check your config!
L 01/03/2021 - 04:27:49: [freaks/ff2_1st_set_abilities.ff2] [FF2] Cannot give ammo to weapon tf_weapon_knife (boss )-check your config!
L 01/03/2021 - 04:34:53: Error log file session closed.
L 01/03/2021 - 04:36:29: SourceMod error session started
L 01/03/2021 - 04:36:29: Info (map "vsh_nebula_rc1") (file "/home/steamsrv/tf2/tf/addons/sourcemod/logs/errors_20210103.log")
L 01/03/2021 - 04:36:29: [tf2attributes.smx] Could not initialize call to CEconItem::SetCustomName
L 01/03/2021 - 04:36:29: [store.smx] Gifts! isn't installed or failed to load. Gifts support will be disabled. Please install Gifts. (http://forums.alliedmods.net/showthread.php?t=175185)
L 01/03/2021 - 04:36:29: [store.smx] Database connection is lost or not yet initialized.
L 01/03/2021 - 04:36:29: [store.smx] Database connection is lost or not yet initialized.
L 01/03/2021 - 04:36:29: [store.smx] Database connection is lost or not yet initialized.
L 01/03/2021 - 04:36:29: [store.smx] Database connection is lost or not yet initialized.
L 01/03/2021 - 04:36:29: [store.smx] Database connection is lost or not yet initialized.
L 01/03/2021 - 04:36:29: [SM] Exception reported: Entity 4 is invalid
L 01/03/2021 - 04:36:29: [SM] Blaming: fc.smx
L 01/03/2021 - 04:36:29: [SM] Call stack trace:
L 01/03/2021 - 04:36:29: [SM]   [0] SDKHook
L 01/03/2021 - 04:36:29: [SM]   [1] Line 391, D:\storage\Dropbox\Sourcemod\nieuw\sourcemod\scripting\fc.sp::Init
L 01/03/2021 - 04:36:29: [SM]   [2] Line 173, D:\storage\Dropbox\Sourcemod\nieuw\sourcemod\scripting\fc.sp::OnPluginStart
L 01/03/2021 - 04:36:29: [SM] Unable to load plugin "fc.smx": Error detected in plugin startup (see error logs)
L 01/03/2021 - 04:36:31: [tf2_taunts_tf2idb.smx] Failed to initialize taunt cache: TF2IDB Not loaded.
L 01/03/2021 - 04:36:31: [tf2_taunts_tf2idb.smx] Halting user interface initialization. Plugin loaded but updater not found.
L 01/03/2021 - 04:36:31: [tf2_taunts_tf2idb.smx] Try using the latest version from here https://github.com/fakuivan/TF2-Taunts-TF2IDB .
L 01/03/2021 - 05:01:48: [tf2attributes.smx] Could not initialize call to CEconItem::SetCustomName
L 01/03/2021 - 05:01:49: [store.smx] Gifts! isn't installed or failed to load. Gifts support will be disabled. Please install Gifts. (http://forums.alliedmods.net/showthread.php?t=175185)
L 01/03/2021 - 05:01:49: [store.smx] Database connection is lost or not yet initialized.
L 01/03/2021 - 05:01:49: [store.smx] Database connection is lost or not yet initialized.
L 01/03/2021 - 05:01:49: [store.smx] Database connection is lost or not yet initialized.
L 01/03/2021 - 05:01:49: [store.smx] Database connection is lost or not yet initialized.
L 01/03/2021 - 05:01:49: [store.smx] Database connection is lost or not yet initialized.
L 01/03/2021 - 05:01:49: [store.smx] Database connection is lost or not yet initialized.
L 01/03/2021 - 05:01:49: [tf2_taunts_tf2idb.smx] Failed to initialize taunt cache: TF2IDB Not loaded.
L 01/03/2021 - 05:01:49: [tf2_taunts_tf2idb.smx] Halting user interface initialization. Plugin loaded but updater not found.
L 01/03/2021 - 05:01:49: [tf2_taunts_tf2idb.smx] Try using the latest version from here https://github.com/fakuivan/TF2-Taunts-TF2IDB .
L 01/03/2021 - 05:06:21: Error log file session closed.
L 01/03/2021 - 05:15:31: SourceMod error session started
L 01/03/2021 - 05:15:31: Info (map "vsh_castle_siege_unreal_sg1") (file "/home/steamsrv/tf2/tf/addons/sourcemod/logs/errors_20210103.log")
L 01/03/2021 - 05:15:31: [freaks/ff2_1st_set_abilities.ff2] [FF2] Cannot give ammo to weapon tf_weapon_knife (boss )-check your config!
L 01/03/2021 - 05:15:31: [freaks/ff2_1st_set_abilities.ff2] [FF2] Cannot give ammo to weapon tf_weapon_knife (boss )-check your config!
L 01/03/2021 - 05:16:13: [freaks/ff2_1st_set_abilities.ff2] [FF2] Cannot give ammo to weapon tf_weapon_knife (boss )-check your config!
L 01/03/2021 - 05:16:13: [freaks/ff2_1st_set_abilities.ff2] [FF2] Cannot give ammo to weapon tf_weapon_knife (boss )-check your config!
L 01/03/2021 - 05:19:40: [freaks/ff2_1st_set_abilities.ff2] [FF2] Cannot give ammo to weapon tf_weapon_knife (boss )-check your config!
L 01/03/2021 - 05:21:35: [freaks/ff2_1st_set_abilities.ff2] [FF2] Cannot give ammo to weapon tf_weapon_knife (boss )-check your config!
L 01/03/2021 - 05:21:35: [freaks/ff2_1st_set_abilities.ff2] [FF2] Cannot give ammo to weapon tf_weapon_knife (boss )-check your config!
L 01/03/2021 - 05:30:54: [freaks/ff2_1st_set_abilities.ff2] [FF2] Cannot give ammo to weapon tf_weapon_knife (boss )-check your config!
L 01/03/2021 - 05:30:54: [freaks/ff2_1st_set_abilities.ff2] [FF2] Cannot give ammo to weapon tf_weapon_knife (boss )-check your config!
L 01/03/2021 - 05:32:11: [freaks/ff2_1st_set_abilities.ff2] [FF2] Cannot give ammo to weapon tf_weapon_knife (boss )-check your config!
L 01/03/2021 - 05:32:11: [freaks/ff2_1st_set_abilities.ff2] [FF2] Cannot give ammo to weapon tf_weapon_knife (boss )-check your config!
L 01/03/2021 - 05:32:45: [freaks/ff2_1st_set_abilities.ff2] [FF2] Cannot give ammo to weapon tf_weapon_knife (boss )-check your config!
L 01/03/2021 - 05:32:45: [freaks/ff2_1st_set_abilities.ff2] [FF2] Cannot give ammo to weapon tf_weapon_knife (boss )-check your config!
L 01/03/2021 - 05:38:44: Error log file session closed.
L 01/03/2021 - 06:14:20: SourceMod error session started
L 01/03/2021 - 06:14:20: Info (map "vsh_area_54tress_b4") (file "/home/steamsrv/tf2/tf/addons/sourcemod/logs/errors_20210103.log")
L 01/03/2021 - 06:14:20: [freaks/ff2_1st_set_abilities.ff2] [FF2] Cannot give ammo to weapon tf_weapon_knife (boss )-check your config!
L 01/03/2021 - 06:31:05: [SM] Plugin "roundtimer.smx" encountered error 23: Native detected error
L 01/03/2021 - 06:31:05: [SM] Invalid timer handle 30020a09 (error 3) during timer end, displayed function is timer callback, not the stack trace
L 01/03/2021 - 06:31:05: [SM] Unable to call function "Timer_Round" due to above error(s).
L 01/03/2021 - 06:43:25: Error log file session closed.
