L 07/26/2021 - 20:32:04: SourceMod error session started
L 07/26/2021 - 20:32:04: Info (map "arena_lumberyard") (file "/home/frenzoid/TF2_FF2/tf/addons/sourcemod/logs/errors_20210726.log")
L 07/26/2021 - 20:32:04: [tf2attributes.smx] Could not initialize call to CEconItem::SetCustomName
L 07/26/2021 - 20:32:04: [store.smx] Gifts! isn't installed or failed to load. Gifts support will be disabled. Please install Gifts. (http://forums.alliedmods.net/showthread.php?t=175185)
L 07/26/2021 - 20:32:04: [admin-flatfile.smx] Error(s) detected parsing addons/sourcemod/configs/admin_groups.cfg
L 07/26/2021 - 20:32:04: [admin-flatfile.smx]  (line 88) Section beginning without a matching ending
L 07/26/2021 - 20:32:04: [admin-flatfile.smx] Error(s) detected parsing addons/sourcemod/configs/admin_groups.cfg
L 07/26/2021 - 20:32:04: [admin-flatfile.smx]  (line 88) Section beginning without a matching ending
L 07/26/2021 - 20:40:57: [freaks/ff2_1st_set_abilities.ff2] [FF2] Cannot give ammo to weapon tf_weapon_knife (boss )-check your config!
L 07/26/2021 - 20:40:57: [freaks/ff2_1st_set_abilities.ff2] [FF2] Cannot give ammo to weapon tf_weapon_knife (boss )-check your config!
L 07/26/2021 - 20:50:06: [freaks/ff2_1st_set_abilities.ff2] [FF2] Cannot give ammo to weapon tf_weapon_knife (boss )-check your config!
L 07/26/2021 - 20:50:06: [freaks/ff2_1st_set_abilities.ff2] [FF2] Cannot give ammo to weapon tf_weapon_knife (boss )-check your config!
L 07/26/2021 - 20:50:06: [freaks/ff2_1st_set_abilities.ff2] [FF2] Cannot give ammo to weapon tf_weapon_knife (boss )-check your config!
L 07/26/2021 - 20:51:53: [freaks/ff2_1st_set_abilities.ff2] [FF2] Cannot give ammo to weapon tf_weapon_knife (boss )-check your config!
L 07/26/2021 - 20:51:53: [freaks/ff2_1st_set_abilities.ff2] [FF2] Cannot give ammo to weapon tf_weapon_knife (boss )-check your config!
L 07/26/2021 - 21:02:56: Error log file session closed.
L 07/26/2021 - 21:02:56: SourceMod error session started
L 07/26/2021 - 21:02:56: Info (map "vsh_dirtmound_b9") (file "/home/frenzoid/TF2_FF2/tf/addons/sourcemod/logs/errors_20210726.log")
L 07/26/2021 - 21:02:56: [admin-flatfile.smx] Error(s) detected parsing addons/sourcemod/configs/admin_groups.cfg
L 07/26/2021 - 21:02:56: [admin-flatfile.smx]  (line 88) Section beginning without a matching ending
L 07/26/2021 - 21:02:56: [admin-flatfile.smx] Error(s) detected parsing addons/sourcemod/configs/admin_groups.cfg
L 07/26/2021 - 21:02:56: [admin-flatfile.smx]  (line 88) Section beginning without a matching ending
L 07/27/2021 - 01:45:06: Error log file session closed.
