L 07/15/2020 - 00:02:08: SourceMod error session started
L 07/15/2020 - 00:02:08: Info (map "ctf_2fort") (file "/home/steamsrv/tf2/tf/addons/sourcemod/logs/errors_20200715.log")
L 07/15/2020 - 00:02:08: [SM] Exception reported: Array index out-of-bounds (index -1, limit 7)
L 07/15/2020 - 00:02:08: [SM] Blaming: freak_fortress_2.smx
L 07/15/2020 - 00:02:08: [SM] Call stack trace:
L 07/15/2020 - 00:02:08: [SM]   [1] Line 5341, Unofficial Freak Fortress::SetupClientCookies
L 07/15/2020 - 00:02:08: [SM]   [2] Line 9808, Unofficial Freak Fortress::OnClientPostAdminCheck
L 07/15/2020 - 00:02:17: [SM] Exception reported: Array index out-of-bounds (index -1, limit 7)
L 07/15/2020 - 00:02:17: [SM] Blaming: freak_fortress_2.smx
L 07/15/2020 - 00:02:17: [SM] Call stack trace:
L 07/15/2020 - 00:02:17: [SM]   [1] Line 5341, Unofficial Freak Fortress::SetupClientCookies
L 07/15/2020 - 00:02:17: [SM]   [2] Line 9808, Unofficial Freak Fortress::OnClientPostAdminCheck
L 07/15/2020 - 00:07:10: Error log file session closed.
L 07/15/2020 - 00:17:19: SourceMod error session started
L 07/15/2020 - 00:17:19: Info (map "tc_hydro") (file "/home/steamsrv/tf2/tf/addons/sourcemod/logs/errors_20200715.log")
L 07/15/2020 - 00:17:19: [SM] Exception reported: Array index out-of-bounds (index -1, limit 7)
L 07/15/2020 - 00:17:19: [SM] Blaming: freak_fortress_2.smx
L 07/15/2020 - 00:17:19: [SM] Call stack trace:
L 07/15/2020 - 00:17:19: [SM]   [1] Line 5341, Unofficial Freak Fortress::SetupClientCookies
L 07/15/2020 - 00:17:19: [SM]   [2] Line 9808, Unofficial Freak Fortress::OnClientPostAdminCheck
L 07/15/2020 - 00:17:28: [SM] Exception reported: Array index out-of-bounds (index -1, limit 7)
L 07/15/2020 - 00:17:28: [SM] Blaming: freak_fortress_2.smx
L 07/15/2020 - 00:17:28: [SM] Call stack trace:
L 07/15/2020 - 00:17:28: [SM]   [1] Line 5341, Unofficial Freak Fortress::SetupClientCookies
L 07/15/2020 - 00:17:28: [SM]   [2] Line 9808, Unofficial Freak Fortress::OnClientPostAdminCheck
L 07/15/2020 - 00:17:58: Error log file session closed.
