L 08/05/2020 - 00:01:05: SourceMod error session started
L 08/05/2020 - 00:01:05: Info (map "arena_lumberyard") (file "/home/steamsrv/tf2/tf/addons/sourcemod/logs/errors_20200805.log")
L 08/05/2020 - 00:01:05: [tf2attributes.smx] Could not initialize call to CEconItem::SetCustomName
L 08/05/2020 - 00:01:06: [store.smx] Gifts! isn't installed or failed to load. Gifts support will be disabled. Please install Gifts. (http://forums.alliedmods.net/showthread.php?t=175185)
L 08/05/2020 - 00:01:06: [store.smx] Database connection is lost or not yet initialized.
L 08/05/2020 - 00:01:14: Error log file session closed.
L 08/05/2020 - 00:01:14: SourceMod error session started
L 08/05/2020 - 00:01:14: Info (map "arena_lumberyard") (file "/home/steamsrv/tf2/tf/addons/sourcemod/logs/errors_20200805.log")
L 08/05/2020 - 00:01:14: [SM] Fatal error encountered parsing translation file "ff2_1st_set.phrases.txt"
L 08/05/2020 - 00:01:14: [SM] Error (line 0, column 0): Stream failed to open
L 08/05/2020 - 00:09:58: [SM] Plugin "roundtimer.smx" encountered error 23: Native detected error
L 08/05/2020 - 00:09:58: [SM] Invalid timer handle 7f250778 (error 3) during timer end, displayed function is timer callback, not the stack trace
L 08/05/2020 - 00:09:58: [SM] Unable to call function "Timer_Round" due to above error(s).
L 08/05/2020 - 00:18:17: [SM] Plugin "roundtimer.smx" encountered error 23: Native detected error
L 08/05/2020 - 00:18:17: [SM] Invalid timer handle 16d8073b (error 3) during timer end, displayed function is timer callback, not the stack trace
L 08/05/2020 - 00:18:17: [SM] Unable to call function "Timer_Round" due to above error(s).
L 08/05/2020 - 00:26:36: [SM] Plugin "roundtimer.smx" encountered error 23: Native detected error
L 08/05/2020 - 00:26:36: [SM] Invalid timer handle ad05073f (error 3) during timer end, displayed function is timer callback, not the stack trace
L 08/05/2020 - 00:26:36: [SM] Unable to call function "Timer_Round" due to above error(s).
L 08/05/2020 - 00:28:53: [tf2attributes.smx] Could not initialize call to CEconItem::SetCustomName
L 08/05/2020 - 00:28:54: [store.smx] Gifts! isn't installed or failed to load. Gifts support will be disabled. Please install Gifts. (http://forums.alliedmods.net/showthread.php?t=175185)
L 08/05/2020 - 00:28:54: [store.smx] Database connection is lost or not yet initialized.
L 08/05/2020 - 00:28:54: [store.smx] Database connection is lost or not yet initialized.
L 08/05/2020 - 00:28:54: [store.smx] Database connection is lost or not yet initialized.
L 08/05/2020 - 00:39:05: Error log file session closed.
L 08/05/2020 - 00:39:05: SourceMod error session started
L 08/05/2020 - 00:39:05: Info (map "vsh_drejun_v3") (file "/home/steamsrv/tf2/tf/addons/sourcemod/logs/errors_20200805.log")
L 08/05/2020 - 00:39:05: [SM] Fatal error encountered parsing translation file "ff2_1st_set.phrases.txt"
L 08/05/2020 - 00:39:05: [SM] Error (line 0, column 0): Stream failed to open
L 08/05/2020 - 00:48:07: [SM] Plugin "roundtimer.smx" encountered error 23: Native detected error
L 08/05/2020 - 00:48:07: [SM] Invalid timer handle 34a70254 (error 3) during timer end, displayed function is timer callback, not the stack trace
L 08/05/2020 - 00:48:07: [SM] Unable to call function "Timer_Round" due to above error(s).
L 08/05/2020 - 00:56:25: [SM] Plugin "roundtimer.smx" encountered error 23: Native detected error
L 08/05/2020 - 00:56:25: [SM] Invalid timer handle d1db0659 (error 3) during timer end, displayed function is timer callback, not the stack trace
L 08/05/2020 - 00:56:25: [SM] Unable to call function "Timer_Round" due to above error(s).
L 08/05/2020 - 01:06:48: [tf2attributes.smx] Could not initialize call to CEconItem::SetCustomName
L 08/05/2020 - 01:06:48: [store.smx] Gifts! isn't installed or failed to load. Gifts support will be disabled. Please install Gifts. (http://forums.alliedmods.net/showthread.php?t=175185)
L 08/05/2020 - 01:06:48: [store.smx] Database connection is lost or not yet initialized.
L 08/05/2020 - 01:06:48: [store.smx] Database connection is lost or not yet initialized.
L 08/05/2020 - 01:06:48: [store.smx] Database connection is lost or not yet initialized.
L 08/05/2020 - 01:06:48: [store.smx] Database connection is lost or not yet initialized.
L 08/05/2020 - 01:08:17: Error log file session closed.
L 08/05/2020 - 01:08:17: SourceMod error session started
L 08/05/2020 - 01:08:17: Info (map "arena_aerial_72_b2") (file "/home/steamsrv/tf2/tf/addons/sourcemod/logs/errors_20200805.log")
L 08/05/2020 - 01:08:17: [SM] Fatal error encountered parsing translation file "ff2_1st_set.phrases.txt"
L 08/05/2020 - 01:08:17: [SM] Error (line 0, column 0): Stream failed to open
L 08/05/2020 - 01:11:46: [tf2attributes.smx] Could not initialize call to CEconItem::SetCustomName
L 08/05/2020 - 01:11:47: [store.smx] Gifts! isn't installed or failed to load. Gifts support will be disabled. Please install Gifts. (http://forums.alliedmods.net/showthread.php?t=175185)
L 08/05/2020 - 01:11:47: [store.smx] Database connection is lost or not yet initialized.
L 08/05/2020 - 01:11:47: [store.smx] Database connection is lost or not yet initialized.
L 08/05/2020 - 01:11:47: [store.smx] Database connection is lost or not yet initialized.
L 08/05/2020 - 01:11:47: [store.smx] Database connection is lost or not yet initialized.
L 08/05/2020 - 01:14:34: Error log file session closed.
L 08/05/2020 - 01:14:34: SourceMod error session started
L 08/05/2020 - 01:14:34: Info (map "arena_minotaur_b2") (file "/home/steamsrv/tf2/tf/addons/sourcemod/logs/errors_20200805.log")
L 08/05/2020 - 01:14:34: [SM] Fatal error encountered parsing translation file "ff2_1st_set.phrases.txt"
L 08/05/2020 - 01:14:34: [SM] Error (line 0, column 0): Stream failed to open
L 08/05/2020 - 01:27:12: Error log file session closed.
L 08/05/2020 - 01:27:12: SourceMod error session started
L 08/05/2020 - 01:27:12: Info (map "vsh_intrusion_rc2") (file "/home/steamsrv/tf2/tf/addons/sourcemod/logs/errors_20200805.log")
L 08/05/2020 - 01:27:12: [SM] Fatal error encountered parsing translation file "ff2_1st_set.phrases.txt"
L 08/05/2020 - 01:27:12: [SM] Error (line 0, column 0): Stream failed to open
L 08/05/2020 - 01:36:06: [SM] Plugin "roundtimer.smx" encountered error 23: Native detected error
L 08/05/2020 - 01:36:06: [SM] Invalid timer handle c67408f5 (error 3) during timer end, displayed function is timer callback, not the stack trace
L 08/05/2020 - 01:36:06: [SM] Unable to call function "Timer_Round" due to above error(s).
L 08/05/2020 - 01:44:26: [SM] Plugin "roundtimer.smx" encountered error 23: Native detected error
L 08/05/2020 - 01:44:26: [SM] Invalid timer handle 61b5090e (error 3) during timer end, displayed function is timer callback, not the stack trace
L 08/05/2020 - 01:44:26: [SM] Unable to call function "Timer_Round" due to above error(s).
L 08/05/2020 - 01:53:24: [SM] Exception reported: Entity 17 is invalid
L 08/05/2020 - 01:53:24: [SM] Blaming: fc.smx
L 08/05/2020 - 01:53:24: [SM] Call stack trace:
L 08/05/2020 - 01:53:24: [SM]   [0] SDKHook
L 08/05/2020 - 01:53:24: [SM]   [1] Line 391, D:\storage\Dropbox\Sourcemod\nieuw\sourcemod\scripting\fc.sp::Init
L 08/05/2020 - 01:53:24: [SM]   [2] Line 173, D:\storage\Dropbox\Sourcemod\nieuw\sourcemod\scripting\fc.sp::OnPluginStart
L 08/05/2020 - 01:53:24: [SM] Unable to load plugin "fc.smx": Error detected in plugin startup (see error logs)
L 08/05/2020 - 01:53:24: [tf2attributes.smx] Could not initialize call to CEconItem::SetCustomName
L 08/05/2020 - 01:53:24: [store.smx] Gifts! isn't installed or failed to load. Gifts support will be disabled. Please install Gifts. (http://forums.alliedmods.net/showthread.php?t=175185)
L 08/05/2020 - 01:53:24: [store.smx] Database connection is lost or not yet initialized.
L 08/05/2020 - 01:53:24: [store.smx] Database connection is lost or not yet initialized.
L 08/05/2020 - 01:53:24: [store.smx] Database connection is lost or not yet initialized.
L 08/05/2020 - 01:57:57: Error log file session closed.
L 08/05/2020 - 01:57:57: SourceMod error session started
L 08/05/2020 - 01:57:57: Info (map "vsh_drejun_v3") (file "/home/steamsrv/tf2/tf/addons/sourcemod/logs/errors_20200805.log")
L 08/05/2020 - 01:57:57: [SM] Fatal error encountered parsing translation file "ff2_1st_set.phrases.txt"
L 08/05/2020 - 01:57:57: [SM] Error (line 0, column 0): Stream failed to open
L 08/05/2020 - 02:02:51: [tf2attributes.smx] Could not initialize call to CEconItem::SetCustomName
L 08/05/2020 - 02:02:51: [store.smx] Gifts! isn't installed or failed to load. Gifts support will be disabled. Please install Gifts. (http://forums.alliedmods.net/showthread.php?t=175185)
L 08/05/2020 - 02:02:51: [store.smx] Database connection is lost or not yet initialized.
L 08/05/2020 - 02:02:51: [store.smx] Database connection is lost or not yet initialized.
L 08/05/2020 - 02:02:51: [store.smx] Database connection is lost or not yet initialized.
L 08/05/2020 - 02:02:51: [store.smx] Database connection is lost or not yet initialized.
L 08/05/2020 - 02:02:51: [store.smx] Database connection is lost or not yet initialized.
L 08/05/2020 - 02:02:51: [store.smx] Database connection is lost or not yet initialized.
L 08/05/2020 - 02:11:12: [SM] Plugin "roundtimer.smx" encountered error 23: Native detected error
L 08/05/2020 - 02:11:12: [SM] Invalid timer handle 56a0079b (error 3) during timer end, displayed function is timer callback, not the stack trace
L 08/05/2020 - 02:11:12: [SM] Unable to call function "Timer_Round" due to above error(s).
L 08/05/2020 - 02:30:44: Error log file session closed.
L 08/05/2020 - 02:30:44: SourceMod error session started
L 08/05/2020 - 02:30:44: Info (map "vsh_manncohq_v14") (file "/home/steamsrv/tf2/tf/addons/sourcemod/logs/errors_20200805.log")
L 08/05/2020 - 02:30:44: [SM] Fatal error encountered parsing translation file "ff2_1st_set.phrases.txt"
L 08/05/2020 - 02:30:44: [SM] Error (line 0, column 0): Stream failed to open
L 08/05/2020 - 02:41:49: [SM] Plugin "roundtimer.smx" encountered error 23: Native detected error
L 08/05/2020 - 02:41:49: [SM] Invalid timer handle a645084c (error 3) during timer end, displayed function is timer callback, not the stack trace
L 08/05/2020 - 02:41:49: [SM] Unable to call function "Timer_Round" due to above error(s).
L 08/05/2020 - 02:51:25: [SM] Plugin "roundtimer.smx" encountered error 23: Native detected error
L 08/05/2020 - 02:51:25: [SM] Invalid timer handle 3e1c090d (error 3) during timer end, displayed function is timer callback, not the stack trace
L 08/05/2020 - 02:51:25: [SM] Unable to call function "Timer_Round" due to above error(s).
L 08/05/2020 - 15:56:42: Error log file session closed.
L 08/05/2020 - 15:56:43: SourceMod error session started
L 08/05/2020 - 15:56:43: Info (map "arena_lumberyard") (file "/home/steamsrv/tf2/tf/addons/sourcemod/logs/errors_20200805.log")
L 08/05/2020 - 15:56:43: [SM] Fatal error encountered parsing translation file "ff2_1st_set.phrases.txt"
L 08/05/2020 - 15:56:43: [SM] Error (line 0, column 0): Stream failed to open
L 08/05/2020 - 15:59:09: [tf2attributes.smx] Could not initialize call to CEconItem::SetCustomName
L 08/05/2020 - 15:59:10: [store.smx] Gifts! isn't installed or failed to load. Gifts support will be disabled. Please install Gifts. (http://forums.alliedmods.net/showthread.php?t=175185)
L 08/05/2020 - 15:59:10: [store.smx] Database connection is lost or not yet initialized.
L 08/05/2020 - 16:00:11: [tf2attributes.smx] Could not initialize call to CEconItem::SetCustomName
L 08/05/2020 - 16:00:12: [store.smx] Gifts! isn't installed or failed to load. Gifts support will be disabled. Please install Gifts. (http://forums.alliedmods.net/showthread.php?t=175185)
L 08/05/2020 - 16:00:12: [store.smx] Database connection is lost or not yet initialized.
L 08/05/2020 - 16:03:36: [tf2attributes.smx] Could not initialize call to CEconItem::SetCustomName
L 08/05/2020 - 16:03:37: [store.smx] Gifts! isn't installed or failed to load. Gifts support will be disabled. Please install Gifts. (http://forums.alliedmods.net/showthread.php?t=175185)
L 08/05/2020 - 16:03:37: [store.smx] Database connection is lost or not yet initialized.
L 08/05/2020 - 16:06:36: [tf2attributes.smx] Could not initialize call to CEconItem::SetCustomName
L 08/05/2020 - 16:06:37: [store.smx] Gifts! isn't installed or failed to load. Gifts support will be disabled. Please install Gifts. (http://forums.alliedmods.net/showthread.php?t=175185)
L 08/05/2020 - 16:06:37: [store.smx] Database connection is lost or not yet initialized.
L 08/05/2020 - 16:09:43: [tf2attributes.smx] Could not initialize call to CEconItem::SetCustomName
L 08/05/2020 - 16:09:44: [store.smx] Gifts! isn't installed or failed to load. Gifts support will be disabled. Please install Gifts. (http://forums.alliedmods.net/showthread.php?t=175185)
L 08/05/2020 - 16:09:44: [store.smx] Database connection is lost or not yet initialized.
L 08/05/2020 - 16:10:41: [tf2attributes.smx] Could not initialize call to CEconItem::SetCustomName
L 08/05/2020 - 16:10:41: [store.smx] Gifts! isn't installed or failed to load. Gifts support will be disabled. Please install Gifts. (http://forums.alliedmods.net/showthread.php?t=175185)
L 08/05/2020 - 16:10:41: [store.smx] Database connection is lost or not yet initialized.
L 08/05/2020 - 16:10:50: [tf2attributes.smx] Could not initialize call to CEconItem::SetCustomName
L 08/05/2020 - 16:10:50: [store.smx] Gifts! isn't installed or failed to load. Gifts support will be disabled. Please install Gifts. (http://forums.alliedmods.net/showthread.php?t=175185)
L 08/05/2020 - 16:10:50: [store.smx] Database connection is lost or not yet initialized.
L 08/05/2020 - 16:18:02: [tf2attributes.smx] Could not initialize call to CEconItem::SetCustomName
L 08/05/2020 - 16:18:03: [store.smx] Gifts! isn't installed or failed to load. Gifts support will be disabled. Please install Gifts. (http://forums.alliedmods.net/showthread.php?t=175185)
L 08/05/2020 - 16:18:03: [store.smx] Database connection is lost or not yet initialized.
L 08/05/2020 - 16:25:21: [tf2attributes.smx] Could not initialize call to CEconItem::SetCustomName
L 08/05/2020 - 16:25:21: [store.smx] Gifts! isn't installed or failed to load. Gifts support will be disabled. Please install Gifts. (http://forums.alliedmods.net/showthread.php?t=175185)
L 08/05/2020 - 16:25:21: [store.smx] Database connection is lost or not yet initialized.
L 08/05/2020 - 16:33:40: [SM] Plugin "roundtimer.smx" encountered error 23: Native detected error
L 08/05/2020 - 16:33:40: [SM] Invalid timer handle aa0c02ac (error 3) during timer end, displayed function is timer callback, not the stack trace
L 08/05/2020 - 16:33:40: [SM] Unable to call function "Timer_Round" due to above error(s).
L 08/05/2020 - 16:41:58: [SM] Plugin "roundtimer.smx" encountered error 23: Native detected error
L 08/05/2020 - 16:41:58: [SM] Invalid timer handle 3df605b9 (error 3) during timer end, displayed function is timer callback, not the stack trace
L 08/05/2020 - 16:41:58: [SM] Unable to call function "Timer_Round" due to above error(s).
L 08/05/2020 - 18:24:09: Error log file session closed.
L 08/05/2020 - 18:24:09: SourceMod error session started
L 08/05/2020 - 18:24:09: Info (map "arena_lumberyard") (file "/home/steamsrv/tf2/tf/addons/sourcemod/logs/errors_20200805.log")
L 08/05/2020 - 18:24:09: [SM] Fatal error encountered parsing translation file "ff2_1st_set.phrases.txt"
L 08/05/2020 - 18:24:09: [SM] Error (line 0, column 0): Stream failed to open
L 08/05/2020 - 18:26:04: [tf2attributes.smx] Could not initialize call to CEconItem::SetCustomName
L 08/05/2020 - 18:26:04: [store.smx] Gifts! isn't installed or failed to load. Gifts support will be disabled. Please install Gifts. (http://forums.alliedmods.net/showthread.php?t=175185)
L 08/05/2020 - 18:26:04: [store.smx] Database connection is lost or not yet initialized.
L 08/05/2020 - 18:27:52: [tf2attributes.smx] Could not initialize call to CEconItem::SetCustomName
L 08/05/2020 - 18:27:52: [store.smx] Gifts! isn't installed or failed to load. Gifts support will be disabled. Please install Gifts. (http://forums.alliedmods.net/showthread.php?t=175185)
L 08/05/2020 - 18:27:52: [store.smx] Database connection is lost or not yet initialized.
L 08/05/2020 - 18:32:17: [tf2attributes.smx] Could not initialize call to CEconItem::SetCustomName
L 08/05/2020 - 18:32:18: [store.smx] Gifts! isn't installed or failed to load. Gifts support will be disabled. Please install Gifts. (http://forums.alliedmods.net/showthread.php?t=175185)
L 08/05/2020 - 18:32:18: [store.smx] Database connection is lost or not yet initialized.
L 08/05/2020 - 18:34:34: [tf2attributes.smx] Could not initialize call to CEconItem::SetCustomName
L 08/05/2020 - 18:34:34: [store.smx] Gifts! isn't installed or failed to load. Gifts support will be disabled. Please install Gifts. (http://forums.alliedmods.net/showthread.php?t=175185)
L 08/05/2020 - 18:34:34: [store.smx] Database connection is lost or not yet initialized.
L 08/05/2020 - 18:36:47: [tf2attributes.smx] Could not initialize call to CEconItem::SetCustomName
L 08/05/2020 - 18:36:48: [store.smx] Gifts! isn't installed or failed to load. Gifts support will be disabled. Please install Gifts. (http://forums.alliedmods.net/showthread.php?t=175185)
L 08/05/2020 - 18:36:48: [store.smx] Database connection is lost or not yet initialized.
L 08/05/2020 - 18:40:36: [tf2attributes.smx] Could not initialize call to CEconItem::SetCustomName
L 08/05/2020 - 18:40:36: [store.smx] Gifts! isn't installed or failed to load. Gifts support will be disabled. Please install Gifts. (http://forums.alliedmods.net/showthread.php?t=175185)
L 08/05/2020 - 18:40:36: [store.smx] Database connection is lost or not yet initialized.
L 08/05/2020 - 18:41:27: [tf2attributes.smx] Could not initialize call to CEconItem::SetCustomName
L 08/05/2020 - 18:41:28: [store.smx] Gifts! isn't installed or failed to load. Gifts support will be disabled. Please install Gifts. (http://forums.alliedmods.net/showthread.php?t=175185)
L 08/05/2020 - 18:41:28: [store.smx] Database connection is lost or not yet initialized.
L 08/05/2020 - 18:44:41: [SM] Exception reported: Entity 8 is invalid
L 08/05/2020 - 18:44:41: [SM] Blaming: fc.smx
L 08/05/2020 - 18:44:41: [SM] Call stack trace:
L 08/05/2020 - 18:44:41: [SM]   [0] SDKHook
L 08/05/2020 - 18:44:41: [SM]   [1] Line 391, D:\storage\Dropbox\Sourcemod\nieuw\sourcemod\scripting\fc.sp::Init
L 08/05/2020 - 18:44:41: [SM]   [2] Line 173, D:\storage\Dropbox\Sourcemod\nieuw\sourcemod\scripting\fc.sp::OnPluginStart
L 08/05/2020 - 18:44:41: [SM] Unable to load plugin "fc.smx": Error detected in plugin startup (see error logs)
L 08/05/2020 - 18:44:41: [tf2attributes.smx] Could not initialize call to CEconItem::SetCustomName
L 08/05/2020 - 18:44:41: [store.smx] Gifts! isn't installed or failed to load. Gifts support will be disabled. Please install Gifts. (http://forums.alliedmods.net/showthread.php?t=175185)
L 08/05/2020 - 18:44:41: [store.smx] Database connection is lost or not yet initialized.
L 08/05/2020 - 18:44:57: [tf2attributes.smx] Could not initialize call to CEconItem::SetCustomName
L 08/05/2020 - 18:44:57: [store.smx] Gifts! isn't installed or failed to load. Gifts support will be disabled. Please install Gifts. (http://forums.alliedmods.net/showthread.php?t=175185)
L 08/05/2020 - 18:44:57: [store.smx] Database connection is lost or not yet initialized.
L 08/05/2020 - 18:44:57: [store.smx] Database connection is lost or not yet initialized.
L 08/05/2020 - 18:46:05: [tf2attributes.smx] Could not initialize call to CEconItem::SetCustomName
L 08/05/2020 - 18:46:05: [store.smx] Gifts! isn't installed or failed to load. Gifts support will be disabled. Please install Gifts. (http://forums.alliedmods.net/showthread.php?t=175185)
L 08/05/2020 - 18:46:05: [store.smx] Database connection is lost or not yet initialized.
L 08/05/2020 - 18:46:05: [store.smx] Database connection is lost or not yet initialized.
L 08/05/2020 - 18:57:20: Error log file session closed.
L 08/05/2020 - 18:57:20: SourceMod error session started
L 08/05/2020 - 18:57:20: Info (map "vsh_evilrefuge") (file "/home/steamsrv/tf2/tf/addons/sourcemod/logs/errors_20200805.log")
L 08/05/2020 - 18:57:20: [SM] Fatal error encountered parsing translation file "ff2_1st_set.phrases.txt"
L 08/05/2020 - 18:57:20: [SM] Error (line 0, column 0): Stream failed to open
L 08/05/2020 - 19:06:22: [SM] Plugin "roundtimer.smx" encountered error 23: Native detected error
L 08/05/2020 - 19:06:22: [SM] Invalid timer handle 646602ce (error 3) during timer end, displayed function is timer callback, not the stack trace
L 08/05/2020 - 19:06:22: [SM] Unable to call function "Timer_Round" due to above error(s).
L 08/05/2020 - 21:20:20: Error log file session closed.
L 08/05/2020 - 21:20:20: SourceMod error session started
L 08/05/2020 - 21:20:20: Info (map "vsh_megaman6") (file "/home/steamsrv/tf2/tf/addons/sourcemod/logs/errors_20200805.log")
L 08/05/2020 - 21:20:20: [SM] Fatal error encountered parsing translation file "ff2_1st_set.phrases.txt"
L 08/05/2020 - 21:20:20: [SM] Error (line 0, column 0): Stream failed to open
L 08/05/2020 - 21:23:55: [tf2attributes.smx] Could not initialize call to CEconItem::SetCustomName
L 08/05/2020 - 21:23:56: [store.smx] Gifts! isn't installed or failed to load. Gifts support will be disabled. Please install Gifts. (http://forums.alliedmods.net/showthread.php?t=175185)
L 08/05/2020 - 21:23:56: [store.smx] Database connection is lost or not yet initialized.
L 08/05/2020 - 21:25:08: [tf2attributes.smx] Could not initialize call to CEconItem::SetCustomName
L 08/05/2020 - 21:25:09: [store.smx] Gifts! isn't installed or failed to load. Gifts support will be disabled. Please install Gifts. (http://forums.alliedmods.net/showthread.php?t=175185)
L 08/05/2020 - 21:25:09: [store.smx] Database connection is lost or not yet initialized.
L 08/05/2020 - 21:26:21: [tf2attributes.smx] Could not initialize call to CEconItem::SetCustomName
L 08/05/2020 - 21:26:21: [store.smx] Gifts! isn't installed or failed to load. Gifts support will be disabled. Please install Gifts. (http://forums.alliedmods.net/showthread.php?t=175185)
L 08/05/2020 - 21:26:21: [store.smx] Database connection is lost or not yet initialized.
L 08/05/2020 - 21:30:21: [tf2attributes.smx] Could not initialize call to CEconItem::SetCustomName
L 08/05/2020 - 21:30:21: [store.smx] Gifts! isn't installed or failed to load. Gifts support will be disabled. Please install Gifts. (http://forums.alliedmods.net/showthread.php?t=175185)
L 08/05/2020 - 21:30:21: [store.smx] Database connection is lost or not yet initialized.
L 08/05/2020 - 21:53:00: [SM] Plugin "roundtimer.smx" encountered error 23: Native detected error
L 08/05/2020 - 21:53:00: [SM] Invalid timer handle 10c80757 (error 3) during timer end, displayed function is timer callback, not the stack trace
L 08/05/2020 - 21:53:00: [SM] Unable to call function "Timer_Round" due to above error(s).
L 08/05/2020 - 21:53:21: Error log file session closed.
L 08/05/2020 - 21:53:22: SourceMod error session started
L 08/05/2020 - 21:53:22: Info (map "arena_tradeplaza_clean") (file "/home/steamsrv/tf2/tf/addons/sourcemod/logs/errors_20200805.log")
L 08/05/2020 - 21:53:22: [SM] Fatal error encountered parsing translation file "ff2_1st_set.phrases.txt"
L 08/05/2020 - 21:53:22: [SM] Error (line 0, column 0): Stream failed to open
L 08/05/2020 - 21:57:11: [tf2attributes.smx] Could not initialize call to CEconItem::SetCustomName
L 08/05/2020 - 21:57:12: [store.smx] Gifts! isn't installed or failed to load. Gifts support will be disabled. Please install Gifts. (http://forums.alliedmods.net/showthread.php?t=175185)
L 08/05/2020 - 21:57:12: [store.smx] Database connection is lost or not yet initialized.
L 08/05/2020 - 21:57:12: [store.smx] Database connection is lost or not yet initialized.
L 08/05/2020 - 21:57:52: [tf2attributes.smx] Could not initialize call to CEconItem::SetCustomName
L 08/05/2020 - 21:57:52: [store.smx] Gifts! isn't installed or failed to load. Gifts support will be disabled. Please install Gifts. (http://forums.alliedmods.net/showthread.php?t=175185)
L 08/05/2020 - 21:57:52: [store.smx] Database connection is lost or not yet initialized.
L 08/05/2020 - 21:57:53: [store.smx] Database connection is lost or not yet initialized.
L 08/05/2020 - 21:58:27: [tf2attributes.smx] Could not initialize call to CEconItem::SetCustomName
L 08/05/2020 - 21:58:27: [store.smx] Gifts! isn't installed or failed to load. Gifts support will be disabled. Please install Gifts. (http://forums.alliedmods.net/showthread.php?t=175185)
L 08/05/2020 - 21:58:27: [store.smx] Database connection is lost or not yet initialized.
L 08/05/2020 - 21:58:27: [store.smx] Database connection is lost or not yet initialized.
L 08/05/2020 - 22:06:46: [SM] Plugin "roundtimer.smx" encountered error 23: Native detected error
L 08/05/2020 - 22:06:46: [SM] Invalid timer handle fe810701 (error 3) during timer end, displayed function is timer callback, not the stack trace
L 08/05/2020 - 22:06:46: [SM] Unable to call function "Timer_Round" due to above error(s).
L 08/05/2020 - 22:11:33: [tf2attributes.smx] Could not initialize call to CEconItem::SetCustomName
L 08/05/2020 - 22:11:34: [store.smx] Gifts! isn't installed or failed to load. Gifts support will be disabled. Please install Gifts. (http://forums.alliedmods.net/showthread.php?t=175185)
L 08/05/2020 - 22:11:34: [store.smx] Database connection is lost or not yet initialized.
L 08/05/2020 - 22:17:32: [tf2attributes.smx] Could not initialize call to CEconItem::SetCustomName
L 08/05/2020 - 22:17:32: [store.smx] Gifts! isn't installed or failed to load. Gifts support will be disabled. Please install Gifts. (http://forums.alliedmods.net/showthread.php?t=175185)
L 08/05/2020 - 22:17:32: [store.smx] Database connection is lost or not yet initialized.
L 08/05/2020 - 22:25:51: [SM] Plugin "roundtimer.smx" encountered error 23: Native detected error
L 08/05/2020 - 22:25:51: [SM] Invalid timer handle 4e1905ec (error 3) during timer end, displayed function is timer callback, not the stack trace
L 08/05/2020 - 22:25:51: [SM] Unable to call function "Timer_Round" due to above error(s).
L 08/05/2020 - 22:26:12: Error log file session closed.
L 08/05/2020 - 22:26:12: SourceMod error session started
L 08/05/2020 - 22:26:12: Info (map "vsh_skyhigh_resort_b8_sg4") (file "/home/steamsrv/tf2/tf/addons/sourcemod/logs/errors_20200805.log")
L 08/05/2020 - 22:26:12: [SM] Fatal error encountered parsing translation file "ff2_1st_set.phrases.txt"
L 08/05/2020 - 22:26:12: [SM] Error (line 0, column 0): Stream failed to open
L 08/05/2020 - 22:26:56: Error log file session closed.
L 08/05/2020 - 22:26:56: SourceMod error session started
L 08/05/2020 - 22:26:56: Info (map "arena_graveyardbash_v1") (file "/home/steamsrv/tf2/tf/addons/sourcemod/logs/errors_20200805.log")
L 08/05/2020 - 22:26:56: [SM] Fatal error encountered parsing translation file "ff2_1st_set.phrases.txt"
L 08/05/2020 - 22:26:56: [SM] Error (line 0, column 0): Stream failed to open
L 08/05/2020 - 22:30:16: [tf2attributes.smx] Could not initialize call to CEconItem::SetCustomName
L 08/05/2020 - 22:30:17: [store.smx] Gifts! isn't installed or failed to load. Gifts support will be disabled. Please install Gifts. (http://forums.alliedmods.net/showthread.php?t=175185)
L 08/05/2020 - 22:30:17: [store.smx] Database connection is lost or not yet initialized.
L 08/05/2020 - 22:34:41: [tf2attributes.smx] Could not initialize call to CEconItem::SetCustomName
L 08/05/2020 - 22:34:41: [store.smx] Gifts! isn't installed or failed to load. Gifts support will be disabled. Please install Gifts. (http://forums.alliedmods.net/showthread.php?t=175185)
L 08/05/2020 - 22:34:41: [store.smx] Database connection is lost or not yet initialized.
L 08/06/2020 - 02:48:18: Error log file session closed.
