L 12/16/2020 - 00:12:36: SourceMod error session started
L 12/16/2020 - 00:12:36: Info (map "vsh_yammoe_rc3") (file "/home/steamsrv/tf2/tf/addons/sourcemod/logs/errors_20201216.log")
L 12/16/2020 - 00:12:36: [SM] Exception reported: Entity 556 is not valid
L 12/16/2020 - 00:12:36: [SM] Blaming: freaks/shadow93_abilities.ff2
L 12/16/2020 - 00:12:36: [SM] Call stack trace:
L 12/16/2020 - 00:12:36: [SM]   [0] TeleportEntity
L 12/16/2020 - 00:12:36: [SM]   [1] Line 2022, L:\scripting\shadow93_abilities.sp::MoveMarker
L 12/16/2020 - 00:27:50: Error log file session closed.
L 12/16/2020 - 01:38:54: SourceMod error session started
L 12/16/2020 - 01:38:54: Info (map "vsh_egyptyspot_v2") (file "/home/steamsrv/tf2/tf/addons/sourcemod/logs/errors_20201216.log")
L 12/16/2020 - 01:38:54: [tf2attributes.smx] Could not initialize call to CEconItem::SetCustomName
L 12/16/2020 - 01:38:55: [store.smx] Gifts! isn't installed or failed to load. Gifts support will be disabled. Please install Gifts. (http://forums.alliedmods.net/showthread.php?t=175185)
L 12/16/2020 - 01:38:55: [store.smx] Database connection is lost or not yet initialized.
L 12/16/2020 - 01:38:55: [tf2_taunts_tf2idb.smx] Failed to initialize taunt cache: TF2IDB Not loaded.
L 12/16/2020 - 01:38:55: [tf2_taunts_tf2idb.smx] Halting user interface initialization. Plugin loaded but updater not found.
L 12/16/2020 - 01:38:55: [tf2_taunts_tf2idb.smx] Try using the latest version from here https://github.com/fakuivan/TF2-Taunts-TF2IDB .
L 12/16/2020 - 01:39:58: Error log file session closed.
L 12/16/2020 - 01:49:04: SourceMod error session started
L 12/16/2020 - 01:49:04: Info (map "vsh_egyptyspot_v2") (file "/home/steamsrv/tf2/tf/addons/sourcemod/logs/errors_20201216.log")
L 12/16/2020 - 01:49:04: [SM] Plugin "roundtimer.smx" encountered error 23: Native detected error
L 12/16/2020 - 01:49:04: [SM] Invalid timer handle ae20762 (error 3) during timer end, displayed function is timer callback, not the stack trace
L 12/16/2020 - 01:49:04: [SM] Unable to call function "Timer_Round" due to above error(s).
L 12/16/2020 - 01:57:22: [SM] Plugin "roundtimer.smx" encountered error 23: Native detected error
L 12/16/2020 - 01:57:22: [SM] Invalid timer handle 8e09071f (error 3) during timer end, displayed function is timer callback, not the stack trace
L 12/16/2020 - 01:57:22: [SM] Unable to call function "Timer_Round" due to above error(s).
