L 01/23/2021 - 21:28:06: SourceMod error session started
L 01/23/2021 - 21:28:06: Info (map "vsh_chinatown_b3") (file "/home/steamsrv/tf2/tf/addons/sourcemod/logs/errors_20210123.log")
L 01/23/2021 - 21:28:06: [freaks/ff2_1st_set_abilities.ff2] [FF2] Cannot give ammo to weapon tf_weapon_knife (boss )-check your config!
L 01/23/2021 - 21:38:53: [freaks/ff2_1st_set_abilities.ff2] [FF2] Cannot give ammo to weapon tf_weapon_knife (boss )-check your config!
L 01/23/2021 - 21:38:53: [freaks/ff2_1st_set_abilities.ff2] [FF2] Cannot give ammo to weapon tf_weapon_knife (boss )-check your config!
L 01/23/2021 - 21:38:53: [freaks/ff2_1st_set_abilities.ff2] [FF2] Cannot give ammo to weapon tf_weapon_knife (boss )-check your config!
L 01/23/2021 - 21:38:53: [freaks/ff2_1st_set_abilities.ff2] [FF2] Cannot give ammo to weapon tf_weapon_knife (boss )-check your config!
L 01/23/2021 - 21:38:53: [freaks/ff2_1st_set_abilities.ff2] [FF2] Cannot give ammo to weapon tf_weapon_knife (boss )-check your config!
L 01/23/2021 - 21:38:53: [freaks/ff2_1st_set_abilities.ff2] [FF2] Cannot give ammo to weapon tf_weapon_knife (boss )-check your config!
L 01/23/2021 - 21:44:42: Error log file session closed.
L 01/23/2021 - 22:03:22: SourceMod error session started
L 01/23/2021 - 22:03:22: Info (map "vsh_castle_siege_unreal_sg1") (file "/home/steamsrv/tf2/tf/addons/sourcemod/logs/errors_20210123.log")
L 01/23/2021 - 22:03:22: [SM] Exception reported: Property "m_flChargeLevel" not found (entity 371/tf_weapon_builder)
L 01/23/2021 - 22:03:22: [SM] Blaming: freak_fortress_2.smx
L 01/23/2021 - 22:03:22: [SM] Call stack trace:
L 01/23/2021 - 22:03:22: [SM]   [0] GetEntPropFloat
L 01/23/2021 - 22:03:22: [SM]   [1] Line 10427, Unofficial Freak Fortress::ClientTimer
L 01/23/2021 - 22:03:22: [SM] Exception reported: Property "m_flChargeLevel" not found (entity 371/tf_weapon_builder)
L 01/23/2021 - 22:03:22: [SM] Blaming: freak_fortress_2.smx
L 01/23/2021 - 22:03:22: [SM] Call stack trace:
L 01/23/2021 - 22:03:22: [SM]   [0] GetEntPropFloat
L 01/23/2021 - 22:03:22: [SM]   [1] Line 10427, Unofficial Freak Fortress::ClientTimer
L 01/23/2021 - 22:03:22: [SM] Exception reported: Property "m_flChargeLevel" not found (entity 371/tf_weapon_builder)
L 01/23/2021 - 22:03:22: [SM] Blaming: freak_fortress_2.smx
L 01/23/2021 - 22:03:22: [SM] Call stack trace:
L 01/23/2021 - 22:03:22: [SM]   [0] GetEntPropFloat
L 01/23/2021 - 22:03:22: [SM]   [1] Line 10427, Unofficial Freak Fortress::ClientTimer
L 01/23/2021 - 22:03:23: [SM] Exception reported: Property "m_flChargeLevel" not found (entity 371/tf_weapon_builder)
L 01/23/2021 - 22:03:23: [SM] Blaming: freak_fortress_2.smx
L 01/23/2021 - 22:03:23: [SM] Call stack trace:
L 01/23/2021 - 22:03:23: [SM]   [0] GetEntPropFloat
L 01/23/2021 - 22:03:23: [SM]   [1] Line 10427, Unofficial Freak Fortress::ClientTimer
L 01/23/2021 - 22:03:23: [SM] Exception reported: Property "m_flChargeLevel" not found (entity 371/tf_weapon_builder)
L 01/23/2021 - 22:03:23: [SM] Blaming: freak_fortress_2.smx
L 01/23/2021 - 22:03:23: [SM] Call stack trace:
L 01/23/2021 - 22:03:23: [SM]   [0] GetEntPropFloat
L 01/23/2021 - 22:03:23: [SM]   [1] Line 10427, Unofficial Freak Fortress::ClientTimer
L 01/23/2021 - 22:03:23: [SM] Exception reported: Property "m_flChargeLevel" not found (entity 371/tf_weapon_builder)
L 01/23/2021 - 22:03:23: [SM] Blaming: freak_fortress_2.smx
L 01/23/2021 - 22:03:23: [SM] Call stack trace:
L 01/23/2021 - 22:03:23: [SM]   [0] GetEntPropFloat
L 01/23/2021 - 22:03:23: [SM]   [1] Line 10427, Unofficial Freak Fortress::ClientTimer
L 01/23/2021 - 22:03:23: [SM] Exception reported: Property "m_flChargeLevel" not found (entity 371/tf_weapon_builder)
L 01/23/2021 - 22:03:23: [SM] Blaming: freak_fortress_2.smx
L 01/23/2021 - 22:03:23: [SM] Call stack trace:
L 01/23/2021 - 22:03:23: [SM]   [0] GetEntPropFloat
L 01/23/2021 - 22:03:23: [SM]   [1] Line 10427, Unofficial Freak Fortress::ClientTimer
L 01/23/2021 - 22:03:23: [SM] Exception reported: Property "m_flChargeLevel" not found (entity 371/tf_weapon_builder)
L 01/23/2021 - 22:03:23: [SM] Blaming: freak_fortress_2.smx
L 01/23/2021 - 22:03:23: [SM] Call stack trace:
L 01/23/2021 - 22:03:23: [SM]   [0] GetEntPropFloat
L 01/23/2021 - 22:03:23: [SM]   [1] Line 10427, Unofficial Freak Fortress::ClientTimer
L 01/23/2021 - 22:03:24: [SM] Exception reported: Property "m_flChargeLevel" not found (entity 371/tf_weapon_builder)
L 01/23/2021 - 22:03:24: [SM] Blaming: freak_fortress_2.smx
L 01/23/2021 - 22:03:24: [SM] Call stack trace:
L 01/23/2021 - 22:03:24: [SM]   [0] GetEntPropFloat
L 01/23/2021 - 22:03:24: [SM]   [1] Line 10427, Unofficial Freak Fortress::ClientTimer
L 01/23/2021 - 22:03:24: [SM] Exception reported: Property "m_flChargeLevel" not found (entity 371/tf_weapon_builder)
L 01/23/2021 - 22:03:24: [SM] Blaming: freak_fortress_2.smx
L 01/23/2021 - 22:03:24: [SM] Call stack trace:
L 01/23/2021 - 22:03:24: [SM]   [0] GetEntPropFloat
L 01/23/2021 - 22:03:24: [SM]   [1] Line 10427, Unofficial Freak Fortress::ClientTimer
L 01/23/2021 - 22:03:24: [SM] Exception reported: Property "m_flChargeLevel" not found (entity 371/tf_weapon_builder)
L 01/23/2021 - 22:03:24: [SM] Blaming: freak_fortress_2.smx
L 01/23/2021 - 22:03:24: [SM] Call stack trace:
L 01/23/2021 - 22:03:24: [SM]   [0] GetEntPropFloat
L 01/23/2021 - 22:03:24: [SM]   [1] Line 10427, Unofficial Freak Fortress::ClientTimer
L 01/23/2021 - 22:03:24: [SM] Exception reported: Property "m_flChargeLevel" not found (entity 371/tf_weapon_builder)
L 01/23/2021 - 22:03:24: [SM] Blaming: freak_fortress_2.smx
L 01/23/2021 - 22:03:24: [SM] Call stack trace:
L 01/23/2021 - 22:03:24: [SM]   [0] GetEntPropFloat
L 01/23/2021 - 22:03:24: [SM]   [1] Line 10427, Unofficial Freak Fortress::ClientTimer
L 01/23/2021 - 22:20:51: Error log file session closed.
L 01/23/2021 - 22:36:32: SourceMod error session started
L 01/23/2021 - 22:36:32: Info (map "vsh_aquaticbase_b5") (file "/home/steamsrv/tf2/tf/addons/sourcemod/logs/errors_20210123.log")
L 01/23/2021 - 22:36:32: [freaks/ff2_1st_set_abilities.ff2] [FF2] Cannot give ammo to weapon tf_weapon_knife (boss )-check your config!
L 01/23/2021 - 22:36:32: [freaks/ff2_1st_set_abilities.ff2] [FF2] Cannot give ammo to weapon tf_weapon_knife (boss )-check your config!
L 01/23/2021 - 22:36:32: [freaks/ff2_1st_set_abilities.ff2] [FF2] Cannot give ammo to weapon tf_weapon_knife (boss )-check your config!
L 01/23/2021 - 22:36:32: [freaks/ff2_1st_set_abilities.ff2] [FF2] Cannot give ammo to weapon tf_weapon_knife (boss )-check your config!
L 01/23/2021 - 22:39:06: [freaks/ff2_1st_set_abilities.ff2] [FF2] Cannot give ammo to weapon tf_weapon_knife (boss )-check your config!
L 01/23/2021 - 22:39:06: [freaks/ff2_1st_set_abilities.ff2] [FF2] Cannot give ammo to weapon tf_weapon_knife (boss )-check your config!
L 01/23/2021 - 22:39:06: [freaks/ff2_1st_set_abilities.ff2] [FF2] Cannot give ammo to weapon tf_weapon_knife (boss )-check your config!
L 01/23/2021 - 22:39:06: [freaks/ff2_1st_set_abilities.ff2] [FF2] Cannot give ammo to weapon tf_weapon_knife (boss )-check your config!
L 01/23/2021 - 22:39:06: [freaks/ff2_1st_set_abilities.ff2] [FF2] Cannot give ammo to weapon tf_weapon_knife (boss )-check your config!
L 01/23/2021 - 22:39:06: [freaks/ff2_1st_set_abilities.ff2] [FF2] Cannot give ammo to weapon tf_weapon_knife (boss )-check your config!
L 01/23/2021 - 22:39:06: [freaks/ff2_1st_set_abilities.ff2] [FF2] Cannot give ammo to weapon tf_weapon_knife (boss )-check your config!
L 01/23/2021 - 22:39:06: [freaks/ff2_1st_set_abilities.ff2] [FF2] Cannot give ammo to weapon tf_weapon_knife (boss )-check your config!
L 01/23/2021 - 22:53:51: Error log file session closed.
L 01/23/2021 - 23:03:47: SourceMod error session started
L 01/23/2021 - 23:03:47: Info (map "vsh_manncohq_v14") (file "/home/steamsrv/tf2/tf/addons/sourcemod/logs/errors_20210123.log")
L 01/23/2021 - 23:03:47: [freaks/ff2_1st_set_abilities.ff2] [FF2] Cannot give ammo to weapon tf_weapon_knife (boss )-check your config!
L 01/23/2021 - 23:03:47: [freaks/ff2_1st_set_abilities.ff2] [FF2] Cannot give ammo to weapon tf_weapon_knife (boss )-check your config!
L 01/23/2021 - 23:03:47: [freaks/ff2_1st_set_abilities.ff2] [FF2] Cannot give ammo to weapon tf_weapon_knife (boss )-check your config!
L 01/23/2021 - 23:03:47: [freaks/ff2_1st_set_abilities.ff2] [FF2] Cannot give ammo to weapon tf_weapon_knife (boss )-check your config!
L 01/23/2021 - 23:27:24: Error log file session closed.
