L 08/03/2020 - 00:13:00: SourceMod error session started
L 08/03/2020 - 00:13:00: Info (map "arena_lumberyard") (file "/home/steamsrv/tf2/tf/addons/sourcemod/logs/errors_20200803.log")
L 08/03/2020 - 00:13:00: [SM] Fatal error encountered parsing translation file "ff2_1st_set.phrases.txt"
L 08/03/2020 - 00:13:00: [SM] Error (line 0, column 0): Stream failed to open
L 08/03/2020 - 00:21:16: [tf2attributes.smx] Could not initialize call to CEconItem::SetCustomName
L 08/03/2020 - 00:21:17: [store.smx] Gifts! isn't installed or failed to load. Gifts support will be disabled. Please install Gifts. (http://forums.alliedmods.net/showthread.php?t=175185)
L 08/03/2020 - 00:21:17: [store.smx] Database connection is lost or not yet initialized.
L 08/03/2020 - 00:23:37: [tf2attributes.smx] Could not initialize call to CEconItem::SetCustomName
L 08/03/2020 - 00:23:38: [store.smx] Gifts! isn't installed or failed to load. Gifts support will be disabled. Please install Gifts. (http://forums.alliedmods.net/showthread.php?t=175185)
L 08/03/2020 - 00:23:38: [store.smx] Database connection is lost or not yet initialized.
L 08/03/2020 - 00:24:39: [tf2attributes.smx] Could not initialize call to CEconItem::SetCustomName
L 08/03/2020 - 00:24:40: [store.smx] Gifts! isn't installed or failed to load. Gifts support will be disabled. Please install Gifts. (http://forums.alliedmods.net/showthread.php?t=175185)
L 08/03/2020 - 00:24:40: [store.smx] Database connection is lost or not yet initialized.
L 08/03/2020 - 00:29:44: [tf2attributes.smx] Could not initialize call to CEconItem::SetCustomName
L 08/03/2020 - 00:29:44: [store.smx] Gifts! isn't installed or failed to load. Gifts support will be disabled. Please install Gifts. (http://forums.alliedmods.net/showthread.php?t=175185)
L 08/03/2020 - 00:29:44: [store.smx] Database connection is lost or not yet initialized.
L 08/03/2020 - 00:37:31: [tf2attributes.smx] Could not initialize call to CEconItem::SetCustomName
L 08/03/2020 - 00:37:32: [store.smx] Gifts! isn't installed or failed to load. Gifts support will be disabled. Please install Gifts. (http://forums.alliedmods.net/showthread.php?t=175185)
L 08/03/2020 - 00:37:32: [store.smx] Database connection is lost or not yet initialized.
L 08/03/2020 - 00:39:01: [tf2attributes.smx] Could not initialize call to CEconItem::SetCustomName
L 08/03/2020 - 00:39:02: [store.smx] Gifts! isn't installed or failed to load. Gifts support will be disabled. Please install Gifts. (http://forums.alliedmods.net/showthread.php?t=175185)
L 08/03/2020 - 00:39:02: [store.smx] Database connection is lost or not yet initialized.
L 08/03/2020 - 00:40:19: [tf2attributes.smx] Could not initialize call to CEconItem::SetCustomName
L 08/03/2020 - 00:40:19: [store.smx] Gifts! isn't installed or failed to load. Gifts support will be disabled. Please install Gifts. (http://forums.alliedmods.net/showthread.php?t=175185)
L 08/03/2020 - 00:40:19: [store.smx] Database connection is lost or not yet initialized.
L 08/03/2020 - 00:41:29: [tf2attributes.smx] Could not initialize call to CEconItem::SetCustomName
L 08/03/2020 - 00:41:29: [store.smx] Gifts! isn't installed or failed to load. Gifts support will be disabled. Please install Gifts. (http://forums.alliedmods.net/showthread.php?t=175185)
L 08/03/2020 - 00:41:29: [store.smx] Database connection is lost or not yet initialized.
L 08/03/2020 - 00:47:22: [tf2attributes.smx] Could not initialize call to CEconItem::SetCustomName
L 08/03/2020 - 00:47:22: [store.smx] Gifts! isn't installed or failed to load. Gifts support will be disabled. Please install Gifts. (http://forums.alliedmods.net/showthread.php?t=175185)
L 08/03/2020 - 00:47:22: [store.smx] Database connection is lost or not yet initialized.
L 08/03/2020 - 00:47:22: [store.smx] Database connection is lost or not yet initialized.
L 08/03/2020 - 00:47:39: Error log file session closed.
L 08/03/2020 - 00:47:40: SourceMod error session started
L 08/03/2020 - 00:47:40: Info (map "arena_lumberyard") (file "/home/steamsrv/tf2/tf/addons/sourcemod/logs/errors_20200803.log")
L 08/03/2020 - 00:47:40: [SM] Fatal error encountered parsing translation file "ff2_1st_set.phrases.txt"
L 08/03/2020 - 00:47:40: [SM] Error (line 0, column 0): Stream failed to open
L 08/03/2020 - 00:48:46: [tf2attributes.smx] Could not initialize call to CEconItem::SetCustomName
L 08/03/2020 - 00:48:47: [store.smx] Gifts! isn't installed or failed to load. Gifts support will be disabled. Please install Gifts. (http://forums.alliedmods.net/showthread.php?t=175185)
L 08/03/2020 - 00:48:47: [store.smx] Database connection is lost or not yet initialized.
L 08/03/2020 - 00:48:47: [store.smx] Database connection is lost or not yet initialized.
L 08/03/2020 - 00:50:31: [tf2attributes.smx] Could not initialize call to CEconItem::SetCustomName
L 08/03/2020 - 00:50:31: [store.smx] Gifts! isn't installed or failed to load. Gifts support will be disabled. Please install Gifts. (http://forums.alliedmods.net/showthread.php?t=175185)
L 08/03/2020 - 00:50:31: [store.smx] Database connection is lost or not yet initialized.
L 08/03/2020 - 00:50:31: [store.smx] Database connection is lost or not yet initialized.
L 08/03/2020 - 00:51:58: [tf2attributes.smx] Could not initialize call to CEconItem::SetCustomName
L 08/03/2020 - 00:51:58: [store.smx] Gifts! isn't installed or failed to load. Gifts support will be disabled. Please install Gifts. (http://forums.alliedmods.net/showthread.php?t=175185)
L 08/03/2020 - 00:51:58: [store.smx] Database connection is lost or not yet initialized.
L 08/03/2020 - 00:51:58: [store.smx] Database connection is lost or not yet initialized.
L 08/03/2020 - 00:55:14: [tf2attributes.smx] Could not initialize call to CEconItem::SetCustomName
L 08/03/2020 - 00:55:15: [store.smx] Gifts! isn't installed or failed to load. Gifts support will be disabled. Please install Gifts. (http://forums.alliedmods.net/showthread.php?t=175185)
L 08/03/2020 - 00:55:15: [store.smx] Database connection is lost or not yet initialized.
L 08/03/2020 - 00:55:15: [store.smx] Database connection is lost or not yet initialized.
L 08/03/2020 - 00:56:22: [tf2attributes.smx] Could not initialize call to CEconItem::SetCustomName
L 08/03/2020 - 00:56:22: [store.smx] Gifts! isn't installed or failed to load. Gifts support will be disabled. Please install Gifts. (http://forums.alliedmods.net/showthread.php?t=175185)
L 08/03/2020 - 00:56:22: [store.smx] Database connection is lost or not yet initialized.
L 08/03/2020 - 00:56:22: [store.smx] Database connection is lost or not yet initialized.
L 08/03/2020 - 00:56:51: [tf2attributes.smx] Could not initialize call to CEconItem::SetCustomName
L 08/03/2020 - 00:56:52: [store.smx] Gifts! isn't installed or failed to load. Gifts support will be disabled. Please install Gifts. (http://forums.alliedmods.net/showthread.php?t=175185)
L 08/03/2020 - 00:56:52: [store.smx] Database connection is lost or not yet initialized.
L 08/03/2020 - 00:56:52: [store.smx] Database connection is lost or not yet initialized.
L 08/03/2020 - 00:59:18: [tf2attributes.smx] Could not initialize call to CEconItem::SetCustomName
L 08/03/2020 - 00:59:19: [store.smx] Gifts! isn't installed or failed to load. Gifts support will be disabled. Please install Gifts. (http://forums.alliedmods.net/showthread.php?t=175185)
L 08/03/2020 - 00:59:19: [store.smx] Database connection is lost or not yet initialized.
L 08/03/2020 - 00:59:19: [store.smx] Database connection is lost or not yet initialized.
L 08/03/2020 - 01:01:58: [tf2attributes.smx] Could not initialize call to CEconItem::SetCustomName
L 08/03/2020 - 01:01:59: [store.smx] Gifts! isn't installed or failed to load. Gifts support will be disabled. Please install Gifts. (http://forums.alliedmods.net/showthread.php?t=175185)
L 08/03/2020 - 01:01:59: [store.smx] Database connection is lost or not yet initialized.
L 08/03/2020 - 01:01:59: [store.smx] Database connection is lost or not yet initialized.
L 08/03/2020 - 01:02:47: [tf2attributes.smx] Could not initialize call to CEconItem::SetCustomName
L 08/03/2020 - 01:02:48: [store.smx] Gifts! isn't installed or failed to load. Gifts support will be disabled. Please install Gifts. (http://forums.alliedmods.net/showthread.php?t=175185)
L 08/03/2020 - 01:02:48: [store.smx] Database connection is lost or not yet initialized.
L 08/03/2020 - 01:02:48: [store.smx] Database connection is lost or not yet initialized.
L 08/03/2020 - 01:11:58: Error log file session closed.
L 08/03/2020 - 01:11:58: SourceMod error session started
L 08/03/2020 - 01:11:58: Info (map "arena_granary") (file "/home/steamsrv/tf2/tf/addons/sourcemod/logs/errors_20200803.log")
L 08/03/2020 - 01:11:58: [SM] Fatal error encountered parsing translation file "ff2_1st_set.phrases.txt"
L 08/03/2020 - 01:11:58: [SM] Error (line 0, column 0): Stream failed to open
L 08/03/2020 - 01:17:12: SourceMod error session started
L 08/03/2020 - 01:17:12: Info (map "arena_lumberyard") (file "/home/steamsrv/tf2/tf/addons/sourcemod/logs/errors_20200803.log")
L 08/03/2020 - 01:17:12: [tf2attributes.smx] Could not initialize call to CEconItem::SetCustomName
L 08/03/2020 - 01:17:12: [store.smx] Gifts! isn't installed or failed to load. Gifts support will be disabled. Please install Gifts. (http://forums.alliedmods.net/showthread.php?t=175185)
L 08/03/2020 - 01:19:43: [SM] Fatal error encountered parsing translation file "ff2_1st_set.phrases.txt"
L 08/03/2020 - 01:19:43: [SM] Error (line 0, column 0): Stream failed to open
L 08/03/2020 - 01:25:21: [tf2attributes.smx] Could not initialize call to CEconItem::SetCustomName
L 08/03/2020 - 01:25:22: [store.smx] Gifts! isn't installed or failed to load. Gifts support will be disabled. Please install Gifts. (http://forums.alliedmods.net/showthread.php?t=175185)
L 08/03/2020 - 01:25:22: [store.smx] Database connection is lost or not yet initialized.
L 08/03/2020 - 01:25:22: [store.smx] Database connection is lost or not yet initialized.
L 08/03/2020 - 01:26:22: [tf2attributes.smx] Could not initialize call to CEconItem::SetCustomName
L 08/03/2020 - 01:26:22: [store.smx] Gifts! isn't installed or failed to load. Gifts support will be disabled. Please install Gifts. (http://forums.alliedmods.net/showthread.php?t=175185)
L 08/03/2020 - 01:26:22: [store.smx] Database connection is lost or not yet initialized.
L 08/03/2020 - 01:26:22: [store.smx] Database connection is lost or not yet initialized.
L 08/03/2020 - 01:31:42: [tf2attributes.smx] Could not initialize call to CEconItem::SetCustomName
L 08/03/2020 - 01:31:43: [store.smx] Gifts! isn't installed or failed to load. Gifts support will be disabled. Please install Gifts. (http://forums.alliedmods.net/showthread.php?t=175185)
L 08/03/2020 - 01:31:43: [store.smx] Database connection is lost or not yet initialized.
L 08/03/2020 - 01:31:43: [store.smx] Database connection is lost or not yet initialized.
L 08/03/2020 - 01:40:21: [tf2attributes.smx] Could not initialize call to CEconItem::SetCustomName
L 08/03/2020 - 01:40:21: [store.smx] Gifts! isn't installed or failed to load. Gifts support will be disabled. Please install Gifts. (http://forums.alliedmods.net/showthread.php?t=175185)
L 08/03/2020 - 01:40:21: [store.smx] Database connection is lost or not yet initialized.
L 08/03/2020 - 01:40:21: [store.smx] Database connection is lost or not yet initialized.
L 08/03/2020 - 01:50:07: Error log file session closed.
L 08/03/2020 - 01:50:08: SourceMod error session started
L 08/03/2020 - 01:50:08: Info (map "arena_lumberyard") (file "/home/steamsrv/tf2/tf/addons/sourcemod/logs/errors_20200803.log")
L 08/03/2020 - 01:50:08: [SM] Fatal error encountered parsing translation file "ff2_1st_set.phrases.txt"
L 08/03/2020 - 01:50:08: [SM] Error (line 0, column 0): Stream failed to open
L 08/03/2020 - 01:51:48: [tf2attributes.smx] Could not initialize call to CEconItem::SetCustomName
L 08/03/2020 - 01:51:48: [store.smx] Gifts! isn't installed or failed to load. Gifts support will be disabled. Please install Gifts. (http://forums.alliedmods.net/showthread.php?t=175185)
L 08/03/2020 - 01:51:48: [store.smx] Database connection is lost or not yet initialized.
L 08/03/2020 - 01:51:48: [store.smx] Database connection is lost or not yet initialized.
L 08/03/2020 - 01:53:21: [tf2attributes.smx] Could not initialize call to CEconItem::SetCustomName
L 08/03/2020 - 01:53:21: [store.smx] Gifts! isn't installed or failed to load. Gifts support will be disabled. Please install Gifts. (http://forums.alliedmods.net/showthread.php?t=175185)
L 08/03/2020 - 01:53:21: [store.smx] Database connection is lost or not yet initialized.
L 08/03/2020 - 01:53:21: [store.smx] Database connection is lost or not yet initialized.
L 08/03/2020 - 01:55:13: [tf2attributes.smx] Could not initialize call to CEconItem::SetCustomName
L 08/03/2020 - 01:55:14: [store.smx] Gifts! isn't installed or failed to load. Gifts support will be disabled. Please install Gifts. (http://forums.alliedmods.net/showthread.php?t=175185)
L 08/03/2020 - 01:55:14: [store.smx] Database connection is lost or not yet initialized.
L 08/03/2020 - 01:55:14: [store.smx] Database connection is lost or not yet initialized.
L 08/03/2020 - 01:55:51: [tf2attributes.smx] Could not initialize call to CEconItem::SetCustomName
L 08/03/2020 - 01:55:52: [store.smx] Gifts! isn't installed or failed to load. Gifts support will be disabled. Please install Gifts. (http://forums.alliedmods.net/showthread.php?t=175185)
L 08/03/2020 - 01:55:52: [store.smx] Database connection is lost or not yet initialized.
L 08/03/2020 - 01:55:52: [store.smx] Database connection is lost or not yet initialized.
L 08/03/2020 - 01:56:30: [tf2attributes.smx] Could not initialize call to CEconItem::SetCustomName
L 08/03/2020 - 01:56:31: [store.smx] Gifts! isn't installed or failed to load. Gifts support will be disabled. Please install Gifts. (http://forums.alliedmods.net/showthread.php?t=175185)
L 08/03/2020 - 01:56:31: [store.smx] Database connection is lost or not yet initialized.
L 08/03/2020 - 01:56:31: [store.smx] Database connection is lost or not yet initialized.
L 08/03/2020 - 03:16:11: Error log file session closed.
L 08/03/2020 - 03:16:11: SourceMod error session started
L 08/03/2020 - 03:16:11: Info (map "arena_lumberyard") (file "/home/steamsrv/tf2/tf/addons/sourcemod/logs/errors_20200803.log")
L 08/03/2020 - 03:16:11: [SM] Fatal error encountered parsing translation file "ff2_1st_set.phrases.txt"
L 08/03/2020 - 03:16:11: [SM] Error (line 0, column 0): Stream failed to open
L 08/03/2020 - 03:31:18: [SM] Plugin "roundtimer.smx" encountered error 23: Native detected error
L 08/03/2020 - 03:31:18: [SM] Invalid timer handle 1fb1066f (error 3) during timer end, displayed function is timer callback, not the stack trace
L 08/03/2020 - 03:31:18: [SM] Unable to call function "Timer_Round" due to above error(s).
L 08/03/2020 - 03:39:36: [SM] Plugin "roundtimer.smx" encountered error 23: Native detected error
L 08/03/2020 - 03:39:36: [SM] Invalid timer handle afaa0697 (error 3) during timer end, displayed function is timer callback, not the stack trace
L 08/03/2020 - 03:39:36: [SM] Unable to call function "Timer_Round" due to above error(s).
L 08/03/2020 - 03:47:47: Error log file session closed.
L 08/03/2020 - 03:47:47: SourceMod error session started
L 08/03/2020 - 03:47:47: Info (map "vsh_dunger_b2a") (file "/home/steamsrv/tf2/tf/addons/sourcemod/logs/errors_20200803.log")
L 08/03/2020 - 03:47:47: [SM] Fatal error encountered parsing translation file "ff2_1st_set.phrases.txt"
L 08/03/2020 - 03:47:47: [SM] Error (line 0, column 0): Stream failed to open
L 08/03/2020 - 03:57:53: [SM] Plugin "roundtimer.smx" encountered error 23: Native detected error
L 08/03/2020 - 03:57:53: [SM] Invalid timer handle ce4c06d2 (error 3) during timer end, displayed function is timer callback, not the stack trace
L 08/03/2020 - 03:57:53: [SM] Unable to call function "Timer_Round" due to above error(s).
L 08/03/2020 - 11:58:44: Error log file session closed.
L 08/03/2020 - 11:58:44: SourceMod error session started
L 08/03/2020 - 11:58:44: Info (map "vsh_pruvia_v9") (file "/home/steamsrv/tf2/tf/addons/sourcemod/logs/errors_20200803.log")
L 08/03/2020 - 11:58:44: [SM] Fatal error encountered parsing translation file "ff2_1st_set.phrases.txt"
L 08/03/2020 - 11:58:44: [SM] Error (line 0, column 0): Stream failed to open
L 08/03/2020 - 12:09:18: Error log file session closed.
L 08/03/2020 - 12:09:18: SourceMod error session started
L 08/03/2020 - 12:09:18: Info (map "vsh_gyros_v5") (file "/home/steamsrv/tf2/tf/addons/sourcemod/logs/errors_20200803.log")
L 08/03/2020 - 12:09:18: [SM] Fatal error encountered parsing translation file "ff2_1st_set.phrases.txt"
L 08/03/2020 - 12:09:18: [SM] Error (line 0, column 0): Stream failed to open
L 08/03/2020 - 12:17:59: [SM] Plugin "roundtimer.smx" encountered error 23: Native detected error
L 08/03/2020 - 12:17:59: [SM] Invalid timer handle 64a50774 (error 3) during timer end, displayed function is timer callback, not the stack trace
L 08/03/2020 - 12:17:59: [SM] Unable to call function "Timer_Round" due to above error(s).
L 08/03/2020 - 12:19:07: Error log file session closed.
L 08/03/2020 - 12:19:07: SourceMod error session started
L 08/03/2020 - 12:19:07: Info (map "vsh_tranquil_b5") (file "/home/steamsrv/tf2/tf/addons/sourcemod/logs/errors_20200803.log")
L 08/03/2020 - 12:19:07: [SM] Fatal error encountered parsing translation file "ff2_1st_set.phrases.txt"
L 08/03/2020 - 12:19:07: [SM] Error (line 0, column 0): Stream failed to open
L 08/03/2020 - 12:20:06: Error log file session closed.
L 08/03/2020 - 12:20:06: SourceMod error session started
L 08/03/2020 - 12:20:06: Info (map "vsh_Hakurei_Winter_v2") (file "/home/steamsrv/tf2/tf/addons/sourcemod/logs/errors_20200803.log")
L 08/03/2020 - 12:20:06: [SM] Fatal error encountered parsing translation file "ff2_1st_set.phrases.txt"
L 08/03/2020 - 12:20:06: [SM] Error (line 0, column 0): Stream failed to open
L 08/03/2020 - 12:24:38: [tf2attributes.smx] Could not initialize call to CEconItem::SetCustomName
L 08/03/2020 - 12:24:39: [store.smx] Gifts! isn't installed or failed to load. Gifts support will be disabled. Please install Gifts. (http://forums.alliedmods.net/showthread.php?t=175185)
L 08/03/2020 - 12:24:39: [store.smx] Database connection is lost or not yet initialized.
L 08/03/2020 - 12:24:59: Error log file session closed.
L 08/03/2020 - 12:24:59: SourceMod error session started
L 08/03/2020 - 12:24:59: Info (map "vsh_pruvia_v9") (file "/home/steamsrv/tf2/tf/addons/sourcemod/logs/errors_20200803.log")
L 08/03/2020 - 12:24:59: [SM] Fatal error encountered parsing translation file "ff2_1st_set.phrases.txt"
L 08/03/2020 - 12:24:59: [SM] Error (line 0, column 0): Stream failed to open
L 08/03/2020 - 12:27:19: Error log file session closed.
L 08/03/2020 - 12:27:19: SourceMod error session started
L 08/03/2020 - 12:27:19: Info (map "koth_king") (file "/home/steamsrv/tf2/tf/addons/sourcemod/logs/errors_20200803.log")
L 08/03/2020 - 12:27:19: [SM] Fatal error encountered parsing translation file "ff2_1st_set.phrases.txt"
L 08/03/2020 - 12:27:19: [SM] Error (line 0, column 0): Stream failed to open
L 08/03/2020 - 12:28:20: Error log file session closed.
L 08/03/2020 - 12:28:20: SourceMod error session started
L 08/03/2020 - 12:28:20: Info (map "arena_badlands") (file "/home/steamsrv/tf2/tf/addons/sourcemod/logs/errors_20200803.log")
L 08/03/2020 - 12:28:20: [SM] Fatal error encountered parsing translation file "ff2_1st_set.phrases.txt"
L 08/03/2020 - 12:28:20: [SM] Error (line 0, column 0): Stream failed to open
L 08/03/2020 - 12:30:28: Error log file session closed.
L 08/03/2020 - 12:30:28: SourceMod error session started
L 08/03/2020 - 12:30:28: Info (map "vsh_Hakurei_Winter_v2") (file "/home/steamsrv/tf2/tf/addons/sourcemod/logs/errors_20200803.log")
L 08/03/2020 - 12:30:28: [SM] Fatal error encountered parsing translation file "ff2_1st_set.phrases.txt"
L 08/03/2020 - 12:30:28: [SM] Error (line 0, column 0): Stream failed to open
L 08/03/2020 - 12:35:31: Error log file session closed.
L 08/03/2020 - 12:35:31: SourceMod error session started
L 08/03/2020 - 12:35:31: Info (map "vsh_Hakurei_Winter_v2") (file "/home/steamsrv/tf2/tf/addons/sourcemod/logs/errors_20200803.log")
L 08/03/2020 - 12:35:31: [SM] Fatal error encountered parsing translation file "ff2_1st_set.phrases.txt"
L 08/03/2020 - 12:35:31: [SM] Error (line 0, column 0): Stream failed to open
L 08/03/2020 - 12:37:05: Error log file session closed.
L 08/03/2020 - 12:37:05: SourceMod error session started
L 08/03/2020 - 12:37:05: Info (map "vsh_Hakurei_Winter_v2") (file "/home/steamsrv/tf2/tf/addons/sourcemod/logs/errors_20200803.log")
L 08/03/2020 - 12:37:05: [SM] Fatal error encountered parsing translation file "ff2_1st_set.phrases.txt"
L 08/03/2020 - 12:37:05: [SM] Error (line 0, column 0): Stream failed to open
L 08/03/2020 - 12:38:43: Error log file session closed.
L 08/03/2020 - 12:38:43: SourceMod error session started
L 08/03/2020 - 12:38:43: Info (map "vsh_Hakurei_Winter_v2") (file "/home/steamsrv/tf2/tf/addons/sourcemod/logs/errors_20200803.log")
L 08/03/2020 - 12:38:43: [SM] Fatal error encountered parsing translation file "ff2_1st_set.phrases.txt"
L 08/03/2020 - 12:38:43: [SM] Error (line 0, column 0): Stream failed to open
L 08/03/2020 - 12:42:04: Error log file session closed.
L 08/03/2020 - 12:42:04: SourceMod error session started
L 08/03/2020 - 12:42:04: Info (map "vsh_Hakurei_Winter_v2") (file "/home/steamsrv/tf2/tf/addons/sourcemod/logs/errors_20200803.log")
L 08/03/2020 - 12:42:04: [SM] Fatal error encountered parsing translation file "ff2_1st_set.phrases.txt"
L 08/03/2020 - 12:42:04: [SM] Error (line 0, column 0): Stream failed to open
L 08/03/2020 - 12:45:48: Error log file session closed.
L 08/03/2020 - 12:45:48: SourceMod error session started
L 08/03/2020 - 12:45:48: Info (map "vsh_Hakurei_Winter_v2") (file "/home/steamsrv/tf2/tf/addons/sourcemod/logs/errors_20200803.log")
L 08/03/2020 - 12:45:48: [SM] Fatal error encountered parsing translation file "ff2_1st_set.phrases.txt"
L 08/03/2020 - 12:45:48: [SM] Error (line 0, column 0): Stream failed to open
L 08/03/2020 - 12:57:47: [SM] Plugin "roundtimer.smx" encountered error 23: Native detected error
L 08/03/2020 - 12:57:47: [SM] Invalid timer handle 6907060c (error 3) during timer end, displayed function is timer callback, not the stack trace
L 08/03/2020 - 12:57:47: [SM] Unable to call function "Timer_Round" due to above error(s).
L 08/03/2020 - 14:37:43: Error log file session closed.
L 08/03/2020 - 14:37:43: SourceMod error session started
L 08/03/2020 - 14:37:43: Info (map "vsh_Hakurei_Winter_v2") (file "/home/steamsrv/tf2/tf/addons/sourcemod/logs/errors_20200803.log")
L 08/03/2020 - 14:37:43: [SM] Fatal error encountered parsing translation file "ff2_1st_set.phrases.txt"
L 08/03/2020 - 14:37:43: [SM] Error (line 0, column 0): Stream failed to open
L 08/03/2020 - 14:40:53: Error log file session closed.
L 08/03/2020 - 14:40:53: SourceMod error session started
L 08/03/2020 - 14:40:53: Info (map "vsh_Hakurei_Winter_v2") (file "/home/steamsrv/tf2/tf/addons/sourcemod/logs/errors_20200803.log")
L 08/03/2020 - 14:40:53: [SM] Fatal error encountered parsing translation file "ff2_1st_set.phrases.txt"
L 08/03/2020 - 14:40:53: [SM] Error (line 0, column 0): Stream failed to open
L 08/03/2020 - 14:49:36: [SM] Plugin "roundtimer.smx" encountered error 23: Native detected error
L 08/03/2020 - 14:49:36: [SM] Invalid timer handle fba2085f (error 3) during timer end, displayed function is timer callback, not the stack trace
L 08/03/2020 - 14:49:36: [SM] Unable to call function "Timer_Round" due to above error(s).
L 08/03/2020 - 14:57:54: [SM] Plugin "roundtimer.smx" encountered error 23: Native detected error
L 08/03/2020 - 14:57:54: [SM] Invalid timer handle 8d540864 (error 3) during timer end, displayed function is timer callback, not the stack trace
L 08/03/2020 - 14:57:54: [SM] Unable to call function "Timer_Round" due to above error(s).
L 08/03/2020 - 15:06:13: [SM] Plugin "roundtimer.smx" encountered error 23: Native detected error
L 08/03/2020 - 15:06:13: [SM] Invalid timer handle 1d810890 (error 3) during timer end, displayed function is timer callback, not the stack trace
L 08/03/2020 - 15:06:13: [SM] Unable to call function "Timer_Round" due to above error(s).
L 08/03/2020 - 15:14:31: [SM] Plugin "roundtimer.smx" encountered error 23: Native detected error
L 08/03/2020 - 15:14:31: [SM] Invalid timer handle ad76089c (error 3) during timer end, displayed function is timer callback, not the stack trace
L 08/03/2020 - 15:14:31: [SM] Unable to call function "Timer_Round" due to above error(s).
L 08/03/2020 - 15:14:55: Error log file session closed.
L 08/03/2020 - 15:14:55: SourceMod error session started
L 08/03/2020 - 15:14:55: Info (map "vsh_nebula_rc1") (file "/home/steamsrv/tf2/tf/addons/sourcemod/logs/errors_20200803.log")
L 08/03/2020 - 15:14:55: [SM] Fatal error encountered parsing translation file "ff2_1st_set.phrases.txt"
L 08/03/2020 - 15:14:55: [SM] Error (line 0, column 0): Stream failed to open
L 08/03/2020 - 15:23:45: [SM] Plugin "roundtimer.smx" encountered error 23: Native detected error
L 08/03/2020 - 15:23:45: [SM] Invalid timer handle 474508d3 (error 3) during timer end, displayed function is timer callback, not the stack trace
L 08/03/2020 - 15:23:45: [SM] Unable to call function "Timer_Round" due to above error(s).
L 08/03/2020 - 15:25:40: [tf2attributes.smx] Could not initialize call to CEconItem::SetCustomName
L 08/03/2020 - 15:25:40: [store.smx] Gifts! isn't installed or failed to load. Gifts support will be disabled. Please install Gifts. (http://forums.alliedmods.net/showthread.php?t=175185)
L 08/03/2020 - 15:25:40: [store.smx] Database connection is lost or not yet initialized.
L 08/03/2020 - 15:25:40: [store.smx] Database connection is lost or not yet initialized.
L 08/03/2020 - 15:28:14: [tf2attributes.smx] Could not initialize call to CEconItem::SetCustomName
L 08/03/2020 - 15:28:14: [store.smx] Gifts! isn't installed or failed to load. Gifts support will be disabled. Please install Gifts. (http://forums.alliedmods.net/showthread.php?t=175185)
L 08/03/2020 - 15:28:14: [store.smx] Database connection is lost or not yet initialized.
L 08/03/2020 - 15:28:14: [store.smx] Database connection is lost or not yet initialized.
L 08/03/2020 - 15:30:34: Error log file session closed.
L 08/03/2020 - 15:30:34: SourceMod error session started
L 08/03/2020 - 15:30:34: Info (map "vsh_Hakurei_Winter_v2") (file "/home/steamsrv/tf2/tf/addons/sourcemod/logs/errors_20200803.log")
L 08/03/2020 - 15:30:34: [SM] Fatal error encountered parsing translation file "ff2_1st_set.phrases.txt"
L 08/03/2020 - 15:30:34: [SM] Error (line 0, column 0): Stream failed to open
L 08/03/2020 - 15:39:13: [SM] Plugin "roundtimer.smx" encountered error 23: Native detected error
L 08/03/2020 - 15:39:13: [SM] Invalid timer handle 4f9206aa (error 3) during timer end, displayed function is timer callback, not the stack trace
L 08/03/2020 - 15:39:13: [SM] Unable to call function "Timer_Round" due to above error(s).
L 08/03/2020 - 15:42:43: [tf2attributes.smx] Could not initialize call to CEconItem::SetCustomName
L 08/03/2020 - 15:42:44: [store.smx] Gifts! isn't installed or failed to load. Gifts support will be disabled. Please install Gifts. (http://forums.alliedmods.net/showthread.php?t=175185)
L 08/03/2020 - 15:42:44: [store.smx] Database connection is lost or not yet initialized.
L 08/03/2020 - 15:42:44: [store.smx] Database connection is lost or not yet initialized.
L 08/03/2020 - 15:43:20: [SM] Exception reported: Entity 6 is invalid
L 08/03/2020 - 15:43:20: [SM] Blaming: fc.smx
L 08/03/2020 - 15:43:20: [SM] Call stack trace:
L 08/03/2020 - 15:43:20: [SM]   [0] SDKHook
L 08/03/2020 - 15:43:20: [SM]   [1] Line 391, D:\storage\Dropbox\Sourcemod\nieuw\sourcemod\scripting\fc.sp::Init
L 08/03/2020 - 15:43:20: [SM]   [2] Line 173, D:\storage\Dropbox\Sourcemod\nieuw\sourcemod\scripting\fc.sp::OnPluginStart
L 08/03/2020 - 15:43:20: [SM] Unable to load plugin "fc.smx": Error detected in plugin startup (see error logs)
L 08/03/2020 - 15:43:20: [tf2attributes.smx] Could not initialize call to CEconItem::SetCustomName
L 08/03/2020 - 15:43:21: [store.smx] Gifts! isn't installed or failed to load. Gifts support will be disabled. Please install Gifts. (http://forums.alliedmods.net/showthread.php?t=175185)
L 08/03/2020 - 15:43:21: [store.smx] Database connection is lost or not yet initialized.
L 08/03/2020 - 15:43:21: [store.smx] Database connection is lost or not yet initialized.
L 08/03/2020 - 15:47:36: [tf2attributes.smx] Could not initialize call to CEconItem::SetCustomName
L 08/03/2020 - 15:47:37: [store.smx] Gifts! isn't installed or failed to load. Gifts support will be disabled. Please install Gifts. (http://forums.alliedmods.net/showthread.php?t=175185)
L 08/03/2020 - 15:47:37: [store.smx] Database connection is lost or not yet initialized.
L 08/03/2020 - 15:47:37: [store.smx] Database connection is lost or not yet initialized.
L 08/03/2020 - 15:47:37: [store.smx] Database connection is lost or not yet initialized.
L 08/03/2020 - 15:52:08: [tf2attributes.smx] Could not initialize call to CEconItem::SetCustomName
L 08/03/2020 - 15:52:08: [store.smx] Gifts! isn't installed or failed to load. Gifts support will be disabled. Please install Gifts. (http://forums.alliedmods.net/showthread.php?t=175185)
L 08/03/2020 - 15:52:08: [store.smx] Database connection is lost or not yet initialized.
L 08/03/2020 - 15:52:08: [store.smx] Database connection is lost or not yet initialized.
L 08/03/2020 - 15:52:08: [store.smx] Database connection is lost or not yet initialized.
L 08/03/2020 - 15:57:06: [tf2attributes.smx] Could not initialize call to CEconItem::SetCustomName
L 08/03/2020 - 15:57:06: [store.smx] Gifts! isn't installed or failed to load. Gifts support will be disabled. Please install Gifts. (http://forums.alliedmods.net/showthread.php?t=175185)
L 08/03/2020 - 15:57:06: [store.smx] Database connection is lost or not yet initialized.
L 08/03/2020 - 15:57:06: [store.smx] Database connection is lost or not yet initialized.
L 08/03/2020 - 15:57:06: [store.smx] Database connection is lost or not yet initialized.
L 08/03/2020 - 16:00:00: SourceMod error session started
L 08/03/2020 - 16:00:00: Info (map "arena_lumberyard") (file "/home/steamsrv/tf2/tf/addons/sourcemod/logs/errors_20200803.log")
L 08/03/2020 - 16:00:00: [tf2attributes.smx] Could not initialize call to CEconItem::SetCustomName
L 08/03/2020 - 16:00:01: [store.smx] Gifts! isn't installed or failed to load. Gifts support will be disabled. Please install Gifts. (http://forums.alliedmods.net/showthread.php?t=175185)
L 08/03/2020 - 16:02:04: [SM] Fatal error encountered parsing translation file "ff2_1st_set.phrases.txt"
L 08/03/2020 - 16:02:04: [SM] Error (line 0, column 0): Stream failed to open
L 08/03/2020 - 16:05:15: Error log file session closed.
L 08/03/2020 - 16:05:15: SourceMod error session started
L 08/03/2020 - 16:05:15: Info (map "vsh_Hakurei_Winter_v2") (file "/home/steamsrv/tf2/tf/addons/sourcemod/logs/errors_20200803.log")
L 08/03/2020 - 16:05:15: [SM] Fatal error encountered parsing translation file "ff2_1st_set.phrases.txt"
L 08/03/2020 - 16:05:15: [SM] Error (line 0, column 0): Stream failed to open
L 08/03/2020 - 16:08:37: [tf2attributes.smx] Could not initialize call to CEconItem::SetCustomName
L 08/03/2020 - 16:08:37: [store.smx] Gifts! isn't installed or failed to load. Gifts support will be disabled. Please install Gifts. (http://forums.alliedmods.net/showthread.php?t=175185)
L 08/03/2020 - 16:08:37: [store.smx] Database connection is lost or not yet initialized.
L 08/03/2020 - 16:08:37: [store.smx] Database connection is lost or not yet initialized.
L 08/03/2020 - 16:08:37: [store.smx] Database connection is lost or not yet initialized.
L 08/03/2020 - 16:12:26: Error log file session closed.
L 08/03/2020 - 16:12:26: SourceMod error session started
L 08/03/2020 - 16:12:26: Info (map "arena_lumberyard") (file "/home/steamsrv/tf2/tf/addons/sourcemod/logs/errors_20200803.log")
L 08/03/2020 - 16:12:26: [SM] Fatal error encountered parsing translation file "ff2_1st_set.phrases.txt"
L 08/03/2020 - 16:12:26: [SM] Error (line 0, column 0): Stream failed to open
L 08/03/2020 - 16:12:27: [tf2attributes.smx] Could not initialize call to CEconItem::SetCustomName
L 08/03/2020 - 16:12:27: [store.smx] Gifts! isn't installed or failed to load. Gifts support will be disabled. Please install Gifts. (http://forums.alliedmods.net/showthread.php?t=175185)
L 08/03/2020 - 16:13:38: [tf2attributes.smx] Could not initialize call to CEconItem::SetCustomName
L 08/03/2020 - 16:13:39: [store.smx] Gifts! isn't installed or failed to load. Gifts support will be disabled. Please install Gifts. (http://forums.alliedmods.net/showthread.php?t=175185)
L 08/03/2020 - 16:13:39: [store.smx] Database connection is lost or not yet initialized.
L 08/03/2020 - 16:13:39: [store.smx] Database connection is lost or not yet initialized.
L 08/03/2020 - 16:13:39: [store.smx] Database connection is lost or not yet initialized.
L 08/03/2020 - 16:14:16: Error log file session closed.
L 08/03/2020 - 16:14:16: SourceMod error session started
L 08/03/2020 - 16:14:16: Info (map "arena_lumberyard") (file "/home/steamsrv/tf2/tf/addons/sourcemod/logs/errors_20200803.log")
L 08/03/2020 - 16:14:16: [SM] Fatal error encountered parsing translation file "ff2_1st_set.phrases.txt"
L 08/03/2020 - 16:14:16: [SM] Error (line 0, column 0): Stream failed to open
L 08/03/2020 - 16:16:51: [tf2attributes.smx] Could not initialize call to CEconItem::SetCustomName
L 08/03/2020 - 16:16:51: [store.smx] Gifts! isn't installed or failed to load. Gifts support will be disabled. Please install Gifts. (http://forums.alliedmods.net/showthread.php?t=175185)
L 08/03/2020 - 16:16:51: [store.smx] Database connection is lost or not yet initialized.
L 08/03/2020 - 16:16:51: [store.smx] Database connection is lost or not yet initialized.
L 08/03/2020 - 16:16:51: [store.smx] Database connection is lost or not yet initialized.
L 08/03/2020 - 16:31:57: SourceMod error session started
L 08/03/2020 - 16:31:57: Info (map "arena_lumberyard") (file "/home/steamsrv/tf2/tf/addons/sourcemod/logs/errors_20200803.log")
L 08/03/2020 - 16:31:57: [tf2attributes.smx] Could not initialize call to CEconItem::SetCustomName
L 08/03/2020 - 16:31:57: [store.smx] Gifts! isn't installed or failed to load. Gifts support will be disabled. Please install Gifts. (http://forums.alliedmods.net/showthread.php?t=175185)
L 08/03/2020 - 16:33:32: [SM] Fatal error encountered parsing translation file "ff2_1st_set.phrases.txt"
L 08/03/2020 - 16:33:32: [SM] Error (line 0, column 0): Stream failed to open
L 08/03/2020 - 16:36:09: Error log file session closed.
L 08/03/2020 - 16:36:09: SourceMod error session started
L 08/03/2020 - 16:36:09: Info (map "vsh_castle_siege_unreal_sg1") (file "/home/steamsrv/tf2/tf/addons/sourcemod/logs/errors_20200803.log")
L 08/03/2020 - 16:36:09: [SM] Fatal error encountered parsing translation file "ff2_1st_set.phrases.txt"
L 08/03/2020 - 16:36:09: [SM] Error (line 0, column 0): Stream failed to open
L 08/03/2020 - 16:36:10: [tf2attributes.smx] Could not initialize call to CEconItem::SetCustomName
L 08/03/2020 - 16:36:11: [store.smx] Gifts! isn't installed or failed to load. Gifts support will be disabled. Please install Gifts. (http://forums.alliedmods.net/showthread.php?t=175185)
L 08/03/2020 - 16:43:49: [tf2attributes.smx] Could not initialize call to CEconItem::SetCustomName
L 08/03/2020 - 16:43:50: [store.smx] Gifts! isn't installed or failed to load. Gifts support will be disabled. Please install Gifts. (http://forums.alliedmods.net/showthread.php?t=175185)
L 08/03/2020 - 16:43:50: [store.smx] Database connection is lost or not yet initialized.
L 08/03/2020 - 16:43:50: [store.smx] Database connection is lost or not yet initialized.
L 08/03/2020 - 16:43:50: [store.smx] Database connection is lost or not yet initialized.
L 08/03/2020 - 16:55:32: [SM] Plugin "roundtimer.smx" encountered error 23: Native detected error
L 08/03/2020 - 16:55:32: [SM] Invalid timer handle fe8c0607 (error 3) during timer end, displayed function is timer callback, not the stack trace
L 08/03/2020 - 16:55:32: [SM] Unable to call function "Timer_Round" due to above error(s).
L 08/03/2020 - 17:38:04: Error log file session closed.
L 08/03/2020 - 17:38:04: SourceMod error session started
L 08/03/2020 - 17:38:04: Info (map "vsh_castle_siege_unreal_sg1") (file "/home/steamsrv/tf2/tf/addons/sourcemod/logs/errors_20200803.log")
L 08/03/2020 - 17:38:04: [SM] Fatal error encountered parsing translation file "ff2_1st_set.phrases.txt"
L 08/03/2020 - 17:38:04: [SM] Error (line 0, column 0): Stream failed to open
L 08/03/2020 - 17:40:20: Error log file session closed.
L 08/03/2020 - 17:40:20: SourceMod error session started
L 08/03/2020 - 17:40:20: Info (map "vsh_tranquil_b5") (file "/home/steamsrv/tf2/tf/addons/sourcemod/logs/errors_20200803.log")
L 08/03/2020 - 17:40:20: [SM] Fatal error encountered parsing translation file "ff2_1st_set.phrases.txt"
L 08/03/2020 - 17:40:20: [SM] Error (line 0, column 0): Stream failed to open
L 08/03/2020 - 17:42:34: [tf2attributes.smx] Could not initialize call to CEconItem::SetCustomName
L 08/03/2020 - 17:42:34: [store.smx] Gifts! isn't installed or failed to load. Gifts support will be disabled. Please install Gifts. (http://forums.alliedmods.net/showthread.php?t=175185)
L 08/03/2020 - 17:42:34: [store.smx] Database connection is lost or not yet initialized.
L 08/03/2020 - 17:50:53: [SM] Plugin "roundtimer.smx" encountered error 23: Native detected error
L 08/03/2020 - 17:50:53: [SM] Invalid timer handle 16570021 (error 3) during timer end, displayed function is timer callback, not the stack trace
L 08/03/2020 - 17:50:53: [SM] Unable to call function "Timer_Round" due to above error(s).
L 08/03/2020 - 17:52:13: [tf2attributes.smx] Could not initialize call to CEconItem::SetCustomName
L 08/03/2020 - 17:52:13: [store.smx] Gifts! isn't installed or failed to load. Gifts support will be disabled. Please install Gifts. (http://forums.alliedmods.net/showthread.php?t=175185)
L 08/03/2020 - 17:52:13: [store.smx] Database connection is lost or not yet initialized.
L 08/03/2020 - 17:58:59: Error log file session closed.
L 08/03/2020 - 17:58:59: SourceMod error session started
L 08/03/2020 - 17:58:59: Info (map "vsh_dunger_b2a") (file "/home/steamsrv/tf2/tf/addons/sourcemod/logs/errors_20200803.log")
L 08/03/2020 - 17:58:59: [SM] Fatal error encountered parsing translation file "ff2_1st_set.phrases.txt"
L 08/03/2020 - 17:58:59: [SM] Error (line 0, column 0): Stream failed to open
L 08/03/2020 - 18:16:02: [SM] Plugin "roundtimer.smx" encountered error 23: Native detected error
L 08/03/2020 - 18:16:02: [SM] Invalid timer handle b44f023a (error 3) during timer end, displayed function is timer callback, not the stack trace
L 08/03/2020 - 18:16:02: [SM] Unable to call function "Timer_Round" due to above error(s).
L 08/03/2020 - 18:24:20: [SM] Plugin "roundtimer.smx" encountered error 23: Native detected error
L 08/03/2020 - 18:24:20: [SM] Invalid timer handle 462f05b7 (error 3) during timer end, displayed function is timer callback, not the stack trace
L 08/03/2020 - 18:24:20: [SM] Unable to call function "Timer_Round" due to above error(s).
L 08/03/2020 - 18:26:27: [tf2attributes.smx] Could not initialize call to CEconItem::SetCustomName
L 08/03/2020 - 18:26:27: [store.smx] Gifts! isn't installed or failed to load. Gifts support will be disabled. Please install Gifts. (http://forums.alliedmods.net/showthread.php?t=175185)
L 08/03/2020 - 18:26:27: [store.smx] Database connection is lost or not yet initialized.
L 08/03/2020 - 18:27:32: [tf2attributes.smx] Could not initialize call to CEconItem::SetCustomName
L 08/03/2020 - 18:27:33: [store.smx] Gifts! isn't installed or failed to load. Gifts support will be disabled. Please install Gifts. (http://forums.alliedmods.net/showthread.php?t=175185)
L 08/03/2020 - 18:27:33: [store.smx] Database connection is lost or not yet initialized.
L 08/03/2020 - 18:35:51: [SM] Plugin "roundtimer.smx" encountered error 23: Native detected error
L 08/03/2020 - 18:35:51: [SM] Invalid timer handle d3c0050 (error 3) during timer end, displayed function is timer callback, not the stack trace
L 08/03/2020 - 18:35:51: [SM] Unable to call function "Timer_Round" due to above error(s).
L 08/03/2020 - 18:36:15: Error log file session closed.
L 08/03/2020 - 18:36:15: SourceMod error session started
L 08/03/2020 - 18:36:15: Info (map "koth_sawmill") (file "/home/steamsrv/tf2/tf/addons/sourcemod/logs/errors_20200803.log")
L 08/03/2020 - 18:36:15: [SM] Fatal error encountered parsing translation file "ff2_1st_set.phrases.txt"
L 08/03/2020 - 18:36:15: [SM] Error (line 0, column 0): Stream failed to open
L 08/03/2020 - 18:48:57: Error log file session closed.
L 08/03/2020 - 18:48:57: SourceMod error session started
L 08/03/2020 - 18:48:57: Info (map "arena_lumberyard") (file "/home/steamsrv/tf2/tf/addons/sourcemod/logs/errors_20200803.log")
L 08/03/2020 - 18:48:57: [SM] Fatal error encountered parsing translation file "ff2_1st_set.phrases.txt"
L 08/03/2020 - 18:48:57: [SM] Error (line 0, column 0): Stream failed to open
L 08/03/2020 - 18:51:48: [tf2attributes.smx] Could not initialize call to CEconItem::SetCustomName
L 08/03/2020 - 18:51:49: [store.smx] Gifts! isn't installed or failed to load. Gifts support will be disabled. Please install Gifts. (http://forums.alliedmods.net/showthread.php?t=175185)
L 08/03/2020 - 18:51:49: [store.smx] Database connection is lost or not yet initialized.
L 08/03/2020 - 18:52:11: [tf2attributes.smx] Could not initialize call to CEconItem::SetCustomName
L 08/03/2020 - 18:52:11: [store.smx] Gifts! isn't installed or failed to load. Gifts support will be disabled. Please install Gifts. (http://forums.alliedmods.net/showthread.php?t=175185)
L 08/03/2020 - 18:52:11: [store.smx] Database connection is lost or not yet initialized.
L 08/03/2020 - 21:17:21: Error log file session closed.
L 08/03/2020 - 21:17:21: SourceMod error session started
L 08/03/2020 - 21:17:21: Info (map "arena_lumberyard") (file "/home/steamsrv/tf2/tf/addons/sourcemod/logs/errors_20200803.log")
L 08/03/2020 - 21:17:21: [SM] Fatal error encountered parsing translation file "ff2_1st_set.phrases.txt"
L 08/03/2020 - 21:17:21: [SM] Error (line 0, column 0): Stream failed to open
L 08/03/2020 - 21:20:59: [tf2attributes.smx] Could not initialize call to CEconItem::SetCustomName
L 08/03/2020 - 21:21:00: [store.smx] Gifts! isn't installed or failed to load. Gifts support will be disabled. Please install Gifts. (http://forums.alliedmods.net/showthread.php?t=175185)
L 08/03/2020 - 21:21:00: [store.smx] Database connection is lost or not yet initialized.
L 08/03/2020 - 21:24:22: Error log file session closed.
L 08/03/2020 - 21:24:22: SourceMod error session started
L 08/03/2020 - 21:24:22: Info (map "vsh_egyptyspot_v2") (file "/home/steamsrv/tf2/tf/addons/sourcemod/logs/errors_20200803.log")
L 08/03/2020 - 21:24:22: [SM] Fatal error encountered parsing translation file "ff2_1st_set.phrases.txt"
L 08/03/2020 - 21:24:22: [SM] Error (line 0, column 0): Stream failed to open
L 08/03/2020 - 21:25:57: [tf2attributes.smx] Could not initialize call to CEconItem::SetCustomName
L 08/03/2020 - 21:25:58: [store.smx] Gifts! isn't installed or failed to load. Gifts support will be disabled. Please install Gifts. (http://forums.alliedmods.net/showthread.php?t=175185)
L 08/03/2020 - 21:25:58: [store.smx] Database connection is lost or not yet initialized.
L 08/03/2020 - 21:26:25: [tf2attributes.smx] Could not initialize call to CEconItem::SetCustomName
L 08/03/2020 - 21:26:25: [store.smx] Gifts! isn't installed or failed to load. Gifts support will be disabled. Please install Gifts. (http://forums.alliedmods.net/showthread.php?t=175185)
L 08/03/2020 - 21:26:25: [store.smx] Database connection is lost or not yet initialized.
L 08/03/2020 - 21:29:57: [tf2attributes.smx] Could not initialize call to CEconItem::SetCustomName
L 08/03/2020 - 21:29:57: [store.smx] Gifts! isn't installed or failed to load. Gifts support will be disabled. Please install Gifts. (http://forums.alliedmods.net/showthread.php?t=175185)
L 08/03/2020 - 21:29:57: [store.smx] Database connection is lost or not yet initialized.
L 08/03/2020 - 21:34:33: [tf2attributes.smx] Could not initialize call to CEconItem::SetCustomName
L 08/03/2020 - 21:34:33: [store.smx] Gifts! isn't installed or failed to load. Gifts support will be disabled. Please install Gifts. (http://forums.alliedmods.net/showthread.php?t=175185)
L 08/03/2020 - 21:34:33: [store.smx] Database connection is lost or not yet initialized.
L 08/03/2020 - 21:46:39: [tf2attributes.smx] Could not initialize call to CEconItem::SetCustomName
L 08/03/2020 - 21:46:39: [store.smx] Gifts! isn't installed or failed to load. Gifts support will be disabled. Please install Gifts. (http://forums.alliedmods.net/showthread.php?t=175185)
L 08/03/2020 - 21:46:39: [store.smx] Database connection is lost or not yet initialized.
L 08/03/2020 - 21:46:39: [store.smx] Database connection is lost or not yet initialized.
L 08/03/2020 - 21:48:09: [tf2attributes.smx] Could not initialize call to CEconItem::SetCustomName
L 08/03/2020 - 21:48:10: [store.smx] Gifts! isn't installed or failed to load. Gifts support will be disabled. Please install Gifts. (http://forums.alliedmods.net/showthread.php?t=175185)
L 08/03/2020 - 21:48:10: [store.smx] Database connection is lost or not yet initialized.
L 08/03/2020 - 21:48:10: [store.smx] Database connection is lost or not yet initialized.
L 08/03/2020 - 21:48:59: [tf2attributes.smx] Could not initialize call to CEconItem::SetCustomName
L 08/03/2020 - 21:49:00: [store.smx] Gifts! isn't installed or failed to load. Gifts support will be disabled. Please install Gifts. (http://forums.alliedmods.net/showthread.php?t=175185)
L 08/03/2020 - 21:49:00: [store.smx] Database connection is lost or not yet initialized.
L 08/03/2020 - 21:49:00: [store.smx] Database connection is lost or not yet initialized.
L 08/03/2020 - 21:57:26: Error log file session closed.
L 08/03/2020 - 21:57:26: SourceMod error session started
L 08/03/2020 - 21:57:26: Info (map "koth_moonshine_event") (file "/home/steamsrv/tf2/tf/addons/sourcemod/logs/errors_20200803.log")
L 08/03/2020 - 21:57:26: [SM] Fatal error encountered parsing translation file "ff2_1st_set.phrases.txt"
L 08/03/2020 - 21:57:26: [SM] Error (line 0, column 0): Stream failed to open
L 08/03/2020 - 21:58:50: Error log file session closed.
L 08/03/2020 - 21:58:50: SourceMod error session started
L 08/03/2020 - 21:58:50: Info (map "arena_sawmill") (file "/home/steamsrv/tf2/tf/addons/sourcemod/logs/errors_20200803.log")
L 08/03/2020 - 21:58:50: [SM] Fatal error encountered parsing translation file "ff2_1st_set.phrases.txt"
L 08/03/2020 - 21:58:50: [SM] Error (line 0, column 0): Stream failed to open
L 08/03/2020 - 22:07:33: [SM] Plugin "roundtimer.smx" encountered error 23: Native detected error
L 08/03/2020 - 22:07:33: [SM] Invalid timer handle ee430041 (error 3) during timer end, displayed function is timer callback, not the stack trace
L 08/03/2020 - 22:07:33: [SM] Unable to call function "Timer_Round" due to above error(s).
L 08/03/2020 - 22:15:51: [SM] Plugin "roundtimer.smx" encountered error 23: Native detected error
L 08/03/2020 - 22:15:51: [SM] Invalid timer handle 7e410618 (error 3) during timer end, displayed function is timer callback, not the stack trace
L 08/03/2020 - 22:15:51: [SM] Unable to call function "Timer_Round" due to above error(s).
L 08/03/2020 - 22:24:10: [SM] Plugin "roundtimer.smx" encountered error 23: Native detected error
L 08/03/2020 - 22:24:10: [SM] Invalid timer handle e3505b0 (error 3) during timer end, displayed function is timer callback, not the stack trace
L 08/03/2020 - 22:24:10: [SM] Unable to call function "Timer_Round" due to above error(s).
L 08/04/2020 - 06:29:13: Error log file session closed.
