L 02/21/2021 - 21:02:03: SourceMod error session started
L 02/21/2021 - 21:02:03: Info (map "vsh_dirtmound_b9") (file "/home/steamsrv/tf2/tf/addons/sourcemod/logs/errors_20210221.log")
L 02/21/2021 - 21:02:03: [SM] Plugin "roundtimer.smx" encountered error 23: Native detected error
L 02/21/2021 - 21:02:03: [SM] Invalid timer handle 2086250e (error 3) during timer end, displayed function is timer callback, not the stack trace
L 02/21/2021 - 21:02:03: [SM] Unable to call function "Timer_Round" due to above error(s).
L 02/21/2021 - 21:09:31: [tf2attributes.smx] Could not initialize call to CEconItem::SetCustomName
L 02/21/2021 - 21:09:32: [store.smx] Gifts! isn't installed or failed to load. Gifts support will be disabled. Please install Gifts. (http://forums.alliedmods.net/showthread.php?t=175185)
L 02/21/2021 - 21:09:32: [store.smx] Database connection is lost or not yet initialized.
L 02/21/2021 - 21:09:32: [store.smx] Database connection is lost or not yet initialized.
L 02/21/2021 - 21:12:51: [tf2attributes.smx] Could not initialize call to CEconItem::SetCustomName
L 02/21/2021 - 21:12:51: [store.smx] Gifts! isn't installed or failed to load. Gifts support will be disabled. Please install Gifts. (http://forums.alliedmods.net/showthread.php?t=175185)
L 02/21/2021 - 21:12:51: [store.smx] Database connection is lost or not yet initialized.
L 02/21/2021 - 21:12:51: [store.smx] Database connection is lost or not yet initialized.
L 02/21/2021 - 21:14:52: [tf2attributes.smx] Could not initialize call to CEconItem::SetCustomName
L 02/21/2021 - 21:14:52: [store.smx] Gifts! isn't installed or failed to load. Gifts support will be disabled. Please install Gifts. (http://forums.alliedmods.net/showthread.php?t=175185)
L 02/21/2021 - 21:14:52: [store.smx] Database connection is lost or not yet initialized.
L 02/21/2021 - 21:14:52: [store.smx] Database connection is lost or not yet initialized.
L 02/21/2021 - 21:17:23: [tf2attributes.smx] Could not initialize call to CEconItem::SetCustomName
L 02/21/2021 - 21:17:24: [store.smx] Gifts! isn't installed or failed to load. Gifts support will be disabled. Please install Gifts. (http://forums.alliedmods.net/showthread.php?t=175185)
L 02/21/2021 - 21:17:24: [store.smx] Database connection is lost or not yet initialized.
L 02/21/2021 - 21:17:24: [store.smx] Database connection is lost or not yet initialized.
L 02/21/2021 - 21:19:51: [tf2attributes.smx] Could not initialize call to CEconItem::SetCustomName
L 02/21/2021 - 21:19:51: [store.smx] Gifts! isn't installed or failed to load. Gifts support will be disabled. Please install Gifts. (http://forums.alliedmods.net/showthread.php?t=175185)
L 02/21/2021 - 21:19:51: [store.smx] Database connection is lost or not yet initialized.
L 02/21/2021 - 21:19:51: [store.smx] Database connection is lost or not yet initialized.
L 02/21/2021 - 21:25:12: Error log file session closed.
