L 07/31/2020 - 01:54:49: SourceMod error session started
L 07/31/2020 - 01:54:49: Info (map "arena_lumberyard") (file "/home/steamsrv/tf2/tf/addons/sourcemod/logs/errors_20200731.log")
L 07/31/2020 - 01:54:49: [SM] Fatal error encountered parsing translation file "ff2_1st_set.phrases.txt"
L 07/31/2020 - 01:54:49: [SM] Error (line 0, column 0): Stream failed to open
L 07/31/2020 - 01:58:12: [tf2attributes.smx] Could not initialize call to CEconItem::SetCustomName
L 07/31/2020 - 01:58:13: [store.smx] Gifts! isn't installed or failed to load. Gifts support will be disabled. Please install Gifts. (http://forums.alliedmods.net/showthread.php?t=175185)
L 07/31/2020 - 01:58:13: [store.smx] Database connection is lost or not yet initialized.
L 07/31/2020 - 02:02:30: [tf2attributes.smx] Could not initialize call to CEconItem::SetCustomName
L 07/31/2020 - 02:02:30: [store.smx] Gifts! isn't installed or failed to load. Gifts support will be disabled. Please install Gifts. (http://forums.alliedmods.net/showthread.php?t=175185)
L 07/31/2020 - 02:02:30: [store.smx] Database connection is lost or not yet initialized.
L 07/31/2020 - 02:10:50: [SM] Plugin "roundtimer.smx" encountered error 23: Native detected error
L 07/31/2020 - 02:10:50: [SM] Invalid timer handle 275905da (error 3) during timer end, displayed function is timer callback, not the stack trace
L 07/31/2020 - 02:10:50: [SM] Unable to call function "Timer_Round" due to above error(s).
L 07/31/2020 - 02:19:08: [SM] Plugin "roundtimer.smx" encountered error 23: Native detected error
L 07/31/2020 - 02:19:08: [SM] Invalid timer handle b75707dc (error 3) during timer end, displayed function is timer callback, not the stack trace
L 07/31/2020 - 02:19:08: [SM] Unable to call function "Timer_Round" due to above error(s).
L 07/31/2020 - 19:31:05: Error log file session closed.
L 07/31/2020 - 19:31:06: SourceMod error session started
L 07/31/2020 - 19:31:06: Info (map "arena_lumberyard") (file "/home/steamsrv/tf2/tf/addons/sourcemod/logs/errors_20200731.log")
L 07/31/2020 - 19:31:06: [SM] Fatal error encountered parsing translation file "ff2_1st_set.phrases.txt"
L 07/31/2020 - 19:31:06: [SM] Error (line 0, column 0): Stream failed to open
L 07/31/2020 - 19:37:23: [tf2attributes.smx] Could not initialize call to CEconItem::SetCustomName
L 07/31/2020 - 19:37:24: [store.smx] Gifts! isn't installed or failed to load. Gifts support will be disabled. Please install Gifts. (http://forums.alliedmods.net/showthread.php?t=175185)
L 07/31/2020 - 19:37:24: [store.smx] Database connection is lost or not yet initialized.
L 07/31/2020 - 19:49:53: [SM] Plugin "roundtimer.smx" encountered error 23: Native detected error
L 07/31/2020 - 19:49:53: [SM] Invalid timer handle 889d0784 (error 3) during timer end, displayed function is timer callback, not the stack trace
L 07/31/2020 - 19:49:53: [SM] Unable to call function "Timer_Round" due to above error(s).
L 07/31/2020 - 19:56:12: [tf2attributes.smx] Could not initialize call to CEconItem::SetCustomName
L 07/31/2020 - 19:56:12: [store.smx] Gifts! isn't installed or failed to load. Gifts support will be disabled. Please install Gifts. (http://forums.alliedmods.net/showthread.php?t=175185)
L 07/31/2020 - 19:56:12: [store.smx] Database connection is lost or not yet initialized.
L 07/31/2020 - 20:03:29: [tf2attributes.smx] Could not initialize call to CEconItem::SetCustomName
L 07/31/2020 - 20:03:29: [store.smx] Gifts! isn't installed or failed to load. Gifts support will be disabled. Please install Gifts. (http://forums.alliedmods.net/showthread.php?t=175185)
L 07/31/2020 - 20:03:29: [store.smx] Database connection is lost or not yet initialized.
L 07/31/2020 - 20:04:06: [tf2attributes.smx] Could not initialize call to CEconItem::SetCustomName
L 07/31/2020 - 20:04:07: [store.smx] Gifts! isn't installed or failed to load. Gifts support will be disabled. Please install Gifts. (http://forums.alliedmods.net/showthread.php?t=175185)
L 07/31/2020 - 20:04:07: [store.smx] Database connection is lost or not yet initialized.
L 07/31/2020 - 20:09:07: [tf2attributes.smx] Could not initialize call to CEconItem::SetCustomName
L 07/31/2020 - 20:09:07: [store.smx] Gifts! isn't installed or failed to load. Gifts support will be disabled. Please install Gifts. (http://forums.alliedmods.net/showthread.php?t=175185)
L 07/31/2020 - 20:09:07: [store.smx] Database connection is lost or not yet initialized.
L 07/31/2020 - 20:09:37: [tf2attributes.smx] Could not initialize call to CEconItem::SetCustomName
L 07/31/2020 - 20:09:38: [store.smx] Gifts! isn't installed or failed to load. Gifts support will be disabled. Please install Gifts. (http://forums.alliedmods.net/showthread.php?t=175185)
L 07/31/2020 - 20:09:38: [store.smx] Database connection is lost or not yet initialized.
L 07/31/2020 - 20:16:34: [tf2attributes.smx] Could not initialize call to CEconItem::SetCustomName
L 07/31/2020 - 20:16:35: [store.smx] Gifts! isn't installed or failed to load. Gifts support will be disabled. Please install Gifts. (http://forums.alliedmods.net/showthread.php?t=175185)
L 07/31/2020 - 20:16:35: [store.smx] Database connection is lost or not yet initialized.
L 07/31/2020 - 20:17:43: [tf2attributes.smx] Could not initialize call to CEconItem::SetCustomName
L 07/31/2020 - 20:17:43: [store.smx] Gifts! isn't installed or failed to load. Gifts support will be disabled. Please install Gifts. (http://forums.alliedmods.net/showthread.php?t=175185)
L 07/31/2020 - 20:17:43: [store.smx] Database connection is lost or not yet initialized.
L 07/31/2020 - 20:20:00: [tf2attributes.smx] Could not initialize call to CEconItem::SetCustomName
L 07/31/2020 - 20:20:00: [store.smx] Gifts! isn't installed or failed to load. Gifts support will be disabled. Please install Gifts. (http://forums.alliedmods.net/showthread.php?t=175185)
L 07/31/2020 - 20:20:00: [store.smx] Database connection is lost or not yet initialized.
L 07/31/2020 - 20:22:42: [tf2attributes.smx] Could not initialize call to CEconItem::SetCustomName
L 07/31/2020 - 20:22:42: [store.smx] Gifts! isn't installed or failed to load. Gifts support will be disabled. Please install Gifts. (http://forums.alliedmods.net/showthread.php?t=175185)
L 07/31/2020 - 20:22:42: [store.smx] Database connection is lost or not yet initialized.
L 07/31/2020 - 20:30:34: [tf2attributes.smx] Could not initialize call to CEconItem::SetCustomName
L 07/31/2020 - 20:30:34: [store.smx] Gifts! isn't installed or failed to load. Gifts support will be disabled. Please install Gifts. (http://forums.alliedmods.net/showthread.php?t=175185)
L 07/31/2020 - 20:30:34: [store.smx] Database connection is lost or not yet initialized.
L 07/31/2020 - 20:38:53: [SM] Plugin "roundtimer.smx" encountered error 23: Native detected error
L 07/31/2020 - 20:38:53: [SM] Invalid timer handle da350742 (error 3) during timer end, displayed function is timer callback, not the stack trace
L 07/31/2020 - 20:38:53: [SM] Unable to call function "Timer_Round" due to above error(s).
L 07/31/2020 - 20:38:58: [tf2attributes.smx] Could not initialize call to CEconItem::SetCustomName
L 07/31/2020 - 20:38:59: [store.smx] Gifts! isn't installed or failed to load. Gifts support will be disabled. Please install Gifts. (http://forums.alliedmods.net/showthread.php?t=175185)
L 07/31/2020 - 20:38:59: [store.smx] Database connection is lost or not yet initialized.
L 07/31/2020 - 20:39:12: Error log file session closed.
L 07/31/2020 - 20:39:13: SourceMod error session started
L 07/31/2020 - 20:39:13: Info (map "arena_lumberyard") (file "/home/steamsrv/tf2/tf/addons/sourcemod/logs/errors_20200731.log")
L 07/31/2020 - 20:39:13: [SM] Fatal error encountered parsing translation file "ff2_1st_set.phrases.txt"
L 07/31/2020 - 20:39:13: [SM] Error (line 0, column 0): Stream failed to open
L 07/31/2020 - 20:45:45: [tf2attributes.smx] Could not initialize call to CEconItem::SetCustomName
L 07/31/2020 - 20:45:45: [store.smx] Gifts! isn't installed or failed to load. Gifts support will be disabled. Please install Gifts. (http://forums.alliedmods.net/showthread.php?t=175185)
L 07/31/2020 - 20:45:45: [store.smx] Database connection is lost or not yet initialized.
L 08/01/2020 - 18:34:56: Error log file session closed.
