L 08/12/2020 - 00:02:37: SourceMod error session started
L 08/12/2020 - 00:02:37: Info (map "arena_lumberyard") (file "/home/steamsrv/tf2/tf/addons/sourcemod/logs/errors_20200812.log")
L 08/12/2020 - 00:02:37: [tf2attributes.smx] Could not initialize call to CEconItem::SetCustomName
L 08/12/2020 - 00:02:38: [store.smx] Gifts! isn't installed or failed to load. Gifts support will be disabled. Please install Gifts. (http://forums.alliedmods.net/showthread.php?t=175185)
L 08/12/2020 - 00:13:11: SourceMod error session started
L 08/12/2020 - 00:13:11: Info (map "arena_lumberyard") (file "/home/steamsrv/tf2/tf/addons/sourcemod/logs/errors_20200812.log")
L 08/12/2020 - 00:13:11: [tf2attributes.smx] Could not initialize call to CEconItem::SetCustomName
L 08/12/2020 - 00:13:11: [store.smx] Gifts! isn't installed or failed to load. Gifts support will be disabled. Please install Gifts. (http://forums.alliedmods.net/showthread.php?t=175185)
L 08/12/2020 - 00:16:50: Error log file session closed.
L 08/12/2020 - 00:19:56: SourceMod error session started
L 08/12/2020 - 00:19:56: Info (map "vsh_absolute_zero_v1_sg2") (file "/home/steamsrv/tf2/tf/addons/sourcemod/logs/errors_20200812.log")
L 08/12/2020 - 00:19:56: [SM] Exception reported: Array index out-of-bounds (index -1, limit 4)
L 08/12/2020 - 00:19:56: [SM] Blaming: freak_fortress_2.smx
L 08/12/2020 - 00:19:56: [SM] Call stack trace:
L 08/12/2020 - 00:19:56: [SM]   [1] Line 17336, Unofficial Freak Fortress::Native_GetBossCharge
L 08/12/2020 - 00:19:56: [SM]   [3] FF2_GetBossCharge
L 08/12/2020 - 00:19:56: [SM]   [4] Line 889, FF2 Subplugin: Bat's Public Pack::FF2_OnAbility2
L 08/12/2020 - 00:19:56: [SM]   [5] Line 52, D:\batfo_qrgut13\Documents\SourceMod 1.9 Compiler\addons\sourcemod\scripting\include\freak_fortress_2_subplugin.inc::FF2_OnAbility
L 08/12/2020 - 00:19:56: [SM]   [7] Call_Finish
L 08/12/2020 - 00:19:56: [SM]   [8] Line 16949, Unofficial Freak Fortress::UseAbility
L 08/12/2020 - 00:19:56: [SM]   [9] Line 11243, Unofficial Freak Fortress::ActivateAbilitySlot
L 08/12/2020 - 00:19:56: [SM]   [10] Line 12183, Unofficial Freak Fortress::OnPlayerHurt
L 08/12/2020 - 00:20:16: [SM] Exception reported: Array index out-of-bounds (index -1, limit 4)
L 08/12/2020 - 00:20:16: [SM] Blaming: freak_fortress_2.smx
L 08/12/2020 - 00:20:16: [SM] Call stack trace:
L 08/12/2020 - 00:20:16: [SM]   [1] Line 17336, Unofficial Freak Fortress::Native_GetBossCharge
L 08/12/2020 - 00:20:16: [SM]   [3] FF2_GetBossCharge
L 08/12/2020 - 00:20:16: [SM]   [4] Line 889, FF2 Subplugin: Bat's Public Pack::FF2_OnAbility2
L 08/12/2020 - 00:20:16: [SM]   [5] Line 52, D:\batfo_qrgut13\Documents\SourceMod 1.9 Compiler\addons\sourcemod\scripting\include\freak_fortress_2_subplugin.inc::FF2_OnAbility
L 08/12/2020 - 00:20:16: [SM]   [7] Call_Finish
L 08/12/2020 - 00:20:16: [SM]   [8] Line 16949, Unofficial Freak Fortress::UseAbility
L 08/12/2020 - 00:20:16: [SM]   [9] Line 11243, Unofficial Freak Fortress::ActivateAbilitySlot
L 08/12/2020 - 00:20:16: [SM]   [10] Line 12183, Unofficial Freak Fortress::OnPlayerHurt
L 08/12/2020 - 00:20:30: [SM] Exception reported: Array index out-of-bounds (index -1, limit 4)
L 08/12/2020 - 00:20:30: [SM] Blaming: freak_fortress_2.smx
L 08/12/2020 - 00:20:30: [SM] Call stack trace:
L 08/12/2020 - 00:20:30: [SM]   [1] Line 17336, Unofficial Freak Fortress::Native_GetBossCharge
L 08/12/2020 - 00:20:30: [SM]   [3] FF2_GetBossCharge
L 08/12/2020 - 00:20:30: [SM]   [4] Line 889, FF2 Subplugin: Bat's Public Pack::FF2_OnAbility2
L 08/12/2020 - 00:20:30: [SM]   [5] Line 52, D:\batfo_qrgut13\Documents\SourceMod 1.9 Compiler\addons\sourcemod\scripting\include\freak_fortress_2_subplugin.inc::FF2_OnAbility
L 08/12/2020 - 00:20:30: [SM]   [7] Call_Finish
L 08/12/2020 - 00:20:30: [SM]   [8] Line 16949, Unofficial Freak Fortress::UseAbility
L 08/12/2020 - 00:20:30: [SM]   [9] Line 11243, Unofficial Freak Fortress::ActivateAbilitySlot
L 08/12/2020 - 00:20:30: [SM]   [10] Line 12183, Unofficial Freak Fortress::OnPlayerHurt
L 08/12/2020 - 00:20:51: [SM] Exception reported: Array index out-of-bounds (index -1, limit 4)
L 08/12/2020 - 00:20:51: [SM] Blaming: freak_fortress_2.smx
L 08/12/2020 - 00:20:51: [SM] Call stack trace:
L 08/12/2020 - 00:20:51: [SM]   [1] Line 17336, Unofficial Freak Fortress::Native_GetBossCharge
L 08/12/2020 - 00:20:51: [SM]   [3] FF2_GetBossCharge
L 08/12/2020 - 00:20:51: [SM]   [4] Line 889, FF2 Subplugin: Bat's Public Pack::FF2_OnAbility2
L 08/12/2020 - 00:20:51: [SM]   [5] Line 52, D:\batfo_qrgut13\Documents\SourceMod 1.9 Compiler\addons\sourcemod\scripting\include\freak_fortress_2_subplugin.inc::FF2_OnAbility
L 08/12/2020 - 00:20:51: [SM]   [7] Call_Finish
L 08/12/2020 - 00:20:51: [SM]   [8] Line 16949, Unofficial Freak Fortress::UseAbility
L 08/12/2020 - 00:20:51: [SM]   [9] Line 11243, Unofficial Freak Fortress::ActivateAbilitySlot
L 08/12/2020 - 00:20:51: [SM]   [10] Line 12183, Unofficial Freak Fortress::OnPlayerHurt
L 08/12/2020 - 00:27:22: Error log file session closed.
L 08/12/2020 - 00:30:44: SourceMod error session started
L 08/12/2020 - 00:30:44: Info (map "vsh_Hakurei_Winter_v2") (file "/home/steamsrv/tf2/tf/addons/sourcemod/logs/errors_20200812.log")
L 08/12/2020 - 00:30:44: [SM] Exception reported: Array index out-of-bounds (index -1, limit 4)
L 08/12/2020 - 00:30:44: [SM] Blaming: freak_fortress_2.smx
L 08/12/2020 - 00:30:44: [SM] Call stack trace:
L 08/12/2020 - 00:30:44: [SM]   [1] Line 17336, Unofficial Freak Fortress::Native_GetBossCharge
L 08/12/2020 - 00:30:44: [SM]   [3] FF2_GetBossCharge
L 08/12/2020 - 00:30:44: [SM]   [4] Line 889, FF2 Subplugin: Bat's Public Pack::FF2_OnAbility2
L 08/12/2020 - 00:30:44: [SM]   [5] Line 52, D:\batfo_qrgut13\Documents\SourceMod 1.9 Compiler\addons\sourcemod\scripting\include\freak_fortress_2_subplugin.inc::FF2_OnAbility
L 08/12/2020 - 00:30:44: [SM]   [7] Call_Finish
L 08/12/2020 - 00:30:44: [SM]   [8] Line 16949, Unofficial Freak Fortress::UseAbility
L 08/12/2020 - 00:30:44: [SM]   [9] Line 11243, Unofficial Freak Fortress::ActivateAbilitySlot
L 08/12/2020 - 00:30:44: [SM]   [10] Line 12183, Unofficial Freak Fortress::OnPlayerHurt
L 08/12/2020 - 00:31:04: [SM] Exception reported: Array index out-of-bounds (index -1, limit 4)
L 08/12/2020 - 00:31:04: [SM] Blaming: freak_fortress_2.smx
L 08/12/2020 - 00:31:04: [SM] Call stack trace:
L 08/12/2020 - 00:31:04: [SM]   [1] Line 17336, Unofficial Freak Fortress::Native_GetBossCharge
L 08/12/2020 - 00:31:04: [SM]   [3] FF2_GetBossCharge
L 08/12/2020 - 00:31:04: [SM]   [4] Line 889, FF2 Subplugin: Bat's Public Pack::FF2_OnAbility2
L 08/12/2020 - 00:31:04: [SM]   [5] Line 52, D:\batfo_qrgut13\Documents\SourceMod 1.9 Compiler\addons\sourcemod\scripting\include\freak_fortress_2_subplugin.inc::FF2_OnAbility
L 08/12/2020 - 00:31:04: [SM]   [7] Call_Finish
L 08/12/2020 - 00:31:04: [SM]   [8] Line 16949, Unofficial Freak Fortress::UseAbility
L 08/12/2020 - 00:31:04: [SM]   [9] Line 11243, Unofficial Freak Fortress::ActivateAbilitySlot
L 08/12/2020 - 00:31:04: [SM]   [10] Line 12183, Unofficial Freak Fortress::OnPlayerHurt
L 08/12/2020 - 00:31:41: [SM] Exception reported: Array index out-of-bounds (index -1, limit 4)
L 08/12/2020 - 00:31:41: [SM] Blaming: freak_fortress_2.smx
L 08/12/2020 - 00:31:41: [SM] Call stack trace:
L 08/12/2020 - 00:31:41: [SM]   [1] Line 17336, Unofficial Freak Fortress::Native_GetBossCharge
L 08/12/2020 - 00:31:41: [SM]   [3] FF2_GetBossCharge
L 08/12/2020 - 00:31:41: [SM]   [4] Line 889, FF2 Subplugin: Bat's Public Pack::FF2_OnAbility2
L 08/12/2020 - 00:31:41: [SM]   [5] Line 52, D:\batfo_qrgut13\Documents\SourceMod 1.9 Compiler\addons\sourcemod\scripting\include\freak_fortress_2_subplugin.inc::FF2_OnAbility
L 08/12/2020 - 00:31:41: [SM]   [7] Call_Finish
L 08/12/2020 - 00:31:41: [SM]   [8] Line 16949, Unofficial Freak Fortress::UseAbility
L 08/12/2020 - 00:31:41: [SM]   [9] Line 11243, Unofficial Freak Fortress::ActivateAbilitySlot
L 08/12/2020 - 00:31:41: [SM]   [10] Line 12183, Unofficial Freak Fortress::OnPlayerHurt
L 08/12/2020 - 00:35:46: [SM] Exception reported: Array index out-of-bounds (index -1, limit 4)
L 08/12/2020 - 00:35:46: [SM] Blaming: freak_fortress_2.smx
L 08/12/2020 - 00:35:46: [SM] Call stack trace:
L 08/12/2020 - 00:35:46: [SM]   [1] Line 17336, Unofficial Freak Fortress::Native_GetBossCharge
L 08/12/2020 - 00:35:46: [SM]   [3] FF2_GetBossCharge
L 08/12/2020 - 00:35:46: [SM]   [4] Line 889, FF2 Subplugin: Bat's Public Pack::FF2_OnAbility2
L 08/12/2020 - 00:35:46: [SM]   [5] Line 52, D:\batfo_qrgut13\Documents\SourceMod 1.9 Compiler\addons\sourcemod\scripting\include\freak_fortress_2_subplugin.inc::FF2_OnAbility
L 08/12/2020 - 00:35:46: [SM]   [7] Call_Finish
L 08/12/2020 - 00:35:46: [SM]   [8] Line 16949, Unofficial Freak Fortress::UseAbility
L 08/12/2020 - 00:35:46: [SM]   [9] Line 11243, Unofficial Freak Fortress::ActivateAbilitySlot
L 08/12/2020 - 00:35:46: [SM]   [10] Line 12183, Unofficial Freak Fortress::OnPlayerHurt
L 08/12/2020 - 00:37:00: [SM] Exception reported: Array index out-of-bounds (index -1, limit 4)
L 08/12/2020 - 00:37:00: [SM] Blaming: freak_fortress_2.smx
L 08/12/2020 - 00:37:00: [SM] Call stack trace:
L 08/12/2020 - 00:37:00: [SM]   [1] Line 17336, Unofficial Freak Fortress::Native_GetBossCharge
L 08/12/2020 - 00:37:00: [SM]   [3] FF2_GetBossCharge
L 08/12/2020 - 00:37:00: [SM]   [4] Line 889, FF2 Subplugin: Bat's Public Pack::FF2_OnAbility2
L 08/12/2020 - 00:37:00: [SM]   [5] Line 52, D:\batfo_qrgut13\Documents\SourceMod 1.9 Compiler\addons\sourcemod\scripting\include\freak_fortress_2_subplugin.inc::FF2_OnAbility
L 08/12/2020 - 00:37:00: [SM]   [7] Call_Finish
L 08/12/2020 - 00:37:00: [SM]   [8] Line 16949, Unofficial Freak Fortress::UseAbility
L 08/12/2020 - 00:37:00: [SM]   [9] Line 11243, Unofficial Freak Fortress::ActivateAbilitySlot
L 08/12/2020 - 00:37:00: [SM]   [10] Line 12183, Unofficial Freak Fortress::OnPlayerHurt
L 08/12/2020 - 00:38:02: [SM] Exception reported: Array index out-of-bounds (index -1, limit 4)
L 08/12/2020 - 00:38:02: [SM] Blaming: freak_fortress_2.smx
L 08/12/2020 - 00:38:02: [SM] Call stack trace:
L 08/12/2020 - 00:38:02: [SM]   [1] Line 17336, Unofficial Freak Fortress::Native_GetBossCharge
L 08/12/2020 - 00:38:02: [SM]   [3] FF2_GetBossCharge
L 08/12/2020 - 00:38:02: [SM]   [4] Line 889, FF2 Subplugin: Bat's Public Pack::FF2_OnAbility2
L 08/12/2020 - 00:38:02: [SM]   [5] Line 52, D:\batfo_qrgut13\Documents\SourceMod 1.9 Compiler\addons\sourcemod\scripting\include\freak_fortress_2_subplugin.inc::FF2_OnAbility
L 08/12/2020 - 00:38:02: [SM]   [7] Call_Finish
L 08/12/2020 - 00:38:02: [SM]   [8] Line 16949, Unofficial Freak Fortress::UseAbility
L 08/12/2020 - 00:38:02: [SM]   [9] Line 11243, Unofficial Freak Fortress::ActivateAbilitySlot
L 08/12/2020 - 00:38:02: [SM]   [10] Line 12183, Unofficial Freak Fortress::OnPlayerHurt
L 08/12/2020 - 00:40:49: [SM] Exception reported: Array index out-of-bounds (index -1, limit 4)
L 08/12/2020 - 00:40:49: [SM] Blaming: freak_fortress_2.smx
L 08/12/2020 - 00:40:49: [SM] Call stack trace:
L 08/12/2020 - 00:40:49: [SM]   [1] Line 17336, Unofficial Freak Fortress::Native_GetBossCharge
L 08/12/2020 - 00:40:49: [SM]   [3] FF2_GetBossCharge
L 08/12/2020 - 00:40:49: [SM]   [4] Line 889, FF2 Subplugin: Bat's Public Pack::FF2_OnAbility2
L 08/12/2020 - 00:40:49: [SM]   [5] Line 52, D:\batfo_qrgut13\Documents\SourceMod 1.9 Compiler\addons\sourcemod\scripting\include\freak_fortress_2_subplugin.inc::FF2_OnAbility
L 08/12/2020 - 00:40:49: [SM]   [7] Call_Finish
L 08/12/2020 - 00:40:49: [SM]   [8] Line 16949, Unofficial Freak Fortress::UseAbility
L 08/12/2020 - 00:40:49: [SM]   [9] Line 11243, Unofficial Freak Fortress::ActivateAbilitySlot
L 08/12/2020 - 00:40:49: [SM]   [10] Line 12183, Unofficial Freak Fortress::OnPlayerHurt
L 08/12/2020 - 00:48:05: [tf2attributes.smx] Could not initialize call to CEconItem::SetCustomName
L 08/12/2020 - 00:48:06: [store.smx] Gifts! isn't installed or failed to load. Gifts support will be disabled. Please install Gifts. (http://forums.alliedmods.net/showthread.php?t=175185)
L 08/12/2020 - 00:48:06: [store.smx] Database connection is lost or not yet initialized.
L 08/12/2020 - 00:48:06: [store.smx] Database connection is lost or not yet initialized.
L 08/12/2020 - 00:53:25: [tf2attributes.smx] Could not initialize call to CEconItem::SetCustomName
L 08/12/2020 - 00:53:26: [store.smx] Gifts! isn't installed or failed to load. Gifts support will be disabled. Please install Gifts. (http://forums.alliedmods.net/showthread.php?t=175185)
L 08/12/2020 - 00:53:26: [store.smx] Database connection is lost or not yet initialized.
L 08/12/2020 - 00:53:26: [store.smx] Database connection is lost or not yet initialized.
L 08/12/2020 - 00:56:07: [tf2attributes.smx] Could not initialize call to CEconItem::SetCustomName
L 08/12/2020 - 00:56:08: [store.smx] Gifts! isn't installed or failed to load. Gifts support will be disabled. Please install Gifts. (http://forums.alliedmods.net/showthread.php?t=175185)
L 08/12/2020 - 00:56:08: [store.smx] Database connection is lost or not yet initialized.
L 08/12/2020 - 00:56:08: [store.smx] Database connection is lost or not yet initialized.
L 08/12/2020 - 00:58:16: [tf2attributes.smx] Could not initialize call to CEconItem::SetCustomName
L 08/12/2020 - 00:58:17: [store.smx] Gifts! isn't installed or failed to load. Gifts support will be disabled. Please install Gifts. (http://forums.alliedmods.net/showthread.php?t=175185)
L 08/12/2020 - 00:58:17: [store.smx] Database connection is lost or not yet initialized.
L 08/12/2020 - 00:58:17: [store.smx] Database connection is lost or not yet initialized.
L 08/12/2020 - 00:58:39: Error log file session closed.
L 08/12/2020 - 01:01:52: SourceMod error session started
L 08/12/2020 - 01:01:52: Info (map "vsh_abandoned_warehouse_final_v3") (file "/home/steamsrv/tf2/tf/addons/sourcemod/logs/errors_20200812.log")
L 08/12/2020 - 01:01:52: [tf2attributes.smx] Could not initialize call to CEconItem::SetCustomName
L 08/12/2020 - 01:01:52: [store.smx] Gifts! isn't installed or failed to load. Gifts support will be disabled. Please install Gifts. (http://forums.alliedmods.net/showthread.php?t=175185)
L 08/12/2020 - 01:01:52: [store.smx] Database connection is lost or not yet initialized.
L 08/12/2020 - 01:01:52: [store.smx] Database connection is lost or not yet initialized.
L 08/12/2020 - 01:03:15: [tf2attributes.smx] Could not initialize call to CEconItem::SetCustomName
L 08/12/2020 - 01:03:16: [store.smx] Gifts! isn't installed or failed to load. Gifts support will be disabled. Please install Gifts. (http://forums.alliedmods.net/showthread.php?t=175185)
L 08/12/2020 - 01:03:16: [store.smx] Database connection is lost or not yet initialized.
L 08/12/2020 - 01:03:16: [store.smx] Database connection is lost or not yet initialized.
L 08/12/2020 - 01:06:24: [tf2attributes.smx] Could not initialize call to CEconItem::SetCustomName
L 08/12/2020 - 01:06:25: [store.smx] Gifts! isn't installed or failed to load. Gifts support will be disabled. Please install Gifts. (http://forums.alliedmods.net/showthread.php?t=175185)
L 08/12/2020 - 01:06:25: [store.smx] Database connection is lost or not yet initialized.
L 08/12/2020 - 01:06:25: [store.smx] Database connection is lost or not yet initialized.
L 08/12/2020 - 01:07:23: Error log file session closed.
L 08/12/2020 - 09:20:59: SourceMod error session started
L 08/12/2020 - 09:20:59: Info (map "vsh_dirtmound_b9") (file "/home/steamsrv/tf2/tf/addons/sourcemod/logs/errors_20200812.log")
L 08/12/2020 - 09:20:59: [SM] Exception reported: Array index out-of-bounds (index -1, limit 4)
L 08/12/2020 - 09:20:59: [SM] Blaming: freak_fortress_2.smx
L 08/12/2020 - 09:20:59: [SM] Call stack trace:
L 08/12/2020 - 09:20:59: [SM]   [1] Line 17336, Unofficial Freak Fortress::Native_GetBossCharge
L 08/12/2020 - 09:20:59: [SM]   [3] FF2_GetBossCharge
L 08/12/2020 - 09:20:59: [SM]   [4] Line 889, FF2 Subplugin: Bat's Public Pack::FF2_OnAbility2
L 08/12/2020 - 09:20:59: [SM]   [5] Line 52, D:\batfo_qrgut13\Documents\SourceMod 1.9 Compiler\addons\sourcemod\scripting\include\freak_fortress_2_subplugin.inc::FF2_OnAbility
L 08/12/2020 - 09:20:59: [SM]   [7] Call_Finish
L 08/12/2020 - 09:20:59: [SM]   [8] Line 16949, Unofficial Freak Fortress::UseAbility
L 08/12/2020 - 09:20:59: [SM]   [9] Line 11243, Unofficial Freak Fortress::ActivateAbilitySlot
L 08/12/2020 - 09:20:59: [SM]   [10] Line 12183, Unofficial Freak Fortress::OnPlayerHurt
L 08/12/2020 - 09:21:57: [SM] Exception reported: Array index out-of-bounds (index -1, limit 4)
L 08/12/2020 - 09:21:57: [SM] Blaming: freak_fortress_2.smx
L 08/12/2020 - 09:21:57: [SM] Call stack trace:
L 08/12/2020 - 09:21:57: [SM]   [1] Line 17336, Unofficial Freak Fortress::Native_GetBossCharge
L 08/12/2020 - 09:21:57: [SM]   [3] FF2_GetBossCharge
L 08/12/2020 - 09:21:57: [SM]   [4] Line 889, FF2 Subplugin: Bat's Public Pack::FF2_OnAbility2
L 08/12/2020 - 09:21:57: [SM]   [5] Line 52, D:\batfo_qrgut13\Documents\SourceMod 1.9 Compiler\addons\sourcemod\scripting\include\freak_fortress_2_subplugin.inc::FF2_OnAbility
L 08/12/2020 - 09:21:57: [SM]   [7] Call_Finish
L 08/12/2020 - 09:21:57: [SM]   [8] Line 16949, Unofficial Freak Fortress::UseAbility
L 08/12/2020 - 09:21:57: [SM]   [9] Line 11243, Unofficial Freak Fortress::ActivateAbilitySlot
L 08/12/2020 - 09:21:57: [SM]   [10] Line 12183, Unofficial Freak Fortress::OnPlayerHurt
L 08/12/2020 - 09:24:02: [SM] Exception reported: Array index out-of-bounds (index -1, limit 4)
L 08/12/2020 - 09:24:02: [SM] Blaming: freak_fortress_2.smx
L 08/12/2020 - 09:24:02: [SM] Call stack trace:
L 08/12/2020 - 09:24:02: [SM]   [1] Line 17336, Unofficial Freak Fortress::Native_GetBossCharge
L 08/12/2020 - 09:24:02: [SM]   [3] FF2_GetBossCharge
L 08/12/2020 - 09:24:02: [SM]   [4] Line 889, FF2 Subplugin: Bat's Public Pack::FF2_OnAbility2
L 08/12/2020 - 09:24:02: [SM]   [5] Line 52, D:\batfo_qrgut13\Documents\SourceMod 1.9 Compiler\addons\sourcemod\scripting\include\freak_fortress_2_subplugin.inc::FF2_OnAbility
L 08/12/2020 - 09:24:02: [SM]   [7] Call_Finish
L 08/12/2020 - 09:24:02: [SM]   [8] Line 16949, Unofficial Freak Fortress::UseAbility
L 08/12/2020 - 09:24:02: [SM]   [9] Line 11243, Unofficial Freak Fortress::ActivateAbilitySlot
L 08/12/2020 - 09:24:02: [SM]   [10] Line 12183, Unofficial Freak Fortress::OnPlayerHurt
L 08/12/2020 - 09:32:24: [SM] Plugin "roundtimer.smx" encountered error 23: Native detected error
L 08/12/2020 - 09:32:24: [SM] Invalid timer handle 594f06da (error 3) during timer end, displayed function is timer callback, not the stack trace
L 08/12/2020 - 09:32:24: [SM] Unable to call function "Timer_Round" due to above error(s).
L 08/12/2020 - 09:53:04: Error log file session closed.
L 08/12/2020 - 09:53:04: SourceMod error session started
L 08/12/2020 - 09:53:04: Info (map "vsh_evilrefuge") (file "/home/steamsrv/tf2/tf/addons/sourcemod/logs/errors_20200812.log")
L 08/12/2020 - 09:53:04: [SM] Fatal error encountered parsing translation file "dmedic.phrases.txt"
L 08/12/2020 - 09:53:04: [SM] Error (line 85, column 150): Un-quoted section has invalid tokens
L 08/12/2020 - 09:54:03: [SM] Exception reported: Language phrase "level" not found (arg 5)
L 08/12/2020 - 09:54:03: [SM] Blaming: freaks/ffbat_blitzkrieg.ff2
L 08/12/2020 - 09:54:03: [SM] Call stack trace:
L 08/12/2020 - 09:54:03: [SM]   [0] Format
L 08/12/2020 - 09:54:03: [SM]   [1] Line 340, FF2 Subplugin: The Blitzkrieg Returns::OnGameFrame
L 08/12/2020 - 09:54:04: [SM] Exception reported: Language phrase "level" not found (arg 5)
L 08/12/2020 - 09:54:04: [SM] Blaming: freaks/ffbat_blitzkrieg.ff2
L 08/12/2020 - 09:54:04: [SM] Call stack trace:
L 08/12/2020 - 09:54:04: [SM]   [0] Format
L 08/12/2020 - 09:54:04: [SM]   [1] Line 340, FF2 Subplugin: The Blitzkrieg Returns::OnGameFrame
L 08/12/2020 - 09:54:06: [SM] Exception reported: Language phrase "level" not found (arg 5)
L 08/12/2020 - 09:54:06: [SM] Blaming: freaks/ffbat_blitzkrieg.ff2
L 08/12/2020 - 09:54:06: [SM] Call stack trace:
L 08/12/2020 - 09:54:06: [SM]   [0] Format
L 08/12/2020 - 09:54:06: [SM]   [1] Line 340, FF2 Subplugin: The Blitzkrieg Returns::OnGameFrame
L 08/12/2020 - 09:54:45: [SM] Exception reported: Language phrase "level" not found (arg 5)
L 08/12/2020 - 09:54:45: [SM] Blaming: freaks/ffbat_blitzkrieg.ff2
L 08/12/2020 - 09:54:45: [SM] Call stack trace:
L 08/12/2020 - 09:54:45: [SM]   [0] Format
L 08/12/2020 - 09:54:45: [SM]   [1] Line 340, FF2 Subplugin: The Blitzkrieg Returns::OnGameFrame
L 08/12/2020 - 09:54:46: [SM] Exception reported: Language phrase "level" not found (arg 5)
L 08/12/2020 - 09:54:46: [SM] Blaming: freaks/ffbat_blitzkrieg.ff2
L 08/12/2020 - 09:54:46: [SM] Call stack trace:
L 08/12/2020 - 09:54:46: [SM]   [0] Format
L 08/12/2020 - 09:54:46: [SM]   [1] Line 340, FF2 Subplugin: The Blitzkrieg Returns::OnGameFrame
L 08/12/2020 - 09:54:48: [SM] Exception reported: Language phrase "level" not found (arg 5)
L 08/12/2020 - 09:54:48: [SM] Blaming: freaks/ffbat_blitzkrieg.ff2
L 08/12/2020 - 09:54:48: [SM] Call stack trace:
L 08/12/2020 - 09:54:48: [SM]   [0] Format
L 08/12/2020 - 09:54:48: [SM]   [1] Line 340, FF2 Subplugin: The Blitzkrieg Returns::OnGameFrame
L 08/12/2020 - 09:54:49: [SM] Exception reported: Language phrase "level" not found (arg 5)
L 08/12/2020 - 09:54:49: [SM] Blaming: freaks/ffbat_blitzkrieg.ff2
L 08/12/2020 - 09:54:49: [SM] Call stack trace:
L 08/12/2020 - 09:54:49: [SM]   [0] Format
L 08/12/2020 - 09:54:49: [SM]   [1] Line 340, FF2 Subplugin: The Blitzkrieg Returns::OnGameFrame
L 08/12/2020 - 09:55:57: [SM] Exception reported: Language phrase "level" not found (arg 5)
L 08/12/2020 - 09:55:57: [SM] Blaming: freaks/ffbat_blitzkrieg.ff2
L 08/12/2020 - 09:55:57: [SM] Call stack trace:
L 08/12/2020 - 09:55:57: [SM]   [0] Format
L 08/12/2020 - 09:55:57: [SM]   [1] Line 340, FF2 Subplugin: The Blitzkrieg Returns::OnGameFrame
L 08/12/2020 - 09:55:58: [SM] Exception reported: Language phrase "level" not found (arg 5)
L 08/12/2020 - 09:55:58: [SM] Blaming: freaks/ffbat_blitzkrieg.ff2
L 08/12/2020 - 09:55:58: [SM] Call stack trace:
L 08/12/2020 - 09:55:58: [SM]   [0] Format
L 08/12/2020 - 09:55:58: [SM]   [1] Line 340, FF2 Subplugin: The Blitzkrieg Returns::OnGameFrame
L 08/12/2020 - 09:56:00: [SM] Exception reported: Language phrase "level" not found (arg 5)
L 08/12/2020 - 09:56:00: [SM] Blaming: freaks/ffbat_blitzkrieg.ff2
L 08/12/2020 - 09:56:00: [SM] Call stack trace:
L 08/12/2020 - 09:56:00: [SM]   [0] Format
L 08/12/2020 - 09:56:00: [SM]   [1] Line 340, FF2 Subplugin: The Blitzkrieg Returns::OnGameFrame
L 08/12/2020 - 09:56:01: [SM] Exception reported: Language phrase "level" not found (arg 5)
L 08/12/2020 - 09:56:01: [SM] Blaming: freaks/ffbat_blitzkrieg.ff2
L 08/12/2020 - 09:56:01: [SM] Call stack trace:
L 08/12/2020 - 09:56:01: [SM]   [0] Format
L 08/12/2020 - 09:56:01: [SM]   [1] Line 340, FF2 Subplugin: The Blitzkrieg Returns::OnGameFrame
L 08/12/2020 - 09:59:47: [SM] Exception reported: Language phrase "level" not found (arg 5)
L 08/12/2020 - 09:59:47: [SM] Blaming: freaks/ffbat_blitzkrieg.ff2
L 08/12/2020 - 09:59:47: [SM] Call stack trace:
L 08/12/2020 - 09:59:47: [SM]   [0] Format
L 08/12/2020 - 09:59:47: [SM]   [1] Line 340, FF2 Subplugin: The Blitzkrieg Returns::OnGameFrame
L 08/12/2020 - 09:59:49: [SM] Exception reported: Language phrase "level" not found (arg 5)
L 08/12/2020 - 09:59:49: [SM] Blaming: freaks/ffbat_blitzkrieg.ff2
L 08/12/2020 - 09:59:49: [SM] Call stack trace:
L 08/12/2020 - 09:59:49: [SM]   [0] Format
L 08/12/2020 - 09:59:49: [SM]   [1] Line 340, FF2 Subplugin: The Blitzkrieg Returns::OnGameFrame
L 08/12/2020 - 09:59:50: [SM] Exception reported: Language phrase "level" not found (arg 5)
L 08/12/2020 - 09:59:50: [SM] Blaming: freaks/ffbat_blitzkrieg.ff2
L 08/12/2020 - 09:59:50: [SM] Call stack trace:
L 08/12/2020 - 09:59:50: [SM]   [0] Format
L 08/12/2020 - 09:59:50: [SM]   [1] Line 340, FF2 Subplugin: The Blitzkrieg Returns::OnGameFrame
L 08/12/2020 - 10:00:05: [SM] Exception reported: Language phrase "level" not found (arg 5)
L 08/12/2020 - 10:00:05: [SM] Blaming: freaks/ffbat_blitzkrieg.ff2
L 08/12/2020 - 10:00:05: [SM] Call stack trace:
L 08/12/2020 - 10:00:05: [SM]   [0] Format
L 08/12/2020 - 10:00:05: [SM]   [1] Line 410, FF2 Subplugin: The Blitzkrieg Returns::OnGameFrame
L 08/12/2020 - 10:00:07: [SM] Exception reported: Language phrase "level" not found (arg 5)
L 08/12/2020 - 10:00:07: [SM] Blaming: freaks/ffbat_blitzkrieg.ff2
L 08/12/2020 - 10:00:07: [SM] Call stack trace:
L 08/12/2020 - 10:00:07: [SM]   [0] Format
L 08/12/2020 - 10:00:07: [SM]   [1] Line 410, FF2 Subplugin: The Blitzkrieg Returns::OnGameFrame
L 08/12/2020 - 10:00:08: [SM] Exception reported: Language phrase "level" not found (arg 5)
L 08/12/2020 - 10:00:08: [SM] Blaming: freaks/ffbat_blitzkrieg.ff2
L 08/12/2020 - 10:00:08: [SM] Call stack trace:
L 08/12/2020 - 10:00:08: [SM]   [0] Format
L 08/12/2020 - 10:00:08: [SM]   [1] Line 410, FF2 Subplugin: The Blitzkrieg Returns::OnGameFrame
L 08/12/2020 - 10:00:10: [SM] Exception reported: Language phrase "level" not found (arg 5)
L 08/12/2020 - 10:00:10: [SM] Blaming: freaks/ffbat_blitzkrieg.ff2
L 08/12/2020 - 10:00:10: [SM] Call stack trace:
L 08/12/2020 - 10:00:10: [SM]   [0] Format
L 08/12/2020 - 10:00:10: [SM]   [1] Line 410, FF2 Subplugin: The Blitzkrieg Returns::OnGameFrame
L 08/12/2020 - 10:00:23: [SM] Exception reported: Language phrase "level" not found (arg 5)
L 08/12/2020 - 10:00:23: [SM] Blaming: freaks/ffbat_blitzkrieg.ff2
L 08/12/2020 - 10:00:23: [SM] Call stack trace:
L 08/12/2020 - 10:00:23: [SM]   [0] Format
L 08/12/2020 - 10:00:23: [SM]   [1] Line 340, FF2 Subplugin: The Blitzkrieg Returns::OnGameFrame
L 08/12/2020 - 10:00:25: [SM] Exception reported: Language phrase "level" not found (arg 5)
L 08/12/2020 - 10:00:25: [SM] Blaming: freaks/ffbat_blitzkrieg.ff2
L 08/12/2020 - 10:00:25: [SM] Call stack trace:
L 08/12/2020 - 10:00:25: [SM]   [0] Format
L 08/12/2020 - 10:00:25: [SM]   [1] Line 340, FF2 Subplugin: The Blitzkrieg Returns::OnGameFrame
L 08/12/2020 - 10:00:26: [SM] Exception reported: Language phrase "level" not found (arg 5)
L 08/12/2020 - 10:00:26: [SM] Blaming: freaks/ffbat_blitzkrieg.ff2
L 08/12/2020 - 10:00:26: [SM] Call stack trace:
L 08/12/2020 - 10:00:26: [SM]   [0] Format
L 08/12/2020 - 10:00:26: [SM]   [1] Line 340, FF2 Subplugin: The Blitzkrieg Returns::OnGameFrame
L 08/12/2020 - 10:00:28: [SM] Exception reported: Language phrase "level" not found (arg 5)
L 08/12/2020 - 10:00:28: [SM] Blaming: freaks/ffbat_blitzkrieg.ff2
L 08/12/2020 - 10:00:28: [SM] Call stack trace:
L 08/12/2020 - 10:00:28: [SM]   [0] Format
L 08/12/2020 - 10:00:28: [SM]   [1] Line 340, FF2 Subplugin: The Blitzkrieg Returns::OnGameFrame
L 08/12/2020 - 10:01:46: [tf2attributes.smx] Could not initialize call to CEconItem::SetCustomName
L 08/12/2020 - 10:01:46: [store.smx] Gifts! isn't installed or failed to load. Gifts support will be disabled. Please install Gifts. (http://forums.alliedmods.net/showthread.php?t=175185)
L 08/12/2020 - 10:01:46: [store.smx] Database connection is lost or not yet initialized.
L 08/12/2020 - 10:03:13: [SM] Exception reported: Language phrase "level" not found (arg 5)
L 08/12/2020 - 10:03:13: [SM] Blaming: freaks/ffbat_blitzkrieg.ff2
L 08/12/2020 - 10:03:13: [SM] Call stack trace:
L 08/12/2020 - 10:03:13: [SM]   [0] Format
L 08/12/2020 - 10:03:13: [SM]   [1] Line 340, FF2 Subplugin: The Blitzkrieg Returns::OnGameFrame
L 08/12/2020 - 10:03:14: [SM] Exception reported: Language phrase "level" not found (arg 5)
L 08/12/2020 - 10:03:14: [SM] Blaming: freaks/ffbat_blitzkrieg.ff2
L 08/12/2020 - 10:03:14: [SM] Call stack trace:
L 08/12/2020 - 10:03:14: [SM]   [0] Format
L 08/12/2020 - 10:03:14: [SM]   [1] Line 340, FF2 Subplugin: The Blitzkrieg Returns::OnGameFrame
L 08/12/2020 - 10:03:16: [SM] Exception reported: Language phrase "level" not found (arg 5)
L 08/12/2020 - 10:03:16: [SM] Blaming: freaks/ffbat_blitzkrieg.ff2
L 08/12/2020 - 10:03:16: [SM] Call stack trace:
L 08/12/2020 - 10:03:16: [SM]   [0] Format
L 08/12/2020 - 10:03:16: [SM]   [1] Line 340, FF2 Subplugin: The Blitzkrieg Returns::OnGameFrame
L 08/12/2020 - 10:05:41: [SM] Exception reported: Language phrase "level" not found (arg 5)
L 08/12/2020 - 10:05:41: [SM] Blaming: freaks/ffbat_blitzkrieg.ff2
L 08/12/2020 - 10:05:41: [SM] Call stack trace:
L 08/12/2020 - 10:05:41: [SM]   [0] Format
L 08/12/2020 - 10:05:41: [SM]   [1] Line 340, FF2 Subplugin: The Blitzkrieg Returns::OnGameFrame
L 08/12/2020 - 10:05:42: [SM] Exception reported: Language phrase "level" not found (arg 5)
L 08/12/2020 - 10:05:42: [SM] Blaming: freaks/ffbat_blitzkrieg.ff2
L 08/12/2020 - 10:05:42: [SM] Call stack trace:
L 08/12/2020 - 10:05:42: [SM]   [0] Format
L 08/12/2020 - 10:05:42: [SM]   [1] Line 340, FF2 Subplugin: The Blitzkrieg Returns::OnGameFrame
L 08/12/2020 - 10:05:44: [SM] Exception reported: Language phrase "level" not found (arg 5)
L 08/12/2020 - 10:05:44: [SM] Blaming: freaks/ffbat_blitzkrieg.ff2
L 08/12/2020 - 10:05:44: [SM] Call stack trace:
L 08/12/2020 - 10:05:44: [SM]   [0] Format
L 08/12/2020 - 10:05:44: [SM]   [1] Line 340, FF2 Subplugin: The Blitzkrieg Returns::OnGameFrame
L 08/12/2020 - 10:05:45: [SM] Exception reported: Language phrase "level" not found (arg 5)
L 08/12/2020 - 10:05:45: [SM] Blaming: freaks/ffbat_blitzkrieg.ff2
L 08/12/2020 - 10:05:45: [SM] Call stack trace:
L 08/12/2020 - 10:05:45: [SM]   [0] Format
L 08/12/2020 - 10:05:45: [SM]   [1] Line 340, FF2 Subplugin: The Blitzkrieg Returns::OnGameFrame
L 08/12/2020 - 10:06:17: [SM] Exception reported: Language phrase "level" not found (arg 5)
L 08/12/2020 - 10:06:17: [SM] Blaming: freaks/ffbat_blitzkrieg.ff2
L 08/12/2020 - 10:06:17: [SM] Call stack trace:
L 08/12/2020 - 10:06:17: [SM]   [0] Format
L 08/12/2020 - 10:06:17: [SM]   [1] Line 340, FF2 Subplugin: The Blitzkrieg Returns::OnGameFrame
L 08/12/2020 - 10:06:18: [SM] Exception reported: Language phrase "level" not found (arg 5)
L 08/12/2020 - 10:06:18: [SM] Blaming: freaks/ffbat_blitzkrieg.ff2
L 08/12/2020 - 10:06:18: [SM] Call stack trace:
L 08/12/2020 - 10:06:18: [SM]   [0] Format
L 08/12/2020 - 10:06:18: [SM]   [1] Line 340, FF2 Subplugin: The Blitzkrieg Returns::OnGameFrame
L 08/12/2020 - 10:06:20: [SM] Exception reported: Language phrase "level" not found (arg 5)
L 08/12/2020 - 10:06:20: [SM] Blaming: freaks/ffbat_blitzkrieg.ff2
L 08/12/2020 - 10:06:20: [SM] Call stack trace:
L 08/12/2020 - 10:06:20: [SM]   [0] Format
L 08/12/2020 - 10:06:20: [SM]   [1] Line 340, FF2 Subplugin: The Blitzkrieg Returns::OnGameFrame
L 08/12/2020 - 10:06:21: [SM] Exception reported: Language phrase "level" not found (arg 5)
L 08/12/2020 - 10:06:21: [SM] Blaming: freaks/ffbat_blitzkrieg.ff2
L 08/12/2020 - 10:06:21: [SM] Call stack trace:
L 08/12/2020 - 10:06:21: [SM]   [0] Format
L 08/12/2020 - 10:06:21: [SM]   [1] Line 340, FF2 Subplugin: The Blitzkrieg Returns::OnGameFrame
L 08/12/2020 - 10:10:52: Error log file session closed.
L 08/12/2020 - 10:41:07: SourceMod error session started
L 08/12/2020 - 10:41:07: Info (map "arena_suijin_rc2") (file "/home/steamsrv/tf2/tf/addons/sourcemod/logs/errors_20200812.log")
L 08/12/2020 - 10:41:07: [SM] Plugin "roundtimer.smx" encountered error 23: Native detected error
L 08/12/2020 - 10:41:07: [SM] Invalid timer handle 3c15086e (error 3) during timer end, displayed function is timer callback, not the stack trace
L 08/12/2020 - 10:41:07: [SM] Unable to call function "Timer_Round" due to above error(s).
L 08/12/2020 - 10:45:06: Error log file session closed.
L 08/12/2020 - 10:49:10: SourceMod error session started
L 08/12/2020 - 10:49:10: Info (map "arena_suijin_rc2") (file "/home/steamsrv/tf2/tf/addons/sourcemod/logs/errors_20200812.log")
L 08/12/2020 - 10:49:10: [SM] Exception reported: Array index out-of-bounds (index -1, limit 4)
L 08/12/2020 - 10:49:10: [SM] Blaming: freak_fortress_2.smx
L 08/12/2020 - 10:49:10: [SM] Call stack trace:
L 08/12/2020 - 10:49:10: [SM]   [1] Line 17336, Unofficial Freak Fortress::Native_GetBossCharge
L 08/12/2020 - 10:49:10: [SM]   [3] FF2_GetBossCharge
L 08/12/2020 - 10:49:10: [SM]   [4] Line 889, FF2 Subplugin: Bat's Public Pack::FF2_OnAbility2
L 08/12/2020 - 10:49:10: [SM]   [5] Line 52, D:\batfo_qrgut13\Documents\SourceMod 1.9 Compiler\addons\sourcemod\scripting\include\freak_fortress_2_subplugin.inc::FF2_OnAbility
L 08/12/2020 - 10:49:10: [SM]   [7] Call_Finish
L 08/12/2020 - 10:49:10: [SM]   [8] Line 16949, Unofficial Freak Fortress::UseAbility
L 08/12/2020 - 10:49:10: [SM]   [9] Line 11243, Unofficial Freak Fortress::ActivateAbilitySlot
L 08/12/2020 - 10:49:10: [SM]   [10] Line 12183, Unofficial Freak Fortress::OnPlayerHurt
L 08/12/2020 - 10:50:25: [SM] Exception reported: Array index out-of-bounds (index -1, limit 4)
L 08/12/2020 - 10:50:25: [SM] Blaming: freak_fortress_2.smx
L 08/12/2020 - 10:50:25: [SM] Call stack trace:
L 08/12/2020 - 10:50:25: [SM]   [1] Line 17336, Unofficial Freak Fortress::Native_GetBossCharge
L 08/12/2020 - 10:50:25: [SM]   [3] FF2_GetBossCharge
L 08/12/2020 - 10:50:25: [SM]   [4] Line 889, FF2 Subplugin: Bat's Public Pack::FF2_OnAbility2
L 08/12/2020 - 10:50:25: [SM]   [5] Line 52, D:\batfo_qrgut13\Documents\SourceMod 1.9 Compiler\addons\sourcemod\scripting\include\freak_fortress_2_subplugin.inc::FF2_OnAbility
L 08/12/2020 - 10:50:25: [SM]   [7] Call_Finish
L 08/12/2020 - 10:50:25: [SM]   [8] Line 16949, Unofficial Freak Fortress::UseAbility
L 08/12/2020 - 10:50:25: [SM]   [9] Line 11243, Unofficial Freak Fortress::ActivateAbilitySlot
L 08/12/2020 - 10:50:25: [SM]   [10] Line 12183, Unofficial Freak Fortress::OnPlayerHurt
L 08/12/2020 - 10:59:55: [SM] Exception reported: Entity 1 (1) is invalid
L 08/12/2020 - 10:59:55: [SM] Blaming: freaks/ff2_dynamic_defaults.ff2
L 08/12/2020 - 10:59:55: [SM] Call stack trace:
L 08/12/2020 - 10:59:55: [SM]   [0] GetEntProp
L 08/12/2020 - 10:59:55: [SM]   [1] Line 558, C:\hlserver\tf2\tf\addons\sourcemod\scripting\include\entity_prop_stocks.inc::GetClientButtons
L 08/12/2020 - 10:59:55: [SM]   [2] Line 629, freaks\ff2_dynamic_defaults.sp::Event_RoundStart
L 08/12/2020 - 21:53:23: Error log file session closed.
L 08/12/2020 - 22:04:10: SourceMod error session started
L 08/12/2020 - 22:04:10: Info (map "vsh_Hakurei_Winter_v2") (file "/home/steamsrv/tf2/tf/addons/sourcemod/logs/errors_20200812.log")
L 08/12/2020 - 22:04:10: [SM] Exception reported: Client index 0 is invalid
L 08/12/2020 - 22:04:10: [SM] Blaming: freaks/ffbat_publicpack.ff2
L 08/12/2020 - 22:04:10: [SM] Call stack trace:
L 08/12/2020 - 22:04:10: [SM]   [0] GetClientTeam
L 08/12/2020 - 22:04:10: [SM]   [1] Line 1097, FF2 Subplugin: Bat's Public Pack::Apply_Overlay
L 08/14/2020 - 03:24:31: Error log file session closed.
