L 08/20/2020 - 01:43:08: SourceMod error session started
L 08/20/2020 - 01:43:08: Info (map "arena_lumberyard") (file "/home/steamsrv/tf2/tf/addons/sourcemod/logs/errors_20200820.log")
L 08/20/2020 - 01:43:08: [tf2attributes.smx] Could not initialize call to CEconItem::SetCustomName
L 08/20/2020 - 01:43:08: [store.smx] Gifts! isn't installed or failed to load. Gifts support will be disabled. Please install Gifts. (http://forums.alliedmods.net/showthread.php?t=175185)
L 08/20/2020 - 01:43:08: [store.smx] Database connection is lost or not yet initialized.
L 08/20/2020 - 02:40:14: Error log file session closed.
L 08/20/2020 - 13:41:09: SourceMod error session started
L 08/20/2020 - 13:41:09: Info (map "arena_lumberyard") (file "/home/steamsrv/tf2/tf/addons/sourcemod/logs/errors_20200820.log")
L 08/20/2020 - 13:41:09: [tf2_modelmanager.smx] [TF2] Model Manager: File "models/modelmanager/playermodels/dragonengi/dragonengineer.mdl ; models/modelmanager/playermodels/dragonengi/c_engineer_arms.mdl" not found. Excluding from list.
L 08/20/2020 - 13:42:41: Error log file session closed.
L 08/20/2020 - 13:45:30: SourceMod error session started
L 08/20/2020 - 13:45:30: Info (map "arena_lumberyard") (file "/home/steamsrv/tf2/tf/addons/sourcemod/logs/errors_20200820.log")
L 08/20/2020 - 13:45:30: [tf2_modelmanager.smx] [TF2] Model Manager: File "models/modelmanager/playermodels/dragonengi/c_engineer_arms.mdl" not found. Excluding from list.
L 08/20/2020 - 13:47:31: Error log file session closed.
L 08/20/2020 - 13:55:20: SourceMod error session started
L 08/20/2020 - 13:55:20: Info (map "arena_lumberyard") (file "/home/steamsrv/tf2/tf/addons/sourcemod/logs/errors_20200820.log")
L 08/20/2020 - 13:55:20: [SM] Exception reported: Client index 0 is invalid
L 08/20/2020 - 13:55:20: [SM] Blaming: freaks/ffbat_publicpack.ff2
L 08/20/2020 - 13:55:20: [SM] Call stack trace:
L 08/20/2020 - 13:55:20: [SM]   [0] GetClientTeam
L 08/20/2020 - 13:55:20: [SM]   [1] Line 1097, FF2 Subplugin: Bat's Public Pack::Apply_Overlay
L 08/20/2020 - 14:05:07: [SM] Plugin "roundtimer.smx" encountered error 23: Native detected error
L 08/20/2020 - 14:05:07: [SM] Invalid timer handle fe0e0965 (error 3) during timer end, displayed function is timer callback, not the stack trace
L 08/20/2020 - 14:05:07: [SM] Unable to call function "Timer_Round" due to above error(s).
L 08/20/2020 - 15:52:46: Error log file session closed.
