L 08/06/2021 - 20:52:00: SourceMod error session started
L 08/06/2021 - 20:52:00: Info (map "vsh_aquaticbase_b5") (file "/home/frenzoid/TF2_FF2/tf/addons/sourcemod/logs/errors_20210806.log")
L 08/06/2021 - 20:52:00: [admin-flatfile.smx] Error(s) detected parsing addons/sourcemod/configs/admin_groups.cfg
L 08/06/2021 - 20:52:00: [admin-flatfile.smx]  (line 88) Section beginning without a matching ending
L 08/06/2021 - 20:52:00: [admin-flatfile.smx] Error(s) detected parsing addons/sourcemod/configs/admin_groups.cfg
L 08/06/2021 - 20:52:00: [admin-flatfile.smx]  (line 88) Section beginning without a matching ending
L 08/06/2021 - 22:27:39: Error log file session closed.
L 08/06/2021 - 22:27:39: SourceMod error session started
L 08/06/2021 - 22:27:39: Info (map "vsh_west_fix") (file "/home/frenzoid/TF2_FF2/tf/addons/sourcemod/logs/errors_20210806.log")
L 08/06/2021 - 22:27:39: [admin-flatfile.smx] Error(s) detected parsing addons/sourcemod/configs/admin_groups.cfg
L 08/06/2021 - 22:27:39: [admin-flatfile.smx]  (line 88) Section beginning without a matching ending
L 08/06/2021 - 22:27:39: [admin-flatfile.smx] Error(s) detected parsing addons/sourcemod/configs/admin_groups.cfg
L 08/06/2021 - 22:27:39: [admin-flatfile.smx]  (line 88) Section beginning without a matching ending
L 08/06/2021 - 22:50:04: [SM] Plugin "roundtimer.smx" encountered error 23: Native detected error
L 08/06/2021 - 22:50:04: [SM] Invalid timer handle 7d370de9 (error 3) during timer end, displayed function is timer callback, not the stack trace
L 08/06/2021 - 22:50:04: [SM] Unable to call function "Timer_Round" due to above error(s).
L 08/06/2021 - 22:57:58: Error log file session closed.
L 08/06/2021 - 22:57:59: SourceMod error session started
L 08/06/2021 - 22:57:59: Info (map "vsh_warebloom_r1a") (file "/home/frenzoid/TF2_FF2/tf/addons/sourcemod/logs/errors_20210806.log")
L 08/06/2021 - 22:57:59: [admin-flatfile.smx] Error(s) detected parsing addons/sourcemod/configs/admin_groups.cfg
L 08/06/2021 - 22:57:59: [admin-flatfile.smx]  (line 88) Section beginning without a matching ending
L 08/06/2021 - 22:57:59: [admin-flatfile.smx] Error(s) detected parsing addons/sourcemod/configs/admin_groups.cfg
L 08/06/2021 - 22:57:59: [admin-flatfile.smx]  (line 88) Section beginning without a matching ending
L 08/06/2021 - 23:16:09: Error log file session closed.
L 08/06/2021 - 23:16:10: SourceMod error session started
L 08/06/2021 - 23:16:10: Info (map "vsh_skyhigh_resort_b8_sg4") (file "/home/frenzoid/TF2_FF2/tf/addons/sourcemod/logs/errors_20210806.log")
L 08/06/2021 - 23:16:10: [admin-flatfile.smx] Error(s) detected parsing addons/sourcemod/configs/admin_groups.cfg
L 08/06/2021 - 23:16:10: [admin-flatfile.smx]  (line 88) Section beginning without a matching ending
L 08/06/2021 - 23:16:10: [admin-flatfile.smx] Error(s) detected parsing addons/sourcemod/configs/admin_groups.cfg
L 08/06/2021 - 23:16:10: [admin-flatfile.smx]  (line 88) Section beginning without a matching ending
L 08/06/2021 - 23:46:45: Error log file session closed.
L 08/06/2021 - 23:46:47: SourceMod error session started
L 08/06/2021 - 23:46:47: Info (map "vsh_egyptyspot_reworked_b2b") (file "/home/frenzoid/TF2_FF2/tf/addons/sourcemod/logs/errors_20210806.log")
L 08/06/2021 - 23:46:47: [admin-flatfile.smx] Error(s) detected parsing addons/sourcemod/configs/admin_groups.cfg
L 08/06/2021 - 23:46:47: [admin-flatfile.smx]  (line 88) Section beginning without a matching ending
L 08/06/2021 - 23:46:47: [admin-flatfile.smx] Error(s) detected parsing addons/sourcemod/configs/admin_groups.cfg
L 08/06/2021 - 23:46:47: [admin-flatfile.smx]  (line 88) Section beginning without a matching ending
