L 12/04/2020 - 00:01:17: SourceMod error session started
L 12/04/2020 - 00:01:17: Info (map "vsh_crevice_b5") (file "/home/steamsrv/tf2/tf/addons/sourcemod/logs/errors_20201204.log")
L 12/04/2020 - 00:01:17: [SM] Exception reported: Cowardly refusing to add invalid attribute index "0" to an item.
L 12/04/2020 - 00:01:17: [SM] Blaming: pyrogineer.smx
L 12/04/2020 - 00:01:17: [SM] Call stack trace:
L 12/04/2020 - 00:01:17: [SM]   [0] TF2Items_SetAttribute
L 12/04/2020 - 00:01:17: [SM]   [1] Line 271, C:\Users\James\Desktop\ServerStuff\TF2server\tf\addons\sourcemod\scripting\pyrogineer.sp::PrepareItemHandle
L 12/04/2020 - 00:01:17: [SM]   [2] Line 294, C:\Users\James\Desktop\ServerStuff\TF2server\tf\addons\sourcemod\scripting\pyrogineer.sp::TF2Items_OnGiveNamedItem
L 12/04/2020 - 00:01:17: [SM]   [4] TF2_RespawnPlayer
L 12/04/2020 - 00:01:17: [SM]   [5] Line 213, /home/forums/content/files/2/7/4/6/4/141212.attach::RespawnPlayer
L 12/04/2020 - 00:01:17: [SM]   [6] Line 333, /home/forums/content/files/2/7/4/6/4/141212.attach::MenuHandler_Players
L 12/04/2020 - 00:05:02: [freaks/ff2_1st_set_abilities.ff2] [FF2] Cannot give ammo to weapon tf_weapon_knife (boss )-check your config!
L 12/04/2020 - 00:13:35: [SM] Plugin "roundtimer.smx" encountered error 23: Native detected error
L 12/04/2020 - 00:13:35: [SM] Invalid timer handle ac9f0736 (error 3) during timer end, displayed function is timer callback, not the stack trace
L 12/04/2020 - 00:13:35: [SM] Unable to call function "Timer_Round" due to above error(s).
L 12/04/2020 - 00:13:51: [SM] Exception reported: Entity 333 is not valid
L 12/04/2020 - 00:13:51: [SM] Blaming: freaks/shadow93_abilities.ff2
L 12/04/2020 - 00:13:51: [SM] Call stack trace:
L 12/04/2020 - 00:13:51: [SM]   [0] TeleportEntity
L 12/04/2020 - 00:13:51: [SM]   [1] Line 2022, L:\scripting\shadow93_abilities.sp::MoveMarker
L 12/04/2020 - 00:15:10: [tf2attributes.smx] Could not initialize call to CEconItem::SetCustomName
L 12/04/2020 - 00:15:10: [store.smx] Gifts! isn't installed or failed to load. Gifts support will be disabled. Please install Gifts. (http://forums.alliedmods.net/showthread.php?t=175185)
L 12/04/2020 - 00:15:10: [store.smx] Database connection is lost or not yet initialized.
L 12/04/2020 - 00:15:10: [store.smx] Database connection is lost or not yet initialized.
L 12/04/2020 - 00:15:10: [store.smx] Database connection is lost or not yet initialized.
L 12/04/2020 - 00:15:10: [store.smx] Database connection is lost or not yet initialized.
L 12/04/2020 - 00:15:10: [store.smx] Database connection is lost or not yet initialized.
L 12/04/2020 - 00:15:10: [store.smx] Database connection is lost or not yet initialized.
L 12/04/2020 - 00:23:29: [SM] Plugin "roundtimer.smx" encountered error 23: Native detected error
L 12/04/2020 - 00:23:29: [SM] Invalid timer handle 5c13039f (error 3) during timer end, displayed function is timer callback, not the stack trace
L 12/04/2020 - 00:23:29: [SM] Unable to call function "Timer_Round" due to above error(s).
L 12/04/2020 - 00:23:51: Error log file session closed.
L 12/04/2020 - 00:33:44: SourceMod error session started
L 12/04/2020 - 00:33:44: Info (map "vsh_area_54tress_b4") (file "/home/steamsrv/tf2/tf/addons/sourcemod/logs/errors_20201204.log")
L 12/04/2020 - 00:33:44: [tf2attributes.smx] Could not initialize call to CEconItem::SetCustomName
L 12/04/2020 - 00:33:44: [store.smx] Gifts! isn't installed or failed to load. Gifts support will be disabled. Please install Gifts. (http://forums.alliedmods.net/showthread.php?t=175185)
L 12/04/2020 - 00:33:44: [store.smx] Database connection is lost or not yet initialized.
L 12/04/2020 - 00:33:44: [store.smx] Database connection is lost or not yet initialized.
L 12/04/2020 - 00:33:44: [store.smx] Database connection is lost or not yet initialized.
L 12/04/2020 - 00:33:44: [store.smx] Database connection is lost or not yet initialized.
L 12/04/2020 - 00:33:44: [store.smx] Database connection is lost or not yet initialized.
L 12/04/2020 - 00:33:44: [SM] Exception reported: Entity 4 is invalid
L 12/04/2020 - 00:33:44: [SM] Blaming: fc.smx
L 12/04/2020 - 00:33:44: [SM] Call stack trace:
L 12/04/2020 - 00:33:44: [SM]   [0] SDKHook
L 12/04/2020 - 00:33:44: [SM]   [1] Line 391, D:\storage\Dropbox\Sourcemod\nieuw\sourcemod\scripting\fc.sp::Init
L 12/04/2020 - 00:33:44: [SM]   [2] Line 173, D:\storage\Dropbox\Sourcemod\nieuw\sourcemod\scripting\fc.sp::OnPluginStart
L 12/04/2020 - 00:33:44: [SM] Unable to load plugin "fc.smx": Error detected in plugin startup (see error logs)
L 12/04/2020 - 00:37:32: [tf2attributes.smx] Could not initialize call to CEconItem::SetCustomName
L 12/04/2020 - 00:37:33: [store.smx] Gifts! isn't installed or failed to load. Gifts support will be disabled. Please install Gifts. (http://forums.alliedmods.net/showthread.php?t=175185)
L 12/04/2020 - 00:37:33: [store.smx] Database connection is lost or not yet initialized.
L 12/04/2020 - 00:37:33: [store.smx] Database connection is lost or not yet initialized.
L 12/04/2020 - 00:37:33: [store.smx] Database connection is lost or not yet initialized.
L 12/04/2020 - 00:37:33: [store.smx] Database connection is lost or not yet initialized.
L 12/04/2020 - 00:37:33: [store.smx] Database connection is lost or not yet initialized.
L 12/04/2020 - 00:37:33: [store.smx] Database connection is lost or not yet initialized.
L 12/04/2020 - 00:45:51: [SM] Plugin "roundtimer.smx" encountered error 23: Native detected error
L 12/04/2020 - 00:45:51: [SM] Invalid timer handle c8ed0355 (error 3) during timer end, displayed function is timer callback, not the stack trace
L 12/04/2020 - 00:45:51: [SM] Unable to call function "Timer_Round" due to above error(s).
L 12/04/2020 - 00:46:54: [tf2attributes.smx] Could not initialize call to CEconItem::SetCustomName
L 12/04/2020 - 00:46:55: [store.smx] Gifts! isn't installed or failed to load. Gifts support will be disabled. Please install Gifts. (http://forums.alliedmods.net/showthread.php?t=175185)
L 12/04/2020 - 00:46:55: [store.smx] Database connection is lost or not yet initialized.
L 12/04/2020 - 00:46:55: [store.smx] Database connection is lost or not yet initialized.
L 12/04/2020 - 00:46:55: [store.smx] Database connection is lost or not yet initialized.
L 12/04/2020 - 00:46:55: [store.smx] Database connection is lost or not yet initialized.
L 12/04/2020 - 00:46:55: [store.smx] Database connection is lost or not yet initialized.
L 12/04/2020 - 00:46:55: [store.smx] Database connection is lost or not yet initialized.
L 12/04/2020 - 00:49:01: [tf2attributes.smx] Could not initialize call to CEconItem::SetCustomName
L 12/04/2020 - 00:49:02: [store.smx] Gifts! isn't installed or failed to load. Gifts support will be disabled. Please install Gifts. (http://forums.alliedmods.net/showthread.php?t=175185)
L 12/04/2020 - 00:49:02: [store.smx] Database connection is lost or not yet initialized.
L 12/04/2020 - 00:49:02: [store.smx] Database connection is lost or not yet initialized.
L 12/04/2020 - 00:49:02: [store.smx] Database connection is lost or not yet initialized.
L 12/04/2020 - 00:49:02: [store.smx] Database connection is lost or not yet initialized.
L 12/04/2020 - 00:49:02: [store.smx] Database connection is lost or not yet initialized.
L 12/04/2020 - 00:49:02: [store.smx] Database connection is lost or not yet initialized.
L 12/04/2020 - 00:50:28: [tf2attributes.smx] Could not initialize call to CEconItem::SetCustomName
L 12/04/2020 - 00:50:28: [store.smx] Gifts! isn't installed or failed to load. Gifts support will be disabled. Please install Gifts. (http://forums.alliedmods.net/showthread.php?t=175185)
L 12/04/2020 - 00:50:28: [store.smx] Database connection is lost or not yet initialized.
L 12/04/2020 - 00:50:28: [store.smx] Database connection is lost or not yet initialized.
L 12/04/2020 - 00:50:28: [store.smx] Database connection is lost or not yet initialized.
L 12/04/2020 - 00:50:28: [store.smx] Database connection is lost or not yet initialized.
L 12/04/2020 - 00:50:28: [store.smx] Database connection is lost or not yet initialized.
L 12/04/2020 - 00:50:28: [store.smx] Database connection is lost or not yet initialized.
L 12/04/2020 - 00:51:09: Error log file session closed.
L 12/04/2020 - 01:22:36: SourceMod error session started
L 12/04/2020 - 01:22:36: Info (map "vsh_apg_v2_sg1") (file "/home/steamsrv/tf2/tf/addons/sourcemod/logs/errors_20201204.log")
L 12/04/2020 - 01:22:36: [SM] Exception reported: Cowardly refusing to add invalid attribute index "0" to an item.
L 12/04/2020 - 01:22:36: [SM] Blaming: pyrogineer.smx
L 12/04/2020 - 01:22:36: [SM] Call stack trace:
L 12/04/2020 - 01:22:36: [SM]   [0] TF2Items_SetAttribute
L 12/04/2020 - 01:22:36: [SM]   [1] Line 271, C:\Users\James\Desktop\ServerStuff\TF2server\tf\addons\sourcemod\scripting\pyrogineer.sp::PrepareItemHandle
L 12/04/2020 - 01:22:36: [SM]   [2] Line 294, C:\Users\James\Desktop\ServerStuff\TF2server\tf\addons\sourcemod\scripting\pyrogineer.sp::TF2Items_OnGiveNamedItem
L 12/04/2020 - 01:24:01: Error log file session closed.
L 12/04/2020 - 03:15:11: SourceMod error session started
L 12/04/2020 - 03:15:11: Info (map "vsh_gyros_v5") (file "/home/steamsrv/tf2/tf/addons/sourcemod/logs/errors_20201204.log")
L 12/04/2020 - 03:15:11: [tf2attributes.smx] Could not initialize call to CEconItem::SetCustomName
L 12/04/2020 - 03:15:12: [store.smx] Gifts! isn't installed or failed to load. Gifts support will be disabled. Please install Gifts. (http://forums.alliedmods.net/showthread.php?t=175185)
L 12/04/2020 - 03:15:12: [store.smx] Database connection is lost or not yet initialized.
L 12/04/2020 - 03:18:39: [tf2attributes.smx] Could not initialize call to CEconItem::SetCustomName
L 12/04/2020 - 03:18:39: [store.smx] Gifts! isn't installed or failed to load. Gifts support will be disabled. Please install Gifts. (http://forums.alliedmods.net/showthread.php?t=175185)
L 12/04/2020 - 03:18:39: [store.smx] Database connection is lost or not yet initialized.
L 12/04/2020 - 03:26:57: [SM] Plugin "roundtimer.smx" encountered error 23: Native detected error
L 12/04/2020 - 03:26:57: [SM] Invalid timer handle 6f6d02d5 (error 3) during timer end, displayed function is timer callback, not the stack trace
L 12/04/2020 - 03:26:57: [SM] Unable to call function "Timer_Round" due to above error(s).
L 12/04/2020 - 03:27:35: [tf2attributes.smx] Could not initialize call to CEconItem::SetCustomName
L 12/04/2020 - 03:27:35: [store.smx] Gifts! isn't installed or failed to load. Gifts support will be disabled. Please install Gifts. (http://forums.alliedmods.net/showthread.php?t=175185)
L 12/04/2020 - 03:27:35: [store.smx] Database connection is lost or not yet initialized.
L 12/04/2020 - 03:28:33: [tf2attributes.smx] Could not initialize call to CEconItem::SetCustomName
L 12/04/2020 - 03:28:34: [store.smx] Gifts! isn't installed or failed to load. Gifts support will be disabled. Please install Gifts. (http://forums.alliedmods.net/showthread.php?t=175185)
L 12/04/2020 - 03:28:34: [store.smx] Database connection is lost or not yet initialized.
L 12/04/2020 - 03:36:52: [SM] Plugin "roundtimer.smx" encountered error 23: Native detected error
L 12/04/2020 - 03:36:52: [SM] Invalid timer handle f2802d2 (error 3) during timer end, displayed function is timer callback, not the stack trace
L 12/04/2020 - 03:36:52: [SM] Unable to call function "Timer_Round" due to above error(s).
L 12/04/2020 - 03:42:25: Error log file session closed.
L 12/04/2020 - 03:46:44: SourceMod error session started
L 12/04/2020 - 03:46:44: Info (map "vsh_apg_v2_sg1") (file "/home/steamsrv/tf2/tf/addons/sourcemod/logs/errors_20201204.log")
L 12/04/2020 - 03:46:44: [tf2attributes.smx] Could not initialize call to CEconItem::SetCustomName
L 12/04/2020 - 03:46:45: [store.smx] Gifts! isn't installed or failed to load. Gifts support will be disabled. Please install Gifts. (http://forums.alliedmods.net/showthread.php?t=175185)
L 12/04/2020 - 03:46:45: [store.smx] Database connection is lost or not yet initialized.
L 12/04/2020 - 03:49:36: [tf2attributes.smx] Could not initialize call to CEconItem::SetCustomName
L 12/04/2020 - 03:49:36: [store.smx] Gifts! isn't installed or failed to load. Gifts support will be disabled. Please install Gifts. (http://forums.alliedmods.net/showthread.php?t=175185)
L 12/04/2020 - 03:49:36: [store.smx] Database connection is lost or not yet initialized.
L 12/04/2020 - 03:50:58: [tf2attributes.smx] Could not initialize call to CEconItem::SetCustomName
L 12/04/2020 - 03:50:58: [store.smx] Gifts! isn't installed or failed to load. Gifts support will be disabled. Please install Gifts. (http://forums.alliedmods.net/showthread.php?t=175185)
L 12/04/2020 - 03:50:58: [store.smx] Database connection is lost or not yet initialized.
L 12/04/2020 - 03:52:45: [tf2attributes.smx] Could not initialize call to CEconItem::SetCustomName
L 12/04/2020 - 03:52:45: [store.smx] Gifts! isn't installed or failed to load. Gifts support will be disabled. Please install Gifts. (http://forums.alliedmods.net/showthread.php?t=175185)
L 12/04/2020 - 03:52:45: [store.smx] Database connection is lost or not yet initialized.
L 12/04/2020 - 03:57:38: [tf2attributes.smx] Could not initialize call to CEconItem::SetCustomName
L 12/04/2020 - 03:57:38: [store.smx] Gifts! isn't installed or failed to load. Gifts support will be disabled. Please install Gifts. (http://forums.alliedmods.net/showthread.php?t=175185)
L 12/04/2020 - 03:57:38: [store.smx] Database connection is lost or not yet initialized.
L 12/04/2020 - 04:12:34: [SM] Plugin "roundtimer.smx" encountered error 23: Native detected error
L 12/04/2020 - 04:12:34: [SM] Invalid timer handle 2295079b (error 3) during timer end, displayed function is timer callback, not the stack trace
L 12/04/2020 - 04:12:34: [SM] Unable to call function "Timer_Round" due to above error(s).
L 12/04/2020 - 04:15:49: Error log file session closed.
L 12/04/2020 - 19:22:36: SourceMod error session started
L 12/04/2020 - 19:22:36: Info (map "vsh_dirtmound_b9") (file "/home/steamsrv/tf2/tf/addons/sourcemod/logs/errors_20201204.log")
L 12/04/2020 - 19:22:36: [SM] Plugin "roundtimer.smx" encountered error 23: Native detected error
L 12/04/2020 - 19:22:36: [SM] Invalid timer handle 80f20864 (error 3) during timer end, displayed function is timer callback, not the stack trace
L 12/04/2020 - 19:22:36: [SM] Unable to call function "Timer_Round" due to above error(s).
L 12/04/2020 - 19:26:41: [tf2attributes.smx] Could not initialize call to CEconItem::SetCustomName
L 12/04/2020 - 19:26:41: [store.smx] Gifts! isn't installed or failed to load. Gifts support will be disabled. Please install Gifts. (http://forums.alliedmods.net/showthread.php?t=175185)
L 12/04/2020 - 19:26:41: [store.smx] Database connection is lost or not yet initialized.
L 12/04/2020 - 19:26:41: [store.smx] Database connection is lost or not yet initialized.
L 12/04/2020 - 19:26:48: [tf2attributes.smx] Could not initialize call to CEconItem::SetCustomName
L 12/04/2020 - 19:26:48: [store.smx] Gifts! isn't installed or failed to load. Gifts support will be disabled. Please install Gifts. (http://forums.alliedmods.net/showthread.php?t=175185)
L 12/04/2020 - 19:26:48: [store.smx] Database connection is lost or not yet initialized.
L 12/04/2020 - 19:26:48: [store.smx] Database connection is lost or not yet initialized.
L 12/04/2020 - 19:32:58: [tf2attributes.smx] Could not initialize call to CEconItem::SetCustomName
L 12/04/2020 - 19:32:58: [store.smx] Gifts! isn't installed or failed to load. Gifts support will be disabled. Please install Gifts. (http://forums.alliedmods.net/showthread.php?t=175185)
L 12/04/2020 - 19:32:58: [store.smx] Database connection is lost or not yet initialized.
L 12/04/2020 - 19:32:58: [store.smx] Database connection is lost or not yet initialized.
L 12/04/2020 - 19:33:20: Error log file session closed.
L 12/04/2020 - 19:39:29: SourceMod error session started
L 12/04/2020 - 19:39:29: Info (map "vsh_drejun_v3") (file "/home/steamsrv/tf2/tf/addons/sourcemod/logs/errors_20201204.log")
L 12/04/2020 - 19:39:29: [tf2attributes.smx] Could not initialize call to CEconItem::SetCustomName
L 12/04/2020 - 19:39:29: [store.smx] Gifts! isn't installed or failed to load. Gifts support will be disabled. Please install Gifts. (http://forums.alliedmods.net/showthread.php?t=175185)
L 12/04/2020 - 19:39:29: [store.smx] Database connection is lost or not yet initialized.
L 12/04/2020 - 19:39:29: [store.smx] Database connection is lost or not yet initialized.
L 12/04/2020 - 19:39:29: [SM] Exception reported: Entity 5 is invalid
L 12/04/2020 - 19:39:29: [SM] Blaming: fc.smx
L 12/04/2020 - 19:39:29: [SM] Call stack trace:
L 12/04/2020 - 19:39:29: [SM]   [0] SDKHook
L 12/04/2020 - 19:39:29: [SM]   [1] Line 391, D:\storage\Dropbox\Sourcemod\nieuw\sourcemod\scripting\fc.sp::Init
L 12/04/2020 - 19:39:29: [SM]   [2] Line 173, D:\storage\Dropbox\Sourcemod\nieuw\sourcemod\scripting\fc.sp::OnPluginStart
L 12/04/2020 - 19:39:29: [SM] Unable to load plugin "fc.smx": Error detected in plugin startup (see error logs)
L 12/04/2020 - 19:47:49: [SM] Plugin "roundtimer.smx" encountered error 23: Native detected error
L 12/04/2020 - 19:47:49: [SM] Invalid timer handle 9310780 (error 3) during timer end, displayed function is timer callback, not the stack trace
L 12/04/2020 - 19:47:49: [SM] Unable to call function "Timer_Round" due to above error(s).
L 12/04/2020 - 20:07:10: Error log file session closed.
L 12/04/2020 - 20:25:05: SourceMod error session started
L 12/04/2020 - 20:25:05: Info (map "vsh_nebula_rc1") (file "/home/steamsrv/tf2/tf/addons/sourcemod/logs/errors_20201204.log")
L 12/04/2020 - 20:25:05: [SM] Plugin "roundtimer.smx" encountered error 23: Native detected error
L 12/04/2020 - 20:25:05: [SM] Invalid timer handle 7855005b (error 3) during timer end, displayed function is timer callback, not the stack trace
L 12/04/2020 - 20:25:05: [SM] Unable to call function "Timer_Round" due to above error(s).
L 12/06/2020 - 04:08:42: Error log file session closed.
