L 08/11/2020 - 09:51:30: SourceMod error session started
L 08/11/2020 - 09:51:30: Info (map "arena_lumberyard") (file "/home/steamsrv/tf2/tf/addons/sourcemod/logs/errors_20200811.log")
L 08/11/2020 - 09:51:30: [tf2attributes.smx] Could not initialize call to CEconItem::SetCustomName
L 08/11/2020 - 09:51:30: [store.smx] Gifts! isn't installed or failed to load. Gifts support will be disabled. Please install Gifts. (http://forums.alliedmods.net/showthread.php?t=175185)
L 08/11/2020 - 09:51:49: [sbpp_comms.smx] You must set valid `ServerID` value in sourcebans.cfg!
L 08/11/2020 - 09:51:50: [sbpp_sleuth.smx] SourceSleuth: Database connection error: [2003]: Can't connect to MySQL server on 'oldbox.cloud' (111)
L 08/11/2020 - 09:51:50: [sbpp_comms.smx] Connecting to database failed: [2003]: Can't connect to MySQL server on 'oldbox.cloud' (111)
L 08/11/2020 - 09:51:50: [SM] Exception reported: Failed to connect to SourceBans DB, [2003]: Can't connect to MySQL server on 'oldbox.cloud' (111)
L 08/11/2020 - 09:51:50: [SM] Blaming: sbpp_checker.smx
L 08/11/2020 - 09:51:50: [SM] Call stack trace:
L 08/11/2020 - 09:51:50: [SM]   [0] SetFailState
L 08/11/2020 - 09:51:50: [SM]   [1] Line 75, .\sbpp_checker.sp::OnDatabaseConnected
L 08/11/2020 - 10:05:28: SourceMod error session started
L 08/11/2020 - 10:05:28: Info (map "arena_lumberyard") (file "/home/steamsrv/tf2/tf/addons/sourcemod/logs/errors_20200811.log")
L 08/11/2020 - 10:05:28: [tf2attributes.smx] Could not initialize call to CEconItem::SetCustomName
L 08/11/2020 - 10:05:29: [store.smx] Gifts! isn't installed or failed to load. Gifts support will be disabled. Please install Gifts. (http://forums.alliedmods.net/showthread.php?t=175185)
L 08/11/2020 - 10:05:43: [sbpp_comms.smx] You must set valid `ServerID` value in sourcebans.cfg!
L 08/11/2020 - 10:42:41: SourceMod error session started
L 08/11/2020 - 10:42:41: Info (map "arena_lumberyard") (file "/home/steamsrv/tf2/tf/addons/sourcemod/logs/errors_20200811.log")
L 08/11/2020 - 10:42:41: [tf2attributes.smx] Could not initialize call to CEconItem::SetCustomName
L 08/11/2020 - 10:42:42: [store.smx] Gifts! isn't installed or failed to load. Gifts support will be disabled. Please install Gifts. (http://forums.alliedmods.net/showthread.php?t=175185)
L 08/11/2020 - 10:43:02: [sbpp_comms.smx] You must set valid `ServerID` value in sourcebans.cfg!
L 08/11/2020 - 23:42:06: SourceMod error session started
L 08/11/2020 - 23:42:06: Info (map "arena_lumberyard") (file "/home/steamsrv/tf2/tf/addons/sourcemod/logs/errors_20200811.log")
L 08/11/2020 - 23:42:06: [tf2attributes.smx] Could not initialize call to CEconItem::SetCustomName
L 08/11/2020 - 23:42:07: [store.smx] Gifts! isn't installed or failed to load. Gifts support will be disabled. Please install Gifts. (http://forums.alliedmods.net/showthread.php?t=175185)
L 08/11/2020 - 23:42:26: [sbpp_comms.smx] You must set valid `ServerID` value in sourcebans.cfg!
L 08/11/2020 - 23:44:42: SourceMod error session started
L 08/11/2020 - 23:44:42: Info (map "arena_lumberyard") (file "/home/steamsrv/tf2/tf/addons/sourcemod/logs/errors_20200811.log")
L 08/11/2020 - 23:44:42: [tf2attributes.smx] Could not initialize call to CEconItem::SetCustomName
L 08/11/2020 - 23:44:42: [store.smx] Gifts! isn't installed or failed to load. Gifts support will be disabled. Please install Gifts. (http://forums.alliedmods.net/showthread.php?t=175185)
L 08/11/2020 - 23:45:06: [sbpp_comms.smx] You must set valid `ServerID` value in sourcebans.cfg!
L 08/11/2020 - 23:50:48: SourceMod error session started
L 08/11/2020 - 23:50:48: Info (map "arena_lumberyard") (file "/home/steamsrv/tf2/tf/addons/sourcemod/logs/errors_20200811.log")
L 08/11/2020 - 23:50:48: [tf2attributes.smx] Could not initialize call to CEconItem::SetCustomName
L 08/11/2020 - 23:50:48: [store.smx] Gifts! isn't installed or failed to load. Gifts support will be disabled. Please install Gifts. (http://forums.alliedmods.net/showthread.php?t=175185)
L 08/11/2020 - 23:51:17: [sbpp_comms.smx] You must set valid `ServerID` value in sourcebans.cfg!
L 08/11/2020 - 23:57:46: SourceMod error session started
L 08/11/2020 - 23:57:46: Info (map "arena_lumberyard") (file "/home/steamsrv/tf2/tf/addons/sourcemod/logs/errors_20200811.log")
L 08/11/2020 - 23:57:46: [tf2attributes.smx] Could not initialize call to CEconItem::SetCustomName
L 08/11/2020 - 23:57:47: [store.smx] Gifts! isn't installed or failed to load. Gifts support will be disabled. Please install Gifts. (http://forums.alliedmods.net/showthread.php?t=175185)
