L 09/24/2020 - 01:28:10: SourceMod error session started
L 09/24/2020 - 01:28:10: Info (map "vsh_skyhigh_resort_b8_sg4") (file "/home/steamsrv/tf2/tf/addons/sourcemod/logs/errors_20200924.log")
L 09/24/2020 - 01:28:10: [freaks/ff2_1st_set_abilities.ff2] [FF2] Cannot give ammo to weapon tf_weapon_knife (boss )-check your config!
L 09/24/2020 - 01:28:10: [freaks/ff2_1st_set_abilities.ff2] [FF2] Cannot give ammo to weapon tf_weapon_knife (boss )-check your config!
L 09/24/2020 - 01:47:55: Error log file session closed.
L 09/24/2020 - 02:31:33: SourceMod error session started
L 09/24/2020 - 02:31:33: Info (map "vsh_castle_siege_unreal_sg1") (file "/home/steamsrv/tf2/tf/addons/sourcemod/logs/errors_20200924.log")
L 09/24/2020 - 02:31:33: [tf2attributes.smx] Could not initialize call to CEconItem::SetCustomName
L 09/24/2020 - 02:31:34: [store.smx] Gifts! isn't installed or failed to load. Gifts support will be disabled. Please install Gifts. (http://forums.alliedmods.net/showthread.php?t=175185)
L 09/24/2020 - 02:31:34: [store.smx] Database connection is lost or not yet initialized.
L 09/24/2020 - 02:31:34: [store.smx] Database connection is lost or not yet initialized.
L 09/24/2020 - 02:31:34: [store.smx] Database connection is lost or not yet initialized.
L 09/24/2020 - 02:31:34: [store.smx] Database connection is lost or not yet initialized.
L 09/24/2020 - 02:54:44: Error log file session closed.
L 09/24/2020 - 03:21:38: SourceMod error session started
L 09/24/2020 - 03:21:38: Info (map "vsh_drejun_v3") (file "/home/steamsrv/tf2/tf/addons/sourcemod/logs/errors_20200924.log")
L 09/24/2020 - 03:21:38: [SM] Plugin "roundtimer.smx" encountered error 23: Native detected error
L 09/24/2020 - 03:21:38: [SM] Invalid timer handle 62b80039 (error 3) during timer end, displayed function is timer callback, not the stack trace
L 09/24/2020 - 03:21:38: [SM] Unable to call function "Timer_Round" due to above error(s).
L 09/24/2020 - 03:35:28: Error log file session closed.
L 09/24/2020 - 03:53:04: SourceMod error session started
L 09/24/2020 - 03:53:04: Info (map "vsh_intrusion_rc2") (file "/home/steamsrv/tf2/tf/addons/sourcemod/logs/errors_20200924.log")
L 09/24/2020 - 03:53:04: [SM] Plugin "roundtimer.smx" encountered error 23: Native detected error
L 09/24/2020 - 03:53:04: [SM] Invalid timer handle e1cc08b5 (error 3) during timer end, displayed function is timer callback, not the stack trace
L 09/24/2020 - 03:53:04: [SM] Unable to call function "Timer_Round" due to above error(s).
L 09/24/2020 - 04:01:22: [SM] Plugin "roundtimer.smx" encountered error 23: Native detected error
L 09/24/2020 - 04:01:22: [SM] Invalid timer handle 688c093d (error 3) during timer end, displayed function is timer callback, not the stack trace
L 09/24/2020 - 04:01:22: [SM] Unable to call function "Timer_Round" due to above error(s).
L 09/24/2020 - 15:23:30: Error log file session closed.
L 09/24/2020 - 15:31:19: SourceMod error session started
L 09/24/2020 - 15:31:19: Info (map "vsh_minegay_reworked_v2") (file "/home/steamsrv/tf2/tf/addons/sourcemod/logs/errors_20200924.log")
L 09/24/2020 - 15:31:19: [tf2attributes.smx] Could not initialize call to CEconItem::SetCustomName
L 09/24/2020 - 15:31:19: [store.smx] Gifts! isn't installed or failed to load. Gifts support will be disabled. Please install Gifts. (http://forums.alliedmods.net/showthread.php?t=175185)
L 09/24/2020 - 15:31:19: [store.smx] Database connection is lost or not yet initialized.
L 09/24/2020 - 15:35:39: [tf2attributes.smx] Could not initialize call to CEconItem::SetCustomName
L 09/24/2020 - 15:35:40: [store.smx] Gifts! isn't installed or failed to load. Gifts support will be disabled. Please install Gifts. (http://forums.alliedmods.net/showthread.php?t=175185)
L 09/24/2020 - 15:35:40: [store.smx] Database connection is lost or not yet initialized.
L 09/24/2020 - 15:36:48: [tf2attributes.smx] Could not initialize call to CEconItem::SetCustomName
L 09/24/2020 - 15:36:48: [store.smx] Gifts! isn't installed or failed to load. Gifts support will be disabled. Please install Gifts. (http://forums.alliedmods.net/showthread.php?t=175185)
L 09/24/2020 - 15:36:48: [store.smx] Database connection is lost or not yet initialized.
L 09/24/2020 - 16:01:51: [SM] Plugin "roundtimer.smx" encountered error 23: Native detected error
L 09/24/2020 - 16:01:51: [SM] Invalid timer handle dc83082c (error 3) during timer end, displayed function is timer callback, not the stack trace
L 09/24/2020 - 16:01:51: [SM] Unable to call function "Timer_Round" due to above error(s).
L 09/24/2020 - 16:02:13: Error log file session closed.
L 09/24/2020 - 20:19:22: SourceMod error session started
L 09/24/2020 - 20:19:22: Info (map "vsh_apg_v2_sg1") (file "/home/steamsrv/tf2/tf/addons/sourcemod/logs/errors_20200924.log")
L 09/24/2020 - 20:19:22: [SM] Exception reported: Cowardly refusing to add invalid attribute index "0" to an item.
L 09/24/2020 - 20:19:22: [SM] Blaming: pyrogineer.smx
L 09/24/2020 - 20:19:22: [SM] Call stack trace:
L 09/24/2020 - 20:19:22: [SM]   [0] TF2Items_SetAttribute
L 09/24/2020 - 20:19:22: [SM]   [1] Line 271, C:\Users\James\Desktop\ServerStuff\TF2server\tf\addons\sourcemod\scripting\pyrogineer.sp::PrepareItemHandle
L 09/24/2020 - 20:19:22: [SM]   [2] Line 294, C:\Users\James\Desktop\ServerStuff\TF2server\tf\addons\sourcemod\scripting\pyrogineer.sp::TF2Items_OnGiveNamedItem
L 09/24/2020 - 20:19:22: [SM] Exception reported: Cowardly refusing to add invalid attribute index "0" to an item.
L 09/24/2020 - 20:19:22: [SM] Blaming: pyrogineer.smx
L 09/24/2020 - 20:19:22: [SM] Call stack trace:
L 09/24/2020 - 20:19:22: [SM]   [0] TF2Items_SetAttribute
L 09/24/2020 - 20:19:22: [SM]   [1] Line 271, C:\Users\James\Desktop\ServerStuff\TF2server\tf\addons\sourcemod\scripting\pyrogineer.sp::PrepareItemHandle
L 09/24/2020 - 20:19:22: [SM]   [2] Line 294, C:\Users\James\Desktop\ServerStuff\TF2server\tf\addons\sourcemod\scripting\pyrogineer.sp::TF2Items_OnGiveNamedItem
L 09/24/2020 - 20:19:22: [SM]   [4] TF2_RegeneratePlayer
L 09/24/2020 - 20:19:22: [SM]   [5] Line 27, /groups/sourcemod/upload_tmp/textISXu91.sp::Fix_Function
L 09/24/2020 - 20:21:53: [SM] Exception reported: Cowardly refusing to add invalid attribute index "0" to an item.
L 09/24/2020 - 20:21:53: [SM] Blaming: pyrogineer.smx
L 09/24/2020 - 20:21:53: [SM] Call stack trace:
L 09/24/2020 - 20:21:53: [SM]   [0] TF2Items_SetAttribute
L 09/24/2020 - 20:21:53: [SM]   [1] Line 271, C:\Users\James\Desktop\ServerStuff\TF2server\tf\addons\sourcemod\scripting\pyrogineer.sp::PrepareItemHandle
L 09/24/2020 - 20:21:53: [SM]   [2] Line 294, C:\Users\James\Desktop\ServerStuff\TF2server\tf\addons\sourcemod\scripting\pyrogineer.sp::TF2Items_OnGiveNamedItem
L 09/24/2020 - 20:21:53: [SM]   [4] TF2_RegeneratePlayer
L 09/24/2020 - 20:21:53: [SM]   [5] Line 27, /groups/sourcemod/upload_tmp/textISXu91.sp::Fix_Function
L 09/24/2020 - 20:23:46: [SM] Exception reported: Cowardly refusing to add invalid attribute index "0" to an item.
L 09/24/2020 - 20:23:46: [SM] Blaming: pyrogineer.smx
L 09/24/2020 - 20:23:46: [SM] Call stack trace:
L 09/24/2020 - 20:23:46: [SM]   [0] TF2Items_SetAttribute
L 09/24/2020 - 20:23:46: [SM]   [1] Line 271, C:\Users\James\Desktop\ServerStuff\TF2server\tf\addons\sourcemod\scripting\pyrogineer.sp::PrepareItemHandle
L 09/24/2020 - 20:23:46: [SM]   [2] Line 294, C:\Users\James\Desktop\ServerStuff\TF2server\tf\addons\sourcemod\scripting\pyrogineer.sp::TF2Items_OnGiveNamedItem
L 09/24/2020 - 20:23:46: [SM] Exception reported: Cowardly refusing to add invalid attribute index "0" to an item.
L 09/24/2020 - 20:23:46: [SM] Blaming: pyrogineer.smx
L 09/24/2020 - 20:23:46: [SM] Call stack trace:
L 09/24/2020 - 20:23:46: [SM]   [0] TF2Items_SetAttribute
L 09/24/2020 - 20:23:46: [SM]   [1] Line 271, C:\Users\James\Desktop\ServerStuff\TF2server\tf\addons\sourcemod\scripting\pyrogineer.sp::PrepareItemHandle
L 09/24/2020 - 20:23:46: [SM]   [2] Line 294, C:\Users\James\Desktop\ServerStuff\TF2server\tf\addons\sourcemod\scripting\pyrogineer.sp::TF2Items_OnGiveNamedItem
L 09/24/2020 - 20:23:46: [SM]   [4] TF2_RegeneratePlayer
L 09/24/2020 - 20:23:46: [SM]   [5] Line 27, /groups/sourcemod/upload_tmp/textISXu91.sp::Fix_Function
L 09/24/2020 - 20:32:23: Error log file session closed.
L 09/24/2020 - 21:02:25: SourceMod error session started
L 09/24/2020 - 21:02:25: Info (map "vsh_egyptyspot_v2") (file "/home/steamsrv/tf2/tf/addons/sourcemod/logs/errors_20200924.log")
L 09/24/2020 - 21:02:25: [SM] Exception reported: Cowardly refusing to add invalid attribute index "0" to an item.
L 09/24/2020 - 21:02:25: [SM] Blaming: pyrogineer.smx
L 09/24/2020 - 21:02:25: [SM] Call stack trace:
L 09/24/2020 - 21:02:25: [SM]   [0] TF2Items_SetAttribute
L 09/24/2020 - 21:02:25: [SM]   [1] Line 271, C:\Users\James\Desktop\ServerStuff\TF2server\tf\addons\sourcemod\scripting\pyrogineer.sp::PrepareItemHandle
L 09/24/2020 - 21:02:25: [SM]   [2] Line 294, C:\Users\James\Desktop\ServerStuff\TF2server\tf\addons\sourcemod\scripting\pyrogineer.sp::TF2Items_OnGiveNamedItem
L 09/24/2020 - 21:02:25: [SM]   [4] TF2_RespawnPlayer
L 09/24/2020 - 21:02:25: [SM]   [5] Line 1424, FF2 Unofficial Subplugin: Defaults::Rage_Clone
L 09/24/2020 - 21:02:25: [SM]   [6] Line 397, FF2 Unofficial Subplugin: Defaults::FF2_OnAbility2
L 09/24/2020 - 21:02:25: [SM]   [7] Line 48, D:\batfo_qrgut13\Documents\SourceMod 1.9 Compiler\addons\sourcemod\scripting\include\freak_fortress_2_subplugin.inc::FF2_OnAbility
L 09/24/2020 - 21:02:25: [SM]   [9] Call_Finish
L 09/24/2020 - 21:02:25: [SM]   [10] Line 16955, Unofficial Freak Fortress::UseAbility
L 09/24/2020 - 21:02:25: [SM]   [11] Line 11243, Unofficial Freak Fortress::ActivateAbilitySlot
L 09/24/2020 - 21:02:25: [SM]   [12] Line 11184, Unofficial Freak Fortress::OnCallForMedic
L 09/24/2020 - 21:02:44: [SM] Exception reported: Cowardly refusing to add invalid attribute index "0" to an item.
L 09/24/2020 - 21:02:44: [SM] Blaming: pyrogineer.smx
L 09/24/2020 - 21:02:44: [SM] Call stack trace:
L 09/24/2020 - 21:02:44: [SM]   [0] TF2Items_SetAttribute
L 09/24/2020 - 21:02:44: [SM]   [1] Line 271, C:\Users\James\Desktop\ServerStuff\TF2server\tf\addons\sourcemod\scripting\pyrogineer.sp::PrepareItemHandle
L 09/24/2020 - 21:02:44: [SM]   [2] Line 294, C:\Users\James\Desktop\ServerStuff\TF2server\tf\addons\sourcemod\scripting\pyrogineer.sp::TF2Items_OnGiveNamedItem
L 09/24/2020 - 21:02:45: [SM] Exception reported: Cowardly refusing to add invalid attribute index "0" to an item.
L 09/24/2020 - 21:02:45: [SM] Blaming: pyrogineer.smx
L 09/24/2020 - 21:02:45: [SM] Call stack trace:
L 09/24/2020 - 21:02:45: [SM]   [0] TF2Items_SetAttribute
L 09/24/2020 - 21:02:45: [SM]   [1] Line 271, C:\Users\James\Desktop\ServerStuff\TF2server\tf\addons\sourcemod\scripting\pyrogineer.sp::PrepareItemHandle
L 09/24/2020 - 21:02:45: [SM]   [2] Line 294, C:\Users\James\Desktop\ServerStuff\TF2server\tf\addons\sourcemod\scripting\pyrogineer.sp::TF2Items_OnGiveNamedItem
L 09/24/2020 - 21:02:45: [SM]   [4] TF2_RegeneratePlayer
L 09/24/2020 - 21:02:45: [SM]   [5] Line 27, /groups/sourcemod/upload_tmp/textISXu91.sp::Fix_Function
L 09/24/2020 - 21:13:35: Error log file session closed.
L 09/24/2020 - 21:17:35: SourceMod error session started
L 09/24/2020 - 21:17:35: Info (map "vsh_abandoned_warehouse_final_v3") (file "/home/steamsrv/tf2/tf/addons/sourcemod/logs/errors_20200924.log")
L 09/24/2020 - 21:17:35: [SM] Exception reported: Cowardly refusing to add invalid attribute index "0" to an item.
L 09/24/2020 - 21:17:35: [SM] Blaming: pyrogineer.smx
L 09/24/2020 - 21:17:35: [SM] Call stack trace:
L 09/24/2020 - 21:17:35: [SM]   [0] TF2Items_SetAttribute
L 09/24/2020 - 21:17:35: [SM]   [1] Line 271, C:\Users\James\Desktop\ServerStuff\TF2server\tf\addons\sourcemod\scripting\pyrogineer.sp::PrepareItemHandle
L 09/24/2020 - 21:17:35: [SM]   [2] Line 294, C:\Users\James\Desktop\ServerStuff\TF2server\tf\addons\sourcemod\scripting\pyrogineer.sp::TF2Items_OnGiveNamedItem
L 09/24/2020 - 21:46:36: Error log file session closed.
L 09/24/2020 - 22:04:29: SourceMod error session started
L 09/24/2020 - 22:04:29: Info (map "vsh_tranquil_b5") (file "/home/steamsrv/tf2/tf/addons/sourcemod/logs/errors_20200924.log")
L 09/24/2020 - 22:04:29: [freaks/ff2_1st_set_abilities.ff2] [FF2] Cannot give ammo to weapon tf_weapon_knife (boss )-check your config!
L 09/24/2020 - 22:04:29: [freaks/ff2_1st_set_abilities.ff2] [FF2] Cannot give ammo to weapon tf_weapon_knife (boss )-check your config!
L 09/24/2020 - 22:04:29: [freaks/ff2_1st_set_abilities.ff2] [FF2] Cannot give ammo to weapon tf_weapon_knife (boss )-check your config!
L 09/24/2020 - 22:04:29: [freaks/ff2_1st_set_abilities.ff2] [FF2] Cannot give ammo to weapon tf_weapon_knife (boss )-check your config!
L 09/24/2020 - 22:18:46: Error log file session closed.
L 09/24/2020 - 22:20:58: SourceMod error session started
L 09/24/2020 - 22:20:58: Info (map "vsh_nebula_rc1") (file "/home/steamsrv/tf2/tf/addons/sourcemod/logs/errors_20200924.log")
L 09/24/2020 - 22:20:58: [SM] Exception reported: Cowardly refusing to add invalid attribute index "0" to an item.
L 09/24/2020 - 22:20:58: [SM] Blaming: pyrogineer.smx
L 09/24/2020 - 22:20:58: [SM] Call stack trace:
L 09/24/2020 - 22:20:58: [SM]   [0] TF2Items_SetAttribute
L 09/24/2020 - 22:20:58: [SM]   [1] Line 271, C:\Users\James\Desktop\ServerStuff\TF2server\tf\addons\sourcemod\scripting\pyrogineer.sp::PrepareItemHandle
L 09/24/2020 - 22:20:58: [SM]   [2] Line 294, C:\Users\James\Desktop\ServerStuff\TF2server\tf\addons\sourcemod\scripting\pyrogineer.sp::TF2Items_OnGiveNamedItem
L 09/24/2020 - 22:20:58: [SM]   [4] TF2_RegeneratePlayer
L 09/24/2020 - 22:20:58: [SM]   [5] Line 27, /groups/sourcemod/upload_tmp/textISXu91.sp::Fix_Function
L 09/25/2020 - 21:51:00: Error log file session closed.
