L 12/28/2020 - 00:23:29: SourceMod error session started
L 12/28/2020 - 00:23:29: Info (map "vsh_nebula_rc1") (file "/home/steamsrv/tf2/tf/addons/sourcemod/logs/errors_20201228.log")
L 12/28/2020 - 00:23:29: [freaks/ff2_1st_set_abilities.ff2] [FF2] Cannot give ammo to weapon tf_weapon_knife (boss )-check your config!
L 12/28/2020 - 00:24:14: [freaks/ff2_1st_set_abilities.ff2] [FF2] Cannot give ammo to weapon tf_weapon_knife (boss )-check your config!
L 12/28/2020 - 00:24:14: [freaks/ff2_1st_set_abilities.ff2] [FF2] Cannot give ammo to weapon tf_weapon_knife (boss )-check your config!
L 12/28/2020 - 00:24:50: [freaks/ff2_1st_set_abilities.ff2] [FF2] Cannot give ammo to weapon tf_weapon_knife (boss )-check your config!
L 12/28/2020 - 00:24:50: [freaks/ff2_1st_set_abilities.ff2] [FF2] Cannot give ammo to weapon tf_weapon_knife (boss )-check your config!
L 12/28/2020 - 00:25:26: [freaks/ff2_1st_set_abilities.ff2] [FF2] Cannot give ammo to weapon tf_weapon_knife (boss )-check your config!
L 12/28/2020 - 00:25:27: [freaks/ff2_1st_set_abilities.ff2] [FF2] Cannot give ammo to weapon tf_weapon_knife (boss )-check your config!
L 12/28/2020 - 00:25:27: [freaks/ff2_1st_set_abilities.ff2] [FF2] Cannot give ammo to weapon tf_weapon_knife (boss )-check your config!
L 12/28/2020 - 00:26:27: [freaks/ff2_1st_set_abilities.ff2] [FF2] Cannot give ammo to weapon tf_weapon_knife (boss )-check your config!
L 12/28/2020 - 00:26:27: [freaks/ff2_1st_set_abilities.ff2] [FF2] Cannot give ammo to weapon tf_weapon_knife (boss )-check your config!
L 12/28/2020 - 00:26:27: [freaks/ff2_1st_set_abilities.ff2] [FF2] Cannot give ammo to weapon tf_weapon_knife (boss )-check your config!
L 12/28/2020 - 00:26:27: [freaks/ff2_1st_set_abilities.ff2] [FF2] Cannot give ammo to weapon tf_weapon_knife (boss )-check your config!
L 12/28/2020 - 00:41:27: Error log file session closed.
L 12/28/2020 - 01:57:04: SourceMod error session started
L 12/28/2020 - 01:57:04: Info (map "vsh_yammoe_rc3") (file "/home/steamsrv/tf2/tf/addons/sourcemod/logs/errors_20201228.log")
L 12/28/2020 - 01:57:04: [freaks/shadow93_abilities.ff2] [SHADoW93 Minions] Blutarch Mann has an invalid  formula for minions, using default health!
L 12/28/2020 - 02:01:40: [freaks/shadow93_abilities.ff2] [SHADoW93 Minions] Redmond Mann has an invalid  formula for minions, using default health!
L 12/28/2020 - 02:01:40: [freaks/shadow93_abilities.ff2] [SHADoW93 Minions] Redmond Mann has an invalid  formula for minions, using default health!
L 12/28/2020 - 02:17:47: Error log file session closed.
L 12/28/2020 - 19:32:59: SourceMod error session started
L 12/28/2020 - 19:32:59: Info (map "vsh_tranquil_b5") (file "/home/steamsrv/tf2/tf/addons/sourcemod/logs/errors_20201228.log")
L 12/28/2020 - 19:32:59: [freaks/shadow93_abilities.ff2] [SHADoW93 Minions] Blutarch Mann has an invalid  formula for minions, using default health!
L 12/28/2020 - 19:32:59: [freaks/shadow93_abilities.ff2] [SHADoW93 Minions] Blutarch Mann has an invalid  formula for minions, using default health!
L 12/28/2020 - 19:32:59: [freaks/shadow93_abilities.ff2] [SHADoW93 Minions] Blutarch Mann has an invalid  formula for minions, using default health!
L 12/28/2020 - 19:34:41: [freaks/ff2_1st_set_abilities.ff2] [FF2] Cannot give ammo to weapon tf_weapon_knife (boss )-check your config!
L 12/28/2020 - 19:48:29: [freaks/shadow93_abilities.ff2] [SHADoW93 Minions] Redmond Mann has an invalid  formula for minions, using default health!
L 12/28/2020 - 19:48:29: [freaks/shadow93_abilities.ff2] [SHADoW93 Minions] Redmond Mann has an invalid  formula for minions, using default health!
L 12/28/2020 - 19:48:29: [freaks/shadow93_abilities.ff2] [SHADoW93 Minions] Redmond Mann has an invalid  formula for minions, using default health!
L 12/28/2020 - 19:54:57: [freaks/ff2_1st_set_abilities.ff2] [FF2] Cannot give ammo to weapon tf_weapon_knife (boss )-check your config!
L 12/28/2020 - 19:54:57: [freaks/ff2_1st_set_abilities.ff2] [FF2] Cannot give ammo to weapon tf_weapon_knife (boss )-check your config!
L 12/28/2020 - 19:54:57: [freaks/ff2_1st_set_abilities.ff2] [FF2] Cannot give ammo to weapon tf_weapon_knife (boss )-check your config!
L 12/28/2020 - 19:54:57: [freaks/ff2_1st_set_abilities.ff2] [FF2] Cannot give ammo to weapon tf_weapon_knife (boss )-check your config!
L 12/28/2020 - 19:56:08: [freaks/ff2_1st_set_abilities.ff2] [FF2] Cannot give ammo to weapon tf_weapon_knife (boss )-check your config!
L 12/28/2020 - 19:56:08: [freaks/ff2_1st_set_abilities.ff2] [FF2] Cannot give ammo to weapon tf_weapon_knife (boss )-check your config!
L 12/28/2020 - 19:56:08: [freaks/ff2_1st_set_abilities.ff2] [FF2] Cannot give ammo to weapon tf_weapon_knife (boss )-check your config!
L 12/28/2020 - 19:56:08: [freaks/ff2_1st_set_abilities.ff2] [FF2] Cannot give ammo to weapon tf_weapon_knife (boss )-check your config!
L 12/28/2020 - 19:56:08: [freaks/ff2_1st_set_abilities.ff2] [FF2] Cannot give ammo to weapon tf_weapon_knife (boss )-check your config!
L 12/28/2020 - 19:56:51: [freaks/ff2_1st_set_abilities.ff2] [FF2] Cannot give ammo to weapon tf_weapon_knife (boss )-check your config!
L 12/28/2020 - 19:56:51: [freaks/ff2_1st_set_abilities.ff2] [FF2] Cannot give ammo to weapon tf_weapon_knife (boss )-check your config!
L 12/28/2020 - 19:56:51: [freaks/ff2_1st_set_abilities.ff2] [FF2] Cannot give ammo to weapon tf_weapon_knife (boss )-check your config!
L 12/28/2020 - 19:56:51: [freaks/ff2_1st_set_abilities.ff2] [FF2] Cannot give ammo to weapon tf_weapon_knife (boss )-check your config!
L 12/28/2020 - 19:56:51: [freaks/ff2_1st_set_abilities.ff2] [FF2] Cannot give ammo to weapon tf_weapon_knife (boss )-check your config!
L 12/28/2020 - 19:57:19: [freaks/ff2_1st_set_abilities.ff2] [FF2] Cannot give ammo to weapon tf_weapon_knife (boss )-check your config!
L 12/28/2020 - 19:57:19: [freaks/ff2_1st_set_abilities.ff2] [FF2] Cannot give ammo to weapon tf_weapon_knife (boss )-check your config!
L 12/28/2020 - 19:57:19: [freaks/ff2_1st_set_abilities.ff2] [FF2] Cannot give ammo to weapon tf_weapon_knife (boss )-check your config!
L 12/28/2020 - 19:57:19: [freaks/ff2_1st_set_abilities.ff2] [FF2] Cannot give ammo to weapon tf_weapon_knife (boss )-check your config!
L 12/28/2020 - 19:57:19: [freaks/ff2_1st_set_abilities.ff2] [FF2] Cannot give ammo to weapon tf_weapon_knife (boss )-check your config!
L 12/28/2020 - 19:57:19: [freaks/ff2_1st_set_abilities.ff2] [FF2] Cannot give ammo to weapon tf_weapon_knife (boss )-check your config!
L 12/28/2020 - 19:57:47: Error log file session closed.
L 12/28/2020 - 20:24:24: SourceMod error session started
L 12/28/2020 - 20:24:24: Info (map "vsh_crevice_b5") (file "/home/steamsrv/tf2/tf/addons/sourcemod/logs/errors_20201228.log")
L 12/28/2020 - 20:24:24: [freaks/shadow93_abilities.ff2] [SHADoW93 Minions] Blutarch Mann has an invalid  formula for minions, using default health!
L 12/28/2020 - 20:24:24: [freaks/shadow93_abilities.ff2] [SHADoW93 Minions] Blutarch Mann has an invalid  formula for minions, using default health!
L 12/28/2020 - 20:24:24: [freaks/shadow93_abilities.ff2] [SHADoW93 Minions] Blutarch Mann has an invalid  formula for minions, using default health!
L 12/28/2020 - 20:25:19: [freaks/shadow93_abilities.ff2] [SHADoW93 Minions] Blutarch Mann has an invalid  formula for minions, using default health!
L 12/28/2020 - 20:29:50: Error log file session closed.
L 12/28/2020 - 20:33:00: SourceMod error session started
L 12/28/2020 - 20:33:00: Info (map "vsh_minegay_reworked_v2") (file "/home/steamsrv/tf2/tf/addons/sourcemod/logs/errors_20201228.log")
L 12/28/2020 - 20:33:00: [freaks/ff2_1st_set_abilities.ff2] [FF2] Cannot give ammo to weapon tf_weapon_knife (boss )-check your config!
L 12/28/2020 - 20:33:00: [freaks/ff2_1st_set_abilities.ff2] [FF2] Cannot give ammo to weapon tf_weapon_knife (boss )-check your config!
L 12/28/2020 - 21:02:14: Error log file session closed.
L 12/28/2020 - 21:21:08: SourceMod error session started
L 12/28/2020 - 21:21:08: Info (map "vsh_yammoe_rc3") (file "/home/steamsrv/tf2/tf/addons/sourcemod/logs/errors_20201228.log")
L 12/28/2020 - 21:21:08: [freaks/shadow93_abilities.ff2] [SHADoW93 Minions] [DUO] Blutarch Mann has an invalid -1 formula for minions, using default health!
L 12/28/2020 - 21:21:08: [freaks/shadow93_abilities.ff2] [SHADoW93 Minions] [DUO] Blutarch Mann has an invalid -1 formula for minions, using default health!
L 12/28/2020 - 21:21:08: [freaks/shadow93_abilities.ff2] [SHADoW93 Minions] [DUO] Blutarch Mann has an invalid -1 formula for minions, using default health!
L 12/28/2020 - 21:32:42: Error log file session closed.
L 12/28/2020 - 21:35:22: SourceMod error session started
L 12/28/2020 - 21:35:22: Info (map "vsh_castle_siege_unreal_sg1") (file "/home/steamsrv/tf2/tf/addons/sourcemod/logs/errors_20201228.log")
L 12/28/2020 - 21:35:22: [freaks/ff2_1st_set_abilities.ff2] [FF2] Cannot give ammo to weapon tf_weapon_knife (boss )-check your config!
L 12/28/2020 - 21:35:22: [freaks/ff2_1st_set_abilities.ff2] [FF2] Cannot give ammo to weapon tf_weapon_knife (boss )-check your config!
L 12/28/2020 - 21:35:22: [freaks/ff2_1st_set_abilities.ff2] [FF2] Cannot give ammo to weapon tf_weapon_knife (boss )-check your config!
L 12/28/2020 - 21:35:22: [freaks/ff2_1st_set_abilities.ff2] [FF2] Cannot give ammo to weapon tf_weapon_knife (boss )-check your config!
L 12/28/2020 - 21:35:22: [freaks/ff2_1st_set_abilities.ff2] [FF2] Cannot give ammo to weapon tf_weapon_knife (boss )-check your config!
L 12/28/2020 - 21:35:22: [freaks/ff2_1st_set_abilities.ff2] [FF2] Cannot give ammo to weapon tf_weapon_knife (boss )-check your config!
L 12/28/2020 - 21:35:23: [freaks/ff2_1st_set_abilities.ff2] [FF2] Cannot give ammo to weapon tf_weapon_knife (boss )-check your config!
L 12/28/2020 - 21:35:23: [freaks/ff2_1st_set_abilities.ff2] [FF2] Cannot give ammo to weapon tf_weapon_knife (boss )-check your config!
L 12/28/2020 - 21:35:23: [freaks/ff2_1st_set_abilities.ff2] [FF2] Cannot give ammo to weapon tf_weapon_knife (boss )-check your config!
L 12/28/2020 - 21:35:23: [freaks/ff2_1st_set_abilities.ff2] [FF2] Cannot give ammo to weapon tf_weapon_knife (boss )-check your config!
L 12/28/2020 - 21:35:23: [freaks/ff2_1st_set_abilities.ff2] [FF2] Cannot give ammo to weapon tf_weapon_knife (boss )-check your config!
L 12/28/2020 - 21:47:11: [freaks/shadow93_abilities.ff2] [SHADoW93 Minions] Redmond Mann has an invalid  formula for minions, using default health!
L 12/28/2020 - 21:47:11: [freaks/shadow93_abilities.ff2] [SHADoW93 Minions] Redmond Mann has an invalid  formula for minions, using default health!
L 12/28/2020 - 21:47:11: [freaks/shadow93_abilities.ff2] [SHADoW93 Minions] Redmond Mann has an invalid  formula for minions, using default health!
L 12/28/2020 - 21:47:11: [freaks/shadow93_abilities.ff2] [SHADoW93 Minions] Redmond Mann has an invalid  formula for minions, using default health!
L 12/28/2020 - 21:47:47: [freaks/shadow93_abilities.ff2] [SHADoW93 Minions] Redmond Mann has an invalid  formula for minions, using default health!
L 12/28/2020 - 21:47:47: [freaks/shadow93_abilities.ff2] [SHADoW93 Minions] Redmond Mann has an invalid  formula for minions, using default health!
L 12/28/2020 - 21:47:47: [freaks/shadow93_abilities.ff2] [SHADoW93 Minions] Redmond Mann has an invalid  formula for minions, using default health!
L 12/28/2020 - 21:47:47: [freaks/shadow93_abilities.ff2] [SHADoW93 Minions] Redmond Mann has an invalid  formula for minions, using default health!
L 12/28/2020 - 22:05:43: Error log file session closed.
L 12/28/2020 - 22:07:40: SourceMod error session started
L 12/28/2020 - 22:07:40: Info (map "vsh_egyptyspot_v2") (file "/home/steamsrv/tf2/tf/addons/sourcemod/logs/errors_20201228.log")
L 12/28/2020 - 22:07:40: [freaks/shadow93_abilities.ff2] [SHADoW93 Minions] Blutarch Mann has an invalid  formula for minions, using default health!
L 12/28/2020 - 22:07:40: [freaks/shadow93_abilities.ff2] [SHADoW93 Minions] Blutarch Mann has an invalid  formula for minions, using default health!
L 12/28/2020 - 22:11:26: [freaks/shadow93_abilities.ff2] [SHADoW93 Minions] Blutarch Mann has an invalid  formula for minions, using default health!
L 12/28/2020 - 22:19:55: [freaks/shadow93_abilities.ff2] [SHADoW93 Minions] Redmond Mann has an invalid  formula for minions, using default health!
L 12/28/2020 - 22:19:55: [freaks/shadow93_abilities.ff2] [SHADoW93 Minions] Redmond Mann has an invalid  formula for minions, using default health!
L 12/28/2020 - 22:20:47: [freaks/shadow93_abilities.ff2] [SHADoW93 Minions] Redmond Mann has an invalid  formula for minions, using default health!
L 12/28/2020 - 22:20:47: [freaks/shadow93_abilities.ff2] [SHADoW93 Minions] Redmond Mann has an invalid  formula for minions, using default health!
L 12/28/2020 - 22:20:47: [freaks/shadow93_abilities.ff2] [SHADoW93 Minions] Redmond Mann has an invalid  formula for minions, using default health!
L 12/28/2020 - 22:20:47: [freaks/shadow93_abilities.ff2] [SHADoW93 Minions] Redmond Mann has an invalid  formula for minions, using default health!
L 12/28/2020 - 22:23:10: [freaks/shadow93_abilities.ff2] [SHADoW93 Minions] Blutarch Mann has an invalid  formula for minions, using default health!
L 12/28/2020 - 22:23:10: [freaks/shadow93_abilities.ff2] [SHADoW93 Minions] Blutarch Mann has an invalid  formula for minions, using default health!
L 12/28/2020 - 22:23:10: [freaks/shadow93_abilities.ff2] [SHADoW93 Minions] Blutarch Mann has an invalid  formula for minions, using default health!
L 12/28/2020 - 22:23:10: [freaks/shadow93_abilities.ff2] [SHADoW93 Minions] Blutarch Mann has an invalid  formula for minions, using default health!
L 12/28/2020 - 22:24:52: [freaks/shadow93_abilities.ff2] [SHADoW93 Minions] Blutarch Mann has an invalid  formula for minions, using default health!
L 12/28/2020 - 22:24:52: [freaks/shadow93_abilities.ff2] [SHADoW93 Minions] Blutarch Mann has an invalid  formula for minions, using default health!
L 12/28/2020 - 22:24:52: [freaks/shadow93_abilities.ff2] [SHADoW93 Minions] Blutarch Mann has an invalid  formula for minions, using default health!
L 12/28/2020 - 22:24:52: [freaks/shadow93_abilities.ff2] [SHADoW93 Minions] Blutarch Mann has an invalid  formula for minions, using default health!
L 12/28/2020 - 22:39:04: Error log file session closed.
L 12/28/2020 - 22:41:36: SourceMod error session started
L 12/28/2020 - 22:41:36: Info (map "vsh_crevice_b5") (file "/home/steamsrv/tf2/tf/addons/sourcemod/logs/errors_20201228.log")
L 12/28/2020 - 22:41:36: [freaks/ff2_1st_set_abilities.ff2] [FF2] Cannot give ammo to weapon tf_weapon_knife (boss )-check your config!
L 12/28/2020 - 22:41:36: [freaks/ff2_1st_set_abilities.ff2] [FF2] Cannot give ammo to weapon tf_weapon_knife (boss )-check your config!
L 12/28/2020 - 22:41:36: [freaks/ff2_1st_set_abilities.ff2] [FF2] Cannot give ammo to weapon tf_weapon_knife (boss )-check your config!
L 12/28/2020 - 22:41:36: [freaks/ff2_1st_set_abilities.ff2] [FF2] Cannot give ammo to weapon tf_weapon_knife (boss )-check your config!
L 12/28/2020 - 22:41:36: [freaks/ff2_1st_set_abilities.ff2] [FF2] Cannot give ammo to weapon tf_weapon_knife (boss )-check your config!
L 12/28/2020 - 22:41:36: [freaks/ff2_1st_set_abilities.ff2] [FF2] Cannot give ammo to weapon tf_weapon_knife (boss )-check your config!
L 12/28/2020 - 22:41:36: [freaks/ff2_1st_set_abilities.ff2] [FF2] Cannot give ammo to weapon tf_weapon_knife (boss )-check your config!
L 12/28/2020 - 22:41:36: [freaks/ff2_1st_set_abilities.ff2] [FF2] Cannot give ammo to weapon tf_weapon_knife (boss )-check your config!
L 12/28/2020 - 22:41:36: [freaks/ff2_1st_set_abilities.ff2] [FF2] Cannot give ammo to weapon tf_weapon_knife (boss )-check your config!
L 12/28/2020 - 22:41:36: [freaks/ff2_1st_set_abilities.ff2] [FF2] Cannot give ammo to weapon tf_weapon_knife (boss )-check your config!
L 12/28/2020 - 23:13:17: Error log file session closed.
