L 12/06/2020 - 04:16:05: SourceMod error session started
L 12/06/2020 - 04:16:05: Info (map "vsh_nebula_rc1") (file "/home/steamsrv/tf2/tf/addons/sourcemod/logs/errors_20201206.log")
L 12/06/2020 - 04:16:05: [tf2attributes.smx] Could not initialize call to CEconItem::SetCustomName
L 12/06/2020 - 04:16:05: [store.smx] Gifts! isn't installed or failed to load. Gifts support will be disabled. Please install Gifts. (http://forums.alliedmods.net/showthread.php?t=175185)
L 12/06/2020 - 04:16:05: [store.smx] Database connection is lost or not yet initialized.
L 12/06/2020 - 04:16:05: [store.smx] Database connection is lost or not yet initialized.
L 12/06/2020 - 04:16:19: Error log file session closed.
L 12/06/2020 - 04:43:04: SourceMod error session started
L 12/06/2020 - 04:43:04: Info (map "vsh_area_54tress_b4") (file "/home/steamsrv/tf2/tf/addons/sourcemod/logs/errors_20201206.log")
L 12/06/2020 - 04:43:04: [SM] Plugin "roundtimer.smx" encountered error 23: Native detected error
L 12/06/2020 - 04:43:04: [SM] Invalid timer handle 830a08af (error 3) during timer end, displayed function is timer callback, not the stack trace
L 12/06/2020 - 04:43:04: [SM] Unable to call function "Timer_Round" due to above error(s).
L 12/06/2020 - 04:49:57: Error log file session closed.
L 12/06/2020 - 05:05:46: SourceMod error session started
L 12/06/2020 - 05:05:46: Info (map "vsh_apg_v2_sg1") (file "/home/steamsrv/tf2/tf/addons/sourcemod/logs/errors_20201206.log")
L 12/06/2020 - 05:05:46: [SM] Plugin "roundtimer.smx" encountered error 23: Native detected error
L 12/06/2020 - 05:05:46: [SM] Invalid timer handle bb610314 (error 3) during timer end, displayed function is timer callback, not the stack trace
L 12/06/2020 - 05:05:46: [SM] Unable to call function "Timer_Round" due to above error(s).
L 12/06/2020 - 05:09:07: Error log file session closed.
L 12/06/2020 - 07:33:37: SourceMod error session started
L 12/06/2020 - 07:33:37: Info (map "vsh_apg_v2_sg1") (file "/home/steamsrv/tf2/tf/addons/sourcemod/logs/errors_20201206.log")
L 12/06/2020 - 07:33:37: [SM] Plugin "roundtimer.smx" encountered error 23: Native detected error
L 12/06/2020 - 07:33:37: [SM] Invalid timer handle 2df309d3 (error 3) during timer end, displayed function is timer callback, not the stack trace
L 12/06/2020 - 07:33:37: [SM] Unable to call function "Timer_Round" due to above error(s).
L 12/06/2020 - 07:37:05: Error log file session closed.
L 12/06/2020 - 19:27:38: SourceMod error session started
L 12/06/2020 - 19:27:38: Info (map "vsh_apg_v2_sg1") (file "/home/steamsrv/tf2/tf/addons/sourcemod/logs/errors_20201206.log")
L 12/06/2020 - 19:27:38: [SM] Plugin "roundtimer.smx" encountered error 23: Native detected error
L 12/06/2020 - 19:27:38: [SM] Invalid timer handle df06081c (error 3) during timer end, displayed function is timer callback, not the stack trace
L 12/06/2020 - 19:27:38: [SM] Unable to call function "Timer_Round" due to above error(s).
L 12/06/2020 - 19:27:38: [freaks/ff2_1st_set_abilities.ff2] [FF2 Bosses] Model 'models\props_halloween\eyeball_projectile.mdl' isn't precached!  Please check Freddy Krueger's "mod_precache"
L 12/06/2020 - 19:28:00: Error log file session closed.
L 12/06/2020 - 19:40:01: SourceMod error session started
L 12/06/2020 - 19:40:01: Info (map "vsh_mountainbash_v3_sg1") (file "/home/steamsrv/tf2/tf/addons/sourcemod/logs/errors_20201206.log")
L 12/06/2020 - 19:40:01: [SM] Exception reported: Client index 0 is invalid
L 12/06/2020 - 19:40:01: [SM] Blaming: freaks/ffbat_publicpack.ff2
L 12/06/2020 - 19:40:01: [SM] Call stack trace:
L 12/06/2020 - 19:40:01: [SM]   [0] GetClientTeam
L 12/06/2020 - 19:40:01: [SM]   [1] Line 1097, FF2 Subplugin: Bat's Public Pack::Apply_Overlay
L 12/07/2020 - 00:57:38: Error log file session closed.
