L 07/25/2020 - 22:52:35: SourceMod error session started
L 07/25/2020 - 22:52:35: Info (map "arena_lumberyard") (file "/home/steamsrv/tf2/tf/addons/sourcemod/logs/errors_20200725.log")
L 07/25/2020 - 22:52:35: [SM] Fatal error encountered parsing translation file "ff2_1st_set.phrases.txt"
L 07/25/2020 - 22:52:35: [SM] Error (line 0, column 0): Stream failed to open
L 07/25/2020 - 23:03:25: SourceMod error session started
L 07/25/2020 - 23:03:25: Info (map "arena_lumberyard") (file "/home/steamsrv/tf2/tf/addons/sourcemod/logs/errors_20200725.log")
L 07/25/2020 - 23:03:25: [tf2attributes.smx] Could not initialize call to CEconItem::SetCustomName
L 07/25/2020 - 23:03:25: [store.smx] Gifts! isn't installed or failed to load. Gifts support will be disabled. Please install Gifts. (http://forums.alliedmods.net/showthread.php?t=175185)
L 07/25/2020 - 23:05:45: [SM] Fatal error encountered parsing translation file "ff2_1st_set.phrases.txt"
L 07/25/2020 - 23:05:45: [SM] Error (line 0, column 0): Stream failed to open
L 07/25/2020 - 23:05:53: [tf2attributes.smx] Could not initialize call to CEconItem::SetCustomName
L 07/25/2020 - 23:05:53: [store.smx] Gifts! isn't installed or failed to load. Gifts support will be disabled. Please install Gifts. (http://forums.alliedmods.net/showthread.php?t=175185)
L 07/25/2020 - 23:05:53: [store.smx] Database connection is lost or not yet initialized.
L 07/25/2020 - 23:07:33: [tf2attributes.smx] Could not initialize call to CEconItem::SetCustomName
L 07/25/2020 - 23:07:33: [store.smx] Gifts! isn't installed or failed to load. Gifts support will be disabled. Please install Gifts. (http://forums.alliedmods.net/showthread.php?t=175185)
L 07/25/2020 - 23:07:33: [store.smx] Database connection is lost or not yet initialized.
L 07/25/2020 - 23:18:48: [tf2attributes.smx] Could not initialize call to CEconItem::SetCustomName
L 07/25/2020 - 23:18:49: [store.smx] Gifts! isn't installed or failed to load. Gifts support will be disabled. Please install Gifts. (http://forums.alliedmods.net/showthread.php?t=175185)
L 07/25/2020 - 23:18:49: [store.smx] Database connection is lost or not yet initialized.
L 07/25/2020 - 23:25:30: [tf2attributes.smx] Could not initialize call to CEconItem::SetCustomName
L 07/25/2020 - 23:25:31: [store.smx] Gifts! isn't installed or failed to load. Gifts support will be disabled. Please install Gifts. (http://forums.alliedmods.net/showthread.php?t=175185)
L 07/25/2020 - 23:25:31: [store.smx] Database connection is lost or not yet initialized.
L 07/25/2020 - 23:26:55: [tf2attributes.smx] Could not initialize call to CEconItem::SetCustomName
L 07/25/2020 - 23:26:56: [store.smx] Gifts! isn't installed or failed to load. Gifts support will be disabled. Please install Gifts. (http://forums.alliedmods.net/showthread.php?t=175185)
L 07/25/2020 - 23:26:56: [store.smx] Database connection is lost or not yet initialized.
L 07/25/2020 - 23:29:20: [tf2attributes.smx] Could not initialize call to CEconItem::SetCustomName
L 07/25/2020 - 23:29:20: [store.smx] Gifts! isn't installed or failed to load. Gifts support will be disabled. Please install Gifts. (http://forums.alliedmods.net/showthread.php?t=175185)
L 07/25/2020 - 23:29:20: [store.smx] Database connection is lost or not yet initialized.
L 07/25/2020 - 23:31:45: [tf2attributes.smx] Could not initialize call to CEconItem::SetCustomName
L 07/25/2020 - 23:31:45: [store.smx] Gifts! isn't installed or failed to load. Gifts support will be disabled. Please install Gifts. (http://forums.alliedmods.net/showthread.php?t=175185)
L 07/25/2020 - 23:31:45: [store.smx] Database connection is lost or not yet initialized.
L 07/25/2020 - 23:35:06: [tf2attributes.smx] Could not initialize call to CEconItem::SetCustomName
L 07/25/2020 - 23:35:07: [store.smx] Gifts! isn't installed or failed to load. Gifts support will be disabled. Please install Gifts. (http://forums.alliedmods.net/showthread.php?t=175185)
L 07/25/2020 - 23:35:07: [store.smx] Database connection is lost or not yet initialized.
L 07/25/2020 - 23:35:24: Error log file session closed.
L 07/25/2020 - 23:35:24: SourceMod error session started
L 07/25/2020 - 23:35:24: Info (map "arena_lumberyard") (file "/home/steamsrv/tf2/tf/addons/sourcemod/logs/errors_20200725.log")
L 07/25/2020 - 23:35:24: [SM] Fatal error encountered parsing translation file "ff2_1st_set.phrases.txt"
L 07/25/2020 - 23:35:24: [SM] Error (line 0, column 0): Stream failed to open
L 07/25/2020 - 23:45:05: [tf2attributes.smx] Could not initialize call to CEconItem::SetCustomName
L 07/25/2020 - 23:45:06: [store.smx] Gifts! isn't installed or failed to load. Gifts support will be disabled. Please install Gifts. (http://forums.alliedmods.net/showthread.php?t=175185)
L 07/25/2020 - 23:45:06: [store.smx] Database connection is lost or not yet initialized.
L 07/25/2020 - 23:48:56: [tf2attributes.smx] Could not initialize call to CEconItem::SetCustomName
L 07/25/2020 - 23:48:57: [store.smx] Gifts! isn't installed or failed to load. Gifts support will be disabled. Please install Gifts. (http://forums.alliedmods.net/showthread.php?t=175185)
L 07/25/2020 - 23:48:57: [store.smx] Database connection is lost or not yet initialized.
L 07/25/2020 - 23:52:10: [tf2attributes.smx] Could not initialize call to CEconItem::SetCustomName
L 07/25/2020 - 23:52:10: [store.smx] Gifts! isn't installed or failed to load. Gifts support will be disabled. Please install Gifts. (http://forums.alliedmods.net/showthread.php?t=175185)
L 07/25/2020 - 23:52:10: [store.smx] Database connection is lost or not yet initialized.
L 07/26/2020 - 00:00:29: Error log file session closed.
