L 04/02/2021 - 17:10:56: SourceMod log file session started (file "/home/frenzoid/TF2_FF2/tf/addons/sourcemod/logs/L20210402.log") (Version "1.10.0.6490")
L 04/02/2021 - 17:10:56: [SM] Changed map to "vsh_dunger_b2a"
L 04/02/2021 - 17:11:01: -------- Mapchange to vsh_dunger_b2a --------
L 04/02/2021 - 17:11:10: [mapchooser_extended.smx] Loaded map list for tf.
L 04/02/2021 - 17:13:33: [mapchooser_extended.smx] Starting map vote because outside request
L 04/02/2021 - 17:13:49: [mapchooser_extended.smx] Voting for next map has started.
L 04/02/2021 - 17:13:57: [mapchooser_extended.smx] Voting for next map has finished. Nextmap: vsh_gyros_v5.
L 04/02/2021 - 17:14:01: [SM] Changed map to "vsh_gyros_v5"
L 04/02/2021 - 17:14:05: -------- Mapchange to vsh_gyros_v5 --------
L 04/02/2021 - 17:14:11: [mapchooser_extended.smx] Loaded map list for tf.
L 04/02/2021 - 17:34:27: [mapchooser_extended.smx] Voting for next map has started.
L 04/02/2021 - 17:34:44: [mapchooser_extended.smx] Voting for next map has started.
L 04/02/2021 - 17:34:49: [mapchooser_extended.smx] Voting for next map has finished. The current map has been extended.
L 04/02/2021 - 17:52:56: [playercommands.smx] "Nezzie<89><[U:1:107910185]><>" slapped "Milk<85><[U:1:350726162]><>" (damage "0")
L 04/02/2021 - 17:53:02: [playercommands.smx] "Nezzie<89><[U:1:107910185]><>" slapped "Milk<85><[U:1:350726162]><>" (damage "0")
L 04/02/2021 - 17:53:03: [playercommands.smx] "Nezzie<89><[U:1:107910185]><>" slapped "Milk<85><[U:1:350726162]><>" (damage "0")
L 04/02/2021 - 17:53:03: [playercommands.smx] "Nezzie<89><[U:1:107910185]><>" slapped "Milk<85><[U:1:350726162]><>" (damage "0")
L 04/02/2021 - 17:53:17: [basechat.smx] "F1SH<90><[U:1:445849108]><>" triggered sm_msay (text milk ur fucking smelly)
L 04/02/2021 - 17:54:29: [mapchooser_extended.smx] Voting for next map has started.
L 04/02/2021 - 17:54:43: [mapchooser_extended.smx] Voting for next map has finished. Nextmap: vsh_nebula_rc1.
L 04/02/2021 - 18:06:42: [SM] Changed map to "vsh_nebula_rc1"
L 04/02/2021 - 18:06:44: -------- Mapchange to vsh_nebula_rc1 --------
L 04/02/2021 - 18:06:51: [mapchooser_extended.smx] Loaded map list for tf.
L 04/02/2021 - 18:08:33: [respawn.smx] "Nezzie<89><[U:1:107910185]><>" respawned "Milk<85><[U:1:350726162]><>"
L 04/02/2021 - 18:08:45: [respawn.smx] "tissue<90><[U:1:445849108]><>" respawned "head-scratcher<93><[U:1:136056777]><>"
L 04/02/2021 - 18:11:06: [respawn.smx] "Nezzie<89><[U:1:107910185]><>" respawned "head-scratcher<93><[U:1:136056777]><>"
L 04/02/2021 - 18:11:16: [respawn.smx] "Nezzie<89><[U:1:107910185]><>" respawned "Milk<85><[U:1:350726162]><>"
L 04/02/2021 - 18:11:16: [funcommands.smx] "Nezzie<89><[U:1:107910185]><>" set a TimeBomb on "Milk<85><[U:1:350726162]><>"
L 04/02/2021 - 18:11:26: [funcommands.smx] "Nezzie<89><[U:1:107910185]><>" removed a TimeBomb on "Milk<85><[U:1:350726162]><>"
L 04/02/2021 - 18:11:32: [funcommands.smx] "Nezzie<89><[U:1:107910185]><>" set a FreezeBomb on "Milk<85><[U:1:350726162]><>"
L 04/02/2021 - 18:16:30: [supersprayhandler.smx] [SSH] Spray from Giggity (STEAM_0:1:449535509) has been removed by Nezzie
L 04/02/2021 - 18:17:06: [respawn.smx] "Nezzie<89><[U:1:107910185]><>" respawned "Milk<85><[U:1:350726162]><>"
L 04/02/2021 - 18:17:21: [playercommands.smx] "Nezzie<89><[U:1:107910185]><>" slayed "Milk<85><[U:1:350726162]><>"
L 04/02/2021 - 18:21:59: [respawn.smx] "tissue<90><[U:1:445849108]><>" respawned "Giggity<94><[U:1:899071019]><>"
L 04/02/2021 - 18:23:11: [respawn.smx] "Nezzie<89><[U:1:107910185]><>" respawned "rinzor<97><[U:1:103173271]><>"
L 04/02/2021 - 18:24:16: [funcommands.smx] "tissue<90><[U:1:445849108]><>" set a beacon on "Milk<85><[U:1:350726162]><>"
L 04/02/2021 - 18:24:27: [playercommands.smx] "Nezzie<89><[U:1:107910185]><>" slapped "Milk<85><[U:1:350726162]><>" (damage "0")
L 04/02/2021 - 18:24:27: [playercommands.smx] "Nezzie<89><[U:1:107910185]><>" slapped "Milk<85><[U:1:350726162]><>" (damage "0")
L 04/02/2021 - 18:24:27: [playercommands.smx] "Nezzie<89><[U:1:107910185]><>" slapped "Milk<85><[U:1:350726162]><>" (damage "0")
L 04/02/2021 - 18:24:28: [playercommands.smx] "Nezzie<89><[U:1:107910185]><>" slapped "Milk<85><[U:1:350726162]><>" (damage "0")
L 04/02/2021 - 18:24:28: [playercommands.smx] "Nezzie<89><[U:1:107910185]><>" slapped "Milk<85><[U:1:350726162]><>" (damage "0")
L 04/02/2021 - 18:24:28: [playercommands.smx] "Nezzie<89><[U:1:107910185]><>" slapped "Milk<85><[U:1:350726162]><>" (damage "0")
L 04/02/2021 - 18:24:28: [playercommands.smx] "Nezzie<89><[U:1:107910185]><>" slapped "Milk<85><[U:1:350726162]><>" (damage "0")
L 04/02/2021 - 18:24:28: [playercommands.smx] "Nezzie<89><[U:1:107910185]><>" slapped "Milk<85><[U:1:350726162]><>" (damage "0")
L 04/02/2021 - 18:24:28: [playercommands.smx] "Nezzie<89><[U:1:107910185]><>" slapped "Milk<85><[U:1:350726162]><>" (damage "0")
L 04/02/2021 - 18:24:29: [playercommands.smx] "Nezzie<89><[U:1:107910185]><>" slapped "Milk<85><[U:1:350726162]><>" (damage "0")
L 04/02/2021 - 18:24:29: [playercommands.smx] "Nezzie<89><[U:1:107910185]><>" slapped "Milk<85><[U:1:350726162]><>" (damage "0")
L 04/02/2021 - 18:24:29: [playercommands.smx] "Nezzie<89><[U:1:107910185]><>" slapped "Milk<85><[U:1:350726162]><>" (damage "0")
L 04/02/2021 - 18:24:29: [playercommands.smx] "Nezzie<89><[U:1:107910185]><>" slapped "Milk<85><[U:1:350726162]><>" (damage "0")
L 04/02/2021 - 18:24:29: [playercommands.smx] "Nezzie<89><[U:1:107910185]><>" slapped "Milk<85><[U:1:350726162]><>" (damage "0")
L 04/02/2021 - 18:24:29: [playercommands.smx] "Nezzie<89><[U:1:107910185]><>" slapped "Milk<85><[U:1:350726162]><>" (damage "0")
L 04/02/2021 - 18:24:30: [playercommands.smx] "Nezzie<89><[U:1:107910185]><>" slapped "Milk<85><[U:1:350726162]><>" (damage "0")
L 04/02/2021 - 18:24:30: [playercommands.smx] "Nezzie<89><[U:1:107910185]><>" slapped "Milk<85><[U:1:350726162]><>" (damage "0")
L 04/02/2021 - 18:24:30: [playercommands.smx] "Nezzie<89><[U:1:107910185]><>" slapped "Milk<85><[U:1:350726162]><>" (damage "0")
L 04/02/2021 - 18:24:30: [playercommands.smx] "Nezzie<89><[U:1:107910185]><>" slapped "Milk<85><[U:1:350726162]><>" (damage "0")
L 04/02/2021 - 18:24:30: [playercommands.smx] "Nezzie<89><[U:1:107910185]><>" slapped "Milk<85><[U:1:350726162]><>" (damage "0")
L 04/02/2021 - 18:24:30: [playercommands.smx] "Nezzie<89><[U:1:107910185]><>" slapped "Milk<85><[U:1:350726162]><>" (damage "0")
L 04/02/2021 - 18:24:30: [playercommands.smx] "Nezzie<89><[U:1:107910185]><>" slapped "Milk<85><[U:1:350726162]><>" (damage "0")
L 04/02/2021 - 18:24:31: [playercommands.smx] "Nezzie<89><[U:1:107910185]><>" slapped "Milk<85><[U:1:350726162]><>" (damage "0")
L 04/02/2021 - 18:24:31: [playercommands.smx] "Nezzie<89><[U:1:107910185]><>" slapped "Milk<85><[U:1:350726162]><>" (damage "0")
L 04/02/2021 - 18:24:37: [playercommands.smx] "Nezzie<89><[U:1:107910185]><>" slapped "Milk<85><[U:1:350726162]><>" (damage "0")
L 04/02/2021 - 18:24:37: [playercommands.smx] "Nezzie<89><[U:1:107910185]><>" slapped "Milk<85><[U:1:350726162]><>" (damage "0")
L 04/02/2021 - 18:24:37: [playercommands.smx] "Nezzie<89><[U:1:107910185]><>" slapped "Milk<85><[U:1:350726162]><>" (damage "0")
L 04/02/2021 - 18:24:37: [playercommands.smx] "Nezzie<89><[U:1:107910185]><>" slapped "Milk<85><[U:1:350726162]><>" (damage "0")
L 04/02/2021 - 18:24:37: [playercommands.smx] "Nezzie<89><[U:1:107910185]><>" slapped "Milk<85><[U:1:350726162]><>" (damage "0")
L 04/02/2021 - 18:24:38: [playercommands.smx] "Nezzie<89><[U:1:107910185]><>" slapped "Milk<85><[U:1:350726162]><>" (damage "0")
L 04/02/2021 - 18:24:41: [funcommands.smx] "Nezzie<89><[U:1:107910185]><>" set a beacon on "rinzor<97><[U:1:103173271]><>"
L 04/02/2021 - 18:27:06: [mapchooser_extended.smx] Voting for next map has started.
L 04/02/2021 - 18:27:37: [mapchooser_extended.smx] Voting for next map has finished. Nextmap: vsh_aperture_b4.
L 04/02/2021 - 18:29:01: [respawn.smx] "Nezzie<89><[U:1:107910185]><>" respawned "head-scratcher<93><[U:1:136056777]><>"
L 04/02/2021 - 18:39:06: [respawn.smx] "Nezzie<89><[U:1:107910185]><>" respawned "head-scratcher<93><[U:1:136056777]><>"
L 04/02/2021 - 18:39:35: [playercommands.smx] "tissue<90><[U:1:445849108]><>" slapped "rinzor<97><[U:1:103173271]><>" (damage "0")
L 04/02/2021 - 18:39:35: [playercommands.smx] "tissue<90><[U:1:445849108]><>" slapped "rinzor<97><[U:1:103173271]><>" (damage "0")
L 04/02/2021 - 18:39:47: [playercommands.smx] "tissue<90><[U:1:445849108]><>" slapped "tissue<90><[U:1:445849108]><>" (damage "0")
L 04/02/2021 - 18:39:48: [playercommands.smx] "tissue<90><[U:1:445849108]><>" slapped "tissue<90><[U:1:445849108]><>" (damage "0")
L 04/02/2021 - 18:39:48: [playercommands.smx] "tissue<90><[U:1:445849108]><>" slapped "tissue<90><[U:1:445849108]><>" (damage "0")
L 04/02/2021 - 18:39:49: [playercommands.smx] "tissue<90><[U:1:445849108]><>" slapped "tissue<90><[U:1:445849108]><>" (damage "0")
L 04/02/2021 - 18:39:49: [playercommands.smx] "tissue<90><[U:1:445849108]><>" slapped "tissue<90><[U:1:445849108]><>" (damage "0")
L 04/02/2021 - 18:39:50: [playercommands.smx] "tissue<90><[U:1:445849108]><>" slapped "tissue<90><[U:1:445849108]><>" (damage "0")
L 04/02/2021 - 18:40:08: [SM] Changed map to "vsh_aperture_b4"
L 04/02/2021 - 18:40:11: -------- Mapchange to vsh_aperture_b4 --------
L 04/02/2021 - 18:40:18: [mapchooser_extended.smx] Loaded map list for tf.
L 04/02/2021 - 18:42:44: [respawn.smx] "Nezzie<89><[U:1:107910185]><>" respawned "rinzor<97><[U:1:103173271]><>"
L 04/02/2021 - 18:43:11: [respawn.smx] "Nezzie<89><[U:1:107910185]><>" respawned "rinzor<97><[U:1:103173271]><>"
L 04/02/2021 - 19:00:33: [mapchooser_extended.smx] Voting for next map has started.
