L 09/05/2020 - 04:47:26: SourceMod log file session started (file "/home/steamsrv/tf2/tf/addons/sourcemod/logs/L20200905.log") (Version "1.10.0.6490")
L 09/05/2020 - 04:47:26: [TF2ITEMS] "GiveNamedItem" offset = 484
L 09/05/2020 - 04:47:26: [funcommandsX.smx] Game detected as Team Fortress 2: Source (GAME_TF2)
L 09/05/2020 - 04:47:26: [simple-chatprocessor.smx] [SCP] Recognized mod [Team Fortress 2].
L 09/05/2020 - 04:47:26: [simple-chatprocessor.smx] [SCP] Loading translation file [scp.tf.phrases].
L 09/05/2020 - 04:47:27: [freak_fortress_2.smx] Freak Fortress 2 199001 Loading...
L 09/05/2020 - 04:47:42: [mapchooser_extended.smx] Loaded map list for tf.
L 09/05/2020 - 04:52:20: [respawn.smx] "Nezzie<2><[U:1:107910185]><>" respawned "unspacy<3><[U:1:130638097]><>"
L 09/05/2020 - 04:54:32: [respawn.smx] "Nezzie<2><[U:1:107910185]><>" respawned "Nezzie<2><[U:1:107910185]><>"
L 09/05/2020 - 04:54:32: [respawn.smx] "Nezzie<2><[U:1:107910185]><>" respawned "unspacy<3><[U:1:130638097]><>"
L 09/05/2020 - 04:55:01: [respawn.smx] "Nezzie<2><[U:1:107910185]><>" respawned "Nezzie<2><[U:1:107910185]><>"
L 09/05/2020 - 04:55:56: [respawn.smx] "Nezzie<2><[U:1:107910185]><>" respawned "Nezzie<2><[U:1:107910185]><>"
L 09/05/2020 - 04:57:43: [basechat.smx] "Console<0><Console><Console>" triggered sm_say (text The round time has ended, omaewa-mou shindeiru)
L 09/05/2020 - 04:57:43: [playercommands.smx] "Console<0><Console><Console>" slayed "Nezzie<2><[U:1:107910185]><>"
L 09/05/2020 - 04:57:43: [playercommands.smx] "Console<0><Console><Console>" slayed "unspacy<3><[U:1:130638097]><>"
L 09/05/2020 - 04:57:43: [playercommands.smx] "Console<0><Console><Console>" slayed "CreditToTeam<4><BOT><>"
L 09/05/2020 - 04:57:43: [playercommands.smx] "Console<0><Console><Console>" slayed "BoomerBile<5><BOT><>"
L 09/05/2020 - 04:57:43: [playercommands.smx] "Console<0><Console><Console>" slayed "Someone Else<6><BOT><>"
L 09/05/2020 - 04:58:24: [respawn.smx] "Nezzie<2><[U:1:107910185]><>" respawned "Nezzie<2><[U:1:107910185]><>"
L 09/05/2020 - 04:59:55: [respawn.smx] "Nezzie<2><[U:1:107910185]><>" respawned "Nezzie<2><[U:1:107910185]><>"
L 09/05/2020 - 05:04:48: [respawn.smx] "Nezzie<2><[U:1:107910185]><>" respawned "Nezzie<2><[U:1:107910185]><>"
L 09/05/2020 - 05:06:01: [basechat.smx] "Console<0><Console><Console>" triggered sm_say (text The round time has ended, omaewa-mou shindeiru)
L 09/05/2020 - 05:06:01: [playercommands.smx] "Console<0><Console><Console>" slayed "Nezzie<2><[U:1:107910185]><>"
L 09/05/2020 - 05:06:01: [playercommands.smx] "Console<0><Console><Console>" slayed "unspacy<3><[U:1:130638097]><>"
L 09/05/2020 - 05:06:01: [playercommands.smx] "Console<0><Console><Console>" slayed "CreditToTeam<4><BOT><>"
L 09/05/2020 - 05:06:01: [playercommands.smx] "Console<0><Console><Console>" slayed "BoomerBile<5><BOT><>"
L 09/05/2020 - 05:06:01: [playercommands.smx] "Console<0><Console><Console>" slayed "Someone Else<6><BOT><>"
L 09/05/2020 - 05:08:04: [mapchooser_extended.smx] Voting for next map has started.
L 09/05/2020 - 05:08:25: [mapchooser_extended.smx] Voting for next map has finished. Nextmap: vsh_egyptyspot_v2.
L 09/05/2020 - 05:13:06: [respawn.smx] "Nezzie<2><[U:1:107910185]><>" respawned "unspacy<3><[U:1:130638097]><>"
L 09/05/2020 - 05:16:08: [respawn.smx] "Nezzie<2><[U:1:107910185]><>" respawned "Nezzie<2><[U:1:107910185]><>"
L 09/05/2020 - 05:17:37: [funcommandsX.smx] "Nezzie<2><[U:1:107910185]><>" teleported "BoomerBile<5><BOT><>"
L 09/05/2020 - 05:17:42: [funcommandsX.smx] "Nezzie<2><[U:1:107910185]><>" teleported "BoomerBile<5><BOT><>"
L 09/05/2020 - 05:17:47: [funcommandsX.smx] "Nezzie<2><[U:1:107910185]><>" teleported "BoomerBile<5><BOT><>"
L 09/05/2020 - 05:17:49: [funcommandsX.smx] "Nezzie<2><[U:1:107910185]><>" teleported "BoomerBile<5><BOT><>"
L 09/05/2020 - 05:17:51: [funcommandsX.smx] "Nezzie<2><[U:1:107910185]><>" teleported "BoomerBile<5><BOT><>"
L 09/05/2020 - 05:18:05: [funcommandsX.smx] "Nezzie<2><[U:1:107910185]><>" teleported "BoomerBile<5><BOT><>"
L 09/05/2020 - 05:18:07: [funcommandsX.smx] "Nezzie<2><[U:1:107910185]><>" teleported "BoomerBile<5><BOT><>"
L 09/05/2020 - 05:19:39: [respawn.smx] "Nezzie<2><[U:1:107910185]><>" respawned "Nezzie<2><[U:1:107910185]><>"
L 09/05/2020 - 05:20:43: [basechat.smx] "Console<0><Console><Console>" triggered sm_say (text The round time has ended, omaewa-mou shindeiru)
L 09/05/2020 - 05:20:43: [playercommands.smx] "Console<0><Console><Console>" slayed "Nezzie<2><[U:1:107910185]><>"
L 09/05/2020 - 05:20:43: [playercommands.smx] "Console<0><Console><Console>" slayed "unspacy<3><[U:1:130638097]><>"
L 09/05/2020 - 05:20:43: [playercommands.smx] "Console<0><Console><Console>" slayed "CreditToTeam<4><BOT><>"
L 09/05/2020 - 05:20:43: [playercommands.smx] "Console<0><Console><Console>" slayed "BoomerBile<5><BOT><>"
L 09/05/2020 - 05:20:43: [playercommands.smx] "Console<0><Console><Console>" slayed "Someone Else<6><BOT><>"
L 09/05/2020 - 05:21:01: [SM] Changed map to "vsh_egyptyspot_v2"
L 09/05/2020 - 05:21:03: -------- Mapchange to vsh_egyptyspot_v2 --------
L 09/05/2020 - 05:21:14: [mapchooser_extended.smx] Loaded map list for tf.
L 09/05/2020 - 05:41:28: [mapchooser_extended.smx] Voting for next map has started.
L 09/06/2020 - 21:21:42: Log file closed.
