L 02/14/2021 - 02:10:55: SourceMod log file session started (file "/home/steamsrv/tf2/tf/addons/sourcemod/logs/L20210214.log") (Version "1.10.0.6490")
L 02/14/2021 - 02:10:55: [SM] Changed map to "vsh_minegay_reworked_v2"
L 02/14/2021 - 02:10:57: -------- Mapchange to vsh_minegay_reworked_v2 --------
L 02/14/2021 - 02:11:10: [mapchooser_extended.smx] Loaded map list for tf.
L 02/14/2021 - 02:31:30: [mapchooser_extended.smx] Voting for next map has started.
L 02/14/2021 - 02:31:53: [mapchooser_extended.smx] Voting for next map has started.
L 02/14/2021 - 02:31:58: [mapchooser_extended.smx] Voting for next map has finished. Nextmap: vsh_warebloom_r1a.
L 02/14/2021 - 02:43:01: [SM] Changed map to "vsh_warebloom_r1a"
L 02/14/2021 - 02:43:05: -------- Mapchange to vsh_warebloom_r1a --------
L 02/14/2021 - 02:43:16: [mapchooser_extended.smx] Loaded map list for tf.
L 02/14/2021 - 03:03:30: [mapchooser_extended.smx] Voting for next map has started.
L 02/14/2021 - 05:29:13: [SM] Changed map to "vsh_west_event"
L 02/14/2021 - 05:29:18: -------- Mapchange to vsh_west_event --------
L 02/14/2021 - 05:29:28: [mapchooser_extended.smx] Loaded map list for tf.
L 02/14/2021 - 05:49:46: [mapchooser_extended.smx] Voting for next map has started.
L 02/14/2021 - 05:50:06: [mapchooser_extended.smx] Voting for next map has finished. Nextmap: vsh_tranquil_b5.
L 02/14/2021 - 06:00:36: [SM] Changed map to "vsh_tranquil_b5"
L 02/14/2021 - 06:00:39: -------- Mapchange to vsh_tranquil_b5 --------
L 02/14/2021 - 06:00:50: [mapchooser_extended.smx] Loaded map list for tf.
L 02/14/2021 - 06:21:07: [mapchooser_extended.smx] Voting for next map has started.
L 02/14/2021 - 06:21:33: [mapchooser_extended.smx] Voting for next map has started.
L 02/14/2021 - 06:21:54: [mapchooser_extended.smx] Voting for next map has finished. Nextmap: vsh_castle_siege_unreal_sg1.
L 02/14/2021 - 06:31:44: [SM] Changed map to "vsh_castle_siege_unreal_sg1"
L 02/14/2021 - 06:31:47: -------- Mapchange to vsh_castle_siege_unreal_sg1 --------
L 02/14/2021 - 06:31:57: [mapchooser_extended.smx] Loaded map list for tf.
L 02/14/2021 - 06:52:12: [mapchooser_extended.smx] Voting for next map has started.
L 02/14/2021 - 10:41:55: [SM] Changed map to "vsh_nebula_rc1"
L 02/14/2021 - 10:42:01: -------- Mapchange to vsh_nebula_rc1 --------
L 02/14/2021 - 10:42:11: [mapchooser_extended.smx] Loaded map list for tf.
L 02/14/2021 - 11:02:31: [mapchooser_extended.smx] Voting for next map has started.
L 02/14/2021 - 11:02:47: [mapchooser_extended.smx] Voting for next map has started.
L 02/14/2021 - 11:03:04: [mapchooser_extended.smx] Voting for next map has finished. Nextmap: vsh_void_a1f.
L 02/14/2021 - 11:06:24: [rockthevote_extended.smx] RTV changing map manually
L 02/14/2021 - 11:06:24: [SM] Changed map to "vsh_void_a1f"
L 02/14/2021 - 11:06:26: -------- Mapchange to vsh_void_a1f --------
L 02/14/2021 - 11:06:35: [mapchooser_extended.smx] Loaded map list for tf.
L 02/14/2021 - 11:08:52: [nominations_extended.smx] ❤Shiina nominated vsh_chinatown_b3
L 02/14/2021 - 11:08:55: [mapchooser_extended.smx] Starting map vote because outside request
L 02/14/2021 - 11:09:11: [mapchooser_extended.smx] Voting for next map has started.
L 02/14/2021 - 11:09:24: [mapchooser_extended.smx] Voting for next map has finished. Nextmap: vsh_chinatown_b3.
L 02/14/2021 - 11:09:28: [SM] Changed map to "vsh_chinatown_b3"
L 02/14/2021 - 11:09:34: -------- Mapchange to vsh_chinatown_b3 --------
L 02/14/2021 - 11:09:43: [mapchooser_extended.smx] Loaded map list for tf.
L 02/14/2021 - 11:30:00: [mapchooser_extended.smx] Voting for next map has started.
L 02/14/2021 - 11:30:11: [mapchooser_extended.smx] Voting for next map has started.
L 02/14/2021 - 11:30:27: [mapchooser_extended.smx] Voting for next map has finished. Nextmap: vsh_outdoors_b2a.
L 02/14/2021 - 11:33:38: [rockthevote_extended.smx] RTV changing map manually
L 02/14/2021 - 11:33:38: [SM] Changed map to "vsh_outdoors_b2a"
L 02/14/2021 - 11:33:44: -------- Mapchange to vsh_outdoors_b2a --------
L 02/14/2021 - 11:33:55: [mapchooser_extended.smx] Loaded map list for tf.
L 02/14/2021 - 11:54:10: [mapchooser_extended.smx] Voting for next map has started.
L 02/15/2021 - 00:03:49: Log file closed.
