L 01/10/2021 - 20:00:42: SourceMod log file session started (file "/home/steamsrv/tf2/tf/addons/sourcemod/logs/L20210110.log") (Version "1.10.0.6490")
L 01/10/2021 - 20:00:42: [SM] Changed map to "vsh_dirtmound_b9"
L 01/10/2021 - 20:00:45: -------- Mapchange to vsh_dirtmound_b9 --------
L 01/10/2021 - 20:00:56: [mapchooser_extended.smx] Loaded map list for tf.
L 01/10/2021 - 20:21:13: [mapchooser_extended.smx] Voting for next map has started.
L 01/10/2021 - 20:21:29: [mapchooser_extended.smx] Voting for next map has started.
L 01/10/2021 - 20:21:41: [mapchooser_extended.smx] Voting for next map has finished. Nextmap: vsh_castle_siege_unreal_sg1.
L 01/10/2021 - 20:33:24: [SM] Changed map to "vsh_castle_siege_unreal_sg1"
L 01/10/2021 - 20:33:26: -------- Mapchange to vsh_castle_siege_unreal_sg1 --------
L 01/10/2021 - 20:33:36: [mapchooser_extended.smx] Loaded map list for tf.
L 01/10/2021 - 20:53:52: [mapchooser_extended.smx] Voting for next map has started.
L 01/10/2021 - 20:54:19: [mapchooser_extended.smx] Voting for next map has started.
L 01/10/2021 - 20:54:24: [mapchooser_extended.smx] Voting for next map has finished. Nextmap: vsh_drejun_v3.
L 01/10/2021 - 21:05:36: [SM] Changed map to "vsh_drejun_v3"
L 01/10/2021 - 21:05:39: -------- Mapchange to vsh_drejun_v3 --------
L 01/10/2021 - 21:05:54: [mapchooser_extended.smx] Loaded map list for tf.
L 01/10/2021 - 21:26:08: [mapchooser_extended.smx] Voting for next map has started.
L 01/10/2021 - 23:35:32: [SM] Changed map to "vsh_nebula_rc1"
L 01/10/2021 - 23:35:35: -------- Mapchange to vsh_nebula_rc1 --------
L 01/10/2021 - 23:35:44: [mapchooser_extended.smx] Loaded map list for tf.
L 01/10/2021 - 23:55:59: [mapchooser_extended.smx] Voting for next map has started.
L 01/11/2021 - 16:48:06: Log file closed.
