L 08/10/2021 - 05:54:30: SourceMod log file session started (file "/home/frenzoid/TF2_FF2/tf/addons/sourcemod/logs/L20210810.log") (Version "1.10.0.6490")
L 08/10/2021 - 05:54:30: [TF2ITEMS] "GiveNamedItem" offset = 485
L 08/10/2021 - 05:54:31: [funcommandsX.smx] Game detected as Team Fortress 2: Source (GAME_TF2)
L 08/10/2021 - 05:54:31: [simple-chatprocessor.smx] [SCP] Recognized mod [Team Fortress 2].
L 08/10/2021 - 05:54:31: [simple-chatprocessor.smx] [SCP] Loading translation file [scp.tf.phrases].
L 08/10/2021 - 05:54:32: [freak_fortress_2.smx] Freak Fortress 2 202002 Loading...
L 08/10/2021 - 05:54:41: [mapchooser_extended.smx] Loaded map list for tf.
L 08/10/2021 - 06:15:50: [mapchooser_extended.smx] Voting for next map has started.
L 08/10/2021 - 11:19:45: [SM] Changed map to "vsh_shipment_v1a"
L 08/10/2021 - 11:19:48: -------- Mapchange to vsh_shipment_v1a --------
L 08/10/2021 - 11:19:54: [mapchooser_extended.smx] Loaded map list for tf.
L 08/10/2021 - 11:33:38: [basechat.smx] "Console<0><Console><Console>" triggered sm_say (text The round time has ended, omaewa-mou shindeiru)
L 08/10/2021 - 11:33:38: [playercommands.smx] "Console<0><Console><Console>" slayed "mochi<4><[U:1:916634286]><>"
L 08/10/2021 - 11:33:38: [playercommands.smx] "Console<0><Console><Console>" slayed "Screamin' Eagles<6><BOT><>"
L 08/10/2021 - 11:40:08: [mapchooser_extended.smx] Voting for next map has started.
L 08/10/2021 - 11:40:11: [mapchooser_extended.smx] Voting for next map has finished. Nextmap: vsh_tranquil_b5.
L 08/10/2021 - 11:50:04: [basechat.smx] "Console<0><Console><Console>" triggered sm_say (text The round time has ended, omaewa-mou shindeiru)
L 08/10/2021 - 11:50:04: [playercommands.smx] "Console<0><Console><Console>" slayed "mochi<4><[U:1:916634286]><>"
L 08/10/2021 - 11:50:04: [playercommands.smx] "Console<0><Console><Console>" slayed "Screamin' Eagles<6><BOT><>"
L 08/10/2021 - 11:50:22: [SM] Changed map to "vsh_tranquil_b5"
L 08/10/2021 - 11:50:24: -------- Mapchange to vsh_tranquil_b5 --------
L 08/10/2021 - 11:50:31: [mapchooser_extended.smx] Loaded map list for tf.
L 08/10/2021 - 11:52:56: [basecommands.smx] "mochi<4><[U:1:916634286]><>" changed map to "vsh_castle_siege_unreal_sg1"
L 08/10/2021 - 11:52:59: [SM] Changed map to "vsh_castle_siege_unreal_sg1"
L 08/10/2021 - 11:53:01: -------- Mapchange to vsh_castle_siege_unreal_sg1 --------
L 08/10/2021 - 11:53:07: [mapchooser_extended.smx] Loaded map list for tf.
L 08/10/2021 - 11:56:47: [freak_fortress_2.smx] "mochi<4><[U:1:916634286]><>" activated infinite RAGE on themselves
L 08/10/2021 - 11:57:12: [basecommands.smx] "mochi<4><[U:1:916634286]><>" kicked "Herr Doktor<8><BOT><>" (reason "")
L 08/10/2021 - 12:02:11: [basecommands.smx] "mochi<4><[U:1:916634286]><>" changed map to "vsh_castle_siege_unreal_sg1"
L 08/10/2021 - 12:02:14: [SM] Changed map to "vsh_castle_siege_unreal_sg1"
L 08/10/2021 - 12:02:16: -------- Mapchange to vsh_castle_siege_unreal_sg1 --------
L 08/10/2021 - 12:02:22: [mapchooser_extended.smx] Loaded map list for tf.
L 08/10/2021 - 12:04:30: [basecommands.smx] "mochi<4><[U:1:916634286]><>" kicked "One-Man Cheeseburger Apocalypse<13><BOT><>" (reason "")
L 08/10/2021 - 12:05:52: [playercommands.smx] "MrFrenzoid<9><[U:1:91292555]><>" slayed "test<14><BOT><>"
L 08/10/2021 - 12:05:52: [playercommands.smx] "MrFrenzoid<9><[U:1:91292555]><>" slayed "also_test<15><BOT><>"
L 08/10/2021 - 12:07:17: [freak_fortress_2.smx] "mochi<4><[U:1:916634286]><>" activated infinite RAGE on themselves
L 08/10/2021 - 12:11:11: [SetSpeed.smx] "MrFrenzoid<9><[U:1:91292555]><>" set speed of  "mochi<4><[U:1:916634286]><>" to (520.000000)
L 08/10/2021 - 12:11:11: [SetSpeed.smx] "MrFrenzoid<9><[U:1:91292555]><>" set speed of  "MrFrenzoid<9><[U:1:91292555]><>" to (520.000000)
L 08/10/2021 - 12:11:11: [SetSpeed.smx] "MrFrenzoid<9><[U:1:91292555]><>" set speed of  "test<14><BOT><>" to (520.000000)
L 08/10/2021 - 12:11:11: [SetSpeed.smx] "MrFrenzoid<9><[U:1:91292555]><>" set speed of  "also_test<15><BOT><>" to (520.000000)
L 08/10/2021 - 12:14:34: [respawn.smx] "MrFrenzoid<9><[U:1:91292555]><>" respawned "mochi<4><[U:1:916634286]><>"
L 08/10/2021 - 12:14:34: [respawn.smx] "MrFrenzoid<9><[U:1:91292555]><>" respawned "MrFrenzoid<9><[U:1:91292555]><>"
L 08/10/2021 - 12:14:55: [respawn.smx] "MrFrenzoid<9><[U:1:91292555]><>" respawned "mochi<4><[U:1:916634286]><>"
L 08/10/2021 - 12:14:55: [respawn.smx] "MrFrenzoid<9><[U:1:91292555]><>" respawned "MrFrenzoid<9><[U:1:91292555]><>"
L 08/10/2021 - 12:17:24: [basechat.smx] "Console<0><Console><Console>" triggered sm_say (text The round time has ended, omaewa-mou shindeiru)
L 08/10/2021 - 12:17:24: [playercommands.smx] "Console<0><Console><Console>" slayed "mochi<4><[U:1:916634286]><>"
L 08/10/2021 - 12:17:24: [playercommands.smx] "Console<0><Console><Console>" slayed "MrFrenzoid<9><[U:1:91292555]><>"
L 08/10/2021 - 12:17:24: [playercommands.smx] "Console<0><Console><Console>" slayed "test<14><BOT><>"
L 08/10/2021 - 12:17:24: [playercommands.smx] "Console<0><Console><Console>" slayed "also_test<15><BOT><>"
L 08/10/2021 - 12:18:11: [freak_fortress_2.smx] "MrFrenzoid<9><[U:1:91292555]><>" activated infinite RAGE on themselves
L 08/10/2021 - 12:19:48: SourceMod log file session started (file "/home/frenzoid/TF2_FF2/tf/addons/sourcemod/logs/L20210810.log") (Version "1.10.0.6490")
L 08/10/2021 - 12:19:48: [TF2ITEMS] "GiveNamedItem" offset = 485
L 08/10/2021 - 12:19:49: [funcommandsX.smx] Game detected as Team Fortress 2: Source (GAME_TF2)
L 08/10/2021 - 12:19:50: [simple-chatprocessor.smx] [SCP] Recognized mod [Team Fortress 2].
L 08/10/2021 - 12:19:50: [simple-chatprocessor.smx] [SCP] Loading translation file [scp.tf.phrases].
L 08/10/2021 - 12:19:50: [freak_fortress_2.smx] Freak Fortress 2 202002 Loading...
L 08/10/2021 - 12:20:05: [mapchooser_extended.smx] Loaded map list for tf.
L 08/10/2021 - 12:22:14: [respawn.smx] "mochi<3><[U:1:916634286]><>" respawned "mochi<3><[U:1:916634286]><>"
L 08/10/2021 - 12:30:09: SourceMod log file session started (file "/home/frenzoid/TF2_FF2/tf/addons/sourcemod/logs/L20210810.log") (Version "1.10.0.6490")
L 08/10/2021 - 12:30:09: [TF2ITEMS] "GiveNamedItem" offset = 485
L 08/10/2021 - 12:30:09: [funcommandsX.smx] Game detected as Team Fortress 2: Source (GAME_TF2)
L 08/10/2021 - 12:30:09: [simple-chatprocessor.smx] [SCP] Recognized mod [Team Fortress 2].
L 08/10/2021 - 12:30:09: [simple-chatprocessor.smx] [SCP] Loading translation file [scp.tf.phrases].
L 08/10/2021 - 12:30:10: [freak_fortress_2.smx] Freak Fortress 2 202002 Loading...
L 08/10/2021 - 12:30:17: [mapchooser_extended.smx] Loaded map list for tf.
L 08/10/2021 - 12:39:38: [freak_fortress_2.smx] "mochi<4><[U:1:916634286]><>" activated infinite RAGE on themselves
L 08/10/2021 - 12:40:31: [respawn.smx] "MrFrenzoid<2><[U:1:91292555]><>" respawned "MrFrenzoid<2><[U:1:91292555]><>"
L 08/10/2021 - 12:50:43: [mapchooser_extended.smx] Voting for next map has started.
L 08/10/2021 - 12:50:55: [mapchooser_extended.smx] Voting for next map has started.
L 08/10/2021 - 12:51:00: [mapchooser_extended.smx] Voting for next map has finished. Nextmap: vsh_void_a1f.
L 08/10/2021 - 12:52:32: [respawn.smx] "MrFrenzoid<2><[U:1:91292555]><>" respawned "MrFrenzoid<2><[U:1:91292555]><>"
L 08/10/2021 - 12:55:43: [playercommands.smx] "mochi<4><[U:1:916634286]><>" slayed "MrFrenzoid<2><[U:1:91292555]><>"
L 08/10/2021 - 13:03:59: [basechat.smx] "Console<0><Console><Console>" triggered sm_say (text The round time has ended, omaewa-mou shindeiru)
L 08/10/2021 - 13:03:59: [playercommands.smx] "Console<0><Console><Console>" slayed "Pow!<3><BOT><>"
L 08/10/2021 - 13:03:59: [playercommands.smx] "Console<0><Console><Console>" slayed "mochi<4><[U:1:916634286]><>"
L 08/10/2021 - 13:04:15: [basecommands.smx] "mochi<4><[U:1:916634286]><>" kicked "mochi<4><[U:1:916634286]><>" (reason "")
L 08/10/2021 - 13:04:17: [SM] Changed map to "vsh_void_a1f"
L 08/10/2021 - 13:04:19: -------- Mapchange to vsh_void_a1f --------
L 08/10/2021 - 13:04:26: [mapchooser_extended.smx] Loaded map list for tf.
L 08/10/2021 - 13:08:39: [basecommands.smx] "mochi<5><[U:1:916634286]><>" changed map to "vsh_nebula_rc1"
L 08/10/2021 - 13:08:42: [SM] Changed map to "vsh_nebula_rc1"
L 08/10/2021 - 13:08:45: -------- Mapchange to vsh_nebula_rc1 --------
L 08/10/2021 - 13:08:51: [mapchooser_extended.smx] Loaded map list for tf.
L 08/10/2021 - 13:14:43: [basecommands.smx] "mochi<5><[U:1:916634286]><>" changed map to "vsh_nebula_rc1"
L 08/10/2021 - 13:14:46: [SM] Changed map to "vsh_nebula_rc1"
L 08/10/2021 - 13:14:48: -------- Mapchange to vsh_nebula_rc1 --------
L 08/10/2021 - 13:14:54: [mapchooser_extended.smx] Loaded map list for tf.
L 08/10/2021 - 13:17:38: [basecommands.smx] "mochi<5><[U:1:916634286]><>" changed map to "vsh_nebula_rc1"
L 08/10/2021 - 13:17:41: [SM] Changed map to "vsh_nebula_rc1"
L 08/10/2021 - 13:17:43: -------- Mapchange to vsh_nebula_rc1 --------
L 08/10/2021 - 13:17:49: [mapchooser_extended.smx] Loaded map list for tf.
L 08/10/2021 - 13:21:05: [basecommands.smx] "mochi<5><[U:1:916634286]><>" changed map to "vsh_nebula_rc1"
L 08/10/2021 - 13:21:08: [SM] Changed map to "vsh_nebula_rc1"
L 08/10/2021 - 13:21:10: -------- Mapchange to vsh_nebula_rc1 --------
L 08/10/2021 - 13:21:16: [mapchooser_extended.smx] Loaded map list for tf.
L 08/10/2021 - 13:30:26: [basechat.smx] "Console<0><Console><Console>" triggered sm_say (text The round time has ended, omaewa-mou shindeiru)
L 08/10/2021 - 13:30:26: [playercommands.smx] "Console<0><Console><Console>" slayed "mochi<5><[U:1:916634286]><>"
L 08/10/2021 - 13:30:26: [playercommands.smx] "Console<0><Console><Console>" slayed "test<14><BOT><>"
L 08/10/2021 - 13:30:26: [playercommands.smx] "Console<0><Console><Console>" slayed "also_test<15><BOT><>"
L 08/10/2021 - 13:39:36: [respawn.smx] "mochi<5><[U:1:916634286]><>" respawned "mochi<5><[U:1:916634286]><>"
L 08/10/2021 - 13:41:30: [mapchooser_extended.smx] Voting for next map has started.
L 08/10/2021 - 13:42:38: [basecommands.smx] "mochi<5><[U:1:916634286]><>" changed map to "vsh_yammoe_rc3"
L 08/10/2021 - 13:42:41: [SM] Changed map to "vsh_yammoe_rc3"
L 08/10/2021 - 13:42:44: -------- Mapchange to vsh_yammoe_rc3 --------
L 08/10/2021 - 13:42:51: [mapchooser_extended.smx] Loaded map list for tf.
L 08/10/2021 - 13:44:49: [playercommands.smx] "mochi<5><[U:1:916634286]><>" slayed "also_test<17><BOT><>"
L 08/10/2021 - 13:46:48: [funcommandsX.smx] "mochi<5><[U:1:916634286]><>" teleported "also_test<17><BOT><>"
L 08/10/2021 - 13:48:14: [respawn.smx] "mochi<5><[U:1:916634286]><>" respawned "mochi<5><[U:1:916634286]><>"
L 08/10/2021 - 13:52:52: [respawn.smx] "mochi<5><[U:1:916634286]><>" respawned "mochi<5><[U:1:916634286]><>"
L 08/10/2021 - 13:52:57: [funcommandsX.smx] "mochi<5><[U:1:916634286]><>" teleported "test<16><BOT><>"
L 08/10/2021 - 13:53:28: [respawn.smx] "mochi<5><[U:1:916634286]><>" respawned "mochi<5><[U:1:916634286]><>"
L 08/10/2021 - 13:55:11: [funcommandsX.smx] "mochi<5><[U:1:916634286]><>" teleported "also_test<17><BOT><>"
L 08/10/2021 - 13:59:26: [basecommands.smx] "mochi<5><[U:1:916634286]><>" kicked "test<16><BOT><>" (reason "")
L 08/10/2021 - 13:59:27: [basecommands.smx] "mochi<5><[U:1:916634286]><>" kicked "also_test<17><BOT><>" (reason "")
L 08/10/2021 - 14:03:06: [mapchooser_extended.smx] Voting for next map has started.
L 08/10/2021 - 16:05:01: [basecommands.smx] "mochi<18><[U:1:916634286]><>" changed map to "vsh_castle_siege_unreal_sg1"
L 08/10/2021 - 16:05:04: [SM] Changed map to "vsh_castle_siege_unreal_sg1"
L 08/10/2021 - 16:05:06: -------- Mapchange to vsh_castle_siege_unreal_sg1 --------
L 08/10/2021 - 16:05:13: [mapchooser_extended.smx] Loaded map list for tf.
L 08/10/2021 - 16:10:03: [sm_eviltrail.smx] "mochi<18><[U:1:916634286]><>" added an evil trail to "test<19><BOT><>"
L 08/10/2021 - 16:10:09: [sm_eviltrail.smx] "mochi<18><[U:1:916634286]><>" added an evil trail to "also_test<20><BOT><>"
L 08/10/2021 - 16:10:13: [sm_eviltrail.smx] "mochi<18><[U:1:916634286]><>" removed an evil trail from "test<19><BOT><>"
L 08/10/2021 - 16:10:13: [sm_eviltrail.smx] "mochi<18><[U:1:916634286]><>" added an evil trail to "test<19><BOT><>"
L 08/10/2021 - 16:10:14: [sm_eviltrail.smx] "mochi<18><[U:1:916634286]><>" removed an evil trail from "test<19><BOT><>"
L 08/10/2021 - 16:10:15: [sm_eviltrail.smx] "mochi<18><[U:1:916634286]><>" removed an evil trail from "also_test<20><BOT><>"
L 08/10/2021 - 16:10:21: [respawn.smx] "mochi<18><[U:1:916634286]><>" respawned "mochi<18><[U:1:916634286]><>"
L 08/10/2021 - 16:10:30: [sm_eviltrail.smx] "mochi<18><[U:1:916634286]><>" added an evil trail to "mochi<18><[U:1:916634286]><>"
L 08/10/2021 - 16:11:12: [sm_eviltrail.smx] "mochi<18><[U:1:916634286]><>" removed an evil trail from "mochi<18><[U:1:916634286]><>"
L 08/10/2021 - 16:11:12: [sm_eviltrail.smx] "mochi<18><[U:1:916634286]><>" added an evil trail to "mochi<18><[U:1:916634286]><>"
L 08/10/2021 - 16:11:16: [sm_eviltrail.smx] "mochi<18><[U:1:916634286]><>" removed an evil trail from "mochi<18><[U:1:916634286]><>"
L 08/10/2021 - 16:11:16: [sm_eviltrail.smx] "mochi<18><[U:1:916634286]><>" added an evil trail to "mochi<18><[U:1:916634286]><>"
L 08/10/2021 - 16:11:18: [sm_eviltrail.smx] "mochi<18><[U:1:916634286]><>" removed an evil trail from "mochi<18><[U:1:916634286]><>"
L 08/10/2021 - 16:11:20: [sm_eviltrail.smx] "mochi<18><[U:1:916634286]><>" added an evil trail to "test<19><BOT><>"
L 08/10/2021 - 16:11:21: [sm_eviltrail.smx] "mochi<18><[U:1:916634286]><>" removed an evil trail from "test<19><BOT><>"
L 08/10/2021 - 16:11:29: [sm_eviltrail.smx] "mochi<18><[U:1:916634286]><>" added an evil trail to "test<19><BOT><>"
L 08/10/2021 - 16:11:37: [sm_eviltrail.smx] "mochi<18><[U:1:916634286]><>" removed an evil trail from "test<19><BOT><>"
L 08/10/2021 - 16:11:38: [sm_eviltrail.smx] "mochi<18><[U:1:916634286]><>" added an evil trail to "mochi<18><[U:1:916634286]><>"
L 08/10/2021 - 16:12:02: [sm_eviltrail.smx] "mochi<18><[U:1:916634286]><>" added an evil trail to "also_test<20><BOT><>"
L 08/10/2021 - 16:13:04: [sm_eviltrail.smx] "mochi<18><[U:1:916634286]><>" removed an evil trail from "mochi<18><[U:1:916634286]><>"
L 08/10/2021 - 16:13:04: [sm_eviltrail.smx] "mochi<18><[U:1:916634286]><>" added an evil trail to "mochi<18><[U:1:916634286]><>"
L 08/10/2021 - 16:13:05: [sm_eviltrail.smx] "mochi<18><[U:1:916634286]><>" removed an evil trail from "mochi<18><[U:1:916634286]><>"
L 08/10/2021 - 16:13:06: [sm_eviltrail.smx] "mochi<18><[U:1:916634286]><>" added an evil trail to "test<19><BOT><>"
L 08/10/2021 - 16:13:06: [sm_eviltrail.smx] "mochi<18><[U:1:916634286]><>" removed an evil trail from "test<19><BOT><>"
L 08/10/2021 - 16:13:07: [sm_eviltrail.smx] "mochi<18><[U:1:916634286]><>" removed an evil trail from "also_test<20><BOT><>"
L 08/10/2021 - 16:14:22: [sm_eviltrail.smx] "mochi<18><[U:1:916634286]><>" added an evil trail to "mochi<18><[U:1:916634286]><>"
L 08/10/2021 - 16:14:25: [sm_eviltrail.smx] "mochi<18><[U:1:916634286]><>" removed an evil trail from "mochi<18><[U:1:916634286]><>"
L 08/10/2021 - 16:14:25: [sm_eviltrail.smx] "mochi<18><[U:1:916634286]><>" added an evil trail to "mochi<18><[U:1:916634286]><>"
L 08/10/2021 - 16:14:26: [sm_eviltrail.smx] "mochi<18><[U:1:916634286]><>" removed an evil trail from "mochi<18><[U:1:916634286]><>"
L 08/10/2021 - 16:14:27: [sm_eviltrail.smx] "mochi<18><[U:1:916634286]><>" added an evil trail to "mochi<18><[U:1:916634286]><>"
L 08/10/2021 - 16:14:31: [sm_eviltrail.smx] "mochi<18><[U:1:916634286]><>" removed an evil trail from "mochi<18><[U:1:916634286]><>"
L 08/10/2021 - 16:14:32: [sm_eviltrail.smx] "mochi<18><[U:1:916634286]><>" added an evil trail to "mochi<18><[U:1:916634286]><>"
L 08/10/2021 - 16:14:34: [sm_eviltrail.smx] "mochi<18><[U:1:916634286]><>" removed an evil trail from "mochi<18><[U:1:916634286]><>"
L 08/10/2021 - 16:16:06: [sm_eviltrail.smx] "mochi<18><[U:1:916634286]><>" added an evil trail to "mochi<18><[U:1:916634286]><>"
L 08/10/2021 - 16:16:28: [sm_eviltrail.smx] "mochi<18><[U:1:916634286]><>" removed an evil trail from "mochi<18><[U:1:916634286]><>"
L 08/10/2021 - 16:16:29: [sm_eviltrail.smx] "mochi<18><[U:1:916634286]><>" added an evil trail to "test<19><BOT><>"
L 08/10/2021 - 16:16:37: [sm_eviltrail.smx] "mochi<18><[U:1:916634286]><>" removed an evil trail from "test<19><BOT><>"
L 08/10/2021 - 16:16:37: [sm_eviltrail.smx] "mochi<18><[U:1:916634286]><>" added an evil trail to "also_test<20><BOT><>"
L 08/10/2021 - 16:16:38: [sm_eviltrail.smx] "mochi<18><[U:1:916634286]><>" removed an evil trail from "also_test<20><BOT><>"
L 08/10/2021 - 16:17:17: [sm_eviltrail.smx] "mochi<18><[U:1:916634286]><>" added an evil trail to "mochi<18><[U:1:916634286]><>"
L 08/10/2021 - 16:17:44: [sm_eviltrail.smx] "mochi<18><[U:1:916634286]><>" added an evil trail to "test<19><BOT><>"
L 08/10/2021 - 16:17:45: [sm_eviltrail.smx] "mochi<18><[U:1:916634286]><>" added an evil trail to "also_test<20><BOT><>"
L 08/10/2021 - 16:17:46: [sm_eviltrail.smx] "mochi<18><[U:1:916634286]><>" removed an evil trail from "also_test<20><BOT><>"
L 08/10/2021 - 16:17:46: [sm_eviltrail.smx] "mochi<18><[U:1:916634286]><>" removed an evil trail from "test<19><BOT><>"
L 08/10/2021 - 16:17:47: [sm_eviltrail.smx] "mochi<18><[U:1:916634286]><>" removed an evil trail from "mochi<18><[U:1:916634286]><>"
L 08/10/2021 - 16:17:57: [sm_eviltrail.smx] "mochi<18><[U:1:916634286]><>" added an evil trail to "mochi<18><[U:1:916634286]><>"
L 08/10/2021 - 16:18:01: [sm_eviltrail.smx] "mochi<18><[U:1:916634286]><>" removed an evil trail from "mochi<18><[U:1:916634286]><>"
L 08/10/2021 - 16:18:01: [sm_eviltrail.smx] "mochi<18><[U:1:916634286]><>" added an evil trail to "test<19><BOT><>"
L 08/10/2021 - 16:18:03: [sm_eviltrail.smx] "mochi<18><[U:1:916634286]><>" removed an evil trail from "test<19><BOT><>"
L 08/10/2021 - 16:18:16: [sm_eviltrail.smx] "mochi<18><[U:1:916634286]><>" added an evil trail to "mochi<18><[U:1:916634286]><>"
L 08/10/2021 - 16:18:20: [sm_eviltrail.smx] "mochi<18><[U:1:916634286]><>" added an evil trail to "test<19><BOT><>"
L 08/10/2021 - 16:18:25: [sm_eviltrail.smx] "mochi<18><[U:1:916634286]><>" removed an evil trail from "test<19><BOT><>"
L 08/10/2021 - 16:18:28: [sm_eviltrail.smx] "mochi<18><[U:1:916634286]><>" removed an evil trail from "mochi<18><[U:1:916634286]><>"
L 08/10/2021 - 16:18:31: [sm_eviltrail.smx] "mochi<18><[U:1:916634286]><>" added an evil trail to "also_test<20><BOT><>"
L 08/10/2021 - 16:18:32: [sm_eviltrail.smx] "mochi<18><[U:1:916634286]><>" removed an evil trail from "also_test<20><BOT><>"
L 08/10/2021 - 16:18:47: [sm_eviltrail.smx] "mochi<18><[U:1:916634286]><>" added an evil trail to "also_test<20><BOT><>"
L 08/10/2021 - 16:18:52: [sm_eviltrail.smx] "mochi<18><[U:1:916634286]><>" removed an evil trail from "also_test<20><BOT><>"
L 08/10/2021 - 16:18:53: [sm_eviltrail.smx] "mochi<18><[U:1:916634286]><>" added an evil trail to "mochi<18><[U:1:916634286]><>"
L 08/10/2021 - 16:18:57: [sm_eviltrail.smx] "mochi<18><[U:1:916634286]><>" removed an evil trail from "mochi<18><[U:1:916634286]><>"
L 08/10/2021 - 16:20:21: [sm_eviltrail.smx] "mochi<18><[U:1:916634286]><>" added an evil trail to "test<19><BOT><>"
L 08/10/2021 - 16:20:24: [sm_eviltrail.smx] "mochi<18><[U:1:916634286]><>" removed an evil trail from "test<19><BOT><>"
L 08/10/2021 - 16:20:24: [sm_eviltrail.smx] "mochi<18><[U:1:916634286]><>" added an evil trail to "mochi<18><[U:1:916634286]><>"
L 08/10/2021 - 16:20:37: [basechat.smx] "Console<0><Console><Console>" triggered sm_say (text The round time has ended, omaewa-mou shindeiru)
L 08/10/2021 - 16:20:37: [playercommands.smx] "Console<0><Console><Console>" slayed "mochi<18><[U:1:916634286]><>"
L 08/10/2021 - 16:20:37: [playercommands.smx] "Console<0><Console><Console>" slayed "test<19><BOT><>"
L 08/10/2021 - 16:20:37: [playercommands.smx] "Console<0><Console><Console>" slayed "also_test<20><BOT><>"
L 08/10/2021 - 16:22:15: [sm_eviltrail.smx] "mochi<18><[U:1:916634286]><>" removed an evil trail from "mochi<18><[U:1:916634286]><>"
L 08/10/2021 - 16:22:16: [sm_eviltrail.smx] "mochi<18><[U:1:916634286]><>" added an evil trail to "mochi<18><[U:1:916634286]><>"
L 08/10/2021 - 16:22:19: [sm_eviltrail.smx] "mochi<18><[U:1:916634286]><>" added an evil trail to "test<19><BOT><>"
L 08/10/2021 - 16:22:21: [sm_eviltrail.smx] "mochi<18><[U:1:916634286]><>" removed an evil trail from "test<19><BOT><>"
L 08/10/2021 - 16:22:21: [sm_eviltrail.smx] "mochi<18><[U:1:916634286]><>" removed an evil trail from "mochi<18><[U:1:916634286]><>"
L 08/10/2021 - 16:22:23: [sm_eviltrail.smx] "mochi<18><[U:1:916634286]><>" added an evil trail to "mochi<18><[U:1:916634286]><>"
L 08/10/2021 - 16:22:24: [sm_eviltrail.smx] "mochi<18><[U:1:916634286]><>" removed an evil trail from "mochi<18><[U:1:916634286]><>"
L 08/10/2021 - 16:22:37: [sm_eviltrail.smx] "mochi<18><[U:1:916634286]><>" added an evil trail to "mochi<18><[U:1:916634286]><>"
L 08/10/2021 - 16:22:38: [sm_eviltrail.smx] "mochi<18><[U:1:916634286]><>" removed an evil trail from "mochi<18><[U:1:916634286]><>"
L 08/10/2021 - 16:23:12: [sm_eviltrail.smx] "mochi<18><[U:1:916634286]><>" added an evil trail to "mochi<18><[U:1:916634286]><>"
L 08/10/2021 - 16:23:15: [sm_eviltrail.smx] "mochi<18><[U:1:916634286]><>" removed an evil trail from "mochi<18><[U:1:916634286]><>"
L 08/10/2021 - 16:23:16: [sm_eviltrail.smx] "mochi<18><[U:1:916634286]><>" added an evil trail to "test<19><BOT><>"
L 08/10/2021 - 16:23:17: [sm_eviltrail.smx] "mochi<18><[U:1:916634286]><>" removed an evil trail from "test<19><BOT><>"
L 08/10/2021 - 16:23:37: [sm_eviltrail.smx] "mochi<18><[U:1:916634286]><>" added an evil trail to "mochi<18><[U:1:916634286]><>"
L 08/10/2021 - 16:23:42: [sm_eviltrail.smx] "mochi<18><[U:1:916634286]><>" added an evil trail to "test<19><BOT><>"
L 08/10/2021 - 16:23:44: [sm_eviltrail.smx] "mochi<18><[U:1:916634286]><>" removed an evil trail from "test<19><BOT><>"
L 08/10/2021 - 16:23:44: [sm_eviltrail.smx] "mochi<18><[U:1:916634286]><>" removed an evil trail from "mochi<18><[U:1:916634286]><>"
L 08/10/2021 - 16:24:19: [sm_eviltrail.smx] "mochi<18><[U:1:916634286]><>" added an evil trail to "mochi<18><[U:1:916634286]><>"
L 08/10/2021 - 16:24:23: [sm_eviltrail.smx] "mochi<18><[U:1:916634286]><>" removed an evil trail from "mochi<18><[U:1:916634286]><>"
L 08/10/2021 - 16:24:24: [sm_eviltrail.smx] "mochi<18><[U:1:916634286]><>" added an evil trail to "mochi<18><[U:1:916634286]><>"
L 08/10/2021 - 16:24:27: [sm_eviltrail.smx] "mochi<18><[U:1:916634286]><>" removed an evil trail from "mochi<18><[U:1:916634286]><>"
L 08/10/2021 - 16:24:45: [sm_eviltrail.smx] "mochi<18><[U:1:916634286]><>" added an evil trail to "mochi<18><[U:1:916634286]><>"
L 08/10/2021 - 16:24:49: [sm_eviltrail.smx] "mochi<18><[U:1:916634286]><>" removed an evil trail from "mochi<18><[U:1:916634286]><>"
L 08/10/2021 - 16:25:28: [mapchooser_extended.smx] Voting for next map has started.
L 08/10/2021 - 16:25:35: [mapchooser_extended.smx] Voting for next map has finished. Nextmap: vsh_dunger_b2a.
L 08/10/2021 - 16:25:43: [sm_eviltrail.smx] "mochi<18><[U:1:916634286]><>" added an evil trail to "mochi<18><[U:1:916634286]><>"
L 08/10/2021 - 16:26:01: [sm_eviltrail.smx] "mochi<18><[U:1:916634286]><>" added an evil trail to "test<19><BOT><>"
L 08/10/2021 - 16:26:03: [sm_eviltrail.smx] "mochi<18><[U:1:916634286]><>" removed an evil trail from "test<19><BOT><>"
L 08/10/2021 - 16:27:29: [respawn.smx] "Azel<21><[U:1:101368949]><>" respawned "Azel<21><[U:1:101368949]><>"
L 08/10/2021 - 16:27:45: [sm_eviltrail.smx] "mochi<18><[U:1:916634286]><>" removed an evil trail from "mochi<18><[U:1:916634286]><>"
L 08/10/2021 - 16:27:57: [sm_eviltrail.smx] "mochi<18><[U:1:916634286]><>" added an evil trail to "mochi<18><[U:1:916634286]><>"
L 08/10/2021 - 16:28:55: [basechat.smx] "Console<0><Console><Console>" triggered sm_say (text The round time has ended, omaewa-mou shindeiru)
L 08/10/2021 - 16:28:55: [playercommands.smx] "Console<0><Console><Console>" slayed "mochi<18><[U:1:916634286]><>"
L 08/10/2021 - 16:28:55: [playercommands.smx] "Console<0><Console><Console>" slayed "test<19><BOT><>"
L 08/10/2021 - 16:28:55: [playercommands.smx] "Console<0><Console><Console>" slayed "also_test<20><BOT><>"
L 08/10/2021 - 16:28:55: [playercommands.smx] "Console<0><Console><Console>" slayed "Azel<21><[U:1:101368949]><>"
L 08/10/2021 - 16:29:36: [sm_eviltrail.smx] "mochi<18><[U:1:916634286]><>" removed an evil trail from "mochi<18><[U:1:916634286]><>"
L 08/10/2021 - 16:29:37: [sm_eviltrail.smx] "mochi<18><[U:1:916634286]><>" added an evil trail to "mochi<18><[U:1:916634286]><>"
L 08/10/2021 - 16:30:30: [sm_eviltrail.smx] "mochi<18><[U:1:916634286]><>" removed an evil trail from "mochi<18><[U:1:916634286]><>"
L 08/10/2021 - 16:30:30: [sm_eviltrail.smx] "mochi<18><[U:1:916634286]><>" added an evil trail to "mochi<18><[U:1:916634286]><>"
L 08/10/2021 - 16:30:52: [sm_eviltrail.smx] "mochi<18><[U:1:916634286]><>" removed an evil trail from "mochi<18><[U:1:916634286]><>"
L 08/10/2021 - 16:30:52: [sm_eviltrail.smx] "mochi<18><[U:1:916634286]><>" added an evil trail to "mochi<18><[U:1:916634286]><>"
L 08/10/2021 - 16:30:54: [sm_eviltrail.smx] "mochi<18><[U:1:916634286]><>" removed an evil trail from "mochi<18><[U:1:916634286]><>"
L 08/10/2021 - 16:30:54: [sm_eviltrail.smx] "mochi<18><[U:1:916634286]><>" added an evil trail to "mochi<18><[U:1:916634286]><>"
L 08/10/2021 - 16:31:59: [sm_eviltrail.smx] "mochi<18><[U:1:916634286]><>" removed an evil trail from "mochi<18><[U:1:916634286]><>"
L 08/10/2021 - 16:31:59: [sm_eviltrail.smx] "mochi<18><[U:1:916634286]><>" added an evil trail to "mochi<18><[U:1:916634286]><>"
L 08/10/2021 - 16:32:47: [sm_eviltrail.smx] "mochi<18><[U:1:916634286]><>" removed an evil trail from "mochi<18><[U:1:916634286]><>"
L 08/10/2021 - 16:32:48: [sm_eviltrail.smx] "mochi<18><[U:1:916634286]><>" added an evil trail to "mochi<18><[U:1:916634286]><>"
L 08/10/2021 - 16:34:20: [sm_eviltrail.smx] "mochi<18><[U:1:916634286]><>" added an evil trail to "Azel<21><[U:1:101368949]><>"
L 08/10/2021 - 16:34:21: [sm_eviltrail.smx] "mochi<18><[U:1:916634286]><>" added an evil trail to "test<19><BOT><>"
L 08/10/2021 - 16:34:22: [sm_eviltrail.smx] "mochi<18><[U:1:916634286]><>" added an evil trail to "also_test<20><BOT><>"
L 08/10/2021 - 16:34:37: [playercommands.smx] "mochi<18><[U:1:916634286]><>" slapped "Azel<21><[U:1:101368949]><>" (damage "0")
L 08/10/2021 - 16:34:37: [playercommands.smx] "mochi<18><[U:1:916634286]><>" slapped "Azel<21><[U:1:101368949]><>" (damage "0")
L 08/10/2021 - 16:34:37: [playercommands.smx] "mochi<18><[U:1:916634286]><>" slapped "Azel<21><[U:1:101368949]><>" (damage "0")
L 08/10/2021 - 16:34:41: [playercommands.smx] "mochi<18><[U:1:916634286]><>" slapped "Azel<21><[U:1:101368949]><>" (damage "0")
L 08/10/2021 - 16:34:41: [playercommands.smx] "mochi<18><[U:1:916634286]><>" slapped "Azel<21><[U:1:101368949]><>" (damage "0")
L 08/10/2021 - 16:34:42: [playercommands.smx] "mochi<18><[U:1:916634286]><>" slapped "Azel<21><[U:1:101368949]><>" (damage "0")
L 08/10/2021 - 16:34:47: [respawn.smx] "mochi<18><[U:1:916634286]><>" respawned "mochi<18><[U:1:916634286]><>"
L 08/10/2021 - 16:37:13: [basechat.smx] "Console<0><Console><Console>" triggered sm_say (text The round time has ended, omaewa-mou shindeiru)
L 08/10/2021 - 16:37:13: [playercommands.smx] "Console<0><Console><Console>" slayed "mochi<18><[U:1:916634286]><>"
L 08/10/2021 - 16:37:13: [playercommands.smx] "Console<0><Console><Console>" slayed "test<19><BOT><>"
L 08/10/2021 - 16:37:13: [playercommands.smx] "Console<0><Console><Console>" slayed "also_test<20><BOT><>"
L 08/10/2021 - 16:37:13: [playercommands.smx] "Console<0><Console><Console>" slayed "Azel<21><[U:1:101368949]><>"
L 08/10/2021 - 16:37:31: [SM] Changed map to "vsh_dunger_b2a"
L 08/10/2021 - 16:37:34: -------- Mapchange to vsh_dunger_b2a --------
L 08/10/2021 - 16:37:41: [mapchooser_extended.smx] Loaded map list for tf.
L 08/10/2021 - 16:38:41: [sm_eviltrail.smx] "mochi<18><[U:1:916634286]><>" removed an evil trail from "Azel<21><[U:1:101368949]><>"
L 08/10/2021 - 16:38:58: [sm_eviltrail.smx] "mochi<18><[U:1:916634286]><>" removed an evil trail from "mochi<18><[U:1:916634286]><>"
L 08/10/2021 - 16:38:59: [sm_eviltrail.smx] "mochi<18><[U:1:916634286]><>" added an evil trail to "mochi<18><[U:1:916634286]><>"
L 08/10/2021 - 16:41:53: [sm_eviltrail.smx] "mochi<18><[U:1:916634286]><>" removed an evil trail from "mochi<18><[U:1:916634286]><>"
L 08/10/2021 - 16:41:54: [sm_eviltrail.smx] "mochi<18><[U:1:916634286]><>" added an evil trail to "mochi<18><[U:1:916634286]><>"
L 08/10/2021 - 16:44:48: [basecommands.smx] "mochi<18><[U:1:916634286]><>" kicked "mochi<18><[U:1:916634286]><>" (reason "zoop o7")
L 08/10/2021 - 16:57:55: [mapchooser_extended.smx] Voting for next map has started.
L 08/11/2021 - 12:47:00: Log file closed.
