L 01/26/2021 - 03:55:29: SourceMod log file session started (file "/home/steamsrv/tf2/tf/addons/sourcemod/logs/L20210126.log") (Version "1.10.0.6490")
L 01/26/2021 - 03:55:29: [mapchooser_extended.smx] Loaded map list for tf.
L 01/26/2021 - 04:11:08: -------- Mapchange to vsh_nebula_rc1 --------
L 01/26/2021 - 04:11:18: [mapchooser_extended.smx] Loaded map list for tf.
L 01/26/2021 - 04:31:35: [mapchooser_extended.smx] Voting for next map has started.
L 01/26/2021 - 21:10:43: -------- Mapchange to vsh_nebula_rc1 --------
L 01/26/2021 - 21:10:57: [mapchooser_extended.smx] Loaded map list for tf.
L 01/26/2021 - 21:16:35: [respawn.smx] "Nezzie<80><[U:1:107910185]><>" respawned "Nezzie<80><[U:1:107910185]><>"
L 01/26/2021 - 21:18:15: [respawn.smx] "Nezzie<80><[U:1:107910185]><>" respawned "Nezzie<80><[U:1:107910185]><>"
L 01/26/2021 - 21:18:33: [respawn.smx] "Nezzie<80><[U:1:107910185]><>" respawned "Nezzie<80><[U:1:107910185]><>"
L 01/26/2021 - 21:28:17: [basechat.smx] "Console<0><Console><Console>" triggered sm_say (text The round time has ended, omaewa-mou shindeiru)
L 01/26/2021 - 21:28:17: [playercommands.smx] "Console<0><Console><Console>" slayed "Giggity<78><[U:1:899071019]><>"
L 01/26/2021 - 21:28:18: [playercommands.smx] "Console<0><Console><Console>" slayed "DeadHead<79><BOT><>"
L 01/26/2021 - 21:28:18: [playercommands.smx] "Console<0><Console><Console>" slayed "Nezzie<80><[U:1:107910185]><>"
L 01/26/2021 - 21:29:29: [funcommandsX.smx] Game detected as Team Fortress 2: Source (GAME_TF2)
L 01/26/2021 - 21:29:29: [simple-chatprocessor.smx] [SCP] Recognized mod [Team Fortress 2].
L 01/26/2021 - 21:29:29: [simple-chatprocessor.smx] [SCP] Loading translation file [scp.tf.phrases].
L 01/26/2021 - 21:29:29: [freak_fortress_2.smx] Freak Fortress 2 199001 Loading...
L 01/26/2021 - 21:29:30: [mapchooser_extended.smx] Loaded map list for tf.
L 01/26/2021 - 21:30:46: [respawn.smx] "Nezzie<80><[U:1:107910185]><>" respawned "Nezzie<80><[U:1:107910185]><>"
L 01/26/2021 - 21:31:00: [respawn.smx] "Nezzie<80><[U:1:107910185]><>" respawned "Nezzie<80><[U:1:107910185]><>"
L 01/26/2021 - 21:31:19: [mapchooser_extended.smx] Voting for next map has started.
L 01/26/2021 - 21:31:22: [respawn.smx] "Nezzie<80><[U:1:107910185]><>" respawned "Nezzie<80><[U:1:107910185]><>"
L 01/26/2021 - 21:31:23: [respawn.smx] "Nezzie<80><[U:1:107910185]><>" respawned "test1<83><BOT><>"
L 01/26/2021 - 21:31:38: [mapchooser_extended.smx] Voting for next map has started.
L 01/26/2021 - 21:31:42: [mapchooser_extended.smx] Voting for next map has finished. Nextmap: vsh_crevice_b5.
L 01/26/2021 - 21:41:32: [SM] Changed map to "vsh_crevice_b5"
L 01/26/2021 - 21:41:38: -------- Mapchange to vsh_crevice_b5 --------
L 01/26/2021 - 21:41:49: [mapchooser_extended.smx] Loaded map list for tf.
L 01/26/2021 - 22:02:04: [mapchooser_extended.smx] Voting for next map has started.
L 01/27/2021 - 04:05:17: Log file closed.
