L 12/31/2020 - 00:20:04: SourceMod log file session started (file "/home/steamsrv/tf2/tf/addons/sourcemod/logs/L20201231.log") (Version "1.10.0.6490")
L 12/31/2020 - 00:20:04: [mapchooser_extended.smx] Voting for next map has started.
L 12/31/2020 - 00:20:10: [mapchooser_extended.smx] Voting for next map has finished. Nextmap: vsh_minegay_reworked_v2.
L 12/31/2020 - 00:30:08: [SM] Changed map to "vsh_minegay_reworked_v2"
L 12/31/2020 - 00:30:09: -------- Mapchange to vsh_minegay_reworked_v2 --------
L 12/31/2020 - 00:30:19: [mapchooser_extended.smx] Loaded map list for tf.
L 12/31/2020 - 00:35:08: [nominations_extended.smx] rinzor nominated vsh_nebula_rc1
L 12/31/2020 - 00:46:08: [mapchooser_extended.smx] Starting map vote because outside request
L 12/31/2020 - 00:46:24: [mapchooser_extended.smx] Voting for next map has started.
L 12/31/2020 - 00:46:51: [mapchooser_extended.smx] Voting for next map has started.
L 12/31/2020 - 00:47:11: [mapchooser_extended.smx] Voting for next map has finished. Nextmap: vsh_nebula_rc1.
L 12/31/2020 - 00:47:16: [SM] Changed map to "vsh_nebula_rc1"
L 12/31/2020 - 00:47:19: -------- Mapchange to vsh_nebula_rc1 --------
L 12/31/2020 - 00:47:29: [mapchooser_extended.smx] Loaded map list for tf.
L 12/31/2020 - 00:50:36: [mapchooser_extended.smx] Starting map vote because outside request
L 12/31/2020 - 00:50:52: [mapchooser_extended.smx] Voting for next map has started.
L 12/31/2020 - 00:51:11: [mapchooser_extended.smx] Voting for next map has finished. Nextmap: vsh_drejun_v3.
L 12/31/2020 - 00:51:15: [SM] Changed map to "vsh_drejun_v3"
L 12/31/2020 - 00:51:18: -------- Mapchange to vsh_drejun_v3 --------
L 12/31/2020 - 00:51:27: [mapchooser_extended.smx] Loaded map list for tf.
L 12/31/2020 - 01:04:15: [sbpp_comms.smx] "unspacy<89><[U:1:130638097]><>" silenced "Obama Gaming<87><[U:1:158286573]><>" (minutes "60") (reason "Inappropriate Language")
L 12/31/2020 - 01:11:43: [mapchooser_extended.smx] Voting for next map has started.
L 12/31/2020 - 01:11:57: [mapchooser_extended.smx] Voting for next map has finished. Nextmap: vsh_dirtmound_b9.
L 12/31/2020 - 01:18:33: [playercommands.smx] "unspacy<91><[U:1:130638097]><>" slapped "wawa blacker<86><[U:1:377982210]><>" (damage "0")
L 12/31/2020 - 01:21:33: [basechat.smx] "F1SH<92><[U:1:445849108]><>" triggered sm_msay (text speak english please :))
L 12/31/2020 - 01:22:07: [sbpp_comms.smx] "unspacy<91><[U:1:130638097]><>" muted "wawa blacker<86><[U:1:377982210]><>" (minutes "60") (reason "'English only'")
L 12/31/2020 - 01:22:44: [SM] Changed map to "vsh_dirtmound_b9"
L 12/31/2020 - 01:22:48: -------- Mapchange to vsh_dirtmound_b9 --------
L 12/31/2020 - 01:22:57: [mapchooser_extended.smx] Loaded map list for tf.
L 12/31/2020 - 01:29:58: [basecomm.smx] "F1SH<92><[U:1:445849108]><>" gagged "wawa blacker<86><[U:1:377982210]><>"
L 12/31/2020 - 01:38:03: [playercommands.smx] "unspacy<91><[U:1:130638097]><>" slapped "wawa blacker<86><[U:1:377982210]><>" (damage "0")
L 12/31/2020 - 01:38:04: [playercommands.smx] "unspacy<91><[U:1:130638097]><>" slapped "wawa blacker<86><[U:1:377982210]><>" (damage "0")
L 12/31/2020 - 01:43:14: [mapchooser_extended.smx] Voting for next map has started.
L 12/31/2020 - 01:43:41: [mapchooser_extended.smx] Voting for next map has started.
L 12/31/2020 - 01:43:50: [mapchooser_extended.smx] Voting for next map has finished. Nextmap: vsh_intrusion_rc2.
L 12/31/2020 - 01:51:42: [sbpp_comms.smx] "unspacy<91><[U:1:130638097]><>" gagged "Michael Ñoqui<99><[U:1:1115131996]><>" (minutes "60") (reason "'English only'")
L 12/31/2020 - 01:54:07: [SM] Changed map to "vsh_intrusion_rc2"
L 12/31/2020 - 01:54:13: -------- Mapchange to vsh_intrusion_rc2 --------
L 12/31/2020 - 01:54:24: [mapchooser_extended.smx] Loaded map list for tf.
L 12/31/2020 - 01:56:24: [sbpp_comms.smx] "unspacy<91><[U:1:130638097]><>" gagged "wawa blacker<86><[U:1:377982210]><>" (minutes "60") (reason "'English only'")
L 12/31/2020 - 01:56:42: [mapchooser_extended.smx] Starting map vote because outside request
L 12/31/2020 - 01:56:58: [mapchooser_extended.smx] Voting for next map has started.
L 12/31/2020 - 01:57:25: [mapchooser_extended.smx] Voting for next map has started.
L 12/31/2020 - 01:57:45: [mapchooser_extended.smx] Voting for next map has finished. Nextmap: vsh_dunger_b2a.
L 12/31/2020 - 01:57:49: [SM] Changed map to "vsh_dunger_b2a"
L 12/31/2020 - 01:57:51: -------- Mapchange to vsh_dunger_b2a --------
L 12/31/2020 - 01:58:00: [mapchooser_extended.smx] Loaded map list for tf.
L 12/31/2020 - 02:01:21: [basecommands.smx] "unspacy<91><[U:1:130638097]><>" kicked "wawa blacker<86><[U:1:377982210]><>" (reason "")
L 12/31/2020 - 02:01:56: [sbpp_main.smx] "unspacy<91><[U:1:130638097]><>" banned "wawa blacker<102><[U:1:377982210]><>" (minutes "60") (reason "Inappropriate Language")
L 12/31/2020 - 02:05:09: [playercommands.smx] "unspacy<91><[U:1:130638097]><>" slapped "Obama Gaming<98><[U:1:158286573]><>" (damage "0")
L 12/31/2020 - 02:07:46: SourceMod log file session started (file "/home/steamsrv/tf2/tf/addons/sourcemod/logs/L20201231.log") (Version "1.10.0.6490")
L 12/31/2020 - 02:07:46: [TF2ITEMS] "GiveNamedItem" offset = 484
L 12/31/2020 - 02:07:47: [funcommandsX.smx] Game detected as Team Fortress 2: Source (GAME_TF2)
L 12/31/2020 - 02:07:47: [simple-chatprocessor.smx] [SCP] Recognized mod [Team Fortress 2].
L 12/31/2020 - 02:07:47: [simple-chatprocessor.smx] [SCP] Loading translation file [scp.tf.phrases].
L 12/31/2020 - 02:07:47: [freak_fortress_2.smx] Freak Fortress 2 199001 Loading...
L 12/31/2020 - 02:08:06: [mapchooser_extended.smx] Loaded map list for tf.
L 12/31/2020 - 02:10:31: SourceMod log file session started (file "/home/steamsrv/tf2/tf/addons/sourcemod/logs/L20201231.log") (Version "1.10.0.6490")
L 12/31/2020 - 02:10:31: [TF2ITEMS] "GiveNamedItem" offset = 484
L 12/31/2020 - 02:10:32: [funcommandsX.smx] Game detected as Team Fortress 2: Source (GAME_TF2)
L 12/31/2020 - 02:10:32: [simple-chatprocessor.smx] [SCP] Recognized mod [Team Fortress 2].
L 12/31/2020 - 02:10:32: [simple-chatprocessor.smx] [SCP] Loading translation file [scp.tf.phrases].
L 12/31/2020 - 02:10:32: [freak_fortress_2.smx] Freak Fortress 2 199001 Loading...
L 12/31/2020 - 02:10:45: [mapchooser_extended.smx] Loaded map list for tf.
L 12/31/2020 - 02:11:34: [basecommands.smx] "Nezzie<5><[U:1:107910185]><>" changed map to "vsh_area_54tress_b4"
L 12/31/2020 - 02:11:37: [SM] Changed map to "vsh_area_54tress_b4"
L 12/31/2020 - 02:11:39: -------- Mapchange to vsh_area_54tress_b4 --------
L 12/31/2020 - 02:11:48: [mapchooser_extended.smx] Loaded map list for tf.
L 12/31/2020 - 02:28:50: [basecomm.smx] "F1SH<14><[U:1:445849108]><>" gagged "Obama Gaming<7><[U:1:158286573]><>"
L 12/31/2020 - 02:32:04: [mapchooser_extended.smx] Voting for next map has started.
L 12/31/2020 - 02:32:25: [mapchooser_extended.smx] Voting for next map has finished. Nextmap: vsh_crevice_b5.
L 12/31/2020 - 02:33:38: [sbpp_comms.smx] "F1SH<14><[U:1:445849108]><>" gagged "rinzor<3><[U:1:103173271]><>" (minutes "1") (reason "minute test")
L 12/31/2020 - 02:34:20: [sbpp_comms.smx] "unspacy<9><[U:1:130638097]><>" muted "Obama Gaming<7><[U:1:158286573]><>" (minutes "60") (reason "Spam in chat/voice")
L 12/31/2020 - 02:35:04: [basecommands.smx] "Nezzie<5><[U:1:107910185]><>" changed map to "vsh_crevice_b5"
L 12/31/2020 - 02:35:07: [SM] Changed map to "vsh_crevice_b5"
L 12/31/2020 - 02:35:10: -------- Mapchange to vsh_crevice_b5 --------
L 12/31/2020 - 02:35:20: [mapchooser_extended.smx] Loaded map list for tf.
L 12/31/2020 - 02:39:23: [basecommands.smx] "F1SH<14><[U:1:445849108]><>" kicked "Obama Gaming<7><[U:1:158286573]><>" (reason "")
L 12/31/2020 - 02:49:57: [basechat.smx] "F1SH<14><[U:1:445849108]><>" triggered sm_msay (text wb)
L 12/31/2020 - 02:50:01: [basechat.smx] "Nezzie<5><[U:1:107910185]><>" triggered sm_csay (text wb)
L 12/31/2020 - 02:50:05: [basechat.smx] "unspacy<9><[U:1:130638097]><>" triggered sm_hsay (text wb)
L 12/31/2020 - 02:52:12: [funcommandsX.smx] Game detected as Team Fortress 2: Source (GAME_TF2)
L 12/31/2020 - 02:52:12: [simple-chatprocessor.smx] [SCP] Recognized mod [Team Fortress 2].
L 12/31/2020 - 02:52:12: [simple-chatprocessor.smx] [SCP] Loading translation file [scp.tf.phrases].
L 12/31/2020 - 02:52:13: [freak_fortress_2.smx] Freak Fortress 2 199001 Loading...
L 12/31/2020 - 02:52:13: [mapchooser_extended.smx] Loaded map list for tf.
L 12/31/2020 - 02:55:01: [funcommandsX.smx] Game detected as Team Fortress 2: Source (GAME_TF2)
L 12/31/2020 - 02:55:01: [simple-chatprocessor.smx] [SCP] Recognized mod [Team Fortress 2].
L 12/31/2020 - 02:55:01: [simple-chatprocessor.smx] [SCP] Loading translation file [scp.tf.phrases].
L 12/31/2020 - 02:55:01: [freak_fortress_2.smx] Freak Fortress 2 199001 Loading...
L 12/31/2020 - 02:55:02: [mapchooser_extended.smx] Loaded map list for tf.
L 12/31/2020 - 02:55:44: [mapchooser_extended.smx] Voting for next map has started.
L 12/31/2020 - 02:56:10: [mapchooser_extended.smx] Voting for next map has started.
L 12/31/2020 - 02:56:31: [mapchooser_extended.smx] Voting for next map has finished. Nextmap: vsh_minegay_reworked_v2.
L 12/31/2020 - 02:59:35: [funcommandsX.smx] Game detected as Team Fortress 2: Source (GAME_TF2)
L 12/31/2020 - 02:59:35: [simple-chatprocessor.smx] [SCP] Recognized mod [Team Fortress 2].
L 12/31/2020 - 02:59:35: [simple-chatprocessor.smx] [SCP] Loading translation file [scp.tf.phrases].
L 12/31/2020 - 02:59:35: [freak_fortress_2.smx] Freak Fortress 2 199001 Loading...
L 12/31/2020 - 02:59:41: [mapchooser_extended.smx] Loaded map list for tf.
L 12/31/2020 - 02:59:57: [funcommandsX.smx] Game detected as Team Fortress 2: Source (GAME_TF2)
L 12/31/2020 - 02:59:57: [simple-chatprocessor.smx] [SCP] Recognized mod [Team Fortress 2].
L 12/31/2020 - 02:59:57: [simple-chatprocessor.smx] [SCP] Loading translation file [scp.tf.phrases].
L 12/31/2020 - 02:59:58: [freak_fortress_2.smx] Freak Fortress 2 199001 Loading...
L 12/31/2020 - 02:59:59: [mapchooser_extended.smx] Loaded map list for tf.
L 12/31/2020 - 03:00:17: [mapchooser_extended.smx] Voting for next map has started.
L 12/31/2020 - 03:00:44: [mapchooser_extended.smx] Voting for next map has started.
L 12/31/2020 - 03:01:04: [mapchooser_extended.smx] Voting for next map has finished. Nextmap: vsh_yammoe_rc3.
L 12/31/2020 - 03:03:23: [funcommandsX.smx] Game detected as Team Fortress 2: Source (GAME_TF2)
L 12/31/2020 - 03:03:23: [simple-chatprocessor.smx] [SCP] Recognized mod [Team Fortress 2].
L 12/31/2020 - 03:03:23: [simple-chatprocessor.smx] [SCP] Loading translation file [scp.tf.phrases].
L 12/31/2020 - 03:03:24: [freak_fortress_2.smx] Freak Fortress 2 199001 Loading...
L 12/31/2020 - 03:03:24: [mapchooser_extended.smx] Loaded map list for tf.
L 12/31/2020 - 03:03:41: [mapchooser_extended.smx] Voting for next map has started.
L 12/31/2020 - 03:04:08: [mapchooser_extended.smx] Voting for next map has started.
L 12/31/2020 - 03:04:28: [mapchooser_extended.smx] Voting for next map has finished. Nextmap: vsh_minegay_reworked_v2.
L 12/31/2020 - 03:10:01: [SM] Changed map to "vsh_minegay_reworked_v2"
L 12/31/2020 - 03:10:04: -------- Mapchange to vsh_minegay_reworked_v2 --------
L 12/31/2020 - 03:10:15: [mapchooser_extended.smx] Loaded map list for tf.
L 12/31/2020 - 03:19:24: [basecomm.smx] "Draconic (Azel)<21><[U:1:101368949]><>" gagged "whymutedmeididntsayanathingbad<22><[U:1:1115131996]><>"
L 12/31/2020 - 03:28:31: [funcommandsX.smx] Game detected as Team Fortress 2: Source (GAME_TF2)
L 12/31/2020 - 03:28:31: [simple-chatprocessor.smx] [SCP] Recognized mod [Team Fortress 2].
L 12/31/2020 - 03:28:31: [simple-chatprocessor.smx] [SCP] Loading translation file [scp.tf.phrases].
L 12/31/2020 - 03:28:32: [freak_fortress_2.smx] Freak Fortress 2 199001 Loading...
L 12/31/2020 - 03:28:32: [mapchooser_extended.smx] Loaded map list for tf.
L 12/31/2020 - 03:30:36: [mapchooser_extended.smx] Voting for next map has started.
L 12/31/2020 - 03:30:56: [mapchooser_extended.smx] Voting for next map has finished. Nextmap: vsh_manncohq_v14.
L 12/31/2020 - 03:32:40: [funcommandsX.smx] Game detected as Team Fortress 2: Source (GAME_TF2)
L 12/31/2020 - 03:32:40: [simple-chatprocessor.smx] [SCP] Recognized mod [Team Fortress 2].
L 12/31/2020 - 03:32:40: [simple-chatprocessor.smx] [SCP] Loading translation file [scp.tf.phrases].
L 12/31/2020 - 03:32:40: [freak_fortress_2.smx] Freak Fortress 2 199001 Loading...
L 12/31/2020 - 03:32:40: [mapchooser_extended.smx] Loaded map list for tf.
L 12/31/2020 - 03:32:57: [mapchooser_extended.smx] Voting for next map has started.
L 12/31/2020 - 03:33:24: [mapchooser_extended.smx] Voting for next map has started.
L 12/31/2020 - 03:33:44: [mapchooser_extended.smx] Voting for next map has finished. Nextmap: vsh_area_54tress_b4.
L 12/31/2020 - 03:36:01: [funcommandsX.smx] Game detected as Team Fortress 2: Source (GAME_TF2)
L 12/31/2020 - 03:36:01: [simple-chatprocessor.smx] [SCP] Recognized mod [Team Fortress 2].
L 12/31/2020 - 03:36:01: [simple-chatprocessor.smx] [SCP] Loading translation file [scp.tf.phrases].
L 12/31/2020 - 03:36:01: [freak_fortress_2.smx] Freak Fortress 2 199001 Loading...
L 12/31/2020 - 03:36:01: [mapchooser_extended.smx] Loaded map list for tf.
L 12/31/2020 - 03:36:18: [mapchooser_extended.smx] Voting for next map has started.
L 12/31/2020 - 03:36:45: [mapchooser_extended.smx] Voting for next map has started.
L 12/31/2020 - 03:37:05: [mapchooser_extended.smx] Voting for next map has finished. Nextmap: vsh_dunger_b2a.
L 12/31/2020 - 03:40:58: [SM] Changed map to "vsh_dunger_b2a"
L 12/31/2020 - 03:41:02: -------- Mapchange to vsh_dunger_b2a --------
L 12/31/2020 - 03:41:12: [mapchooser_extended.smx] Loaded map list for tf.
L 12/31/2020 - 03:52:45: [basecomm.smx] "Draconic (Azel)<21><[U:1:101368949]><>" gagged "wawa blacker<28><[U:1:377982210]><>"
L 12/31/2020 - 03:53:02: [basecomm.smx] "Draconic (Azel)<21><[U:1:101368949]><>" gagged "Maxx-o<13><[U:1:185670919]><>"
L 12/31/2020 - 04:01:28: [mapchooser_extended.smx] Voting for next map has started.
L 12/31/2020 - 04:01:55: [mapchooser_extended.smx] Voting for next map has started.
L 12/31/2020 - 04:02:15: [mapchooser_extended.smx] Voting for next map has finished. Nextmap: vsh_cairo_pyramid_v4.
L 12/31/2020 - 04:13:13: [SM] Changed map to "vsh_cairo_pyramid_v4"
L 12/31/2020 - 04:13:16: -------- Mapchange to vsh_cairo_pyramid_v4 --------
L 12/31/2020 - 04:13:27: [mapchooser_extended.smx] Loaded map list for tf.
L 12/31/2020 - 04:19:14: [mapchooser_extended.smx] Starting map vote because outside request
L 12/31/2020 - 04:19:30: [mapchooser_extended.smx] Voting for next map has started.
L 12/31/2020 - 04:19:50: [mapchooser_extended.smx] Voting for next map has finished. Nextmap: vsh_void_a1f.
L 12/31/2020 - 04:19:55: [SM] Changed map to "vsh_void_a1f"
L 12/31/2020 - 04:19:57: -------- Mapchange to vsh_void_a1f --------
L 12/31/2020 - 04:20:09: [mapchooser_extended.smx] Loaded map list for tf.
L 12/31/2020 - 04:40:25: [mapchooser_extended.smx] Voting for next map has started.
L 12/31/2020 - 04:40:46: [mapchooser_extended.smx] Voting for next map has finished. Nextmap: vsh_apg_v2_sg1.
L 12/31/2020 - 04:51:19: [SM] Changed map to "vsh_apg_v2_sg1"
L 12/31/2020 - 04:51:22: -------- Mapchange to vsh_apg_v2_sg1 --------
L 12/31/2020 - 04:51:33: [mapchooser_extended.smx] Loaded map list for tf.
L 12/31/2020 - 05:11:49: [mapchooser_extended.smx] Voting for next map has started.
L 12/31/2020 - 05:11:59: [mapchooser_extended.smx] Voting for next map has finished. Nextmap: vsh_skyhigh_resort_b8_sg4.
L 12/31/2020 - 05:22:48: [SM] Changed map to "vsh_skyhigh_resort_b8_sg4"
L 12/31/2020 - 05:22:51: -------- Mapchange to vsh_skyhigh_resort_b8_sg4 --------
L 12/31/2020 - 05:23:03: [mapchooser_extended.smx] Loaded map list for tf.
L 12/31/2020 - 05:43:20: [mapchooser_extended.smx] Voting for next map has started.
L 12/31/2020 - 05:43:37: [mapchooser_extended.smx] Voting for next map has finished. Nextmap: vsh_cairo_pyramid_v4.
L 12/31/2020 - 05:51:03: [rockthevote_extended.smx] RTV changing map manually
L 12/31/2020 - 05:51:03: [SM] Changed map to "vsh_cairo_pyramid_v4"
L 12/31/2020 - 05:51:07: -------- Mapchange to vsh_cairo_pyramid_v4 --------
L 12/31/2020 - 05:51:19: [mapchooser_extended.smx] Loaded map list for tf.
L 12/31/2020 - 05:51:51: [mapchooser_extended.smx] Starting map vote because outside request
L 12/31/2020 - 05:52:07: [mapchooser_extended.smx] Voting for next map has started.
L 12/31/2020 - 05:52:17: [mapchooser_extended.smx] Voting for next map has finished. Nextmap: vsh_yammoe_rc3.
L 12/31/2020 - 05:52:21: [SM] Changed map to "vsh_yammoe_rc3"
L 12/31/2020 - 05:52:28: -------- Mapchange to vsh_yammoe_rc3 --------
L 12/31/2020 - 05:52:39: [mapchooser_extended.smx] Loaded map list for tf.
L 12/31/2020 - 06:12:55: [mapchooser_extended.smx] Voting for next map has started.
L 12/31/2020 - 06:13:22: [mapchooser_extended.smx] Voting for next map has started.
L 12/31/2020 - 06:13:42: [mapchooser_extended.smx] Voting for next map has finished. Nextmap: vsh_minegay_reworked_v2.
L 12/31/2020 - 06:23:01: [SM] Changed map to "vsh_minegay_reworked_v2"
L 12/31/2020 - 06:23:06: -------- Mapchange to vsh_minegay_reworked_v2 --------
L 12/31/2020 - 06:23:18: [mapchooser_extended.smx] Loaded map list for tf.
L 12/31/2020 - 06:43:34: [mapchooser_extended.smx] Voting for next map has started.
L 12/31/2020 - 06:43:50: [mapchooser_extended.smx] Voting for next map has finished. Nextmap: vsh_tranquil_b5.
L 12/31/2020 - 06:54:52: [SM] Changed map to "vsh_tranquil_b5"
L 12/31/2020 - 06:54:57: -------- Mapchange to vsh_tranquil_b5 --------
L 12/31/2020 - 06:55:11: [mapchooser_extended.smx] Loaded map list for tf.
L 12/31/2020 - 07:15:27: [mapchooser_extended.smx] Voting for next map has started.
L 12/31/2020 - 07:15:32: [mapchooser_extended.smx] Voting for next map has finished. Nextmap: vsh_intrusion_rc2.
L 12/31/2020 - 07:19:30: [rockthevote_extended.smx] RTV changing map manually
L 12/31/2020 - 07:19:30: [SM] Changed map to "vsh_intrusion_rc2"
L 12/31/2020 - 07:19:38: -------- Mapchange to vsh_intrusion_rc2 --------
L 12/31/2020 - 07:19:50: [mapchooser_extended.smx] Loaded map list for tf.
L 12/31/2020 - 07:40:04: [mapchooser_extended.smx] Voting for next map has started.
L 12/31/2020 - 19:28:35: [SM] Changed map to "vsh_gyros_v5"
L 12/31/2020 - 19:28:40: -------- Mapchange to vsh_gyros_v5 --------
L 12/31/2020 - 19:28:52: [mapchooser_extended.smx] Loaded map list for tf.
L 12/31/2020 - 19:49:07: [mapchooser_extended.smx] Voting for next map has started.
L 12/31/2020 - 19:49:34: [mapchooser_extended.smx] Voting for next map has started.
L 12/31/2020 - 19:49:54: [mapchooser_extended.smx] Voting for next map has finished. Nextmap: vsh_nebula_rc1.
L 12/31/2020 - 19:59:20: [SM] Changed map to "vsh_nebula_rc1"
L 12/31/2020 - 19:59:25: -------- Mapchange to vsh_nebula_rc1 --------
L 12/31/2020 - 19:59:37: [mapchooser_extended.smx] Loaded map list for tf.
L 12/31/2020 - 20:19:54: [mapchooser_extended.smx] Voting for next map has started.
L 12/31/2020 - 20:20:20: [mapchooser_extended.smx] Voting for next map has started.
L 12/31/2020 - 20:20:40: [mapchooser_extended.smx] Voting for next map has finished. Nextmap: vsh_manncohq_v14.
L 12/31/2020 - 20:30:57: [SM] Changed map to "vsh_manncohq_v14"
L 12/31/2020 - 20:31:02: -------- Mapchange to vsh_manncohq_v14 --------
L 12/31/2020 - 20:31:14: [mapchooser_extended.smx] Loaded map list for tf.
L 12/31/2020 - 20:51:32: [mapchooser_extended.smx] Voting for next map has started.
L 12/31/2020 - 20:51:52: [mapchooser_extended.smx] Voting for next map has started.
L 12/31/2020 - 20:51:55: [mapchooser_extended.smx] Voting for next map has finished. Nextmap: vsh_area_54tress_b4.
L 12/31/2020 - 21:02:32: [SM] Changed map to "vsh_area_54tress_b4"
L 12/31/2020 - 21:02:37: -------- Mapchange to vsh_area_54tress_b4 --------
L 12/31/2020 - 21:02:48: [mapchooser_extended.smx] Loaded map list for tf.
L 12/31/2020 - 21:23:04: [mapchooser_extended.smx] Voting for next map has started.
L 01/01/2021 - 19:01:52: Log file closed.
