L 09/20/2020 - 00:13:19: SourceMod log file session started (file "/home/steamsrv/tf2/tf/addons/sourcemod/logs/L20200920.log") (Version "1.10.0.6490")
L 09/20/2020 - 00:13:19: [mapchooser_extended.smx] Voting for next map has started.
L 09/20/2020 - 00:13:40: [mapchooser_extended.smx] Voting for next map has finished. Nextmap: vsh_castle_siege_unreal_sg1.
L 09/20/2020 - 00:28:45: [SM] Changed map to "vsh_castle_siege_unreal_sg1"
L 09/20/2020 - 00:28:48: -------- Mapchange to vsh_castle_siege_unreal_sg1 --------
L 09/20/2020 - 00:28:58: [mapchooser_extended.smx] Loaded map list for tf.
L 09/20/2020 - 00:49:23: [mapchooser_extended.smx] Voting for next map has started.
L 09/20/2020 - 00:49:37: [mapchooser_extended.smx] Voting for next map has started.
L 09/20/2020 - 00:49:50: [mapchooser_extended.smx] Voting for next map has finished. Nextmap: vsh_nebula_rc1.
L 09/20/2020 - 01:01:51: [SM] Changed map to "vsh_nebula_rc1"
L 09/20/2020 - 01:01:55: -------- Mapchange to vsh_nebula_rc1 --------
L 09/20/2020 - 01:02:07: [mapchooser_extended.smx] Loaded map list for tf.
L 09/20/2020 - 01:22:38: [mapchooser_extended.smx] Voting for next map has started.
L 09/20/2020 - 01:22:59: [mapchooser_extended.smx] Voting for next map has finished. Nextmap: vsh_yammoe_rc3.
L 09/20/2020 - 01:34:19: [SM] Changed map to "vsh_yammoe_rc3"
L 09/20/2020 - 01:34:24: -------- Mapchange to vsh_yammoe_rc3 --------
L 09/20/2020 - 01:34:34: [mapchooser_extended.smx] Loaded map list for tf.
L 09/20/2020 - 01:54:55: [mapchooser_extended.smx] Voting for next map has started.
L 09/20/2020 - 01:55:16: [mapchooser_extended.smx] Voting for next map has finished. Nextmap: vsh_drejun_v3.
L 09/20/2020 - 02:05:46: [SM] Changed map to "vsh_drejun_v3"
L 09/20/2020 - 02:05:49: -------- Mapchange to vsh_drejun_v3 --------
L 09/20/2020 - 02:05:59: [mapchooser_extended.smx] Loaded map list for tf.
L 09/20/2020 - 02:26:15: [mapchooser_extended.smx] Voting for next map has started.
L 09/20/2020 - 02:26:35: [mapchooser_extended.smx] Voting for next map has finished. Nextmap: vsh_abandoned_warehouse_final_v3.
L 09/20/2020 - 02:39:32: [SM] Changed map to "vsh_abandoned_warehouse_final_v3"
L 09/20/2020 - 02:39:36: -------- Mapchange to vsh_abandoned_warehouse_final_v3 --------
L 09/20/2020 - 02:39:45: [mapchooser_extended.smx] Loaded map list for tf.
L 09/20/2020 - 02:40:30: [nominations_extended.smx] Link Tabula nominated vsh_dunger_b2a
L 09/20/2020 - 02:45:54: [nominations_extended.smx] FISH nominated vsh_egyptyspot_v2
L 09/20/2020 - 02:46:04: [mapchooser_extended.smx] Starting map vote because outside request
L 09/20/2020 - 02:46:20: [mapchooser_extended.smx] Voting for next map has started.
L 09/20/2020 - 02:46:33: [mapchooser_extended.smx] Voting for next map has finished. Nextmap: vsh_dunger_b2a.
L 09/20/2020 - 02:46:37: [SM] Changed map to "vsh_dunger_b2a"
L 09/20/2020 - 02:46:40: -------- Mapchange to vsh_dunger_b2a --------
L 09/20/2020 - 02:46:50: [mapchooser_extended.smx] Loaded map list for tf.
L 09/20/2020 - 02:51:42: [nominations_extended.smx] Link Tabula nominated vsh_scoobydoo_v1
L 09/20/2020 - 02:58:57: [nominations_extended.smx] DWW nominated vsh_egyptyspot_v2
L 09/20/2020 - 02:59:03: [mapchooser_extended.smx] Starting map vote because outside request
L 09/20/2020 - 02:59:19: [mapchooser_extended.smx] Voting for next map has started.
L 09/20/2020 - 02:59:46: [mapchooser_extended.smx] Voting for next map has started.
L 09/20/2020 - 03:00:06: [mapchooser_extended.smx] Voting for next map has finished. Nextmap: vsh_egyptyspot_v2.
L 09/20/2020 - 03:00:10: [SM] Changed map to "vsh_egyptyspot_v2"
L 09/20/2020 - 03:00:12: -------- Mapchange to vsh_egyptyspot_v2 --------
L 09/20/2020 - 03:00:22: [mapchooser_extended.smx] Loaded map list for tf.
L 09/20/2020 - 03:06:51: [nominations_extended.smx] Tai Lopez nominated vsh_Hakurei_Winter_v2
L 09/20/2020 - 03:20:42: [mapchooser_extended.smx] Voting for next map has started.
L 09/20/2020 - 03:21:02: [mapchooser_extended.smx] Voting for next map has finished. Nextmap: vsh_Hakurei_Winter_v2.
L 09/20/2020 - 03:28:10: [rockthevote_extended.smx] RTV changing map manually
L 09/20/2020 - 03:28:10: [SM] Changed map to "vsh_Hakurei_Winter_v2"
L 09/20/2020 - 03:28:15: -------- Mapchange to vsh_Hakurei_Winter_v2 --------
L 09/20/2020 - 03:28:25: [mapchooser_extended.smx] Loaded map list for tf.
L 09/20/2020 - 03:29:19: [nominations_extended.smx] Link Tabula nominated vsh_apg_v2_sg1
L 09/20/2020 - 03:47:48: [nominations_extended.smx] DWW nominated vsh_castle_siege_unreal_sg1
L 09/20/2020 - 03:48:50: [mapchooser_extended.smx] Voting for next map has started.
L 09/20/2020 - 03:49:06: [mapchooser_extended.smx] Voting for next map has finished. Nextmap: vsh_apg_v2_sg1.
L 09/20/2020 - 04:00:37: [SM] Changed map to "vsh_apg_v2_sg1"
L 09/20/2020 - 04:00:41: -------- Mapchange to vsh_apg_v2_sg1 --------
L 09/20/2020 - 04:00:51: [mapchooser_extended.smx] Loaded map list for tf.
L 09/20/2020 - 04:03:20: [nominations_extended.smx] DWW nominated vsh_nebula_rc1
L 09/20/2020 - 04:21:12: [mapchooser_extended.smx] Voting for next map has started.
L 09/20/2020 - 04:21:18: [mapchooser_extended.smx] Voting for next map has finished. Nextmap: vsh_nebula_rc1.
L 09/20/2020 - 04:32:05: [SM] Changed map to "vsh_nebula_rc1"
L 09/20/2020 - 04:32:09: -------- Mapchange to vsh_nebula_rc1 --------
L 09/20/2020 - 04:32:21: [mapchooser_extended.smx] Loaded map list for tf.
L 09/20/2020 - 04:48:03: [nominations_extended.smx] tocomo nominated vsh_scoobydoo_v1
L 09/20/2020 - 04:52:42: [mapchooser_extended.smx] Voting for next map has started.
L 09/20/2020 - 04:52:54: [mapchooser_extended.smx] Voting for next map has finished. Nextmap: vsh_scoobydoo_v1.
L 09/20/2020 - 05:03:56: [SM] Changed map to "vsh_scoobydoo_v1"
L 09/20/2020 - 05:04:02: -------- Mapchange to vsh_scoobydoo_v1 --------
L 09/20/2020 - 05:04:16: [mapchooser_extended.smx] Loaded map list for tf.
L 09/20/2020 - 05:17:18: [basechat.smx] "Console<0><Console><Console>" triggered sm_say (text The round time has ended, omaewa-mou shindeiru)
L 09/20/2020 - 05:17:18: [playercommands.smx] "Console<0><Console><Console>" slayed "swishers-al-jahidi<38><[U:1:328028526]><>"
L 09/20/2020 - 05:17:18: [playercommands.smx] "Console<0><Console><Console>" slayed "tocomo<70><[U:1:176823179]><>"
L 09/20/2020 - 05:24:37: [mapchooser_extended.smx] Voting for next map has started.
L 09/20/2020 - 05:24:46: [mapchooser_extended.smx] Voting for next map has finished. Nextmap: vsh_jealo_rc2.
L 09/20/2020 - 05:35:26: [SM] Changed map to "vsh_jealo_rc2"
L 09/20/2020 - 05:35:32: -------- Mapchange to vsh_jealo_rc2 --------
L 09/20/2020 - 05:35:43: [mapchooser_extended.smx] Loaded map list for tf.
L 09/20/2020 - 05:56:08: [mapchooser_extended.smx] Voting for next map has started.
L 09/20/2020 - 17:01:13: [SM] Changed map to "vsh_intrusion_rc2"
L 09/20/2020 - 17:01:20: -------- Mapchange to vsh_intrusion_rc2 --------
L 09/20/2020 - 17:01:32: [mapchooser_extended.smx] Loaded map list for tf.
L 09/20/2020 - 17:02:31: [nominations_extended.smx] DWW nominated vsh_scoobydoo_v1
L 09/20/2020 - 17:02:32: [mapchooser_extended.smx] Starting map vote because outside request
L 09/20/2020 - 17:02:48: [mapchooser_extended.smx] Voting for next map has started.
L 09/20/2020 - 17:03:12: [mapchooser_extended.smx] Voting for next map has started.
L 09/20/2020 - 17:03:19: [mapchooser_extended.smx] Voting for next map has finished. Nextmap: vsh_scoobydoo_v1.
L 09/20/2020 - 17:03:23: [SM] Changed map to "vsh_scoobydoo_v1"
L 09/20/2020 - 17:03:27: -------- Mapchange to vsh_scoobydoo_v1 --------
L 09/20/2020 - 17:03:37: [mapchooser_extended.smx] Loaded map list for tf.
L 09/20/2020 - 17:23:56: [mapchooser_extended.smx] Voting for next map has started.
L 09/20/2020 - 17:24:17: [mapchooser_extended.smx] Voting for next map has finished. Nextmap: vsh_castle_siege_unreal_sg1.
L 09/20/2020 - 17:31:50: [rockthevote_extended.smx] RTV changing map manually
L 09/20/2020 - 17:31:50: [SM] Changed map to "vsh_castle_siege_unreal_sg1"
L 09/20/2020 - 17:31:54: -------- Mapchange to vsh_castle_siege_unreal_sg1 --------
L 09/20/2020 - 17:32:04: [mapchooser_extended.smx] Loaded map list for tf.
L 09/20/2020 - 17:53:36: [mapchooser_extended.smx] Voting for next map has started.
L 09/20/2020 - 17:54:02: [mapchooser_extended.smx] Voting for next map has started.
L 09/20/2020 - 17:54:15: [mapchooser_extended.smx] Voting for next map has finished. Nextmap: vsh_abandoned_warehouse_final_v3.
L 09/20/2020 - 18:04:53: [SM] Changed map to "vsh_abandoned_warehouse_final_v3"
L 09/20/2020 - 18:04:58: -------- Mapchange to vsh_abandoned_warehouse_final_v3 --------
L 09/20/2020 - 18:05:10: [mapchooser_extended.smx] Loaded map list for tf.
L 09/20/2020 - 18:25:25: [mapchooser_extended.smx] Voting for next map has started.
L 09/20/2020 - 19:10:42: [SM] Changed map to "vsh_area_54tress_b4"
L 09/20/2020 - 19:10:47: -------- Mapchange to vsh_area_54tress_b4 --------
L 09/20/2020 - 19:10:58: [mapchooser_extended.smx] Loaded map list for tf.
L 09/20/2020 - 19:30:15: [nominations_extended.smx] Tai Lopez nominated vsh_Hakurei_Winter_v2
L 09/20/2020 - 19:31:13: [mapchooser_extended.smx] Voting for next map has started.
L 09/20/2020 - 19:31:39: [mapchooser_extended.smx] Voting for next map has started.
L 09/20/2020 - 19:31:55: [mapchooser_extended.smx] Voting for next map has finished. Nextmap: vsh_dirtmound_b9.
L 09/20/2020 - 19:42:34: [SM] Changed map to "vsh_dirtmound_b9"
L 09/20/2020 - 19:42:38: -------- Mapchange to vsh_dirtmound_b9 --------
L 09/20/2020 - 19:42:50: [mapchooser_extended.smx] Loaded map list for tf.
L 09/20/2020 - 20:03:06: [mapchooser_extended.smx] Voting for next map has started.
L 09/20/2020 - 20:03:32: [mapchooser_extended.smx] Voting for next map has started.
L 09/20/2020 - 20:03:53: [mapchooser_extended.smx] Voting for next map has finished. Nextmap: vsh_apg_v2_sg1.
L 09/20/2020 - 20:15:15: [SM] Changed map to "vsh_apg_v2_sg1"
L 09/20/2020 - 20:15:24: -------- Mapchange to vsh_apg_v2_sg1 --------
L 09/20/2020 - 20:15:42: [mapchooser_extended.smx] Loaded map list for tf.
L 09/20/2020 - 20:36:04: [mapchooser_extended.smx] Voting for next map has started.
L 09/20/2020 - 20:36:25: [mapchooser_extended.smx] Voting for next map has finished. Nextmap: vsh_mountainbash_v3_sg1.
L 09/20/2020 - 20:46:39: [SM] Changed map to "vsh_mountainbash_v3_sg1"
L 09/20/2020 - 20:46:46: -------- Mapchange to vsh_mountainbash_v3_sg1 --------
L 09/20/2020 - 20:47:03: [mapchooser_extended.smx] Loaded map list for tf.
L 09/20/2020 - 21:07:30: [mapchooser_extended.smx] Voting for next map has started.
L 09/21/2020 - 19:16:22: Log file closed.
