L 02/15/2021 - 00:03:49: SourceMod log file session started (file "/home/steamsrv/tf2/tf/addons/sourcemod/logs/L20210215.log") (Version "1.10.0.6490")
L 02/15/2021 - 00:03:49: [SM] Changed map to "vsh_crevice_b5"
L 02/15/2021 - 00:03:53: -------- Mapchange to vsh_crevice_b5 --------
L 02/15/2021 - 00:04:05: [mapchooser_extended.smx] Loaded map list for tf.
L 02/15/2021 - 00:24:24: [mapchooser_extended.smx] Voting for next map has started.
L 02/15/2021 - 00:24:44: [mapchooser_extended.smx] Voting for next map has finished. Nextmap: vsh_area_54tress_b4.
L 02/15/2021 - 00:36:01: [SM] Changed map to "vsh_area_54tress_b4"
L 02/15/2021 - 00:36:06: -------- Mapchange to vsh_area_54tress_b4 --------
L 02/15/2021 - 00:36:17: [mapchooser_extended.smx] Loaded map list for tf.
L 02/15/2021 - 00:46:51: [basechat.smx] "Console<0><Console><Console>" triggered sm_say (text The round time has ended, omaewa-mou shindeiru)
L 02/15/2021 - 00:46:51: [playercommands.smx] "Console<0><Console><Console>" slayed "❤Shiina<141><[U:1:275914736]><>"
L 02/15/2021 - 00:46:51: [playercommands.smx] "Console<0><Console><Console>" slayed "shiima<142><[U:1:934120557]><>"
L 02/15/2021 - 00:56:33: [mapchooser_extended.smx] Voting for next map has started.
L 02/15/2021 - 02:35:59: [SM] Changed map to "vsh_nebula_rc1"
L 02/15/2021 - 02:36:02: -------- Mapchange to vsh_nebula_rc1 --------
L 02/15/2021 - 02:36:14: [mapchooser_extended.smx] Loaded map list for tf.
L 02/15/2021 - 02:56:32: [mapchooser_extended.smx] Voting for next map has started.
L 02/15/2021 - 02:56:39: [mapchooser_extended.smx] Voting for next map has finished. Nextmap: vsh_cairo_pyramid_v4.
L 02/15/2021 - 03:06:34: [SM] Changed map to "vsh_cairo_pyramid_v4"
L 02/15/2021 - 03:06:37: -------- Mapchange to vsh_cairo_pyramid_v4 --------
L 02/15/2021 - 03:06:48: [mapchooser_extended.smx] Loaded map list for tf.
L 02/15/2021 - 03:27:05: [mapchooser_extended.smx] Voting for next map has started.
L 02/15/2021 - 03:27:32: [mapchooser_extended.smx] Voting for next map has started.
L 02/15/2021 - 03:27:37: [mapchooser_extended.smx] Voting for next map has finished. Nextmap: vsh_apg_reworked_b2.
L 02/15/2021 - 20:15:15: [SM] Changed map to "vsh_apg_reworked_b2"
L 02/15/2021 - 20:15:22: -------- Mapchange to vsh_apg_reworked_b2 --------
L 02/15/2021 - 20:15:36: [mapchooser_extended.smx] Loaded map list for tf.
L 02/15/2021 - 20:35:52: [mapchooser_extended.smx] Voting for next map has started.
L 02/16/2021 - 02:28:12: Log file closed.
