L 10/29/2020 - 04:35:50: SourceMod log file session started (file "/home/steamsrv/tf2/tf/addons/sourcemod/logs/L20201029.log") (Version "1.10.0.6490")
L 10/29/2020 - 04:35:50: [SM] Changed map to "vsh_skyhigh_resort_b8_sg4"
L 10/29/2020 - 04:35:52: -------- Mapchange to vsh_skyhigh_resort_b8_sg4 --------
L 10/29/2020 - 04:36:01: [mapchooser_extended.smx] Loaded map list for tf.
L 10/29/2020 - 04:56:16: [mapchooser_extended.smx] Voting for next map has started.
L 10/29/2020 - 04:56:24: [mapchooser_extended.smx] Voting for next map has finished. Nextmap: vsh_tranquil_b5.
L 10/29/2020 - 05:06:32: [SM] Changed map to "vsh_tranquil_b5"
L 10/29/2020 - 05:06:34: -------- Mapchange to vsh_tranquil_b5 --------
L 10/29/2020 - 05:06:45: [mapchooser_extended.smx] Loaded map list for tf.
L 10/29/2020 - 05:27:08: [mapchooser_extended.smx] Voting for next map has started.
L 10/29/2020 - 05:27:14: [mapchooser_extended.smx] Voting for next map has finished. Nextmap: vsh_abandoned_warehouse_final_v3.
L 10/29/2020 - 05:34:40: [basechat.smx] "Console<0><Console><Console>" triggered sm_say (text The round time has ended, omaewa-mou shindeiru)
L 10/29/2020 - 05:34:40: [playercommands.smx] "Console<0><Console><Console>" slayed "сало<107><[U:1:911489812]><>"
L 10/29/2020 - 05:34:40: [playercommands.smx] "Console<0><Console><Console>" slayed "rozlok<108><[U:1:862379963]><>"
L 10/29/2020 - 05:37:45: [SM] Changed map to "vsh_abandoned_warehouse_final_v3"
L 10/29/2020 - 05:37:48: -------- Mapchange to vsh_abandoned_warehouse_final_v3 --------
L 10/29/2020 - 05:37:58: [mapchooser_extended.smx] Loaded map list for tf.
L 10/29/2020 - 05:58:23: [mapchooser_extended.smx] Voting for next map has started.
L 10/29/2020 - 05:58:32: [mapchooser_extended.smx] Voting for next map has started.
L 10/29/2020 - 05:58:35: [mapchooser_extended.smx] Voting for next map has finished. Nextmap: vsh_nebula_rc1.
L 10/29/2020 - 23:08:29: SourceMod log file session started (file "/home/steamsrv/tf2/tf/addons/sourcemod/logs/L20201029.log") (Version "1.10.0.6490")
L 10/29/2020 - 23:08:29: [TF2ITEMS] "GiveNamedItem" offset = 484
L 10/29/2020 - 23:08:31: [funcommandsX.smx] Game detected as Team Fortress 2: Source (GAME_TF2)
L 10/29/2020 - 23:08:31: [simple-chatprocessor.smx] [SCP] Recognized mod [Team Fortress 2].
L 10/29/2020 - 23:08:31: [simple-chatprocessor.smx] [SCP] Loading translation file [scp.tf.phrases].
L 10/29/2020 - 23:08:32: [freak_fortress_2.smx] Freak Fortress 2 199001 Loading...
L 10/29/2020 - 23:08:52: [mapchooser_extended.smx] Loaded map list for tf.
L 10/30/2020 - 05:58:46: Log file closed.
