L 07/31/2020 - 01:54:43: SourceMod log file session started (file "/home/steamsrv/tf2/tf/addons/sourcemod/logs/L20200731.log") (Version "1.10.0.6490")
L 07/31/2020 - 01:54:43: [basecommands.smx] "Nezzie<83><[U:1:107910185]><>" changed map to "arena_lumberyard"
L 07/31/2020 - 01:54:46: [SM] Changed map to "arena_lumberyard"
L 07/31/2020 - 01:54:48: -------- Mapchange to arena_lumberyard --------
L 07/31/2020 - 01:55:00: [mapchooser_extended.smx] Loaded map list for tf.
L 07/31/2020 - 01:58:12: [freak_fortress_2.smx] Freak Fortress 2 199001 Loading...
L 07/31/2020 - 01:58:13: [simple-chatprocessor.smx] [SCP] Recognized mod [Team Fortress 2].
L 07/31/2020 - 01:58:13: [simple-chatprocessor.smx] [SCP] Loading translation file [scp.tf.phrases].
L 07/31/2020 - 01:58:13: [mapchooser_extended.smx] Loaded map list for tf.
L 07/31/2020 - 01:58:16: [hpregeneration.smx] [HpRegeneration] - Loaded
L 07/31/2020 - 02:02:30: [freak_fortress_2.smx] Freak Fortress 2 199001 Loading...
L 07/31/2020 - 02:02:30: [simple-chatprocessor.smx] [SCP] Recognized mod [Team Fortress 2].
L 07/31/2020 - 02:02:30: [simple-chatprocessor.smx] [SCP] Loading translation file [scp.tf.phrases].
L 07/31/2020 - 02:02:31: [mapchooser_extended.smx] Loaded map list for tf.
L 07/31/2020 - 02:02:34: [hpregeneration.smx] [HpRegeneration] - Loaded
L 07/31/2020 - 02:10:50: [basechat.smx] "Console<0><Console><Console>" triggered sm_say (text The round time has ended, omaewa-mou shindeiru)
L 07/31/2020 - 02:10:50: [playercommands.smx] "Console<0><Console><Console>" slayed "Nezzie<83><[U:1:107910185]><>"
L 07/31/2020 - 02:10:50: [playercommands.smx] "Console<0><Console><Console>" slayed "Mega Baboon<87><BOT><>"
L 07/31/2020 - 02:10:50: [playercommands.smx] "Console<0><Console><Console>" slayed "Glorified Toaster with Legs<88><BOT><>"
L 07/31/2020 - 02:10:50: [playercommands.smx] "Console<0><Console><Console>" slayed "CryBaby<89><BOT><>"
L 07/31/2020 - 02:15:21: [mapchooser_extended.smx] Voting for next map has started.
L 07/31/2020 - 02:19:08: [basechat.smx] "Console<0><Console><Console>" triggered sm_say (text The round time has ended, omaewa-mou shindeiru)
L 07/31/2020 - 02:19:08: [playercommands.smx] "Console<0><Console><Console>" slayed "Nezzie<83><[U:1:107910185]><>"
L 07/31/2020 - 02:19:08: [playercommands.smx] "Console<0><Console><Console>" slayed "Mega Baboon<87><BOT><>"
L 07/31/2020 - 02:19:08: [playercommands.smx] "Console<0><Console><Console>" slayed "Glorified Toaster with Legs<88><BOT><>"
L 07/31/2020 - 02:19:08: [playercommands.smx] "Console<0><Console><Console>" slayed "CryBaby<89><BOT><>"
L 07/31/2020 - 19:31:01: [basecommands.smx] "Nezzie<90><[U:1:107910185]><>" changed map to "arena_lumberyard"
L 07/31/2020 - 19:31:04: [SM] Changed map to "arena_lumberyard"
L 07/31/2020 - 19:31:05: -------- Mapchange to arena_lumberyard --------
L 07/31/2020 - 19:31:17: [mapchooser_extended.smx] Loaded map list for tf.
L 07/31/2020 - 19:37:23: [freak_fortress_2.smx] Freak Fortress 2 199001 Loading...
L 07/31/2020 - 19:37:24: [simple-chatprocessor.smx] [SCP] Recognized mod [Team Fortress 2].
L 07/31/2020 - 19:37:24: [simple-chatprocessor.smx] [SCP] Loading translation file [scp.tf.phrases].
L 07/31/2020 - 19:37:24: [mapchooser_extended.smx] Loaded map list for tf.
L 07/31/2020 - 19:37:27: [hpregeneration.smx] [HpRegeneration] - Loaded
L 07/31/2020 - 19:38:33: [respawn.smx] "Nezzie<90><[U:1:107910185]><>" respawned "Nezzie<90><[U:1:107910185]><>"
L 07/31/2020 - 19:49:53: [basechat.smx] "Console<0><Console><Console>" triggered sm_say (text The round time has ended, omaewa-mou shindeiru)
L 07/31/2020 - 19:49:53: [playercommands.smx] "Console<0><Console><Console>" slayed "Nezzie<90><[U:1:107910185]><>"
L 07/31/2020 - 19:49:53: [playercommands.smx] "Console<0><Console><Console>" slayed "The Combine<95><BOT><>"
L 07/31/2020 - 19:51:40: [mapchooser_extended.smx] Voting for next map has started.
L 07/31/2020 - 19:56:12: [freak_fortress_2.smx] Freak Fortress 2 199001 Loading...
L 07/31/2020 - 19:56:12: [simple-chatprocessor.smx] [SCP] Recognized mod [Team Fortress 2].
L 07/31/2020 - 19:56:12: [simple-chatprocessor.smx] [SCP] Loading translation file [scp.tf.phrases].
L 07/31/2020 - 19:56:12: [mapchooser_extended.smx] Loaded map list for tf.
L 07/31/2020 - 19:56:15: [hpregeneration.smx] [HpRegeneration] - Loaded
L 07/31/2020 - 19:56:28: [mapchooser_extended.smx] Voting for next map has started.
L 07/31/2020 - 20:03:29: [freak_fortress_2.smx] Freak Fortress 2 199001 Loading...
L 07/31/2020 - 20:03:29: [simple-chatprocessor.smx] [SCP] Recognized mod [Team Fortress 2].
L 07/31/2020 - 20:03:29: [simple-chatprocessor.smx] [SCP] Loading translation file [scp.tf.phrases].
L 07/31/2020 - 20:03:29: [mapchooser_extended.smx] Loaded map list for tf.
L 07/31/2020 - 20:03:32: [hpregeneration.smx] [HpRegeneration] - Loaded
L 07/31/2020 - 20:04:06: [freak_fortress_2.smx] Freak Fortress 2 199001 Loading...
L 07/31/2020 - 20:04:07: [simple-chatprocessor.smx] [SCP] Recognized mod [Team Fortress 2].
L 07/31/2020 - 20:04:07: [simple-chatprocessor.smx] [SCP] Loading translation file [scp.tf.phrases].
L 07/31/2020 - 20:04:07: [mapchooser_extended.smx] Loaded map list for tf.
L 07/31/2020 - 20:04:10: [hpregeneration.smx] [HpRegeneration] - Loaded
L 07/31/2020 - 20:06:43: [playercommands.smx] "Nezzie<90><[U:1:107910185]><>" slapped "Pow!<96><BOT><>" (damage "0")
L 07/31/2020 - 20:06:44: [playercommands.smx] "Nezzie<90><[U:1:107910185]><>" slapped "Pow!<96><BOT><>" (damage "0")
L 07/31/2020 - 20:06:44: [playercommands.smx] "Nezzie<90><[U:1:107910185]><>" slapped "Pow!<96><BOT><>" (damage "0")
L 07/31/2020 - 20:06:44: [playercommands.smx] "Nezzie<90><[U:1:107910185]><>" slapped "Pow!<96><BOT><>" (damage "0")
L 07/31/2020 - 20:06:44: [playercommands.smx] "Nezzie<90><[U:1:107910185]><>" slapped "Pow!<96><BOT><>" (damage "0")
L 07/31/2020 - 20:06:44: [playercommands.smx] "Nezzie<90><[U:1:107910185]><>" slapped "Pow!<96><BOT><>" (damage "0")
L 07/31/2020 - 20:06:44: [playercommands.smx] "Nezzie<90><[U:1:107910185]><>" slapped "Pow!<96><BOT><>" (damage "0")
L 07/31/2020 - 20:06:45: [playercommands.smx] "Nezzie<90><[U:1:107910185]><>" slapped "Pow!<96><BOT><>" (damage "0")
L 07/31/2020 - 20:06:45: [playercommands.smx] "Nezzie<90><[U:1:107910185]><>" slapped "Pow!<96><BOT><>" (damage "0")
L 07/31/2020 - 20:06:45: [playercommands.smx] "Nezzie<90><[U:1:107910185]><>" slapped "Pow!<96><BOT><>" (damage "0")
L 07/31/2020 - 20:06:45: [playercommands.smx] "Nezzie<90><[U:1:107910185]><>" slapped "Pow!<96><BOT><>" (damage "0")
L 07/31/2020 - 20:06:45: [playercommands.smx] "Nezzie<90><[U:1:107910185]><>" slapped "Pow!<96><BOT><>" (damage "0")
L 07/31/2020 - 20:06:46: [playercommands.smx] "Nezzie<90><[U:1:107910185]><>" slapped "Pow!<96><BOT><>" (damage "0")
L 07/31/2020 - 20:06:46: [playercommands.smx] "Nezzie<90><[U:1:107910185]><>" slapped "Pow!<96><BOT><>" (damage "0")
L 07/31/2020 - 20:06:46: [playercommands.smx] "Nezzie<90><[U:1:107910185]><>" slapped "Pow!<96><BOT><>" (damage "0")
L 07/31/2020 - 20:06:47: [playercommands.smx] "Nezzie<90><[U:1:107910185]><>" slapped "Pow!<96><BOT><>" (damage "0")
L 07/31/2020 - 20:06:47: [playercommands.smx] "Nezzie<90><[U:1:107910185]><>" slapped "Pow!<96><BOT><>" (damage "0")
L 07/31/2020 - 20:06:47: [playercommands.smx] "Nezzie<90><[U:1:107910185]><>" slapped "Pow!<96><BOT><>" (damage "0")
L 07/31/2020 - 20:06:48: [playercommands.smx] "Nezzie<90><[U:1:107910185]><>" slapped "Pow!<96><BOT><>" (damage "0")
L 07/31/2020 - 20:06:48: [playercommands.smx] "Nezzie<90><[U:1:107910185]><>" slapped "Pow!<96><BOT><>" (damage "0")
L 07/31/2020 - 20:06:48: [playercommands.smx] "Nezzie<90><[U:1:107910185]><>" slapped "Pow!<96><BOT><>" (damage "0")
L 07/31/2020 - 20:06:49: [playercommands.smx] "Nezzie<90><[U:1:107910185]><>" slapped "Pow!<96><BOT><>" (damage "0")
L 07/31/2020 - 20:06:49: [playercommands.smx] "Nezzie<90><[U:1:107910185]><>" slapped "Pow!<96><BOT><>" (damage "0")
L 07/31/2020 - 20:06:49: [playercommands.smx] "Nezzie<90><[U:1:107910185]><>" slapped "Pow!<96><BOT><>" (damage "0")
L 07/31/2020 - 20:06:50: [playercommands.smx] "Nezzie<90><[U:1:107910185]><>" slapped "Pow!<96><BOT><>" (damage "0")
L 07/31/2020 - 20:06:50: [playercommands.smx] "Nezzie<90><[U:1:107910185]><>" slapped "Pow!<96><BOT><>" (damage "0")
L 07/31/2020 - 20:06:52: [playercommands.smx] "Nezzie<90><[U:1:107910185]><>" slapped "Pow!<96><BOT><>" (damage "0")
L 07/31/2020 - 20:06:53: [playercommands.smx] "Nezzie<90><[U:1:107910185]><>" slapped "Pow!<96><BOT><>" (damage "0")
L 07/31/2020 - 20:06:54: [playercommands.smx] "Nezzie<90><[U:1:107910185]><>" slapped "Pow!<96><BOT><>" (damage "0")
L 07/31/2020 - 20:06:57: [playercommands.smx] "Nezzie<90><[U:1:107910185]><>" slapped "Pow!<96><BOT><>" (damage "0")
L 07/31/2020 - 20:06:58: [playercommands.smx] "Nezzie<90><[U:1:107910185]><>" slapped "Pow!<96><BOT><>" (damage "0")
L 07/31/2020 - 20:06:59: [playercommands.smx] "Nezzie<90><[U:1:107910185]><>" slapped "Pow!<96><BOT><>" (damage "0")
L 07/31/2020 - 20:07:01: [playercommands.smx] "Nezzie<90><[U:1:107910185]><>" slapped "Pow!<96><BOT><>" (damage "0")
L 07/31/2020 - 20:07:02: [playercommands.smx] "Nezzie<90><[U:1:107910185]><>" slapped "Pow!<96><BOT><>" (damage "0")
L 07/31/2020 - 20:07:03: [playercommands.smx] "Nezzie<90><[U:1:107910185]><>" slapped "Pow!<96><BOT><>" (damage "0")
L 07/31/2020 - 20:07:05: [playercommands.smx] "Nezzie<90><[U:1:107910185]><>" slapped "Pow!<96><BOT><>" (damage "0")
L 07/31/2020 - 20:07:06: [playercommands.smx] "Nezzie<90><[U:1:107910185]><>" slapped "Pow!<96><BOT><>" (damage "0")
L 07/31/2020 - 20:07:07: [playercommands.smx] "Nezzie<90><[U:1:107910185]><>" slapped "Pow!<96><BOT><>" (damage "0")
L 07/31/2020 - 20:07:09: [playercommands.smx] "Nezzie<90><[U:1:107910185]><>" slapped "Pow!<96><BOT><>" (damage "0")
L 07/31/2020 - 20:07:10: [playercommands.smx] "Nezzie<90><[U:1:107910185]><>" slapped "Pow!<96><BOT><>" (damage "0")
L 07/31/2020 - 20:07:11: [playercommands.smx] "Nezzie<90><[U:1:107910185]><>" slapped "Pow!<96><BOT><>" (damage "0")
L 07/31/2020 - 20:07:13: [playercommands.smx] "Nezzie<90><[U:1:107910185]><>" slapped "Pow!<96><BOT><>" (damage "0")
L 07/31/2020 - 20:07:13: [playercommands.smx] "Nezzie<90><[U:1:107910185]><>" slapped "Pow!<96><BOT><>" (damage "0")
L 07/31/2020 - 20:07:13: [playercommands.smx] "Nezzie<90><[U:1:107910185]><>" slapped "Pow!<96><BOT><>" (damage "0")
L 07/31/2020 - 20:07:15: [playercommands.smx] "Nezzie<90><[U:1:107910185]><>" slapped "Pow!<96><BOT><>" (damage "0")
L 07/31/2020 - 20:07:16: [playercommands.smx] "Nezzie<90><[U:1:107910185]><>" slapped "Pow!<96><BOT><>" (damage "0")
L 07/31/2020 - 20:07:18: [playercommands.smx] "Nezzie<90><[U:1:107910185]><>" slapped "Pow!<96><BOT><>" (damage "0")
L 07/31/2020 - 20:07:19: [playercommands.smx] "Nezzie<90><[U:1:107910185]><>" slapped "Pow!<96><BOT><>" (damage "0")
L 07/31/2020 - 20:07:20: [playercommands.smx] "Nezzie<90><[U:1:107910185]><>" slapped "Pow!<96><BOT><>" (damage "0")
L 07/31/2020 - 20:07:21: [playercommands.smx] "Nezzie<90><[U:1:107910185]><>" slapped "Pow!<96><BOT><>" (damage "0")
L 07/31/2020 - 20:07:23: [playercommands.smx] "Nezzie<90><[U:1:107910185]><>" slapped "Pow!<96><BOT><>" (damage "0")
L 07/31/2020 - 20:08:36: [playercommands.smx] "Nezzie<90><[U:1:107910185]><>" slapped "Pow!<96><BOT><>" (damage "0")
L 07/31/2020 - 20:08:37: [playercommands.smx] "Nezzie<90><[U:1:107910185]><>" slapped "Pow!<96><BOT><>" (damage "0")
L 07/31/2020 - 20:08:38: [playercommands.smx] "Nezzie<90><[U:1:107910185]><>" slapped "Pow!<96><BOT><>" (damage "0")
L 07/31/2020 - 20:08:38: [playercommands.smx] "Nezzie<90><[U:1:107910185]><>" slapped "Pow!<96><BOT><>" (damage "0")
L 07/31/2020 - 20:08:39: [playercommands.smx] "Nezzie<90><[U:1:107910185]><>" slapped "Pow!<96><BOT><>" (damage "0")
L 07/31/2020 - 20:08:39: [playercommands.smx] "Nezzie<90><[U:1:107910185]><>" slapped "Pow!<96><BOT><>" (damage "0")
L 07/31/2020 - 20:08:40: [playercommands.smx] "Nezzie<90><[U:1:107910185]><>" slapped "Pow!<96><BOT><>" (damage "0")
L 07/31/2020 - 20:08:52: [playercommands.smx] "Nezzie<90><[U:1:107910185]><>" slapped "Pow!<96><BOT><>" (damage "0")
L 07/31/2020 - 20:09:07: [freak_fortress_2.smx] Freak Fortress 2 199001 Loading...
L 07/31/2020 - 20:09:07: [simple-chatprocessor.smx] [SCP] Recognized mod [Team Fortress 2].
L 07/31/2020 - 20:09:07: [simple-chatprocessor.smx] [SCP] Loading translation file [scp.tf.phrases].
L 07/31/2020 - 20:09:07: [mapchooser_extended.smx] Loaded map list for tf.
L 07/31/2020 - 20:09:10: [hpregeneration.smx] [HpRegeneration] - Loaded
L 07/31/2020 - 20:09:37: [freak_fortress_2.smx] Freak Fortress 2 199001 Loading...
L 07/31/2020 - 20:09:38: [simple-chatprocessor.smx] [SCP] Recognized mod [Team Fortress 2].
L 07/31/2020 - 20:09:38: [simple-chatprocessor.smx] [SCP] Loading translation file [scp.tf.phrases].
L 07/31/2020 - 20:09:38: [mapchooser_extended.smx] Loaded map list for tf.
L 07/31/2020 - 20:09:41: [hpregeneration.smx] [HpRegeneration] - Loaded
L 07/31/2020 - 20:16:34: [freak_fortress_2.smx] Freak Fortress 2 199001 Loading...
L 07/31/2020 - 20:16:35: [simple-chatprocessor.smx] [SCP] Recognized mod [Team Fortress 2].
L 07/31/2020 - 20:16:35: [simple-chatprocessor.smx] [SCP] Loading translation file [scp.tf.phrases].
L 07/31/2020 - 20:16:35: [mapchooser_extended.smx] Loaded map list for tf.
L 07/31/2020 - 20:16:38: [hpregeneration.smx] [HpRegeneration] - Loaded
L 07/31/2020 - 20:17:37: [playercommands.smx] "Nezzie<90><[U:1:107910185]><>" slayed "Pow!<96><BOT><>"
L 07/31/2020 - 20:17:43: [freak_fortress_2.smx] Freak Fortress 2 199001 Loading...
L 07/31/2020 - 20:17:43: [simple-chatprocessor.smx] [SCP] Recognized mod [Team Fortress 2].
L 07/31/2020 - 20:17:43: [simple-chatprocessor.smx] [SCP] Loading translation file [scp.tf.phrases].
L 07/31/2020 - 20:17:43: [mapchooser_extended.smx] Loaded map list for tf.
L 07/31/2020 - 20:17:47: [hpregeneration.smx] [HpRegeneration] - Loaded
L 07/31/2020 - 20:18:56: [playercommands.smx] "Nezzie<90><[U:1:107910185]><>" slayed "test1<98><BOT><>"
L 07/31/2020 - 20:19:26: [playercommands.smx] "Nezzie<90><[U:1:107910185]><>" slayed "test<97><BOT><>"
L 07/31/2020 - 20:20:00: [freak_fortress_2.smx] Freak Fortress 2 199001 Loading...
L 07/31/2020 - 20:20:00: [simple-chatprocessor.smx] [SCP] Recognized mod [Team Fortress 2].
L 07/31/2020 - 20:20:00: [simple-chatprocessor.smx] [SCP] Loading translation file [scp.tf.phrases].
L 07/31/2020 - 20:20:00: [mapchooser_extended.smx] Loaded map list for tf.
L 07/31/2020 - 20:20:03: [hpregeneration.smx] [HpRegeneration] - Loaded
L 07/31/2020 - 20:21:54: [mapchooser_extended.smx] Voting for next map has started.
L 07/31/2020 - 20:22:42: [freak_fortress_2.smx] Freak Fortress 2 199001 Loading...
L 07/31/2020 - 20:22:42: [simple-chatprocessor.smx] [SCP] Recognized mod [Team Fortress 2].
L 07/31/2020 - 20:22:42: [simple-chatprocessor.smx] [SCP] Loading translation file [scp.tf.phrases].
L 07/31/2020 - 20:22:42: [mapchooser_extended.smx] Loaded map list for tf.
L 07/31/2020 - 20:22:45: [hpregeneration.smx] [HpRegeneration] - Loaded
L 07/31/2020 - 20:22:59: [mapchooser_extended.smx] Voting for next map has started.
L 07/31/2020 - 20:30:34: [freak_fortress_2.smx] Freak Fortress 2 199001 Loading...
L 07/31/2020 - 20:30:34: [simple-chatprocessor.smx] [SCP] Recognized mod [Team Fortress 2].
L 07/31/2020 - 20:30:34: [simple-chatprocessor.smx] [SCP] Loading translation file [scp.tf.phrases].
L 07/31/2020 - 20:30:35: [mapchooser_extended.smx] Loaded map list for tf.
L 07/31/2020 - 20:30:38: [hpregeneration.smx] [HpRegeneration] - Loaded
L 07/31/2020 - 20:30:51: [mapchooser_extended.smx] Voting for next map has started.
L 07/31/2020 - 20:38:53: [basechat.smx] "Console<0><Console><Console>" triggered sm_say (text The round time has ended, omaewa-mou shindeiru)
L 07/31/2020 - 20:38:53: [playercommands.smx] "Console<0><Console><Console>" slayed "Nezzie<90><[U:1:107910185]><>"
L 07/31/2020 - 20:38:53: [playercommands.smx] "Console<0><Console><Console>" slayed "The G-Man<94><BOT><>"
L 07/31/2020 - 20:38:53: [playercommands.smx] "Console<0><Console><Console>" slayed "The Combine<95><BOT><>"
L 07/31/2020 - 20:38:53: [playercommands.smx] "Console<0><Console><Console>" slayed "Pow!<96><BOT><>"
L 07/31/2020 - 20:38:53: [playercommands.smx] "Console<0><Console><Console>" slayed "test<97><BOT><>"
L 07/31/2020 - 20:38:53: [playercommands.smx] "Console<0><Console><Console>" slayed "test1<98><BOT><>"
L 07/31/2020 - 20:38:58: [freak_fortress_2.smx] Freak Fortress 2 199001 Loading...
L 07/31/2020 - 20:38:59: [simple-chatprocessor.smx] [SCP] Recognized mod [Team Fortress 2].
L 07/31/2020 - 20:38:59: [simple-chatprocessor.smx] [SCP] Loading translation file [scp.tf.phrases].
L 07/31/2020 - 20:38:59: [mapchooser_extended.smx] Loaded map list for tf.
L 07/31/2020 - 20:39:02: [hpregeneration.smx] [HpRegeneration] - Loaded
L 07/31/2020 - 20:39:07: [basecommands.smx] "Nezzie<90><[U:1:107910185]><>" changed map to "arena_lumberyard"
L 07/31/2020 - 20:39:10: [SM] Changed map to "arena_lumberyard"
L 07/31/2020 - 20:39:12: -------- Mapchange to arena_lumberyard --------
L 07/31/2020 - 20:39:23: [mapchooser_extended.smx] Loaded map list for tf.
L 07/31/2020 - 20:45:45: [freak_fortress_2.smx] Freak Fortress 2 199001 Loading...
L 07/31/2020 - 20:45:45: [simple-chatprocessor.smx] [SCP] Recognized mod [Team Fortress 2].
L 07/31/2020 - 20:45:45: [simple-chatprocessor.smx] [SCP] Loading translation file [scp.tf.phrases].
L 07/31/2020 - 20:45:46: [mapchooser_extended.smx] Loaded map list for tf.
L 07/31/2020 - 20:45:49: [hpregeneration.smx] [HpRegeneration] - Loaded
L 07/31/2020 - 20:51:00: [respawn.smx] "Nezzie<90><[U:1:107910185]><>" respawned "Nezzie<90><[U:1:107910185]><>"
L 07/31/2020 - 20:59:44: [mapchooser_extended.smx] Voting for next map has started.
L 08/01/2020 - 18:34:56: Log file closed.
