L 07/20/2020 - 16:33:03: SourceMod log file session started (file "/home/steamsrv/tf2/tf/addons/sourcemod/logs/L20200720.log") (Version "1.10.0.6490")
L 07/20/2020 - 16:33:03: [basecommands.smx] "Nezzie♥<18><[U:1:107910185]><>" changed map to "arena_lumberyard"
L 07/20/2020 - 16:33:06: [SM] Changed map to "arena_lumberyard"
L 07/20/2020 - 16:33:08: -------- Mapchange to arena_lumberyard --------
L 07/20/2020 - 16:33:19: [mapchooser_extended.smx] Loaded map list for tf.
L 07/20/2020 - 16:35:15: [respawn.smx] "Nezzie♥<18><[U:1:107910185]><>" respawned "Nezzie♥<18><[U:1:107910185]><>"
L 07/20/2020 - 16:38:12: [respawn.smx] "Nezzie♥<18><[U:1:107910185]><>" respawned "Nezzie♥<18><[U:1:107910185]><>"
L 07/20/2020 - 16:38:33: [respawn.smx] "Nezzie♥<18><[U:1:107910185]><>" respawned "Nezzie♥<18><[U:1:107910185]><>"
L 07/20/2020 - 16:43:13: [basecommands.smx] "Nezzie♥<18><[U:1:107910185]><>" changed map to "arena_lumberyard"
L 07/20/2020 - 16:43:17: [SM] Changed map to "arena_lumberyard"
L 07/20/2020 - 16:43:18: -------- Mapchange to arena_lumberyard --------
L 07/20/2020 - 16:43:28: [mapchooser_extended.smx] Loaded map list for tf.
L 07/20/2020 - 16:44:16: [respawn.smx] "Nezzie♥<18><[U:1:107910185]><>" respawned "Nezzie♥<18><[U:1:107910185]><>"
L 07/20/2020 - 16:44:26: [respawn.smx] "Nezzie♥<18><[U:1:107910185]><>" respawned "Nezzie♥<18><[U:1:107910185]><>"
L 07/20/2020 - 16:45:07: [basecommands.smx] "Nezzie♥<18><[U:1:107910185]><>" changed map to "arena_lumberyard"
L 07/20/2020 - 16:45:10: [SM] Changed map to "arena_lumberyard"
L 07/20/2020 - 16:45:11: -------- Mapchange to arena_lumberyard --------
L 07/20/2020 - 16:45:22: [mapchooser_extended.smx] Loaded map list for tf.
L 07/20/2020 - 16:46:40: [playercommands.smx] "Nezzie♥<18><[U:1:107910185]><>" slayed "Force of Nature<28><BOT><>"
L 07/20/2020 - 16:48:35: [respawn.smx] "Nezzie♥<18><[U:1:107910185]><>" respawned "Nezzie♥<18><[U:1:107910185]><>"
L 07/20/2020 - 16:48:43: [respawn.smx] "Nezzie♥<18><[U:1:107910185]><>" respawned "Nezzie♥<18><[U:1:107910185]><>"
L 07/20/2020 - 16:54:58: [basechat.smx] "Console<0><Console><Console>" triggered sm_say (text The round time has ended, omaewa-mou shindeiru)
L 07/20/2020 - 16:54:58: [playercommands.smx] "Console<0><Console><Console>" slayed "Nezzie♥<18><[U:1:107910185]><>"
L 07/20/2020 - 16:54:58: [playercommands.smx] "Console<0><Console><Console>" slayed "Force of Nature<28><BOT><>"
L 07/20/2020 - 16:54:58: [playercommands.smx] "Console<0><Console><Console>" slayed "Grim Bloody Fable<29><BOT><>"
L 07/20/2020 - 16:54:58: [playercommands.smx] "Console<0><Console><Console>" slayed "A Professional With Standards<30><BOT><>"
L 07/20/2020 - 16:54:58: [playercommands.smx] "Console<0><Console><Console>" slayed "test<31><BOT><>"
L 07/20/2020 - 16:54:58: [playercommands.smx] "Console<0><Console><Console>" slayed "test1<32><BOT><>"
L 07/20/2020 - 16:55:05: [basecommands.smx] "Nezzie♥<18><[U:1:107910185]><>" changed map to "arena_lumberyard"
L 07/20/2020 - 16:55:08: [SM] Changed map to "arena_lumberyard"
L 07/20/2020 - 16:55:09: -------- Mapchange to arena_lumberyard --------
L 07/20/2020 - 16:55:19: [mapchooser_extended.smx] Loaded map list for tf.
L 07/20/2020 - 16:56:21: [respawn.smx] "Nezzie♥<18><[U:1:107910185]><>" respawned "Nezzie♥<18><[U:1:107910185]><>"
L 07/20/2020 - 16:56:45: [respawn.smx] "Nezzie♥<18><[U:1:107910185]><>" respawned "Nezzie♥<18><[U:1:107910185]><>"
L 07/20/2020 - 16:58:08: [basecommands.smx] "Nezzie♥<18><[U:1:107910185]><>" changed map to "arena_lumberyard"
L 07/20/2020 - 16:58:11: [SM] Changed map to "arena_lumberyard"
L 07/20/2020 - 16:58:13: -------- Mapchange to arena_lumberyard --------
L 07/20/2020 - 16:58:23: [mapchooser_extended.smx] Loaded map list for tf.
L 07/20/2020 - 16:59:54: [playercommands.smx] "Nezzie♥<18><[U:1:107910185]><>" slayed "Mega Baboon<36><BOT><>"
L 07/20/2020 - 17:00:19: [playercommands.smx] "Nezzie♥<18><[U:1:107910185]><>" slayed "CryBaby<38><BOT><>"
L 07/20/2020 - 17:01:18: [basecommands.smx] "Nezzie♥<18><[U:1:107910185]><>" changed map to "arena_lumberyard"
L 07/20/2020 - 17:01:21: [SM] Changed map to "arena_lumberyard"
L 07/20/2020 - 17:01:22: -------- Mapchange to arena_lumberyard --------
L 07/20/2020 - 17:01:32: [mapchooser_extended.smx] Loaded map list for tf.
L 07/20/2020 - 17:02:46: [respawn.smx] "Nezzie♥<18><[U:1:107910185]><>" respawned "Nezzie♥<18><[U:1:107910185]><>"
L 07/20/2020 - 17:03:41: [respawn.smx] "Nezzie♥<18><[U:1:107910185]><>" respawned "Nezzie♥<18><[U:1:107910185]><>"
L 07/20/2020 - 17:06:18: [respawn.smx] "Nezzie♥<18><[U:1:107910185]><>" respawned "Nezzie♥<18><[U:1:107910185]><>"
L 07/20/2020 - 17:10:02: [basechat.smx] "Console<0><Console><Console>" triggered sm_say (text The round time has ended, omaewa-mou shindeiru)
L 07/20/2020 - 17:10:02: [playercommands.smx] "Console<0><Console><Console>" slayed "Nezzie♥<18><[U:1:107910185]><>"
L 07/20/2020 - 17:10:02: [playercommands.smx] "Console<0><Console><Console>" slayed "ThatGuy<41><BOT><>"
L 07/20/2020 - 17:10:02: [playercommands.smx] "Console<0><Console><Console>" slayed "Hat-Wearing MAN<42><BOT><>"
L 07/20/2020 - 17:10:02: [playercommands.smx] "Console<0><Console><Console>" slayed "Numnutz<43><BOT><>"
L 07/20/2020 - 17:19:04: [respawn.smx] "Nezzie♥<18><[U:1:107910185]><>" respawned "Nezzie♥<18><[U:1:107910185]><>"
L 07/20/2020 - 17:19:26: [respawn.smx] "Nezzie♥<18><[U:1:107910185]><>" respawned "anta<45><[U:1:991419662]><>"
L 07/20/2020 - 17:19:51: [respawn.smx] "Nezzie♥<18><[U:1:107910185]><>" respawned "anta<45><[U:1:991419662]><>"
L 07/20/2020 - 17:20:07: [respawn.smx] "Nezzie♥<18><[U:1:107910185]><>" respawned "Nezzie♥<18><[U:1:107910185]><>"
L 07/20/2020 - 17:21:24: [respawn.smx] "Nezzie♥<18><[U:1:107910185]><>" respawned "anta<45><[U:1:991419662]><>"
L 07/20/2020 - 17:21:49: [mapchooser_extended.smx] Voting for next map has started.
L 07/20/2020 - 17:22:09: [mapchooser_extended.smx] Voting for next map has finished. Nextmap: vsh_manncohq_v14.
L 07/20/2020 - 17:24:33: [respawn.smx] "Nezzie♥<18><[U:1:107910185]><>" respawned "anta<45><[U:1:991419662]><>"
L 07/20/2020 - 17:24:46: [respawn.smx] "Nezzie♥<18><[U:1:107910185]><>" respawned "anta<45><[U:1:991419662]><>"
L 07/20/2020 - 17:30:28: [respawn.smx] "Nezzie♥<18><[U:1:107910185]><>" respawned "Primal Aspid<46><[U:1:865551781]><>"
L 07/20/2020 - 17:31:37: [respawn.smx] "Nezzie♥<18><[U:1:107910185]><>" respawned "anta<45><[U:1:991419662]><>"
L 07/20/2020 - 17:31:45: [basechat.smx] "Console<0><Console><Console>" triggered sm_say (text The round time has ended, omaewa-mou shindeiru)
L 07/20/2020 - 17:31:45: [playercommands.smx] "Console<0><Console><Console>" slayed "Nezzie♥<18><[U:1:107910185]><>"
L 07/20/2020 - 17:31:45: [playercommands.smx] "Console<0><Console><Console>" slayed "ThatGuy<41><BOT><>"
L 07/20/2020 - 17:31:45: [playercommands.smx] "Console<0><Console><Console>" slayed "Hat-Wearing MAN<42><BOT><>"
L 07/20/2020 - 17:31:45: [playercommands.smx] "Console<0><Console><Console>" slayed "Numnutz<43><BOT><>"
L 07/20/2020 - 17:31:45: [playercommands.smx] "Console<0><Console><Console>" slayed "anta<45><[U:1:991419662]><>"
L 07/20/2020 - 17:31:45: [playercommands.smx] "Console<0><Console><Console>" slayed "Primal Aspid<46><[U:1:865551781]><>"
L 07/20/2020 - 17:31:58: [basecommands.smx] "Nezzie♥<18><[U:1:107910185]><>" changed map to "arena_lumberyard"
L 07/20/2020 - 17:32:01: [SM] Changed map to "arena_lumberyard"
L 07/20/2020 - 17:32:04: -------- Mapchange to arena_lumberyard --------
L 07/20/2020 - 17:32:14: [mapchooser_extended.smx] Loaded map list for tf.
L 07/20/2020 - 17:39:56: [respawn.smx] "Nezzie♥<18><[U:1:107910185]><>" respawned "Nezzie♥<18><[U:1:107910185]><>"
L 07/20/2020 - 17:40:47: [basechat.smx] "Console<0><Console><Console>" triggered sm_say (text The round time has ended, omaewa-mou shindeiru)
L 07/20/2020 - 17:40:47: [playercommands.smx] "Console<0><Console><Console>" slayed "Nezzie♥<18><[U:1:107910185]><>"
L 07/20/2020 - 17:40:47: [playercommands.smx] "Console<0><Console><Console>" slayed "The G-Man<48><BOT><>"
L 07/20/2020 - 17:40:47: [playercommands.smx] "Console<0><Console><Console>" slayed "The Combine<49><BOT><>"
L 07/20/2020 - 17:40:47: [playercommands.smx] "Console<0><Console><Console>" slayed "Pow!<50><BOT><>"
L 07/20/2020 - 17:49:05: [basechat.smx] "Console<0><Console><Console>" triggered sm_say (text The round time has ended, omaewa-mou shindeiru)
L 07/20/2020 - 17:49:05: [playercommands.smx] "Console<0><Console><Console>" slayed "The G-Man<48><BOT><>"
L 07/20/2020 - 17:49:05: [playercommands.smx] "Console<0><Console><Console>" slayed "The Combine<49><BOT><>"
L 07/20/2020 - 17:49:05: [playercommands.smx] "Console<0><Console><Console>" slayed "Pow!<50><BOT><>"
L 07/20/2020 - 17:52:29: [mapchooser_extended.smx] Voting for next map has started.
L 07/20/2020 - 17:57:23: [basechat.smx] "Console<0><Console><Console>" triggered sm_say (text The round time has ended, omaewa-mou shindeiru)
L 07/20/2020 - 17:57:23: [playercommands.smx] "Console<0><Console><Console>" slayed "Nezzie♥<18><[U:1:107910185]><>"
L 07/20/2020 - 17:57:23: [playercommands.smx] "Console<0><Console><Console>" slayed "The G-Man<48><BOT><>"
L 07/20/2020 - 17:57:23: [playercommands.smx] "Console<0><Console><Console>" slayed "The Combine<49><BOT><>"
L 07/20/2020 - 17:57:23: [playercommands.smx] "Console<0><Console><Console>" slayed "Pow!<50><BOT><>"
L 07/20/2020 - 18:07:12: [basechat.smx] "Console<0><Console><Console>" triggered sm_say (text The round time has ended, omaewa-mou shindeiru)
L 07/20/2020 - 18:07:12: [playercommands.smx] "Console<0><Console><Console>" slayed "Nezzie♥<18><[U:1:107910185]><>"
L 07/20/2020 - 18:07:12: [playercommands.smx] "Console<0><Console><Console>" slayed "The G-Man<48><BOT><>"
L 07/20/2020 - 18:07:12: [playercommands.smx] "Console<0><Console><Console>" slayed "The Combine<49><BOT><>"
L 07/20/2020 - 18:07:12: [playercommands.smx] "Console<0><Console><Console>" slayed "Pow!<50><BOT><>"
L 07/20/2020 - 18:07:30: [SM] Changed map to "arena_granary"
L 07/20/2020 - 18:07:33: -------- Mapchange to arena_granary --------
L 07/20/2020 - 18:07:43: [mapchooser_extended.smx] Loaded map list for tf.
L 07/20/2020 - 18:08:33: [basecommands.smx] "Nezzie♥<18><[U:1:107910185]><>" changed map to "arena_lumberyard"
L 07/20/2020 - 18:08:36: [SM] Changed map to "arena_lumberyard"
L 07/20/2020 - 18:08:39: -------- Mapchange to arena_lumberyard --------
L 07/20/2020 - 18:08:49: [mapchooser_extended.smx] Loaded map list for tf.
L 07/20/2020 - 18:09:32: [respawn.smx] "Nezzie♥<18><[U:1:107910185]><>" respawned "Nezzie♥<18><[U:1:107910185]><>"
L 07/20/2020 - 18:09:51: [respawn.smx] "Nezzie♥<18><[U:1:107910185]><>" respawned "Nezzie♥<18><[U:1:107910185]><>"
L 07/20/2020 - 18:10:46: [respawn.smx] "Nezzie♥<18><[U:1:107910185]><>" respawned "Nezzie♥<18><[U:1:107910185]><>"
L 07/20/2020 - 18:15:43: [basecommands.smx] "Nezzie♥<18><[U:1:107910185]><>" changed map to "arena_lumberyard"
L 07/20/2020 - 18:15:46: [SM] Changed map to "arena_lumberyard"
L 07/20/2020 - 18:15:48: -------- Mapchange to arena_lumberyard --------
L 07/20/2020 - 18:15:59: [mapchooser_extended.smx] Loaded map list for tf.
L 07/20/2020 - 18:16:51: [basecommands.smx] "Nezzie♥<18><[U:1:107910185]><>" changed map to "arena_lumberyard"
L 07/20/2020 - 18:16:54: [SM] Changed map to "arena_lumberyard"
L 07/20/2020 - 18:16:56: -------- Mapchange to arena_lumberyard --------
L 07/20/2020 - 18:17:08: [mapchooser_extended.smx] Loaded map list for tf.
L 07/20/2020 - 18:25:32: [basechat.smx] "Console<0><Console><Console>" triggered sm_say (text The round time has ended, omaewa-mou shindeiru)
L 07/20/2020 - 18:25:32: [playercommands.smx] "Console<0><Console><Console>" slayed "Nezzie♥<18><[U:1:107910185]><>"
L 07/20/2020 - 18:25:32: [playercommands.smx] "Console<0><Console><Console>" slayed "Kaboom!<60><BOT><>"
L 07/20/2020 - 18:25:32: [playercommands.smx] "Console<0><Console><Console>" slayed "0xDEADBEEF<61><BOT><>"
L 07/20/2020 - 18:25:32: [playercommands.smx] "Console<0><Console><Console>" slayed "SomeDude<62><BOT><>"
L 07/20/2020 - 18:33:50: [basechat.smx] "Console<0><Console><Console>" triggered sm_say (text The round time has ended, omaewa-mou shindeiru)
L 07/20/2020 - 18:33:50: [playercommands.smx] "Console<0><Console><Console>" slayed "Kaboom!<60><BOT><>"
L 07/20/2020 - 18:33:50: [playercommands.smx] "Console<0><Console><Console>" slayed "0xDEADBEEF<61><BOT><>"
L 07/20/2020 - 18:33:50: [playercommands.smx] "Console<0><Console><Console>" slayed "SomeDude<62><BOT><>"
L 07/20/2020 - 18:37:22: [mapchooser_extended.smx] Voting for next map has started.
L 07/20/2020 - 18:42:08: [basechat.smx] "Console<0><Console><Console>" triggered sm_say (text The round time has ended, omaewa-mou shindeiru)
L 07/20/2020 - 18:42:08: [playercommands.smx] "Console<0><Console><Console>" slayed "Nezzie♥<18><[U:1:107910185]><>"
L 07/20/2020 - 18:42:08: [playercommands.smx] "Console<0><Console><Console>" slayed "Kaboom!<60><BOT><>"
L 07/20/2020 - 18:42:08: [playercommands.smx] "Console<0><Console><Console>" slayed "0xDEADBEEF<61><BOT><>"
L 07/20/2020 - 18:42:08: [playercommands.smx] "Console<0><Console><Console>" slayed "SomeDude<62><BOT><>"
L 07/20/2020 - 18:50:26: [basechat.smx] "Console<0><Console><Console>" triggered sm_say (text The round time has ended, omaewa-mou shindeiru)
L 07/20/2020 - 18:50:26: [playercommands.smx] "Console<0><Console><Console>" slayed "Nezzie♥<18><[U:1:107910185]><>"
L 07/20/2020 - 18:50:26: [playercommands.smx] "Console<0><Console><Console>" slayed "Kaboom!<60><BOT><>"
L 07/20/2020 - 18:50:26: [playercommands.smx] "Console<0><Console><Console>" slayed "0xDEADBEEF<61><BOT><>"
L 07/20/2020 - 18:50:26: [playercommands.smx] "Console<0><Console><Console>" slayed "SomeDude<62><BOT><>"
L 07/20/2020 - 18:50:44: [SM] Changed map to "arena_ravine"
L 07/20/2020 - 18:50:48: -------- Mapchange to arena_ravine --------
L 07/20/2020 - 18:51:00: [mapchooser_extended.smx] Loaded map list for tf.
L 07/20/2020 - 19:02:49: [basechat.smx] "Console<0><Console><Console>" triggered sm_say (text The round time has ended, omaewa-mou shindeiru)
L 07/20/2020 - 19:02:49: [playercommands.smx] "Console<0><Console><Console>" slayed "Nezzie♥<18><[U:1:107910185]><>"
L 07/20/2020 - 19:02:50: [playercommands.smx] "Console<0><Console><Console>" slayed "Hostage<64><BOT><>"
L 07/20/2020 - 19:02:50: [playercommands.smx] "Console<0><Console><Console>" slayed "CrySomeMore<65><BOT><>"
L 07/20/2020 - 19:02:50: [playercommands.smx] "Console<0><Console><Console>" slayed "Humans Are Weak<66><BOT><>"
L 07/20/2020 - 19:11:14: [mapchooser_extended.smx] Voting for next map has started.
L 07/20/2020 - 21:44:53: [basecommands.smx] "Nezzie♥<67><[U:1:107910185]><>" changed map to "arena_lumberyard"
L 07/20/2020 - 21:44:56: [SM] Changed map to "arena_lumberyard"
L 07/20/2020 - 21:45:00: -------- Mapchange to arena_lumberyard --------
L 07/20/2020 - 21:45:12: [mapchooser_extended.smx] Loaded map list for tf.
L 07/20/2020 - 21:54:58: [basecommands.smx] "Nezzie♥<67><[U:1:107910185]><>" kicked "Jarvie<76><[U:1:107752754]><>" (reason "")
L 07/20/2020 - 21:55:55: [respawn.smx] "Nezzie♥<67><[U:1:107910185]><>" respawned "Jarvie<77><[U:1:107752754]><>"
L 07/20/2020 - 21:55:58: [basechat.smx] "Console<0><Console><Console>" triggered sm_say (text The round time has ended, omaewa-mou shindeiru)
L 07/20/2020 - 21:55:58: [playercommands.smx] "Console<0><Console><Console>" slayed "Nezzie♥<67><[U:1:107910185]><>"
L 07/20/2020 - 21:55:58: [playercommands.smx] "Console<0><Console><Console>" slayed "test<71><BOT><>"
L 07/20/2020 - 21:55:58: [playercommands.smx] "Console<0><Console><Console>" slayed "Ze Ubermensch<72><BOT><>"
L 07/20/2020 - 21:55:58: [playercommands.smx] "Console<0><Console><Console>" slayed "CRITRAWKETS<73><BOT><>"
L 07/20/2020 - 21:55:58: [playercommands.smx] "Console<0><Console><Console>" slayed "Gentlemanne of Leisure<74><BOT><>"
L 07/20/2020 - 21:55:58: [playercommands.smx] "Console<0><Console><Console>" slayed "test1<75><BOT><>"
L 07/20/2020 - 21:55:58: [playercommands.smx] "Console<0><Console><Console>" slayed "Jarvie<77><[U:1:107752754]><>"
L 07/20/2020 - 21:58:42: [playercommands.smx] "Nezzie♥<67><[U:1:107910185]><>" slayed "Jarvie<77><[U:1:107752754]><>"
L 07/20/2020 - 21:58:56: [respawn.smx] "Nezzie♥<67><[U:1:107910185]><>" respawned "Jarvie<77><[U:1:107752754]><>"
L 07/20/2020 - 22:01:18: [respawn.smx] "Nezzie♥<67><[U:1:107910185]><>" respawned "Jarvie<77><[U:1:107752754]><>"
L 07/20/2020 - 22:01:24: [funcommands.smx] "Nezzie♥<67><[U:1:107910185]><>" set a TimeBomb on "Jarvie<77><[U:1:107752754]><>"
L 07/20/2020 - 22:01:42: [funcommands.smx] "Nezzie♥<67><[U:1:107910185]><>" set a TimeBomb on "Nezzie♥<67><[U:1:107910185]><>"
L 07/20/2020 - 22:01:52: [funcommands.smx] "Nezzie♥<67><[U:1:107910185]><>" removed a TimeBomb on "Nezzie♥<67><[U:1:107910185]><>"
L 07/20/2020 - 22:02:57: [respawn.smx] "Nezzie♥<67><[U:1:107910185]><>" respawned "Jarvie<77><[U:1:107752754]><>"
L 07/20/2020 - 22:03:27: [respawn.smx] "Nezzie♥<67><[U:1:107910185]><>" respawned "Jarvie<77><[U:1:107752754]><>"
L 07/20/2020 - 22:03:55: [respawn.smx] "Nezzie♥<67><[U:1:107910185]><>" respawned "Jarvie<77><[U:1:107752754]><>"
L 07/20/2020 - 22:05:27: [mapchooser_extended.smx] Voting for next map has started.
L 07/20/2020 - 22:05:47: [mapchooser_extended.smx] Voting for next map has finished. Nextmap: vsh_egyptyspot_v2.
L 07/20/2020 - 22:06:04: [respawn.smx] "Nezzie♥<67><[U:1:107910185]><>" respawned "Nezzie♥<67><[U:1:107910185]><>"
L 07/20/2020 - 22:06:10: [funcommands.smx] "Nezzie♥<67><[U:1:107910185]><>" ignited "Jarvie<77><[U:1:107752754]><>" (seconds "20.000000")
L 07/20/2020 - 22:06:34: [respawn.smx] "Nezzie♥<67><[U:1:107910185]><>" respawned "Jarvie<77><[U:1:107752754]><>"
L 07/20/2020 - 22:06:59: [funvotes.smx] "Nezzie♥<67><[U:1:107910185]><>" initiated a friendly fire vote.
L 07/20/2020 - 22:07:01: [funvotes.smx] Changing friendly fire to 1 due to vote.
L 07/20/2020 - 22:07:27: [respawn.smx] "Nezzie♥<67><[U:1:107910185]><>" respawned "Jarvie<77><[U:1:107752754]><>"
L 07/20/2020 - 22:07:27: [respawn.smx] "Nezzie♥<67><[U:1:107910185]><>" respawned "Nezzie♥<67><[U:1:107910185]><>"
L 07/20/2020 - 22:07:41: [respawn.smx] "Nezzie♥<67><[U:1:107910185]><>" respawned "Jarvie<77><[U:1:107752754]><>"
L 07/20/2020 - 22:07:57: [respawn.smx] "Nezzie♥<67><[U:1:107910185]><>" respawned "Jarvie<77><[U:1:107752754]><>"
L 07/20/2020 - 22:08:16: [respawn.smx] "Nezzie♥<67><[U:1:107910185]><>" respawned "Jarvie<77><[U:1:107752754]><>"
L 07/20/2020 - 22:08:30: [respawn.smx] "Nezzie♥<67><[U:1:107910185]><>" respawned "Jarvie<77><[U:1:107752754]><>"
L 07/20/2020 - 22:09:58: [respawn.smx] "Nezzie♥<67><[U:1:107910185]><>" respawned "Jarvie<77><[U:1:107752754]><>"
L 07/20/2020 - 22:09:59: [respawn.smx] "Nezzie♥<67><[U:1:107910185]><>" respawned "Nezzie♥<67><[U:1:107910185]><>"
L 07/20/2020 - 22:10:32: [playercommands.smx] "Nezzie♥<67><[U:1:107910185]><>" slapped "Jarvie<77><[U:1:107752754]><>" (damage "0")
L 07/20/2020 - 22:10:32: [playercommands.smx] "Nezzie♥<67><[U:1:107910185]><>" slapped "Jarvie<77><[U:1:107752754]><>" (damage "0")
L 07/20/2020 - 22:10:32: [playercommands.smx] "Nezzie♥<67><[U:1:107910185]><>" slapped "Jarvie<77><[U:1:107752754]><>" (damage "0")
L 07/20/2020 - 22:10:33: [playercommands.smx] "Nezzie♥<67><[U:1:107910185]><>" slapped "Jarvie<77><[U:1:107752754]><>" (damage "0")
L 07/20/2020 - 22:10:33: [playercommands.smx] "Nezzie♥<67><[U:1:107910185]><>" slapped "Jarvie<77><[U:1:107752754]><>" (damage "0")
L 07/20/2020 - 22:10:33: [playercommands.smx] "Nezzie♥<67><[U:1:107910185]><>" slapped "Jarvie<77><[U:1:107752754]><>" (damage "0")
L 07/20/2020 - 22:10:33: [playercommands.smx] "Nezzie♥<67><[U:1:107910185]><>" slapped "Jarvie<77><[U:1:107752754]><>" (damage "0")
L 07/20/2020 - 22:10:34: [playercommands.smx] "Nezzie♥<67><[U:1:107910185]><>" slapped "Jarvie<77><[U:1:107752754]><>" (damage "0")
L 07/20/2020 - 22:10:34: [playercommands.smx] "Nezzie♥<67><[U:1:107910185]><>" slapped "Jarvie<77><[U:1:107752754]><>" (damage "0")
L 07/20/2020 - 22:10:34: [playercommands.smx] "Nezzie♥<67><[U:1:107910185]><>" slapped "Jarvie<77><[U:1:107752754]><>" (damage "0")
L 07/20/2020 - 22:10:35: [playercommands.smx] "Nezzie♥<67><[U:1:107910185]><>" slapped "Jarvie<77><[U:1:107752754]><>" (damage "0")
L 07/20/2020 - 22:10:35: [playercommands.smx] "Nezzie♥<67><[U:1:107910185]><>" slapped "Jarvie<77><[U:1:107752754]><>" (damage "0")
L 07/20/2020 - 22:11:02: [respawn.smx] "Nezzie♥<67><[U:1:107910185]><>" respawned "test<71><BOT><>"
L 07/20/2020 - 22:11:02: [respawn.smx] "Nezzie♥<67><[U:1:107910185]><>" respawned "Ze Ubermensch<72><BOT><>"
L 07/20/2020 - 22:11:02: [respawn.smx] "Nezzie♥<67><[U:1:107910185]><>" respawned "CRITRAWKETS<73><BOT><>"
L 07/20/2020 - 22:11:02: [respawn.smx] "Nezzie♥<67><[U:1:107910185]><>" respawned "test1<75><BOT><>"
L 07/20/2020 - 22:11:02: [respawn.smx] "Nezzie♥<67><[U:1:107910185]><>" respawned "Jarvie<77><[U:1:107752754]><>"
L 07/20/2020 - 22:11:34: [respawn.smx] "Nezzie♥<67><[U:1:107910185]><>" respawned "Nezzie♥<67><[U:1:107910185]><>"
L 07/20/2020 - 22:13:17: [playercommands.smx] "Nezzie♥<67><[U:1:107910185]><>" slayed "Jarvie<77><[U:1:107752754]><>"
L 07/20/2020 - 22:13:26: [respawn.smx] "Nezzie♥<67><[U:1:107910185]><>" respawned "Nezzie♥<67><[U:1:107910185]><>"
L 07/20/2020 - 22:13:30: [respawn.smx] "Nezzie♥<67><[U:1:107910185]><>" respawned "Jarvie<77><[U:1:107752754]><>"
L 07/20/2020 - 22:14:48: [funvotes.smx] "Nezzie♥<67><[U:1:107910185]><>" initiated a friendly fire vote.
L 07/20/2020 - 22:14:51: [funvotes.smx] Vote failed.
L 07/20/2020 - 22:15:49: [basecommands.smx] "Nezzie♥<67><[U:1:107910185]><>" changed map to "arena_lumberyard"
L 07/20/2020 - 22:15:52: [SM] Changed map to "arena_lumberyard"
L 07/20/2020 - 22:15:55: -------- Mapchange to arena_lumberyard --------
L 07/20/2020 - 22:16:06: [mapchooser_extended.smx] Loaded map list for tf.
L 07/20/2020 - 22:18:12: [respawn.smx] "Nezzie♥<67><[U:1:107910185]><>" respawned "Jarvie<77><[U:1:107752754]><>"
L 07/20/2020 - 22:20:49: [respawn.smx] "Nezzie♥<67><[U:1:107910185]><>" respawned "Nezzie♥<67><[U:1:107910185]><>"
L 07/20/2020 - 22:20:52: [respawn.smx] "Nezzie♥<67><[U:1:107910185]><>" respawned "Jarvie<77><[U:1:107752754]><>"
L 07/20/2020 - 22:22:37: [funcommands.smx] "Nezzie♥<67><[U:1:107910185]><>" set a FreezeBomb on "Jarvie<77><[U:1:107752754]><>"
L 07/20/2020 - 22:22:44: [respawn.smx] "Nezzie♥<67><[U:1:107910185]><>" respawned "Nezzie♥<67><[U:1:107910185]><>"
L 07/20/2020 - 22:22:44: [respawn.smx] "Nezzie♥<67><[U:1:107910185]><>" respawned "Target Practice<78><BOT><>"
L 07/20/2020 - 22:22:44: [respawn.smx] "Nezzie♥<67><[U:1:107910185]><>" respawned "IvanTheSpaceBiker<80><BOT><>"
L 07/20/2020 - 22:23:37: [respawn.smx] "Nezzie♥<67><[U:1:107910185]><>" respawned "Jarvie<77><[U:1:107752754]><>"
L 07/20/2020 - 22:23:48: [respawn.smx] "Nezzie♥<67><[U:1:107910185]><>" respawned "Nezzie♥<67><[U:1:107910185]><>"
L 07/20/2020 - 22:23:54: [respawn.smx] "Nezzie♥<67><[U:1:107910185]><>" respawned "Nezzie♥<67><[U:1:107910185]><>"
L 07/20/2020 - 22:24:00: [funcommands.smx] "Nezzie♥<67><[U:1:107910185]><>" froze "Jarvie<77><[U:1:107752754]><>"
L 07/20/2020 - 22:25:14: [respawn.smx] "Nezzie♥<67><[U:1:107910185]><>" respawned "Jarvie<77><[U:1:107752754]><>"
L 07/20/2020 - 22:25:19: [funcommands.smx] "Nezzie♥<67><[U:1:107910185]><>" drugged "Jarvie<77><[U:1:107752754]><>"
L 07/20/2020 - 22:25:21: [funcommands.smx] "Nezzie♥<67><[U:1:107910185]><>" drugged "Nezzie♥<67><[U:1:107910185]><>"
L 07/20/2020 - 22:26:00: [respawn.smx] "Nezzie♥<67><[U:1:107910185]><>" respawned "Nezzie♥<67><[U:1:107910185]><>"
L 07/20/2020 - 22:26:19: [respawn.smx] "Nezzie♥<67><[U:1:107910185]><>" respawned "Target Practice<78><BOT><>"
L 07/20/2020 - 22:26:20: [respawn.smx] "Nezzie♥<67><[U:1:107910185]><>" respawned "Jarvie<77><[U:1:107752754]><>"
L 07/20/2020 - 22:26:21: [respawn.smx] "Nezzie♥<67><[U:1:107910185]><>" respawned "Crowbar<79><BOT><>"
L 07/20/2020 - 22:26:54: [respawn.smx] "Nezzie♥<67><[U:1:107910185]><>" respawned "Crowbar<79><BOT><>"
L 07/20/2020 - 22:26:54: [respawn.smx] "Nezzie♥<67><[U:1:107910185]><>" respawned "Jarvie<77><[U:1:107752754]><>"
L 07/20/2020 - 22:28:27: [respawn.smx] "Nezzie♥<67><[U:1:107910185]><>" respawned "Nezzie♥<67><[U:1:107910185]><>"
L 07/20/2020 - 22:28:44: [funcommands.smx] "Nezzie♥<67><[U:1:107910185]><>" froze "Jarvie<77><[U:1:107752754]><>"
L 07/20/2020 - 22:29:06: [respawn.smx] "Nezzie♥<67><[U:1:107910185]><>" respawned "Target Practice<78><BOT><>"
L 07/20/2020 - 22:29:07: [respawn.smx] "Nezzie♥<67><[U:1:107910185]><>" respawned "Jarvie<77><[U:1:107752754]><>"
L 07/20/2020 - 22:29:08: [respawn.smx] "Nezzie♥<67><[U:1:107910185]><>" respawned "Crowbar<79><BOT><>"
L 07/20/2020 - 22:30:06: [respawn.smx] "Nezzie♥<67><[U:1:107910185]><>" respawned "Jarvie<77><[U:1:107752754]><>"
L 07/20/2020 - 22:31:19: [respawn.smx] "Nezzie♥<67><[U:1:107910185]><>" respawned "Jarvie<77><[U:1:107752754]><>"
L 07/20/2020 - 22:31:58: [respawn.smx] "Nezzie♥<67><[U:1:107910185]><>" respawned "Jarvie<77><[U:1:107752754]><>"
L 07/20/2020 - 22:32:29: [respawn.smx] "Nezzie♥<67><[U:1:107910185]><>" respawned "Nezzie♥<67><[U:1:107910185]><>"
L 07/20/2020 - 22:36:21: [mapchooser_extended.smx] Voting for next map has started.
L 07/20/2020 - 22:36:42: [mapchooser_extended.smx] Voting for next map has finished. Nextmap: vsh_tranquil_b5.
L 07/20/2020 - 22:37:07: [respawn.smx] "Nezzie♥<67><[U:1:107910185]><>" respawned "Jarvie<77><[U:1:107752754]><>"
L 07/20/2020 - 22:37:22: [respawn.smx] "Nezzie♥<67><[U:1:107910185]><>" respawned "Nezzie♥<67><[U:1:107910185]><>"
L 07/20/2020 - 22:39:58: [playercommands.smx] "Nezzie♥<67><[U:1:107910185]><>" slayed "Jarvie<77><[U:1:107752754]><>"
L 07/20/2020 - 22:40:04: [respawn.smx] "Nezzie♥<67><[U:1:107910185]><>" respawned "Nezzie♥<67><[U:1:107910185]><>"
L 07/20/2020 - 22:40:15: [respawn.smx] "Nezzie♥<67><[U:1:107910185]><>" respawned "Jarvie<77><[U:1:107752754]><>"
L 07/20/2020 - 22:40:31: [basechat.smx] "Nezzie♥<67><[U:1:107910185]><>" triggered sm_csay (text jarvie is a poppy head)
L 07/20/2020 - 22:41:11: [respawn.smx] "Nezzie♥<67><[U:1:107910185]><>" respawned "Nezzie♥<67><[U:1:107910185]><>"
L 07/20/2020 - 22:41:11: [respawn.smx] "Nezzie♥<67><[U:1:107910185]><>" respawned "Jarvie<77><[U:1:107752754]><>"
L 07/20/2020 - 22:44:03: [respawn.smx] "Nezzie♥<67><[U:1:107910185]><>" respawned "Nezzie♥<67><[U:1:107910185]><>"
L 07/20/2020 - 22:45:51: [respawn.smx] "Nezzie♥<67><[U:1:107910185]><>" respawned "Jarvie<77><[U:1:107752754]><>"
L 07/20/2020 - 22:46:34: [respawn.smx] "Nezzie♥<67><[U:1:107910185]><>" respawned "Nezzie♥<67><[U:1:107910185]><>"
L 07/20/2020 - 22:46:54: [respawn.smx] "Nezzie♥<67><[U:1:107910185]><>" respawned "Jarvie<77><[U:1:107752754]><>"
L 07/20/2020 - 22:47:08: [respawn.smx] "Nezzie♥<67><[U:1:107910185]><>" respawned "Jarvie<77><[U:1:107752754]><>"
L 07/20/2020 - 22:47:34: [respawn.smx] "Nezzie♥<67><[U:1:107910185]><>" respawned "Jarvie<77><[U:1:107752754]><>"
L 07/20/2020 - 22:47:58: [respawn.smx] "Nezzie♥<67><[U:1:107910185]><>" respawned "Jarvie<77><[U:1:107752754]><>"
L 07/20/2020 - 22:49:05: [SM] Changed map to "vsh_tranquil_b5"
L 07/20/2020 - 22:49:10: -------- Mapchange to vsh_tranquil_b5 --------
L 07/20/2020 - 22:49:22: [mapchooser_extended.smx] Loaded map list for tf.
L 07/20/2020 - 23:09:35: [mapchooser_extended.smx] Voting for next map has started.
L 07/21/2020 - 15:46:16: Log file closed.
