L 03/28/2021 - 06:04:20: SourceMod log file session started (file "/home/frenzoid/TF2_FF2/tf/addons/sourcemod/logs/L20210328.log") (Version "1.10.0.6490")
L 03/28/2021 - 06:04:20: [SM] Changed map to "vsh_minegay_reworked_v2"
L 03/28/2021 - 06:04:22: -------- Mapchange to vsh_minegay_reworked_v2 --------
L 03/28/2021 - 06:04:33: [mapchooser_extended.smx] Loaded map list for tf.
L 03/28/2021 - 06:24:50: [mapchooser_extended.smx] Voting for next map has started.
L 03/28/2021 - 06:35:17: [SM] Changed map to "vsh_intrusion_rc2"
L 03/28/2021 - 06:35:27: -------- Mapchange to vsh_intrusion_rc2 --------
L 03/28/2021 - 06:35:36: [mapchooser_extended.smx] Loaded map list for tf.
L 03/28/2021 - 06:55:51: [mapchooser_extended.smx] Voting for next map has started.
L 03/28/2021 - 21:11:24: [rockthevote_extended.smx] RTV changing map manually
L 03/28/2021 - 21:11:24: [SM] Changed map to "vsh_apg_reworked_b2"
L 03/28/2021 - 21:11:27: -------- Mapchange to vsh_apg_reworked_b2 --------
L 03/28/2021 - 21:11:35: [mapchooser_extended.smx] Loaded map list for tf.
L 03/28/2021 - 21:25:15: [basechat.smx] "peabis<26><[U:1:445849108]><>" triggered sm_msay (text peabis)
L 03/28/2021 - 21:25:24: [basechat.smx] "Nezzie<30><[U:1:107910185]><>" triggered sm_csay (text abuse)
L 03/28/2021 - 21:25:25: [basechat.smx] "unspacy<29><[U:1:130638097]><>" triggered sm_csay (text ABUUUSE)
L 03/28/2021 - 21:25:32: [basechat.smx] "Nezzie<30><[U:1:107910185]><>" triggered sm_hsay (text ABUUUUUUUUSE)
L 03/28/2021 - 21:25:40: [basechat.smx] "peabis<26><[U:1:445849108]><>" triggered sm_msay (text abuse will not be tolerated in this house >:))
L 03/28/2021 - 21:31:52: [mapchooser_extended.smx] Voting for next map has started.
L 03/28/2021 - 21:32:13: [mapchooser_extended.smx] Voting for next map has finished. Nextmap: vsh_skyhigh_resort_b8_sg4.
L 03/28/2021 - 21:43:36: [SM] Changed map to "vsh_skyhigh_resort_b8_sg4"
L 03/28/2021 - 21:43:38: -------- Mapchange to vsh_skyhigh_resort_b8_sg4 --------
L 03/28/2021 - 21:43:46: [mapchooser_extended.smx] Loaded map list for tf.
L 03/28/2021 - 21:53:37: [playercommands.smx] "Nezzie<30><[U:1:107910185]><>" slapped "unspacy<32><[U:1:130638097]><>" (damage "0")
L 03/28/2021 - 21:53:40: [playercommands.smx] "Nezzie<30><[U:1:107910185]><>" slapped "unspacy<32><[U:1:130638097]><>" (damage "0")
L 03/28/2021 - 21:53:43: [playercommands.smx] "Nezzie<30><[U:1:107910185]><>" slapped "unspacy<32><[U:1:130638097]><>" (damage "0")
L 03/28/2021 - 21:53:43: [playercommands.smx] "Nezzie<30><[U:1:107910185]><>" slapped "unspacy<32><[U:1:130638097]><>" (damage "0")
L 03/28/2021 - 21:53:43: [playercommands.smx] "Nezzie<30><[U:1:107910185]><>" slapped "unspacy<32><[U:1:130638097]><>" (damage "0")
L 03/28/2021 - 22:04:05: [mapchooser_extended.smx] Voting for next map has started.
L 03/28/2021 - 22:04:14: [mapchooser_extended.smx] Voting for next map has finished. Nextmap: vsh_cactustemple_v1.
L 03/28/2021 - 22:06:55: SourceMod log file session started (file "/home/frenzoid/TF2_FF2/tf/addons/sourcemod/logs/L20210328.log") (Version "1.10.0.6490")
L 03/28/2021 - 22:06:55: [TF2ITEMS] "GiveNamedItem" offset = 484
L 03/28/2021 - 22:06:58: [funcommandsX.smx] Game detected as Team Fortress 2: Source (GAME_TF2)
L 03/28/2021 - 22:06:58: [simple-chatprocessor.smx] [SCP] Recognized mod [Team Fortress 2].
L 03/28/2021 - 22:06:58: [simple-chatprocessor.smx] [SCP] Loading translation file [scp.tf.phrases].
L 03/28/2021 - 22:06:59: [freak_fortress_2.smx] Freak Fortress 2 199001 Loading...
L 03/28/2021 - 22:07:26: [mapchooser_extended.smx] Loaded map list for tf.
L 03/28/2021 - 22:08:12: -------- Mapchange to vsh_nebula_rc1 --------
L 03/28/2021 - 22:08:19: [mapchooser_extended.smx] Loaded map list for tf.
L 03/28/2021 - 22:28:37: [mapchooser_extended.smx] Voting for next map has started.
L 03/28/2021 - 22:28:42: [mapchooser_extended.smx] Voting for next map has finished. Nextmap: vsh_tranquil_b5.
L 03/28/2021 - 22:30:58: [playercommands.smx] "unspacy<3><[U:1:130638097]><>" slapped "Azel<6><[U:1:101368949]><>" (damage "0")
L 03/29/2021 - 09:58:25: Log file closed.
