L 12/12/2020 - 18:02:43: SourceMod log file session started (file "/home/steamsrv/tf2/tf/addons/sourcemod/logs/L20201212.log") (Version "1.10.0.6490")
L 12/12/2020 - 18:02:43: [TF2ITEMS] "GiveNamedItem" offset = 484
L 12/12/2020 - 18:02:44: [funcommandsX.smx] Game detected as Team Fortress 2: Source (GAME_TF2)
L 12/12/2020 - 18:02:44: [simple-chatprocessor.smx] [SCP] Recognized mod [Team Fortress 2].
L 12/12/2020 - 18:02:44: [simple-chatprocessor.smx] [SCP] Loading translation file [scp.tf.phrases].
L 12/12/2020 - 18:02:45: [freak_fortress_2.smx] Freak Fortress 2 199001 Loading...
L 12/12/2020 - 18:03:01: [mapchooser_extended.smx] Loaded map list for tf.
L 12/12/2020 - 18:06:27: [playercommands.smx] "Nezzie<2><[U:1:107910185]><>" slayed "test<3><BOT><>"
L 12/12/2020 - 18:06:27: [playercommands.smx] "Nezzie<2><[U:1:107910185]><>" slayed "test1<4><BOT><>"
L 12/12/2020 - 18:09:21: [funcommandsX.smx] Game detected as Team Fortress 2: Source (GAME_TF2)
L 12/12/2020 - 18:09:21: [simple-chatprocessor.smx] [SCP] Recognized mod [Team Fortress 2].
L 12/12/2020 - 18:09:21: [simple-chatprocessor.smx] [SCP] Loading translation file [scp.tf.phrases].
L 12/12/2020 - 18:09:22: [freak_fortress_2.smx] Freak Fortress 2 199001 Loading...
L 12/12/2020 - 18:09:22: [mapchooser_extended.smx] Loaded map list for tf.
L 12/12/2020 - 18:10:32: [funcommandsX.smx] Game detected as Team Fortress 2: Source (GAME_TF2)
L 12/12/2020 - 18:10:32: [simple-chatprocessor.smx] [SCP] Recognized mod [Team Fortress 2].
L 12/12/2020 - 18:10:32: [simple-chatprocessor.smx] [SCP] Loading translation file [scp.tf.phrases].
L 12/12/2020 - 18:10:32: [freak_fortress_2.smx] Freak Fortress 2 199001 Loading...
L 12/12/2020 - 18:10:32: [mapchooser_extended.smx] Loaded map list for tf.
L 12/12/2020 - 18:11:21: [playercommands.smx] "Nezzie<2><[U:1:107910185]><>" slayed "test1<4><BOT><>"
L 12/12/2020 - 18:11:40: [playercommands.smx] "Nezzie<2><[U:1:107910185]><>" slayed "Nezzie<2><[U:1:107910185]><>"
L 12/12/2020 - 18:11:40: [playercommands.smx] "Nezzie<2><[U:1:107910185]><>" slayed "test<3><BOT><>"
L 12/12/2020 - 18:11:41: [playercommands.smx] "Nezzie<2><[U:1:107910185]><>" slayed "test1<4><BOT><>"
L 12/12/2020 - 18:24:02: [mapchooser_extended.smx] Voting for next map has started.
L 12/12/2020 - 22:28:08: [SM] Changed map to "vsh_nebula_rc1"
L 12/12/2020 - 22:28:12: -------- Mapchange to vsh_nebula_rc1 --------
L 12/12/2020 - 22:28:24: [mapchooser_extended.smx] Loaded map list for tf.
L 12/12/2020 - 22:32:38: [respawn.smx] "Draconic (Azel)<7><[U:1:101368949]><>" respawned "Draconic (Azel)<7><[U:1:101368949]><>"
L 12/12/2020 - 22:48:41: [mapchooser_extended.smx] Voting for next map has started.
L 12/12/2020 - 22:49:02: [mapchooser_extended.smx] Voting for next map has finished. Nextmap: vsh_manncohq_v14.
L 12/12/2020 - 22:53:02: [playercommands.smx] "FROSTY F1SH (ART COMMS. OPEN)<8><[U:1:445849108]><>" slapped "HacobLacob<11><[U:1:1036400442]><>" (damage "0")
L 12/12/2020 - 22:53:02: [playercommands.smx] "FROSTY F1SH (ART COMMS. OPEN)<8><[U:1:445849108]><>" slapped "HacobLacob<11><[U:1:1036400442]><>" (damage "0")
L 12/12/2020 - 22:53:02: [playercommands.smx] "FROSTY F1SH (ART COMMS. OPEN)<8><[U:1:445849108]><>" slapped "HacobLacob<11><[U:1:1036400442]><>" (damage "0")
L 12/12/2020 - 22:53:02: [playercommands.smx] "FROSTY F1SH (ART COMMS. OPEN)<8><[U:1:445849108]><>" slapped "HacobLacob<11><[U:1:1036400442]><>" (damage "0")
L 12/12/2020 - 22:53:02: [playercommands.smx] "FROSTY F1SH (ART COMMS. OPEN)<8><[U:1:445849108]><>" slapped "HacobLacob<11><[U:1:1036400442]><>" (damage "0")
L 12/12/2020 - 22:53:03: [playercommands.smx] "FROSTY F1SH (ART COMMS. OPEN)<8><[U:1:445849108]><>" slapped "HacobLacob<11><[U:1:1036400442]><>" (damage "0")
L 12/12/2020 - 22:53:03: [playercommands.smx] "FROSTY F1SH (ART COMMS. OPEN)<8><[U:1:445849108]><>" slapped "HacobLacob<11><[U:1:1036400442]><>" (damage "0")
L 12/12/2020 - 22:53:19: [playercommands.smx] "Nezzie<9><[U:1:107910185]><>" slapped "HacobLacob<11><[U:1:1036400442]><>" (damage "0")
L 12/12/2020 - 22:53:19: [playercommands.smx] "Nezzie<9><[U:1:107910185]><>" slapped "HacobLacob<11><[U:1:1036400442]><>" (damage "0")
L 12/12/2020 - 22:53:19: [playercommands.smx] "Nezzie<9><[U:1:107910185]><>" slapped "HacobLacob<11><[U:1:1036400442]><>" (damage "0")
L 12/12/2020 - 22:53:19: [playercommands.smx] "Nezzie<9><[U:1:107910185]><>" slapped "HacobLacob<11><[U:1:1036400442]><>" (damage "0")
L 12/12/2020 - 22:53:19: [playercommands.smx] "Nezzie<9><[U:1:107910185]><>" slapped "HacobLacob<11><[U:1:1036400442]><>" (damage "0")
L 12/12/2020 - 22:53:19: [playercommands.smx] "Nezzie<9><[U:1:107910185]><>" slapped "HacobLacob<11><[U:1:1036400442]><>" (damage "0")
L 12/12/2020 - 22:53:20: [playercommands.smx] "Nezzie<9><[U:1:107910185]><>" slapped "HacobLacob<11><[U:1:1036400442]><>" (damage "0")
L 12/12/2020 - 22:59:19: [SM] Changed map to "vsh_manncohq_v14"
L 12/12/2020 - 22:59:22: -------- Mapchange to vsh_manncohq_v14 --------
L 12/12/2020 - 22:59:34: [mapchooser_extended.smx] Loaded map list for tf.
L 12/12/2020 - 23:05:23: [playercommands.smx] "FROSTY F1SH (ART COMMS. OPEN)<8><[U:1:445849108]><>" slapped "Draconic (Azel)<7><[U:1:101368949]><>" (damage "0")
L 12/12/2020 - 23:05:23: [playercommands.smx] "FROSTY F1SH (ART COMMS. OPEN)<8><[U:1:445849108]><>" slapped "Draconic (Azel)<7><[U:1:101368949]><>" (damage "0")
L 12/12/2020 - 23:05:23: [playercommands.smx] "FROSTY F1SH (ART COMMS. OPEN)<8><[U:1:445849108]><>" slapped "Draconic (Azel)<7><[U:1:101368949]><>" (damage "0")
L 12/12/2020 - 23:05:26: [playercommands.smx] "FROSTY F1SH (ART COMMS. OPEN)<8><[U:1:445849108]><>" slapped "Draconic (Azel)<7><[U:1:101368949]><>" (damage "0")
L 12/12/2020 - 23:05:27: [playercommands.smx] "FROSTY F1SH (ART COMMS. OPEN)<8><[U:1:445849108]><>" slapped "Draconic (Azel)<7><[U:1:101368949]><>" (damage "0")
L 12/12/2020 - 23:19:52: [mapchooser_extended.smx] Voting for next map has started.
L 12/12/2020 - 23:20:12: [mapchooser_extended.smx] Voting for next map has finished. Nextmap: vsh_dunger_b2a.
L 12/12/2020 - 23:32:31: [SM] Changed map to "vsh_dunger_b2a"
L 12/12/2020 - 23:32:34: -------- Mapchange to vsh_dunger_b2a --------
L 12/12/2020 - 23:32:46: [mapchooser_extended.smx] Loaded map list for tf.
L 12/12/2020 - 23:52:59: [nominations_extended.smx] Hailstorm nominated vsh_abandoned_warehouse_final_v3
L 12/12/2020 - 23:53:04: [mapchooser_extended.smx] Voting for next map has started.
L 12/12/2020 - 23:53:24: [mapchooser_extended.smx] Voting for next map has finished. Nextmap: vsh_abandoned_warehouse_final_v3.
L 12/13/2020 - 00:00:13: Log file closed.
