L 08/14/2020 - 03:24:31: SourceMod log file session started (file "/home/steamsrv/tf2/tf/addons/sourcemod/logs/L20200814.log") (Version "1.10.0.6490")
L 08/14/2020 - 03:24:31: [SM] Changed map to "vsh_tranquil_b5"
L 08/14/2020 - 03:24:34: -------- Mapchange to vsh_tranquil_b5 --------
L 08/14/2020 - 03:24:43: [mapchooser_extended.smx] Loaded map list for tf.
L 08/14/2020 - 03:44:57: [mapchooser_extended.smx] Voting for next map has started.
L 08/14/2020 - 22:24:30: [basecommands.smx] "Nezzie<308><[U:1:107910185]><>" changed map to "arena_lumberyard"
L 08/14/2020 - 22:24:33: [SM] Changed map to "arena_lumberyard"
L 08/14/2020 - 22:24:38: -------- Mapchange to arena_lumberyard --------
L 08/14/2020 - 22:24:52: [mapchooser_extended.smx] Loaded map list for tf.
L 08/14/2020 - 22:44:37: [basechat.smx] "Console<0><Console><Console>" triggered sm_say (text The round time has ended, omaewa-mou shindeiru)
L 08/14/2020 - 22:44:37: [playercommands.smx] "Console<0><Console><Console>" slayed "Nezzie<308><[U:1:107910185]><>"
L 08/14/2020 - 22:44:37: [playercommands.smx] "Console<0><Console><Console>" slayed "GLaDOS<310><BOT><>"
L 08/14/2020 - 22:45:09: [mapchooser_extended.smx] Voting for next map has started.
L 08/14/2020 - 22:52:55: [basechat.smx] "Console<0><Console><Console>" triggered sm_say (text The round time has ended, omaewa-mou shindeiru)
L 08/14/2020 - 22:52:55: [playercommands.smx] "Console<0><Console><Console>" slayed "Nezzie<308><[U:1:107910185]><>"
L 08/14/2020 - 22:52:55: [playercommands.smx] "Console<0><Console><Console>" slayed "GLaDOS<310><BOT><>"
L 08/14/2020 - 22:56:00: [SM] Changed map to "arena_yunshu_rc1"
L 08/14/2020 - 22:56:07: -------- Mapchange to arena_yunshu_rc1 --------
L 08/14/2020 - 22:56:20: [mapchooser_extended.smx] Loaded map list for tf.
L 08/14/2020 - 23:16:34: [mapchooser_extended.smx] Voting for next map has started.
L 08/14/2020 - 23:41:31: [SM] Changed map to "vsh_degroot_keep_2020_v6"
L 08/14/2020 - 23:41:36: -------- Mapchange to vsh_degroot_keep_2020_v6 --------
L 08/14/2020 - 23:41:53: [mapchooser_extended.smx] Loaded map list for tf.
L 08/15/2020 - 00:02:07: Log file closed.
