L 02/03/2021 - 22:02:42: SourceMod log file session started (file "/home/steamsrv/tf2/tf/addons/sourcemod/logs/L20210203.log") (Version "1.10.0.6490")
L 02/03/2021 - 22:02:42: [SM] Changed map to "vsh_chinatown_b3"
L 02/03/2021 - 22:02:45: -------- Mapchange to vsh_chinatown_b3 --------
L 02/03/2021 - 22:02:56: [mapchooser_extended.smx] Loaded map list for tf.
L 02/03/2021 - 22:23:15: [mapchooser_extended.smx] Voting for next map has started.
L 02/03/2021 - 22:23:36: [mapchooser_extended.smx] Voting for next map has finished. Nextmap: vsh_nebula_rc1.
L 02/03/2021 - 22:29:00: SourceMod log file session started (file "/home/steamsrv/tf2/tf/addons/sourcemod/logs/L20210203.log") (Version "1.10.0.6490")
L 02/03/2021 - 22:29:00: [TF2ITEMS] "GiveNamedItem" offset = 484
L 02/03/2021 - 22:29:01: [funcommandsX.smx] Game detected as Team Fortress 2: Source (GAME_TF2)
L 02/03/2021 - 22:29:01: [simple-chatprocessor.smx] [SCP] Recognized mod [Team Fortress 2].
L 02/03/2021 - 22:29:01: [simple-chatprocessor.smx] [SCP] Loading translation file [scp.tf.phrases].
L 02/03/2021 - 22:29:02: [freak_fortress_2.smx] Freak Fortress 2 199001 Loading...
L 02/03/2021 - 22:29:16: [mapchooser_extended.smx] Loaded map list for tf.
L 02/03/2021 - 22:49:58: [mapchooser_extended.smx] Voting for next map has started.
L 02/03/2021 - 22:50:04: [mapchooser_extended.smx] Voting for next map has finished. Nextmap: vsh_crevice_b5.
L 02/03/2021 - 23:01:49: [SM] Changed map to "vsh_crevice_b5"
L 02/03/2021 - 23:01:50: -------- Mapchange to vsh_crevice_b5 --------
L 02/03/2021 - 23:02:00: [mapchooser_extended.smx] Loaded map list for tf.
L 02/03/2021 - 23:22:15: [mapchooser_extended.smx] Voting for next map has started.
L 02/03/2021 - 23:22:22: [mapchooser_extended.smx] Voting for next map has finished. Nextmap: vsh_area_54tress_b4.
L 02/03/2021 - 23:28:28: SourceMod log file session started (file "/home/steamsrv/tf2/tf/addons/sourcemod/logs/L20210203.log") (Version "1.10.0.6490")
L 02/03/2021 - 23:28:28: [TF2ITEMS] "GiveNamedItem" offset = 484
L 02/03/2021 - 23:28:29: [funcommandsX.smx] Game detected as Team Fortress 2: Source (GAME_TF2)
L 02/03/2021 - 23:28:29: [simple-chatprocessor.smx] [SCP] Recognized mod [Team Fortress 2].
L 02/03/2021 - 23:28:29: [simple-chatprocessor.smx] [SCP] Loading translation file [scp.tf.phrases].
L 02/03/2021 - 23:28:29: [freak_fortress_2.smx] Freak Fortress 2 199001 Loading...
L 02/03/2021 - 23:28:43: [mapchooser_extended.smx] Loaded map list for tf.
L 02/03/2021 - 23:33:50: -------- Mapchange to vsh_nebula_rc1 --------
L 02/03/2021 - 23:33:59: [mapchooser_extended.smx] Loaded map list for tf.
L 02/03/2021 - 23:54:15: [mapchooser_extended.smx] Voting for next map has started.
L 02/06/2021 - 00:47:06: Log file closed.
