L 09/24/2020 - 01:15:52: SourceMod log file session started (file "/home/steamsrv/tf2/tf/addons/sourcemod/logs/L20200924.log") (Version "1.10.0.6490")
L 09/24/2020 - 01:15:52: [SM] Changed map to "vsh_skyhigh_resort_b8_sg4"
L 09/24/2020 - 01:15:54: -------- Mapchange to vsh_skyhigh_resort_b8_sg4 --------
L 09/24/2020 - 01:16:08: [mapchooser_extended.smx] Loaded map list for tf.
L 09/24/2020 - 01:16:55: [nominations_extended.smx] Tai Lopez nominated vsh_scoobydoo_v1
L 09/24/2020 - 01:36:35: [mapchooser_extended.smx] Voting for next map has started.
L 09/24/2020 - 01:36:55: [mapchooser_extended.smx] Voting for next map has started.
L 09/24/2020 - 01:36:59: [mapchooser_extended.smx] Voting for next map has finished. Nextmap: vsh_apg_v2_sg1.
L 09/24/2020 - 01:47:51: [SM] Changed map to "vsh_apg_v2_sg1"
L 09/24/2020 - 01:47:55: -------- Mapchange to vsh_apg_v2_sg1 --------
L 09/24/2020 - 01:48:12: [mapchooser_extended.smx] Loaded map list for tf.
L 09/24/2020 - 02:08:29: [mapchooser_extended.smx] Voting for next map has started.
L 09/24/2020 - 02:08:46: [mapchooser_extended.smx] Voting for next map has finished. Nextmap: vsh_castle_siege_unreal_sg1.
L 09/24/2020 - 02:22:45: [SM] Changed map to "vsh_castle_siege_unreal_sg1"
L 09/24/2020 - 02:22:48: -------- Mapchange to vsh_castle_siege_unreal_sg1 --------
L 09/24/2020 - 02:23:00: [mapchooser_extended.smx] Loaded map list for tf.
L 09/24/2020 - 02:31:33: [funcommandsX.smx] Game detected as Team Fortress 2: Source (GAME_TF2)
L 09/24/2020 - 02:31:33: [simple-chatprocessor.smx] [SCP] Recognized mod [Team Fortress 2].
L 09/24/2020 - 02:31:33: [simple-chatprocessor.smx] [SCP] Loading translation file [scp.tf.phrases].
L 09/24/2020 - 02:31:34: [freak_fortress_2.smx] Freak Fortress 2 199001 Loading...
L 09/24/2020 - 02:31:34: [mapchooser_extended.smx] Loaded map list for tf.
L 09/24/2020 - 02:43:22: [mapchooser_extended.smx] Voting for next map has started.
L 09/24/2020 - 02:43:31: [mapchooser_extended.smx] Voting for next map has finished. Nextmap: vsh_dirtmound_b9.
L 09/24/2020 - 02:54:41: [SM] Changed map to "vsh_dirtmound_b9"
L 09/24/2020 - 02:54:44: -------- Mapchange to vsh_dirtmound_b9 --------
L 09/24/2020 - 02:54:55: [mapchooser_extended.smx] Loaded map list for tf.
L 09/24/2020 - 03:04:28: [mapchooser_extended.smx] Starting map vote because outside request
L 09/24/2020 - 03:04:44: [mapchooser_extended.smx] Voting for next map has started.
L 09/24/2020 - 03:04:49: [mapchooser_extended.smx] Voting for next map has finished. Nextmap: vsh_drejun_v3.
L 09/24/2020 - 03:04:53: [SM] Changed map to "vsh_drejun_v3"
L 09/24/2020 - 03:04:55: -------- Mapchange to vsh_drejun_v3 --------
L 09/24/2020 - 03:05:06: [mapchooser_extended.smx] Loaded map list for tf.
L 09/24/2020 - 03:06:30: [basechat.smx] "FISH (ART COMMISSIONS OPEN)<58><[U:1:445849108]><>" triggered sm_msay (text hello)
L 09/24/2020 - 03:07:52: [basechat.smx] "FISH (ART COMMISSIONS OPEN)<58><[U:1:445849108]><>" triggered sm_csay (text ur all bread)
L 09/24/2020 - 03:08:06: [basechat.smx] "FISH (ART COMMISSIONS OPEN)<58><[U:1:445849108]><>" triggered sm_csay (text hi)
L 09/24/2020 - 03:12:01: [playercommands.smx] "FISH (ART COMMISSIONS OPEN)<58><[U:1:445849108]><>" slapped "A Professional With Standards<59><BOT><>" (damage "0")
L 09/24/2020 - 03:12:10: [funcommands.smx] "FISH (ART COMMISSIONS OPEN)<58><[U:1:445849108]><>" ignited "A Professional With Standards<59><BOT><>" (seconds "20.000000")
L 09/24/2020 - 03:12:21: [funcommandsX.smx] "FISH (ART COMMISSIONS OPEN)<58><[U:1:445849108]><>" exploded "A Professional With Standards<59><BOT><>"
L 09/24/2020 - 03:13:07: [funcommandsX.smx] "FISH (ART COMMISSIONS OPEN)<58><[U:1:445849108]><>" enabled disco mode
L 09/24/2020 - 03:13:20: [basecommands.smx] "FISH (ART COMMISSIONS OPEN)<58><[U:1:445849108]><>" kicked "A Professional With Standards<59><BOT><>" (reason "")
L 09/24/2020 - 03:14:23: [funcommandsX.smx] "FISH (ART COMMISSIONS OPEN)<58><[U:1:445849108]><>" enabled friendly fire
L 09/24/2020 - 03:15:24: [basevotes.smx] "Console<0><Console><Console>" initiated a generic vote.
L 09/24/2020 - 03:16:21: [basevotes.smx] "Console<0><Console><Console>" initiated a generic vote.
L 09/24/2020 - 03:18:05: [basevotes.smx] "Console<0><Console><Console>" initiated a generic vote.
L 09/24/2020 - 03:21:38: [basechat.smx] "Console<0><Console><Console>" triggered sm_say (text The round time has ended, omaewa-mou shindeiru)
L 09/24/2020 - 03:21:38: [playercommands.smx] "Console<0><Console><Console>" slayed "FISH (ART COMMISSIONS OPEN)<58><[U:1:445849108]><>"
L 09/24/2020 - 03:21:38: [playercommands.smx] "Console<0><Console><Console>" slayed "SMELLY UNFORTUNATE<60><BOT><>"
L 09/24/2020 - 03:22:14: [funcommands.smx] "FISH (ART COMMISSIONS OPEN)<58><[U:1:445849108]><>" ignited "SMELLY UNFORTUNATE<60><BOT><>" (seconds "20.000000")
L 09/24/2020 - 03:22:17: [funcommands.smx] "FISH (ART COMMISSIONS OPEN)<58><[U:1:445849108]><>" ignited "SMELLY UNFORTUNATE<60><BOT><>" (seconds "20.000000")
L 09/24/2020 - 03:22:18: [funcommands.smx] "FISH (ART COMMISSIONS OPEN)<58><[U:1:445849108]><>" ignited "SMELLY UNFORTUNATE<60><BOT><>" (seconds "20.000000")
L 09/24/2020 - 03:22:20: [basevotes.smx] "Nezzie<61><[U:1:107910185]><>" initiated a generic vote.
L 09/24/2020 - 03:23:20: [basechat.smx] "FISH (ART COMMISSIONS OPEN)<58><[U:1:445849108]><>" triggered sm_csay (text hi nezzie)
L 09/24/2020 - 03:23:22: [basevotes.smx] "Nezzie<61><[U:1:107910185]><>" initiated a generic vote.
L 09/24/2020 - 03:24:23: [funcommandsX.smx] "FISH (ART COMMISSIONS OPEN)<58><[U:1:445849108]><>" disabled disco mode
L 09/24/2020 - 03:24:23: [basevotes.smx] "Nezzie<61><[U:1:107910185]><>" initiated a generic vote.
L 09/24/2020 - 03:25:21: [mapchooser_extended.smx] Voting for next map has started.
L 09/24/2020 - 03:25:26: [mapchooser_extended.smx] Voting for next map has finished. Nextmap: vsh_intrusion_rc2.
L 09/24/2020 - 03:26:01: [basevotes.smx] "Console<0><Console><Console>" initiated a generic vote.
L 09/24/2020 - 03:26:21: [basevotes.smx] Vote failed.
L 09/24/2020 - 03:27:20: [basevotes.smx] "Nezzie<61><[U:1:107910185]><>" initiated a generic vote.
L 09/24/2020 - 03:28:35: [funcommands.smx] "FISH (ART COMMISSIONS OPEN)<58><[U:1:445849108]><>" ignited "SMELLY UNFORTUNATE<60><BOT><>" (seconds "20.000000")
L 09/24/2020 - 03:28:36: [funcommands.smx] "FISH (ART COMMISSIONS OPEN)<58><[U:1:445849108]><>" ignited "SMELLY UNFORTUNATE<60><BOT><>" (seconds "20.000000")
L 09/24/2020 - 03:28:36: [funcommands.smx] "FISH (ART COMMISSIONS OPEN)<58><[U:1:445849108]><>" ignited "SMELLY UNFORTUNATE<60><BOT><>" (seconds "20.000000")
L 09/24/2020 - 03:28:36: [funcommands.smx] "FISH (ART COMMISSIONS OPEN)<58><[U:1:445849108]><>" ignited "SMELLY UNFORTUNATE<60><BOT><>" (seconds "20.000000")
L 09/24/2020 - 03:28:37: [funcommands.smx] "FISH (ART COMMISSIONS OPEN)<58><[U:1:445849108]><>" ignited "SMELLY UNFORTUNATE<60><BOT><>" (seconds "20.000000")
L 09/24/2020 - 03:28:37: [funcommands.smx] "FISH (ART COMMISSIONS OPEN)<58><[U:1:445849108]><>" ignited "SMELLY UNFORTUNATE<60><BOT><>" (seconds "20.000000")
L 09/24/2020 - 03:28:37: [funcommands.smx] "FISH (ART COMMISSIONS OPEN)<58><[U:1:445849108]><>" ignited "SMELLY UNFORTUNATE<60><BOT><>" (seconds "20.000000")
L 09/24/2020 - 03:29:46: [funcommands.smx] "FISH (ART COMMISSIONS OPEN)<58><[U:1:445849108]><>" ignited "SMELLY UNFORTUNATE<60><BOT><>" (seconds "20.000000")
L 09/24/2020 - 03:30:10: [funcommandsX.smx] "Nezzie<61><[U:1:107910185]><>" exploded "Nezzie<61><[U:1:107910185]><>"
L 09/24/2020 - 03:30:15: [funcommandsX.smx] "Nezzie<61><[U:1:107910185]><>" exploded "FISH (ART COMMISSIONS OPEN)<58><[U:1:445849108]><>"
L 09/24/2020 - 03:30:16: [funcommandsX.smx] "Nezzie<61><[U:1:107910185]><>" exploded "SMELLY UNFORTUNATE<60><BOT><>"
L 09/24/2020 - 03:30:36: [funcommandsX.smx] "Nezzie<61><[U:1:107910185]><>" exploded "SMELLY UNFORTUNATE<60><BOT><>"
L 09/24/2020 - 03:30:47: [funcommandsX.smx] "Nezzie<61><[U:1:107910185]><>" made "Nezzie<61><[U:1:107910185]><>" invisible
L 09/24/2020 - 03:31:33: [funcommandsX.smx] "Nezzie<61><[U:1:107910185]><>" made "Nezzie<61><[U:1:107910185]><>" visible
L 09/24/2020 - 03:31:41: [funcommands.smx] "Nezzie<61><[U:1:107910185]><>" toggled noclip on "Nezzie<61><[U:1:107910185]><>"
L 09/24/2020 - 03:31:42: [funcommands.smx] "Nezzie<61><[U:1:107910185]><>" toggled noclip on "Nezzie<61><[U:1:107910185]><>"
L 09/24/2020 - 03:31:43: [funcommands.smx] "Nezzie<61><[U:1:107910185]><>" toggled noclip on "Nezzie<61><[U:1:107910185]><>"
L 09/24/2020 - 03:31:44: [funcommands.smx] "Nezzie<61><[U:1:107910185]><>" toggled noclip on "Nezzie<61><[U:1:107910185]><>"
L 09/24/2020 - 03:31:51: [funcommands.smx] "Nezzie<61><[U:1:107910185]><>" toggled noclip on "Nezzie<61><[U:1:107910185]><>"
L 09/24/2020 - 03:31:52: [funcommands.smx] "Nezzie<61><[U:1:107910185]><>" toggled noclip on "Nezzie<61><[U:1:107910185]><>"
L 09/24/2020 - 03:31:53: [funcommands.smx] "Nezzie<61><[U:1:107910185]><>" toggled noclip on "Nezzie<61><[U:1:107910185]><>"
L 09/24/2020 - 03:31:54: [funcommands.smx] "Nezzie<61><[U:1:107910185]><>" toggled noclip on "Nezzie<61><[U:1:107910185]><>"
L 09/24/2020 - 03:31:55: [funcommands.smx] "Nezzie<61><[U:1:107910185]><>" toggled noclip on "Nezzie<61><[U:1:107910185]><>"
L 09/24/2020 - 03:31:56: [funcommands.smx] "Nezzie<61><[U:1:107910185]><>" toggled noclip on "Nezzie<61><[U:1:107910185]><>"
L 09/24/2020 - 03:31:58: [funcommands.smx] "Nezzie<61><[U:1:107910185]><>" toggled noclip on "Nezzie<61><[U:1:107910185]><>"
L 09/24/2020 - 03:32:03: [funcommands.smx] "Nezzie<61><[U:1:107910185]><>" toggled noclip on "Nezzie<61><[U:1:107910185]><>"
L 09/24/2020 - 03:32:03: [funcommands.smx] "Nezzie<61><[U:1:107910185]><>" toggled noclip on "Nezzie<61><[U:1:107910185]><>"
L 09/24/2020 - 03:32:04: [funcommands.smx] "Nezzie<61><[U:1:107910185]><>" toggled noclip on "Nezzie<61><[U:1:107910185]><>"
L 09/24/2020 - 03:32:06: [funcommands.smx] "Nezzie<61><[U:1:107910185]><>" toggled noclip on "Nezzie<61><[U:1:107910185]><>"
L 09/24/2020 - 03:32:07: [funcommands.smx] "Nezzie<61><[U:1:107910185]><>" toggled noclip on "Nezzie<61><[U:1:107910185]><>"
L 09/24/2020 - 03:32:23: [funcommands.smx] "Nezzie<61><[U:1:107910185]><>" set a TimeBomb on "FISH (ART COMMISSIONS OPEN)<58><[U:1:445849108]><>"
L 09/24/2020 - 03:32:33: [funcommands.smx] "Nezzie<61><[U:1:107910185]><>" removed a TimeBomb on "FISH (ART COMMISSIONS OPEN)<58><[U:1:445849108]><>"
L 09/24/2020 - 03:33:01: [funcommands.smx] "Nezzie<61><[U:1:107910185]><>" froze "FISH (ART COMMISSIONS OPEN)<58><[U:1:445849108]><>"
L 09/24/2020 - 03:33:08: [funcommandsX.smx] "Nezzie<61><[U:1:107910185]><>" teleported "FISH (ART COMMISSIONS OPEN)<58><[U:1:445849108]><>"
L 09/24/2020 - 03:33:16: [funcommandsX.smx] "Nezzie<61><[U:1:107910185]><>" teleported "FISH (ART COMMISSIONS OPEN)<58><[U:1:445849108]><>"
L 09/24/2020 - 03:33:19: [funcommandsX.smx] "Nezzie<61><[U:1:107910185]><>" teleported "FISH (ART COMMISSIONS OPEN)<58><[U:1:445849108]><>"
L 09/24/2020 - 03:33:21: [funcommandsX.smx] "Nezzie<61><[U:1:107910185]><>" teleported "FISH (ART COMMISSIONS OPEN)<58><[U:1:445849108]><>"
L 09/24/2020 - 03:33:22: [funcommandsX.smx] "Nezzie<61><[U:1:107910185]><>" teleported "FISH (ART COMMISSIONS OPEN)<58><[U:1:445849108]><>"
L 09/24/2020 - 03:33:24: [funcommandsX.smx] "Nezzie<61><[U:1:107910185]><>" teleported "FISH (ART COMMISSIONS OPEN)<58><[U:1:445849108]><>"
L 09/24/2020 - 03:33:25: [funcommandsX.smx] "Nezzie<61><[U:1:107910185]><>" teleported "FISH (ART COMMISSIONS OPEN)<58><[U:1:445849108]><>"
L 09/24/2020 - 03:33:26: [funcommandsX.smx] "Nezzie<61><[U:1:107910185]><>" teleported "FISH (ART COMMISSIONS OPEN)<58><[U:1:445849108]><>"
L 09/24/2020 - 03:33:27: [funcommandsX.smx] "Nezzie<61><[U:1:107910185]><>" teleported "FISH (ART COMMISSIONS OPEN)<58><[U:1:445849108]><>"
L 09/24/2020 - 03:33:28: [funcommandsX.smx] "Nezzie<61><[U:1:107910185]><>" teleported "FISH (ART COMMISSIONS OPEN)<58><[U:1:445849108]><>"
L 09/24/2020 - 03:34:06: [funcommands.smx] "Nezzie<61><[U:1:107910185]><>" froze "FISH (ART COMMISSIONS OPEN)<58><[U:1:445849108]><>"
L 09/24/2020 - 03:34:10: [funcommandsX.smx] "Nezzie<61><[U:1:107910185]><>" teleported "FISH (ART COMMISSIONS OPEN)<58><[U:1:445849108]><>"
L 09/24/2020 - 03:34:18: [funcommandsX.smx] "Nezzie<61><[U:1:107910185]><>" made "FISH (ART COMMISSIONS OPEN)<58><[U:1:445849108]><>" Happy
L 09/24/2020 - 03:34:50: [funcommandsX.smx] "Nezzie<61><[U:1:107910185]><>" made "FISH (ART COMMISSIONS OPEN)<58><[U:1:445849108]><>" Unhappy
L 09/24/2020 - 03:35:22: [SM] Changed map to "vsh_intrusion_rc2"
L 09/24/2020 - 03:35:28: -------- Mapchange to vsh_intrusion_rc2 --------
L 09/24/2020 - 03:35:40: [mapchooser_extended.smx] Loaded map list for tf.
L 09/24/2020 - 03:37:00: [respawn.smx] "Nezzie<61><[U:1:107910185]><>" respawned "Nezzie<61><[U:1:107910185]><>"
L 09/24/2020 - 03:37:10: [respawn.smx] "Nezzie<61><[U:1:107910185]><>" respawned "FISH (ART COMMISSIONS OPEN)<58><[U:1:445849108]><>"
L 09/24/2020 - 03:37:17: [funcommandsX.smx] "Nezzie<61><[U:1:107910185]><>" disabled friendly fire
L 09/24/2020 - 03:37:21: [basecommands.smx] "Nezzie<61><[U:1:107910185]><>" refreshed the admin cache.
L 09/24/2020 - 03:37:54: [funcommands.smx] "Nezzie<61><[U:1:107910185]><>" set gravity on "FISH (ART COMMISSIONS OPEN)<58><[U:1:445849108]><>" (amount "4.000000")
L 09/24/2020 - 03:38:01: [funcommands.smx] "Nezzie<61><[U:1:107910185]><>" set gravity on "FISH (ART COMMISSIONS OPEN)<58><[U:1:445849108]><>" (amount "0.100000")
L 09/24/2020 - 03:38:06: [funcommands.smx] "Nezzie<61><[U:1:107910185]><>" set gravity on "FISH (ART COMMISSIONS OPEN)<58><[U:1:445849108]><>" (amount "4.000000")
L 09/24/2020 - 03:38:09: [funcommands.smx] "Nezzie<61><[U:1:107910185]><>" set gravity on "FISH (ART COMMISSIONS OPEN)<58><[U:1:445849108]><>" (amount "0.100000")
L 09/24/2020 - 03:38:19: [funcommands.smx] "Nezzie<61><[U:1:107910185]><>" set gravity on "FISH (ART COMMISSIONS OPEN)<58><[U:1:445849108]><>" (amount "0.100000")
L 09/24/2020 - 03:38:28: [respawn.smx] "Nezzie<61><[U:1:107910185]><>" respawned "FISH (ART COMMISSIONS OPEN)<58><[U:1:445849108]><>"
L 09/24/2020 - 03:38:39: [funcommands.smx] "Nezzie<61><[U:1:107910185]><>" set gravity on "FISH (ART COMMISSIONS OPEN)<58><[U:1:445849108]><>" (amount "0.100000")
L 09/24/2020 - 03:38:51: [funcommands.smx] "Nezzie<61><[U:1:107910185]><>" set gravity on "FISH (ART COMMISSIONS OPEN)<58><[U:1:445849108]><>" (amount "4.000000")
L 09/24/2020 - 03:38:56: [funcommands.smx] "Nezzie<61><[U:1:107910185]><>" set gravity on "Nezzie<61><[U:1:107910185]><>" (amount "0.100000")
L 09/24/2020 - 03:38:59: [funcommands.smx] "Nezzie<61><[U:1:107910185]><>" set gravity on "Nezzie<61><[U:1:107910185]><>" (amount "4.000000")
L 09/24/2020 - 03:40:26: [funcommandsX.smx] "Nezzie<61><[U:1:107910185]><>" teleported "FISH (ART COMMISSIONS OPEN)<58><[U:1:445849108]><>"
L 09/24/2020 - 03:52:43: [funcommands.smx] "Nezzie<61><[U:1:107910185]><>" toggled noclip on "Nezzie<61><[U:1:107910185]><>"
L 09/24/2020 - 03:52:48: [funcommands.smx] "Nezzie<61><[U:1:107910185]><>" toggled noclip on "Nezzie<61><[U:1:107910185]><>"
L 09/24/2020 - 03:52:49: [funcommands.smx] "Nezzie<61><[U:1:107910185]><>" toggled noclip on "Nezzie<61><[U:1:107910185]><>"
L 09/24/2020 - 03:52:50: [funcommands.smx] "Nezzie<61><[U:1:107910185]><>" toggled noclip on "Nezzie<61><[U:1:107910185]><>"
L 09/24/2020 - 03:52:50: [funcommands.smx] "Nezzie<61><[U:1:107910185]><>" toggled noclip on "Nezzie<61><[U:1:107910185]><>"
L 09/24/2020 - 03:52:57: [funcommands.smx] "Nezzie<61><[U:1:107910185]><>" toggled noclip on "Nezzie<61><[U:1:107910185]><>"
L 09/24/2020 - 03:52:58: [funcommands.smx] "Nezzie<61><[U:1:107910185]><>" toggled noclip on "Nezzie<61><[U:1:107910185]><>"
L 09/24/2020 - 03:53:00: [funcommands.smx] "Nezzie<61><[U:1:107910185]><>" toggled noclip on "Nezzie<61><[U:1:107910185]><>"
L 09/24/2020 - 03:53:01: [funcommands.smx] "Nezzie<61><[U:1:107910185]><>" toggled noclip on "Nezzie<61><[U:1:107910185]><>"
L 09/24/2020 - 03:53:01: [funcommands.smx] "Nezzie<61><[U:1:107910185]><>" toggled noclip on "Nezzie<61><[U:1:107910185]><>"
L 09/24/2020 - 03:53:04: [basechat.smx] "Console<0><Console><Console>" triggered sm_say (text The round time has ended, omaewa-mou shindeiru)
L 09/24/2020 - 03:53:04: [playercommands.smx] "Console<0><Console><Console>" slayed "FISH (ART COMMISSIONS OPEN)<58><[U:1:445849108]><>"
L 09/24/2020 - 03:53:04: [playercommands.smx] "Console<0><Console><Console>" slayed "Nezzie<61><[U:1:107910185]><>"
L 09/24/2020 - 03:55:56: [mapchooser_extended.smx] Voting for next map has started.
L 09/24/2020 - 03:56:21: [mapchooser_extended.smx] Voting for next map has started.
L 09/24/2020 - 03:56:28: [mapchooser_extended.smx] Voting for next map has finished. Nextmap: vsh_scoobydoo_v1.
L 09/24/2020 - 04:01:22: [basechat.smx] "Console<0><Console><Console>" triggered sm_say (text The round time has ended, omaewa-mou shindeiru)
L 09/24/2020 - 04:01:22: [playercommands.smx] "Console<0><Console><Console>" slayed "FISH (ART COMMISSIONS OPEN)<58><[U:1:445849108]><>"
L 09/24/2020 - 04:01:22: [playercommands.smx] "Console<0><Console><Console>" slayed "Mentlegen<62><BOT><>"
L 09/24/2020 - 04:01:22: [playercommands.smx] "Console<0><Console><Console>" slayed "Nezzie<61><[U:1:107910185]><>"
L 09/24/2020 - 15:23:25: [basecommands.smx] "Nezzie<63><[U:1:107910185]><>" changed map to "vsh_minegay_reworked_v2"
L 09/24/2020 - 15:23:28: [SM] Changed map to "vsh_minegay_reworked_v2"
L 09/24/2020 - 15:23:30: -------- Mapchange to vsh_minegay_reworked_v2 --------
L 09/24/2020 - 15:23:41: [mapchooser_extended.smx] Loaded map list for tf.
L 09/24/2020 - 15:26:22: [playercommands.smx] "Nezzie<63><[U:1:107910185]><>" slayed "Kill Me<66><BOT><>"
L 09/24/2020 - 15:28:45: [respawn.smx] "Nezzie<63><[U:1:107910185]><>" respawned "Nezzie<63><[U:1:107910185]><>"
L 09/24/2020 - 15:31:19: [funcommandsX.smx] Game detected as Team Fortress 2: Source (GAME_TF2)
L 09/24/2020 - 15:31:19: [simple-chatprocessor.smx] [SCP] Recognized mod [Team Fortress 2].
L 09/24/2020 - 15:31:19: [simple-chatprocessor.smx] [SCP] Loading translation file [scp.tf.phrases].
L 09/24/2020 - 15:31:19: [freak_fortress_2.smx] Freak Fortress 2 199001 Loading...
L 09/24/2020 - 15:31:20: [mapchooser_extended.smx] Loaded map list for tf.
L 09/24/2020 - 15:31:44: [funcommandsX.smx] "Nezzie<63><[U:1:107910185]><>" teleported "Chucklenuts<67><BOT><>"
L 09/24/2020 - 15:35:39: [funcommandsX.smx] Game detected as Team Fortress 2: Source (GAME_TF2)
L 09/24/2020 - 15:35:39: [simple-chatprocessor.smx] [SCP] Recognized mod [Team Fortress 2].
L 09/24/2020 - 15:35:39: [simple-chatprocessor.smx] [SCP] Loading translation file [scp.tf.phrases].
L 09/24/2020 - 15:35:40: [freak_fortress_2.smx] Freak Fortress 2 199001 Loading...
L 09/24/2020 - 15:35:40: [mapchooser_extended.smx] Loaded map list for tf.
L 09/24/2020 - 15:36:04: [funcommandsX.smx] "Nezzie<63><[U:1:107910185]><>" teleported "Chucklenuts<67><BOT><>"
L 09/24/2020 - 15:36:48: [funcommandsX.smx] Game detected as Team Fortress 2: Source (GAME_TF2)
L 09/24/2020 - 15:36:48: [simple-chatprocessor.smx] [SCP] Recognized mod [Team Fortress 2].
L 09/24/2020 - 15:36:48: [simple-chatprocessor.smx] [SCP] Loading translation file [scp.tf.phrases].
L 09/24/2020 - 15:36:48: [freak_fortress_2.smx] Freak Fortress 2 199001 Loading...
L 09/24/2020 - 15:36:48: [mapchooser_extended.smx] Loaded map list for tf.
L 09/24/2020 - 15:37:09: [funcommandsX.smx] "Nezzie<63><[U:1:107910185]><>" teleported "Chucklenuts<67><BOT><>"
L 09/24/2020 - 15:37:47: [respawn.smx] "Nezzie<63><[U:1:107910185]><>" respawned "Nezzie<63><[U:1:107910185]><>"
L 09/24/2020 - 15:38:04: [respawn.smx] "Nezzie<63><[U:1:107910185]><>" respawned "Nezzie<63><[U:1:107910185]><>"
L 09/24/2020 - 15:38:17: [respawn.smx] "Nezzie<63><[U:1:107910185]><>" respawned "Nezzie<63><[U:1:107910185]><>"
L 09/24/2020 - 15:39:06: [funcommandsX.smx] "Nezzie<63><[U:1:107910185]><>" teleported "Kill Me<66><BOT><>"
L 09/24/2020 - 15:39:48: [respawn.smx] "Nezzie<63><[U:1:107910185]><>" respawned "Nezzie<63><[U:1:107910185]><>"
L 09/24/2020 - 15:40:30: [respawn.smx] "Nezzie<63><[U:1:107910185]><>" respawned "Nezzie<63><[U:1:107910185]><>"
L 09/24/2020 - 15:41:31: [respawn.smx] "Nezzie<63><[U:1:107910185]><>" respawned "Nezzie<63><[U:1:107910185]><>"
L 09/24/2020 - 15:44:04: [respawn.smx] "Nezzie<63><[U:1:107910185]><>" respawned "Nezzie<63><[U:1:107910185]><>"
L 09/24/2020 - 15:44:10: [mapchooser_extended.smx] Voting for next map has started.
L 09/24/2020 - 15:44:30: [mapchooser_extended.smx] Voting for next map has finished. Nextmap: vsh_abandoned_warehouse_final_v3.
L 09/24/2020 - 15:44:59: [playercommands.smx] "Nezzie<63><[U:1:107910185]><>" slayed "Chucklenuts<67><BOT><>"
L 09/24/2020 - 15:45:46: [respawn.smx] "Nezzie<63><[U:1:107910185]><>" respawned "Nezzie<63><[U:1:107910185]><>"
L 09/24/2020 - 15:47:08: [respawn.smx] "Nezzie<63><[U:1:107910185]><>" respawned "FISH (ART COMMISSIONS OPEN)<71><[U:1:445849108]><>"
L 09/24/2020 - 15:49:41: [funcommandsX.smx] "Nezzie<63><[U:1:107910185]><>" teleported "FISH (ART COMMISSIONS OPEN)<71><[U:1:445849108]><>"
L 09/24/2020 - 16:01:51: [basechat.smx] "Console<0><Console><Console>" triggered sm_say (text The round time has ended, omaewa-mou shindeiru)
L 09/24/2020 - 16:01:51: [playercommands.smx] "Console<0><Console><Console>" slayed "Still Alive<72><BOT><>"
L 09/24/2020 - 16:01:51: [playercommands.smx] "Console<0><Console><Console>" slayed "Hat-Wearing MAN<73><BOT><>"
L 09/24/2020 - 16:01:51: [playercommands.smx] "Console<0><Console><Console>" slayed "Me<74><BOT><>"
L 09/24/2020 - 16:01:51: [playercommands.smx] "Console<0><Console><Console>" slayed "FISH (ART COMMISSIONS OPEN)<71><[U:1:445849108]><>"
L 09/24/2020 - 16:02:09: [SM] Changed map to "vsh_abandoned_warehouse_final_v3"
L 09/24/2020 - 16:02:13: -------- Mapchange to vsh_abandoned_warehouse_final_v3 --------
L 09/24/2020 - 16:02:24: [mapchooser_extended.smx] Loaded map list for tf.
L 09/24/2020 - 16:22:38: [mapchooser_extended.smx] Voting for next map has started.
L 09/24/2020 - 19:57:41: [playercommands.smx] "FISH (ART COMMISSIONS OPEN)<81><[U:1:445849108]><>" slapped "DWW<77><[U:1:172008346]><>" (damage "99")
L 09/24/2020 - 19:57:42: [playercommands.smx] "FISH (ART COMMISSIONS OPEN)<81><[U:1:445849108]><>" slapped "DWW<77><[U:1:172008346]><>" (damage "99")
L 09/24/2020 - 19:57:42: [playercommands.smx] "FISH (ART COMMISSIONS OPEN)<81><[U:1:445849108]><>" slapped "DWW<77><[U:1:172008346]><>" (damage "99")
L 09/24/2020 - 19:57:43: [playercommands.smx] "FISH (ART COMMISSIONS OPEN)<81><[U:1:445849108]><>" slapped "DWW<77><[U:1:172008346]><>" (damage "99")
L 09/24/2020 - 19:57:43: [playercommands.smx] "FISH (ART COMMISSIONS OPEN)<81><[U:1:445849108]><>" slapped "Chell<79><BOT><>" (damage "99")
L 09/24/2020 - 19:57:43: [playercommands.smx] "FISH (ART COMMISSIONS OPEN)<81><[U:1:445849108]><>" slapped "Chell<79><BOT><>" (damage "99")
L 09/24/2020 - 19:57:43: [playercommands.smx] "FISH (ART COMMISSIONS OPEN)<81><[U:1:445849108]><>" slapped "Chell<79><BOT><>" (damage "99")
L 09/24/2020 - 19:57:43: [playercommands.smx] "FISH (ART COMMISSIONS OPEN)<81><[U:1:445849108]><>" slapped "Chell<79><BOT><>" (damage "99")
L 09/24/2020 - 19:57:53: [SM] Changed map to "vsh_manncohq_v14"
L 09/24/2020 - 19:57:56: -------- Mapchange to vsh_manncohq_v14 --------
L 09/24/2020 - 19:58:06: [mapchooser_extended.smx] Loaded map list for tf.
L 09/24/2020 - 19:59:04: [funcommands.smx] "FISH (ART COMMISSIONS OPEN)<81><[U:1:445849108]><>" ignited "DWW<77><[U:1:172008346]><>" (seconds "20.000000")
L 09/24/2020 - 19:59:08: [funcommands.smx] "FISH (ART COMMISSIONS OPEN)<81><[U:1:445849108]><>" ignited "DWW<77><[U:1:172008346]><>" (seconds "20.000000")
L 09/24/2020 - 19:59:08: [funcommands.smx] "FISH (ART COMMISSIONS OPEN)<81><[U:1:445849108]><>" ignited "DWW<77><[U:1:172008346]><>" (seconds "20.000000")
L 09/24/2020 - 19:59:08: [funcommands.smx] "FISH (ART COMMISSIONS OPEN)<81><[U:1:445849108]><>" ignited "DWW<77><[U:1:172008346]><>" (seconds "20.000000")
L 09/24/2020 - 19:59:09: [funcommands.smx] "FISH (ART COMMISSIONS OPEN)<81><[U:1:445849108]><>" ignited "DWW<77><[U:1:172008346]><>" (seconds "20.000000")
L 09/24/2020 - 19:59:09: [funcommands.smx] "FISH (ART COMMISSIONS OPEN)<81><[U:1:445849108]><>" ignited "DWW<77><[U:1:172008346]><>" (seconds "20.000000")
L 09/24/2020 - 19:59:09: [funcommands.smx] "FISH (ART COMMISSIONS OPEN)<81><[U:1:445849108]><>" ignited "DWW<77><[U:1:172008346]><>" (seconds "20.000000")
L 09/24/2020 - 19:59:10: [funcommands.smx] "FISH (ART COMMISSIONS OPEN)<81><[U:1:445849108]><>" ignited "DWW<77><[U:1:172008346]><>" (seconds "20.000000")
L 09/24/2020 - 20:01:22: [nominations_extended.smx] DWW nominated vsh_apg_v2_sg1
L 09/24/2020 - 20:01:23: [mapchooser_extended.smx] Starting map vote because outside request
L 09/24/2020 - 20:01:39: [nominations_extended.smx] blaahdjslh nominated vsh_jealo_rc2
L 09/24/2020 - 20:01:39: [mapchooser_extended.smx] Voting for next map has started.
L 09/24/2020 - 20:01:44: [mapchooser_extended.smx] Voting for next map has finished. Nextmap: vsh_apg_v2_sg1.
L 09/24/2020 - 20:01:48: [SM] Changed map to "vsh_apg_v2_sg1"
L 09/24/2020 - 20:01:52: -------- Mapchange to vsh_apg_v2_sg1 --------
L 09/24/2020 - 20:02:06: [mapchooser_extended.smx] Loaded map list for tf.
L 09/24/2020 - 20:18:23: [basecommands.smx] "FISH (ART COMMISSIONS OPEN)<81><[U:1:445849108]><>" kicked "Soulless<87><BOT><>" (reason "")
L 09/24/2020 - 20:18:31: [basecommands.smx] "FISH (ART COMMISSIONS OPEN)<81><[U:1:445849108]><>" kicked "The Freeman<86><BOT><>" (reason "")
L 09/24/2020 - 20:18:32: [basecommands.smx] "FISH (ART COMMISSIONS OPEN)<81><[U:1:445849108]><>" kicked "MindlessElectrons<85><BOT><>" (reason "")
L 09/24/2020 - 20:18:36: [basecommands.smx] "FISH (ART COMMISSIONS OPEN)<81><[U:1:445849108]><>" kicked "BeepBeepBoop<90><BOT><>" (reason "")
L 09/24/2020 - 20:22:23: [mapchooser_extended.smx] Voting for next map has started.
L 09/24/2020 - 20:22:34: [mapchooser_extended.smx] Voting for next map has finished. Nextmap: vsh_scoobydoo_v1.
L 09/24/2020 - 20:32:19: [SM] Changed map to "vsh_scoobydoo_v1"
L 09/24/2020 - 20:32:23: -------- Mapchange to vsh_scoobydoo_v1 --------
L 09/24/2020 - 20:32:38: [mapchooser_extended.smx] Loaded map list for tf.
L 09/24/2020 - 20:41:51: [nominations_extended.smx] DWW nominated vsh_egyptyspot_v2
L 09/24/2020 - 20:41:56: [mapchooser_extended.smx] Starting map vote because outside request
L 09/24/2020 - 20:42:12: [mapchooser_extended.smx] Voting for next map has started.
L 09/24/2020 - 20:42:16: [mapchooser_extended.smx] Voting for next map has finished. Nextmap: vsh_egyptyspot_v2.
L 09/24/2020 - 20:42:20: [SM] Changed map to "vsh_egyptyspot_v2"
L 09/24/2020 - 20:42:24: -------- Mapchange to vsh_egyptyspot_v2 --------
L 09/24/2020 - 20:42:36: [mapchooser_extended.smx] Loaded map list for tf.
L 09/24/2020 - 20:46:47: [nominations_extended.smx] Tai Lopez nominated vsh_yammoe_rc3
L 09/24/2020 - 21:02:53: [mapchooser_extended.smx] Voting for next map has started.
L 09/24/2020 - 21:03:14: [mapchooser_extended.smx] Voting for next map has finished. Nextmap: vsh_abandoned_warehouse_final_v3.
L 09/24/2020 - 21:13:29: [SM] Changed map to "vsh_abandoned_warehouse_final_v3"
L 09/24/2020 - 21:13:35: -------- Mapchange to vsh_abandoned_warehouse_final_v3 --------
L 09/24/2020 - 21:13:49: [mapchooser_extended.smx] Loaded map list for tf.
L 09/24/2020 - 21:34:07: [mapchooser_extended.smx] Voting for next map has started.
L 09/24/2020 - 21:34:17: [mapchooser_extended.smx] Voting for next map has finished. Nextmap: vsh_tranquil_b5.
L 09/24/2020 - 21:46:31: [SM] Changed map to "vsh_tranquil_b5"
L 09/24/2020 - 21:46:36: -------- Mapchange to vsh_tranquil_b5 --------
L 09/24/2020 - 21:46:50: [mapchooser_extended.smx] Loaded map list for tf.
L 09/24/2020 - 21:48:40: [nominations_extended.smx] Tai Lopez nominated vsh_egyptyspot_v2
L 09/24/2020 - 22:07:13: [mapchooser_extended.smx] Voting for next map has started.
L 09/24/2020 - 22:07:26: [mapchooser_extended.smx] Voting for next map has finished. Nextmap: vsh_nebula_rc1.
L 09/24/2020 - 22:18:40: [SM] Changed map to "vsh_nebula_rc1"
L 09/24/2020 - 22:18:46: -------- Mapchange to vsh_nebula_rc1 --------
L 09/24/2020 - 22:18:59: [mapchooser_extended.smx] Loaded map list for tf.
L 09/24/2020 - 22:39:14: [mapchooser_extended.smx] Voting for next map has started.
L 09/25/2020 - 21:51:00: Log file closed.
