L 08/09/2021 - 13:03:09: SourceMod log file session started (file "/home/frenzoid/TF2_FF2/tf/addons/sourcemod/logs/L20210809.log") (Version "1.10.0.6490")
L 08/09/2021 - 13:03:09: [rockthevote_extended.smx] RTV changing map manually
L 08/09/2021 - 13:03:09: [SM] Changed map to "vsh_tranquil_b5"
L 08/09/2021 - 13:03:14: -------- Mapchange to vsh_tranquil_b5 --------
L 08/09/2021 - 13:03:22: [mapchooser_extended.smx] Loaded map list for tf.
L 08/09/2021 - 13:07:13: [basecommands.smx] "mochi<53><[U:1:916634286]><>" changed map to "vsh_area_54tress_b4"
L 08/09/2021 - 13:07:16: [SM] Changed map to "vsh_area_54tress_b4"
L 08/09/2021 - 13:07:20: -------- Mapchange to vsh_area_54tress_b4 --------
L 08/09/2021 - 13:07:26: [mapchooser_extended.smx] Loaded map list for tf.
L 08/09/2021 - 13:20:33: [basecommands.smx] "mochi<53><[U:1:916634286]><>" kicked "Bot01<54><BOT><>" (reason "")
L 08/09/2021 - 13:27:41: [mapchooser_extended.smx] Voting for next map has started.
L 08/09/2021 - 13:28:28: [basechat.smx] "Console<0><Console><Console>" triggered sm_say (text The round time has ended, omaewa-mou shindeiru)
L 08/09/2021 - 13:28:28: [playercommands.smx] "Console<0><Console><Console>" slayed "test<55><BOT><>"
L 08/09/2021 - 13:28:28: [playercommands.smx] "Console<0><Console><Console>" slayed "also_test<56><BOT><>"
L 08/09/2021 - 13:36:46: [basechat.smx] "Console<0><Console><Console>" triggered sm_say (text The round time has ended, omaewa-mou shindeiru)
L 08/09/2021 - 13:36:46: [playercommands.smx] "Console<0><Console><Console>" slayed "test<55><BOT><>"
L 08/09/2021 - 13:36:46: [playercommands.smx] "Console<0><Console><Console>" slayed "also_test<56><BOT><>"
L 08/09/2021 - 13:45:04: [basechat.smx] "Console<0><Console><Console>" triggered sm_say (text The round time has ended, omaewa-mou shindeiru)
L 08/09/2021 - 13:45:04: [playercommands.smx] "Console<0><Console><Console>" slayed "test<55><BOT><>"
L 08/09/2021 - 13:45:04: [playercommands.smx] "Console<0><Console><Console>" slayed "also_test<56><BOT><>"
L 08/09/2021 - 13:45:23: [SM] Changed map to "vsh_egyptyspot_reworked_b2b"
L 08/09/2021 - 13:45:25: -------- Mapchange to vsh_egyptyspot_reworked_b2b --------
L 08/09/2021 - 13:45:31: [mapchooser_extended.smx] Loaded map list for tf.
L 08/09/2021 - 14:05:46: [mapchooser_extended.smx] Voting for next map has started.
L 08/09/2021 - 14:33:56: [basecommands.smx] "mochi<53><[U:1:916634286]><>" changed map to "vsh_nebula_rc1"
L 08/09/2021 - 14:33:59: [SM] Changed map to "vsh_nebula_rc1"
L 08/09/2021 - 14:34:01: -------- Mapchange to vsh_nebula_rc1 --------
L 08/09/2021 - 14:34:07: [mapchooser_extended.smx] Loaded map list for tf.
L 08/09/2021 - 14:42:14: [respawn.smx] "mochi<53><[U:1:916634286]><>" respawned "mochi<53><[U:1:916634286]><>"
L 08/09/2021 - 14:48:21: [basechat.smx] "Console<0><Console><Console>" triggered sm_say (text The round time has ended, omaewa-mou shindeiru)
L 08/09/2021 - 14:48:21: [playercommands.smx] "Console<0><Console><Console>" slayed "test<58><BOT><>"
L 08/09/2021 - 14:48:21: [playercommands.smx] "Console<0><Console><Console>" slayed "also_test<59><BOT><>"
L 08/09/2021 - 14:50:50: [basecommands.smx] "mochi<53><[U:1:916634286]><>" changed map to "vsh_castle_siege_unreal_sg1"
L 08/09/2021 - 14:50:53: [SM] Changed map to "vsh_castle_siege_unreal_sg1"
L 08/09/2021 - 14:50:54: -------- Mapchange to vsh_castle_siege_unreal_sg1 --------
L 08/09/2021 - 14:51:01: [mapchooser_extended.smx] Loaded map list for tf.
L 08/09/2021 - 14:52:49: [basecommands.smx] "mochi<53><[U:1:916634286]><>" changed map to "vsh_castle_siege_unreal_sg1"
L 08/09/2021 - 14:52:52: [SM] Changed map to "vsh_castle_siege_unreal_sg1"
L 08/09/2021 - 14:52:54: -------- Mapchange to vsh_castle_siege_unreal_sg1 --------
L 08/09/2021 - 14:53:00: [mapchooser_extended.smx] Loaded map list for tf.
L 08/09/2021 - 14:53:36: [basecommands.smx] "mochi<53><[U:1:916634286]><>" changed map to "vsh_castle_siege_unreal_sg1"
L 08/09/2021 - 14:53:39: [SM] Changed map to "vsh_castle_siege_unreal_sg1"
L 08/09/2021 - 14:53:40: -------- Mapchange to vsh_castle_siege_unreal_sg1 --------
L 08/09/2021 - 14:53:46: [mapchooser_extended.smx] Loaded map list for tf.
L 08/09/2021 - 14:58:16: [respawn.smx] "mochi<53><[U:1:916634286]><>" respawned "test<60><BOT><>"
L 08/09/2021 - 14:59:43: [basecommands.smx] "mochi<53><[U:1:916634286]><>" changed map to "vsh_roadfromnowhere_v2"
L 08/09/2021 - 14:59:46: [SM] Changed map to "vsh_roadfromnowhere_v2"
L 08/09/2021 - 14:59:48: -------- Mapchange to vsh_roadfromnowhere_v2 --------
L 08/09/2021 - 14:59:54: [mapchooser_extended.smx] Loaded map list for tf.
L 08/09/2021 - 15:14:19: [basecommands.smx] "mochi<53><[U:1:916634286]><>" changed map to "vsh_jungle_beach_v3"
L 08/09/2021 - 15:14:22: [SM] Changed map to "vsh_jungle_beach_v3"
L 08/09/2021 - 15:14:27: -------- Mapchange to vsh_jungle_beach_v3 --------
L 08/09/2021 - 15:14:34: [mapchooser_extended.smx] Loaded map list for tf.
L 08/09/2021 - 15:17:14: [playercommands.smx] "mochi<53><[U:1:916634286]><>" slayed "test<64><BOT><>"
L 08/09/2021 - 15:18:57: [basecommands.smx] "mochi<53><[U:1:916634286]><>" changed map to "vsh_tranquil_b5"
L 08/09/2021 - 15:19:00: [SM] Changed map to "vsh_tranquil_b5"
L 08/09/2021 - 15:19:03: -------- Mapchange to vsh_tranquil_b5 --------
L 08/09/2021 - 15:19:09: [mapchooser_extended.smx] Loaded map list for tf.
L 08/09/2021 - 15:21:16: [playercommands.smx] "mochi<53><[U:1:916634286]><>" slayed "test<66><BOT><>"
L 08/09/2021 - 15:21:17: [playercommands.smx] "mochi<53><[U:1:916634286]><>" slayed "also_test<67><BOT><>"
L 08/09/2021 - 15:22:12: [freak_fortress_2.smx] "mochi<53><[U:1:916634286]><>" activated infinite RAGE on themselves
L 08/09/2021 - 15:22:53: [basecommands.smx] "mochi<53><[U:1:916634286]><>" changed map to "vsh_castle_siege_unreal_sg1"
L 08/09/2021 - 15:22:56: [SM] Changed map to "vsh_castle_siege_unreal_sg1"
L 08/09/2021 - 15:22:58: -------- Mapchange to vsh_castle_siege_unreal_sg1 --------
L 08/09/2021 - 15:23:04: [mapchooser_extended.smx] Loaded map list for tf.
L 08/09/2021 - 15:25:33: [playercommands.smx] "mochi<53><[U:1:916634286]><>" slayed "test<68><BOT><>"
L 08/09/2021 - 15:25:34: [playercommands.smx] "mochi<53><[U:1:916634286]><>" slayed "also_test<69><BOT><>"
L 08/09/2021 - 15:26:18: [playercommands.smx] "mochi<53><[U:1:916634286]><>" slayed "test<68><BOT><>"
L 08/09/2021 - 15:26:23: [playercommands.smx] "mochi<53><[U:1:916634286]><>" slayed "test<68><BOT><>"
L 08/09/2021 - 15:26:24: [playercommands.smx] "mochi<53><[U:1:916634286]><>" slayed "test<68><BOT><>"
L 08/09/2021 - 15:26:49: [freak_fortress_2.smx] "mochi<53><[U:1:916634286]><>" activated infinite RAGE on themselves
L 08/09/2021 - 15:27:20: [respawn.smx] "mochi<53><[U:1:916634286]><>" respawned "test<68><BOT><>"
L 08/09/2021 - 15:32:36: [basecommands.smx] "mochi<53><[U:1:916634286]><>" changed map to "vsh_castle_siege_unreal_sg1"
L 08/09/2021 - 15:32:39: [SM] Changed map to "vsh_castle_siege_unreal_sg1"
L 08/09/2021 - 15:32:41: -------- Mapchange to vsh_castle_siege_unreal_sg1 --------
L 08/09/2021 - 15:32:47: [mapchooser_extended.smx] Loaded map list for tf.
L 08/09/2021 - 15:33:46: [playercommands.smx] "mochi<53><[U:1:916634286]><>" slayed "also_test<71><BOT><>"
L 08/09/2021 - 15:34:37: [playercommands.smx] "mochi<53><[U:1:916634286]><>" slayed "test<70><BOT><>"
L 08/09/2021 - 15:35:06: [freak_fortress_2.smx] "mochi<53><[U:1:916634286]><>" activated infinite RAGE on themselves
L 08/09/2021 - 15:37:41: [basecommands.smx] "mochi<53><[U:1:916634286]><>" changed map to "vsh_castle_siege_unreal_sg1"
L 08/09/2021 - 15:37:44: [SM] Changed map to "vsh_castle_siege_unreal_sg1"
L 08/09/2021 - 15:37:46: -------- Mapchange to vsh_castle_siege_unreal_sg1 --------
L 08/09/2021 - 15:37:52: [mapchooser_extended.smx] Loaded map list for tf.
L 08/09/2021 - 15:40:33: [playercommands.smx] "mochi<53><[U:1:916634286]><>" slayed "also_test<73><BOT><>"
L 08/09/2021 - 15:40:38: [respawn.smx] "mochi<53><[U:1:916634286]><>" respawned "also_test<73><BOT><>"
L 08/09/2021 - 15:40:50: [playercommands.smx] "mochi<53><[U:1:916634286]><>" slayed "also_test<73><BOT><>"
L 08/09/2021 - 15:40:50: [playercommands.smx] "mochi<53><[U:1:916634286]><>" slayed "mochi<53><[U:1:916634286]><>"
L 08/09/2021 - 15:40:51: [playercommands.smx] "mochi<53><[U:1:916634286]><>" slayed "test<72><BOT><>"
L 08/09/2021 - 15:41:16: [freak_fortress_2.smx] "mochi<53><[U:1:916634286]><>" activated infinite RAGE on themselves
L 08/09/2021 - 15:44:16: [basecommands.smx] "mochi<53><[U:1:916634286]><>" changed map to "vsh_castle_siege_unreal_sg1"
L 08/09/2021 - 15:44:19: [SM] Changed map to "vsh_castle_siege_unreal_sg1"
L 08/09/2021 - 15:44:21: -------- Mapchange to vsh_castle_siege_unreal_sg1 --------
L 08/09/2021 - 15:44:27: [mapchooser_extended.smx] Loaded map list for tf.
L 08/09/2021 - 15:45:16: [playercommands.smx] "mochi<53><[U:1:916634286]><>" slayed "also_test<75><BOT><>"
L 08/09/2021 - 15:45:37: [playercommands.smx] "mochi<53><[U:1:916634286]><>" slayed "test<74><BOT><>"
L 08/09/2021 - 15:45:56: [freak_fortress_2.smx] "mochi<53><[U:1:916634286]><>" activated infinite RAGE on themselves
L 08/09/2021 - 15:47:08: [basecommands.smx] "mochi<53><[U:1:916634286]><>" changed map to "vsh_castle_siege_unreal_sg1"
L 08/09/2021 - 15:47:11: [SM] Changed map to "vsh_castle_siege_unreal_sg1"
L 08/09/2021 - 15:47:13: -------- Mapchange to vsh_castle_siege_unreal_sg1 --------
L 08/09/2021 - 15:47:21: [mapchooser_extended.smx] Loaded map list for tf.
L 08/09/2021 - 15:48:49: [playercommands.smx] "mochi<53><[U:1:916634286]><>" slayed "also_test<77><BOT><>"
L 08/09/2021 - 15:49:10: [playercommands.smx] "mochi<53><[U:1:916634286]><>" slayed "test<76><BOT><>"
L 08/09/2021 - 16:01:32: [basechat.smx] "Console<0><Console><Console>" triggered sm_say (text The round time has ended, omaewa-mou shindeiru)
L 08/09/2021 - 16:01:32: [playercommands.smx] "Console<0><Console><Console>" slayed "mochi<53><[U:1:916634286]><>"
L 08/09/2021 - 16:01:32: [playercommands.smx] "Console<0><Console><Console>" slayed "test<76><BOT><>"
L 08/09/2021 - 16:01:32: [playercommands.smx] "Console<0><Console><Console>" slayed "also_test<77><BOT><>"
L 08/09/2021 - 16:04:34: [basecommands.smx] "mochi<53><[U:1:916634286]><>" changed map to "vsh_castle_siege_unreal_sg1"
L 08/09/2021 - 16:04:37: [SM] Changed map to "vsh_castle_siege_unreal_sg1"
L 08/09/2021 - 16:04:39: -------- Mapchange to vsh_castle_siege_unreal_sg1 --------
L 08/09/2021 - 16:04:45: [mapchooser_extended.smx] Loaded map list for tf.
L 08/09/2021 - 16:06:21: [playercommands.smx] "mochi<53><[U:1:916634286]><>" slayed "also_test<79><BOT><>"
L 08/09/2021 - 16:09:56: [basecommands.smx] "mochi<53><[U:1:916634286]><>" changed map to "vsh_castle_siege_unreal_sg1"
L 08/09/2021 - 16:09:59: [SM] Changed map to "vsh_castle_siege_unreal_sg1"
L 08/09/2021 - 16:10:01: -------- Mapchange to vsh_castle_siege_unreal_sg1 --------
L 08/09/2021 - 16:10:08: [mapchooser_extended.smx] Loaded map list for tf.
L 08/09/2021 - 16:11:33: [playercommands.smx] "mochi<53><[U:1:916634286]><>" slayed "test<80><BOT><>"
L 08/09/2021 - 16:16:08: [basecommands.smx] "mochi<53><[U:1:916634286]><>" changed map to "vsh_castle_siege_unreal_sg1"
L 08/09/2021 - 16:16:11: [SM] Changed map to "vsh_castle_siege_unreal_sg1"
L 08/09/2021 - 16:16:13: -------- Mapchange to vsh_castle_siege_unreal_sg1 --------
L 08/09/2021 - 16:16:20: [mapchooser_extended.smx] Loaded map list for tf.
L 08/09/2021 - 16:17:32: [playercommands.smx] "mochi<53><[U:1:916634286]><>" slayed "also_test<83><BOT><>"
L 08/09/2021 - 16:20:16: [basecommands.smx] "mochi<53><[U:1:916634286]><>" changed map to "vsh_castle_siege_unreal_sg1"
L 08/09/2021 - 16:20:19: [SM] Changed map to "vsh_castle_siege_unreal_sg1"
L 08/09/2021 - 16:20:21: -------- Mapchange to vsh_castle_siege_unreal_sg1 --------
L 08/09/2021 - 16:20:27: [mapchooser_extended.smx] Loaded map list for tf.
L 08/09/2021 - 16:23:10: [playercommands.smx] "mochi<53><[U:1:916634286]><>" slayed "test<84><BOT><>"
L 08/09/2021 - 16:31:28: [basechat.smx] "Console<0><Console><Console>" triggered sm_say (text The round time has ended, omaewa-mou shindeiru)
L 08/09/2021 - 16:31:28: [playercommands.smx] "Console<0><Console><Console>" slayed "mochi<53><[U:1:916634286]><>"
L 08/09/2021 - 16:31:28: [playercommands.smx] "Console<0><Console><Console>" slayed "test<84><BOT><>"
L 08/09/2021 - 16:31:28: [playercommands.smx] "Console<0><Console><Console>" slayed "also_test<85><BOT><>"
L 08/09/2021 - 16:39:46: [basechat.smx] "Console<0><Console><Console>" triggered sm_say (text The round time has ended, omaewa-mou shindeiru)
L 08/09/2021 - 16:39:46: [playercommands.smx] "Console<0><Console><Console>" slayed "mochi<53><[U:1:916634286]><>"
L 08/09/2021 - 16:39:46: [playercommands.smx] "Console<0><Console><Console>" slayed "test<84><BOT><>"
L 08/09/2021 - 16:39:46: [playercommands.smx] "Console<0><Console><Console>" slayed "also_test<85><BOT><>"
L 08/09/2021 - 16:40:42: [mapchooser_extended.smx] Voting for next map has started.
L 08/09/2021 - 16:40:51: [mapchooser_extended.smx] Voting for next map has finished. Nextmap: vsh_spotline_reworked.
L 08/09/2021 - 16:47:24: [basecommands.smx] "mochi<53><[U:1:916634286]><>" changed map to "vsh_castle_siege_unreal_sg1"
L 08/09/2021 - 16:47:27: [SM] Changed map to "vsh_castle_siege_unreal_sg1"
L 08/09/2021 - 16:47:30: -------- Mapchange to vsh_castle_siege_unreal_sg1 --------
L 08/09/2021 - 16:47:37: [mapchooser_extended.smx] Loaded map list for tf.
L 08/09/2021 - 16:49:28: [basecommands.smx] "mochi<53><[U:1:916634286]><>" changed map to "vsh_castle_siege_unreal_sg1"
L 08/09/2021 - 16:49:31: [SM] Changed map to "vsh_castle_siege_unreal_sg1"
L 08/09/2021 - 16:49:33: -------- Mapchange to vsh_castle_siege_unreal_sg1 --------
L 08/09/2021 - 16:49:39: [mapchooser_extended.smx] Loaded map list for tf.
L 08/09/2021 - 16:51:05: [respawn.smx] "mochi<53><[U:1:916634286]><>" respawned "mochi<53><[U:1:916634286]><>"
L 08/09/2021 - 16:51:35: [respawn.smx] "mochi<53><[U:1:916634286]><>" respawned "mochi<53><[U:1:916634286]><>"
L 08/09/2021 - 16:55:47: [playercommands.smx] "mochi<53><[U:1:916634286]><>" slayed "test<88><BOT><>"
L 08/09/2021 - 16:55:48: [playercommands.smx] "mochi<53><[U:1:916634286]><>" slayed "also_test<89><BOT><>"
L 08/09/2021 - 17:02:02: [basecommands.smx] "mochi<53><[U:1:916634286]><>" kicked "also_test<89><BOT><>" (reason "")
L 08/09/2021 - 17:02:02: [basecommands.smx] "mochi<53><[U:1:916634286]><>" kicked "test<88><BOT><>" (reason "")
L 08/09/2021 - 17:07:06: [respawn.smx] "mochi<53><[U:1:916634286]><>" respawned "Mysty-Kun<91><[U:1:85603876]><>"
L 08/09/2021 - 17:09:55: [mapchooser_extended.smx] Voting for next map has started.
L 08/09/2021 - 17:10:16: [mapchooser_extended.smx] Voting for next map has started.
L 08/09/2021 - 17:10:18: [mapchooser_extended.smx] Voting for next map has finished. Nextmap: vsh_egyptyspot_reworked_b2b.
L 08/09/2021 - 17:20:29: [SM] Changed map to "vsh_egyptyspot_reworked_b2b"
L 08/09/2021 - 17:20:32: -------- Mapchange to vsh_egyptyspot_reworked_b2b --------
L 08/09/2021 - 17:20:39: [mapchooser_extended.smx] Loaded map list for tf.
L 08/09/2021 - 17:40:56: [mapchooser_extended.smx] Voting for next map has started.
L 08/09/2021 - 17:41:33: [mapchooser_extended.smx] Voting for next map has started.
L 08/09/2021 - 17:42:04: [mapchooser_extended.smx] Voting for next map has finished. Nextmap: vsh_cairo_pyramid_v4.
L 08/09/2021 - 17:51:35: [SM] Changed map to "vsh_cairo_pyramid_v4"
L 08/09/2021 - 17:51:38: -------- Mapchange to vsh_cairo_pyramid_v4 --------
L 08/09/2021 - 17:51:46: [mapchooser_extended.smx] Loaded map list for tf.
L 08/09/2021 - 18:04:21: [nominations_extended.smx] Prince Anxiolf nominated vsh_minegay_reworked_v2
L 08/09/2021 - 18:12:01: [mapchooser_extended.smx] Voting for next map has started.
L 08/09/2021 - 18:12:10: [mapchooser_extended.smx] Voting for next map has finished. Nextmap: vsh_warebloom_r1a.
L 08/09/2021 - 18:24:25: [SM] Changed map to "vsh_warebloom_r1a"
L 08/09/2021 - 18:24:29: -------- Mapchange to vsh_warebloom_r1a --------
L 08/09/2021 - 18:24:36: [mapchooser_extended.smx] Loaded map list for tf.
L 08/09/2021 - 18:44:52: [mapchooser_extended.smx] Voting for next map has started.
L 08/09/2021 - 18:45:00: [mapchooser_extended.smx] Voting for next map has finished. Nextmap: vsh_dirtmound_b9.
L 08/09/2021 - 18:54:57: [SM] Changed map to "vsh_dirtmound_b9"
L 08/09/2021 - 18:55:01: -------- Mapchange to vsh_dirtmound_b9 --------
L 08/09/2021 - 18:55:10: [mapchooser_extended.smx] Loaded map list for tf.
L 08/09/2021 - 19:15:23: [nominations_extended.smx] Prince Anxiolf nominated vsh_minegay_reworked_v2
L 08/09/2021 - 19:15:26: [mapchooser_extended.smx] Voting for next map has started.
L 08/09/2021 - 19:15:38: [mapchooser_extended.smx] Voting for next map has finished. Nextmap: vsh_lobster_shore_rc1.
L 08/09/2021 - 19:25:55: [SM] Changed map to "vsh_lobster_shore_rc1"
L 08/09/2021 - 19:26:00: -------- Mapchange to vsh_lobster_shore_rc1 --------
L 08/09/2021 - 19:26:07: [mapchooser_extended.smx] Loaded map list for tf.
L 08/09/2021 - 19:46:23: [mapchooser_extended.smx] Voting for next map has started.
L 08/09/2021 - 19:46:36: [mapchooser_extended.smx] Voting for next map has finished. Nextmap: vsh_egyptyspot_reworked_b2b.
L 08/09/2021 - 19:56:40: [SM] Changed map to "vsh_egyptyspot_reworked_b2b"
L 08/09/2021 - 19:56:44: -------- Mapchange to vsh_egyptyspot_reworked_b2b --------
L 08/09/2021 - 19:56:52: [mapchooser_extended.smx] Loaded map list for tf.
L 08/09/2021 - 20:17:06: [mapchooser_extended.smx] Voting for next map has started.
L 08/10/2021 - 03:56:29: Log file closed.
