L 12/13/2020 - 00:03:10: SourceMod log file session started (file "/home/steamsrv/tf2/tf/addons/sourcemod/logs/L20201213.log") (Version "1.10.0.6490")
L 12/13/2020 - 00:03:10: [SM] Changed map to "vsh_abandoned_warehouse_final_v3"
L 12/13/2020 - 00:03:13: -------- Mapchange to vsh_abandoned_warehouse_final_v3 --------
L 12/13/2020 - 00:03:25: [mapchooser_extended.smx] Loaded map list for tf.
L 12/13/2020 - 00:09:15: [funcommandsX.smx] "Nezzie<9><[U:1:107910185]><>" teleported "Hailstorm<10><[U:1:181986054]><>"
L 12/13/2020 - 00:09:16: [funcommandsX.smx] "Nezzie<9><[U:1:107910185]><>" teleported "Hailstorm<10><[U:1:181986054]><>"
L 12/13/2020 - 00:09:16: [funcommandsX.smx] "Nezzie<9><[U:1:107910185]><>" teleported "Hailstorm<10><[U:1:181986054]><>"
L 12/13/2020 - 00:09:17: [funcommandsX.smx] "Nezzie<9><[U:1:107910185]><>" teleported "Hailstorm<10><[U:1:181986054]><>"
L 12/13/2020 - 00:09:31: [funcommands.smx] "FROSTY F1SH (ART COMMS. OPEN)<8><[U:1:445849108]><>" froze "Shifu<12><[U:1:236766437]><>"
L 12/13/2020 - 00:09:47: [funcommandsX.smx] "Hailstorm<10><[U:1:181986054]><>" teleported "Hailstorm<10><[U:1:181986054]><>"
L 12/13/2020 - 00:11:43: [funcommands.smx] "FROSTY F1SH (ART COMMS. OPEN)<8><[U:1:445849108]><>" set a beacon on "Shifu<12><[U:1:236766437]><>"
L 12/13/2020 - 00:23:48: [mapchooser_extended.smx] Voting for next map has started.
L 12/13/2020 - 00:24:08: [mapchooser_extended.smx] Voting for next map has finished. Nextmap: vsh_nebula_rc1.
L 12/13/2020 - 00:34:31: [SM] Changed map to "vsh_nebula_rc1"
L 12/13/2020 - 00:34:34: -------- Mapchange to vsh_nebula_rc1 --------
L 12/13/2020 - 00:34:45: [mapchooser_extended.smx] Loaded map list for tf.
L 12/13/2020 - 00:43:31: [respawn.smx] "Hailstorm<10><[U:1:181986054]><>" respawned "HacobLacob<11><[U:1:1036400442]><>"
L 12/13/2020 - 00:55:06: [mapchooser_extended.smx] Voting for next map has started.
L 12/13/2020 - 00:55:26: [mapchooser_extended.smx] Voting for next map has finished. Nextmap: vsh_castle_siege_unreal_sg1.
L 12/13/2020 - 01:07:10: [SM] Changed map to "vsh_castle_siege_unreal_sg1"
L 12/13/2020 - 01:07:13: -------- Mapchange to vsh_castle_siege_unreal_sg1 --------
L 12/13/2020 - 01:07:25: [mapchooser_extended.smx] Loaded map list for tf.
L 12/13/2020 - 01:10:28: [respawn.smx] "Nezzie<9><[U:1:107910185]><>" respawned "Draconic (Azel)<7><[U:1:101368949]><>"
L 12/13/2020 - 01:17:11: [respawn.smx] "Hailstorm<10><[U:1:181986054]><>" respawned "Angel Dust<19><[U:1:452565774]><>"
L 12/13/2020 - 01:17:11: [respawn.smx] "Hailstorm<10><[U:1:181986054]><>" respawned "Draconic (Azel)<7><[U:1:101368949]><>"
L 12/13/2020 - 01:27:42: [mapchooser_extended.smx] Voting for next map has started.
L 12/13/2020 - 01:28:09: [mapchooser_extended.smx] Voting for next map has started.
L 12/13/2020 - 01:28:29: [mapchooser_extended.smx] Voting for next map has finished. Nextmap: vsh_intrusion_rc2.
L 12/13/2020 - 01:31:25: [funcommandsX.smx] Game detected as Team Fortress 2: Source (GAME_TF2)
L 12/13/2020 - 01:31:25: [simple-chatprocessor.smx] [SCP] Recognized mod [Team Fortress 2].
L 12/13/2020 - 01:31:25: [simple-chatprocessor.smx] [SCP] Loading translation file [scp.tf.phrases].
L 12/13/2020 - 01:31:26: [freak_fortress_2.smx] Freak Fortress 2 199001 Loading...
L 12/13/2020 - 01:31:26: [mapchooser_extended.smx] Loaded map list for tf.
L 12/13/2020 - 01:31:43: [mapchooser_extended.smx] Voting for next map has started.
L 12/13/2020 - 01:41:06: SourceMod log file session started (file "/home/steamsrv/tf2/tf/addons/sourcemod/logs/L20201213.log") (Version "1.10.0.6490")
L 12/13/2020 - 01:41:06: [TF2ITEMS] "GiveNamedItem" offset = 484
L 12/13/2020 - 01:41:07: [funcommandsX.smx] Game detected as Team Fortress 2: Source (GAME_TF2)
L 12/13/2020 - 01:41:07: [simple-chatprocessor.smx] [SCP] Recognized mod [Team Fortress 2].
L 12/13/2020 - 01:41:07: [simple-chatprocessor.smx] [SCP] Loading translation file [scp.tf.phrases].
L 12/13/2020 - 01:41:08: [freak_fortress_2.smx] Freak Fortress 2 199001 Loading...
L 12/13/2020 - 01:41:29: [mapchooser_extended.smx] Loaded map list for tf.
L 12/13/2020 - 01:45:56: [basecommands.smx] "Nezzie<3><[U:1:107910185]><>" kicked "test<4><BOT><>" (reason "")
L 12/13/2020 - 01:45:56: [basecommands.smx] "Nezzie<3><[U:1:107910185]><>" kicked "test1<5><BOT><>" (reason "")
L 12/13/2020 - 01:49:35: [basecommands.smx] "Nezzie<3><[U:1:107910185]><>" kicked "test<6><BOT><>" (reason "")
L 12/13/2020 - 01:49:36: [basecommands.smx] "Nezzie<3><[U:1:107910185]><>" kicked "test1<7><BOT><>" (reason "")
L 12/13/2020 - 01:49:40: [funcommandsX.smx] Game detected as Team Fortress 2: Source (GAME_TF2)
L 12/13/2020 - 01:49:40: [simple-chatprocessor.smx] [SCP] Recognized mod [Team Fortress 2].
L 12/13/2020 - 01:49:40: [simple-chatprocessor.smx] [SCP] Loading translation file [scp.tf.phrases].
L 12/13/2020 - 01:49:40: [freak_fortress_2.smx] Freak Fortress 2 199001 Loading...
L 12/13/2020 - 01:49:41: [mapchooser_extended.smx] Loaded map list for tf.
L 12/13/2020 - 01:50:32: [funcommandsX.smx] Game detected as Team Fortress 2: Source (GAME_TF2)
L 12/13/2020 - 01:50:32: [simple-chatprocessor.smx] [SCP] Recognized mod [Team Fortress 2].
L 12/13/2020 - 01:50:32: [simple-chatprocessor.smx] [SCP] Loading translation file [scp.tf.phrases].
L 12/13/2020 - 01:50:32: [freak_fortress_2.smx] Freak Fortress 2 199001 Loading...
L 12/13/2020 - 01:50:33: [mapchooser_extended.smx] Loaded map list for tf.
L 12/13/2020 - 01:50:40: [funcommandsX.smx] Game detected as Team Fortress 2: Source (GAME_TF2)
L 12/13/2020 - 01:50:40: [simple-chatprocessor.smx] [SCP] Recognized mod [Team Fortress 2].
L 12/13/2020 - 01:50:40: [simple-chatprocessor.smx] [SCP] Loading translation file [scp.tf.phrases].
L 12/13/2020 - 01:50:40: [freak_fortress_2.smx] Freak Fortress 2 199001 Loading...
L 12/13/2020 - 01:50:41: [mapchooser_extended.smx] Loaded map list for tf.
L 12/13/2020 - 01:52:52: [respawn.smx] "Nezzie<3><[U:1:107910185]><>" respawned "Draconic (Azel)<2><[U:1:101368949]><>"
L 12/13/2020 - 01:52:53: [respawn.smx] "Nezzie<3><[U:1:107910185]><>" respawned "test1<9><BOT><>"
L 12/13/2020 - 01:53:21: [basecommands.smx] "Nezzie<3><[U:1:107910185]><>" kicked "test<8><BOT><>" (reason "")
L 12/13/2020 - 01:53:22: [basecommands.smx] "Nezzie<3><[U:1:107910185]><>" kicked "test1<9><BOT><>" (reason "")
L 12/13/2020 - 01:53:55: [respawn.smx] "Nezzie<3><[U:1:107910185]><>" respawned "test<10><BOT><>"
L 12/13/2020 - 01:53:55: [respawn.smx] "Nezzie<3><[U:1:107910185]><>" respawned "test1<11><BOT><>"
L 12/13/2020 - 02:01:58: [mapchooser_extended.smx] Voting for next map has started.
L 12/13/2020 - 02:02:10: [mapchooser_extended.smx] Voting for next map has finished. Nextmap: vsh_dunger_b2a.
L 12/13/2020 - 02:06:31: [basechat.smx] "Console<0><Console><Console>" triggered sm_say (text The round time has ended, omaewa-mou shindeiru)
L 12/13/2020 - 02:06:31: [playercommands.smx] "Console<0><Console><Console>" slayed "Draconic (Azel)<2><[U:1:101368949]><>"
L 12/13/2020 - 02:06:31: [playercommands.smx] "Console<0><Console><Console>" slayed "Nezzie<3><[U:1:107910185]><>"
L 12/13/2020 - 02:06:31: [playercommands.smx] "Console<0><Console><Console>" slayed "test<10><BOT><>"
L 12/13/2020 - 02:06:31: [playercommands.smx] "Console<0><Console><Console>" slayed "test1<11><BOT><>"
L 12/13/2020 - 02:06:32: [playercommands.smx] "Console<0><Console><Console>" slayed "FROSTY F1SH (ART COMMS. OPEN)<12><[U:1:445849108]><>"
L 12/13/2020 - 02:17:33: [basechat.smx] "Console<0><Console><Console>" triggered sm_say (text The round time has ended, omaewa-mou shindeiru)
L 12/13/2020 - 02:17:33: [playercommands.smx] "Console<0><Console><Console>" slayed "Draconic (Azel)<2><[U:1:101368949]><>"
L 12/13/2020 - 02:17:33: [playercommands.smx] "Console<0><Console><Console>" slayed "test<10><BOT><>"
L 12/13/2020 - 02:17:33: [playercommands.smx] "Console<0><Console><Console>" slayed "test1<11><BOT><>"
L 12/13/2020 - 02:17:51: [SM] Changed map to "vsh_dunger_b2a"
L 12/13/2020 - 02:17:55: -------- Mapchange to vsh_dunger_b2a --------
L 12/13/2020 - 02:18:10: [mapchooser_extended.smx] Loaded map list for tf.
L 12/13/2020 - 02:38:24: [mapchooser_extended.smx] Voting for next map has started.
L 12/13/2020 - 04:54:59: [basecommands.smx] "Nezzie<14><[U:1:107910185]><>" changed map to "vsh_area_54tress_b4"
L 12/13/2020 - 04:55:02: [SM] Changed map to "vsh_area_54tress_b4"
L 12/13/2020 - 04:55:05: -------- Mapchange to vsh_area_54tress_b4 --------
L 12/13/2020 - 04:55:16: [mapchooser_extended.smx] Loaded map list for tf.
L 12/13/2020 - 04:57:32: [basecommands.smx] "Nezzie<14><[U:1:107910185]><>" kicked "test<17><BOT><>" (reason "")
L 12/13/2020 - 04:57:51: [playercommands.smx] "Nezzie<14><[U:1:107910185]><>" slayed "test1<18><BOT><>"
L 12/13/2020 - 04:58:09: [playercommands.smx] "Nezzie<14><[U:1:107910185]><>" slayed "(1)test1<20><BOT><>"
L 12/13/2020 - 04:58:47: [playercommands.smx] "Nezzie<14><[U:1:107910185]><>" slapped "Nezzie<14><[U:1:107910185]><>" (damage "99")
L 12/13/2020 - 04:58:47: [playercommands.smx] "Nezzie<14><[U:1:107910185]><>" slapped "Nezzie<14><[U:1:107910185]><>" (damage "99")
L 12/13/2020 - 04:58:48: [playercommands.smx] "Nezzie<14><[U:1:107910185]><>" slapped "Nezzie<14><[U:1:107910185]><>" (damage "99")
L 12/13/2020 - 04:58:48: [playercommands.smx] "Nezzie<14><[U:1:107910185]><>" slapped "Nezzie<14><[U:1:107910185]><>" (damage "99")
L 12/13/2020 - 04:58:48: [playercommands.smx] "Nezzie<14><[U:1:107910185]><>" slapped "Nezzie<14><[U:1:107910185]><>" (damage "99")
L 12/13/2020 - 04:58:48: [playercommands.smx] "Nezzie<14><[U:1:107910185]><>" slapped "Nezzie<14><[U:1:107910185]><>" (damage "99")
L 12/13/2020 - 04:58:49: [playercommands.smx] "Nezzie<14><[U:1:107910185]><>" slapped "Nezzie<14><[U:1:107910185]><>" (damage "99")
L 12/13/2020 - 04:58:49: [playercommands.smx] "Nezzie<14><[U:1:107910185]><>" slapped "Nezzie<14><[U:1:107910185]><>" (damage "99")
L 12/13/2020 - 04:58:49: [playercommands.smx] "Nezzie<14><[U:1:107910185]><>" slapped "Nezzie<14><[U:1:107910185]><>" (damage "99")
L 12/13/2020 - 04:58:49: [playercommands.smx] "Nezzie<14><[U:1:107910185]><>" slapped "Nezzie<14><[U:1:107910185]><>" (damage "99")
L 12/13/2020 - 04:58:49: [playercommands.smx] "Nezzie<14><[U:1:107910185]><>" slapped "Nezzie<14><[U:1:107910185]><>" (damage "99")
L 12/13/2020 - 04:58:49: [playercommands.smx] "Nezzie<14><[U:1:107910185]><>" slapped "Nezzie<14><[U:1:107910185]><>" (damage "99")
L 12/13/2020 - 04:58:50: [playercommands.smx] "Nezzie<14><[U:1:107910185]><>" slapped "Nezzie<14><[U:1:107910185]><>" (damage "99")
L 12/13/2020 - 04:58:50: [playercommands.smx] "Nezzie<14><[U:1:107910185]><>" slapped "Nezzie<14><[U:1:107910185]><>" (damage "99")
L 12/13/2020 - 04:58:50: [playercommands.smx] "Nezzie<14><[U:1:107910185]><>" slapped "Nezzie<14><[U:1:107910185]><>" (damage "99")
L 12/13/2020 - 05:01:24: [funcommandsX.smx] Game detected as Team Fortress 2: Source (GAME_TF2)
L 12/13/2020 - 05:01:24: [simple-chatprocessor.smx] [SCP] Recognized mod [Team Fortress 2].
L 12/13/2020 - 05:01:24: [simple-chatprocessor.smx] [SCP] Loading translation file [scp.tf.phrases].
L 12/13/2020 - 05:01:25: [freak_fortress_2.smx] Freak Fortress 2 199001 Loading...
L 12/13/2020 - 05:01:25: [mapchooser_extended.smx] Loaded map list for tf.
L 12/13/2020 - 05:01:41: [basecommands.smx] "Nezzie<14><[U:1:107910185]><>" kicked "test<19><BOT><>" (reason "")
L 12/13/2020 - 05:01:41: [basecommands.smx] "Nezzie<14><[U:1:107910185]><>" kicked "test1<18><BOT><>" (reason "")
L 12/13/2020 - 05:01:42: [basecommands.smx] "Nezzie<14><[U:1:107910185]><>" kicked "(1)test1<20><BOT><>" (reason "")
L 12/13/2020 - 05:03:16: [funcommandsX.smx] Game detected as Team Fortress 2: Source (GAME_TF2)
L 12/13/2020 - 05:03:16: [simple-chatprocessor.smx] [SCP] Recognized mod [Team Fortress 2].
L 12/13/2020 - 05:03:16: [simple-chatprocessor.smx] [SCP] Loading translation file [scp.tf.phrases].
L 12/13/2020 - 05:03:17: [freak_fortress_2.smx] Freak Fortress 2 199001 Loading...
L 12/13/2020 - 05:03:17: [mapchooser_extended.smx] Loaded map list for tf.
L 12/13/2020 - 05:03:35: [playercommands.smx] "Nezzie<14><[U:1:107910185]><>" slayed "Screamin' Eagles<21><BOT><>"
L 12/13/2020 - 05:05:42: [funcommandsX.smx] Game detected as Team Fortress 2: Source (GAME_TF2)
L 12/13/2020 - 05:05:42: [simple-chatprocessor.smx] [SCP] Recognized mod [Team Fortress 2].
L 12/13/2020 - 05:05:42: [simple-chatprocessor.smx] [SCP] Loading translation file [scp.tf.phrases].
L 12/13/2020 - 05:05:42: [freak_fortress_2.smx] Freak Fortress 2 199001 Loading...
L 12/13/2020 - 05:05:42: [mapchooser_extended.smx] Loaded map list for tf.
L 12/13/2020 - 05:05:58: [playercommands.smx] "Nezzie<14><[U:1:107910185]><>" slayed "Screamin' Eagles<21><BOT><>"
L 12/13/2020 - 05:06:02: [playercommands.smx] "Nezzie<14><[U:1:107910185]><>" slayed "Screamin' Eagles<21><BOT><>"
L 12/13/2020 - 05:06:03: [playercommands.smx] "Nezzie<14><[U:1:107910185]><>" slayed "Screamin' Eagles<21><BOT><>"
L 12/13/2020 - 05:06:03: [playercommands.smx] "Nezzie<14><[U:1:107910185]><>" slayed "Screamin' Eagles<21><BOT><>"
L 12/13/2020 - 05:08:01: [funcommandsX.smx] Game detected as Team Fortress 2: Source (GAME_TF2)
L 12/13/2020 - 05:08:01: [simple-chatprocessor.smx] [SCP] Recognized mod [Team Fortress 2].
L 12/13/2020 - 05:08:01: [simple-chatprocessor.smx] [SCP] Loading translation file [scp.tf.phrases].
L 12/13/2020 - 05:08:01: [freak_fortress_2.smx] Freak Fortress 2 199001 Loading...
L 12/13/2020 - 05:08:02: [mapchooser_extended.smx] Loaded map list for tf.
L 12/13/2020 - 05:08:20: [playercommands.smx] "Nezzie<14><[U:1:107910185]><>" slayed "Screamin' Eagles<21><BOT><>"
L 12/13/2020 - 05:09:02: [funcommandsX.smx] Game detected as Team Fortress 2: Source (GAME_TF2)
L 12/13/2020 - 05:09:02: [simple-chatprocessor.smx] [SCP] Recognized mod [Team Fortress 2].
L 12/13/2020 - 05:09:02: [simple-chatprocessor.smx] [SCP] Loading translation file [scp.tf.phrases].
L 12/13/2020 - 05:09:02: [freak_fortress_2.smx] Freak Fortress 2 199001 Loading...
L 12/13/2020 - 05:09:02: [mapchooser_extended.smx] Loaded map list for tf.
L 12/13/2020 - 05:09:17: [basecommands.smx] "Nezzie<14><[U:1:107910185]><>" kicked "Screamin' Eagles<21><BOT><>" (reason "")
L 12/13/2020 - 05:09:18: [basecommands.smx] "Nezzie<14><[U:1:107910185]><>" kicked "test<22><BOT><>" (reason "")
L 12/13/2020 - 05:09:19: [basecommands.smx] "Nezzie<14><[U:1:107910185]><>" kicked "Maggot<24><BOT><>" (reason "")
L 12/13/2020 - 05:09:20: [basecommands.smx] "Nezzie<14><[U:1:107910185]><>" kicked "test1<23><BOT><>" (reason "")
L 12/13/2020 - 05:09:20: [basecommands.smx] "Nezzie<14><[U:1:107910185]><>" kicked "Herr Doktor<25><BOT><>" (reason "")
L 12/13/2020 - 05:15:41: [mapchooser_extended.smx] Voting for next map has started.
L 12/13/2020 - 05:15:44: [mapchooser_extended.smx] Voting for next map has finished. Nextmap: vsh_castle_siege_unreal_sg1.
L 12/13/2020 - 05:18:04: [basechat.smx] "Console<0><Console><Console>" triggered sm_say (text The round time has ended, omaewa-mou shindeiru)
L 12/13/2020 - 05:18:04: [playercommands.smx] "Console<0><Console><Console>" slayed "Companion Cube<26><BOT><>"
L 12/13/2020 - 05:18:04: [playercommands.smx] "Console<0><Console><Console>" slayed "test<27><BOT><>"
L 12/13/2020 - 05:18:04: [playercommands.smx] "Console<0><Console><Console>" slayed "test1<28><BOT><>"
L 12/13/2020 - 10:05:25: [SM] Changed map to "vsh_castle_siege_unreal_sg1"
L 12/13/2020 - 10:05:27: -------- Mapchange to vsh_castle_siege_unreal_sg1 --------
L 12/13/2020 - 10:05:38: [mapchooser_extended.smx] Loaded map list for tf.
L 12/13/2020 - 10:25:52: [mapchooser_extended.smx] Voting for next map has started.
L 12/13/2020 - 21:26:51: [basecommands.smx] "Nezzie<31><[U:1:107910185]><>" changed map to "vsh_cairo_pyramid_v4"
L 12/13/2020 - 21:26:54: [SM] Changed map to "vsh_cairo_pyramid_v4"
L 12/13/2020 - 21:26:57: -------- Mapchange to vsh_cairo_pyramid_v4 --------
L 12/13/2020 - 21:27:08: [mapchooser_extended.smx] Loaded map list for tf.
L 12/13/2020 - 21:30:04: [funcommandsX.smx] Game detected as Team Fortress 2: Source (GAME_TF2)
L 12/13/2020 - 21:30:04: [simple-chatprocessor.smx] [SCP] Recognized mod [Team Fortress 2].
L 12/13/2020 - 21:30:04: [simple-chatprocessor.smx] [SCP] Loading translation file [scp.tf.phrases].
L 12/13/2020 - 21:30:05: [freak_fortress_2.smx] Freak Fortress 2 199001 Loading...
L 12/13/2020 - 21:30:05: [mapchooser_extended.smx] Loaded map list for tf.
L 12/13/2020 - 21:30:52: [funcommandsX.smx] "Nezzie<31><[U:1:107910185]><>" teleported "test1<34><BOT><>"
L 12/13/2020 - 21:32:07: [funcommandsX.smx] Game detected as Team Fortress 2: Source (GAME_TF2)
L 12/13/2020 - 21:32:07: [simple-chatprocessor.smx] [SCP] Recognized mod [Team Fortress 2].
L 12/13/2020 - 21:32:07: [simple-chatprocessor.smx] [SCP] Loading translation file [scp.tf.phrases].
L 12/13/2020 - 21:32:07: [freak_fortress_2.smx] Freak Fortress 2 199001 Loading...
L 12/13/2020 - 21:32:07: [mapchooser_extended.smx] Loaded map list for tf.
L 12/13/2020 - 21:32:42: [funcommandsX.smx] "Nezzie<31><[U:1:107910185]><>" teleported "test<33><BOT><>"
L 12/13/2020 - 21:32:45: [funcommandsX.smx] "Nezzie<31><[U:1:107910185]><>" teleported "test1<34><BOT><>"
L 12/13/2020 - 21:47:28: [mapchooser_extended.smx] Voting for next map has started.
L 12/13/2020 - 21:55:49: [funcommandsX.smx] "Nezzie<35><[U:1:107910185]><>" teleported "test1<37><BOT><>"
L 12/13/2020 - 21:58:17: [basecommands.smx] "Nezzie<35><[U:1:107910185]><>" changed map to "vsh_drejun_v3"
L 12/13/2020 - 21:58:20: [SM] Changed map to "vsh_drejun_v3"
L 12/13/2020 - 21:58:23: -------- Mapchange to vsh_drejun_v3 --------
L 12/13/2020 - 21:58:35: [mapchooser_extended.smx] Loaded map list for tf.
L 12/13/2020 - 22:03:34: [respawn.smx] "Nezzie<35><[U:1:107910185]><>" respawned "test<39><BOT><>"
L 12/13/2020 - 22:03:34: [respawn.smx] "Nezzie<35><[U:1:107910185]><>" respawned "test1<40><BOT><>"
L 12/13/2020 - 22:03:40: [respawn.smx] "Nezzie<35><[U:1:107910185]><>" respawned "Nezzie<35><[U:1:107910185]><>"
L 12/13/2020 - 22:05:37: [respawn.smx] "Nezzie<35><[U:1:107910185]><>" respawned "Nezzie<35><[U:1:107910185]><>"
L 12/13/2020 - 22:08:19: [respawn.smx] "Draconic (Azel)<38><[U:1:101368949]><>" respawned "Draconic (Azel)<38><[U:1:101368949]><>"
L 12/13/2020 - 22:09:13: [respawn.smx] "Nezzie<35><[U:1:107910185]><>" respawned "Nezzie<35><[U:1:107910185]><>"
L 12/13/2020 - 22:09:32: [funcommandsX.smx] Game detected as Team Fortress 2: Source (GAME_TF2)
L 12/13/2020 - 22:09:32: [simple-chatprocessor.smx] [SCP] Recognized mod [Team Fortress 2].
L 12/13/2020 - 22:09:32: [simple-chatprocessor.smx] [SCP] Loading translation file [scp.tf.phrases].
L 12/13/2020 - 22:09:33: [freak_fortress_2.smx] Freak Fortress 2 199001 Loading...
L 12/13/2020 - 22:09:34: [mapchooser_extended.smx] Loaded map list for tf.
L 12/13/2020 - 22:10:16: [funcommandsX.smx] Game detected as Team Fortress 2: Source (GAME_TF2)
L 12/13/2020 - 22:10:16: [simple-chatprocessor.smx] [SCP] Recognized mod [Team Fortress 2].
L 12/13/2020 - 22:10:16: [simple-chatprocessor.smx] [SCP] Loading translation file [scp.tf.phrases].
L 12/13/2020 - 22:10:16: [freak_fortress_2.smx] Freak Fortress 2 199001 Loading...
L 12/13/2020 - 22:10:17: [mapchooser_extended.smx] Loaded map list for tf.
L 12/13/2020 - 22:10:48: [funcommandsX.smx] Game detected as Team Fortress 2: Source (GAME_TF2)
L 12/13/2020 - 22:10:48: [simple-chatprocessor.smx] [SCP] Recognized mod [Team Fortress 2].
L 12/13/2020 - 22:10:48: [simple-chatprocessor.smx] [SCP] Loading translation file [scp.tf.phrases].
L 12/13/2020 - 22:10:49: [freak_fortress_2.smx] Freak Fortress 2 199001 Loading...
L 12/13/2020 - 22:10:50: [mapchooser_extended.smx] Loaded map list for tf.
L 12/13/2020 - 22:13:03: [respawn.smx] "Nezzie<35><[U:1:107910185]><>" respawned "Young ℤ<41><[U:1:999836696]><>"
L 12/13/2020 - 22:14:10: [respawn.smx] "Draconic (Azel)<38><[U:1:101368949]><>" respawned "Draconic (Azel)<38><[U:1:101368949]><>"
L 12/13/2020 - 22:15:00: [respawn.smx] "Draconic (Azel)<38><[U:1:101368949]><>" respawned "Draconic (Azel)<38><[U:1:101368949]><>"
L 12/13/2020 - 22:15:03: [respawn.smx] "Nezzie<35><[U:1:107910185]><>" respawned "Nezzie<35><[U:1:107910185]><>"
L 12/13/2020 - 22:16:10: [respawn.smx] "Draconic (Azel)<38><[U:1:101368949]><>" respawned "Draconic (Azel)<38><[U:1:101368949]><>"
L 12/13/2020 - 22:16:27: [respawn.smx] "Draconic (Azel)<38><[U:1:101368949]><>" respawned "Draconic (Azel)<38><[U:1:101368949]><>"
L 12/13/2020 - 22:19:01: [mapchooser_extended.smx] Voting for next map has started.
L 12/13/2020 - 22:19:07: [mapchooser_extended.smx] Voting for next map has finished. Nextmap: vsh_skyhigh_resort_b8_sg4.
L 12/13/2020 - 22:19:43: [respawn.smx] "Draconic (Azel)<38><[U:1:101368949]><>" respawned "Draconic (Azel)<38><[U:1:101368949]><>"
L 12/13/2020 - 22:26:24: [respawn.smx] "Nezzie<35><[U:1:107910185]><>" respawned "Nezzie<35><[U:1:107910185]><>"
L 12/13/2020 - 22:27:10: [respawn.smx] "Hailstorm<42><[U:1:181986054]><>" respawned "Hailstorm<42><[U:1:181986054]><>"
L 12/13/2020 - 22:27:16: [respawn.smx] "Nezzie<35><[U:1:107910185]><>" respawned "Nezzie<35><[U:1:107910185]><>"
L 12/13/2020 - 22:27:26: [respawn.smx] "Nezzie<35><[U:1:107910185]><>" respawned "Nezzie<35><[U:1:107910185]><>"
L 12/13/2020 - 22:27:32: [respawn.smx] "Draconic (Azel)<38><[U:1:101368949]><>" respawned "Draconic (Azel)<38><[U:1:101368949]><>"
L 12/13/2020 - 22:28:55: [respawn.smx] "Draconic (Azel)<38><[U:1:101368949]><>" respawned "Draconic (Azel)<38><[U:1:101368949]><>"
L 12/13/2020 - 22:31:03: [SM] Changed map to "vsh_skyhigh_resort_b8_sg4"
L 12/13/2020 - 22:31:05: -------- Mapchange to vsh_skyhigh_resort_b8_sg4 --------
L 12/13/2020 - 22:31:17: [mapchooser_extended.smx] Loaded map list for tf.
L 12/13/2020 - 22:36:18: [respawn.smx] "Hailstorm<42><[U:1:181986054]><>" respawned "Young ℤ<41><[U:1:999836696]><>"
L 12/13/2020 - 22:36:46: [respawn.smx] "Hailstorm<42><[U:1:181986054]><>" respawned "Young ℤ<41><[U:1:999836696]><>"
L 12/13/2020 - 22:51:33: [mapchooser_extended.smx] Voting for next map has started.
L 12/14/2020 - 00:20:29: Log file closed.
