L 12/30/2020 - 00:02:33: SourceMod log file session started (file "/home/steamsrv/tf2/tf/addons/sourcemod/logs/L20201230.log") (Version "1.10.0.6490")
L 12/30/2020 - 00:02:33: [playercommands.smx] "Nezzie<5><[U:1:107910185]><>" slayed "M1STY F1SH<3><[U:1:445849108]><>"
L 12/30/2020 - 00:02:52: [playercommands.smx] "Nezzie<5><[U:1:107910185]><>" slayed "yyuushhii<2><[U:1:892015212]><>"
L 12/30/2020 - 00:04:37: [funcommandsX.smx] Game detected as Team Fortress 2: Source (GAME_TF2)
L 12/30/2020 - 00:04:37: [simple-chatprocessor.smx] [SCP] Recognized mod [Team Fortress 2].
L 12/30/2020 - 00:04:37: [simple-chatprocessor.smx] [SCP] Loading translation file [scp.tf.phrases].
L 12/30/2020 - 00:04:38: [freak_fortress_2.smx] Freak Fortress 2 199001 Loading...
L 12/30/2020 - 00:04:38: [mapchooser_extended.smx] Loaded map list for tf.
L 12/30/2020 - 00:06:22: [funcommandsX.smx] Game detected as Team Fortress 2: Source (GAME_TF2)
L 12/30/2020 - 00:06:22: [simple-chatprocessor.smx] [SCP] Recognized mod [Team Fortress 2].
L 12/30/2020 - 00:06:22: [simple-chatprocessor.smx] [SCP] Loading translation file [scp.tf.phrases].
L 12/30/2020 - 00:06:22: [freak_fortress_2.smx] Freak Fortress 2 199001 Loading...
L 12/30/2020 - 00:06:22: [mapchooser_extended.smx] Loaded map list for tf.
L 12/30/2020 - 00:06:55: [respawn.smx] "M1STY F1SH<3><[U:1:445849108]><>" respawned "M1STY F1SH<3><[U:1:445849108]><>"
L 12/30/2020 - 00:12:29: [mapchooser_extended.smx] Voting for next map has started.
L 12/30/2020 - 00:12:41: [mapchooser_extended.smx] Voting for next map has finished. Nextmap: vsh_dunger_b2a.
L 12/30/2020 - 00:15:47: [basecommands.smx] "Nezzie<5><[U:1:107910185]><>" changed map to "vsh_dunger_b2a"
L 12/30/2020 - 00:15:50: [SM] Changed map to "vsh_dunger_b2a"
L 12/30/2020 - 00:15:52: -------- Mapchange to vsh_dunger_b2a --------
L 12/30/2020 - 00:16:02: [mapchooser_extended.smx] Loaded map list for tf.
L 12/30/2020 - 00:36:18: [mapchooser_extended.smx] Voting for next map has started.
L 12/30/2020 - 00:36:39: [mapchooser_extended.smx] Voting for next map has finished. Nextmap: vsh_dirtmound_b9.
L 12/30/2020 - 00:38:32: [basecommands.smx] "Nezzie<5><[U:1:107910185]><>" changed map to "vsh_dirtmound_b9"
L 12/30/2020 - 00:38:35: [SM] Changed map to "vsh_dirtmound_b9"
L 12/30/2020 - 00:38:37: -------- Mapchange to vsh_dirtmound_b9 --------
L 12/30/2020 - 00:38:47: [mapchooser_extended.smx] Loaded map list for tf.
L 12/30/2020 - 00:59:04: [mapchooser_extended.smx] Voting for next map has started.
L 12/30/2020 - 00:59:24: [mapchooser_extended.smx] Voting for next map has finished. Nextmap: vsh_egyptyspot_v2.
L 12/30/2020 - 01:09:04: [SM] Changed map to "vsh_egyptyspot_v2"
L 12/30/2020 - 01:09:06: -------- Mapchange to vsh_egyptyspot_v2 --------
L 12/30/2020 - 01:09:16: [mapchooser_extended.smx] Loaded map list for tf.
L 12/30/2020 - 01:12:09: [playercommands.smx] "Hailstorm<6><[U:1:181986054]><>" slapped "GUY<7><[U:1:92556425]><>" (damage "0")
L 12/30/2020 - 01:12:10: [playercommands.smx] "Hailstorm<6><[U:1:181986054]><>" slapped "GUY<7><[U:1:92556425]><>" (damage "0")
L 12/30/2020 - 01:12:20: [playercommands.smx] "Hailstorm<6><[U:1:181986054]><>" slayed "GUY<7><[U:1:92556425]><>"
L 12/30/2020 - 01:19:05: [playercommands.smx] "Hailstorm<6><[U:1:181986054]><>" slapped "GUY<7><[U:1:92556425]><>" (damage "0")
L 12/30/2020 - 01:22:01: [basecommands.smx] "Hailstorm<6><[U:1:181986054]><>" kicked "GUY<7><[U:1:92556425]><>" (reason "")
L 12/30/2020 - 01:26:46: [playercommands.smx] "Nezzie<5><[U:1:107910185]><>" slayed "PepsiLad2222<16><[U:1:276040288]><>"
L 12/30/2020 - 01:27:13: [basechat.smx] "Nezzie<5><[U:1:107910185]><>" triggered sm_msay (text Anyone I catch using the easter egg on this map is going to be slain.)
L 12/30/2020 - 01:29:33: [mapchooser_extended.smx] Voting for next map has started.
L 12/30/2020 - 01:29:54: [mapchooser_extended.smx] Voting for next map has finished. Nextmap: vsh_void_a1f.
L 12/30/2020 - 01:34:29: [playercommands.smx] "Nezzie<5><[U:1:107910185]><>" renamed "unspacy<21><[U:1:130638097]><>" (to "unspatula")
L 12/30/2020 - 01:34:45: [basecommands.smx] "Nezzie<5><[U:1:107910185]><>" changed map to "vsh_void_a1f"
L 12/30/2020 - 01:34:48: [SM] Changed map to "vsh_void_a1f"
L 12/30/2020 - 01:34:51: -------- Mapchange to vsh_void_a1f --------
L 12/30/2020 - 01:35:01: [mapchooser_extended.smx] Loaded map list for tf.
L 12/30/2020 - 01:36:07: [playercommands.smx] "Nezzie<5><[U:1:107910185]><>" renamed "unspacy<21><[U:1:130638097]><>" (to "dumb")
L 12/30/2020 - 01:36:28: [playercommands.smx] "Nezzie<5><[U:1:107910185]><>" renamed "dumb<21><[U:1:130638097]><>" (to "dumb tiger")
L 12/30/2020 - 01:43:06: [mapchooser_extended.smx] Starting map vote because outside request
L 12/30/2020 - 01:43:22: [mapchooser_extended.smx] Voting for next map has started.
L 12/30/2020 - 01:43:43: [mapchooser_extended.smx] Voting for next map has finished. Nextmap: vsh_manncohq_v14.
L 12/30/2020 - 01:43:47: [SM] Changed map to "vsh_manncohq_v14"
L 12/30/2020 - 01:43:50: -------- Mapchange to vsh_manncohq_v14 --------
L 12/30/2020 - 01:44:00: [mapchooser_extended.smx] Loaded map list for tf.
L 12/30/2020 - 01:48:12: [sbpp_comms.smx] "Nezzie<5><[U:1:107910185]><>" silenced "IDFK ¯\_(ツ)_/¯<12><[U:1:1011584981]><>" (minutes "1") (reason "obscene language")
L 12/30/2020 - 01:48:26: [sbpp_comms.smx] "Nezzie<5><[U:1:107910185]><>" unmuted "IDFK ¯\_(ツ)_/¯<12><[U:1:1011584981]><>" (reason "")
L 12/30/2020 - 01:48:26: [sbpp_comms.smx] "Nezzie<5><[U:1:107910185]><>" ungagged "IDFK ¯\_(ツ)_/¯<12><[U:1:1011584981]><>" (reason "")
L 12/30/2020 - 01:48:26: [sbpp_comms.smx] "Nezzie<5><[U:1:107910185]><>" removed mute for STEAM_0:1:505792490 from DB
L 12/30/2020 - 01:48:26: [sbpp_comms.smx] "Nezzie<5><[U:1:107910185]><>" removed gag for STEAM_0:1:505792490 from DB
L 12/30/2020 - 01:52:02: [funcommandsX.smx] "Nezzie<5><[U:1:107910185]><>" set alpha on "Hailstorm<6><[U:1:181986054]><>" to 0
L 12/30/2020 - 01:52:34: [funcommandsX.smx] "Nezzie<5><[U:1:107910185]><>" set alpha on "Hailstorm<6><[U:1:181986054]><>" to 255
L 12/30/2020 - 01:52:36: [funcommandsX.smx] "Hailstorm<6><[U:1:181986054]><>" set alpha on "Hailstorm<6><[U:1:181986054]><>" to 50
L 12/30/2020 - 01:52:44: [funcommandsX.smx] "Hailstorm<6><[U:1:181986054]><>" set alpha on "Hailstorm<6><[U:1:181986054]><>" to 100
L 12/30/2020 - 01:52:47: [funcommandsX.smx] "Hailstorm<6><[U:1:181986054]><>" set alpha on "Hailstorm<6><[U:1:181986054]><>" to 150
L 12/30/2020 - 01:53:11: [funcommandsX.smx] "Hailstorm<6><[U:1:181986054]><>" set alpha on "Hailstorm<6><[U:1:181986054]><>" to 255
L 12/30/2020 - 01:53:38: [funcommands.smx] "Nezzie<5><[U:1:107910185]><>" toggled noclip on "Nezzie<5><[U:1:107910185]><>"
L 12/30/2020 - 01:53:41: [funcommands.smx] "Nezzie<5><[U:1:107910185]><>" toggled noclip on "Nezzie<5><[U:1:107910185]><>"
L 12/30/2020 - 01:53:49: [funcommands.smx] "Nezzie<5><[U:1:107910185]><>" toggled noclip on "Nezzie<5><[U:1:107910185]><>"
L 12/30/2020 - 01:54:24: [respawn.smx] "Nezzie<5><[U:1:107910185]><>" respawned "femboy from mars<2><[U:1:892015212]><>"
L 12/30/2020 - 01:54:29: [funcommandsX.smx] "Nezzie<5><[U:1:107910185]><>" teleported "femboy from mars<2><[U:1:892015212]><>"
L 12/30/2020 - 01:55:06: [playercommands.smx] "Nezzie<5><[U:1:107910185]><>" slayed "femboy from mars<2><[U:1:892015212]><>"
L 12/30/2020 - 02:04:16: [mapchooser_extended.smx] Voting for next map has started.
L 12/30/2020 - 02:04:23: [mapchooser_extended.smx] Voting for next map has finished. Nextmap: vsh_castle_siege_unreal_sg1.
L 12/30/2020 - 02:14:56: [SM] Changed map to "vsh_castle_siege_unreal_sg1"
L 12/30/2020 - 02:14:59: -------- Mapchange to vsh_castle_siege_unreal_sg1 --------
L 12/30/2020 - 02:15:12: [mapchooser_extended.smx] Loaded map list for tf.
L 12/30/2020 - 02:35:28: [mapchooser_extended.smx] Voting for next map has started.
L 12/30/2020 - 02:35:55: [mapchooser_extended.smx] Voting for next map has started.
L 12/30/2020 - 02:36:05: [mapchooser_extended.smx] Voting for next map has finished. Nextmap: vsh_nebula_rc1.
L 12/30/2020 - 02:46:50: [SM] Changed map to "vsh_nebula_rc1"
L 12/30/2020 - 02:46:54: -------- Mapchange to vsh_nebula_rc1 --------
L 12/30/2020 - 02:47:06: [mapchooser_extended.smx] Loaded map list for tf.
L 12/30/2020 - 03:07:22: [mapchooser_extended.smx] Voting for next map has started.
L 12/30/2020 - 09:11:09: [basechat.smx] "unspacy<33><[U:1:130638097]><>" triggered sm_csay (text now i'm a little motivated)
L 12/30/2020 - 09:11:16: [basechat.smx] "unspacy<33><[U:1:130638097]><>" triggered sm_msay (text Now I'm a little motivated)
L 12/30/2020 - 09:11:23: [basechat.smx] "unspacy<33><[U:1:130638097]><>" triggered sm_hsay (text Now i'm a little motivated)
L 12/30/2020 - 09:11:31: [basechat.smx] "unspacy<33><[U:1:130638097]><>" triggered sm_psay to "unspacy<33><[U:1:130638097]><>" (text 'now)
L 12/30/2020 - 09:21:06: [basechat.smx] "unspacy<35><[U:1:130638097]><>" triggered sm_msay (text Now i'm a little motivated)
L 12/30/2020 - 09:21:17: [basechat.smx] "unspacy<35><[U:1:130638097]><>" triggered sm_csay (text Dante...)
L 12/30/2020 - 20:05:33: [SM] Changed map to "vsh_apg_v2_sg1"
L 12/30/2020 - 20:05:36: -------- Mapchange to vsh_apg_v2_sg1 --------
L 12/30/2020 - 20:05:47: [mapchooser_extended.smx] Loaded map list for tf.
L 12/30/2020 - 20:26:02: [mapchooser_extended.smx] Voting for next map has started.
L 12/30/2020 - 20:26:23: [mapchooser_extended.smx] Voting for next map has finished. Nextmap: vsh_void_a1f.
L 12/30/2020 - 20:37:38: [SM] Changed map to "vsh_void_a1f"
L 12/30/2020 - 20:37:41: -------- Mapchange to vsh_void_a1f --------
L 12/30/2020 - 20:37:52: [mapchooser_extended.smx] Loaded map list for tf.
L 12/30/2020 - 20:40:42: [mapchooser_extended.smx] Starting map vote because outside request
L 12/30/2020 - 20:40:58: [mapchooser_extended.smx] Voting for next map has started.
L 12/30/2020 - 20:41:19: [mapchooser_extended.smx] Voting for next map has finished. Nextmap: vsh_manncohq_v14.
L 12/30/2020 - 20:41:23: [SM] Changed map to "vsh_manncohq_v14"
L 12/30/2020 - 20:41:27: -------- Mapchange to vsh_manncohq_v14 --------
L 12/30/2020 - 20:41:36: [mapchooser_extended.smx] Loaded map list for tf.
L 12/30/2020 - 21:01:52: [mapchooser_extended.smx] Voting for next map has started.
L 12/30/2020 - 21:02:18: [mapchooser_extended.smx] Voting for next map has started.
L 12/30/2020 - 21:02:38: [mapchooser_extended.smx] Voting for next map has finished. Nextmap: vsh_nebula_rc1.
L 12/30/2020 - 21:12:33: [SM] Changed map to "vsh_nebula_rc1"
L 12/30/2020 - 21:12:37: -------- Mapchange to vsh_nebula_rc1 --------
L 12/30/2020 - 21:12:48: [mapchooser_extended.smx] Loaded map list for tf.
L 12/30/2020 - 21:33:05: [mapchooser_extended.smx] Voting for next map has started.
L 12/30/2020 - 21:33:25: [mapchooser_extended.smx] Voting for next map has finished. Nextmap: vsh_dirtmound_b9.
L 12/30/2020 - 21:38:45: [basechat.smx] "Nezzie<54><[U:1:107910185]><>" triggered sm_msay (text happy birthday)
L 12/30/2020 - 21:39:09: [basechat.smx] "Console<0><Console><Console>" triggered sm_csay (text "Wanna try something fun next round? :D")
L 12/30/2020 - 21:43:18: [respawn.smx] "unspacy<60><[U:1:130638097]><>" respawned "Bumble Doof<61><[U:1:65955519]><>"
L 12/30/2020 - 21:46:48: [SM] Changed map to "vsh_dirtmound_b9"
L 12/30/2020 - 21:46:53: -------- Mapchange to vsh_dirtmound_b9 --------
L 12/30/2020 - 21:47:03: [mapchooser_extended.smx] Loaded map list for tf.
L 12/30/2020 - 21:48:12: [funcommands.smx] "Nezzie<54><[U:1:107910185]><>" froze "Dozii<56><[U:1:94212661]><>"
L 12/30/2020 - 21:48:49: [funcommands.smx] "Draconic (Azel)<53><[U:1:101368949]><>" set a FreezeBomb on "Draconic (Azel)<53><[U:1:101368949]><>"
L 12/30/2020 - 21:48:54: [funcommands.smx] "Nezzie<54><[U:1:107910185]><>" ignited "Spade<58><[U:1:448231590]><>" (seconds "20.000000")
L 12/30/2020 - 21:49:14: [funcommands.smx] "Draconic (Azel)<53><[U:1:101368949]><>" set a FreezeBomb on "yyuushhii<41><[U:1:892015212]><>"
L 12/30/2020 - 21:49:15: [funcommands.smx] "Draconic (Azel)<53><[U:1:101368949]><>" removed a FreezeBomb on "yyuushhii<41><[U:1:892015212]><>"
L 12/30/2020 - 21:52:47: [playercommands.smx] "unspacy<60><[U:1:130638097]><>" slapped "Bumble Doof<61><[U:1:65955519]><>" (damage "0")
L 12/30/2020 - 21:52:47: [playercommands.smx] "unspacy<60><[U:1:130638097]><>" slapped "Bumble Doof<61><[U:1:65955519]><>" (damage "0")
L 12/30/2020 - 21:52:47: [playercommands.smx] "unspacy<60><[U:1:130638097]><>" slapped "Bumble Doof<61><[U:1:65955519]><>" (damage "0")
L 12/30/2020 - 21:53:24: [playercommands.smx] "Nezzie<54><[U:1:107910185]><>" slapped "unspacy<60><[U:1:130638097]><>" (damage "0")
L 12/30/2020 - 22:07:19: [mapchooser_extended.smx] Voting for next map has started.
L 12/30/2020 - 22:07:45: [mapchooser_extended.smx] Voting for next map has started.
L 12/30/2020 - 22:08:06: [mapchooser_extended.smx] Voting for next map has finished. Nextmap: vsh_crevice_b5.
L 12/30/2020 - 22:11:41: [playercommands.smx] "Nezzie<54><[U:1:107910185]><>" slapped "yyuushhii<41><[U:1:892015212]><>" (damage "0")
L 12/30/2020 - 22:11:41: [playercommands.smx] "Nezzie<54><[U:1:107910185]><>" slapped "Spade<58><[U:1:448231590]><>" (damage "0")
L 12/30/2020 - 22:11:41: [playercommands.smx] "Nezzie<54><[U:1:107910185]><>" slapped "AwesomeEngineer<62><[U:1:174546631]><>" (damage "0")
L 12/30/2020 - 22:11:42: [playercommands.smx] "Draconic (Azel)<53><[U:1:101368949]><>" slapped "yyuushhii<41><[U:1:892015212]><>" (damage "0")
L 12/30/2020 - 22:11:50: [playercommands.smx] "Draconic (Azel)<53><[U:1:101368949]><>" slapped "yyuushhii<41><[U:1:892015212]><>" (damage "0")
L 12/30/2020 - 22:12:05: [playercommands.smx] "Draconic (Azel)<53><[U:1:101368949]><>" slapped "Spade<58><[U:1:448231590]><>" (damage "0")
L 12/30/2020 - 22:12:19: [funcommands.smx] "F1SH<42><[U:1:445849108]><>" set a beacon on "Spade<58><[U:1:448231590]><>"
L 12/30/2020 - 22:12:24: [playercommands.smx] "Draconic (Azel)<53><[U:1:101368949]><>" slapped "AwesomeEngineer<62><[U:1:174546631]><>" (damage "0")
L 12/30/2020 - 22:20:13: [SM] Changed map to "vsh_crevice_b5"
L 12/30/2020 - 22:20:17: -------- Mapchange to vsh_crevice_b5 --------
L 12/30/2020 - 22:20:28: [mapchooser_extended.smx] Loaded map list for tf.
L 12/30/2020 - 22:40:47: [mapchooser_extended.smx] Voting for next map has started.
L 12/30/2020 - 22:41:08: [mapchooser_extended.smx] Voting for next map has finished. Nextmap: vsh_apg_v2_sg1.
L 12/30/2020 - 22:45:00: [playercommands.smx] "Draconic (Azel)<53><[U:1:101368949]><>" slapped "F1SH<42><[U:1:445849108]><>" (damage "0")
L 12/30/2020 - 22:45:06: [playercommands.smx] "Draconic (Azel)<53><[U:1:101368949]><>" slapped "F1SH<42><[U:1:445849108]><>" (damage "0")
L 12/30/2020 - 22:47:07: [funcommandsX.smx] "Nezzie<54><[U:1:107910185]><>" teleported "unspacy<60><[U:1:130638097]><>"
L 12/30/2020 - 22:47:21: [funcommandsX.smx] "Nezzie<54><[U:1:107910185]><>" teleported "unspacy<60><[U:1:130638097]><>"
L 12/30/2020 - 22:47:24: [funcommandsX.smx] "Nezzie<54><[U:1:107910185]><>" teleported "unspacy<60><[U:1:130638097]><>"
L 12/30/2020 - 22:47:25: [funcommandsX.smx] "Nezzie<54><[U:1:107910185]><>" teleported "unspacy<60><[U:1:130638097]><>"
L 12/30/2020 - 22:47:28: [funcommandsX.smx] "Nezzie<54><[U:1:107910185]><>" teleported "unspacy<60><[U:1:130638097]><>"
L 12/30/2020 - 22:47:30: [funcommandsX.smx] "Nezzie<54><[U:1:107910185]><>" teleported "unspacy<60><[U:1:130638097]><>"
L 12/30/2020 - 22:47:31: [funcommandsX.smx] "Nezzie<54><[U:1:107910185]><>" teleported "unspacy<60><[U:1:130638097]><>"
L 12/30/2020 - 22:47:34: [funcommandsX.smx] "Nezzie<54><[U:1:107910185]><>" teleported "unspacy<60><[U:1:130638097]><>"
L 12/30/2020 - 22:47:35: [funcommandsX.smx] "Nezzie<54><[U:1:107910185]><>" teleported "unspacy<60><[U:1:130638097]><>"
L 12/30/2020 - 22:47:38: [funcommandsX.smx] "Nezzie<54><[U:1:107910185]><>" teleported "unspacy<60><[U:1:130638097]><>"
L 12/30/2020 - 22:47:40: [funcommandsX.smx] "Nezzie<54><[U:1:107910185]><>" teleported "unspacy<60><[U:1:130638097]><>"
L 12/30/2020 - 22:47:41: [funcommandsX.smx] "Nezzie<54><[U:1:107910185]><>" teleported "unspacy<60><[U:1:130638097]><>"
L 12/30/2020 - 22:47:42: [funcommandsX.smx] "Nezzie<54><[U:1:107910185]><>" teleported "unspacy<60><[U:1:130638097]><>"
L 12/30/2020 - 22:47:42: [funcommandsX.smx] "Nezzie<54><[U:1:107910185]><>" teleported "unspacy<60><[U:1:130638097]><>"
L 12/30/2020 - 22:47:42: [funcommandsX.smx] "Nezzie<54><[U:1:107910185]><>" teleported "unspacy<60><[U:1:130638097]><>"
L 12/30/2020 - 22:47:43: [funcommandsX.smx] "Nezzie<54><[U:1:107910185]><>" teleported "unspacy<60><[U:1:130638097]><>"
L 12/30/2020 - 22:47:43: [funcommandsX.smx] "Nezzie<54><[U:1:107910185]><>" teleported "unspacy<60><[U:1:130638097]><>"
L 12/30/2020 - 22:47:45: [funcommandsX.smx] "Nezzie<54><[U:1:107910185]><>" teleported "unspacy<60><[U:1:130638097]><>"
L 12/30/2020 - 22:47:47: [funcommandsX.smx] "Nezzie<54><[U:1:107910185]><>" teleported "unspacy<60><[U:1:130638097]><>"
L 12/30/2020 - 22:47:54: [funcommandsX.smx] "Nezzie<54><[U:1:107910185]><>" teleported "unspacy<60><[U:1:130638097]><>"
L 12/30/2020 - 22:47:57: [funcommandsX.smx] "Nezzie<54><[U:1:107910185]><>" teleported "unspacy<60><[U:1:130638097]><>"
L 12/30/2020 - 22:54:33: [funcommandsX.smx] Game detected as Team Fortress 2: Source (GAME_TF2)
L 12/30/2020 - 22:54:33: [simple-chatprocessor.smx] [SCP] Recognized mod [Team Fortress 2].
L 12/30/2020 - 22:54:33: [simple-chatprocessor.smx] [SCP] Loading translation file [scp.tf.phrases].
L 12/30/2020 - 22:54:33: [freak_fortress_2.smx] Freak Fortress 2 199001 Loading...
L 12/30/2020 - 22:54:35: [mapchooser_extended.smx] Loaded map list for tf.
L 12/30/2020 - 22:54:46: [SM] Changed map to "vsh_dirtmound_b9"
L 12/30/2020 - 22:54:50: -------- Mapchange to vsh_dirtmound_b9 --------
L 12/30/2020 - 22:55:02: [mapchooser_extended.smx] Loaded map list for tf.
L 12/30/2020 - 23:15:20: [mapchooser_extended.smx] Voting for next map has started.
L 12/30/2020 - 23:15:40: [mapchooser_extended.smx] Voting for next map has finished. Nextmap: vsh_nebula_rc1.
L 12/30/2020 - 23:27:43: [SM] Changed map to "vsh_nebula_rc1"
L 12/30/2020 - 23:27:48: -------- Mapchange to vsh_nebula_rc1 --------
L 12/30/2020 - 23:27:58: [mapchooser_extended.smx] Loaded map list for tf.
L 12/30/2020 - 23:48:15: [mapchooser_extended.smx] Voting for next map has started.
L 12/30/2020 - 23:48:35: [mapchooser_extended.smx] Voting for next map has finished. Nextmap: vsh_area_54tress_b4.
L 12/30/2020 - 23:59:31: [SM] Changed map to "vsh_area_54tress_b4"
L 12/30/2020 - 23:59:36: -------- Mapchange to vsh_area_54tress_b4 --------
L 12/30/2020 - 23:59:47: [mapchooser_extended.smx] Loaded map list for tf.
L 12/31/2020 - 00:20:04: Log file closed.
