L 02/08/2021 - 02:02:50: SourceMod log file session started (file "/home/steamsrv/tf2/tf/addons/sourcemod/logs/L20210208.log") (Version "1.10.0.6490")
L 02/08/2021 - 02:02:50: [SM] Changed map to "vsh_skyhigh_resort_b8_sg4"
L 02/08/2021 - 02:02:51: -------- Mapchange to vsh_skyhigh_resort_b8_sg4 --------
L 02/08/2021 - 02:03:04: [mapchooser_extended.smx] Loaded map list for tf.
L 02/08/2021 - 02:23:23: [mapchooser_extended.smx] Voting for next map has started.
L 02/08/2021 - 02:23:49: [mapchooser_extended.smx] Voting for next map has started.
L 02/08/2021 - 02:24:03: [mapchooser_extended.smx] Voting for next map has finished. Nextmap: vsh_outdoors_b2a.
L 02/08/2021 - 02:33:48: [SM] Changed map to "vsh_outdoors_b2a"
L 02/08/2021 - 02:33:51: -------- Mapchange to vsh_outdoors_b2a --------
L 02/08/2021 - 02:34:01: [mapchooser_extended.smx] Loaded map list for tf.
L 02/08/2021 - 02:41:53: [mapchooser_extended.smx] Starting map vote because outside request
L 02/08/2021 - 02:42:09: [mapchooser_extended.smx] Voting for next map has started.
L 02/08/2021 - 02:42:30: [mapchooser_extended.smx] Voting for next map has finished. Nextmap: vsh_shipment_v1a.
L 02/08/2021 - 02:42:34: [SM] Changed map to "vsh_shipment_v1a"
L 02/08/2021 - 02:42:37: -------- Mapchange to vsh_shipment_v1a --------
L 02/08/2021 - 02:42:46: [mapchooser_extended.smx] Loaded map list for tf.
L 02/08/2021 - 02:47:10: [mapchooser_extended.smx] Starting map vote because outside request
L 02/08/2021 - 02:47:26: [mapchooser_extended.smx] Voting for next map has started.
L 02/08/2021 - 02:47:36: [mapchooser_extended.smx] Voting for next map has finished. Nextmap: vsh_necropolis_b1.
L 02/08/2021 - 02:47:40: [SM] Changed map to "vsh_necropolis_b1"
L 02/08/2021 - 02:47:42: -------- Mapchange to vsh_necropolis_b1 --------
L 02/08/2021 - 02:47:52: [mapchooser_extended.smx] Loaded map list for tf.
L 02/08/2021 - 02:48:25: [mapchooser_extended.smx] Starting map vote because outside request
L 02/08/2021 - 02:48:42: [mapchooser_extended.smx] Voting for next map has started.
L 02/08/2021 - 02:49:09: [mapchooser_extended.smx] Voting for next map has started.
L 02/08/2021 - 02:49:14: [mapchooser_extended.smx] Voting for next map has finished. Nextmap: vsh_intrusion_rc2.
L 02/08/2021 - 02:49:18: [SM] Changed map to "vsh_intrusion_rc2"
L 02/08/2021 - 02:49:22: -------- Mapchange to vsh_intrusion_rc2 --------
L 02/08/2021 - 02:49:32: [mapchooser_extended.smx] Loaded map list for tf.
L 02/08/2021 - 03:09:48: [mapchooser_extended.smx] Voting for next map has started.
L 02/08/2021 - 10:41:46: [SM] Changed map to "vsh_area_54tress_b4"
L 02/08/2021 - 10:41:51: -------- Mapchange to vsh_area_54tress_b4 --------
L 02/08/2021 - 10:42:02: [mapchooser_extended.smx] Loaded map list for tf.
L 02/08/2021 - 11:02:18: [mapchooser_extended.smx] Voting for next map has started.
L 02/08/2021 - 11:02:24: [mapchooser_extended.smx] Voting for next map has finished. Nextmap: vsh_tranquil_b5.
L 02/10/2021 - 01:27:55: Log file closed.
