L 04/05/2021 - 14:12:14: SourceMod log file session started (file "/home/frenzoid/TF2_FF2/tf/addons/sourcemod/logs/L20210405.log") (Version "1.10.0.6490")
L 04/05/2021 - 14:12:14: [SM] Changed map to "vsh_necropolis_b1"
L 04/05/2021 - 14:12:16: -------- Mapchange to vsh_necropolis_b1 --------
L 04/05/2021 - 14:12:25: [mapchooser_extended.smx] Loaded map list for tf.
L 04/05/2021 - 14:32:41: [mapchooser_extended.smx] Voting for next map has started.
L 04/05/2021 - 14:33:12: [mapchooser_extended.smx] Voting for next map has finished. Nextmap: vsh_cairo_pyramid_v4.
L 04/05/2021 - 14:38:34: [playercommands.smx] "F1SH<152><[U:1:445849108]><>" slapped "Mysty-Kun<153><[U:1:85603876]><>" (damage "0")
L 04/05/2021 - 14:38:34: [playercommands.smx] "F1SH<152><[U:1:445849108]><>" slapped "Mysty-Kun<153><[U:1:85603876]><>" (damage "0")
L 04/05/2021 - 14:38:34: [playercommands.smx] "F1SH<152><[U:1:445849108]><>" slapped "Mysty-Kun<153><[U:1:85603876]><>" (damage "0")
L 04/05/2021 - 14:38:35: [playercommands.smx] "F1SH<152><[U:1:445849108]><>" slapped "Mysty-Kun<153><[U:1:85603876]><>" (damage "0")
L 04/05/2021 - 14:38:35: [playercommands.smx] "F1SH<152><[U:1:445849108]><>" slapped "Mysty-Kun<153><[U:1:85603876]><>" (damage "0")
L 04/05/2021 - 14:38:35: [playercommands.smx] "F1SH<152><[U:1:445849108]><>" slapped "Mysty-Kun<153><[U:1:85603876]><>" (damage "0")
L 04/05/2021 - 14:38:35: [playercommands.smx] "F1SH<152><[U:1:445849108]><>" slapped "Mysty-Kun<153><[U:1:85603876]><>" (damage "0")
L 04/05/2021 - 14:38:35: [playercommands.smx] "F1SH<152><[U:1:445849108]><>" slapped "Mysty-Kun<153><[U:1:85603876]><>" (damage "0")
L 04/05/2021 - 14:38:36: [playercommands.smx] "F1SH<152><[U:1:445849108]><>" slapped "Mysty-Kun<153><[U:1:85603876]><>" (damage "0")
L 04/05/2021 - 14:42:53: [SM] Changed map to "vsh_cairo_pyramid_v4"
L 04/05/2021 - 14:42:57: -------- Mapchange to vsh_cairo_pyramid_v4 --------
L 04/05/2021 - 14:43:03: [mapchooser_extended.smx] Loaded map list for tf.
L 04/05/2021 - 14:47:18: [funcommands.smx] "Nezzie<155><[U:1:107910185]><>" set a TimeBomb on "rinzor<151><[U:1:103173271]><>"
L 04/05/2021 - 14:47:18: [funcommands.smx] "Nezzie<155><[U:1:107910185]><>" set a TimeBomb on "Xandermen<156><[U:1:162508880]><>"
L 04/05/2021 - 15:00:47: [basechat.smx] "F1SH<152><[U:1:445849108]><>" triggered sm_msay (text goombas are gae)
L 04/05/2021 - 15:03:19: [mapchooser_extended.smx] Voting for next map has started.
L 04/05/2021 - 15:03:25: [mapchooser_extended.smx] Voting for next map has finished. Nextmap: vsh_spotline_reworked.
L 04/05/2021 - 15:15:47: [SM] Changed map to "vsh_spotline_reworked"
L 04/05/2021 - 15:15:49: -------- Mapchange to vsh_spotline_reworked --------
L 04/05/2021 - 15:15:56: [mapchooser_extended.smx] Loaded map list for tf.
L 04/05/2021 - 15:36:12: [mapchooser_extended.smx] Voting for next map has started.
L 04/05/2021 - 15:36:16: [mapchooser_extended.smx] Voting for next map has finished. Nextmap: vsh_cactustemple_v1.
L 04/05/2021 - 15:43:12: [respawn.smx] "F1SH<158><[U:1:445849108]><>" respawned "F1SH<158><[U:1:445849108]><>"
L 04/05/2021 - 15:48:00: [respawn.smx] "F1SH<158><[U:1:445849108]><>" respawned "F1SH<158><[U:1:445849108]><>"
L 04/05/2021 - 15:49:08: [SM] Changed map to "vsh_cactustemple_v1"
L 04/05/2021 - 15:49:10: -------- Mapchange to vsh_cactustemple_v1 --------
L 04/05/2021 - 15:49:17: [mapchooser_extended.smx] Loaded map list for tf.
L 04/05/2021 - 16:00:55: [funcommands.smx] "Nezzie<155><[U:1:107910185]><>" ignited "F1SH<158><[U:1:445849108]><>" (seconds "20.000000")
L 04/05/2021 - 16:09:33: [mapchooser_extended.smx] Voting for next map has started.
