L 01/28/2021 - 00:26:15: SourceMod log file session started (file "/home/steamsrv/tf2/tf/addons/sourcemod/logs/L20210128.log") (Version "1.10.0.6490")
L 01/28/2021 - 00:26:15: [mapchooser_extended.smx] Loaded map list for tf.
L 01/28/2021 - 22:03:07: [mapchooser_extended.smx] Voting for next map has started.
L 01/28/2021 - 22:03:27: [mapchooser_extended.smx] Voting for next map has finished. Nextmap: vsh_chinatown_b3.
L 01/28/2021 - 22:14:47: [SM] Changed map to "vsh_chinatown_b3"
L 01/28/2021 - 22:14:50: -------- Mapchange to vsh_chinatown_b3 --------
L 01/28/2021 - 22:15:02: [mapchooser_extended.smx] Loaded map list for tf.
L 01/28/2021 - 22:35:19: [mapchooser_extended.smx] Voting for next map has started.
L 01/28/2021 - 22:35:39: [mapchooser_extended.smx] Voting for next map has finished. Nextmap: vsh_gyros_v5.
L 01/28/2021 - 22:47:33: [SM] Changed map to "vsh_gyros_v5"
L 01/28/2021 - 22:47:36: -------- Mapchange to vsh_gyros_v5 --------
L 01/28/2021 - 22:47:48: [mapchooser_extended.smx] Loaded map list for tf.
L 01/28/2021 - 23:08:05: [mapchooser_extended.smx] Voting for next map has started.
L 01/28/2021 - 23:08:26: [mapchooser_extended.smx] Voting for next map has finished. Nextmap: vsh_castle_siege_unreal_sg1.
L 01/28/2021 - 23:10:11: [playercommands.smx] "unspacy<9><[U:1:130638097]><>" slapped "F1SH<3><[U:1:445849108]><>" (damage "0")
L 01/28/2021 - 23:10:11: [playercommands.smx] "unspacy<9><[U:1:130638097]><>" slapped "F1SH<3><[U:1:445849108]><>" (damage "0")
L 01/28/2021 - 23:20:08: [SM] Changed map to "vsh_castle_siege_unreal_sg1"
L 01/28/2021 - 23:20:09: -------- Mapchange to vsh_castle_siege_unreal_sg1 --------
L 01/28/2021 - 23:20:19: [mapchooser_extended.smx] Loaded map list for tf.
L 01/28/2021 - 23:40:35: [mapchooser_extended.smx] Voting for next map has started.
L 01/28/2021 - 23:40:56: [mapchooser_extended.smx] Voting for next map has finished. Nextmap: vsh_warebloom_r1a.
L 01/28/2021 - 23:53:10: [SM] Changed map to "vsh_warebloom_r1a"
L 01/28/2021 - 23:53:13: -------- Mapchange to vsh_warebloom_r1a --------
L 01/28/2021 - 23:53:24: [mapchooser_extended.smx] Loaded map list for tf.
L 01/29/2021 - 00:13:41: Log file closed.
