L 03/20/2021 - 00:16:46: SourceMod log file session started (file "/home/frenzoid/TF2_FF2/tf/addons/sourcemod/logs/L20210320.log") (Version "1.10.0.6490")
L 03/20/2021 - 00:16:46: [mapchooser_extended.smx] Voting for next map has started.
L 03/20/2021 - 00:17:06: [mapchooser_extended.smx] Voting for next map has finished. Nextmap: vsh_castle_siege_unreal_sg1.
L 03/20/2021 - 00:27:38: [SM] Changed map to "vsh_castle_siege_unreal_sg1"
L 03/20/2021 - 00:27:40: -------- Mapchange to vsh_castle_siege_unreal_sg1 --------
L 03/20/2021 - 00:27:47: [mapchooser_extended.smx] Loaded map list for tf.
L 03/20/2021 - 00:48:01: [mapchooser_extended.smx] Voting for next map has started.
L 03/20/2021 - 16:10:58: [SM] Changed map to "vsh_cactustemple_v1"
L 03/20/2021 - 16:10:59: -------- Mapchange to vsh_cactustemple_v1 --------
L 03/20/2021 - 16:11:07: [mapchooser_extended.smx] Loaded map list for tf.
L 03/20/2021 - 16:16:43: [respawn.smx] "Nezzie<45><[U:1:107910185]><>" respawned "Nezzie<45><[U:1:107910185]><>"
L 03/20/2021 - 16:16:59: [respawn.smx] "Nezzie<45><[U:1:107910185]><>" respawned "Nezzie<45><[U:1:107910185]><>"
L 03/20/2021 - 16:17:09: [respawn.smx] "Nezzie<45><[U:1:107910185]><>" respawned "Nezzie<45><[U:1:107910185]><>"
L 03/20/2021 - 16:17:18: [respawn.smx] "Nezzie<45><[U:1:107910185]><>" respawned "Nezzie<45><[U:1:107910185]><>"
L 03/20/2021 - 16:17:34: [respawn.smx] "Nezzie<45><[U:1:107910185]><>" respawned "Nezzie<45><[U:1:107910185]><>"
L 03/20/2021 - 16:23:24: [basechat.smx] "Console<0><Console><Console>" triggered sm_say (text The round time has ended, omaewa-mou shindeiru)
L 03/20/2021 - 16:23:24: [playercommands.smx] "Console<0><Console><Console>" slayed "Nezzie<45><[U:1:107910185]><>"
L 03/20/2021 - 16:23:24: [playercommands.smx] "Console<0><Console><Console>" slayed "test<48><BOT><>"
L 03/20/2021 - 16:23:24: [playercommands.smx] "Console<0><Console><Console>" slayed "test1<49><BOT><>"
L 03/20/2021 - 16:24:17: [respawn.smx] "Nezzie<45><[U:1:107910185]><>" respawned "Snowy Napalm<50><[U:1:450281522]><>"
L 03/20/2021 - 16:27:00: [respawn.smx] "Nezzie<45><[U:1:107910185]><>" respawned "Milk<51><[U:1:350726162]><>"
L 03/20/2021 - 16:27:17: [respawn.smx] "Nezzie<45><[U:1:107910185]><>" respawned "Milk<51><[U:1:350726162]><>"
L 03/20/2021 - 16:29:30: [basecommands.smx] "Nezzie<45><[U:1:107910185]><>" kicked "test1<49><BOT><>" (reason "")
L 03/20/2021 - 16:29:44: [basecommands.smx] "Nezzie<45><[U:1:107910185]><>" kicked "test<48><BOT><>" (reason "")
L 03/20/2021 - 16:30:19: [respawn.smx] "F1SH<52><[U:1:445849108]><>" respawned "F1SH<52><[U:1:445849108]><>"
L 03/20/2021 - 16:31:23: [mapchooser_extended.smx] Voting for next map has started.
L 03/20/2021 - 16:31:32: [mapchooser_extended.smx] Voting for next map has finished. Nextmap: vsh_warebloom_r1a.
L 03/20/2021 - 16:41:41: [SM] Changed map to "vsh_warebloom_r1a"
L 03/20/2021 - 16:41:43: -------- Mapchange to vsh_warebloom_r1a --------
L 03/20/2021 - 16:41:50: [mapchooser_extended.smx] Loaded map list for tf.
L 03/20/2021 - 16:49:27: [nominations_extended.smx] Snowy Napalm nominated vsh_manncohq_v14
L 03/20/2021 - 17:02:08: [mapchooser_extended.smx] Voting for next map has started.
L 03/20/2021 - 17:02:35: [mapchooser_extended.smx] Voting for next map has started.
L 03/20/2021 - 17:02:55: [mapchooser_extended.smx] Voting for next map has finished. Nextmap: vsh_castle_siege_unreal_sg1.
L 03/20/2021 - 17:03:36: [supersprayhandler.smx] [SSH] Spray from KillswordEngagE (STEAM_0:1:154540094) has been removed by Nezzie
L 03/20/2021 - 17:03:40: [supersprayhandler.smx] [SSH] Nezzie warned player KillswordEngagE (STEAM_0:1:154540094)
L 03/20/2021 - 17:12:54: [SM] Changed map to "vsh_castle_siege_unreal_sg1"
L 03/20/2021 - 17:12:56: -------- Mapchange to vsh_castle_siege_unreal_sg1 --------
L 03/20/2021 - 17:13:04: [mapchooser_extended.smx] Loaded map list for tf.
L 03/20/2021 - 17:20:57: [funcommandsX.smx] "Nezzie<58><[U:1:107910185]><>" set alpha on "Milk<51><[U:1:350726162]><>" to 0
L 03/20/2021 - 17:21:12: [funcommandsX.smx] "Nezzie<58><[U:1:107910185]><>" set alpha on "Milk<51><[U:1:350726162]><>" to 255
L 03/20/2021 - 17:23:08: [funcommands.smx] "Nezzie<58><[U:1:107910185]><>" set gravity on "Milk<51><[U:1:350726162]><>" (amount "0.100000")
L 03/20/2021 - 17:23:11: [funcommands.smx] "Nezzie<58><[U:1:107910185]><>" set gravity on "Milk<51><[U:1:350726162]><>" (amount "4.000000")
L 03/20/2021 - 17:23:13: [funcommands.smx] "Nezzie<58><[U:1:107910185]><>" set gravity on "Milk<51><[U:1:350726162]><>" (amount "0.100000")
L 03/20/2021 - 17:23:22: [funcommands.smx] "Nezzie<58><[U:1:107910185]><>" set gravity on "Milk<51><[U:1:350726162]><>" (amount "4.000000")
L 03/20/2021 - 17:23:25: [funcommands.smx] "Nezzie<58><[U:1:107910185]><>" set gravity on "Milk<51><[U:1:350726162]><>" (amount "0.100000")
L 03/20/2021 - 17:23:29: [funcommands.smx] "Nezzie<58><[U:1:107910185]><>" set gravity on "puzzle<53><[U:1:136056777]><>" (amount "0.100000")
L 03/20/2021 - 17:23:39: [funcommandsX.smx] "Nezzie<58><[U:1:107910185]><>" enabled disco mode
L 03/20/2021 - 17:24:16: [funcommands.smx] "Nezzie<58><[U:1:107910185]><>" drugged "puzzle<53><[U:1:136056777]><>"
L 03/20/2021 - 17:24:16: [funcommands.smx] "Nezzie<58><[U:1:107910185]><>" drugged "Milk<51><[U:1:350726162]><>"
L 03/20/2021 - 17:24:42: [basecommands.smx] "Nezzie<58><[U:1:107910185]><>" kicked "Nezzie<58><[U:1:107910185]><>" (reason "abuse")
L 03/20/2021 - 17:30:07: [funcommandsX.smx] "Nezzie<62><[U:1:107910185]><>" disabled disco mode
L 03/20/2021 - 17:30:19: [funcommandsX.smx] "Nezzie<62><[U:1:107910185]><>" made "Nezzie<62><[U:1:107910185]><>" invisible
L 03/20/2021 - 17:32:50: [funcommands.smx] "Nezzie<62><[U:1:107910185]><>" set a beacon on "Nezzie<62><[U:1:107910185]><>"
L 03/20/2021 - 17:33:21: [mapchooser_extended.smx] Voting for next map has started.
L 03/20/2021 - 17:33:22: [funcommands.smx] "Nezzie<62><[U:1:107910185]><>" set a TimeBomb on "Nezzie<62><[U:1:107910185]><>"
L 03/20/2021 - 17:33:48: [mapchooser_extended.smx] Voting for next map has started.
L 03/20/2021 - 17:33:51: [mapchooser_extended.smx] Voting for next map has finished. Nextmap: vsh_manncohq_v14.
L 03/20/2021 - 17:37:41: [respawn.smx] "Nezzie<62><[U:1:107910185]><>" respawned "Nezzie<62><[U:1:107910185]><>"
L 03/20/2021 - 17:43:26: [SM] Changed map to "vsh_manncohq_v14"
L 03/20/2021 - 17:43:28: -------- Mapchange to vsh_manncohq_v14 --------
L 03/20/2021 - 17:43:35: [mapchooser_extended.smx] Loaded map list for tf.
L 03/20/2021 - 17:45:09: [funcommands.smx] "Nezzie<62><[U:1:107910185]><>" set gravity on "Milk<51><[U:1:350726162]><>" (amount "0.100000")
L 03/20/2021 - 17:45:13: [funcommands.smx] "Nezzie<62><[U:1:107910185]><>" set gravity on "Bringdown<63><[U:1:312675055]><>" (amount "0.100000")
L 03/20/2021 - 17:50:17: [respawn.smx] "Nezzie<62><[U:1:107910185]><>" respawned "Dozii<64><[U:1:94212661]><>"
L 03/20/2021 - 17:53:24: [playercommands.smx] "Nezzie<62><[U:1:107910185]><>" slapped "Bringdown<63><[U:1:312675055]><>" (damage "0")
L 03/20/2021 - 17:53:24: [playercommands.smx] "Nezzie<62><[U:1:107910185]><>" slapped "Bringdown<63><[U:1:312675055]><>" (damage "0")
L 03/20/2021 - 17:53:24: [playercommands.smx] "Nezzie<62><[U:1:107910185]><>" slapped "Bringdown<63><[U:1:312675055]><>" (damage "0")
L 03/20/2021 - 17:53:24: [playercommands.smx] "Nezzie<62><[U:1:107910185]><>" slapped "Bringdown<63><[U:1:312675055]><>" (damage "0")
L 03/20/2021 - 17:55:56: [funcommandsX.smx] "Nezzie<62><[U:1:107910185]><>" teleported "Nezzie<62><[U:1:107910185]><>"
L 03/20/2021 - 17:55:57: [funcommandsX.smx] "Nezzie<62><[U:1:107910185]><>" teleported "Nezzie<62><[U:1:107910185]><>"
L 03/20/2021 - 17:56:00: [funcommandsX.smx] "Nezzie<62><[U:1:107910185]><>" teleported "Nezzie<62><[U:1:107910185]><>"
L 03/20/2021 - 18:02:16: [respawn.smx] "Nezzie<62><[U:1:107910185]><>" respawned "Dozii<64><[U:1:94212661]><>"
L 03/20/2021 - 18:03:10: [respawn.smx] "Nezzie<62><[U:1:107910185]><>" respawned "Milk<51><[U:1:350726162]><>"
L 03/20/2021 - 18:03:21: [basechat.smx] "Nezzie<62><[U:1:107910185]><>" triggered sm_csay (text amogus)
L 03/20/2021 - 18:03:21: [basechat.smx] "Nezzie<62><[U:1:107910185]><>" triggered sm_msay (text amogus)
L 03/20/2021 - 18:03:21: [basechat.smx] "Nezzie<62><[U:1:107910185]><>" triggered sm_hsay (text amogus)
L 03/20/2021 - 18:03:33: [basechat.smx] "F1SH<67><[U:1:445849108]><>" triggered sm_msay (text A M O G U S)
L 03/20/2021 - 18:03:34: [playercommands.smx] "Nezzie<62><[U:1:107910185]><>" slayed "Milk<51><[U:1:350726162]><>"
L 03/20/2021 - 18:03:51: [respawn.smx] "Nezzie<62><[U:1:107910185]><>" respawned "Milk<51><[U:1:350726162]><>"
L 03/20/2021 - 18:03:52: [mapchooser_extended.smx] Voting for next map has started.
L 03/20/2021 - 18:04:12: [mapchooser_extended.smx] Voting for next map has finished. Nextmap: vsh_crevice_b5.
L 03/20/2021 - 18:04:23: [basechat.smx] "F1SH<67><[U:1:445849108]><>" triggered sm_msay (text milk if u cheat again i will eat u)
L 03/20/2021 - 18:04:48: [respawn.smx] "Nezzie<62><[U:1:107910185]><>" respawned "Dozii<64><[U:1:94212661]><>"
L 03/20/2021 - 18:05:07: [respawn.smx] "Nezzie<62><[U:1:107910185]><>" respawned "puzzle<53><[U:1:136056777]><>"
L 03/20/2021 - 18:05:42: [basechat.smx] "F1SH<67><[U:1:445849108]><>" triggered sm_msay (text yall cant find me ahahahahaha)
L 03/20/2021 - 18:05:49: [funcommands.smx] "Nezzie<62><[U:1:107910185]><>" set a beacon on "F1SH<67><[U:1:445849108]><>"
L 03/20/2021 - 18:06:12: [funcommandsX.smx] "Nezzie<62><[U:1:107910185]><>" teleported "F1SH<67><[U:1:445849108]><>"
L 03/20/2021 - 18:06:37: [funcommandsX.smx] "Nezzie<62><[U:1:107910185]><>" set alpha on "F1SH<67><[U:1:445849108]><>" to 50
L 03/20/2021 - 18:08:48: [respawn.smx] "Nezzie<62><[U:1:107910185]><>" respawned "hacoblacob<68><[U:1:1036400442]><>"
L 03/20/2021 - 18:08:48: [respawn.smx] "Nezzie<62><[U:1:107910185]><>" respawned "Milk<51><[U:1:350726162]><>"
L 03/20/2021 - 18:08:56: [funcommands.smx] "Nezzie<62><[U:1:107910185]><>" removed a beacon on "F1SH<67><[U:1:445849108]><>"
L 03/20/2021 - 18:09:37: [basechat.smx] "F1SH<67><[U:1:445849108]><>" triggered sm_msay (text i miss luna)
L 03/20/2021 - 18:09:55: [respawn.smx] "Nezzie<62><[U:1:107910185]><>" respawned "hacoblacob<68><[U:1:1036400442]><>"
L 03/20/2021 - 18:10:36: [basechat.smx] "F1SH<67><[U:1:445849108]><>" triggered sm_msay (text i will proceed to transmute puzzle into a puddle)
L 03/20/2021 - 18:10:37: [respawn.smx] "Nezzie<62><[U:1:107910185]><>" respawned "Dozii<69><[U:1:94212661]><>"
L 03/20/2021 - 18:10:37: [respawn.smx] "Nezzie<62><[U:1:107910185]><>" respawned "F1SH<67><[U:1:445849108]><>"
L 03/20/2021 - 18:10:56: [playercommands.smx] "Nezzie<62><[U:1:107910185]><>" renamed "puzzle<53><[U:1:136056777]><>" (to "puddle")
L 03/20/2021 - 18:12:08: [playercommands.smx] "Nezzie<62><[U:1:107910185]><>" slayed "Milk<51><[U:1:350726162]><>"
L 03/20/2021 - 18:13:10: [playercommands.smx] "Nezzie<62><[U:1:107910185]><>" slayed "Milk<51><[U:1:350726162]><>"
L 03/20/2021 - 18:13:37: [respawn.smx] "Nezzie<62><[U:1:107910185]><>" respawned "Milk<51><[U:1:350726162]><>"
L 03/20/2021 - 18:13:46: [playercommands.smx] "Nezzie<62><[U:1:107910185]><>" slayed "Milk<51><[U:1:350726162]><>"
L 03/20/2021 - 18:14:04: [SM] Changed map to "vsh_crevice_b5"
L 03/20/2021 - 18:14:07: -------- Mapchange to vsh_crevice_b5 --------
L 03/20/2021 - 18:14:15: [mapchooser_extended.smx] Loaded map list for tf.
L 03/20/2021 - 18:19:59: [basecommands.smx] "Nezzie<72><[U:1:107910185]><>" kicked "Milk<51><[U:1:350726162]><>" (reason "bad")
L 03/20/2021 - 18:22:31: [funcommandsX.smx] "Nezzie<72><[U:1:107910185]><>" teleported "Nezzie<72><[U:1:107910185]><>"
L 03/20/2021 - 18:22:40: [funcommandsX.smx] "Nezzie<72><[U:1:107910185]><>" teleported "Nezzie<72><[U:1:107910185]><>"
L 03/20/2021 - 18:22:41: [funcommandsX.smx] "Nezzie<72><[U:1:107910185]><>" teleported "Nezzie<72><[U:1:107910185]><>"
L 03/20/2021 - 18:22:48: [funcommandsX.smx] "Nezzie<72><[U:1:107910185]><>" teleported "Dozii<70><[U:1:94212661]><>"
L 03/20/2021 - 18:22:52: [funcommandsX.smx] "Nezzie<72><[U:1:107910185]><>" teleported "Dozii<70><[U:1:94212661]><>"
L 03/20/2021 - 18:22:53: [funcommandsX.smx] "Nezzie<72><[U:1:107910185]><>" teleported "Dozii<70><[U:1:94212661]><>"
L 03/20/2021 - 18:25:12: [respawn.smx] "Nezzie<72><[U:1:107910185]><>" respawned "Milk<73><[U:1:350726162]><>"
L 03/20/2021 - 18:25:20: [funcommandsX.smx] "Nezzie<72><[U:1:107910185]><>" teleported "Nezzie<72><[U:1:107910185]><>"
L 03/20/2021 - 18:25:20: [funcommandsX.smx] "Nezzie<72><[U:1:107910185]><>" teleported "Dozii<70><[U:1:94212661]><>"
L 03/20/2021 - 18:30:31: [funcommandsX.smx] "Nezzie<72><[U:1:107910185]><>" teleported "Dozii<70><[U:1:94212661]><>"
L 03/20/2021 - 18:30:43: [nominations_extended.smx] Snowy Napalm nominated vsh_skyhigh_resort_b8_sg4
L 03/20/2021 - 18:34:31: [mapchooser_extended.smx] Voting for next map has started.
L 03/20/2021 - 18:34:57: [mapchooser_extended.smx] Voting for next map has started.
L 03/20/2021 - 18:35:18: [mapchooser_extended.smx] Voting for next map has finished. Nextmap: vsh_tranquil_b5.
L 03/20/2021 - 18:35:33: [respawn.smx] "Nezzie<72><[U:1:107910185]><>" respawned "Nezzie<72><[U:1:107910185]><>"
L 03/20/2021 - 18:38:15: [playercommands.smx] "F1SH<78><[U:1:445849108]><>" slapped "Snowy Napalm<66><[U:1:450281522]><>" (damage "0")
L 03/20/2021 - 18:38:16: [playercommands.smx] "F1SH<78><[U:1:445849108]><>" slapped "rinzor<77><[U:1:103173271]><>" (damage "0")
L 03/20/2021 - 18:38:16: [playercommands.smx] "F1SH<78><[U:1:445849108]><>" slapped "rinzor<77><[U:1:103173271]><>" (damage "0")
L 03/20/2021 - 18:38:16: [playercommands.smx] "F1SH<78><[U:1:445849108]><>" slapped "rinzor<77><[U:1:103173271]><>" (damage "0")
L 03/20/2021 - 18:38:16: [playercommands.smx] "F1SH<78><[U:1:445849108]><>" slapped "rinzor<77><[U:1:103173271]><>" (damage "0")
L 03/20/2021 - 18:46:26: [SM] Changed map to "vsh_tranquil_b5"
L 03/20/2021 - 18:46:29: -------- Mapchange to vsh_tranquil_b5 --------
L 03/20/2021 - 18:46:38: [mapchooser_extended.smx] Loaded map list for tf.
L 03/20/2021 - 18:49:41: [nominations_extended.smx] The Wind Templar nominated vsh_yammoe_rc3
L 03/20/2021 - 19:03:58: [respawn.smx] "Nezzie<83><[U:1:107910185]><>" respawned "Nezzie<83><[U:1:107910185]><>"
L 03/20/2021 - 19:06:54: [mapchooser_extended.smx] Voting for next map has started.
L 03/20/2021 - 19:07:20: [mapchooser_extended.smx] Voting for next map has started.
L 03/20/2021 - 19:07:41: [mapchooser_extended.smx] Voting for next map has finished. Nextmap: vsh_yammoe_rc3.
L 03/20/2021 - 19:09:34: [respawn.smx] "Nezzie<83><[U:1:107910185]><>" respawned "Milk<73><[U:1:350726162]><>"
L 03/20/2021 - 19:09:34: [funcommands.smx] "Nezzie<83><[U:1:107910185]><>" set a TimeBomb on "Milk<73><[U:1:350726162]><>"
L 03/20/2021 - 19:09:44: [playercommands.smx] "Nezzie<83><[U:1:107910185]><>" slayed "Milk<73><[U:1:350726162]><>"
L 03/20/2021 - 19:10:17: [respawn.smx] "Nezzie<83><[U:1:107910185]><>" respawned "Milk<73><[U:1:350726162]><>"
L 03/20/2021 - 19:10:17: [funcommands.smx] "Nezzie<83><[U:1:107910185]><>" set a TimeBomb on "Milk<73><[U:1:350726162]><>"
L 03/20/2021 - 19:10:27: [playercommands.smx] "Nezzie<83><[U:1:107910185]><>" slayed "Milk<73><[U:1:350726162]><>"
L 03/20/2021 - 19:10:45: [respawn.smx] "Nezzie<83><[U:1:107910185]><>" respawned "Milk<73><[U:1:350726162]><>"
L 03/20/2021 - 19:10:45: [funcommands.smx] "Nezzie<83><[U:1:107910185]><>" set a TimeBomb on "Milk<73><[U:1:350726162]><>"
L 03/20/2021 - 19:10:55: [playercommands.smx] "Nezzie<83><[U:1:107910185]><>" slayed "Milk<73><[U:1:350726162]><>"
L 03/20/2021 - 19:13:41: [respawn.smx] "Nezzie<83><[U:1:107910185]><>" respawned "Milk<73><[U:1:350726162]><>"
L 03/20/2021 - 19:13:41: [funcommands.smx] "Nezzie<83><[U:1:107910185]><>" set a FreezeBomb on "Milk<73><[U:1:350726162]><>"
L 03/20/2021 - 19:15:28: [respawn.smx] "Nezzie<83><[U:1:107910185]><>" respawned "Milk<73><[U:1:350726162]><>"
L 03/20/2021 - 19:15:28: [funcommands.smx] "Nezzie<83><[U:1:107910185]><>" set a FreezeBomb on "Milk<73><[U:1:350726162]><>"
L 03/20/2021 - 19:15:31: [funcommands.smx] "Nezzie<83><[U:1:107910185]><>" ignited "Milk<73><[U:1:350726162]><>" (seconds "20.000000")
L 03/20/2021 - 19:15:46: [playercommands.smx] "Nezzie<83><[U:1:107910185]><>" slayed "Milk<73><[U:1:350726162]><>"
L 03/20/2021 - 19:19:11: [SM] Changed map to "vsh_yammoe_rc3"
L 03/20/2021 - 19:19:15: -------- Mapchange to vsh_yammoe_rc3 --------
L 03/20/2021 - 19:19:22: [mapchooser_extended.smx] Loaded map list for tf.
L 03/20/2021 - 19:39:39: [mapchooser_extended.smx] Voting for next map has started.
L 03/20/2021 - 19:39:42: [mapchooser_extended.smx] Voting for next map has finished. Nextmap: vsh_manncohq_v14.
L 03/20/2021 - 23:44:24: [basechat.smx] "Console<0><Console><Console>" triggered sm_say (text The round time has ended, omaewa-mou shindeiru)
L 03/20/2021 - 23:44:24: [playercommands.smx] "Console<0><Console><Console>" slayed "Nezzie<89><[U:1:107910185]><>"
L 03/20/2021 - 23:44:24: [playercommands.smx] "Console<0><Console><Console>" slayed "puzzle<90><[U:1:136056777]><>"
L 03/20/2021 - 23:44:42: [SM] Changed map to "vsh_manncohq_v14"
L 03/20/2021 - 23:44:45: -------- Mapchange to vsh_manncohq_v14 --------
L 03/20/2021 - 23:44:53: [mapchooser_extended.smx] Loaded map list for tf.
L 03/20/2021 - 23:55:47: [nominations_extended.smx] anxiolf nominated vsh_cairo_pyramid_v4
L 03/21/2021 - 00:05:09: Log file closed.
