L 01/14/2021 - 01:07:19: SourceMod log file session started (file "/home/steamsrv/tf2/tf/addons/sourcemod/logs/L20210114.log") (Version "1.10.0.6490")
L 01/14/2021 - 01:07:19: [SM] Changed map to "vsh_gyros_v5"
L 01/14/2021 - 01:07:24: -------- Mapchange to vsh_gyros_v5 --------
L 01/14/2021 - 01:07:39: [mapchooser_extended.smx] Loaded map list for tf.
L 01/14/2021 - 01:16:43: [respawn.smx] "Draconic (Azel)<17><[U:1:101368949]><>" respawned "HacobLacob<16><[U:1:1036400442]><>"
L 01/14/2021 - 01:28:00: [mapchooser_extended.smx] Voting for next map has started.
L 01/14/2021 - 01:28:17: [mapchooser_extended.smx] Voting for next map has finished. Nextmap: vsh_shipment_v1a.
L 01/14/2021 - 01:39:24: [SM] Changed map to "vsh_shipment_v1a"
L 01/14/2021 - 01:39:27: -------- Mapchange to vsh_shipment_v1a --------
L 01/14/2021 - 01:39:38: [mapchooser_extended.smx] Loaded map list for tf.
L 01/14/2021 - 01:51:54: [mapchooser_extended.smx] Starting map vote because outside request
L 01/14/2021 - 01:52:10: [mapchooser_extended.smx] Voting for next map has started.
L 01/14/2021 - 01:52:19: [mapchooser_extended.smx] Voting for next map has finished. Nextmap: vsh_cactustemple_v1.
L 01/14/2021 - 01:52:23: [SM] Changed map to "vsh_cactustemple_v1"
L 01/14/2021 - 01:52:25: -------- Mapchange to vsh_cactustemple_v1 --------
L 01/14/2021 - 01:56:26: [mapchooser_extended.smx] Loaded map list for tf.
L 01/14/2021 - 02:09:42: [nominations_extended.smx] Draconic (Azel) nominated vsh_west_event
L 01/14/2021 - 02:10:40: [nominations_extended.smx] IDFK ¯\_(ツ)_/¯ nominated vsh_yammoe_rc3
L 01/14/2021 - 02:16:45: [mapchooser_extended.smx] Voting for next map has started.
L 01/14/2021 - 02:16:56: [mapchooser_extended.smx] Voting for next map has started.
L 01/14/2021 - 02:17:02: [mapchooser_extended.smx] Voting for next map has finished. Nextmap: vsh_west_event.
L 01/14/2021 - 02:26:42: [SM] Changed map to "vsh_west_event"
L 01/14/2021 - 02:26:46: -------- Mapchange to vsh_west_event --------
L 01/14/2021 - 02:27:01: [mapchooser_extended.smx] Loaded map list for tf.
L 01/14/2021 - 02:47:16: [mapchooser_extended.smx] Voting for next map has started.
L 01/14/2021 - 03:22:25: [rockthevote_extended.smx] RTV changing map manually
L 01/14/2021 - 03:22:25: [SM] Changed map to "vsh_minegay_reworked_v2"
L 01/14/2021 - 03:22:27: -------- Mapchange to vsh_minegay_reworked_v2 --------
L 01/14/2021 - 03:22:40: [mapchooser_extended.smx] Loaded map list for tf.
L 01/14/2021 - 03:43:00: [mapchooser_extended.smx] Voting for next map has started.
L 01/14/2021 - 03:43:10: [mapchooser_extended.smx] Voting for next map has finished. Nextmap: vsh_void_a1f.
L 01/14/2021 - 03:53:52: [SM] Changed map to "vsh_void_a1f"
L 01/14/2021 - 03:53:54: -------- Mapchange to vsh_void_a1f --------
L 01/14/2021 - 03:54:10: [mapchooser_extended.smx] Loaded map list for tf.
L 01/14/2021 - 03:54:50: [mapchooser_extended.smx] Starting map vote because outside request
L 01/14/2021 - 03:55:07: [mapchooser_extended.smx] Voting for next map has started.
L 01/14/2021 - 03:55:14: [mapchooser_extended.smx] Voting for next map has finished. Nextmap: vsh_manncohq_v14.
L 01/14/2021 - 03:55:19: [SM] Changed map to "vsh_manncohq_v14"
L 01/14/2021 - 03:55:23: -------- Mapchange to vsh_manncohq_v14 --------
L 01/14/2021 - 03:55:35: [mapchooser_extended.smx] Loaded map list for tf.
L 01/14/2021 - 04:15:53: [mapchooser_extended.smx] Voting for next map has started.
L 01/14/2021 - 04:16:08: [mapchooser_extended.smx] Voting for next map has started.
L 01/14/2021 - 04:16:11: [mapchooser_extended.smx] Voting for next map has finished. Nextmap: vsh_dirtmound_b9.
L 01/14/2021 - 04:26:56: [SM] Changed map to "vsh_dirtmound_b9"
L 01/14/2021 - 04:27:00: -------- Mapchange to vsh_dirtmound_b9 --------
L 01/14/2021 - 04:27:13: [mapchooser_extended.smx] Loaded map list for tf.
L 01/14/2021 - 04:47:29: [mapchooser_extended.smx] Voting for next map has started.
L 01/14/2021 - 04:47:48: [mapchooser_extended.smx] Voting for next map has finished. Nextmap: vsh_necropolis_b1.
L 01/14/2021 - 04:58:46: [SM] Changed map to "vsh_necropolis_b1"
L 01/14/2021 - 04:58:49: -------- Mapchange to vsh_necropolis_b1 --------
L 01/14/2021 - 04:59:02: [mapchooser_extended.smx] Loaded map list for tf.
L 01/14/2021 - 05:05:32: [funcommands.smx] "F1SH<25><[U:1:445849108]><>" set a beacon on "SomeGuy<21><[U:1:96333015]><>"
L 01/14/2021 - 05:05:33: [funcommands.smx] "F1SH<25><[U:1:445849108]><>" set a beacon on "Draconic (Azel)<24><[U:1:101368949]><>"
L 01/14/2021 - 05:05:34: [funcommands.smx] "F1SH<25><[U:1:445849108]><>" set a beacon on "F1SH<25><[U:1:445849108]><>"
L 01/14/2021 - 05:19:17: [mapchooser_extended.smx] Voting for next map has started.
L 01/14/2021 - 21:35:33: [basecommands.smx] "Nezzie<29><[U:1:107910185]><>" changed map to "vsh_cactustemple_v1"
L 01/14/2021 - 21:35:36: [SM] Changed map to "vsh_cactustemple_v1"
L 01/14/2021 - 21:35:38: -------- Mapchange to vsh_cactustemple_v1 --------
L 01/14/2021 - 21:35:50: [mapchooser_extended.smx] Loaded map list for tf.
L 01/14/2021 - 21:40:43: [respawn.smx] "Nezzie<29><[U:1:107910185]><>" respawned "Nezzie<29><[U:1:107910185]><>"
L 01/14/2021 - 21:40:48: [respawn.smx] "Nezzie<29><[U:1:107910185]><>" respawned "Nezzie<29><[U:1:107910185]><>"
L 01/14/2021 - 21:42:34: [respawn.smx] "Nezzie<29><[U:1:107910185]><>" respawned "test<30><BOT><>"
L 01/14/2021 - 21:51:43: [basechat.smx] "Console<0><Console><Console>" triggered sm_say (text The round time has ended, omaewa-mou shindeiru)
L 01/14/2021 - 21:51:43: [playercommands.smx] "Console<0><Console><Console>" slayed "Nezzie<29><[U:1:107910185]><>"
L 01/14/2021 - 21:51:43: [playercommands.smx] "Console<0><Console><Console>" slayed "test<30><BOT><>"
L 01/14/2021 - 21:51:43: [playercommands.smx] "Console<0><Console><Console>" slayed "test1<31><BOT><>"
L 01/14/2021 - 21:53:33: [funcommandsX.smx] Game detected as Team Fortress 2: Source (GAME_TF2)
L 01/14/2021 - 21:53:33: [simple-chatprocessor.smx] [SCP] Recognized mod [Team Fortress 2].
L 01/14/2021 - 21:53:33: [simple-chatprocessor.smx] [SCP] Loading translation file [scp.tf.phrases].
L 01/14/2021 - 21:53:34: [freak_fortress_2.smx] Freak Fortress 2 199001 Loading...
L 01/14/2021 - 21:53:35: [mapchooser_extended.smx] Loaded map list for tf.
L 01/14/2021 - 21:54:00: [funcommandsX.smx] Game detected as Team Fortress 2: Source (GAME_TF2)
L 01/14/2021 - 21:54:00: [simple-chatprocessor.smx] [SCP] Recognized mod [Team Fortress 2].
L 01/14/2021 - 21:54:00: [simple-chatprocessor.smx] [SCP] Loading translation file [scp.tf.phrases].
L 01/14/2021 - 21:54:00: [freak_fortress_2.smx] Freak Fortress 2 199001 Loading...
L 01/14/2021 - 21:54:00: [mapchooser_extended.smx] Loaded map list for tf.
L 01/14/2021 - 21:54:18: [funcommandsX.smx] Game detected as Team Fortress 2: Source (GAME_TF2)
L 01/14/2021 - 21:54:18: [simple-chatprocessor.smx] [SCP] Recognized mod [Team Fortress 2].
L 01/14/2021 - 21:54:18: [simple-chatprocessor.smx] [SCP] Loading translation file [scp.tf.phrases].
L 01/14/2021 - 21:54:18: [freak_fortress_2.smx] Freak Fortress 2 199001 Loading...
L 01/14/2021 - 21:54:19: [mapchooser_extended.smx] Loaded map list for tf.
L 01/14/2021 - 21:54:51: [funcommandsX.smx] Game detected as Team Fortress 2: Source (GAME_TF2)
L 01/14/2021 - 21:54:51: [simple-chatprocessor.smx] [SCP] Recognized mod [Team Fortress 2].
L 01/14/2021 - 21:54:51: [simple-chatprocessor.smx] [SCP] Loading translation file [scp.tf.phrases].
L 01/14/2021 - 21:54:52: [freak_fortress_2.smx] Freak Fortress 2 199001 Loading...
L 01/14/2021 - 21:54:52: [mapchooser_extended.smx] Loaded map list for tf.
L 01/14/2021 - 21:56:13: [mapchooser_extended.smx] Voting for next map has started.
L 01/14/2021 - 21:56:23: [mapchooser_extended.smx] Voting for next map has finished. Nextmap: vsh_aquaticbase_b5.
L 01/14/2021 - 21:57:53: [funcommandsX.smx] Game detected as Team Fortress 2: Source (GAME_TF2)
L 01/14/2021 - 21:57:53: [simple-chatprocessor.smx] [SCP] Recognized mod [Team Fortress 2].
L 01/14/2021 - 21:57:53: [simple-chatprocessor.smx] [SCP] Loading translation file [scp.tf.phrases].
L 01/14/2021 - 21:57:53: [freak_fortress_2.smx] Freak Fortress 2 199001 Loading...
L 01/14/2021 - 21:57:53: [mapchooser_extended.smx] Loaded map list for tf.
L 01/14/2021 - 21:58:09: [mapchooser_extended.smx] Voting for next map has started.
L 01/14/2021 - 21:58:12: [mapchooser_extended.smx] Voting for next map has finished. Nextmap: vsh_chinatown_b3.
L 01/14/2021 - 22:01:46: [respawn.smx] "Nezzie<29><[U:1:107910185]><>" respawned "Nezzie<29><[U:1:107910185]><>"
L 01/14/2021 - 22:03:51: [basecommands.smx] "Nezzie<29><[U:1:107910185]><>" changed map to "vsh_shipment_v1a"
L 01/14/2021 - 22:03:54: [SM] Changed map to "vsh_shipment_v1a"
L 01/14/2021 - 22:03:58: -------- Mapchange to vsh_shipment_v1a --------
L 01/14/2021 - 22:04:11: [mapchooser_extended.smx] Loaded map list for tf.
L 01/14/2021 - 22:07:53: [basecommands.smx] "Nezzie<29><[U:1:107910185]><>" changed map to "vsh_aquaticbase_b5"
L 01/14/2021 - 22:07:56: [SM] Changed map to "vsh_aquaticbase_b5"
L 01/14/2021 - 22:08:00: -------- Mapchange to vsh_aquaticbase_b5 --------
L 01/14/2021 - 22:08:13: [mapchooser_extended.smx] Loaded map list for tf.
L 01/14/2021 - 22:21:09: [basechat.smx] "Console<0><Console><Console>" triggered sm_say (text The round time has ended, omaewa-mou shindeiru)
L 01/14/2021 - 22:21:09: [playercommands.smx] "Console<0><Console><Console>" slayed "Nezzie<29><[U:1:107910185]><>"
L 01/14/2021 - 22:21:09: [playercommands.smx] "Console<0><Console><Console>" slayed "test<34><BOT><>"
L 01/14/2021 - 22:21:09: [playercommands.smx] "Console<0><Console><Console>" slayed "test1<35><BOT><>"
L 01/14/2021 - 22:28:27: [mapchooser_extended.smx] Voting for next map has started.
L 01/14/2021 - 22:29:27: [basechat.smx] "Console<0><Console><Console>" triggered sm_say (text The round time has ended, omaewa-mou shindeiru)
L 01/14/2021 - 22:29:27: [playercommands.smx] "Console<0><Console><Console>" slayed "Nezzie<29><[U:1:107910185]><>"
L 01/14/2021 - 22:29:27: [playercommands.smx] "Console<0><Console><Console>" slayed "test<34><BOT><>"
L 01/14/2021 - 22:29:27: [playercommands.smx] "Console<0><Console><Console>" slayed "test1<35><BOT><>"
L 01/14/2021 - 23:51:35: [SM] Changed map to "vsh_manncohq_v14"
L 01/14/2021 - 23:51:40: -------- Mapchange to vsh_manncohq_v14 --------
L 01/14/2021 - 23:51:53: [mapchooser_extended.smx] Loaded map list for tf.
L 01/15/2021 - 00:12:10: Log file closed.
