L 07/15/2020 - 00:01:40: SourceMod log file session started (file "/home/steamsrv/tf2/tf/addons/sourcemod/logs/L20200715.log") (Version "1.10.0.6490")
L 07/15/2020 - 00:01:40: [SM] Changed map to "ctf_2fort"
L 07/15/2020 - 00:01:45: -------- Mapchange to ctf_2fort --------
L 07/15/2020 - 00:07:10: -------- Mapchange to arena_lumberyard --------
L 07/15/2020 - 00:10:08: [playercommands.smx] "Nezzie♥<94><[U:1:107910185]><>" slayed "GENTLE MANNE of LEISURE<119><BOT><>"
L 07/15/2020 - 00:10:23: [funcommands.smx] "Nezzie♥<94><[U:1:107910185]><>" toggled noclip on "Nezzie♥<94><[U:1:107910185]><>"
L 07/15/2020 - 00:10:25: [funcommands.smx] "Nezzie♥<94><[U:1:107910185]><>" toggled noclip on "Grandpa<88><[U:1:312675055]><>"
L 07/15/2020 - 00:10:28: [funcommands.smx] "Nezzie♥<94><[U:1:107910185]><>" toggled noclip on "Nezzie♥<94><[U:1:107910185]><>"
L 07/15/2020 - 00:10:30: [funcommands.smx] "Nezzie♥<94><[U:1:107910185]><>" toggled noclip on "Nezzie♥<94><[U:1:107910185]><>"
L 07/15/2020 - 00:10:31: [funcommands.smx] "Nezzie♥<94><[U:1:107910185]><>" toggled noclip on "Nezzie♥<94><[U:1:107910185]><>"
L 07/15/2020 - 00:10:31: [funcommands.smx] "Nezzie♥<94><[U:1:107910185]><>" toggled noclip on "Nezzie♥<94><[U:1:107910185]><>"
L 07/15/2020 - 00:12:22: [playercommands.smx] "Nezzie♥<94><[U:1:107910185]><>" slayed "Nom Nom Nom<118><BOT><>"
L 07/15/2020 - 00:16:51: [SM] Changed map to "tc_hydro"
L 07/15/2020 - 00:16:56: -------- Mapchange to tc_hydro --------
L 07/15/2020 - 00:17:58: -------- Mapchange to arena_byre --------
L 07/15/2020 - 00:18:48: [playercommands.smx] "Nezzie♥<94><[U:1:107910185]><>" slayed "Mentlegen<125><BOT><>"
L 07/15/2020 - 00:19:31: [funcommands.smx] "Nezzie♥<94><[U:1:107910185]><>" froze "Mega Baboon<127><BOT><>"
L 07/15/2020 - 00:24:13: -------- Mapchange to arena_offblast_final --------
L 07/15/2020 - 00:27:16: [playercommands.smx] "Nezzie♥<94><[U:1:107910185]><>" slayed "Hat-Wearing MAN<131><BOT><>"
L 07/15/2020 - 00:30:31: -------- Mapchange to arena_lumberyard --------
L 07/15/2020 - 00:36:14: -------- Mapchange to arena_byre --------
L 07/15/2020 - 00:48:06: [playercommands.smx] "Nezzie♥<94><[U:1:107910185]><>" slayed "Mann Co.<144><BOT><>"
L 07/15/2020 - 01:27:16: -------- Mapchange to arena_badlands --------
L 07/15/2020 - 01:33:02: -------- Mapchange to arena_lumberyard --------
L 07/15/2020 - 01:39:03: -------- Mapchange to arena_lumberyard --------
L 07/15/2020 - 01:40:51: -------- Mapchange to arena_lumberyard --------
L 07/15/2020 - 01:44:49: -------- Mapchange to arena_lumberyard --------
L 07/15/2020 - 01:49:07: -------- Mapchange to arena_lumberyard --------
L 07/15/2020 - 01:51:36: -------- Mapchange to arena_lumberyard --------
L 07/15/2020 - 02:06:12: [playercommands.smx] "Nezzie♥<187><[U:1:107910185]><>" slayed "Grandpa<186><[U:1:312675055]><>"
L 07/15/2020 - 02:13:30: -------- Mapchange to arena_lumberyard --------
L 07/15/2020 - 02:19:45: -------- Mapchange to arena_lumberyard --------
L 07/15/2020 - 02:22:06: [playercommands.smx] "Nezzie♥<187><[U:1:107910185]><>" slayed "CrySomeMore<196><BOT><>"
L 07/15/2020 - 02:27:51: -------- Mapchange to arena_lumberyard --------
L 07/15/2020 - 02:32:14: [playercommands.smx] "Nezzie♥<187><[U:1:107910185]><>" slayed "CRITRAWKETS<203><BOT><>"
L 07/15/2020 - 02:33:00: -------- Mapchange to arena_lumberyard --------
L 07/15/2020 - 02:36:59: -------- Mapchange to arena_lumberyard --------
L 07/15/2020 - 02:38:23: -------- Mapchange to arena_lumberyard --------
L 07/15/2020 - 02:39:58: [playercommands.smx] "Nezzie♥<187><[U:1:107910185]><>" slayed "SMELLY UNFORTUNATE<215><BOT><>"
L 07/15/2020 - 02:41:34: [playercommands.smx] "Nezzie♥<187><[U:1:107910185]><>" slayed "Glorified Toaster with Legs<219><BOT><>"
L 07/15/2020 - 02:41:35: [playercommands.smx] "Nezzie♥<187><[U:1:107910185]><>" slayed "SMELLY UNFORTUNATE<215><BOT><>"
L 07/15/2020 - 02:41:35: [playercommands.smx] "Nezzie♥<187><[U:1:107910185]><>" slayed "Mega Baboon<218><BOT><>"
L 07/15/2020 - 02:41:36: [playercommands.smx] "Nezzie♥<187><[U:1:107910185]><>" slayed "Ribs Grow Back<217><BOT><>"
L 07/15/2020 - 02:41:36: [playercommands.smx] "Nezzie♥<187><[U:1:107910185]><>" slayed "Mentlegen<216><BOT><>"
L 07/15/2020 - 02:43:22: [playercommands.smx] "Nezzie♥<187><[U:1:107910185]><>" slayed "Ribs Grow Back<217><BOT><>"
L 07/15/2020 - 04:06:45: SourceMod log file session started (file "/home/steamsrv/tf2/tf/addons/sourcemod/logs/L20200715.log") (Version "1.10.0.6490")
L 07/15/2020 - 04:06:45: [TF2ITEMS] "GiveNamedItem" offset = 484
L 07/15/2020 - 04:06:45: [freak_fortress_2.smx] Freak Fortress 2 199001 Loading...
L 07/15/2020 - 04:15:57: [playercommands.smx] "Nezzie♥<2><[U:1:107910185]><>" slayed "C++<7><BOT><>"
L 07/15/2020 - 04:31:01: [funcommands.smx] "Nezzie♥<2><[U:1:107910185]><>" ignited "Jarvie<8><[U:1:107752754]><>" (seconds "20.000000")
L 07/15/2020 - 04:34:00: [funcommands.smx] "Nezzie♥<2><[U:1:107910185]><>" froze "Jarvie<8><[U:1:107752754]><>"
L 07/15/2020 - 04:34:10: [playercommands.smx] "Nezzie♥<2><[U:1:107910185]><>" slayed "Jarvie<8><[U:1:107752754]><>"
L 07/15/2020 - 04:36:09: [funcommands.smx] "Nezzie♥<2><[U:1:107910185]><>" set a TimeBomb on "Aperture Science Prototype XR7<4><BOT><>"
L 07/15/2020 - 04:49:23: -------- Mapchange to arena_lumberyard --------
L 07/15/2020 - 04:52:34: [basecommands.smx] "Nezzie♥<2><[U:1:107910185]><>" kicked "RageQuit<11><BOT><>" (reason "")
L 07/15/2020 - 04:52:55: [playercommands.smx] "Nezzie♥<2><[U:1:107910185]><>" renamed "Jarvie<8><[U:1:107752754]><>" (to "Harvie")
L 07/15/2020 - 04:59:45: [playercommands.smx] "Nezzie♥<2><[U:1:107910185]><>" slayed "Harvie<8><[U:1:107752754]><>"
L 07/15/2020 - 04:59:53: [playercommands.smx] "Nezzie♥<2><[U:1:107910185]><>" slayed "Nobody<10><BOT><>"
L 07/15/2020 - 04:59:53: [playercommands.smx] "Nezzie♥<2><[U:1:107910185]><>" slayed "Target Practice<15><BOT><>"
L 07/15/2020 - 04:59:53: [playercommands.smx] "Nezzie♥<2><[U:1:107910185]><>" slayed "Ze Ubermensch<12><BOT><>"
L 07/15/2020 - 04:59:53: [playercommands.smx] "Nezzie♥<2><[U:1:107910185]><>" slayed "CRITRAWKETS<13><BOT><>"
L 07/15/2020 - 05:00:17: [playercommands.smx] "Nezzie♥<2><[U:1:107910185]><>" renamed "Harvie<8><[U:1:107752754]><>" (to "Barbie")
L 07/15/2020 - 05:01:13: [playercommands.smx] "Nezzie♥<2><[U:1:107910185]><>" slayed "CRITRAWKETS<13><BOT><>"
L 07/15/2020 - 05:02:03: [funvotes.smx] "Nezzie♥<2><[U:1:107910185]><>" initiated a slay vote against "Barbie<8><[U:1:107752754]><>"
L 07/15/2020 - 05:02:23: [funvotes.smx] Vote slay successful, slaying "Barbie<8><[U:1:107752754]><>"
L 07/15/2020 - 14:58:14: SourceMod log file session started (file "/home/steamsrv/tf2/tf/addons/sourcemod/logs/L20200715.log") (Version "1.10.0.6490")
L 07/15/2020 - 14:58:14: [TF2ITEMS] "GiveNamedItem" offset = 484
L 07/15/2020 - 14:58:15: [freak_fortress_2.smx] Freak Fortress 2 199001 Loading...
L 07/15/2020 - 15:54:34: SourceMod log file session started (file "/home/steamsrv/tf2/tf/addons/sourcemod/logs/L20200715.log") (Version "1.10.0.6490")
L 07/15/2020 - 15:54:34: [TF2ITEMS] "GiveNamedItem" offset = 484
L 07/15/2020 - 15:54:35: [freak_fortress_2.smx] Freak Fortress 2 199001 Loading...
L 07/15/2020 - 15:55:06: [mapchooser_extended.smx] Loaded map list for tf.
L 07/15/2020 - 15:55:24: [mapchooser_extended.smx] Voting for next map has started.
L 07/15/2020 - 15:59:33: [SM] Changed map to "arena_ravine"
L 07/15/2020 - 15:59:37: -------- Mapchange to arena_ravine --------
L 07/15/2020 - 15:59:48: [mapchooser_extended.smx] Loaded map list for tf.
L 07/15/2020 - 16:00:04: [mapchooser_extended.smx] Voting for next map has started.
L 07/15/2020 - 16:00:22: [mapchooser_extended.smx] Voting for next map has started.
L 07/15/2020 - 16:00:31: [mapchooser_extended.smx] Voting for next map has finished. Nextmap: arena_nucleus.
L 07/15/2020 - 16:01:52: [rockthevote_extended.smx] RTV changing map manually
L 07/15/2020 - 16:01:52: [SM] Changed map to "arena_nucleus"
L 07/15/2020 - 16:01:55: -------- Mapchange to arena_nucleus --------
L 07/15/2020 - 16:02:07: [mapchooser_extended.smx] Loaded map list for tf.
L 07/15/2020 - 16:02:24: [mapchooser_extended.smx] Voting for next map has started.
L 07/15/2020 - 16:02:30: [mapchooser_extended.smx] Voting for next map has finished. Nextmap: arena_badlands.
L 07/15/2020 - 16:06:29: [SM] Changed map to "arena_badlands"
L 07/15/2020 - 16:06:33: -------- Mapchange to arena_badlands --------
L 07/15/2020 - 16:06:45: [mapchooser_extended.smx] Loaded map list for tf.
L 07/15/2020 - 16:07:01: [mapchooser_extended.smx] Voting for next map has started.
L 07/15/2020 - 16:07:10: [mapchooser_extended.smx] Voting for next map has finished. Nextmap: arena_granary.
L 07/15/2020 - 16:19:16: [basecommands.smx] "MrFrenzoid<9><[U:1:91292555]><>" changed map to "arena_lumberyard"
L 07/15/2020 - 16:19:19: [SM] Changed map to "arena_lumberyard"
L 07/15/2020 - 16:19:23: -------- Mapchange to arena_lumberyard --------
L 07/15/2020 - 16:19:35: [mapchooser_extended.smx] Loaded map list for tf.
L 07/15/2020 - 16:19:51: [mapchooser_extended.smx] Voting for next map has started.
L 07/15/2020 - 16:20:02: [mapchooser_extended.smx] Voting for next map has finished. Nextmap: arena_offblast_final.
L 07/15/2020 - 16:32:11: [basecommands.smx] "MrFrenzoid<9><[U:1:91292555]><>" changed map to "arena_well"
L 07/15/2020 - 16:32:14: [SM] Changed map to "arena_well"
L 07/15/2020 - 16:32:18: -------- Mapchange to arena_well --------
L 07/15/2020 - 16:32:30: [mapchooser_extended.smx] Loaded map list for tf.
L 07/15/2020 - 16:32:47: [mapchooser_extended.smx] Voting for next map has started.
L 07/15/2020 - 16:33:07: [mapchooser_extended.smx] Voting for next map has finished. Nextmap: arena_offblast_final.
L 07/15/2020 - 16:36:59: [SM] Changed map to "arena_offblast_final"
L 07/15/2020 - 16:37:05: -------- Mapchange to arena_offblast_final --------
L 07/15/2020 - 16:37:16: [mapchooser_extended.smx] Loaded map list for tf.
L 07/15/2020 - 16:37:32: [mapchooser_extended.smx] Voting for next map has started.
L 07/15/2020 - 16:39:08: [basecommands.smx] "Nezzie♥<3><[U:1:107910185]><>" kicked "Kaboom!<20><BOT><>" (reason "")
L 07/15/2020 - 16:42:08: [basecommands.smx] "MrFrenzoid<9><[U:1:91292555]><>" changed map to "arena_granary"
L 07/15/2020 - 16:42:11: [SM] Changed map to "arena_granary"
L 07/15/2020 - 16:42:16: -------- Mapchange to arena_granary --------
L 07/15/2020 - 16:42:28: [mapchooser_extended.smx] Loaded map list for tf.
L 07/15/2020 - 16:43:53: [basecommands.smx] "MrFrenzoid<9><[U:1:91292555]><>" changed map to "arena_granary"
L 07/15/2020 - 16:43:56: [SM] Changed map to "arena_granary"
L 07/15/2020 - 16:43:59: -------- Mapchange to arena_granary --------
L 07/15/2020 - 16:44:12: [mapchooser_extended.smx] Loaded map list for tf.
L 07/15/2020 - 16:52:03: [basecommands.smx] "MrFrenzoid<9><[U:1:91292555]><>" changed map to "arena_granary"
L 07/15/2020 - 16:52:06: [SM] Changed map to "arena_granary"
L 07/15/2020 - 16:52:09: -------- Mapchange to arena_granary --------
L 07/15/2020 - 16:52:21: [mapchooser_extended.smx] Loaded map list for tf.
L 07/15/2020 - 16:54:21: [basecommands.smx] "MrFrenzoid<9><[U:1:91292555]><>" changed map to "arena_lumberyard"
L 07/15/2020 - 16:54:24: [playercommands.smx] "Nezzie♥<3><[U:1:107910185]><>" slayed "Nezzie♥<3><[U:1:107910185]><>"
L 07/15/2020 - 16:54:24: [SM] Changed map to "arena_lumberyard"
L 07/15/2020 - 16:54:30: -------- Mapchange to arena_lumberyard --------
L 07/15/2020 - 16:54:43: [mapchooser_extended.smx] Loaded map list for tf.
L 07/15/2020 - 16:55:50: [basecommands.smx] "MrFrenzoid<9><[U:1:91292555]><>" changed map to "arena_badlands"
L 07/15/2020 - 16:55:53: [SM] Changed map to "arena_badlands"
L 07/15/2020 - 16:55:57: -------- Mapchange to arena_badlands --------
L 07/15/2020 - 16:56:10: [mapchooser_extended.smx] Loaded map list for tf.
L 07/15/2020 - 17:01:00: [basecommands.smx] "Nezzie♥<3><[U:1:107910185]><>" changed map to "arena_offblast_final"
L 07/15/2020 - 17:01:03: [SM] Changed map to "arena_offblast_final"
L 07/15/2020 - 17:01:09: -------- Mapchange to arena_offblast_final --------
L 07/15/2020 - 17:01:22: [mapchooser_extended.smx] Loaded map list for tf.
L 07/15/2020 - 17:21:34: [basecommands.smx] "MrFrenzoid<9><[U:1:91292555]><>" changed map to "arena_lumberyard"
L 07/15/2020 - 17:21:36: [mapchooser_extended.smx] Voting for next map has started.
L 07/15/2020 - 17:21:37: [SM] Changed map to "arena_lumberyard"
L 07/15/2020 - 17:21:43: -------- Mapchange to arena_lumberyard --------
L 07/15/2020 - 17:21:56: [mapchooser_extended.smx] Loaded map list for tf.
L 07/15/2020 - 17:26:51: [basecommands.smx] "MrFrenzoid<9><[U:1:91292555]><>" executed config (file "server.cfg")
L 07/15/2020 - 17:27:24: [basecommands.smx] "MrFrenzoid<9><[U:1:91292555]><>" changed map to "vsh_manncohq_v14"
L 07/15/2020 - 17:27:27: [SM] Changed map to "vsh_manncohq_v14"
L 07/15/2020 - 17:27:32: -------- Mapchange to vsh_manncohq_v14 --------
L 07/15/2020 - 17:27:46: [mapchooser_extended.smx] Loaded map list for tf.
L 07/15/2020 - 17:30:26: [funcommands.smx] "Nezzie♥<3><[U:1:107910185]><>" froze "Saxton Hale<30><BOT><>"
L 07/15/2020 - 17:32:52: [basecommands.smx] "MrFrenzoid<9><[U:1:91292555]><>" changed map to "vsh_egyptyspot_v2"
L 07/15/2020 - 17:32:55: [SM] Changed map to "vsh_egyptyspot_v2"
L 07/15/2020 - 17:32:59: -------- Mapchange to vsh_egyptyspot_v2 --------
L 07/15/2020 - 17:33:13: [mapchooser_extended.smx] Loaded map list for tf.
L 07/15/2020 - 17:34:08: [basecommands.smx] "MrFrenzoid<9><[U:1:91292555]><>" changed map to "vsh_manncohq_v14"
L 07/15/2020 - 17:34:11: [SM] Changed map to "vsh_manncohq_v14"
L 07/15/2020 - 17:34:17: -------- Mapchange to vsh_manncohq_v14 --------
L 07/15/2020 - 17:34:30: [mapchooser_extended.smx] Loaded map list for tf.
L 07/15/2020 - 17:35:10: [funcommands.smx] "MrFrenzoid<9><[U:1:91292555]><>" froze "Maggot<32><BOT><>"
L 07/15/2020 - 17:54:44: [mapchooser_extended.smx] Voting for next map has started.
L 07/15/2020 - 17:55:05: [mapchooser_extended.smx] Voting for next map has finished. Nextmap: vsh_coldvine_b1.
L 07/15/2020 - 18:03:12: [basecommands.smx] "Nezzie♥<3><[U:1:107910185]><>" kicked "matusekondrej<33><[U:1:1093224429]><>" (reason "")
L 07/15/2020 - 18:03:56: [playercommands.smx] "Nezzie♥<3><[U:1:107910185]><>" slayed "Maggot<32><BOT><>"
L 07/15/2020 - 18:03:57: [playercommands.smx] "Nezzie♥<3><[U:1:107910185]><>" slayed "Nezzie♥<3><[U:1:107910185]><>"
L 07/15/2020 - 18:05:54: [playercommands.smx] "Nezzie♥<3><[U:1:107910185]><>" slayed "CRITRAWKETS<34><BOT><>"
L 07/15/2020 - 18:05:54: [playercommands.smx] "Nezzie♥<3><[U:1:107910185]><>" slayed "Maggot<32><BOT><>"
L 07/15/2020 - 18:05:54: [playercommands.smx] "Nezzie♥<3><[U:1:107910185]><>" slayed "Herr Doktor<35><BOT><>"
L 07/15/2020 - 18:06:12: [SM] Changed map to "vsh_coldvine_b1"
L 07/15/2020 - 18:06:18: -------- Mapchange to vsh_coldvine_b1 --------
L 07/15/2020 - 18:06:31: [mapchooser_extended.smx] Loaded map list for tf.
L 07/15/2020 - 18:09:15: [playercommands.smx] "Nezzie♥<3><[U:1:107910185]><>" slayed "Companion Cube<36><BOT><>"
L 07/15/2020 - 18:11:27: [playercommands.smx] "Nezzie♥<3><[U:1:107910185]><>" slayed "Delicious Cake<38><BOT><>"
L 07/15/2020 - 18:12:30: [playercommands.smx] "Nezzie♥<3><[U:1:107910185]><>" slayed "Companion Cube<36><BOT><>"
L 07/15/2020 - 18:14:05: [playercommands.smx] "Nezzie♥<3><[U:1:107910185]><>" slayed "Delicious Cake<38><BOT><>"
L 07/15/2020 - 18:14:06: [playercommands.smx] "Nezzie♥<3><[U:1:107910185]><>" slayed "Nezzie♥<3><[U:1:107910185]><>"
L 07/15/2020 - 18:14:06: [playercommands.smx] "Nezzie♥<3><[U:1:107910185]><>" slayed "Companion Cube<36><BOT><>"
L 07/15/2020 - 18:14:07: [playercommands.smx] "Nezzie♥<3><[U:1:107910185]><>" slayed "One-Man Cheeseburger Apocalypse<37><BOT><>"
L 07/15/2020 - 18:16:19: [basecommands.smx] "Nezzie♥<3><[U:1:107910185]><>" changed map to "arena_lumberyard"
L 07/15/2020 - 18:16:22: [SM] Changed map to "arena_lumberyard"
L 07/15/2020 - 18:16:28: -------- Mapchange to arena_lumberyard --------
L 07/15/2020 - 18:16:41: [mapchooser_extended.smx] Loaded map list for tf.
L 07/15/2020 - 18:19:11: [playercommands.smx] "Nezzie♥<3><[U:1:107910185]><>" slayed "I LIVE!<39><BOT><>"
L 07/15/2020 - 18:21:17: [basecommands.smx] "Nezzie♥<3><[U:1:107910185]><>" changed map to "arena_lumberyard"
L 07/15/2020 - 18:21:20: [SM] Changed map to "arena_lumberyard"
L 07/15/2020 - 18:21:25: -------- Mapchange to arena_lumberyard --------
L 07/15/2020 - 18:21:37: [mapchooser_extended.smx] Loaded map list for tf.
L 07/15/2020 - 18:28:23: [basecommands.smx] "Nezzie♥<3><[U:1:107910185]><>" changed map to "arena_lumberyard"
L 07/15/2020 - 18:28:26: [SM] Changed map to "arena_lumberyard"
L 07/15/2020 - 18:28:31: -------- Mapchange to arena_lumberyard --------
L 07/15/2020 - 18:28:44: [mapchooser_extended.smx] Loaded map list for tf.
L 07/15/2020 - 18:30:37: [playercommands.smx] "Nezzie♥<3><[U:1:107910185]><>" slayed "The Administrator<47><BOT><>"
L 07/15/2020 - 18:31:37: [funcommands.smx] "Nezzie♥<3><[U:1:107910185]><>" froze "Poopy Joe<45><BOT><>"
L 07/15/2020 - 18:31:58: [playercommands.smx] "Nezzie♥<3><[U:1:107910185]><>" slayed "The Administrator<47><BOT><>"
L 07/15/2020 - 18:32:12: [playercommands.smx] "Nezzie♥<3><[U:1:107910185]><>" slayed "Freakin' Unbelievable<46><BOT><>"
L 07/15/2020 - 18:34:03: [basecommands.smx] "Nezzie♥<3><[U:1:107910185]><>" changed map to "arena_lumberyard"
L 07/15/2020 - 18:34:06: [SM] Changed map to "arena_lumberyard"
L 07/15/2020 - 18:34:13: -------- Mapchange to arena_lumberyard --------
L 07/15/2020 - 18:34:27: [mapchooser_extended.smx] Loaded map list for tf.
L 07/15/2020 - 18:36:04: [playercommands.smx] "Nezzie♥<3><[U:1:107910185]><>" slayed "Kill Me<51><BOT><>"
L 07/15/2020 - 18:36:09: [playercommands.smx] "Nezzie♥<3><[U:1:107910185]><>" slayed "It's Filthy in There!<50><BOT><>"
L 07/15/2020 - 18:37:21: [basecommands.smx] "Nezzie♥<3><[U:1:107910185]><>" changed map to "arena_lumberyard"
L 07/15/2020 - 18:37:24: [SM] Changed map to "arena_lumberyard"
L 07/15/2020 - 18:37:30: -------- Mapchange to arena_lumberyard --------
L 07/15/2020 - 18:37:42: [mapchooser_extended.smx] Loaded map list for tf.
L 07/15/2020 - 18:38:55: [playercommands.smx] "Nezzie♥<3><[U:1:107910185]><>" slayed "Chucklenuts<52><BOT><>"
L 07/15/2020 - 18:39:33: [playercommands.smx] "Nezzie♥<3><[U:1:107910185]><>" slayed "Still Alive<54><BOT><>"
L 07/15/2020 - 18:40:28: [funcommands.smx] "Nezzie♥<3><[U:1:107910185]><>" froze "Chucklenuts<52><BOT><>"
L 07/15/2020 - 18:57:58: [mapchooser_extended.smx] Voting for next map has started.
L 07/15/2020 - 20:29:54: [playercommands.smx] "Nezzie♥<55><[U:1:107910185]><>" slayed "Chell<58><BOT><>"
L 07/15/2020 - 20:29:55: [playercommands.smx] "Nezzie♥<55><[U:1:107910185]><>" slayed "H@XX0RZ<57><BOT><>"
L 07/15/2020 - 20:31:16: [SM] Changed map to "vsh_egyptyspot_v2"
L 07/15/2020 - 20:31:23: -------- Mapchange to vsh_egyptyspot_v2 --------
L 07/15/2020 - 20:31:37: [mapchooser_extended.smx] Loaded map list for tf.
L 07/15/2020 - 20:34:53: [funcommands.smx] "Nezzie♥<55><[U:1:107910185]><>" toggled noclip on "Nezzie♥<55><[U:1:107910185]><>"
L 07/15/2020 - 20:34:55: [funcommands.smx] "Nezzie♥<55><[U:1:107910185]><>" toggled noclip on "Nezzie♥<55><[U:1:107910185]><>"
L 07/15/2020 - 20:35:15: [playercommands.smx] "Nezzie♥<55><[U:1:107910185]><>" slayed "Totally Not A Bot<59><BOT><>"
L 07/15/2020 - 20:35:16: [playercommands.smx] "Nezzie♥<55><[U:1:107910185]><>" slayed "Zepheniah Mann<60><BOT><>"
L 07/15/2020 - 20:35:16: [playercommands.smx] "Nezzie♥<55><[U:1:107910185]><>" slayed "LOS LOS LOS<61><BOT><>"
L 07/15/2020 - 20:36:45: [playercommands.smx] "Nezzie♥<55><[U:1:107910185]><>" slayed "LOS LOS LOS<61><BOT><>"
L 07/15/2020 - 20:38:53: [funcommands.smx] "Nezzie♥<55><[U:1:107910185]><>" toggled noclip on "Nezzie♥<55><[U:1:107910185]><>"
L 07/15/2020 - 20:38:55: [funcommands.smx] "Nezzie♥<55><[U:1:107910185]><>" toggled noclip on "Nezzie♥<55><[U:1:107910185]><>"
L 07/15/2020 - 20:38:57: [funcommands.smx] "Nezzie♥<55><[U:1:107910185]><>" toggled noclip on "Nezzie♥<55><[U:1:107910185]><>"
L 07/15/2020 - 20:39:19: [playercommands.smx] "Nezzie♥<55><[U:1:107910185]><>" slayed "LOS LOS LOS<61><BOT><>"
L 07/15/2020 - 20:40:28: [playercommands.smx] "Nezzie♥<55><[U:1:107910185]><>" slayed "LOS LOS LOS<61><BOT><>"
L 07/15/2020 - 20:40:41: [funcommands.smx] "Nezzie♥<55><[U:1:107910185]><>" toggled noclip on "Nezzie♥<55><[U:1:107910185]><>"
L 07/15/2020 - 20:40:43: [funcommands.smx] "Nezzie♥<55><[U:1:107910185]><>" toggled noclip on "Nezzie♥<55><[U:1:107910185]><>"
L 07/15/2020 - 20:40:45: [funcommands.smx] "Nezzie♥<55><[U:1:107910185]><>" toggled noclip on "Nezzie♥<55><[U:1:107910185]><>"
L 07/15/2020 - 20:40:45: [funcommands.smx] "Nezzie♥<55><[U:1:107910185]><>" toggled noclip on "Nezzie♥<55><[U:1:107910185]><>"
L 07/15/2020 - 20:44:38: [funcommands.smx] "Nezzie♥<55><[U:1:107910185]><>" set a TimeBomb on "LOS LOS LOS<61><BOT><>"
L 07/15/2020 - 20:50:25: [playercommands.smx] "Nezzie♥<55><[U:1:107910185]><>" slayed "LOS LOS LOS<61><BOT><>"
L 07/15/2020 - 20:51:36: [playercommands.smx] "Nezzie♥<55><[U:1:107910185]><>" slapped "LOS LOS LOS<61><BOT><>" (damage "99")
L 07/15/2020 - 20:51:41: [playercommands.smx] "Nezzie♥<55><[U:1:107910185]><>" slapped "LOS LOS LOS<61><BOT><>" (damage "1")
L 07/15/2020 - 20:51:41: [playercommands.smx] "Nezzie♥<55><[U:1:107910185]><>" slapped "LOS LOS LOS<61><BOT><>" (damage "1")
L 07/15/2020 - 20:51:42: [playercommands.smx] "Nezzie♥<55><[U:1:107910185]><>" slapped "LOS LOS LOS<61><BOT><>" (damage "1")
L 07/15/2020 - 20:51:42: [playercommands.smx] "Nezzie♥<55><[U:1:107910185]><>" slapped "LOS LOS LOS<61><BOT><>" (damage "1")
L 07/15/2020 - 20:51:42: [playercommands.smx] "Nezzie♥<55><[U:1:107910185]><>" slapped "LOS LOS LOS<61><BOT><>" (damage "1")
L 07/15/2020 - 20:51:43: [playercommands.smx] "Nezzie♥<55><[U:1:107910185]><>" slapped "LOS LOS LOS<61><BOT><>" (damage "1")
L 07/15/2020 - 20:51:44: [playercommands.smx] "Nezzie♥<55><[U:1:107910185]><>" slapped "LOS LOS LOS<61><BOT><>" (damage "1")
L 07/15/2020 - 20:51:45: [playercommands.smx] "Nezzie♥<55><[U:1:107910185]><>" slapped "LOS LOS LOS<61><BOT><>" (damage "1")
L 07/15/2020 - 20:51:45: [playercommands.smx] "Nezzie♥<55><[U:1:107910185]><>" slapped "LOS LOS LOS<61><BOT><>" (damage "1")
L 07/15/2020 - 20:51:45: [playercommands.smx] "Nezzie♥<55><[U:1:107910185]><>" slapped "LOS LOS LOS<61><BOT><>" (damage "1")
L 07/15/2020 - 20:51:45: [playercommands.smx] "Nezzie♥<55><[U:1:107910185]><>" slapped "LOS LOS LOS<61><BOT><>" (damage "1")
L 07/15/2020 - 20:51:46: [playercommands.smx] "Nezzie♥<55><[U:1:107910185]><>" slapped "LOS LOS LOS<61><BOT><>" (damage "1")
L 07/15/2020 - 20:51:46: [playercommands.smx] "Nezzie♥<55><[U:1:107910185]><>" slapped "LOS LOS LOS<61><BOT><>" (damage "1")
L 07/15/2020 - 20:51:47: [playercommands.smx] "Nezzie♥<55><[U:1:107910185]><>" slapped "LOS LOS LOS<61><BOT><>" (damage "1")
L 07/15/2020 - 20:51:47: [playercommands.smx] "Nezzie♥<55><[U:1:107910185]><>" slapped "LOS LOS LOS<61><BOT><>" (damage "1")
L 07/15/2020 - 20:51:47: [playercommands.smx] "Nezzie♥<55><[U:1:107910185]><>" slapped "LOS LOS LOS<61><BOT><>" (damage "1")
L 07/15/2020 - 20:51:47: [playercommands.smx] "Nezzie♥<55><[U:1:107910185]><>" slapped "LOS LOS LOS<61><BOT><>" (damage "1")
L 07/15/2020 - 20:51:47: [playercommands.smx] "Nezzie♥<55><[U:1:107910185]><>" slapped "LOS LOS LOS<61><BOT><>" (damage "1")
L 07/15/2020 - 20:51:47: [playercommands.smx] "Nezzie♥<55><[U:1:107910185]><>" slapped "LOS LOS LOS<61><BOT><>" (damage "1")
L 07/15/2020 - 20:51:48: [playercommands.smx] "Nezzie♥<55><[U:1:107910185]><>" slapped "LOS LOS LOS<61><BOT><>" (damage "1")
L 07/15/2020 - 20:51:48: [playercommands.smx] "Nezzie♥<55><[U:1:107910185]><>" slapped "LOS LOS LOS<61><BOT><>" (damage "1")
L 07/15/2020 - 20:51:48: [playercommands.smx] "Nezzie♥<55><[U:1:107910185]><>" slapped "LOS LOS LOS<61><BOT><>" (damage "1")
L 07/15/2020 - 20:51:48: [playercommands.smx] "Nezzie♥<55><[U:1:107910185]><>" slapped "LOS LOS LOS<61><BOT><>" (damage "1")
L 07/15/2020 - 20:51:49: [playercommands.smx] "Nezzie♥<55><[U:1:107910185]><>" slapped "LOS LOS LOS<61><BOT><>" (damage "1")
L 07/15/2020 - 20:51:49: [playercommands.smx] "Nezzie♥<55><[U:1:107910185]><>" slapped "LOS LOS LOS<61><BOT><>" (damage "1")
L 07/15/2020 - 20:51:49: [playercommands.smx] "Nezzie♥<55><[U:1:107910185]><>" slapped "LOS LOS LOS<61><BOT><>" (damage "1")
L 07/15/2020 - 20:51:49: [playercommands.smx] "Nezzie♥<55><[U:1:107910185]><>" slapped "LOS LOS LOS<61><BOT><>" (damage "1")
L 07/15/2020 - 20:51:49: [playercommands.smx] "Nezzie♥<55><[U:1:107910185]><>" slapped "LOS LOS LOS<61><BOT><>" (damage "1")
L 07/15/2020 - 20:51:50: [playercommands.smx] "Nezzie♥<55><[U:1:107910185]><>" slapped "LOS LOS LOS<61><BOT><>" (damage "1")
L 07/15/2020 - 20:51:50: [playercommands.smx] "Nezzie♥<55><[U:1:107910185]><>" slapped "LOS LOS LOS<61><BOT><>" (damage "1")
L 07/15/2020 - 20:51:50: [playercommands.smx] "Nezzie♥<55><[U:1:107910185]><>" slapped "LOS LOS LOS<61><BOT><>" (damage "1")
L 07/15/2020 - 20:51:50: [playercommands.smx] "Nezzie♥<55><[U:1:107910185]><>" slapped "LOS LOS LOS<61><BOT><>" (damage "1")
L 07/15/2020 - 20:51:50: [playercommands.smx] "Nezzie♥<55><[U:1:107910185]><>" slapped "LOS LOS LOS<61><BOT><>" (damage "1")
L 07/15/2020 - 20:51:51: [playercommands.smx] "Nezzie♥<55><[U:1:107910185]><>" slapped "LOS LOS LOS<61><BOT><>" (damage "1")
L 07/15/2020 - 20:51:51: [playercommands.smx] "Nezzie♥<55><[U:1:107910185]><>" slapped "LOS LOS LOS<61><BOT><>" (damage "1")
L 07/15/2020 - 20:51:51: [playercommands.smx] "Nezzie♥<55><[U:1:107910185]><>" slapped "LOS LOS LOS<61><BOT><>" (damage "1")
L 07/15/2020 - 20:51:51: [playercommands.smx] "Nezzie♥<55><[U:1:107910185]><>" slapped "LOS LOS LOS<61><BOT><>" (damage "1")
L 07/15/2020 - 20:51:52: [playercommands.smx] "Nezzie♥<55><[U:1:107910185]><>" slapped "LOS LOS LOS<61><BOT><>" (damage "1")
L 07/15/2020 - 20:51:52: [playercommands.smx] "Nezzie♥<55><[U:1:107910185]><>" slapped "LOS LOS LOS<61><BOT><>" (damage "1")
L 07/15/2020 - 20:51:52: [mapchooser_extended.smx] Voting for next map has started.
L 07/15/2020 - 20:52:47: [playercommands.smx] "Nezzie♥<55><[U:1:107910185]><>" slayed "Zepheniah Mann<60><BOT><>"
L 07/15/2020 - 20:52:48: [playercommands.smx] "Nezzie♥<55><[U:1:107910185]><>" slayed "Totally Not A Bot<59><BOT><>"
L 07/15/2020 - 20:55:03: [playercommands.smx] "Nezzie♥<55><[U:1:107910185]><>" slayed "LOS LOS LOS<61><BOT><>"
L 07/15/2020 - 21:04:49: [SM] Changed map to "arena_well"
L 07/15/2020 - 21:04:57: -------- Mapchange to arena_well --------
L 07/15/2020 - 21:05:14: [mapchooser_extended.smx] Loaded map list for tf.
L 07/15/2020 - 21:25:28: [mapchooser_extended.smx] Voting for next map has started.
L 07/15/2020 - 22:51:59: [SM] Changed map to "arena_byre"
L 07/15/2020 - 22:52:10: -------- Mapchange to arena_byre --------
L 07/15/2020 - 22:52:24: [mapchooser_extended.smx] Loaded map list for tf.
L 07/15/2020 - 22:58:06: [basecommands.smx] "Nezzie♥<62><[U:1:107910185]><>" changed map to "arena_lumberyard"
L 07/15/2020 - 22:58:09: [SM] Changed map to "arena_lumberyard"
L 07/15/2020 - 22:58:17: -------- Mapchange to arena_lumberyard --------
L 07/15/2020 - 22:58:31: [mapchooser_extended.smx] Loaded map list for tf.
L 07/15/2020 - 23:00:57: [funcommands.smx] "Nezzie♥<62><[U:1:107910185]><>" froze "AmNot<71><BOT><>"
L 07/15/2020 - 23:01:20: [funcommands.smx] "Nezzie♥<62><[U:1:107910185]><>" froze "AmNot<71><BOT><>"
L 07/15/2020 - 23:02:38: [playercommands.smx] "Nezzie♥<62><[U:1:107910185]><>" slayed "Someone Else<69><BOT><>"
L 07/15/2020 - 23:02:38: [playercommands.smx] "Nezzie♥<62><[U:1:107910185]><>" slayed "AmNot<71><BOT><>"
L 07/15/2020 - 23:02:39: [playercommands.smx] "Nezzie♥<62><[U:1:107910185]><>" slayed "Dog<70><BOT><>"
L 07/15/2020 - 23:03:02: [playercommands.smx] "Nezzie♥<62><[U:1:107910185]><>" slayed "AmNot<71><BOT><>"
L 07/15/2020 - 23:08:58: [basecommands.smx] "Nezzie♥<62><[U:1:107910185]><>" changed map to "arena_lumberyard"
L 07/15/2020 - 23:09:01: [SM] Changed map to "arena_lumberyard"
L 07/15/2020 - 23:09:09: -------- Mapchange to arena_lumberyard --------
L 07/15/2020 - 23:09:23: [mapchooser_extended.smx] Loaded map list for tf.
L 07/15/2020 - 23:10:35: [playercommands.smx] "Nezzie♥<62><[U:1:107910185]><>" slayed "Headful of Eyeballs<74><BOT><>"
L 07/15/2020 - 23:10:48: [playercommands.smx] "Nezzie♥<62><[U:1:107910185]><>" slayed "GLaDOS<73><BOT><>"
L 07/15/2020 - 23:12:40: [playercommands.smx] "Nezzie♥<62><[U:1:107910185]><>" slayed "GLaDOS<73><BOT><>"
L 07/15/2020 - 23:13:04: [playercommands.smx] "Nezzie♥<62><[U:1:107910185]><>" slayed "HI THERE<72><BOT><>"
L 07/15/2020 - 23:15:35: [basecommands.smx] "Nezzie♥<62><[U:1:107910185]><>" changed map to "arena_lumberyard"
L 07/15/2020 - 23:15:38: [SM] Changed map to "arena_lumberyard"
L 07/15/2020 - 23:15:45: -------- Mapchange to arena_lumberyard --------
L 07/15/2020 - 23:15:58: [mapchooser_extended.smx] Loaded map list for tf.
L 07/15/2020 - 23:16:48: [playercommands.smx] "Nezzie♥<62><[U:1:107910185]><>" slayed "GutsAndGlory!<77><BOT><>"
L 07/15/2020 - 23:17:03: [playercommands.smx] "Nezzie♥<62><[U:1:107910185]><>" slayed "AimBot<76><BOT><>"
L 07/15/2020 - 23:17:54: [funcommands.smx] "Nezzie♥<62><[U:1:107910185]><>" froze "GutsAndGlory!<77><BOT><>"
L 07/15/2020 - 23:18:18: [funcommands.smx] "Nezzie♥<62><[U:1:107910185]><>" froze "GutsAndGlory!<77><BOT><>"
L 07/15/2020 - 23:18:38: [playercommands.smx] "Nezzie♥<62><[U:1:107910185]><>" slayed "AimBot<76><BOT><>"
L 07/15/2020 - 23:18:57: [playercommands.smx] "Nezzie♥<62><[U:1:107910185]><>" slayed "Aperture Science Prototype XR7<75><BOT><>"
L 07/15/2020 - 23:20:32: [playercommands.smx] "Nezzie♥<62><[U:1:107910185]><>" slayed "AimBot<76><BOT><>"
L 07/15/2020 - 23:20:33: [playercommands.smx] "Nezzie♥<62><[U:1:107910185]><>" slayed "Aperture Science Prototype XR7<75><BOT><>"
L 07/15/2020 - 23:22:49: [playercommands.smx] "Nezzie♥<62><[U:1:107910185]><>" slayed "GutsAndGlory!<77><BOT><>"
L 07/15/2020 - 23:24:41: [basecommands.smx] "Nezzie♥<62><[U:1:107910185]><>" changed map to "arena_lumberyard"
L 07/15/2020 - 23:24:44: [SM] Changed map to "arena_lumberyard"
L 07/15/2020 - 23:24:52: -------- Mapchange to arena_lumberyard --------
L 07/15/2020 - 23:25:09: [mapchooser_extended.smx] Loaded map list for tf.
L 07/15/2020 - 23:30:45: [playercommands.smx] "Nezzie♥<62><[U:1:107910185]><>" slayed "Saxton Hale<78><BOT><>"
L 07/15/2020 - 23:31:14: [funcommands.smx] "Nezzie♥<62><[U:1:107910185]><>" froze "Maggot<80><BOT><>"
L 07/15/2020 - 23:31:59: [playercommands.smx] "Nezzie♥<62><[U:1:107910185]><>" slayed "Screamin' Eagles<79><BOT><>"
L 07/15/2020 - 23:36:49: [playercommands.smx] "Nezzie♥<62><[U:1:107910185]><>" slayed "Saxton Hale<78><BOT><>"
L 07/15/2020 - 23:36:50: [playercommands.smx] "Nezzie♥<62><[U:1:107910185]><>" slayed "Maggot<80><BOT><>"
L 07/15/2020 - 23:36:51: [playercommands.smx] "Nezzie♥<62><[U:1:107910185]><>" slayed "Screamin' Eagles<79><BOT><>"
L 07/15/2020 - 23:36:52: [playercommands.smx] "Nezzie♥<62><[U:1:107910185]><>" slayed "Nezzie♥<62><[U:1:107910185]><>"
L 07/15/2020 - 23:45:24: [mapchooser_extended.smx] Voting for next map has started.
L 07/15/2020 - 23:45:28: [mapchooser_extended.smx] Voting for next map has finished. Nextmap: vsh_tranquil_b5.
L 07/15/2020 - 23:51:35: [funcommands.smx] "Nezzie♥<62><[U:1:107910185]><>" toggled noclip on "Nezzie♥<62><[U:1:107910185]><>"
L 07/15/2020 - 23:51:54: [funcommands.smx] "Nezzie♥<62><[U:1:107910185]><>" toggled noclip on "Saxton Hale<78><BOT><>"
L 07/15/2020 - 23:51:55: [funcommands.smx] "Nezzie♥<62><[U:1:107910185]><>" toggled noclip on "Saxton Hale<78><BOT><>"
L 07/15/2020 - 23:51:57: [funcommands.smx] "Nezzie♥<62><[U:1:107910185]><>" toggled noclip on "Nezzie♥<62><[U:1:107910185]><>"
L 07/15/2020 - 23:52:33: [playercommands.smx] "Nezzie♥<62><[U:1:107910185]><>" slayed "Maggot<80><BOT><>"
L 07/15/2020 - 23:56:51: [basecommands.smx] "Nezzie♥<62><[U:1:107910185]><>" changed map to "arena_lumberyard"
L 07/15/2020 - 23:56:54: [SM] Changed map to "arena_lumberyard"
L 07/15/2020 - 23:57:04: -------- Mapchange to arena_lumberyard --------
L 07/15/2020 - 23:57:21: [mapchooser_extended.smx] Loaded map list for tf.
L 07/16/2020 - 00:17:33: Log file closed.
