L 01/16/2021 - 01:04:48: SourceMod log file session started (file "/home/steamsrv/tf2/tf/addons/sourcemod/logs/L20210116.log") (Version "1.10.0.6490")
L 01/16/2021 - 01:04:48: [SM] Changed map to "vsh_apg_reworked_b2"
L 01/16/2021 - 01:04:51: -------- Mapchange to vsh_apg_reworked_b2 --------
L 01/16/2021 - 01:05:05: [mapchooser_extended.smx] Loaded map list for tf.
L 01/16/2021 - 01:25:22: [mapchooser_extended.smx] Voting for next map has started.
L 01/16/2021 - 01:25:42: [mapchooser_extended.smx] Voting for next map has finished. Nextmap: vsh_jungle_beach_v3.
L 01/16/2021 - 01:35:43: [SM] Changed map to "vsh_jungle_beach_v3"
L 01/16/2021 - 01:35:50: -------- Mapchange to vsh_jungle_beach_v3 --------
L 01/16/2021 - 01:36:02: [mapchooser_extended.smx] Loaded map list for tf.
L 01/16/2021 - 01:56:20: [mapchooser_extended.smx] Voting for next map has started.
L 01/16/2021 - 01:56:41: [mapchooser_extended.smx] Voting for next map has finished. Nextmap: vsh_warebloom_r1a.
L 01/16/2021 - 22:19:45: [SM] Changed map to "vsh_warebloom_r1a"
L 01/16/2021 - 22:19:47: -------- Mapchange to vsh_warebloom_r1a --------
L 01/16/2021 - 22:19:58: [mapchooser_extended.smx] Loaded map list for tf.
L 01/16/2021 - 22:40:14: [mapchooser_extended.smx] Voting for next map has started.
L 01/16/2021 - 22:40:19: [mapchooser_extended.smx] Voting for next map has finished. Nextmap: vsh_west_event.
L 01/16/2021 - 22:59:02: [SM] Changed map to "vsh_west_event"
L 01/16/2021 - 22:59:05: -------- Mapchange to vsh_west_event --------
L 01/16/2021 - 22:59:17: [mapchooser_extended.smx] Loaded map list for tf.
L 01/16/2021 - 23:19:37: [mapchooser_extended.smx] Voting for next map has started.
L 01/16/2021 - 23:20:04: [mapchooser_extended.smx] Voting for next map has started.
L 01/16/2021 - 23:20:09: [mapchooser_extended.smx] Voting for next map has finished. Nextmap: vsh_crevice_b5.
L 01/16/2021 - 23:30:52: [SM] Changed map to "vsh_crevice_b5"
L 01/16/2021 - 23:30:56: -------- Mapchange to vsh_crevice_b5 --------
L 01/16/2021 - 23:31:08: [mapchooser_extended.smx] Loaded map list for tf.
L 01/16/2021 - 23:34:42: SourceMod log file session started (file "/home/steamsrv/tf2/tf/addons/sourcemod/logs/L20210116.log") (Version "1.10.0.6490")
L 01/16/2021 - 23:34:42: [TF2ITEMS] "GiveNamedItem" offset = 484
L 01/16/2021 - 23:34:43: [funcommandsX.smx] Game detected as Team Fortress 2: Source (GAME_TF2)
L 01/16/2021 - 23:34:43: [simple-chatprocessor.smx] [SCP] Recognized mod [Team Fortress 2].
L 01/16/2021 - 23:34:43: [simple-chatprocessor.smx] [SCP] Loading translation file [scp.tf.phrases].
L 01/16/2021 - 23:34:44: [freak_fortress_2.smx] Freak Fortress 2 199001 Loading...
L 01/16/2021 - 23:35:00: [mapchooser_extended.smx] Loaded map list for tf.
L 01/16/2021 - 23:55:28: [mapchooser_extended.smx] Voting for next map has started.
L 01/18/2021 - 09:00:58: Log file closed.
