L 10/15/2020 - 16:12:40: SourceMod log file session started (file "/home/steamsrv/tf2/tf/addons/sourcemod/logs/L20201015.log") (Version "1.10.0.6490")
L 10/15/2020 - 16:12:40: [mapchooser_extended.smx] Voting for next map has started.
L 10/15/2020 - 16:35:57: [basecommands.smx] "Nightmarish Nezzie<3><[U:1:107910185]><>" changed map to "vsh_apg_v2_sg1"
L 10/15/2020 - 16:36:00: [SM] Changed map to "vsh_apg_v2_sg1"
L 10/15/2020 - 16:36:02: -------- Mapchange to vsh_apg_v2_sg1 --------
L 10/15/2020 - 16:36:12: [mapchooser_extended.smx] Loaded map list for tf.
L 10/15/2020 - 16:38:23: [basecommands.smx] "Nightmarish Nezzie<3><[U:1:107910185]><>" changed map to "vsh_void_a1f"
L 10/15/2020 - 16:38:26: [SM] Changed map to "vsh_void_a1f"
L 10/15/2020 - 16:38:28: -------- Mapchange to vsh_void_a1f --------
L 10/15/2020 - 16:38:36: [mapchooser_extended.smx] Loaded map list for tf.
L 10/15/2020 - 16:43:31: [respawn.smx] "Nightmarish Nezzie<3><[U:1:107910185]><>" respawned "omi-box<5><[U:1:54762792]><>"
L 10/15/2020 - 16:49:24: [respawn.smx] "Nightmarish Nezzie<3><[U:1:107910185]><>" respawned "SPOOKY FISH<4><[U:1:445849108]><>"
L 10/15/2020 - 16:55:08: [respawn.smx] "Nightmarish Nezzie<3><[U:1:107910185]><>" respawned "Chucklenuts<7><BOT><>"
L 10/15/2020 - 16:58:55: [mapchooser_extended.smx] Voting for next map has started.
L 10/15/2020 - 16:59:22: [mapchooser_extended.smx] Voting for next map has started.
L 10/15/2020 - 16:59:43: [mapchooser_extended.smx] Voting for next map has finished. Nextmap: vsh_tranquil_b5.
L 10/15/2020 - 17:01:09: [respawn.smx] "Nightmarish Nezzie<3><[U:1:107910185]><>" respawned "Nightmarish Nezzie<3><[U:1:107910185]><>"
L 10/15/2020 - 17:01:09: [respawn.smx] "Nightmarish Nezzie<3><[U:1:107910185]><>" respawned "SPOOKY FISH<4><[U:1:445849108]><>"
L 10/15/2020 - 17:04:40: [respawn.smx] "Nightmarish Nezzie<3><[U:1:107910185]><>" respawned "SPOOKY FISH<4><[U:1:445849108]><>"
L 10/15/2020 - 17:04:40: [respawn.smx] "Nightmarish Nezzie<3><[U:1:107910185]><>" respawned "Potatoking<6><[U:1:843162042]><>"
L 10/15/2020 - 17:06:52: [funcommands.smx] "Nightmarish Nezzie<3><[U:1:107910185]><>" toggled noclip on "Nightmarish Nezzie<3><[U:1:107910185]><>"
L 10/15/2020 - 17:06:55: [funcommands.smx] "Nightmarish Nezzie<3><[U:1:107910185]><>" toggled noclip on "Nightmarish Nezzie<3><[U:1:107910185]><>"
L 10/15/2020 - 17:06:56: [funcommands.smx] "Nightmarish Nezzie<3><[U:1:107910185]><>" toggled noclip on "Nightmarish Nezzie<3><[U:1:107910185]><>"
L 10/15/2020 - 17:07:10: [funcommands.smx] "Nightmarish Nezzie<3><[U:1:107910185]><>" toggled noclip on "Nightmarish Nezzie<3><[U:1:107910185]><>"
L 10/15/2020 - 17:07:47: [basechat.smx] "Console<0><Console><Console>" triggered sm_say (text The round time has ended, omaewa-mou shindeiru)
L 10/15/2020 - 17:07:47: [playercommands.smx] "Console<0><Console><Console>" slayed "Nightmarish Nezzie<3><[U:1:107910185]><>"
L 10/15/2020 - 17:07:47: [playercommands.smx] "Console<0><Console><Console>" slayed "SPOOKY FISH<4><[U:1:445849108]><>"
L 10/15/2020 - 17:07:47: [playercommands.smx] "Console<0><Console><Console>" slayed "omi-box<5><[U:1:54762792]><>"
L 10/15/2020 - 17:07:47: [playercommands.smx] "Console<0><Console><Console>" slayed "Potatoking<6><[U:1:843162042]><>"
L 10/15/2020 - 17:07:47: [playercommands.smx] "Console<0><Console><Console>" slayed "Chucklenuts<7><BOT><>"
L 10/15/2020 - 17:10:45: [playercommands.smx] "Nightmarish Nezzie<3><[U:1:107910185]><>" slapped "Potatoking<6><[U:1:843162042]><>" (damage "0")
L 10/15/2020 - 17:10:52: [respawn.smx] "Nightmarish Nezzie<3><[U:1:107910185]><>" respawned "Nightmarish Nezzie<3><[U:1:107910185]><>"
L 10/15/2020 - 17:16:05: [basechat.smx] "Console<0><Console><Console>" triggered sm_say (text The round time has ended, omaewa-mou shindeiru)
L 10/15/2020 - 17:16:05: [playercommands.smx] "Console<0><Console><Console>" slayed "Nightmarish Nezzie<3><[U:1:107910185]><>"
L 10/15/2020 - 17:16:05: [playercommands.smx] "Console<0><Console><Console>" slayed "omi-box<5><[U:1:54762792]><>"
L 10/15/2020 - 17:16:05: [playercommands.smx] "Console<0><Console><Console>" slayed "Potatoking<6><[U:1:843162042]><>"
L 10/15/2020 - 17:16:37: [respawn.smx] "Nightmarish Nezzie<3><[U:1:107910185]><>" respawned "Nightmarish Nezzie<3><[U:1:107910185]><>"
L 10/15/2020 - 17:20:22: [respawn.smx] "Nightmarish Nezzie<3><[U:1:107910185]><>" respawned "SPOOKY FISH<4><[U:1:445849108]><>"
L 10/15/2020 - 17:20:22: [respawn.smx] "Nightmarish Nezzie<3><[U:1:107910185]><>" respawned "Potatoking<6><[U:1:843162042]><>"
L 10/15/2020 - 17:20:36: [respawn.smx] "Nightmarish Nezzie<3><[U:1:107910185]><>" respawned "omi-box<5><[U:1:54762792]><>"
L 10/15/2020 - 17:23:53: [playercommands.smx] "Nightmarish Nezzie<3><[U:1:107910185]><>" slapped "Nightmarish Nezzie<3><[U:1:107910185]><>" (damage "0")
L 10/15/2020 - 17:23:53: [playercommands.smx] "Nightmarish Nezzie<3><[U:1:107910185]><>" slapped "Nightmarish Nezzie<3><[U:1:107910185]><>" (damage "0")
L 10/15/2020 - 17:23:53: [playercommands.smx] "Nightmarish Nezzie<3><[U:1:107910185]><>" slapped "Nightmarish Nezzie<3><[U:1:107910185]><>" (damage "0")
L 10/15/2020 - 17:23:53: [playercommands.smx] "Nightmarish Nezzie<3><[U:1:107910185]><>" slapped "Nightmarish Nezzie<3><[U:1:107910185]><>" (damage "0")
L 10/15/2020 - 17:23:54: [playercommands.smx] "Nightmarish Nezzie<3><[U:1:107910185]><>" slapped "Nightmarish Nezzie<3><[U:1:107910185]><>" (damage "0")
L 10/15/2020 - 17:23:54: [playercommands.smx] "Nightmarish Nezzie<3><[U:1:107910185]><>" slapped "Nightmarish Nezzie<3><[U:1:107910185]><>" (damage "0")
L 10/15/2020 - 17:23:54: [playercommands.smx] "Nightmarish Nezzie<3><[U:1:107910185]><>" slapped "Nightmarish Nezzie<3><[U:1:107910185]><>" (damage "0")
L 10/15/2020 - 17:23:54: [playercommands.smx] "Nightmarish Nezzie<3><[U:1:107910185]><>" slapped "Nightmarish Nezzie<3><[U:1:107910185]><>" (damage "0")
L 10/15/2020 - 17:23:54: [playercommands.smx] "Nightmarish Nezzie<3><[U:1:107910185]><>" slapped "Nightmarish Nezzie<3><[U:1:107910185]><>" (damage "0")
L 10/15/2020 - 17:23:54: [playercommands.smx] "Nightmarish Nezzie<3><[U:1:107910185]><>" slapped "Nightmarish Nezzie<3><[U:1:107910185]><>" (damage "0")
L 10/15/2020 - 17:23:55: [playercommands.smx] "Nightmarish Nezzie<3><[U:1:107910185]><>" slapped "Nightmarish Nezzie<3><[U:1:107910185]><>" (damage "0")
L 10/15/2020 - 17:23:55: [playercommands.smx] "Nightmarish Nezzie<3><[U:1:107910185]><>" slapped "Nightmarish Nezzie<3><[U:1:107910185]><>" (damage "0")
L 10/15/2020 - 17:33:56: [playercommands.smx] "Nightmarish Nezzie<3><[U:1:107910185]><>" slayed "Nightmarish Nezzie<3><[U:1:107910185]><>"
L 10/15/2020 - 17:33:56: [playercommands.smx] "Nightmarish Nezzie<3><[U:1:107910185]><>" slayed "omi-box<5><[U:1:54762792]><>"
L 10/15/2020 - 17:45:06: [basechat.smx] "Nightmarish Nezzie<3><[U:1:107910185]><>" triggered sm_msay (text hoyaaaah)
L 10/15/2020 - 17:45:31: [funcommandsX.smx] "Nightmarish Nezzie<3><[U:1:107910185]><>" teleported "Potatoking<6><[U:1:843162042]><>"
L 10/15/2020 - 17:45:33: [funcommandsX.smx] "Nightmarish Nezzie<3><[U:1:107910185]><>" teleported "Potatoking<6><[U:1:843162042]><>"
L 10/15/2020 - 17:45:35: [funcommandsX.smx] "Nightmarish Nezzie<3><[U:1:107910185]><>" teleported "Potatoking<6><[U:1:843162042]><>"
L 10/15/2020 - 17:45:36: [funcommandsX.smx] "Nightmarish Nezzie<3><[U:1:107910185]><>" teleported "Potatoking<6><[U:1:843162042]><>"
L 10/15/2020 - 17:45:39: [funcommandsX.smx] "Nightmarish Nezzie<3><[U:1:107910185]><>" teleported "Potatoking<6><[U:1:843162042]><>"
L 10/15/2020 - 17:45:39: [funcommandsX.smx] "Nightmarish Nezzie<3><[U:1:107910185]><>" teleported "Potatoking<6><[U:1:843162042]><>"
L 10/15/2020 - 17:45:42: [funcommandsX.smx] "Nightmarish Nezzie<3><[U:1:107910185]><>" teleported "Potatoking<6><[U:1:843162042]><>"
L 10/15/2020 - 17:45:49: [funcommands.smx] "Nightmarish Nezzie<3><[U:1:107910185]><>" toggled noclip on "Potatoking<6><[U:1:843162042]><>"
L 10/15/2020 - 17:45:53: [funcommands.smx] "Nightmarish Nezzie<3><[U:1:107910185]><>" toggled noclip on "Potatoking<6><[U:1:843162042]><>"
L 10/15/2020 - 17:50:06: [basechat.smx] "Nightmarish Nezzie<3><[U:1:107910185]><>" triggered sm_msay (text bababooey)
L 10/15/2020 - 17:50:06: [basechat.smx] "Nightmarish Nezzie<3><[U:1:107910185]><>" triggered sm_csay (text bababooey)
L 10/15/2020 - 17:50:06: [basechat.smx] "Nightmarish Nezzie<3><[U:1:107910185]><>" triggered sm_hsay (text bababooey)
L 10/15/2020 - 17:53:03: SourceMod log file session started (file "/home/steamsrv/tf2/tf/addons/sourcemod/logs/L20201015.log") (Version "1.10.0.6490")
L 10/15/2020 - 17:53:03: [TF2ITEMS] "GiveNamedItem" offset = 484
L 10/15/2020 - 17:53:05: [funcommandsX.smx] Game detected as Team Fortress 2: Source (GAME_TF2)
L 10/15/2020 - 17:53:05: [simple-chatprocessor.smx] [SCP] Recognized mod [Team Fortress 2].
L 10/15/2020 - 17:53:05: [simple-chatprocessor.smx] [SCP] Loading translation file [scp.tf.phrases].
L 10/15/2020 - 17:53:05: [freak_fortress_2.smx] Freak Fortress 2 199001 Loading...
L 10/15/2020 - 17:53:24: [mapchooser_extended.smx] Loaded map list for tf.
L 10/15/2020 - 17:56:05: [basecommands.smx] "Nightmarish Nezzie<2><[U:1:107910185]><>" changed map to "vsh_void_a1f"
L 10/15/2020 - 17:56:08: [SM] Changed map to "vsh_void_a1f"
L 10/15/2020 - 17:56:10: -------- Mapchange to vsh_void_a1f --------
L 10/15/2020 - 17:56:18: [mapchooser_extended.smx] Loaded map list for tf.
L 10/15/2020 - 18:01:13: [respawn.smx] "Nightmarish Nezzie<2><[U:1:107910185]><>" respawned "omi-box<3><[U:1:54762792]><>"
L 10/15/2020 - 18:13:12: [respawn.smx] "Nightmarish Nezzie<2><[U:1:107910185]><>" respawned "MeeM Bird<4><[U:1:151015238]><>"
L 10/15/2020 - 18:16:38: [mapchooser_extended.smx] Voting for next map has started.
L 10/15/2020 - 18:16:58: [mapchooser_extended.smx] Voting for next map has finished. Nextmap: vsh_palanquin_ship_novpk.
L 10/17/2020 - 21:27:10: Log file closed.
