L 12/07/2020 - 00:57:38: SourceMod log file session started (file "/home/steamsrv/tf2/tf/addons/sourcemod/logs/L20201207.log") (Version "1.10.0.6490")
L 12/07/2020 - 00:57:38: [SM] Changed map to "vsh_manncohq_v14"
L 12/07/2020 - 00:57:41: -------- Mapchange to vsh_manncohq_v14 --------
L 12/07/2020 - 00:57:51: [mapchooser_extended.smx] Loaded map list for tf.
L 12/07/2020 - 00:59:27: [playercommands.smx] "Nezzie<71><[U:1:107910185]><>" slayed "FROSTY F1SH (ART COMMS. OPEN)<73><[U:1:445849108]><>"
L 12/07/2020 - 00:59:28: [playercommands.smx] "Nezzie<71><[U:1:107910185]><>" slayed "Hailstorm<72><[U:1:181986054]><>"
L 12/07/2020 - 01:05:20: [funcommandsX.smx] "Nezzie<71><[U:1:107910185]><>" teleported "FROSTY F1SH (ART COMMS. OPEN)<73><[U:1:445849108]><>"
L 12/07/2020 - 01:05:25: [funcommandsX.smx] "Nezzie<71><[U:1:107910185]><>" teleported "Nezzie<71><[U:1:107910185]><>"
L 12/07/2020 - 01:18:06: [mapchooser_extended.smx] Voting for next map has started.
L 12/07/2020 - 01:18:26: [mapchooser_extended.smx] Voting for next map has finished. Nextmap: vsh_abandoned_warehouse_final_v3.
L 12/07/2020 - 01:21:52: [respawn.smx] "Nezzie<71><[U:1:107910185]><>" respawned "FROSTY F1SH (ART COMMS. OPEN)<73><[U:1:445849108]><>"
L 12/07/2020 - 01:23:10: [respawn.smx] "Nezzie<71><[U:1:107910185]><>" respawned "Nezzie<71><[U:1:107910185]><>"
L 12/07/2020 - 01:23:14: [playercommands.smx] "Nezzie<71><[U:1:107910185]><>" slayed "FROSTY F1SH (ART COMMS. OPEN)<73><[U:1:445849108]><>"
L 12/07/2020 - 01:32:17: [SM] Changed map to "vsh_abandoned_warehouse_final_v3"
L 12/07/2020 - 01:32:19: -------- Mapchange to vsh_abandoned_warehouse_final_v3 --------
L 12/07/2020 - 01:32:31: [mapchooser_extended.smx] Loaded map list for tf.
L 12/07/2020 - 01:52:44: [nominations_extended.smx] Hailstorm nominated vsh_scoobydoo_v1
L 12/07/2020 - 01:52:46: [mapchooser_extended.smx] Voting for next map has started.
L 12/07/2020 - 01:52:58: [mapchooser_extended.smx] Voting for next map has started.
L 12/07/2020 - 01:53:01: [mapchooser_extended.smx] Voting for next map has finished. Nextmap: vsh_intrusion_rc2.
L 12/07/2020 - 01:58:13: [funcommandsX.smx] Game detected as Team Fortress 2: Source (GAME_TF2)
L 12/07/2020 - 01:58:13: [simple-chatprocessor.smx] [SCP] Recognized mod [Team Fortress 2].
L 12/07/2020 - 01:58:13: [simple-chatprocessor.smx] [SCP] Loading translation file [scp.tf.phrases].
L 12/07/2020 - 01:58:13: [freak_fortress_2.smx] Freak Fortress 2 199001 Loading...
L 12/07/2020 - 01:58:14: [mapchooser_extended.smx] Loaded map list for tf.
L 12/07/2020 - 01:58:30: [mapchooser_extended.smx] Voting for next map has started.
L 12/07/2020 - 01:58:36: [mapchooser_extended.smx] Voting for next map has finished. Nextmap: vsh_intrusion_rc2.
L 12/07/2020 - 02:00:36: [basecommands.smx] "Nezzie<81><[U:1:107910185]><>" changed map to "vsh_nebula_rc1"
L 12/07/2020 - 02:00:39: [SM] Changed map to "vsh_nebula_rc1"
L 12/07/2020 - 02:00:43: -------- Mapchange to vsh_nebula_rc1 --------
L 12/07/2020 - 02:00:55: [mapchooser_extended.smx] Loaded map list for tf.
L 12/07/2020 - 02:02:14: [funcommandsX.smx] Game detected as Team Fortress 2: Source (GAME_TF2)
L 12/07/2020 - 02:02:14: [simple-chatprocessor.smx] [SCP] Recognized mod [Team Fortress 2].
L 12/07/2020 - 02:02:14: [simple-chatprocessor.smx] [SCP] Loading translation file [scp.tf.phrases].
L 12/07/2020 - 02:02:14: [freak_fortress_2.smx] Freak Fortress 2 199001 Loading...
L 12/07/2020 - 02:02:15: [mapchooser_extended.smx] Loaded map list for tf.
L 12/07/2020 - 02:03:38: [funcommands.smx] "Hailstorm<80><[U:1:181986054]><>" set a beacon on "Hailstorm<80><[U:1:181986054]><>"
L 12/07/2020 - 02:03:50: [funcommands.smx] "Hailstorm<80><[U:1:181986054]><>" set a FireBomb on "Hailstorm<80><[U:1:181986054]><>"
L 12/07/2020 - 02:03:52: [funcommands.smx] "Hailstorm<80><[U:1:181986054]><>" set a TimeBomb on "Hailstorm<80><[U:1:181986054]><>"
L 12/07/2020 - 02:03:54: [funcommands.smx] "Hailstorm<80><[U:1:181986054]><>" set a FreezeBomb on "Hailstorm<80><[U:1:181986054]><>"
L 12/07/2020 - 02:04:28: [playercommands.smx] "Hailstorm<80><[U:1:181986054]><>" slapped "Hailstorm<80><[U:1:181986054]><>" (damage "1")
L 12/07/2020 - 02:04:31: [playercommands.smx] "Hailstorm<80><[U:1:181986054]><>" slapped "Hailstorm<80><[U:1:181986054]><>" (damage "1")
L 12/07/2020 - 02:04:31: [playercommands.smx] "Hailstorm<80><[U:1:181986054]><>" slapped "Hailstorm<80><[U:1:181986054]><>" (damage "1")
L 12/07/2020 - 02:04:32: [playercommands.smx] "Hailstorm<80><[U:1:181986054]><>" slapped "Hailstorm<80><[U:1:181986054]><>" (damage "1")
L 12/07/2020 - 02:04:32: [playercommands.smx] "Hailstorm<80><[U:1:181986054]><>" slapped "Hailstorm<80><[U:1:181986054]><>" (damage "1")
L 12/07/2020 - 02:04:32: [playercommands.smx] "Hailstorm<80><[U:1:181986054]><>" slapped "Hailstorm<80><[U:1:181986054]><>" (damage "1")
L 12/07/2020 - 02:04:36: [playercommands.smx] "Hailstorm<80><[U:1:181986054]><>" slapped "Hailstorm<80><[U:1:181986054]><>" (damage "1")
L 12/07/2020 - 02:04:36: [playercommands.smx] "Hailstorm<80><[U:1:181986054]><>" slapped "Hailstorm<80><[U:1:181986054]><>" (damage "1")
L 12/07/2020 - 02:04:37: [playercommands.smx] "Hailstorm<80><[U:1:181986054]><>" slapped "Hailstorm<80><[U:1:181986054]><>" (damage "1")
L 12/07/2020 - 02:04:37: [playercommands.smx] "Hailstorm<80><[U:1:181986054]><>" slapped "Hailstorm<80><[U:1:181986054]><>" (damage "1")
L 12/07/2020 - 02:04:37: [playercommands.smx] "Hailstorm<80><[U:1:181986054]><>" slapped "Hailstorm<80><[U:1:181986054]><>" (damage "1")
L 12/07/2020 - 02:04:38: [playercommands.smx] "Hailstorm<80><[U:1:181986054]><>" slapped "Hailstorm<80><[U:1:181986054]><>" (damage "1")
L 12/07/2020 - 02:04:38: [playercommands.smx] "Hailstorm<80><[U:1:181986054]><>" slapped "Hailstorm<80><[U:1:181986054]><>" (damage "1")
L 12/07/2020 - 02:04:39: [playercommands.smx] "Hailstorm<80><[U:1:181986054]><>" slapped "Hailstorm<80><[U:1:181986054]><>" (damage "1")
L 12/07/2020 - 02:04:39: [playercommands.smx] "Hailstorm<80><[U:1:181986054]><>" slapped "Hailstorm<80><[U:1:181986054]><>" (damage "1")
L 12/07/2020 - 02:04:39: [playercommands.smx] "Hailstorm<80><[U:1:181986054]><>" slapped "Hailstorm<80><[U:1:181986054]><>" (damage "1")
L 12/07/2020 - 02:04:40: [playercommands.smx] "Hailstorm<80><[U:1:181986054]><>" slapped "Hailstorm<80><[U:1:181986054]><>" (damage "1")
L 12/07/2020 - 02:04:40: [playercommands.smx] "Hailstorm<80><[U:1:181986054]><>" slapped "Hailstorm<80><[U:1:181986054]><>" (damage "1")
L 12/07/2020 - 02:04:40: [playercommands.smx] "Hailstorm<80><[U:1:181986054]><>" slapped "Hailstorm<80><[U:1:181986054]><>" (damage "1")
L 12/07/2020 - 02:04:41: [playercommands.smx] "Hailstorm<80><[U:1:181986054]><>" slapped "Hailstorm<80><[U:1:181986054]><>" (damage "1")
L 12/07/2020 - 02:04:41: [playercommands.smx] "Hailstorm<80><[U:1:181986054]><>" slapped "Hailstorm<80><[U:1:181986054]><>" (damage "1")
L 12/07/2020 - 02:04:43: [playercommands.smx] "Hailstorm<80><[U:1:181986054]><>" slapped "Hailstorm<80><[U:1:181986054]><>" (damage "1")
L 12/07/2020 - 02:04:44: [playercommands.smx] "Hailstorm<80><[U:1:181986054]><>" slapped "Hailstorm<80><[U:1:181986054]><>" (damage "1")
L 12/07/2020 - 02:04:44: [playercommands.smx] "Hailstorm<80><[U:1:181986054]><>" slapped "Hailstorm<80><[U:1:181986054]><>" (damage "1")
L 12/07/2020 - 02:04:44: [playercommands.smx] "Hailstorm<80><[U:1:181986054]><>" slapped "Hailstorm<80><[U:1:181986054]><>" (damage "1")
L 12/07/2020 - 02:05:32: [funcommandsX.smx] "Hailstorm<80><[U:1:181986054]><>" made "Hailstorm<80><[U:1:181986054]><>" Happy
L 12/07/2020 - 02:05:47: [funcommands.smx] "Hailstorm<80><[U:1:181986054]><>" set gravity on "Hailstorm<80><[U:1:181986054]><>" (amount "4.000000")
L 12/07/2020 - 02:05:59: [funcommands.smx] "Hailstorm<80><[U:1:181986054]><>" set gravity on "Hailstorm<80><[U:1:181986054]><>" (amount "1.000000")
L 12/07/2020 - 02:06:25: [funcommands.smx] "Hailstorm<80><[U:1:181986054]><>" ignited "test1<85><BOT><>" (seconds "20.000000")
L 12/07/2020 - 02:06:26: [funcommands.smx] "Hailstorm<80><[U:1:181986054]><>" ignited "test<84><BOT><>" (seconds "20.000000")
L 12/07/2020 - 02:06:54: [funcommandsX.smx] "Hailstorm<80><[U:1:181986054]><>" made "Hailstorm<80><[U:1:181986054]><>" Unhappy
L 12/07/2020 - 02:07:28: [funcommands.smx] "Hailstorm<80><[U:1:181986054]><>" ignited "springvince (Quicksell.store)<83><[U:1:861268626]><>" (seconds "20.000000")
L 12/07/2020 - 02:12:14: [funcommands.smx] "Hailstorm<80><[U:1:181986054]><>" ignited "test<84><BOT><>" (seconds "20.000000")
L 12/07/2020 - 02:12:15: [funcommands.smx] "Hailstorm<80><[U:1:181986054]><>" ignited "test1<85><BOT><>" (seconds "20.000000")
L 12/07/2020 - 02:13:42: [funcommands.smx] "Hailstorm<80><[U:1:181986054]><>" ignited "test<84><BOT><>" (seconds "20.000000")
L 12/07/2020 - 02:13:44: [funcommands.smx] "Hailstorm<80><[U:1:181986054]><>" ignited "test<84><BOT><>" (seconds "20.000000")
L 12/07/2020 - 02:13:45: [funcommands.smx] "Hailstorm<80><[U:1:181986054]><>" ignited "test<84><BOT><>" (seconds "20.000000")
L 12/07/2020 - 02:13:45: [funcommands.smx] "Hailstorm<80><[U:1:181986054]><>" ignited "test<84><BOT><>" (seconds "20.000000")
L 12/07/2020 - 02:18:47: [playercommands.smx] "Nezzie<81><[U:1:107910185]><>" slayed "test<84><BOT><>"
L 12/07/2020 - 02:18:48: [playercommands.smx] "Nezzie<81><[U:1:107910185]><>" slayed "test1<85><BOT><>"
L 12/07/2020 - 02:19:05: [funcommands.smx] "Hailstorm<80><[U:1:181986054]><>" set a beacon on "Hailstorm<80><[U:1:181986054]><>"
L 12/07/2020 - 02:20:24: [respawn.smx] "Hailstorm<80><[U:1:181986054]><>" respawned "Hailstorm<80><[U:1:181986054]><>"
L 12/07/2020 - 02:20:27: [respawn.smx] "FROSTY F1SH (ART COMMS. OPEN)<86><[U:1:445849108]><>" respawned "FROSTY F1SH (ART COMMS. OPEN)<86><[U:1:445849108]><>"
L 12/07/2020 - 02:21:18: [respawn.smx] "Hailstorm<80><[U:1:181986054]><>" respawned "Hailstorm<80><[U:1:181986054]><>"
L 12/07/2020 - 02:21:20: [mapchooser_extended.smx] Voting for next map has started.
L 12/07/2020 - 02:21:40: [mapchooser_extended.smx] Voting for next map has finished. Nextmap: vsh_area_54tress_b4.
L 12/07/2020 - 02:21:56: [respawn.smx] "Hailstorm<80><[U:1:181986054]><>" respawned "Hailstorm<80><[U:1:181986054]><>"
L 12/07/2020 - 02:22:16: [respawn.smx] "Hailstorm<80><[U:1:181986054]><>" respawned "Hailstorm<80><[U:1:181986054]><>"
L 12/07/2020 - 02:22:18: [respawn.smx] "Hailstorm<80><[U:1:181986054]><>" respawned "test<84><BOT><>"
L 12/07/2020 - 02:22:19: [respawn.smx] "Hailstorm<80><[U:1:181986054]><>" respawned "FROSTY F1SH (ART COMMS. OPEN)<86><[U:1:445849108]><>"
L 12/07/2020 - 02:22:19: [respawn.smx] "Hailstorm<80><[U:1:181986054]><>" respawned "test1<85><BOT><>"
L 12/07/2020 - 02:22:33: [funcommands.smx] "Hailstorm<80><[U:1:181986054]><>" set a beacon on "Hailstorm<80><[U:1:181986054]><>"
L 12/07/2020 - 02:22:40: [funcommands.smx] "Hailstorm<80><[U:1:181986054]><>" ignited "Hailstorm<80><[U:1:181986054]><>" (seconds "20.000000")
L 12/07/2020 - 02:22:53: [playercommands.smx] "FROSTY F1SH (ART COMMS. OPEN)<86><[U:1:445849108]><>" slapped "Hailstorm<80><[U:1:181986054]><>" (damage "0")
L 12/07/2020 - 02:22:53: [playercommands.smx] "FROSTY F1SH (ART COMMS. OPEN)<86><[U:1:445849108]><>" slapped "Hailstorm<80><[U:1:181986054]><>" (damage "0")
L 12/07/2020 - 02:22:54: [playercommands.smx] "FROSTY F1SH (ART COMMS. OPEN)<86><[U:1:445849108]><>" slapped "Hailstorm<80><[U:1:181986054]><>" (damage "0")
L 12/07/2020 - 02:22:54: [playercommands.smx] "FROSTY F1SH (ART COMMS. OPEN)<86><[U:1:445849108]><>" slapped "Hailstorm<80><[U:1:181986054]><>" (damage "0")
L 12/07/2020 - 02:23:05: [playercommands.smx] "FROSTY F1SH (ART COMMS. OPEN)<86><[U:1:445849108]><>" slapped "Hailstorm<80><[U:1:181986054]><>" (damage "0")
L 12/07/2020 - 02:23:13: [playercommands.smx] "FROSTY F1SH (ART COMMS. OPEN)<86><[U:1:445849108]><>" slapped "FROSTY F1SH (ART COMMS. OPEN)<86><[U:1:445849108]><>" (damage "0")
L 12/07/2020 - 02:23:24: [funcommands.smx] "Hailstorm<80><[U:1:181986054]><>" froze "Hailstorm<80><[U:1:181986054]><>"
L 12/07/2020 - 02:23:30: [playercommands.smx] "Hailstorm<80><[U:1:181986054]><>" slapped "Hailstorm<80><[U:1:181986054]><>" (damage "0")
L 12/07/2020 - 02:23:30: [playercommands.smx] "Hailstorm<80><[U:1:181986054]><>" slapped "Hailstorm<80><[U:1:181986054]><>" (damage "0")
L 12/07/2020 - 02:23:31: [playercommands.smx] "Hailstorm<80><[U:1:181986054]><>" slapped "Hailstorm<80><[U:1:181986054]><>" (damage "0")
L 12/07/2020 - 02:23:34: [funcommands.smx] "Hailstorm<80><[U:1:181986054]><>" froze "Hailstorm<80><[U:1:181986054]><>"
L 12/07/2020 - 02:23:39: [playercommands.smx] "Hailstorm<80><[U:1:181986054]><>" slapped "Hailstorm<80><[U:1:181986054]><>" (damage "0")
L 12/07/2020 - 02:23:39: [playercommands.smx] "Hailstorm<80><[U:1:181986054]><>" slapped "Hailstorm<80><[U:1:181986054]><>" (damage "0")
L 12/07/2020 - 02:23:39: [playercommands.smx] "Hailstorm<80><[U:1:181986054]><>" slapped "Hailstorm<80><[U:1:181986054]><>" (damage "0")
L 12/07/2020 - 02:23:40: [playercommands.smx] "Hailstorm<80><[U:1:181986054]><>" slapped "Hailstorm<80><[U:1:181986054]><>" (damage "0")
L 12/07/2020 - 02:23:40: [playercommands.smx] "Hailstorm<80><[U:1:181986054]><>" slapped "Hailstorm<80><[U:1:181986054]><>" (damage "0")
L 12/07/2020 - 02:23:40: [playercommands.smx] "Hailstorm<80><[U:1:181986054]><>" slapped "Hailstorm<80><[U:1:181986054]><>" (damage "0")
L 12/07/2020 - 02:23:41: [playercommands.smx] "Hailstorm<80><[U:1:181986054]><>" slapped "Hailstorm<80><[U:1:181986054]><>" (damage "0")
L 12/07/2020 - 02:23:41: [playercommands.smx] "Hailstorm<80><[U:1:181986054]><>" slapped "Hailstorm<80><[U:1:181986054]><>" (damage "0")
L 12/07/2020 - 02:23:41: [playercommands.smx] "Hailstorm<80><[U:1:181986054]><>" slapped "Hailstorm<80><[U:1:181986054]><>" (damage "0")
L 12/07/2020 - 02:23:42: [playercommands.smx] "Hailstorm<80><[U:1:181986054]><>" slapped "Hailstorm<80><[U:1:181986054]><>" (damage "0")
L 12/07/2020 - 02:23:42: [playercommands.smx] "Hailstorm<80><[U:1:181986054]><>" slapped "Hailstorm<80><[U:1:181986054]><>" (damage "0")
L 12/07/2020 - 02:23:42: [playercommands.smx] "Hailstorm<80><[U:1:181986054]><>" slapped "Hailstorm<80><[U:1:181986054]><>" (damage "0")
L 12/07/2020 - 02:23:42: [playercommands.smx] "Hailstorm<80><[U:1:181986054]><>" slapped "Hailstorm<80><[U:1:181986054]><>" (damage "0")
L 12/07/2020 - 02:23:43: [playercommands.smx] "Hailstorm<80><[U:1:181986054]><>" slapped "Hailstorm<80><[U:1:181986054]><>" (damage "0")
L 12/07/2020 - 02:23:43: [playercommands.smx] "Hailstorm<80><[U:1:181986054]><>" slapped "Hailstorm<80><[U:1:181986054]><>" (damage "0")
L 12/07/2020 - 02:23:43: [playercommands.smx] "Hailstorm<80><[U:1:181986054]><>" slapped "Hailstorm<80><[U:1:181986054]><>" (damage "0")
L 12/07/2020 - 02:23:44: [playercommands.smx] "Hailstorm<80><[U:1:181986054]><>" slapped "Hailstorm<80><[U:1:181986054]><>" (damage "0")
L 12/07/2020 - 02:23:44: [playercommands.smx] "Hailstorm<80><[U:1:181986054]><>" slapped "Hailstorm<80><[U:1:181986054]><>" (damage "0")
L 12/07/2020 - 02:23:44: [playercommands.smx] "Hailstorm<80><[U:1:181986054]><>" slapped "Hailstorm<80><[U:1:181986054]><>" (damage "0")
L 12/07/2020 - 02:23:50: [playercommands.smx] "Hailstorm<80><[U:1:181986054]><>" slapped "Hailstorm<80><[U:1:181986054]><>" (damage "0")
L 12/07/2020 - 02:23:50: [playercommands.smx] "Hailstorm<80><[U:1:181986054]><>" slapped "Hailstorm<80><[U:1:181986054]><>" (damage "0")
L 12/07/2020 - 02:23:50: [playercommands.smx] "Hailstorm<80><[U:1:181986054]><>" slapped "Hailstorm<80><[U:1:181986054]><>" (damage "0")
L 12/07/2020 - 02:23:51: [playercommands.smx] "Hailstorm<80><[U:1:181986054]><>" slapped "Hailstorm<80><[U:1:181986054]><>" (damage "0")
L 12/07/2020 - 02:23:51: [playercommands.smx] "Hailstorm<80><[U:1:181986054]><>" slapped "Hailstorm<80><[U:1:181986054]><>" (damage "0")
L 12/07/2020 - 02:23:51: [playercommands.smx] "Hailstorm<80><[U:1:181986054]><>" slapped "Hailstorm<80><[U:1:181986054]><>" (damage "0")
L 12/07/2020 - 02:23:52: [playercommands.smx] "Hailstorm<80><[U:1:181986054]><>" slapped "Hailstorm<80><[U:1:181986054]><>" (damage "0")
L 12/07/2020 - 02:23:52: [playercommands.smx] "Hailstorm<80><[U:1:181986054]><>" slapped "Hailstorm<80><[U:1:181986054]><>" (damage "0")
L 12/07/2020 - 02:23:52: [playercommands.smx] "Hailstorm<80><[U:1:181986054]><>" slapped "Hailstorm<80><[U:1:181986054]><>" (damage "0")
L 12/07/2020 - 02:23:53: [playercommands.smx] "Hailstorm<80><[U:1:181986054]><>" slapped "Hailstorm<80><[U:1:181986054]><>" (damage "0")
L 12/07/2020 - 02:23:53: [playercommands.smx] "Hailstorm<80><[U:1:181986054]><>" slapped "Hailstorm<80><[U:1:181986054]><>" (damage "0")
L 12/07/2020 - 02:23:53: [playercommands.smx] "Hailstorm<80><[U:1:181986054]><>" slapped "Hailstorm<80><[U:1:181986054]><>" (damage "0")
L 12/07/2020 - 02:23:53: [playercommands.smx] "Hailstorm<80><[U:1:181986054]><>" slapped "Hailstorm<80><[U:1:181986054]><>" (damage "0")
L 12/07/2020 - 02:23:54: [playercommands.smx] "Hailstorm<80><[U:1:181986054]><>" slapped "Hailstorm<80><[U:1:181986054]><>" (damage "0")
L 12/07/2020 - 02:23:54: [playercommands.smx] "Hailstorm<80><[U:1:181986054]><>" slapped "Hailstorm<80><[U:1:181986054]><>" (damage "0")
L 12/07/2020 - 02:23:54: [playercommands.smx] "Hailstorm<80><[U:1:181986054]><>" slapped "Hailstorm<80><[U:1:181986054]><>" (damage "0")
L 12/07/2020 - 02:23:54: [playercommands.smx] "Hailstorm<80><[U:1:181986054]><>" slapped "Hailstorm<80><[U:1:181986054]><>" (damage "0")
L 12/07/2020 - 02:23:55: [playercommands.smx] "Hailstorm<80><[U:1:181986054]><>" slapped "Hailstorm<80><[U:1:181986054]><>" (damage "0")
L 12/07/2020 - 02:23:55: [playercommands.smx] "Hailstorm<80><[U:1:181986054]><>" slapped "Hailstorm<80><[U:1:181986054]><>" (damage "0")
L 12/07/2020 - 02:23:55: [playercommands.smx] "Hailstorm<80><[U:1:181986054]><>" slapped "Hailstorm<80><[U:1:181986054]><>" (damage "0")
L 12/07/2020 - 02:23:55: [playercommands.smx] "Hailstorm<80><[U:1:181986054]><>" slapped "Hailstorm<80><[U:1:181986054]><>" (damage "0")
L 12/07/2020 - 02:25:52: [playercommands.smx] "Nezzie<81><[U:1:107910185]><>" slayed "test<84><BOT><>"
L 12/07/2020 - 02:25:52: [playercommands.smx] "Nezzie<81><[U:1:107910185]><>" slayed "test1<85><BOT><>"
L 12/07/2020 - 02:26:13: [respawn.smx] "FROSTY F1SH (ART COMMS. OPEN)<86><[U:1:445849108]><>" respawned "Hailstorm<80><[U:1:181986054]><>"
L 12/07/2020 - 02:26:19: [playercommands.smx] "Hailstorm<80><[U:1:181986054]><>" slapped "FROSTY F1SH (ART COMMS. OPEN)<86><[U:1:445849108]><>" (damage "0")
L 12/07/2020 - 02:26:38: [respawn.smx] "Hailstorm<80><[U:1:181986054]><>" respawned "Hailstorm<80><[U:1:181986054]><>"
L 12/07/2020 - 02:27:07: [respawn.smx] "Hailstorm<80><[U:1:181986054]><>" respawned "Hailstorm<80><[U:1:181986054]><>"
L 12/07/2020 - 02:28:55: [funcommands.smx] "Hailstorm<80><[U:1:181986054]><>" froze "Hailstorm<80><[U:1:181986054]><>"
L 12/07/2020 - 02:29:25: [funcommands.smx] "Hailstorm<80><[U:1:181986054]><>" froze "Hailstorm<80><[U:1:181986054]><>"
L 12/07/2020 - 02:29:36: [funcommands.smx] "Hailstorm<80><[U:1:181986054]><>" froze "Hailstorm<80><[U:1:181986054]><>"
L 12/07/2020 - 02:29:38: [funcommands.smx] "Hailstorm<80><[U:1:181986054]><>" froze "Hailstorm<80><[U:1:181986054]><>"
L 12/07/2020 - 02:29:38: [funcommands.smx] "Hailstorm<80><[U:1:181986054]><>" froze "Hailstorm<80><[U:1:181986054]><>"
L 12/07/2020 - 02:29:45: [funcommands.smx] "Hailstorm<80><[U:1:181986054]><>" froze "Hailstorm<80><[U:1:181986054]><>"
L 12/07/2020 - 02:29:54: [funcommands.smx] "Hailstorm<80><[U:1:181986054]><>" froze "Hailstorm<80><[U:1:181986054]><>"
L 12/07/2020 - 02:30:00: [funcommands.smx] "Hailstorm<80><[U:1:181986054]><>" froze "Hailstorm<80><[U:1:181986054]><>"
L 12/07/2020 - 02:30:05: [funcommands.smx] "Hailstorm<80><[U:1:181986054]><>" froze "Hailstorm<80><[U:1:181986054]><>"
L 12/07/2020 - 02:30:23: [funcommands.smx] "Hailstorm<80><[U:1:181986054]><>" froze "Hailstorm<80><[U:1:181986054]><>"
L 12/07/2020 - 02:31:14: [respawn.smx] "Nezzie<81><[U:1:107910185]><>" respawned "Nezzie<81><[U:1:107910185]><>"
L 12/07/2020 - 02:31:29: [respawn.smx] "Nezzie<81><[U:1:107910185]><>" respawned "Nezzie<81><[U:1:107910185]><>"
L 12/07/2020 - 02:32:10: [funcommands.smx] "Hailstorm<80><[U:1:181986054]><>" froze "Hailstorm<80><[U:1:181986054]><>"
L 12/07/2020 - 02:32:25: [basecommands.smx] "Nezzie<81><[U:1:107910185]><>" kicked "test<84><BOT><>" (reason "")
L 12/07/2020 - 02:32:39: [playercommands.smx] "Nezzie<81><[U:1:107910185]><>" slayed "FROSTY F1SH (ART COMMS. OPEN)<86><[U:1:445849108]><>"
L 12/07/2020 - 02:32:45: [playercommands.smx] "Hailstorm<80><[U:1:181986054]><>" slapped "Hailstorm<80><[U:1:181986054]><>" (damage "0")
L 12/07/2020 - 02:32:45: [playercommands.smx] "Hailstorm<80><[U:1:181986054]><>" slapped "Hailstorm<80><[U:1:181986054]><>" (damage "0")
L 12/07/2020 - 02:32:46: [playercommands.smx] "Hailstorm<80><[U:1:181986054]><>" slapped "Hailstorm<80><[U:1:181986054]><>" (damage "0")
L 12/07/2020 - 02:32:46: [playercommands.smx] "Hailstorm<80><[U:1:181986054]><>" slapped "Hailstorm<80><[U:1:181986054]><>" (damage "0")
L 12/07/2020 - 02:32:46: [playercommands.smx] "Hailstorm<80><[U:1:181986054]><>" slapped "Hailstorm<80><[U:1:181986054]><>" (damage "0")
L 12/07/2020 - 02:32:46: [playercommands.smx] "Hailstorm<80><[U:1:181986054]><>" slapped "Hailstorm<80><[U:1:181986054]><>" (damage "0")
L 12/07/2020 - 02:32:47: [playercommands.smx] "Hailstorm<80><[U:1:181986054]><>" slapped "Hailstorm<80><[U:1:181986054]><>" (damage "0")
L 12/07/2020 - 02:32:47: [playercommands.smx] "Hailstorm<80><[U:1:181986054]><>" slapped "Hailstorm<80><[U:1:181986054]><>" (damage "0")
L 12/07/2020 - 02:32:47: [playercommands.smx] "Hailstorm<80><[U:1:181986054]><>" slapped "Hailstorm<80><[U:1:181986054]><>" (damage "0")
L 12/07/2020 - 02:32:47: [playercommands.smx] "Hailstorm<80><[U:1:181986054]><>" slapped "Hailstorm<80><[U:1:181986054]><>" (damage "0")
L 12/07/2020 - 02:32:47: [playercommands.smx] "Hailstorm<80><[U:1:181986054]><>" slapped "Hailstorm<80><[U:1:181986054]><>" (damage "0")
L 12/07/2020 - 02:32:48: [playercommands.smx] "Hailstorm<80><[U:1:181986054]><>" slapped "Hailstorm<80><[U:1:181986054]><>" (damage "0")
L 12/07/2020 - 02:32:48: [playercommands.smx] "Hailstorm<80><[U:1:181986054]><>" slapped "Hailstorm<80><[U:1:181986054]><>" (damage "0")
L 12/07/2020 - 02:32:48: [playercommands.smx] "Hailstorm<80><[U:1:181986054]><>" slapped "Hailstorm<80><[U:1:181986054]><>" (damage "0")
L 12/07/2020 - 02:32:49: [playercommands.smx] "Hailstorm<80><[U:1:181986054]><>" slapped "Hailstorm<80><[U:1:181986054]><>" (damage "0")
L 12/07/2020 - 02:32:49: [playercommands.smx] "Hailstorm<80><[U:1:181986054]><>" slapped "Hailstorm<80><[U:1:181986054]><>" (damage "0")
L 12/07/2020 - 02:32:49: [playercommands.smx] "Hailstorm<80><[U:1:181986054]><>" slapped "Hailstorm<80><[U:1:181986054]><>" (damage "0")
L 12/07/2020 - 02:32:50: [playercommands.smx] "Hailstorm<80><[U:1:181986054]><>" slapped "Hailstorm<80><[U:1:181986054]><>" (damage "0")
L 12/07/2020 - 02:32:50: [playercommands.smx] "Hailstorm<80><[U:1:181986054]><>" slapped "Hailstorm<80><[U:1:181986054]><>" (damage "0")
L 12/07/2020 - 02:32:51: [playercommands.smx] "Hailstorm<80><[U:1:181986054]><>" slapped "Hailstorm<80><[U:1:181986054]><>" (damage "0")
L 12/07/2020 - 02:32:51: [playercommands.smx] "Hailstorm<80><[U:1:181986054]><>" slapped "Hailstorm<80><[U:1:181986054]><>" (damage "0")
L 12/07/2020 - 02:32:51: [playercommands.smx] "Hailstorm<80><[U:1:181986054]><>" slapped "Hailstorm<80><[U:1:181986054]><>" (damage "0")
L 12/07/2020 - 02:32:52: [playercommands.smx] "Hailstorm<80><[U:1:181986054]><>" slapped "Hailstorm<80><[U:1:181986054]><>" (damage "0")
L 12/07/2020 - 02:32:52: [playercommands.smx] "Hailstorm<80><[U:1:181986054]><>" slapped "Hailstorm<80><[U:1:181986054]><>" (damage "0")
L 12/07/2020 - 02:32:52: [playercommands.smx] "Hailstorm<80><[U:1:181986054]><>" slapped "Hailstorm<80><[U:1:181986054]><>" (damage "0")
L 12/07/2020 - 02:32:52: [playercommands.smx] "Hailstorm<80><[U:1:181986054]><>" slapped "Hailstorm<80><[U:1:181986054]><>" (damage "0")
L 12/07/2020 - 02:32:53: [playercommands.smx] "Hailstorm<80><[U:1:181986054]><>" slapped "Hailstorm<80><[U:1:181986054]><>" (damage "0")
L 12/07/2020 - 02:32:53: [playercommands.smx] "Hailstorm<80><[U:1:181986054]><>" slapped "Hailstorm<80><[U:1:181986054]><>" (damage "0")
L 12/07/2020 - 02:32:57: [SM] Changed map to "vsh_area_54tress_b4"
L 12/07/2020 - 02:33:00: -------- Mapchange to vsh_area_54tress_b4 --------
L 12/07/2020 - 02:33:13: [mapchooser_extended.smx] Loaded map list for tf.
L 12/07/2020 - 02:35:53: [playercommands.smx] "Hailstorm<80><[U:1:181986054]><>" slayed "Hailstorm<80><[U:1:181986054]><>"
L 12/07/2020 - 02:36:19: [funcommands.smx] "Hailstorm<80><[U:1:181986054]><>" set a beacon on "Hailstorm<80><[U:1:181986054]><>"
L 12/07/2020 - 02:38:12: [playercommands.smx] "Hailstorm<80><[U:1:181986054]><>" slapped "Hailstorm<80><[U:1:181986054]><>" (damage "0")
L 12/07/2020 - 02:38:12: [playercommands.smx] "Hailstorm<80><[U:1:181986054]><>" slapped "Hailstorm<80><[U:1:181986054]><>" (damage "0")
L 12/07/2020 - 02:38:13: [playercommands.smx] "Hailstorm<80><[U:1:181986054]><>" slapped "Hailstorm<80><[U:1:181986054]><>" (damage "0")
L 12/07/2020 - 02:38:13: [playercommands.smx] "Hailstorm<80><[U:1:181986054]><>" slapped "Hailstorm<80><[U:1:181986054]><>" (damage "0")
L 12/07/2020 - 02:38:13: [playercommands.smx] "Hailstorm<80><[U:1:181986054]><>" slapped "Hailstorm<80><[U:1:181986054]><>" (damage "0")
L 12/07/2020 - 02:38:14: [playercommands.smx] "Hailstorm<80><[U:1:181986054]><>" slapped "Hailstorm<80><[U:1:181986054]><>" (damage "0")
L 12/07/2020 - 02:38:14: [playercommands.smx] "Hailstorm<80><[U:1:181986054]><>" slapped "Hailstorm<80><[U:1:181986054]><>" (damage "0")
L 12/07/2020 - 02:38:14: [playercommands.smx] "Hailstorm<80><[U:1:181986054]><>" slapped "Hailstorm<80><[U:1:181986054]><>" (damage "0")
L 12/07/2020 - 02:38:16: [playercommands.smx] "Hailstorm<80><[U:1:181986054]><>" slapped "Hailstorm<80><[U:1:181986054]><>" (damage "0")
L 12/07/2020 - 02:38:16: [playercommands.smx] "Hailstorm<80><[U:1:181986054]><>" slapped "Hailstorm<80><[U:1:181986054]><>" (damage "0")
L 12/07/2020 - 02:38:17: [playercommands.smx] "Hailstorm<80><[U:1:181986054]><>" slapped "Hailstorm<80><[U:1:181986054]><>" (damage "0")
L 12/07/2020 - 02:38:17: [playercommands.smx] "Hailstorm<80><[U:1:181986054]><>" slapped "Hailstorm<80><[U:1:181986054]><>" (damage "0")
L 12/07/2020 - 02:38:17: [playercommands.smx] "Hailstorm<80><[U:1:181986054]><>" slapped "Hailstorm<80><[U:1:181986054]><>" (damage "0")
L 12/07/2020 - 02:38:21: [respawn.smx] "FROSTY F1SH (ART COMMS. OPEN)<86><[U:1:445849108]><>" respawned "Hailstorm<80><[U:1:181986054]><>"
L 12/07/2020 - 02:38:22: [respawn.smx] "FROSTY F1SH (ART COMMS. OPEN)<86><[U:1:445849108]><>" respawned "FROSTY F1SH (ART COMMS. OPEN)<86><[U:1:445849108]><>"
L 12/07/2020 - 02:39:05: [funcommands.smx] "Hailstorm<80><[U:1:181986054]><>" set blind on "Hailstorm<80><[U:1:181986054]><>" (amount "255")
L 12/07/2020 - 02:39:09: [funcommandsX.smx] "Hailstorm<80><[U:1:181986054]><>" made "Hailstorm<80><[U:1:181986054]><>" tan
L 12/07/2020 - 02:39:16: [SetSpeed.smx] "Hailstorm<80><[U:1:181986054]><>" reset speed of  "Hailstorm<80><[U:1:181986054]><>" to Normal
L 12/07/2020 - 02:39:16: [SetSpeed.smx] "Hailstorm<80><[U:1:181986054]><>" reset speed of  "FROSTY F1SH (ART COMMS. OPEN)<86><[U:1:445849108]><>" to Normal
L 12/07/2020 - 02:40:28: [respawn.smx] "Hailstorm<80><[U:1:181986054]><>" respawned "Hailstorm<80><[U:1:181986054]><>"
L 12/07/2020 - 02:42:13: [funcommands.smx] "Hailstorm<80><[U:1:181986054]><>" drugged "Hailstorm<80><[U:1:181986054]><>"
L 12/07/2020 - 02:42:15: [respawn.smx] "Nezzie<81><[U:1:107910185]><>" respawned "Nezzie<81><[U:1:107910185]><>"
L 12/07/2020 - 02:42:25: [funcommands.smx] "Hailstorm<80><[U:1:181986054]><>" undrugged "Hailstorm<80><[U:1:181986054]><>"
L 12/07/2020 - 02:44:08: [respawn.smx] "Nezzie<81><[U:1:107910185]><>" respawned "Hailstorm<80><[U:1:181986054]><>"
L 12/07/2020 - 02:44:08: [playercommands.smx] "Hailstorm<80><[U:1:181986054]><>" slapped "FROSTY F1SH (ART COMMS. OPEN)<86><[U:1:445849108]><>" (damage "0")
L 12/07/2020 - 02:46:23: [basechat.smx] "Nezzie<81><[U:1:107910185]><>" triggered sm_msay (text server can i talk)
L 12/07/2020 - 02:49:12: [respawn.smx] "Hailstorm<80><[U:1:181986054]><>" respawned "FROSTY F1SH (ART COMMS. OPEN)<86><[U:1:445849108]><>"
L 12/07/2020 - 02:50:05: [playercommands.smx] "Hailstorm<80><[U:1:181986054]><>" slapped "Hailstorm<80><[U:1:181986054]><>" (damage "0")
L 12/07/2020 - 02:50:06: [playercommands.smx] "Hailstorm<80><[U:1:181986054]><>" slapped "Hailstorm<80><[U:1:181986054]><>" (damage "0")
L 12/07/2020 - 02:50:06: [playercommands.smx] "Hailstorm<80><[U:1:181986054]><>" slapped "Hailstorm<80><[U:1:181986054]><>" (damage "0")
L 12/07/2020 - 02:50:06: [playercommands.smx] "Hailstorm<80><[U:1:181986054]><>" slapped "Hailstorm<80><[U:1:181986054]><>" (damage "0")
L 12/07/2020 - 02:50:07: [playercommands.smx] "Hailstorm<80><[U:1:181986054]><>" slapped "Hailstorm<80><[U:1:181986054]><>" (damage "0")
L 12/07/2020 - 02:50:11: [playercommands.smx] "Hailstorm<80><[U:1:181986054]><>" slapped "Hailstorm<80><[U:1:181986054]><>" (damage "0")
L 12/07/2020 - 02:50:11: [playercommands.smx] "Hailstorm<80><[U:1:181986054]><>" slapped "Hailstorm<80><[U:1:181986054]><>" (damage "0")
L 12/07/2020 - 02:52:54: [funcommands.smx] "Hailstorm<80><[U:1:181986054]><>" ignited "Hailstorm<80><[U:1:181986054]><>" (seconds "20.000000")
L 12/07/2020 - 02:53:42: [mapchooser_extended.smx] Voting for next map has started.
L 12/07/2020 - 18:29:25: [SM] Changed map to "vsh_void_a1f"
L 12/07/2020 - 18:29:27: -------- Mapchange to vsh_void_a1f --------
L 12/07/2020 - 18:29:38: [mapchooser_extended.smx] Loaded map list for tf.
L 12/07/2020 - 18:49:53: [mapchooser_extended.smx] Voting for next map has started.
L 12/07/2020 - 18:50:13: [mapchooser_extended.smx] Voting for next map has finished. Nextmap: vsh_yammoe_rc3.
L 12/07/2020 - 18:53:25: [basechat.smx] "Console<0><Console><Console>" triggered sm_say (text The round time has ended, omaewa-mou shindeiru)
L 12/07/2020 - 18:53:25: [playercommands.smx] "Console<0><Console><Console>" slayed "Draconic (Azel)<87><[U:1:101368949]><>"
L 12/07/2020 - 18:53:25: [playercommands.smx] "Console<0><Console><Console>" slayed "FROSTY F1SH (ART COMMS. OPEN)<88><[U:1:445849108]><>"
L 12/07/2020 - 18:59:50: [SM] Changed map to "vsh_yammoe_rc3"
L 12/07/2020 - 18:59:55: -------- Mapchange to vsh_yammoe_rc3 --------
L 12/07/2020 - 19:00:07: [mapchooser_extended.smx] Loaded map list for tf.
L 12/07/2020 - 19:20:23: [mapchooser_extended.smx] Voting for next map has started.
L 12/07/2020 - 19:20:39: [mapchooser_extended.smx] Voting for next map has started.
L 12/07/2020 - 19:20:46: [mapchooser_extended.smx] Voting for next map has finished. Nextmap: vsh_dunger_b2a.
L 12/07/2020 - 19:30:25: [SM] Changed map to "vsh_dunger_b2a"
L 12/07/2020 - 19:30:28: -------- Mapchange to vsh_dunger_b2a --------
L 12/07/2020 - 19:30:39: [mapchooser_extended.smx] Loaded map list for tf.
L 12/07/2020 - 19:50:54: [mapchooser_extended.smx] Voting for next map has started.
L 12/07/2020 - 23:15:50: [SM] Changed map to "vsh_abandoned_warehouse_final_v3"
L 12/07/2020 - 23:15:54: -------- Mapchange to vsh_abandoned_warehouse_final_v3 --------
L 12/07/2020 - 23:16:05: [mapchooser_extended.smx] Loaded map list for tf.
L 12/07/2020 - 23:36:21: [mapchooser_extended.smx] Voting for next map has started.
L 12/07/2020 - 23:36:33: [mapchooser_extended.smx] Voting for next map has finished. Nextmap: vsh_egyptyspot_v2.
L 12/07/2020 - 23:47:57: [SM] Changed map to "vsh_egyptyspot_v2"
L 12/07/2020 - 23:47:59: -------- Mapchange to vsh_egyptyspot_v2 --------
L 12/07/2020 - 23:48:11: [mapchooser_extended.smx] Loaded map list for tf.
L 12/08/2020 - 00:08:26: Log file closed.
