L 04/03/2021 - 13:31:34: SourceMod log file session started (file "/home/frenzoid/TF2_FF2/tf/addons/sourcemod/logs/L20210403.log") (Version "1.10.0.6490")
L 04/03/2021 - 13:31:34: [SM] Changed map to "vsh_rocketyard_b4b"
L 04/03/2021 - 13:31:44: -------- Mapchange to vsh_rocketyard_b4b --------
L 04/03/2021 - 13:31:56: [mapchooser_extended.smx] Loaded map list for tf.
L 04/03/2021 - 13:31:57: "Mr.Kerchiou<107><[U:1:390714270]><>" was already connected to the server.
L 04/03/2021 - 13:39:30: [mapchooser_extended.smx] Starting map vote because outside request
L 04/03/2021 - 13:39:46: [mapchooser_extended.smx] Voting for next map has started.
L 04/03/2021 - 13:39:58: [mapchooser_extended.smx] Voting for next map has started.
L 04/03/2021 - 13:40:09: [mapchooser_extended.smx] Voting for next map has finished. Nextmap: vsh_area_54tress_b4.
L 04/03/2021 - 13:40:13: [SM] Changed map to "vsh_area_54tress_b4"
L 04/03/2021 - 13:40:16: -------- Mapchange to vsh_area_54tress_b4 --------
L 04/03/2021 - 13:40:23: [mapchooser_extended.smx] Loaded map list for tf.
L 04/03/2021 - 14:00:39: [mapchooser_extended.smx] Voting for next map has started.
L 04/03/2021 - 14:01:06: [mapchooser_extended.smx] Voting for next map has finished. Nextmap: vsh_egyptyspot_reworked_b2b.
L 04/03/2021 - 14:04:21: [basechat.smx] "F1SH<115><[U:1:445849108]><>" triggered sm_msay (text milk is weeb)
L 04/03/2021 - 14:13:59: [SM] Changed map to "vsh_egyptyspot_reworked_b2b"
L 04/03/2021 - 14:14:02: -------- Mapchange to vsh_egyptyspot_reworked_b2b --------
L 04/03/2021 - 14:14:09: [mapchooser_extended.smx] Loaded map list for tf.
L 04/03/2021 - 14:34:27: [mapchooser_extended.smx] Voting for next map has started.
L 04/03/2021 - 14:34:35: [mapchooser_extended.smx] Voting for next map has finished. Nextmap: vsh_dunger_b2a.
L 04/03/2021 - 14:47:25: [SM] Changed map to "vsh_dunger_b2a"
L 04/03/2021 - 14:47:27: -------- Mapchange to vsh_dunger_b2a --------
L 04/03/2021 - 14:47:35: [mapchooser_extended.smx] Loaded map list for tf.
L 04/03/2021 - 14:48:25: [funcommands.smx] "F1SH<116><[U:1:445849108]><>" set a beacon on "rinzor<113><[U:1:103173271]><>"
L 04/03/2021 - 14:51:32: [mapchooser_extended.smx] Starting map vote because outside request
L 04/03/2021 - 14:51:48: [mapchooser_extended.smx] Voting for next map has started.
L 04/03/2021 - 14:52:12: [mapchooser_extended.smx] Voting for next map has finished. Nextmap: vsh_minegay_reworked_v2.
L 04/03/2021 - 14:52:14: [funcommands.smx] "Nezzie<103><[U:1:107910185]><>" set a TimeBomb on "Milk<114><[U:1:350726162]><>"
L 04/03/2021 - 14:52:16: [SM] Changed map to "vsh_minegay_reworked_v2"
L 04/03/2021 - 14:52:18: -------- Mapchange to vsh_minegay_reworked_v2 --------
L 04/03/2021 - 14:52:25: [mapchooser_extended.smx] Loaded map list for tf.
L 04/03/2021 - 15:12:42: [mapchooser_extended.smx] Voting for next map has started.
L 04/03/2021 - 15:13:11: [mapchooser_extended.smx] Voting for next map has finished. Nextmap: vsh_frogworks_b4.
L 04/03/2021 - 15:14:10: [funcommandsX.smx] "Nezzie<103><[U:1:107910185]><>" teleported "rinzor<113><[U:1:103173271]><>"
L 04/03/2021 - 15:23:06: [respawn.smx] "Nezzie<103><[U:1:107910185]><>" respawned "Milk<126><[U:1:350726162]><>"
L 04/03/2021 - 15:23:06: [funcommands.smx] "Nezzie<103><[U:1:107910185]><>" froze "Milk<126><[U:1:350726162]><>"
L 04/03/2021 - 15:23:11: [funcommandsX.smx] "Nezzie<103><[U:1:107910185]><>" teleported "Milk<126><[U:1:350726162]><>"
L 04/03/2021 - 15:25:33: [funcommands.smx] "Nezzie<103><[U:1:107910185]><>" froze "Milk<126><[U:1:350726162]><>"
L 04/03/2021 - 15:25:33: [funcommands.smx] "Nezzie<103><[U:1:107910185]><>" set a TimeBomb on "Milk<126><[U:1:350726162]><>"
L 04/03/2021 - 15:26:01: [SM] Changed map to "vsh_frogworks_b4"
L 04/03/2021 - 15:26:05: -------- Mapchange to vsh_frogworks_b4 --------
L 04/03/2021 - 15:26:12: [mapchooser_extended.smx] Loaded map list for tf.
L 04/03/2021 - 15:46:29: [mapchooser_extended.smx] Voting for next map has started.
L 04/03/2021 - 15:46:47: [mapchooser_extended.smx] Voting for next map has started.
L 04/03/2021 - 15:46:55: [mapchooser_extended.smx] Voting for next map has finished. Nextmap: vsh_roadfromnowhere_v2.
L 04/03/2021 - 15:48:35: [basechat.smx] "F1SH<116><[U:1:445849108]><>" triggered sm_msay (text chill with the profanity u pleb)
L 04/03/2021 - 15:49:37: [funcommands.smx] "F1SH<116><[U:1:445849108]><>" set a FireBomb on "DISCORD<118><[U:1:1092608481]><>"
L 04/03/2021 - 15:50:08: [playercommands.smx] "F1SH<116><[U:1:445849108]><>" slapped "DISCORD<118><[U:1:1092608481]><>" (damage "0")
L 04/03/2021 - 15:50:10: [playercommands.smx] "F1SH<116><[U:1:445849108]><>" slapped "DISCORD<118><[U:1:1092608481]><>" (damage "0")
L 04/03/2021 - 15:50:11: [playercommands.smx] "F1SH<116><[U:1:445849108]><>" slapped "DISCORD<118><[U:1:1092608481]><>" (damage "0")
L 04/03/2021 - 15:50:11: [playercommands.smx] "F1SH<116><[U:1:445849108]><>" slapped "DISCORD<118><[U:1:1092608481]><>" (damage "0")
L 04/03/2021 - 15:50:11: [playercommands.smx] "F1SH<116><[U:1:445849108]><>" slapped "DISCORD<118><[U:1:1092608481]><>" (damage "0")
L 04/03/2021 - 15:50:11: [playercommands.smx] "F1SH<116><[U:1:445849108]><>" slapped "DISCORD<118><[U:1:1092608481]><>" (damage "0")
L 04/03/2021 - 15:50:11: [playercommands.smx] "F1SH<116><[U:1:445849108]><>" slapped "DISCORD<118><[U:1:1092608481]><>" (damage "0")
L 04/03/2021 - 15:51:57: [funcommands.smx] "Nezzie<103><[U:1:107910185]><>" set a TimeBomb on "rinzor<113><[U:1:103173271]><>"
L 04/03/2021 - 15:51:57: [funcommands.smx] "Nezzie<103><[U:1:107910185]><>" set a TimeBomb on "DISCORD<118><[U:1:1092608481]><>"
L 04/03/2021 - 15:57:03: [SM] Changed map to "vsh_roadfromnowhere_v2"
L 04/03/2021 - 15:57:06: -------- Mapchange to vsh_roadfromnowhere_v2 --------
L 04/03/2021 - 15:57:14: [mapchooser_extended.smx] Loaded map list for tf.
L 04/03/2021 - 16:17:32: [mapchooser_extended.smx] Voting for next map has started.
L 04/03/2021 - 16:17:52: [mapchooser_extended.smx] Voting for next map has finished. Nextmap: vsh_nebula_rc1.
L 04/03/2021 - 16:27:17: [funcommands.smx] "Nezzie<103><[U:1:107910185]><>" froze "Milk<126><[U:1:350726162]><>"
L 04/03/2021 - 16:27:17: [funcommands.smx] "Nezzie<103><[U:1:107910185]><>" froze "Nezzie<103><[U:1:107910185]><>"
L 04/03/2021 - 16:27:17: [funcommands.smx] "Nezzie<103><[U:1:107910185]><>" froze "M E A T<133><[U:1:1041887377]><>"
L 04/03/2021 - 16:27:17: [funcommands.smx] "Nezzie<103><[U:1:107910185]><>" froze "Mysty-Kun<105><[U:1:85603876]><>"
L 04/03/2021 - 16:27:17: [funcommands.smx] "Nezzie<103><[U:1:107910185]><>" froze "rinzor<113><[U:1:103173271]><>"
L 04/03/2021 - 16:27:17: [funcommands.smx] "Nezzie<103><[U:1:107910185]><>" froze "Dozii<134><[U:1:94212661]><>"
L 04/03/2021 - 16:27:24: [funcommandsX.smx] "Nezzie<103><[U:1:107910185]><>" teleported "Milk<126><[U:1:350726162]><>"
L 04/03/2021 - 16:27:31: [funcommandsX.smx] "Nezzie<103><[U:1:107910185]><>" teleported "Milk<126><[U:1:350726162]><>"
L 04/03/2021 - 16:27:32: [funcommandsX.smx] "Nezzie<103><[U:1:107910185]><>" teleported "Milk<126><[U:1:350726162]><>"
L 04/03/2021 - 16:27:34: [funcommandsX.smx] "Nezzie<103><[U:1:107910185]><>" teleported "Milk<126><[U:1:350726162]><>"
L 04/03/2021 - 16:27:35: [funcommandsX.smx] "Nezzie<103><[U:1:107910185]><>" teleported "Milk<126><[U:1:350726162]><>"
L 04/03/2021 - 16:27:39: [funcommandsX.smx] "Nezzie<103><[U:1:107910185]><>" teleported "Milk<126><[U:1:350726162]><>"
L 04/03/2021 - 16:27:40: [funcommandsX.smx] "Nezzie<103><[U:1:107910185]><>" teleported "Milk<126><[U:1:350726162]><>"
L 04/03/2021 - 16:27:40: [funcommandsX.smx] "Nezzie<103><[U:1:107910185]><>" teleported "Milk<126><[U:1:350726162]><>"
L 04/03/2021 - 16:27:41: [funcommandsX.smx] "Nezzie<103><[U:1:107910185]><>" teleported "Milk<126><[U:1:350726162]><>"
L 04/03/2021 - 16:27:50: [funcommandsX.smx] "Nezzie<103><[U:1:107910185]><>" teleported "Milk<126><[U:1:350726162]><>"
L 04/03/2021 - 16:27:53: [funcommandsX.smx] "Nezzie<103><[U:1:107910185]><>" teleported "Milk<126><[U:1:350726162]><>"
L 04/03/2021 - 16:29:31: [funcommandsX.smx] "Nezzie<103><[U:1:107910185]><>" teleported "Milk<126><[U:1:350726162]><>"
L 04/03/2021 - 16:30:49: [SM] Changed map to "vsh_nebula_rc1"
L 04/03/2021 - 16:30:53: -------- Mapchange to vsh_nebula_rc1 --------
L 04/03/2021 - 16:31:00: [mapchooser_extended.smx] Loaded map list for tf.
L 04/03/2021 - 16:49:48: [playercommands.smx] "Nezzie<103><[U:1:107910185]><>" slayed "frosty<117><[U:1:112373618]><>"
L 04/03/2021 - 16:50:18: [playercommands.smx] "Nezzie<103><[U:1:107910185]><>" renamed "frosty<117><[U:1:112373618]><>" (to "lizard")
L 04/03/2021 - 16:50:35: [playercommands.smx] "Nezzie<103><[U:1:107910185]><>" renamed "lizard<117><[U:1:112373618]><>" (to "frosty")
L 04/03/2021 - 16:51:16: [mapchooser_extended.smx] Voting for next map has started.
L 04/03/2021 - 16:51:47: [mapchooser_extended.smx] Voting for next map has finished. Nextmap: vsh_necropolis_b1.
L 04/03/2021 - 17:01:57: [SM] Changed map to "vsh_necropolis_b1"
L 04/03/2021 - 17:01:59: -------- Mapchange to vsh_necropolis_b1 --------
L 04/03/2021 - 17:02:06: [mapchooser_extended.smx] Loaded map list for tf.
L 04/03/2021 - 17:22:22: [mapchooser_extended.smx] Voting for next map has started.
