L 07/03/2021 - 16:44:36: SourceMod log file session started (file "/home/frenzoid/TF2_FF2/tf/addons/sourcemod/logs/L20210703.log") (Version "1.10.0.6490")
L 07/03/2021 - 16:44:36: [SM] Changed map to "vsh_necropolis_b1"
L 07/03/2021 - 16:44:38: -------- Mapchange to vsh_necropolis_b1 --------
L 07/03/2021 - 16:44:46: [mapchooser_extended.smx] Loaded map list for tf.
L 07/03/2021 - 17:05:04: [mapchooser_extended.smx] Voting for next map has started.
L 07/03/2021 - 17:16:03: [SM] Changed map to "vsh_aquaticbase_b5"
L 07/03/2021 - 17:16:04: -------- Mapchange to vsh_aquaticbase_b5 --------
L 07/03/2021 - 17:16:10: [mapchooser_extended.smx] Loaded map list for tf.
L 07/03/2021 - 17:36:25: [mapchooser_extended.smx] Voting for next map has started.
L 07/03/2021 - 17:37:02: [mapchooser_extended.smx] Voting for next map has started.
L 07/03/2021 - 17:37:33: [mapchooser_extended.smx] Voting for next map has finished. Nextmap: vsh_skyhigh_resort_b8_sg4.
L 07/03/2021 - 17:47:56: [SM] Changed map to "vsh_skyhigh_resort_b8_sg4"
L 07/03/2021 - 17:47:57: -------- Mapchange to vsh_skyhigh_resort_b8_sg4 --------
L 07/03/2021 - 17:48:04: [mapchooser_extended.smx] Loaded map list for tf.
L 07/03/2021 - 18:08:20: [mapchooser_extended.smx] Voting for next map has started.
L 07/03/2021 - 18:20:16: [SM] Changed map to "vsh_tranquil_b5"
L 07/03/2021 - 18:20:18: -------- Mapchange to vsh_tranquil_b5 --------
L 07/03/2021 - 18:20:25: [mapchooser_extended.smx] Loaded map list for tf.
L 07/03/2021 - 18:40:40: [mapchooser_extended.smx] Voting for next map has started.
L 07/03/2021 - 18:41:11: [mapchooser_extended.smx] Voting for next map has finished. Nextmap: vsh_chinatown_b3.
L 07/03/2021 - 18:54:20: [SM] Changed map to "vsh_chinatown_b3"
L 07/03/2021 - 18:54:23: -------- Mapchange to vsh_chinatown_b3 --------
L 07/03/2021 - 18:54:31: [mapchooser_extended.smx] Loaded map list for tf.
L 07/03/2021 - 19:14:47: [mapchooser_extended.smx] Voting for next map has started.
L 07/03/2021 - 19:15:23: [mapchooser_extended.smx] Voting for next map has started.
L 07/03/2021 - 19:15:54: [mapchooser_extended.smx] Voting for next map has finished. The current map has been extended.
L 07/03/2021 - 19:34:49: [mapchooser_extended.smx] Voting for next map has started.
L 07/03/2021 - 19:35:20: [mapchooser_extended.smx] Voting for next map has finished. Nextmap: vsh_area_54tress_b4.
L 07/03/2021 - 19:46:13: [SM] Changed map to "vsh_area_54tress_b4"
L 07/03/2021 - 19:46:15: -------- Mapchange to vsh_area_54tress_b4 --------
L 07/03/2021 - 19:46:23: [mapchooser_extended.smx] Loaded map list for tf.
L 07/03/2021 - 20:06:39: [mapchooser_extended.smx] Voting for next map has started.
L 07/03/2021 - 20:07:10: [mapchooser_extended.smx] Voting for next map has finished. Nextmap: vsh_lobster_shore_rc1.
L 07/03/2021 - 20:18:36: [SM] Changed map to "vsh_lobster_shore_rc1"
L 07/03/2021 - 20:18:38: -------- Mapchange to vsh_lobster_shore_rc1 --------
L 07/03/2021 - 20:18:45: [mapchooser_extended.smx] Loaded map list for tf.
L 07/03/2021 - 20:39:00: [mapchooser_extended.smx] Voting for next map has started.
L 07/03/2021 - 20:39:31: [mapchooser_extended.smx] Voting for next map has finished. Nextmap: vsh_spotline_reworked.
L 07/03/2021 - 20:45:10: [basechat.smx] "Console<0><Console><Console>" triggered sm_say (text The round time has ended, omaewa-mou shindeiru)
L 07/03/2021 - 20:45:10: [playercommands.smx] "Console<0><Console><Console>" slayed "OOOODEMOMAN<24><[U:1:1213768871]><>"
L 07/03/2021 - 20:45:10: [playercommands.smx] "Console<0><Console><Console>" slayed "skullhead<26><[U:1:1129873299]><>"
L 07/03/2021 - 20:52:07: [SM] Changed map to "vsh_spotline_reworked"
L 07/03/2021 - 20:52:09: -------- Mapchange to vsh_spotline_reworked --------
L 07/03/2021 - 20:52:17: [mapchooser_extended.smx] Loaded map list for tf.
L 07/03/2021 - 21:12:32: [mapchooser_extended.smx] Voting for next map has started.
L 07/03/2021 - 21:13:09: [mapchooser_extended.smx] Voting for next map has started.
L 07/03/2021 - 21:13:40: [mapchooser_extended.smx] Voting for next map has finished. Nextmap: vsh_void_a1f.
L 07/03/2021 - 21:28:32: [SM] Changed map to "vsh_void_a1f"
L 07/03/2021 - 21:28:34: -------- Mapchange to vsh_void_a1f --------
L 07/03/2021 - 21:28:40: [mapchooser_extended.smx] Loaded map list for tf.
L 07/03/2021 - 21:48:56: [mapchooser_extended.smx] Voting for next map has started.
