L 01/11/2021 - 16:48:06: SourceMod log file session started (file "/home/steamsrv/tf2/tf/addons/sourcemod/logs/L20210111.log") (Version "1.10.0.6490")
L 01/11/2021 - 16:48:06: [basecommands.smx] "Nezzie<24><[U:1:107910185]><>" changed map to "vsh_nebula_rc1"
L 01/11/2021 - 16:48:09: [SM] Changed map to "vsh_nebula_rc1"
L 01/11/2021 - 16:48:11: -------- Mapchange to vsh_nebula_rc1 --------
L 01/11/2021 - 16:48:20: [mapchooser_extended.smx] Loaded map list for tf.
L 01/11/2021 - 16:49:24: [funcommandsX.smx] Game detected as Team Fortress 2: Source (GAME_TF2)
L 01/11/2021 - 16:49:24: [simple-chatprocessor.smx] [SCP] Recognized mod [Team Fortress 2].
L 01/11/2021 - 16:49:24: [simple-chatprocessor.smx] [SCP] Loading translation file [scp.tf.phrases].
L 01/11/2021 - 16:49:25: [freak_fortress_2.smx] Freak Fortress 2 199001 Loading...
L 01/11/2021 - 16:49:25: [mapchooser_extended.smx] Loaded map list for tf.
L 01/11/2021 - 16:56:52: [funcommandsX.smx] Game detected as Team Fortress 2: Source (GAME_TF2)
L 01/11/2021 - 16:56:52: [simple-chatprocessor.smx] [SCP] Recognized mod [Team Fortress 2].
L 01/11/2021 - 16:56:52: [simple-chatprocessor.smx] [SCP] Loading translation file [scp.tf.phrases].
L 01/11/2021 - 16:56:53: [freak_fortress_2.smx] Freak Fortress 2 199001 Loading...
L 01/11/2021 - 16:56:53: [mapchooser_extended.smx] Loaded map list for tf.
L 01/11/2021 - 17:05:30: [basechat.smx] "Console<0><Console><Console>" triggered sm_say (text The round time has ended, omaewa-mou shindeiru)
L 01/11/2021 - 17:05:30: [playercommands.smx] "Console<0><Console><Console>" slayed "Nezzie<24><[U:1:107910185]><>"
L 01/11/2021 - 17:05:30: [playercommands.smx] "Console<0><Console><Console>" slayed "test<25><BOT><>"
L 01/11/2021 - 17:05:30: [playercommands.smx] "Console<0><Console><Console>" slayed "test1<26><BOT><>"
L 01/11/2021 - 17:08:40: [mapchooser_extended.smx] Voting for next map has started.
L 01/11/2021 - 17:14:59: [basechat.smx] "Console<0><Console><Console>" triggered sm_say (text The round time has ended, omaewa-mou shindeiru)
L 01/11/2021 - 17:14:59: [playercommands.smx] "Console<0><Console><Console>" slayed "Nezzie<24><[U:1:107910185]><>"
L 01/11/2021 - 17:14:59: [playercommands.smx] "Console<0><Console><Console>" slayed "test<25><BOT><>"
L 01/11/2021 - 17:14:59: [playercommands.smx] "Console<0><Console><Console>" slayed "test1<26><BOT><>"
L 01/11/2021 - 17:16:47: [basecommands.smx] "Nezzie<24><[U:1:107910185]><>" changed map to "vsh_nebula_rc1"
L 01/11/2021 - 17:16:51: [SM] Changed map to "vsh_nebula_rc1"
L 01/11/2021 - 17:16:52: -------- Mapchange to vsh_nebula_rc1 --------
L 01/11/2021 - 17:17:04: [mapchooser_extended.smx] Loaded map list for tf.
L 01/11/2021 - 17:33:43: [funcommandsX.smx] Game detected as Team Fortress 2: Source (GAME_TF2)
L 01/11/2021 - 17:33:44: [simple-chatprocessor.smx] [SCP] Recognized mod [Team Fortress 2].
L 01/11/2021 - 17:33:44: [simple-chatprocessor.smx] [SCP] Loading translation file [scp.tf.phrases].
L 01/11/2021 - 17:33:44: [freak_fortress_2.smx] Freak Fortress 2 199001 Loading...
L 01/11/2021 - 17:33:44: [mapchooser_extended.smx] Loaded map list for tf.
L 01/11/2021 - 17:37:22: [mapchooser_extended.smx] Voting for next map has started.
L 01/11/2021 - 17:37:23: [mapchooser_extended.smx] Voting for next map has finished. Nextmap: vsh_intrusion_rc2.
L 01/11/2021 - 17:42:16: [basechat.smx] "Console<0><Console><Console>" triggered sm_say (text The round time has ended, omaewa-mou shindeiru)
L 01/11/2021 - 17:42:16: [playercommands.smx] "Console<0><Console><Console>" slayed "Nezzie<24><[U:1:107910185]><>"
L 01/11/2021 - 17:42:16: [playercommands.smx] "Console<0><Console><Console>" slayed "test<27><BOT><>"
L 01/11/2021 - 17:42:16: [playercommands.smx] "Console<0><Console><Console>" slayed "test1<28><BOT><>"
L 01/11/2021 - 17:45:10: [funcommandsX.smx] Game detected as Team Fortress 2: Source (GAME_TF2)
L 01/11/2021 - 17:45:10: [simple-chatprocessor.smx] [SCP] Recognized mod [Team Fortress 2].
L 01/11/2021 - 17:45:10: [simple-chatprocessor.smx] [SCP] Loading translation file [scp.tf.phrases].
L 01/11/2021 - 17:45:10: [freak_fortress_2.smx] Freak Fortress 2 199001 Loading...
L 01/11/2021 - 17:45:11: [mapchooser_extended.smx] Loaded map list for tf.
L 01/11/2021 - 17:45:27: [mapchooser_extended.smx] Voting for next map has started.
L 01/11/2021 - 17:45:28: [mapchooser_extended.smx] Voting for next map has finished. Nextmap: vsh_area_54tress_b4.
L 01/11/2021 - 17:45:52: [playercommands.smx] "Nezzie<24><[U:1:107910185]><>" slayed "test1<28><BOT><>"
L 01/11/2021 - 17:51:03: [basecommands.smx] "Nezzie<24><[U:1:107910185]><>" changed map to "vsh_crevice_b5"
L 01/11/2021 - 17:51:06: [SM] Changed map to "vsh_crevice_b5"
L 01/11/2021 - 17:51:08: -------- Mapchange to vsh_crevice_b5 --------
L 01/11/2021 - 17:51:18: [mapchooser_extended.smx] Loaded map list for tf.
L 01/11/2021 - 17:52:51: [funcommandsX.smx] Game detected as Team Fortress 2: Source (GAME_TF2)
L 01/11/2021 - 17:52:51: [simple-chatprocessor.smx] [SCP] Recognized mod [Team Fortress 2].
L 01/11/2021 - 17:52:51: [simple-chatprocessor.smx] [SCP] Loading translation file [scp.tf.phrases].
L 01/11/2021 - 17:52:51: [freak_fortress_2.smx] Freak Fortress 2 199001 Loading...
L 01/11/2021 - 17:52:52: [mapchooser_extended.smx] Loaded map list for tf.
L 01/11/2021 - 17:58:00: [playercommands.smx] "Nezzie<24><[U:1:107910185]><>" slayed "test<29><BOT><>"
L 01/11/2021 - 17:58:00: [playercommands.smx] "Nezzie<24><[U:1:107910185]><>" slayed "test1<30><BOT><>"
L 01/11/2021 - 17:58:52: [respawn.smx] "Nezzie<24><[U:1:107910185]><>" respawned "Nezzie<24><[U:1:107910185]><>"
L 01/11/2021 - 17:59:08: [funcommandsX.smx] "Nezzie<24><[U:1:107910185]><>" teleported "test1<30><BOT><>"
L 01/11/2021 - 17:59:09: [funcommandsX.smx] "Nezzie<24><[U:1:107910185]><>" teleported "Nezzie<24><[U:1:107910185]><>"
L 01/11/2021 - 17:59:10: [funcommandsX.smx] "Nezzie<24><[U:1:107910185]><>" teleported "test<29><BOT><>"
L 01/11/2021 - 18:05:08: -------- Mapchange to vsh_nebula_rc1 --------
L 01/11/2021 - 18:05:18: [mapchooser_extended.smx] Loaded map list for tf.
L 01/11/2021 - 18:25:32: [mapchooser_extended.smx] Voting for next map has started.
L 01/11/2021 - 19:40:30: -------- Mapchange to vsh_nebula_rc1 --------
L 01/11/2021 - 19:40:40: [mapchooser_extended.smx] Loaded map list for tf.
L 01/11/2021 - 19:54:10: [basecommands.smx] "Nezzie<31><[U:1:107910185]><>" changed map to "vsh_crevice_b5"
L 01/11/2021 - 19:54:13: [SM] Changed map to "vsh_crevice_b5"
L 01/11/2021 - 19:54:16: -------- Mapchange to vsh_crevice_b5 --------
L 01/11/2021 - 19:54:26: [mapchooser_extended.smx] Loaded map list for tf.
L 01/11/2021 - 19:55:21: [basecommands.smx] "Nezzie<31><[U:1:107910185]><>" executed config (file "server.cfg")
L 01/11/2021 - 19:56:22: [basecommands.smx] "Nezzie<32><[U:1:107910185]><>" executed config (file "server.cfg")
L 01/11/2021 - 20:14:40: [mapchooser_extended.smx] Voting for next map has started.
L 01/12/2021 - 02:22:45: Log file closed.
