L 01/03/2021 - 03:09:47: SourceMod log file session started (file "/home/steamsrv/tf2/tf/addons/sourcemod/logs/L20210103.log") (Version "1.10.0.6490")
L 01/03/2021 - 03:09:47: [SM] Changed map to "vsh_apg_v2_sg1"
L 01/03/2021 - 03:09:49: -------- Mapchange to vsh_apg_v2_sg1 --------
L 01/03/2021 - 03:09:58: [mapchooser_extended.smx] Loaded map list for tf.
L 01/03/2021 - 03:30:14: [mapchooser_extended.smx] Voting for next map has started.
L 01/03/2021 - 03:30:26: [mapchooser_extended.smx] Voting for next map has started.
L 01/03/2021 - 03:30:33: [mapchooser_extended.smx] Voting for next map has finished. Nextmap: vsh_manncohq_v14.
L 01/03/2021 - 03:40:54: [SM] Changed map to "vsh_manncohq_v14"
L 01/03/2021 - 03:40:57: -------- Mapchange to vsh_manncohq_v14 --------
L 01/03/2021 - 03:41:06: [mapchooser_extended.smx] Loaded map list for tf.
L 01/03/2021 - 04:00:13: [respawn.smx] "Draconic (Azel)<50><[U:1:101368949]><>" respawned "yyuushhii<54><[U:1:892015212]><>"
L 01/03/2021 - 04:01:12: [basechat.smx] "Console<0><Console><Console>" triggered sm_csay (text server restarting)
L 01/03/2021 - 04:01:22: [mapchooser_extended.smx] Voting for next map has started.
L 01/03/2021 - 04:03:29: SourceMod log file session started (file "/home/steamsrv/tf2/tf/addons/sourcemod/logs/L20210103.log") (Version "1.10.0.6490")
L 01/03/2021 - 04:03:29: [TF2ITEMS] "GiveNamedItem" offset = 484
L 01/03/2021 - 04:03:30: [funcommandsX.smx] Game detected as Team Fortress 2: Source (GAME_TF2)
L 01/03/2021 - 04:03:30: [simple-chatprocessor.smx] [SCP] Recognized mod [Team Fortress 2].
L 01/03/2021 - 04:03:30: [simple-chatprocessor.smx] [SCP] Loading translation file [scp.tf.phrases].
L 01/03/2021 - 04:03:30: [freak_fortress_2.smx] Freak Fortress 2 199001 Loading...
L 01/03/2021 - 04:03:45: [mapchooser_extended.smx] Loaded map list for tf.
L 01/03/2021 - 04:05:39: [respawn.smx] "Draconic (Azel)<4><[U:1:101368949]><>" respawned "yyuushhii<5><[U:1:892015212]><>"
L 01/03/2021 - 04:10:28: [respawn.smx] "Draconic (Azel)<4><[U:1:101368949]><>" respawned "yyuushhii<7><[U:1:892015212]><>"
L 01/03/2021 - 04:14:55: [playercommands.smx] "Nezzie<6><[U:1:107910185]><>" slapped "yyuushhii<7><[U:1:892015212]><>" (damage "0")
L 01/03/2021 - 04:14:56: [playercommands.smx] "Nezzie<6><[U:1:107910185]><>" slapped "yyuushhii<7><[U:1:892015212]><>" (damage "0")
L 01/03/2021 - 04:17:01: [respawn.smx] "Nezzie<6><[U:1:107910185]><>" respawned "yyuushhii<8><[U:1:892015212]><>"
L 01/03/2021 - 04:24:09: [mapchooser_extended.smx] Voting for next map has started.
L 01/03/2021 - 04:24:29: [mapchooser_extended.smx] Voting for next map has finished. Nextmap: vsh_nebula_rc1.
L 01/03/2021 - 04:34:50: [SM] Changed map to "vsh_nebula_rc1"
L 01/03/2021 - 04:34:53: -------- Mapchange to vsh_nebula_rc1 --------
L 01/03/2021 - 04:35:02: [mapchooser_extended.smx] Loaded map list for tf.
L 01/03/2021 - 04:36:29: [funcommandsX.smx] Game detected as Team Fortress 2: Source (GAME_TF2)
L 01/03/2021 - 04:36:29: [simple-chatprocessor.smx] [SCP] Recognized mod [Team Fortress 2].
L 01/03/2021 - 04:36:29: [simple-chatprocessor.smx] [SCP] Loading translation file [scp.tf.phrases].
L 01/03/2021 - 04:36:29: [freak_fortress_2.smx] Freak Fortress 2 199001 Loading...
L 01/03/2021 - 04:36:31: [mapchooser_extended.smx] Loaded map list for tf.
L 01/03/2021 - 04:54:06: [respawn.smx] "Nezzie<6><[U:1:107910185]><>" respawned "Nezzie<6><[U:1:107910185]><>"
L 01/03/2021 - 04:55:21: [mapchooser_extended.smx] Voting for next map has started.
L 01/03/2021 - 04:55:47: [mapchooser_extended.smx] Voting for next map has started.
L 01/03/2021 - 04:55:52: [mapchooser_extended.smx] Voting for next map has finished. Nextmap: vsh_dirtmound_b9.
L 01/03/2021 - 05:01:48: [funcommandsX.smx] Game detected as Team Fortress 2: Source (GAME_TF2)
L 01/03/2021 - 05:01:48: [simple-chatprocessor.smx] [SCP] Recognized mod [Team Fortress 2].
L 01/03/2021 - 05:01:48: [simple-chatprocessor.smx] [SCP] Loading translation file [scp.tf.phrases].
L 01/03/2021 - 05:01:49: [freak_fortress_2.smx] Freak Fortress 2 199001 Loading...
L 01/03/2021 - 05:01:49: [mapchooser_extended.smx] Loaded map list for tf.
L 01/03/2021 - 05:02:05: [mapchooser_extended.smx] Voting for next map has started.
L 01/03/2021 - 05:02:32: [mapchooser_extended.smx] Voting for next map has started.
L 01/03/2021 - 05:02:52: [mapchooser_extended.smx] Voting for next map has finished. Nextmap: vsh_castle_siege_unreal_sg1.
L 01/03/2021 - 05:06:19: [SM] Changed map to "vsh_castle_siege_unreal_sg1"
L 01/03/2021 - 05:06:21: -------- Mapchange to vsh_castle_siege_unreal_sg1 --------
L 01/03/2021 - 05:06:31: [mapchooser_extended.smx] Loaded map list for tf.
L 01/03/2021 - 05:26:47: [mapchooser_extended.smx] Voting for next map has started.
L 01/03/2021 - 05:26:59: [mapchooser_extended.smx] Voting for next map has finished. Nextmap: vsh_cairo_pyramid_v4.
L 01/03/2021 - 05:38:42: [SM] Changed map to "vsh_cairo_pyramid_v4"
L 01/03/2021 - 05:38:44: -------- Mapchange to vsh_cairo_pyramid_v4 --------
L 01/03/2021 - 05:38:54: [mapchooser_extended.smx] Loaded map list for tf.
L 01/03/2021 - 05:59:10: [mapchooser_extended.smx] Voting for next map has started.
L 01/03/2021 - 05:59:36: [mapchooser_extended.smx] Voting for next map has started.
L 01/03/2021 - 05:59:45: [mapchooser_extended.smx] Voting for next map has finished. Nextmap: vsh_area_54tress_b4.
L 01/03/2021 - 06:07:12: [playercommands.smx] "Nezzie<6><[U:1:107910185]><>" slayed "test<19><BOT><>"
L 01/03/2021 - 06:07:13: [playercommands.smx] "Nezzie<6><[U:1:107910185]><>" slayed "test1<20><BOT><>"
L 01/03/2021 - 06:11:18: [SM] Changed map to "vsh_area_54tress_b4"
L 01/03/2021 - 06:11:21: -------- Mapchange to vsh_area_54tress_b4 --------
L 01/03/2021 - 06:11:31: [mapchooser_extended.smx] Loaded map list for tf.
L 01/03/2021 - 06:31:05: [basechat.smx] "Console<0><Console><Console>" triggered sm_say (text The round time has ended, omaewa-mou shindeiru)
L 01/03/2021 - 06:31:05: [playercommands.smx] "Console<0><Console><Console>" slayed "Draconic (Azel)<4><[U:1:101368949]><>"
L 01/03/2021 - 06:31:05: [playercommands.smx] "Console<0><Console><Console>" slayed "Nezzie<6><[U:1:107910185]><>"
L 01/03/2021 - 06:31:05: [playercommands.smx] "Console<0><Console><Console>" slayed "F1SH<9><[U:1:445849108]><>"
L 01/03/2021 - 06:31:46: [mapchooser_extended.smx] Voting for next map has started.
L 01/03/2021 - 06:32:05: [mapchooser_extended.smx] Voting for next map has started.
L 01/03/2021 - 06:32:19: [mapchooser_extended.smx] Voting for next map has finished. Nextmap: vsh_yammoe_rc3.
L 01/03/2021 - 06:34:00: [respawn.smx] "Nezzie<6><[U:1:107910185]><>" respawned "Moneybrains<21><[U:1:88830633]><>"
L 01/03/2021 - 06:43:20: [SM] Changed map to "vsh_yammoe_rc3"
L 01/03/2021 - 06:43:25: -------- Mapchange to vsh_yammoe_rc3 --------
L 01/03/2021 - 06:43:35: [mapchooser_extended.smx] Loaded map list for tf.
L 01/03/2021 - 06:57:39: [basecommands.smx] "Nezzie<6><[U:1:107910185]><>" kicked "Nezzie<6><[U:1:107910185]><>" (reason "bai")
L 01/03/2021 - 07:03:52: [mapchooser_extended.smx] Voting for next map has started.
L 01/03/2021 - 20:33:36: [respawn.smx] "Hailstorm<22><[U:1:181986054]><>" respawned "Hailstorm<22><[U:1:181986054]><>"
L 01/03/2021 - 22:30:23: [SM] Changed map to "vsh_tranquil_b5"
L 01/03/2021 - 22:30:26: -------- Mapchange to vsh_tranquil_b5 --------
L 01/03/2021 - 22:30:37: [mapchooser_extended.smx] Loaded map list for tf.
L 01/03/2021 - 22:50:53: [mapchooser_extended.smx] Voting for next map has started.
L 01/03/2021 - 22:51:14: [mapchooser_extended.smx] Voting for next map has finished. Nextmap: vsh_dunger_b2a.
L 01/03/2021 - 23:02:38: [SM] Changed map to "vsh_dunger_b2a"
L 01/03/2021 - 23:02:41: -------- Mapchange to vsh_dunger_b2a --------
L 01/03/2021 - 23:02:52: [mapchooser_extended.smx] Loaded map list for tf.
L 01/03/2021 - 23:03:47: [mapchooser_extended.smx] Starting map vote because outside request
L 01/03/2021 - 23:04:03: [mapchooser_extended.smx] Voting for next map has started.
L 01/03/2021 - 23:04:25: [mapchooser_extended.smx] Voting for next map has started.
L 01/03/2021 - 23:04:31: [mapchooser_extended.smx] Voting for next map has finished. Nextmap: vsh_crevice_b5.
L 01/03/2021 - 23:04:35: [SM] Changed map to "vsh_crevice_b5"
L 01/03/2021 - 23:04:38: -------- Mapchange to vsh_crevice_b5 --------
L 01/03/2021 - 23:04:48: [mapchooser_extended.smx] Loaded map list for tf.
L 01/03/2021 - 23:25:05: [mapchooser_extended.smx] Voting for next map has started.
L 01/03/2021 - 23:25:26: [mapchooser_extended.smx] Voting for next map has finished. Nextmap: vsh_nebula_rc1.
L 01/03/2021 - 23:36:25: [SM] Changed map to "vsh_nebula_rc1"
L 01/03/2021 - 23:36:29: -------- Mapchange to vsh_nebula_rc1 --------
L 01/03/2021 - 23:36:40: [mapchooser_extended.smx] Loaded map list for tf.
L 01/03/2021 - 23:38:52: [basecommands.smx] "Nezzie<26><[U:1:107910185]><>" changed map to "vsh_nebula_rc1"
L 01/03/2021 - 23:38:55: [SM] Changed map to "vsh_nebula_rc1"
L 01/03/2021 - 23:38:58: -------- Mapchange to vsh_nebula_rc1 --------
L 01/03/2021 - 23:39:10: [mapchooser_extended.smx] Loaded map list for tf.
L 01/03/2021 - 23:50:59: [respawn.smx] "Hailstorm<29><[U:1:181986054]><>" respawned "IDFK ¯\_(ツ)_/¯<23><[U:1:1011584981]><>"
L 01/03/2021 - 23:50:59: [respawn.smx] "Hailstorm<29><[U:1:181986054]><>" respawned "F1SH<24><[U:1:445849108]><>"
L 01/03/2021 - 23:50:59: [respawn.smx] "Hailstorm<29><[U:1:181986054]><>" respawned "Giggity<35><[U:1:899071019]><>"
L 01/03/2021 - 23:51:00: [respawn.smx] "Hailstorm<29><[U:1:181986054]><>" respawned "Veemo<33><[U:1:1084035735]><>"
L 01/03/2021 - 23:51:00: [respawn.smx] "Hailstorm<29><[U:1:181986054]><>" respawned "rinzor<25><[U:1:103173271]><>"
L 01/03/2021 - 23:51:00: [respawn.smx] "Hailstorm<29><[U:1:181986054]><>" respawned "Moderationdev<32><[U:1:161525445]><>"
L 01/03/2021 - 23:59:28: [mapchooser_extended.smx] Voting for next map has started.
L 01/03/2021 - 23:59:48: [mapchooser_extended.smx] Voting for next map has finished. Nextmap: vsh_apg_v2_sg1.
L 01/04/2021 - 00:09:48: Log file closed.
