L 02/17/2021 - 21:27:42: SourceMod log file session started (file "/home/steamsrv/tf2/tf/addons/sourcemod/logs/L20210217.log") (Version "1.10.0.6490")
L 02/17/2021 - 21:27:42: [SM] Changed map to "vsh_shipment_v1a"
L 02/17/2021 - 21:27:47: -------- Mapchange to vsh_shipment_v1a --------
L 02/17/2021 - 21:28:02: [mapchooser_extended.smx] Loaded map list for tf.
L 02/17/2021 - 21:34:36: [mapchooser_extended.smx] Starting map vote because outside request
L 02/17/2021 - 21:34:53: [mapchooser_extended.smx] Voting for next map has started.
L 02/17/2021 - 21:35:19: [mapchooser_extended.smx] Voting for next map has started.
L 02/17/2021 - 21:35:30: [mapchooser_extended.smx] Voting for next map has finished. Nextmap: vsh_void_a1f.
L 02/17/2021 - 21:35:34: [SM] Changed map to "vsh_void_a1f"
L 02/17/2021 - 21:35:37: -------- Mapchange to vsh_void_a1f --------
L 02/17/2021 - 21:35:49: [mapchooser_extended.smx] Loaded map list for tf.
L 02/17/2021 - 21:56:08: [mapchooser_extended.smx] Voting for next map has started.
L 02/17/2021 - 22:23:38: [basechat.smx] "Console<0><Console><Console>" triggered sm_say (text The round time has ended, omaewa-mou shindeiru)
L 02/17/2021 - 22:23:38: [playercommands.smx] "Console<0><Console><Console>" slayed "Walter W. Gaming<167><[U:1:185670919]><>"
L 02/17/2021 - 22:23:38: [playercommands.smx] "Console<0><Console><Console>" slayed "Jesse P. Gaming<168><[U:1:158286573]><>"
L 02/17/2021 - 22:23:56: [SM] Changed map to "vsh_intrusion_rc2"
L 02/17/2021 - 22:24:02: -------- Mapchange to vsh_intrusion_rc2 --------
L 02/17/2021 - 22:24:21: [mapchooser_extended.smx] Loaded map list for tf.
L 02/17/2021 - 22:44:35: [mapchooser_extended.smx] Voting for next map has started.
L 02/17/2021 - 23:48:13: [SM] Changed map to "vsh_necropolis_b1"
L 02/17/2021 - 23:48:14: -------- Mapchange to vsh_necropolis_b1 --------
L 02/17/2021 - 23:48:26: [mapchooser_extended.smx] Loaded map list for tf.
L 02/18/2021 - 00:08:42: Log file closed.
