L 02/10/2021 - 01:27:55: SourceMod log file session started (file "/home/steamsrv/tf2/tf/addons/sourcemod/logs/L20210210.log") (Version "1.10.0.6490")
L 02/10/2021 - 01:27:55: [SM] Changed map to "vsh_tranquil_b5"
L 02/10/2021 - 01:27:57: -------- Mapchange to vsh_tranquil_b5 --------
L 02/10/2021 - 01:28:09: [mapchooser_extended.smx] Loaded map list for tf.
L 02/10/2021 - 01:44:08: [mapchooser_extended.smx] Starting map vote because outside request
L 02/10/2021 - 01:44:25: [mapchooser_extended.smx] Voting for next map has started.
L 02/10/2021 - 01:44:45: [mapchooser_extended.smx] Voting for next map has finished. Nextmap: vsh_void_a1f.
L 02/10/2021 - 01:44:49: [SM] Changed map to "vsh_void_a1f"
L 02/10/2021 - 01:44:51: -------- Mapchange to vsh_void_a1f --------
L 02/10/2021 - 01:45:02: [mapchooser_extended.smx] Loaded map list for tf.
L 02/10/2021 - 02:05:19: [mapchooser_extended.smx] Voting for next map has started.
L 02/10/2021 - 02:05:36: [mapchooser_extended.smx] Voting for next map has finished. Nextmap: vsh_chinatown_b3.
L 02/10/2021 - 02:13:35: [rockthevote_extended.smx] RTV changing map manually
L 02/10/2021 - 02:13:35: [SM] Changed map to "vsh_chinatown_b3"
L 02/10/2021 - 02:13:41: -------- Mapchange to vsh_chinatown_b3 --------
L 02/10/2021 - 02:13:54: [mapchooser_extended.smx] Loaded map list for tf.
L 02/10/2021 - 02:14:48: [mapchooser_extended.smx] Starting map vote because outside request
L 02/10/2021 - 02:15:05: [mapchooser_extended.smx] Voting for next map has started.
L 02/10/2021 - 02:15:13: [mapchooser_extended.smx] Voting for next map has finished. Nextmap: vsh_dunger_b2a.
L 02/10/2021 - 02:15:17: [SM] Changed map to "vsh_dunger_b2a"
L 02/10/2021 - 02:15:21: -------- Mapchange to vsh_dunger_b2a --------
L 02/10/2021 - 02:15:33: [mapchooser_extended.smx] Loaded map list for tf.
L 02/10/2021 - 02:16:18: [mapchooser_extended.smx] Starting map vote because outside request
L 02/10/2021 - 02:16:34: [mapchooser_extended.smx] Voting for next map has started.
L 02/10/2021 - 02:16:42: [mapchooser_extended.smx] Voting for next map has finished. Nextmap: vsh_dirtmound_b9.
L 02/10/2021 - 02:16:46: [SM] Changed map to "vsh_dirtmound_b9"
L 02/10/2021 - 02:16:49: -------- Mapchange to vsh_dirtmound_b9 --------
L 02/10/2021 - 02:17:00: [mapchooser_extended.smx] Loaded map list for tf.
L 02/10/2021 - 02:18:16: [mapchooser_extended.smx] Starting map vote because outside request
L 02/10/2021 - 02:18:32: [mapchooser_extended.smx] Voting for next map has started.
L 02/10/2021 - 02:18:59: [mapchooser_extended.smx] Voting for next map has started.
L 02/10/2021 - 02:19:04: [mapchooser_extended.smx] Voting for next map has finished. Nextmap: vsh_shipment_v1a.
L 02/10/2021 - 02:19:08: [SM] Changed map to "vsh_shipment_v1a"
L 02/10/2021 - 02:19:11: -------- Mapchange to vsh_shipment_v1a --------
L 02/10/2021 - 02:19:22: [mapchooser_extended.smx] Loaded map list for tf.
L 02/10/2021 - 02:19:52: [mapchooser_extended.smx] Starting map vote because outside request
L 02/10/2021 - 02:20:08: [mapchooser_extended.smx] Voting for next map has started.
L 02/10/2021 - 02:20:28: [mapchooser_extended.smx] Voting for next map has finished. Nextmap: vsh_crevice_b5.
L 02/10/2021 - 02:20:32: [SM] Changed map to "vsh_crevice_b5"
L 02/10/2021 - 02:20:35: -------- Mapchange to vsh_crevice_b5 --------
L 02/10/2021 - 02:20:46: [mapchooser_extended.smx] Loaded map list for tf.
L 02/10/2021 - 02:23:37: [mapchooser_extended.smx] Starting map vote because outside request
L 02/10/2021 - 02:23:53: [mapchooser_extended.smx] Voting for next map has started.
L 02/10/2021 - 02:24:04: [mapchooser_extended.smx] Voting for next map has finished. Nextmap: vsh_necropolis_b1.
L 02/10/2021 - 02:24:08: [SM] Changed map to "vsh_necropolis_b1"
L 02/10/2021 - 02:24:11: -------- Mapchange to vsh_necropolis_b1 --------
L 02/10/2021 - 02:24:22: [mapchooser_extended.smx] Loaded map list for tf.
L 02/10/2021 - 02:24:54: [mapchooser_extended.smx] Starting map vote because outside request
L 02/10/2021 - 02:25:10: [mapchooser_extended.smx] Voting for next map has started.
L 02/10/2021 - 02:25:24: [mapchooser_extended.smx] Voting for next map has finished. Nextmap: vsh_apg_reworked_b2.
L 02/10/2021 - 02:25:28: [SM] Changed map to "vsh_apg_reworked_b2"
L 02/10/2021 - 02:25:30: -------- Mapchange to vsh_apg_reworked_b2 --------
L 02/10/2021 - 02:25:40: [mapchooser_extended.smx] Loaded map list for tf.
L 02/10/2021 - 02:31:20: [mapchooser_extended.smx] Starting map vote because outside request
L 02/10/2021 - 02:31:36: [mapchooser_extended.smx] Voting for next map has started.
L 02/10/2021 - 02:31:57: [mapchooser_extended.smx] Voting for next map has finished. Nextmap: vsh_cactustemple_v1.
L 02/10/2021 - 02:32:01: [SM] Changed map to "vsh_cactustemple_v1"
L 02/10/2021 - 02:32:04: -------- Mapchange to vsh_cactustemple_v1 --------
L 02/10/2021 - 02:32:15: [mapchooser_extended.smx] Loaded map list for tf.
L 02/10/2021 - 02:52:31: [mapchooser_extended.smx] Voting for next map has started.
L 02/10/2021 - 22:04:12: -------- Mapchange to vsh_nebula_rc1 --------
L 02/10/2021 - 22:04:26: [mapchooser_extended.smx] Loaded map list for tf.
L 02/10/2021 - 22:19:58: [mapchooser_extended.smx] Starting map vote because outside request
L 02/10/2021 - 22:20:14: [mapchooser_extended.smx] Voting for next map has started.
L 02/10/2021 - 22:20:20: [mapchooser_extended.smx] Voting for next map has finished. Nextmap: vsh_intrusion_rc2.
L 02/10/2021 - 22:20:24: [SM] Changed map to "vsh_intrusion_rc2"
L 02/10/2021 - 22:20:36: -------- Mapchange to vsh_intrusion_rc2 --------
L 02/10/2021 - 22:20:51: [mapchooser_extended.smx] Loaded map list for tf.
L 02/10/2021 - 22:41:07: [mapchooser_extended.smx] Voting for next map has started.
L 02/12/2021 - 19:16:07: Log file closed.
