L 02/27/2021 - 08:10:37: SourceMod log file session started (file "/home/steamsrv/tf2/tf/addons/sourcemod/logs/L20210227.log") (Version "1.10.0.6490")
L 02/27/2021 - 08:10:37: [SM] Changed map to "vsh_cairo_pyramid_v4"
L 02/27/2021 - 08:10:41: -------- Mapchange to vsh_cairo_pyramid_v4 --------
L 02/27/2021 - 08:10:52: [mapchooser_extended.smx] Loaded map list for tf.
L 02/27/2021 - 08:31:11: [mapchooser_extended.smx] Voting for next map has started.
L 02/27/2021 - 08:31:37: [mapchooser_extended.smx] Voting for next map has started.
L 02/27/2021 - 08:31:58: [mapchooser_extended.smx] Voting for next map has finished. Nextmap: vsh_west_event.
L 02/27/2021 - 08:41:44: [SM] Changed map to "vsh_west_event"
L 02/27/2021 - 08:41:46: -------- Mapchange to vsh_west_event --------
L 02/27/2021 - 08:41:56: [mapchooser_extended.smx] Loaded map list for tf.
L 02/27/2021 - 09:02:14: [mapchooser_extended.smx] Voting for next map has started.
L 02/27/2021 - 20:45:32: [SM] Changed map to "vsh_void_a1f"
L 02/27/2021 - 20:45:34: -------- Mapchange to vsh_void_a1f --------
L 02/27/2021 - 20:45:48: [mapchooser_extended.smx] Loaded map list for tf.
L 02/27/2021 - 20:48:03: [mapchooser_extended.smx] Starting map vote because outside request
L 02/27/2021 - 20:48:19: [mapchooser_extended.smx] Voting for next map has started.
L 02/27/2021 - 20:48:34: [mapchooser_extended.smx] Voting for next map has finished. Nextmap: vsh_skyhigh_resort_b8_sg4.
L 02/27/2021 - 20:48:38: [SM] Changed map to "vsh_skyhigh_resort_b8_sg4"
L 02/27/2021 - 20:48:40: -------- Mapchange to vsh_skyhigh_resort_b8_sg4 --------
L 02/27/2021 - 20:48:52: [mapchooser_extended.smx] Loaded map list for tf.
L 02/27/2021 - 21:09:09: [mapchooser_extended.smx] Voting for next map has started.
L 02/27/2021 - 21:09:29: [mapchooser_extended.smx] Voting for next map has finished. Nextmap: vsh_cactustemple_v1.
L 03/02/2021 - 19:50:26: Log file closed.
