L 03/21/2021 - 00:05:09: SourceMod log file session started (file "/home/frenzoid/TF2_FF2/tf/addons/sourcemod/logs/L20210321.log") (Version "1.10.0.6490")
L 03/21/2021 - 00:05:09: [mapchooser_extended.smx] Voting for next map has started.
L 03/21/2021 - 00:05:35: [mapchooser_extended.smx] Voting for next map has started.
L 03/21/2021 - 00:05:55: [mapchooser_extended.smx] Voting for next map has finished. Nextmap: vsh_cairo_pyramid_v4.
L 03/21/2021 - 00:07:02: [respawn.smx] "Nezzie<89><[U:1:107910185]><>" respawned "anxiolf<91><[U:1:842438350]><>"
L 03/21/2021 - 00:08:58: [basechat.smx] "Console<0><Console><Console>" triggered sm_say (text The round time has ended, omaewa-mou shindeiru)
L 03/21/2021 - 00:08:58: [playercommands.smx] "Console<0><Console><Console>" slayed "Nezzie<89><[U:1:107910185]><>"
L 03/21/2021 - 00:08:58: [playercommands.smx] "Console<0><Console><Console>" slayed "puzzle<90><[U:1:136056777]><>"
L 03/21/2021 - 00:14:34: [funcommands.smx] "Nezzie<89><[U:1:107910185]><>" ignited "Nezzie<89><[U:1:107910185]><>" (seconds "20.000000")
L 03/21/2021 - 00:16:28: [respawn.smx] "Nezzie<89><[U:1:107910185]><>" respawned "anxiolf<91><[U:1:842438350]><>"
L 03/21/2021 - 00:19:39: [SM] Changed map to "vsh_cairo_pyramid_v4"
L 03/21/2021 - 00:19:40: -------- Mapchange to vsh_cairo_pyramid_v4 --------
L 03/21/2021 - 00:19:47: [mapchooser_extended.smx] Loaded map list for tf.
L 03/21/2021 - 00:29:29: [basechat.smx] "Nezzie<89><[U:1:107910185]><>" triggered sm_csay (text trial)
L 03/21/2021 - 00:40:00: [nominations_extended.smx] anxiolf nominated vsh_nebula_rc1
L 03/21/2021 - 00:40:03: [mapchooser_extended.smx] Voting for next map has started.
L 03/21/2021 - 00:40:11: [mapchooser_extended.smx] Voting for next map has finished. Nextmap: vsh_nebula_rc1.
L 03/21/2021 - 00:53:45: [SM] Changed map to "vsh_nebula_rc1"
L 03/21/2021 - 00:53:47: -------- Mapchange to vsh_nebula_rc1 --------
L 03/21/2021 - 00:53:54: [mapchooser_extended.smx] Loaded map list for tf.
L 03/21/2021 - 00:59:55: [funcommandsX.smx] "Nezzie<89><[U:1:107910185]><>" teleported "Dozii<93><[U:1:94212661]><>"
L 03/21/2021 - 01:00:05: [funcommandsX.smx] "Nezzie<89><[U:1:107910185]><>" teleported "Dozii<93><[U:1:94212661]><>"
L 03/21/2021 - 01:00:19: [funcommands.smx] "Nezzie<89><[U:1:107910185]><>" froze "puzzle<90><[U:1:136056777]><>"
L 03/21/2021 - 01:00:58: [funcommandsX.smx] "Nezzie<89><[U:1:107910185]><>" teleported "Dozii<93><[U:1:94212661]><>"
L 03/21/2021 - 01:00:59: [funcommandsX.smx] "Nezzie<89><[U:1:107910185]><>" teleported "Dozii<93><[U:1:94212661]><>"
L 03/21/2021 - 01:01:00: [funcommandsX.smx] "Nezzie<89><[U:1:107910185]><>" teleported "Dozii<93><[U:1:94212661]><>"
L 03/21/2021 - 01:01:00: [funcommandsX.smx] "Nezzie<89><[U:1:107910185]><>" teleported "Dozii<93><[U:1:94212661]><>"
L 03/21/2021 - 01:01:01: [funcommandsX.smx] "Nezzie<89><[U:1:107910185]><>" teleported "Dozii<93><[U:1:94212661]><>"
L 03/21/2021 - 01:01:01: [funcommandsX.smx] "Nezzie<89><[U:1:107910185]><>" teleported "Dozii<93><[U:1:94212661]><>"
L 03/21/2021 - 01:01:02: [funcommandsX.smx] "Nezzie<89><[U:1:107910185]><>" teleported "Dozii<93><[U:1:94212661]><>"
L 03/21/2021 - 01:01:02: [funcommandsX.smx] "Nezzie<89><[U:1:107910185]><>" teleported "Dozii<93><[U:1:94212661]><>"
L 03/21/2021 - 01:01:06: [funcommandsX.smx] "Nezzie<89><[U:1:107910185]><>" teleported "Dozii<93><[U:1:94212661]><>"
L 03/21/2021 - 01:01:08: [funcommandsX.smx] "Nezzie<89><[U:1:107910185]><>" teleported "Dozii<93><[U:1:94212661]><>"
L 03/21/2021 - 01:01:08: [funcommandsX.smx] "Nezzie<89><[U:1:107910185]><>" teleported "Dozii<93><[U:1:94212661]><>"
L 03/21/2021 - 01:01:08: [funcommandsX.smx] "Nezzie<89><[U:1:107910185]><>" teleported "Dozii<93><[U:1:94212661]><>"
L 03/21/2021 - 01:01:09: [funcommandsX.smx] "Nezzie<89><[U:1:107910185]><>" teleported "Dozii<93><[U:1:94212661]><>"
L 03/21/2021 - 01:01:09: [funcommandsX.smx] "Nezzie<89><[U:1:107910185]><>" teleported "Dozii<93><[U:1:94212661]><>"
L 03/21/2021 - 01:01:09: [funcommandsX.smx] "Nezzie<89><[U:1:107910185]><>" teleported "Dozii<93><[U:1:94212661]><>"
L 03/21/2021 - 01:01:10: [funcommandsX.smx] "Nezzie<89><[U:1:107910185]><>" teleported "Dozii<93><[U:1:94212661]><>"
L 03/21/2021 - 01:01:10: [funcommandsX.smx] "Nezzie<89><[U:1:107910185]><>" teleported "Dozii<93><[U:1:94212661]><>"
L 03/21/2021 - 01:01:10: [funcommandsX.smx] "Nezzie<89><[U:1:107910185]><>" teleported "Dozii<93><[U:1:94212661]><>"
L 03/21/2021 - 01:01:11: [funcommandsX.smx] "Nezzie<89><[U:1:107910185]><>" teleported "Dozii<93><[U:1:94212661]><>"
L 03/21/2021 - 01:01:11: [funcommandsX.smx] "Nezzie<89><[U:1:107910185]><>" teleported "Dozii<93><[U:1:94212661]><>"
L 03/21/2021 - 01:01:11: [funcommandsX.smx] "Nezzie<89><[U:1:107910185]><>" teleported "Dozii<93><[U:1:94212661]><>"
L 03/21/2021 - 01:01:12: [funcommandsX.smx] "Nezzie<89><[U:1:107910185]><>" teleported "Dozii<93><[U:1:94212661]><>"
L 03/21/2021 - 01:01:12: [funcommandsX.smx] "Nezzie<89><[U:1:107910185]><>" teleported "Dozii<93><[U:1:94212661]><>"
L 03/21/2021 - 01:01:13: [funcommandsX.smx] "Nezzie<89><[U:1:107910185]><>" teleported "Dozii<93><[U:1:94212661]><>"
L 03/21/2021 - 01:01:15: [funcommandsX.smx] "Nezzie<89><[U:1:107910185]><>" teleported "Dozii<93><[U:1:94212661]><>"
L 03/21/2021 - 01:02:04: [funcommandsX.smx] "Nezzie<89><[U:1:107910185]><>" teleported "puzzle<90><[U:1:136056777]><>"
L 03/21/2021 - 01:02:11: [funcommandsX.smx] "Nezzie<89><[U:1:107910185]><>" teleported "anxiolf<94><[U:1:842438350]><>"
L 03/21/2021 - 01:14:10: [mapchooser_extended.smx] Voting for next map has started.
L 03/21/2021 - 01:14:28: [mapchooser_extended.smx] Voting for next map has finished. Nextmap: vsh_skyhigh_resort_b8_sg4.
L 03/21/2021 - 01:18:16: [playercommands.smx] "Nezzie<89><[U:1:107910185]><>" slapped "puzzle<90><[U:1:136056777]><>" (damage "0")
L 03/21/2021 - 01:18:16: [playercommands.smx] "Nezzie<89><[U:1:107910185]><>" slapped "puzzle<90><[U:1:136056777]><>" (damage "0")
L 03/21/2021 - 01:18:17: [playercommands.smx] "Nezzie<89><[U:1:107910185]><>" slapped "puzzle<90><[U:1:136056777]><>" (damage "0")
L 03/21/2021 - 01:18:17: [playercommands.smx] "Nezzie<89><[U:1:107910185]><>" slapped "puzzle<90><[U:1:136056777]><>" (damage "0")
L 03/21/2021 - 01:18:17: [playercommands.smx] "Nezzie<89><[U:1:107910185]><>" slapped "puzzle<90><[U:1:136056777]><>" (damage "0")
L 03/21/2021 - 01:18:17: [playercommands.smx] "Nezzie<89><[U:1:107910185]><>" slapped "puzzle<90><[U:1:136056777]><>" (damage "0")
L 03/21/2021 - 01:18:17: [playercommands.smx] "Nezzie<89><[U:1:107910185]><>" slapped "puzzle<90><[U:1:136056777]><>" (damage "0")
L 03/21/2021 - 01:18:17: [playercommands.smx] "Nezzie<89><[U:1:107910185]><>" slapped "puzzle<90><[U:1:136056777]><>" (damage "0")
L 03/21/2021 - 01:18:17: [playercommands.smx] "Nezzie<89><[U:1:107910185]><>" slapped "puzzle<90><[U:1:136056777]><>" (damage "0")
L 03/21/2021 - 01:18:17: [playercommands.smx] "Nezzie<89><[U:1:107910185]><>" slapped "puzzle<90><[U:1:136056777]><>" (damage "0")
L 03/21/2021 - 01:18:17: [playercommands.smx] "Nezzie<89><[U:1:107910185]><>" slapped "puzzle<90><[U:1:136056777]><>" (damage "0")
L 03/21/2021 - 01:18:18: [playercommands.smx] "Nezzie<89><[U:1:107910185]><>" slapped "puzzle<90><[U:1:136056777]><>" (damage "0")
L 03/21/2021 - 01:18:18: [playercommands.smx] "Nezzie<89><[U:1:107910185]><>" slapped "puzzle<90><[U:1:136056777]><>" (damage "0")
L 03/21/2021 - 01:18:18: [playercommands.smx] "Nezzie<89><[U:1:107910185]><>" slapped "puzzle<90><[U:1:136056777]><>" (damage "0")
L 03/21/2021 - 01:18:18: [playercommands.smx] "Nezzie<89><[U:1:107910185]><>" slapped "puzzle<90><[U:1:136056777]><>" (damage "0")
L 03/21/2021 - 01:18:18: [playercommands.smx] "Nezzie<89><[U:1:107910185]><>" slapped "puzzle<90><[U:1:136056777]><>" (damage "0")
L 03/21/2021 - 01:18:18: [playercommands.smx] "Nezzie<89><[U:1:107910185]><>" slapped "puzzle<90><[U:1:136056777]><>" (damage "0")
L 03/21/2021 - 01:18:18: [playercommands.smx] "Nezzie<89><[U:1:107910185]><>" slapped "Dozii<93><[U:1:94212661]><>" (damage "0")
L 03/21/2021 - 01:18:19: [playercommands.smx] "Nezzie<89><[U:1:107910185]><>" slapped "Dozii<93><[U:1:94212661]><>" (damage "0")
L 03/21/2021 - 01:18:22: [playercommands.smx] "Nezzie<89><[U:1:107910185]><>" slapped "Dozii<93><[U:1:94212661]><>" (damage "0")
L 03/21/2021 - 01:18:22: [playercommands.smx] "Nezzie<89><[U:1:107910185]><>" slapped "Dozii<93><[U:1:94212661]><>" (damage "0")
L 03/21/2021 - 01:18:22: [playercommands.smx] "Nezzie<89><[U:1:107910185]><>" slapped "Dozii<93><[U:1:94212661]><>" (damage "0")
L 03/21/2021 - 01:18:22: [playercommands.smx] "Nezzie<89><[U:1:107910185]><>" slapped "Dozii<93><[U:1:94212661]><>" (damage "0")
L 03/21/2021 - 01:18:22: [playercommands.smx] "Nezzie<89><[U:1:107910185]><>" slapped "Dozii<93><[U:1:94212661]><>" (damage "0")
L 03/21/2021 - 01:18:22: [playercommands.smx] "Nezzie<89><[U:1:107910185]><>" slapped "Dozii<93><[U:1:94212661]><>" (damage "0")
L 03/21/2021 - 01:18:22: [playercommands.smx] "Nezzie<89><[U:1:107910185]><>" slapped "Dozii<93><[U:1:94212661]><>" (damage "0")
L 03/21/2021 - 01:18:22: [playercommands.smx] "Nezzie<89><[U:1:107910185]><>" slapped "Dozii<93><[U:1:94212661]><>" (damage "0")
L 03/21/2021 - 01:18:23: [playercommands.smx] "Nezzie<89><[U:1:107910185]><>" slapped "Dozii<93><[U:1:94212661]><>" (damage "0")
L 03/21/2021 - 01:18:23: [playercommands.smx] "Nezzie<89><[U:1:107910185]><>" slapped "Dozii<93><[U:1:94212661]><>" (damage "0")
L 03/21/2021 - 01:18:23: [playercommands.smx] "Nezzie<89><[U:1:107910185]><>" slapped "Dozii<93><[U:1:94212661]><>" (damage "0")
L 03/21/2021 - 01:18:23: [playercommands.smx] "Nezzie<89><[U:1:107910185]><>" slapped "Dozii<93><[U:1:94212661]><>" (damage "0")
L 03/21/2021 - 01:18:23: [playercommands.smx] "Nezzie<89><[U:1:107910185]><>" slapped "Dozii<93><[U:1:94212661]><>" (damage "0")
L 03/21/2021 - 01:18:23: [playercommands.smx] "Nezzie<89><[U:1:107910185]><>" slapped "Dozii<93><[U:1:94212661]><>" (damage "0")
L 03/21/2021 - 01:18:23: [playercommands.smx] "Nezzie<89><[U:1:107910185]><>" slapped "Dozii<93><[U:1:94212661]><>" (damage "0")
L 03/21/2021 - 01:18:23: [playercommands.smx] "Nezzie<89><[U:1:107910185]><>" slapped "Dozii<93><[U:1:94212661]><>" (damage "0")
L 03/21/2021 - 01:18:24: [playercommands.smx] "Nezzie<89><[U:1:107910185]><>" slapped "Dozii<93><[U:1:94212661]><>" (damage "0")
L 03/21/2021 - 01:18:24: [playercommands.smx] "Nezzie<89><[U:1:107910185]><>" slapped "Dozii<93><[U:1:94212661]><>" (damage "0")
L 03/21/2021 - 01:18:24: [playercommands.smx] "Nezzie<89><[U:1:107910185]><>" slapped "Dozii<93><[U:1:94212661]><>" (damage "0")
L 03/21/2021 - 01:18:24: [playercommands.smx] "Nezzie<89><[U:1:107910185]><>" slapped "Dozii<93><[U:1:94212661]><>" (damage "0")
L 03/21/2021 - 01:24:30: [SM] Changed map to "vsh_skyhigh_resort_b8_sg4"
L 03/21/2021 - 01:24:32: -------- Mapchange to vsh_skyhigh_resort_b8_sg4 --------
L 03/21/2021 - 01:24:39: [mapchooser_extended.smx] Loaded map list for tf.
L 03/21/2021 - 01:28:21: [respawn.smx] "Nezzie<89><[U:1:107910185]><>" respawned "Nezzie<89><[U:1:107910185]><>"
L 03/21/2021 - 01:28:29: [respawn.smx] "Nezzie<89><[U:1:107910185]><>" respawned "Nezzie<89><[U:1:107910185]><>"
L 03/21/2021 - 01:31:09: [funcommandsX.smx] "Nezzie<89><[U:1:107910185]><>" teleported "puzzle<90><[U:1:136056777]><>"
L 03/21/2021 - 01:31:11: [funcommandsX.smx] "Nezzie<89><[U:1:107910185]><>" teleported "puzzle<90><[U:1:136056777]><>"
L 03/21/2021 - 01:31:11: [funcommandsX.smx] "Nezzie<89><[U:1:107910185]><>" teleported "puzzle<90><[U:1:136056777]><>"
L 03/21/2021 - 01:31:12: [funcommandsX.smx] "Nezzie<89><[U:1:107910185]><>" teleported "puzzle<90><[U:1:136056777]><>"
L 03/21/2021 - 01:31:12: [funcommandsX.smx] "Nezzie<89><[U:1:107910185]><>" teleported "puzzle<90><[U:1:136056777]><>"
L 03/21/2021 - 01:31:13: [funcommandsX.smx] "Nezzie<89><[U:1:107910185]><>" teleported "puzzle<90><[U:1:136056777]><>"
L 03/21/2021 - 01:31:13: [funcommandsX.smx] "Nezzie<89><[U:1:107910185]><>" teleported "puzzle<90><[U:1:136056777]><>"
L 03/21/2021 - 01:31:14: [funcommandsX.smx] "Nezzie<89><[U:1:107910185]><>" teleported "puzzle<90><[U:1:136056777]><>"
L 03/21/2021 - 01:31:14: [funcommandsX.smx] "Nezzie<89><[U:1:107910185]><>" teleported "puzzle<90><[U:1:136056777]><>"
L 03/21/2021 - 01:31:14: [funcommandsX.smx] "Nezzie<89><[U:1:107910185]><>" teleported "puzzle<90><[U:1:136056777]><>"
L 03/21/2021 - 01:31:15: [funcommandsX.smx] "Nezzie<89><[U:1:107910185]><>" teleported "puzzle<90><[U:1:136056777]><>"
L 03/21/2021 - 01:31:15: [funcommandsX.smx] "Nezzie<89><[U:1:107910185]><>" teleported "puzzle<90><[U:1:136056777]><>"
L 03/21/2021 - 01:31:16: [funcommandsX.smx] "Nezzie<89><[U:1:107910185]><>" teleported "puzzle<90><[U:1:136056777]><>"
L 03/21/2021 - 01:31:17: [funcommandsX.smx] "Nezzie<89><[U:1:107910185]><>" teleported "puzzle<90><[U:1:136056777]><>"
L 03/21/2021 - 01:31:17: [funcommandsX.smx] "Nezzie<89><[U:1:107910185]><>" teleported "puzzle<90><[U:1:136056777]><>"
L 03/21/2021 - 01:31:19: [funcommandsX.smx] "Nezzie<89><[U:1:107910185]><>" teleported "puzzle<90><[U:1:136056777]><>"
L 03/21/2021 - 01:31:20: [funcommandsX.smx] "Nezzie<89><[U:1:107910185]><>" teleported "puzzle<90><[U:1:136056777]><>"
L 03/21/2021 - 01:31:27: [funcommandsX.smx] "Nezzie<89><[U:1:107910185]><>" teleported "puzzle<90><[U:1:136056777]><>"
L 03/21/2021 - 01:31:28: [funcommandsX.smx] "Nezzie<89><[U:1:107910185]><>" teleported "puzzle<90><[U:1:136056777]><>"
L 03/21/2021 - 01:31:29: [funcommandsX.smx] "Nezzie<89><[U:1:107910185]><>" teleported "puzzle<90><[U:1:136056777]><>"
L 03/21/2021 - 01:31:36: [funcommandsX.smx] "Nezzie<89><[U:1:107910185]><>" teleported "puzzle<90><[U:1:136056777]><>"
L 03/21/2021 - 01:31:38: [funcommandsX.smx] "Nezzie<89><[U:1:107910185]><>" teleported "puzzle<90><[U:1:136056777]><>"
L 03/21/2021 - 01:31:47: [funcommandsX.smx] "Nezzie<89><[U:1:107910185]><>" teleported "Dozii<93><[U:1:94212661]><>"
L 03/21/2021 - 01:31:49: [funcommandsX.smx] "Nezzie<89><[U:1:107910185]><>" teleported "Nezzie<89><[U:1:107910185]><>"
L 03/21/2021 - 01:31:51: [funcommandsX.smx] "Nezzie<89><[U:1:107910185]><>" teleported "Dozii<93><[U:1:94212661]><>"
L 03/21/2021 - 01:32:02: [respawn.smx] "Nezzie<89><[U:1:107910185]><>" respawned "puzzle<90><[U:1:136056777]><>"
L 03/21/2021 - 01:34:44: [funcommands.smx] "Nezzie<89><[U:1:107910185]><>" drugged "puzzle<90><[U:1:136056777]><>"
L 03/21/2021 - 01:34:54: [funcommands.smx] "Nezzie<89><[U:1:107910185]><>" drugged "Nezzie<89><[U:1:107910185]><>"
L 03/21/2021 - 01:34:54: [funcommands.smx] "Nezzie<89><[U:1:107910185]><>" drugged "Dozii<93><[U:1:94212661]><>"
L 03/21/2021 - 01:39:05: [funcommandsX.smx] "Nezzie<89><[U:1:107910185]><>" teleported "puzzle<90><[U:1:136056777]><>"
L 03/21/2021 - 01:39:57: [funcommandsX.smx] "Nezzie<89><[U:1:107910185]><>" teleported "puzzle<90><[U:1:136056777]><>"
L 03/21/2021 - 01:39:58: [funcommandsX.smx] "Nezzie<89><[U:1:107910185]><>" teleported "puzzle<90><[U:1:136056777]><>"
L 03/21/2021 - 01:40:04: [funcommandsX.smx] "Nezzie<89><[U:1:107910185]><>" teleported "puzzle<90><[U:1:136056777]><>"
L 03/21/2021 - 01:40:05: [funcommandsX.smx] "Nezzie<89><[U:1:107910185]><>" teleported "puzzle<90><[U:1:136056777]><>"
L 03/21/2021 - 01:40:06: [funcommandsX.smx] "Nezzie<89><[U:1:107910185]><>" teleported "puzzle<90><[U:1:136056777]><>"
L 03/21/2021 - 01:40:07: [funcommandsX.smx] "Nezzie<89><[U:1:107910185]><>" teleported "puzzle<90><[U:1:136056777]><>"
L 03/21/2021 - 01:40:10: [funcommandsX.smx] "Nezzie<89><[U:1:107910185]><>" teleported "puzzle<90><[U:1:136056777]><>"
L 03/21/2021 - 01:40:13: [funcommandsX.smx] "Nezzie<89><[U:1:107910185]><>" teleported "puzzle<90><[U:1:136056777]><>"
L 03/21/2021 - 01:40:16: [funcommandsX.smx] "Nezzie<89><[U:1:107910185]><>" teleported "puzzle<90><[U:1:136056777]><>"
L 03/21/2021 - 01:40:17: [funcommandsX.smx] "Nezzie<89><[U:1:107910185]><>" teleported "puzzle<90><[U:1:136056777]><>"
L 03/21/2021 - 01:40:18: [funcommandsX.smx] "Nezzie<89><[U:1:107910185]><>" teleported "puzzle<90><[U:1:136056777]><>"
L 03/21/2021 - 01:40:19: [funcommandsX.smx] "Nezzie<89><[U:1:107910185]><>" teleported "puzzle<90><[U:1:136056777]><>"
L 03/21/2021 - 01:40:19: [funcommandsX.smx] "Nezzie<89><[U:1:107910185]><>" teleported "puzzle<90><[U:1:136056777]><>"
L 03/21/2021 - 01:40:21: [funcommandsX.smx] "Nezzie<89><[U:1:107910185]><>" teleported "puzzle<90><[U:1:136056777]><>"
L 03/21/2021 - 01:40:25: [funcommandsX.smx] "Nezzie<89><[U:1:107910185]><>" teleported "puzzle<90><[U:1:136056777]><>"
L 03/21/2021 - 01:40:30: [funcommandsX.smx] "Nezzie<89><[U:1:107910185]><>" teleported "puzzle<90><[U:1:136056777]><>"
L 03/21/2021 - 01:40:34: [funcommandsX.smx] "Nezzie<89><[U:1:107910185]><>" teleported "puzzle<90><[U:1:136056777]><>"
L 03/21/2021 - 01:40:38: [funcommandsX.smx] "Nezzie<89><[U:1:107910185]><>" teleported "puzzle<90><[U:1:136056777]><>"
L 03/21/2021 - 01:40:40: [funcommandsX.smx] "Nezzie<89><[U:1:107910185]><>" teleported "puzzle<90><[U:1:136056777]><>"
L 03/21/2021 - 01:40:43: [funcommandsX.smx] "Nezzie<89><[U:1:107910185]><>" teleported "puzzle<90><[U:1:136056777]><>"
L 03/21/2021 - 01:40:44: [funcommandsX.smx] "Nezzie<89><[U:1:107910185]><>" teleported "puzzle<90><[U:1:136056777]><>"
L 03/21/2021 - 01:40:57: [funcommandsX.smx] "Nezzie<89><[U:1:107910185]><>" teleported "puzzle<90><[U:1:136056777]><>"
L 03/21/2021 - 01:41:00: [funcommandsX.smx] "Nezzie<89><[U:1:107910185]><>" teleported "puzzle<90><[U:1:136056777]><>"
L 03/21/2021 - 01:44:55: [mapchooser_extended.smx] Voting for next map has started.
L 03/21/2021 - 01:45:07: [mapchooser_extended.smx] Voting for next map has finished. Nextmap: vsh_dunger_b2a.
L 03/21/2021 - 01:55:26: [SM] Changed map to "vsh_dunger_b2a"
L 03/21/2021 - 01:55:28: -------- Mapchange to vsh_dunger_b2a --------
L 03/21/2021 - 01:55:37: [mapchooser_extended.smx] Loaded map list for tf.
L 03/21/2021 - 02:05:13: [sbpp_comms.smx] "Nezzie<89><[U:1:107910185]><>" muted "Nezzie<89><[U:1:107910185]><>" (minutes "1") (reason "dumb")
L 03/21/2021 - 02:09:13: [funcommandsX.smx] Game detected as Team Fortress 2: Source (GAME_TF2)
L 03/21/2021 - 02:09:13: [simple-chatprocessor.smx] [SCP] Recognized mod [Team Fortress 2].
L 03/21/2021 - 02:09:13: [simple-chatprocessor.smx] [SCP] Loading translation file [scp.tf.phrases].
L 03/21/2021 - 02:09:14: [freak_fortress_2.smx] Freak Fortress 2 199001 Loading...
L 03/21/2021 - 02:09:14: [mapchooser_extended.smx] Loaded map list for tf.
L 03/21/2021 - 02:11:10: [respawn.smx] "Nezzie<89><[U:1:107910185]><>" respawned "Nezzie<89><[U:1:107910185]><>"
L 03/21/2021 - 02:15:01: [respawn.smx] "Nezzie<89><[U:1:107910185]><>" respawned "Dozii<93><[U:1:94212661]><>"
L 03/21/2021 - 02:15:02: [respawn.smx] "Nezzie<89><[U:1:107910185]><>" respawned "Nezzie<89><[U:1:107910185]><>"
L 03/21/2021 - 02:15:52: [playercommands.smx] "Nezzie<89><[U:1:107910185]><>" slayed "test<95><BOT><>"
L 03/21/2021 - 02:15:52: [playercommands.smx] "Nezzie<89><[U:1:107910185]><>" slayed "test1<96><BOT><>"
L 03/21/2021 - 02:15:55: [mapchooser_extended.smx] Voting for next map has started.
L 03/21/2021 - 02:16:19: [mapchooser_extended.smx] Voting for next map has started.
L 03/21/2021 - 02:16:21: [mapchooser_extended.smx] Voting for next map has finished. Nextmap: vsh_west_event.
L 03/21/2021 - 02:18:35: [funcommandsX.smx] "Nezzie<89><[U:1:107910185]><>" teleported "Dozii<93><[U:1:94212661]><>"
L 03/21/2021 - 02:18:37: [funcommandsX.smx] "Nezzie<89><[U:1:107910185]><>" teleported "Dozii<93><[U:1:94212661]><>"
L 03/21/2021 - 02:18:39: [funcommandsX.smx] "Nezzie<89><[U:1:107910185]><>" teleported "Dozii<93><[U:1:94212661]><>"
L 03/21/2021 - 02:18:41: [funcommandsX.smx] "Nezzie<89><[U:1:107910185]><>" teleported "Dozii<93><[U:1:94212661]><>"
L 03/21/2021 - 02:18:42: [funcommandsX.smx] "Nezzie<89><[U:1:107910185]><>" teleported "Dozii<93><[U:1:94212661]><>"
L 03/21/2021 - 02:18:42: [funcommandsX.smx] "Nezzie<89><[U:1:107910185]><>" teleported "Dozii<93><[U:1:94212661]><>"
L 03/21/2021 - 02:18:43: [funcommandsX.smx] "Nezzie<89><[U:1:107910185]><>" teleported "Dozii<93><[U:1:94212661]><>"
L 03/21/2021 - 02:18:43: [funcommandsX.smx] "Nezzie<89><[U:1:107910185]><>" teleported "Dozii<93><[U:1:94212661]><>"
L 03/21/2021 - 02:18:44: [funcommandsX.smx] "Nezzie<89><[U:1:107910185]><>" teleported "Dozii<93><[U:1:94212661]><>"
L 03/21/2021 - 02:18:45: [funcommandsX.smx] "Nezzie<89><[U:1:107910185]><>" teleported "Dozii<93><[U:1:94212661]><>"
L 03/21/2021 - 02:18:46: [funcommandsX.smx] "Nezzie<89><[U:1:107910185]><>" teleported "Dozii<93><[U:1:94212661]><>"
L 03/21/2021 - 02:18:47: [funcommandsX.smx] "Nezzie<89><[U:1:107910185]><>" teleported "Dozii<93><[U:1:94212661]><>"
L 03/21/2021 - 02:18:47: [funcommandsX.smx] "Nezzie<89><[U:1:107910185]><>" teleported "Dozii<93><[U:1:94212661]><>"
L 03/21/2021 - 02:18:48: [funcommandsX.smx] "Nezzie<89><[U:1:107910185]><>" teleported "Dozii<93><[U:1:94212661]><>"
L 03/21/2021 - 02:18:48: [funcommandsX.smx] "Nezzie<89><[U:1:107910185]><>" teleported "Dozii<93><[U:1:94212661]><>"
L 03/21/2021 - 02:18:48: [funcommandsX.smx] "Nezzie<89><[U:1:107910185]><>" teleported "Dozii<93><[U:1:94212661]><>"
L 03/21/2021 - 02:18:48: [funcommandsX.smx] "Nezzie<89><[U:1:107910185]><>" teleported "Dozii<93><[U:1:94212661]><>"
L 03/21/2021 - 02:18:48: [funcommandsX.smx] "Nezzie<89><[U:1:107910185]><>" teleported "Dozii<93><[U:1:94212661]><>"
L 03/21/2021 - 02:18:49: [funcommandsX.smx] "Nezzie<89><[U:1:107910185]><>" teleported "Dozii<93><[U:1:94212661]><>"
L 03/21/2021 - 02:18:49: [funcommandsX.smx] "Nezzie<89><[U:1:107910185]><>" teleported "Dozii<93><[U:1:94212661]><>"
L 03/21/2021 - 02:18:49: [funcommandsX.smx] "Nezzie<89><[U:1:107910185]><>" teleported "Dozii<93><[U:1:94212661]><>"
L 03/21/2021 - 02:18:49: [funcommandsX.smx] "Nezzie<89><[U:1:107910185]><>" teleported "Dozii<93><[U:1:94212661]><>"
L 03/21/2021 - 02:18:49: [funcommandsX.smx] "Nezzie<89><[U:1:107910185]><>" teleported "Dozii<93><[U:1:94212661]><>"
L 03/21/2021 - 02:18:55: [funcommandsX.smx] "Nezzie<89><[U:1:107910185]><>" teleported "Dozii<93><[U:1:94212661]><>"
L 03/21/2021 - 02:18:56: [funcommands.smx] "Nezzie<89><[U:1:107910185]><>" froze "Dozii<93><[U:1:94212661]><>"
L 03/21/2021 - 02:19:39: [funcommands.smx] "Nezzie<89><[U:1:107910185]><>" froze "Dozii<93><[U:1:94212661]><>"
L 03/21/2021 - 02:20:07: [playercommands.smx] "Nezzie<89><[U:1:107910185]><>" slapped "Dozii<93><[U:1:94212661]><>" (damage "0")
L 03/21/2021 - 02:20:07: [playercommands.smx] "Nezzie<89><[U:1:107910185]><>" slapped "Dozii<93><[U:1:94212661]><>" (damage "0")
L 03/21/2021 - 02:20:07: [playercommands.smx] "Nezzie<89><[U:1:107910185]><>" slapped "Dozii<93><[U:1:94212661]><>" (damage "0")
L 03/21/2021 - 02:20:07: [playercommands.smx] "Nezzie<89><[U:1:107910185]><>" slapped "Dozii<93><[U:1:94212661]><>" (damage "0")
L 03/21/2021 - 02:20:07: [playercommands.smx] "Nezzie<89><[U:1:107910185]><>" slapped "Dozii<93><[U:1:94212661]><>" (damage "0")
L 03/21/2021 - 02:20:07: [playercommands.smx] "Nezzie<89><[U:1:107910185]><>" slapped "Dozii<93><[U:1:94212661]><>" (damage "0")
L 03/21/2021 - 02:20:07: [playercommands.smx] "Nezzie<89><[U:1:107910185]><>" slapped "Dozii<93><[U:1:94212661]><>" (damage "0")
L 03/21/2021 - 02:20:08: [playercommands.smx] "Nezzie<89><[U:1:107910185]><>" slapped "Dozii<93><[U:1:94212661]><>" (damage "0")
L 03/21/2021 - 02:20:08: [playercommands.smx] "Nezzie<89><[U:1:107910185]><>" slapped "Dozii<93><[U:1:94212661]><>" (damage "0")
L 03/21/2021 - 02:20:08: [playercommands.smx] "Nezzie<89><[U:1:107910185]><>" slapped "Dozii<93><[U:1:94212661]><>" (damage "0")
L 03/21/2021 - 02:20:08: [playercommands.smx] "Nezzie<89><[U:1:107910185]><>" slapped "Dozii<93><[U:1:94212661]><>" (damage "0")
L 03/21/2021 - 02:20:08: [playercommands.smx] "Nezzie<89><[U:1:107910185]><>" slapped "Dozii<93><[U:1:94212661]><>" (damage "0")
L 03/21/2021 - 02:20:08: [playercommands.smx] "Nezzie<89><[U:1:107910185]><>" slapped "Dozii<93><[U:1:94212661]><>" (damage "0")
L 03/21/2021 - 02:20:08: [playercommands.smx] "Nezzie<89><[U:1:107910185]><>" slapped "Dozii<93><[U:1:94212661]><>" (damage "0")
L 03/21/2021 - 02:20:09: [playercommands.smx] "Nezzie<89><[U:1:107910185]><>" slapped "Dozii<93><[U:1:94212661]><>" (damage "0")
L 03/21/2021 - 02:20:09: [playercommands.smx] "Nezzie<89><[U:1:107910185]><>" slapped "Dozii<93><[U:1:94212661]><>" (damage "0")
L 03/21/2021 - 02:20:09: [playercommands.smx] "Nezzie<89><[U:1:107910185]><>" slapped "Dozii<93><[U:1:94212661]><>" (damage "0")
L 03/21/2021 - 02:20:09: [playercommands.smx] "Nezzie<89><[U:1:107910185]><>" slapped "Dozii<93><[U:1:94212661]><>" (damage "0")
L 03/21/2021 - 02:20:09: [playercommands.smx] "Nezzie<89><[U:1:107910185]><>" slapped "Dozii<93><[U:1:94212661]><>" (damage "0")
L 03/21/2021 - 02:20:09: [playercommands.smx] "Nezzie<89><[U:1:107910185]><>" slapped "Dozii<93><[U:1:94212661]><>" (damage "0")
L 03/21/2021 - 02:20:10: [playercommands.smx] "Nezzie<89><[U:1:107910185]><>" slapped "Dozii<93><[U:1:94212661]><>" (damage "0")
L 03/21/2021 - 02:20:10: [playercommands.smx] "Nezzie<89><[U:1:107910185]><>" slapped "Dozii<93><[U:1:94212661]><>" (damage "0")
L 03/21/2021 - 02:20:10: [playercommands.smx] "Nezzie<89><[U:1:107910185]><>" slapped "Dozii<93><[U:1:94212661]><>" (damage "0")
L 03/21/2021 - 02:20:10: [playercommands.smx] "Nezzie<89><[U:1:107910185]><>" slapped "Dozii<93><[U:1:94212661]><>" (damage "0")
L 03/21/2021 - 02:20:10: [playercommands.smx] "Nezzie<89><[U:1:107910185]><>" slapped "Dozii<93><[U:1:94212661]><>" (damage "0")
L 03/21/2021 - 02:20:10: [playercommands.smx] "Nezzie<89><[U:1:107910185]><>" slapped "Dozii<93><[U:1:94212661]><>" (damage "0")
L 03/21/2021 - 02:20:10: [playercommands.smx] "Nezzie<89><[U:1:107910185]><>" slapped "Dozii<93><[U:1:94212661]><>" (damage "0")
L 03/21/2021 - 02:20:11: [playercommands.smx] "Nezzie<89><[U:1:107910185]><>" slapped "Dozii<93><[U:1:94212661]><>" (damage "0")
L 03/21/2021 - 02:20:11: [playercommands.smx] "Nezzie<89><[U:1:107910185]><>" slapped "Dozii<93><[U:1:94212661]><>" (damage "0")
L 03/21/2021 - 02:20:11: [playercommands.smx] "Nezzie<89><[U:1:107910185]><>" slapped "Dozii<93><[U:1:94212661]><>" (damage "0")
L 03/21/2021 - 02:20:11: [playercommands.smx] "Nezzie<89><[U:1:107910185]><>" slapped "Dozii<93><[U:1:94212661]><>" (damage "0")
L 03/21/2021 - 02:20:11: [playercommands.smx] "Nezzie<89><[U:1:107910185]><>" slapped "Dozii<93><[U:1:94212661]><>" (damage "0")
L 03/21/2021 - 02:20:11: [playercommands.smx] "Nezzie<89><[U:1:107910185]><>" slapped "Dozii<93><[U:1:94212661]><>" (damage "0")
L 03/21/2021 - 02:20:11: [playercommands.smx] "Nezzie<89><[U:1:107910185]><>" slapped "Dozii<93><[U:1:94212661]><>" (damage "0")
L 03/21/2021 - 02:20:11: [playercommands.smx] "Nezzie<89><[U:1:107910185]><>" slapped "Dozii<93><[U:1:94212661]><>" (damage "0")
L 03/21/2021 - 02:20:11: [playercommands.smx] "Nezzie<89><[U:1:107910185]><>" slapped "Dozii<93><[U:1:94212661]><>" (damage "0")
L 03/21/2021 - 02:20:12: [playercommands.smx] "Nezzie<89><[U:1:107910185]><>" slapped "Dozii<93><[U:1:94212661]><>" (damage "0")
L 03/21/2021 - 02:20:40: [playercommands.smx] "Nezzie<89><[U:1:107910185]><>" slapped "Nezzie<89><[U:1:107910185]><>" (damage "0")
L 03/21/2021 - 02:20:40: [playercommands.smx] "Nezzie<89><[U:1:107910185]><>" slapped "Nezzie<89><[U:1:107910185]><>" (damage "0")
L 03/21/2021 - 02:20:41: [playercommands.smx] "Nezzie<89><[U:1:107910185]><>" slapped "Nezzie<89><[U:1:107910185]><>" (damage "0")
L 03/21/2021 - 02:20:41: [playercommands.smx] "Nezzie<89><[U:1:107910185]><>" slapped "Nezzie<89><[U:1:107910185]><>" (damage "0")
L 03/21/2021 - 02:20:41: [playercommands.smx] "Nezzie<89><[U:1:107910185]><>" slapped "Nezzie<89><[U:1:107910185]><>" (damage "0")
L 03/21/2021 - 02:20:41: [playercommands.smx] "Nezzie<89><[U:1:107910185]><>" slapped "Nezzie<89><[U:1:107910185]><>" (damage "0")
L 03/21/2021 - 02:21:22: [funcommandsX.smx] "Nezzie<89><[U:1:107910185]><>" teleported "Nezzie<89><[U:1:107910185]><>"
L 03/21/2021 - 02:21:23: [funcommandsX.smx] "Nezzie<89><[U:1:107910185]><>" teleported "Nezzie<89><[U:1:107910185]><>"
L 03/21/2021 - 02:21:23: [funcommandsX.smx] "Nezzie<89><[U:1:107910185]><>" teleported "Nezzie<89><[U:1:107910185]><>"
L 03/21/2021 - 02:21:24: [funcommandsX.smx] "Nezzie<89><[U:1:107910185]><>" teleported "Nezzie<89><[U:1:107910185]><>"
L 03/21/2021 - 02:21:26: [funcommandsX.smx] "Nezzie<89><[U:1:107910185]><>" teleported "Nezzie<89><[U:1:107910185]><>"
L 03/21/2021 - 02:21:30: [funcommandsX.smx] "Nezzie<89><[U:1:107910185]><>" teleported "Nezzie<89><[U:1:107910185]><>"
L 03/21/2021 - 02:21:31: [funcommandsX.smx] "Nezzie<89><[U:1:107910185]><>" teleported "Nezzie<89><[U:1:107910185]><>"
L 03/21/2021 - 02:21:31: [funcommandsX.smx] "Nezzie<89><[U:1:107910185]><>" teleported "Nezzie<89><[U:1:107910185]><>"
L 03/21/2021 - 02:21:32: [funcommandsX.smx] "Nezzie<89><[U:1:107910185]><>" teleported "Nezzie<89><[U:1:107910185]><>"
L 03/21/2021 - 02:21:32: [funcommandsX.smx] "Nezzie<89><[U:1:107910185]><>" teleported "Nezzie<89><[U:1:107910185]><>"
L 03/21/2021 - 02:21:32: [funcommandsX.smx] "Nezzie<89><[U:1:107910185]><>" teleported "Nezzie<89><[U:1:107910185]><>"
L 03/21/2021 - 02:21:32: [funcommandsX.smx] "Nezzie<89><[U:1:107910185]><>" teleported "Nezzie<89><[U:1:107910185]><>"
L 03/21/2021 - 02:21:32: [funcommandsX.smx] "Nezzie<89><[U:1:107910185]><>" teleported "Nezzie<89><[U:1:107910185]><>"
L 03/21/2021 - 02:21:33: [funcommandsX.smx] "Nezzie<89><[U:1:107910185]><>" teleported "Nezzie<89><[U:1:107910185]><>"
L 03/21/2021 - 02:21:33: [funcommandsX.smx] "Nezzie<89><[U:1:107910185]><>" teleported "Nezzie<89><[U:1:107910185]><>"
L 03/21/2021 - 02:21:33: [funcommandsX.smx] "Nezzie<89><[U:1:107910185]><>" teleported "Nezzie<89><[U:1:107910185]><>"
L 03/21/2021 - 02:21:34: [funcommandsX.smx] "Nezzie<89><[U:1:107910185]><>" teleported "Nezzie<89><[U:1:107910185]><>"
L 03/21/2021 - 02:21:34: [funcommandsX.smx] "Nezzie<89><[U:1:107910185]><>" teleported "Nezzie<89><[U:1:107910185]><>"
L 03/21/2021 - 02:21:34: [funcommandsX.smx] "Nezzie<89><[U:1:107910185]><>" teleported "Nezzie<89><[U:1:107910185]><>"
L 03/21/2021 - 02:21:35: [funcommandsX.smx] "Nezzie<89><[U:1:107910185]><>" teleported "Nezzie<89><[U:1:107910185]><>"
L 03/21/2021 - 02:21:35: [funcommandsX.smx] "Nezzie<89><[U:1:107910185]><>" teleported "Nezzie<89><[U:1:107910185]><>"
L 03/21/2021 - 02:21:35: [funcommandsX.smx] "Nezzie<89><[U:1:107910185]><>" teleported "Nezzie<89><[U:1:107910185]><>"
L 03/21/2021 - 02:21:35: [funcommandsX.smx] "Nezzie<89><[U:1:107910185]><>" teleported "Nezzie<89><[U:1:107910185]><>"
L 03/21/2021 - 02:21:35: [funcommandsX.smx] "Nezzie<89><[U:1:107910185]><>" teleported "Nezzie<89><[U:1:107910185]><>"
L 03/21/2021 - 02:21:36: [funcommandsX.smx] "Nezzie<89><[U:1:107910185]><>" teleported "Nezzie<89><[U:1:107910185]><>"
L 03/21/2021 - 02:21:36: [funcommandsX.smx] "Nezzie<89><[U:1:107910185]><>" teleported "Nezzie<89><[U:1:107910185]><>"
L 03/21/2021 - 02:21:37: [funcommandsX.smx] "Nezzie<89><[U:1:107910185]><>" teleported "Nezzie<89><[U:1:107910185]><>"
L 03/21/2021 - 02:21:38: [funcommandsX.smx] "Nezzie<89><[U:1:107910185]><>" teleported "Nezzie<89><[U:1:107910185]><>"
L 03/21/2021 - 02:21:38: [funcommandsX.smx] "Nezzie<89><[U:1:107910185]><>" teleported "Nezzie<89><[U:1:107910185]><>"
L 03/21/2021 - 02:21:39: [funcommandsX.smx] "Nezzie<89><[U:1:107910185]><>" teleported "Nezzie<89><[U:1:107910185]><>"
L 03/21/2021 - 02:21:39: [funcommandsX.smx] "Nezzie<89><[U:1:107910185]><>" teleported "Nezzie<89><[U:1:107910185]><>"
L 03/21/2021 - 02:21:39: [funcommandsX.smx] "Nezzie<89><[U:1:107910185]><>" teleported "Nezzie<89><[U:1:107910185]><>"
L 03/21/2021 - 02:21:39: [funcommandsX.smx] "Nezzie<89><[U:1:107910185]><>" teleported "Nezzie<89><[U:1:107910185]><>"
L 03/21/2021 - 02:21:40: [funcommandsX.smx] "Nezzie<89><[U:1:107910185]><>" teleported "Nezzie<89><[U:1:107910185]><>"
L 03/21/2021 - 02:21:41: [funcommandsX.smx] "Nezzie<89><[U:1:107910185]><>" teleported "Nezzie<89><[U:1:107910185]><>"
L 03/21/2021 - 02:21:41: [funcommandsX.smx] "Nezzie<89><[U:1:107910185]><>" teleported "Nezzie<89><[U:1:107910185]><>"
L 03/21/2021 - 02:21:41: [funcommandsX.smx] "Nezzie<89><[U:1:107910185]><>" teleported "Nezzie<89><[U:1:107910185]><>"
L 03/21/2021 - 02:21:42: [funcommandsX.smx] "Nezzie<89><[U:1:107910185]><>" teleported "Nezzie<89><[U:1:107910185]><>"
L 03/21/2021 - 02:21:42: [funcommandsX.smx] "Nezzie<89><[U:1:107910185]><>" teleported "Nezzie<89><[U:1:107910185]><>"
L 03/21/2021 - 02:21:42: [funcommandsX.smx] "Nezzie<89><[U:1:107910185]><>" teleported "Nezzie<89><[U:1:107910185]><>"
L 03/21/2021 - 02:21:42: [funcommandsX.smx] "Nezzie<89><[U:1:107910185]><>" teleported "Nezzie<89><[U:1:107910185]><>"
L 03/21/2021 - 02:21:42: [funcommandsX.smx] "Nezzie<89><[U:1:107910185]><>" teleported "Nezzie<89><[U:1:107910185]><>"
L 03/21/2021 - 02:21:42: [funcommandsX.smx] "Nezzie<89><[U:1:107910185]><>" teleported "Nezzie<89><[U:1:107910185]><>"
L 03/21/2021 - 02:21:43: [funcommandsX.smx] "Nezzie<89><[U:1:107910185]><>" teleported "Nezzie<89><[U:1:107910185]><>"
L 03/21/2021 - 02:21:47: [funcommands.smx] "Nezzie<89><[U:1:107910185]><>" toggled noclip on "Nezzie<89><[U:1:107910185]><>"
L 03/21/2021 - 02:21:48: [funcommands.smx] "Nezzie<89><[U:1:107910185]><>" toggled noclip on "Nezzie<89><[U:1:107910185]><>"
L 03/21/2021 - 02:23:54: [funcommandsX.smx] "Nezzie<89><[U:1:107910185]><>" teleported "Nezzie<89><[U:1:107910185]><>"
L 03/21/2021 - 02:23:55: [funcommandsX.smx] "Nezzie<89><[U:1:107910185]><>" teleported "Nezzie<89><[U:1:107910185]><>"
L 03/21/2021 - 02:23:55: [funcommandsX.smx] "Nezzie<89><[U:1:107910185]><>" teleported "Nezzie<89><[U:1:107910185]><>"
L 03/21/2021 - 02:23:55: [funcommandsX.smx] "Nezzie<89><[U:1:107910185]><>" teleported "Nezzie<89><[U:1:107910185]><>"
L 03/21/2021 - 02:23:56: [funcommandsX.smx] "Nezzie<89><[U:1:107910185]><>" teleported "Nezzie<89><[U:1:107910185]><>"
L 03/21/2021 - 02:24:06: [funcommandsX.smx] "Nezzie<89><[U:1:107910185]><>" teleported "Nezzie<89><[U:1:107910185]><>"
L 03/21/2021 - 02:24:07: [funcommandsX.smx] "Nezzie<89><[U:1:107910185]><>" teleported "Nezzie<89><[U:1:107910185]><>"
L 03/21/2021 - 02:24:07: [funcommandsX.smx] "Nezzie<89><[U:1:107910185]><>" teleported "Nezzie<89><[U:1:107910185]><>"
L 03/21/2021 - 02:24:10: [basechat.smx] "Console<0><Console><Console>" triggered sm_say (text The round time has ended, omaewa-mou shindeiru)
L 03/21/2021 - 02:24:10: [playercommands.smx] "Console<0><Console><Console>" slayed "Nezzie<89><[U:1:107910185]><>"
L 03/21/2021 - 02:24:10: [playercommands.smx] "Console<0><Console><Console>" slayed "test<95><BOT><>"
L 03/21/2021 - 02:24:10: [playercommands.smx] "Console<0><Console><Console>" slayed "test1<96><BOT><>"
L 03/21/2021 - 02:24:10: [playercommands.smx] "Console<0><Console><Console>" slayed "Dozii<93><[U:1:94212661]><>"
L 03/21/2021 - 02:25:05: [funcommands.smx] "Nezzie<89><[U:1:107910185]><>" set a TimeBomb on "Dozii<93><[U:1:94212661]><>"
L 03/21/2021 - 02:25:15: [funcommands.smx] "Nezzie<89><[U:1:107910185]><>" removed a TimeBomb on "Dozii<93><[U:1:94212661]><>"
L 03/21/2021 - 02:26:24: [funcommandsX.smx] "Nezzie<89><[U:1:107910185]><>" teleported "Nezzie<89><[U:1:107910185]><>"
L 03/21/2021 - 02:26:24: [funcommandsX.smx] "Nezzie<89><[U:1:107910185]><>" teleported "Nezzie<89><[U:1:107910185]><>"
L 03/21/2021 - 02:26:26: [funcommandsX.smx] "Nezzie<89><[U:1:107910185]><>" teleported "Nezzie<89><[U:1:107910185]><>"
L 03/21/2021 - 02:26:27: [funcommandsX.smx] "Nezzie<89><[U:1:107910185]><>" teleported "Nezzie<89><[U:1:107910185]><>"
L 03/21/2021 - 02:26:27: [funcommandsX.smx] "Nezzie<89><[U:1:107910185]><>" teleported "Dozii<93><[U:1:94212661]><>"
L 03/21/2021 - 02:26:28: [funcommandsX.smx] "Nezzie<89><[U:1:107910185]><>" teleported "Nezzie<89><[U:1:107910185]><>"
L 03/21/2021 - 02:26:51: [funcommandsX.smx] "Nezzie<89><[U:1:107910185]><>" teleported "Dozii<93><[U:1:94212661]><>"
L 03/21/2021 - 02:27:00: [funcommandsX.smx] "Nezzie<89><[U:1:107910185]><>" teleported "Nezzie<89><[U:1:107910185]><>"
L 03/21/2021 - 02:27:16: [funcommandsX.smx] "Nezzie<89><[U:1:107910185]><>" teleported "Dozii<93><[U:1:94212661]><>"
L 03/21/2021 - 02:27:17: [funcommandsX.smx] "Nezzie<89><[U:1:107910185]><>" teleported "Nezzie<89><[U:1:107910185]><>"
L 03/21/2021 - 02:27:36: [funcommandsX.smx] "Nezzie<89><[U:1:107910185]><>" teleported "Dozii<93><[U:1:94212661]><>"
L 03/21/2021 - 02:27:37: [funcommandsX.smx] "Nezzie<89><[U:1:107910185]><>" teleported "Nezzie<89><[U:1:107910185]><>"
L 03/21/2021 - 02:27:39: [funcommandsX.smx] "Nezzie<89><[U:1:107910185]><>" teleported "Nezzie<89><[U:1:107910185]><>"
L 03/21/2021 - 02:27:41: [funcommandsX.smx] "Nezzie<89><[U:1:107910185]><>" teleported "Nezzie<89><[U:1:107910185]><>"
L 03/21/2021 - 02:28:40: [funcommandsX.smx] "Nezzie<89><[U:1:107910185]><>" teleported "Nezzie<89><[U:1:107910185]><>"
L 03/21/2021 - 02:28:44: [funcommandsX.smx] "Nezzie<89><[U:1:107910185]><>" teleported "Nezzie<89><[U:1:107910185]><>"
L 03/21/2021 - 02:28:45: [funcommandsX.smx] "Nezzie<89><[U:1:107910185]><>" teleported "Nezzie<89><[U:1:107910185]><>"
L 03/21/2021 - 02:28:51: [funcommandsX.smx] "Nezzie<89><[U:1:107910185]><>" teleported "Nezzie<89><[U:1:107910185]><>"
L 03/21/2021 - 02:28:53: [funcommandsX.smx] "Nezzie<89><[U:1:107910185]><>" teleported "Nezzie<89><[U:1:107910185]><>"
L 03/21/2021 - 02:28:53: [funcommandsX.smx] "Nezzie<89><[U:1:107910185]><>" teleported "Nezzie<89><[U:1:107910185]><>"
L 03/21/2021 - 02:28:54: [funcommandsX.smx] "Nezzie<89><[U:1:107910185]><>" teleported "Nezzie<89><[U:1:107910185]><>"
L 03/21/2021 - 02:28:54: [funcommandsX.smx] "Nezzie<89><[U:1:107910185]><>" teleported "Nezzie<89><[U:1:107910185]><>"
L 03/21/2021 - 02:28:54: [funcommandsX.smx] "Nezzie<89><[U:1:107910185]><>" teleported "Nezzie<89><[U:1:107910185]><>"
L 03/21/2021 - 02:28:55: [funcommandsX.smx] "Nezzie<89><[U:1:107910185]><>" teleported "Nezzie<89><[U:1:107910185]><>"
L 03/21/2021 - 02:28:55: [funcommandsX.smx] "Nezzie<89><[U:1:107910185]><>" teleported "Nezzie<89><[U:1:107910185]><>"
L 03/21/2021 - 02:28:56: [funcommandsX.smx] "Nezzie<89><[U:1:107910185]><>" teleported "Nezzie<89><[U:1:107910185]><>"
L 03/21/2021 - 02:28:57: [funcommandsX.smx] "Nezzie<89><[U:1:107910185]><>" teleported "Nezzie<89><[U:1:107910185]><>"
L 03/21/2021 - 02:28:57: [funcommandsX.smx] "Nezzie<89><[U:1:107910185]><>" teleported "Nezzie<89><[U:1:107910185]><>"
L 03/21/2021 - 02:28:57: [funcommandsX.smx] "Nezzie<89><[U:1:107910185]><>" teleported "Nezzie<89><[U:1:107910185]><>"
L 03/21/2021 - 02:28:58: [funcommandsX.smx] "Nezzie<89><[U:1:107910185]><>" teleported "Nezzie<89><[U:1:107910185]><>"
L 03/21/2021 - 02:28:58: [funcommandsX.smx] "Nezzie<89><[U:1:107910185]><>" teleported "Nezzie<89><[U:1:107910185]><>"
L 03/21/2021 - 02:28:58: [funcommandsX.smx] "Nezzie<89><[U:1:107910185]><>" teleported "Nezzie<89><[U:1:107910185]><>"
L 03/21/2021 - 02:28:58: [funcommandsX.smx] "Nezzie<89><[U:1:107910185]><>" teleported "Nezzie<89><[U:1:107910185]><>"
L 03/21/2021 - 02:28:59: [funcommandsX.smx] "Nezzie<89><[U:1:107910185]><>" teleported "Nezzie<89><[U:1:107910185]><>"
L 03/21/2021 - 02:28:59: [funcommandsX.smx] "Nezzie<89><[U:1:107910185]><>" teleported "Nezzie<89><[U:1:107910185]><>"
L 03/21/2021 - 02:28:59: [funcommandsX.smx] "Nezzie<89><[U:1:107910185]><>" teleported "Nezzie<89><[U:1:107910185]><>"
L 03/21/2021 - 02:28:59: [funcommandsX.smx] "Nezzie<89><[U:1:107910185]><>" teleported "Nezzie<89><[U:1:107910185]><>"
L 03/21/2021 - 02:28:59: [funcommandsX.smx] "Nezzie<89><[U:1:107910185]><>" teleported "Nezzie<89><[U:1:107910185]><>"
L 03/21/2021 - 02:29:00: [funcommandsX.smx] "Nezzie<89><[U:1:107910185]><>" teleported "Nezzie<89><[U:1:107910185]><>"
L 03/21/2021 - 02:29:00: [funcommandsX.smx] "Nezzie<89><[U:1:107910185]><>" teleported "Nezzie<89><[U:1:107910185]><>"
L 03/21/2021 - 02:29:01: [funcommandsX.smx] "Nezzie<89><[U:1:107910185]><>" teleported "Nezzie<89><[U:1:107910185]><>"
L 03/21/2021 - 02:29:01: [funcommandsX.smx] "Nezzie<89><[U:1:107910185]><>" teleported "Nezzie<89><[U:1:107910185]><>"
L 03/21/2021 - 02:29:02: [funcommandsX.smx] "Nezzie<89><[U:1:107910185]><>" teleported "Nezzie<89><[U:1:107910185]><>"
L 03/21/2021 - 02:29:02: [funcommandsX.smx] "Nezzie<89><[U:1:107910185]><>" teleported "Nezzie<89><[U:1:107910185]><>"
L 03/21/2021 - 02:29:02: [funcommandsX.smx] "Nezzie<89><[U:1:107910185]><>" teleported "Nezzie<89><[U:1:107910185]><>"
L 03/21/2021 - 02:29:02: [funcommandsX.smx] "Nezzie<89><[U:1:107910185]><>" teleported "Nezzie<89><[U:1:107910185]><>"
L 03/21/2021 - 02:29:02: [funcommandsX.smx] "Nezzie<89><[U:1:107910185]><>" teleported "Nezzie<89><[U:1:107910185]><>"
L 03/21/2021 - 02:29:02: [funcommandsX.smx] "Nezzie<89><[U:1:107910185]><>" teleported "Nezzie<89><[U:1:107910185]><>"
L 03/21/2021 - 02:29:03: [funcommandsX.smx] "Nezzie<89><[U:1:107910185]><>" teleported "Nezzie<89><[U:1:107910185]><>"
L 03/21/2021 - 02:29:03: [funcommandsX.smx] "Nezzie<89><[U:1:107910185]><>" teleported "Nezzie<89><[U:1:107910185]><>"
L 03/21/2021 - 02:29:03: [funcommandsX.smx] "Nezzie<89><[U:1:107910185]><>" teleported "Nezzie<89><[U:1:107910185]><>"
L 03/21/2021 - 02:29:04: [funcommandsX.smx] "Nezzie<89><[U:1:107910185]><>" teleported "Nezzie<89><[U:1:107910185]><>"
L 03/21/2021 - 02:29:04: [funcommandsX.smx] "Nezzie<89><[U:1:107910185]><>" teleported "Nezzie<89><[U:1:107910185]><>"
L 03/21/2021 - 02:29:04: [funcommandsX.smx] "Nezzie<89><[U:1:107910185]><>" teleported "Nezzie<89><[U:1:107910185]><>"
L 03/21/2021 - 02:29:05: [funcommandsX.smx] "Nezzie<89><[U:1:107910185]><>" teleported "Nezzie<89><[U:1:107910185]><>"
L 03/21/2021 - 02:29:05: [funcommandsX.smx] "Nezzie<89><[U:1:107910185]><>" teleported "Nezzie<89><[U:1:107910185]><>"
L 03/21/2021 - 02:29:05: [funcommandsX.smx] "Nezzie<89><[U:1:107910185]><>" teleported "Nezzie<89><[U:1:107910185]><>"
L 03/21/2021 - 02:29:05: [funcommandsX.smx] "Nezzie<89><[U:1:107910185]><>" teleported "Nezzie<89><[U:1:107910185]><>"
L 03/21/2021 - 02:29:05: [funcommandsX.smx] "Nezzie<89><[U:1:107910185]><>" teleported "Nezzie<89><[U:1:107910185]><>"
L 03/21/2021 - 02:29:05: [funcommandsX.smx] "Nezzie<89><[U:1:107910185]><>" teleported "Nezzie<89><[U:1:107910185]><>"
L 03/21/2021 - 02:29:05: [funcommandsX.smx] "Nezzie<89><[U:1:107910185]><>" teleported "Nezzie<89><[U:1:107910185]><>"
L 03/21/2021 - 02:29:06: [funcommandsX.smx] "Nezzie<89><[U:1:107910185]><>" teleported "Nezzie<89><[U:1:107910185]><>"
L 03/21/2021 - 02:29:06: [funcommandsX.smx] "Nezzie<89><[U:1:107910185]><>" teleported "Nezzie<89><[U:1:107910185]><>"
L 03/21/2021 - 02:29:06: [funcommandsX.smx] "Nezzie<89><[U:1:107910185]><>" teleported "Nezzie<89><[U:1:107910185]><>"
L 03/21/2021 - 02:29:06: [funcommandsX.smx] "Nezzie<89><[U:1:107910185]><>" teleported "Nezzie<89><[U:1:107910185]><>"
L 03/21/2021 - 02:29:07: [funcommandsX.smx] "Nezzie<89><[U:1:107910185]><>" teleported "Nezzie<89><[U:1:107910185]><>"
L 03/21/2021 - 02:29:07: [funcommandsX.smx] "Nezzie<89><[U:1:107910185]><>" teleported "Nezzie<89><[U:1:107910185]><>"
L 03/21/2021 - 02:29:07: [funcommandsX.smx] "Nezzie<89><[U:1:107910185]><>" teleported "Nezzie<89><[U:1:107910185]><>"
L 03/21/2021 - 02:29:07: [funcommandsX.smx] "Nezzie<89><[U:1:107910185]><>" teleported "Nezzie<89><[U:1:107910185]><>"
L 03/21/2021 - 02:29:07: [funcommandsX.smx] "Nezzie<89><[U:1:107910185]><>" teleported "Nezzie<89><[U:1:107910185]><>"
L 03/21/2021 - 02:29:07: [funcommandsX.smx] "Nezzie<89><[U:1:107910185]><>" teleported "Nezzie<89><[U:1:107910185]><>"
L 03/21/2021 - 02:29:08: [funcommandsX.smx] "Nezzie<89><[U:1:107910185]><>" teleported "Nezzie<89><[U:1:107910185]><>"
L 03/21/2021 - 02:29:08: [funcommandsX.smx] "Nezzie<89><[U:1:107910185]><>" teleported "Nezzie<89><[U:1:107910185]><>"
L 03/21/2021 - 02:29:08: [funcommandsX.smx] "Nezzie<89><[U:1:107910185]><>" teleported "Nezzie<89><[U:1:107910185]><>"
L 03/21/2021 - 02:29:08: [funcommandsX.smx] "Nezzie<89><[U:1:107910185]><>" teleported "Nezzie<89><[U:1:107910185]><>"
L 03/21/2021 - 02:29:08: [funcommandsX.smx] "Nezzie<89><[U:1:107910185]><>" teleported "Nezzie<89><[U:1:107910185]><>"
L 03/21/2021 - 02:29:09: [funcommandsX.smx] "Nezzie<89><[U:1:107910185]><>" teleported "Nezzie<89><[U:1:107910185]><>"
L 03/21/2021 - 02:29:09: [funcommandsX.smx] "Nezzie<89><[U:1:107910185]><>" teleported "Nezzie<89><[U:1:107910185]><>"
L 03/21/2021 - 02:29:09: [funcommandsX.smx] "Nezzie<89><[U:1:107910185]><>" teleported "Nezzie<89><[U:1:107910185]><>"
L 03/21/2021 - 02:29:09: [funcommandsX.smx] "Nezzie<89><[U:1:107910185]><>" teleported "Nezzie<89><[U:1:107910185]><>"
L 03/21/2021 - 02:29:09: [funcommandsX.smx] "Nezzie<89><[U:1:107910185]><>" teleported "Nezzie<89><[U:1:107910185]><>"
L 03/21/2021 - 02:29:09: [funcommandsX.smx] "Nezzie<89><[U:1:107910185]><>" teleported "Nezzie<89><[U:1:107910185]><>"
L 03/21/2021 - 02:29:10: [funcommandsX.smx] "Nezzie<89><[U:1:107910185]><>" teleported "Nezzie<89><[U:1:107910185]><>"
L 03/21/2021 - 02:29:10: [funcommandsX.smx] "Nezzie<89><[U:1:107910185]><>" teleported "Nezzie<89><[U:1:107910185]><>"
L 03/21/2021 - 02:29:11: [funcommandsX.smx] "Nezzie<89><[U:1:107910185]><>" teleported "Nezzie<89><[U:1:107910185]><>"
L 03/21/2021 - 02:29:11: [funcommandsX.smx] "Nezzie<89><[U:1:107910185]><>" teleported "Nezzie<89><[U:1:107910185]><>"
L 03/21/2021 - 02:29:11: [funcommandsX.smx] "Nezzie<89><[U:1:107910185]><>" teleported "Nezzie<89><[U:1:107910185]><>"
L 03/21/2021 - 02:29:11: [funcommandsX.smx] "Nezzie<89><[U:1:107910185]><>" teleported "Nezzie<89><[U:1:107910185]><>"
L 03/21/2021 - 02:29:11: [funcommandsX.smx] "Nezzie<89><[U:1:107910185]><>" teleported "Nezzie<89><[U:1:107910185]><>"
L 03/21/2021 - 02:29:11: [funcommandsX.smx] "Nezzie<89><[U:1:107910185]><>" teleported "Nezzie<89><[U:1:107910185]><>"
L 03/21/2021 - 02:29:12: [funcommandsX.smx] "Nezzie<89><[U:1:107910185]><>" teleported "Nezzie<89><[U:1:107910185]><>"
L 03/21/2021 - 02:29:12: [funcommandsX.smx] "Nezzie<89><[U:1:107910185]><>" teleported "Nezzie<89><[U:1:107910185]><>"
L 03/21/2021 - 02:29:12: [funcommandsX.smx] "Nezzie<89><[U:1:107910185]><>" teleported "Nezzie<89><[U:1:107910185]><>"
L 03/21/2021 - 02:29:12: [funcommandsX.smx] "Nezzie<89><[U:1:107910185]><>" teleported "Nezzie<89><[U:1:107910185]><>"
L 03/21/2021 - 02:29:12: [funcommandsX.smx] "Nezzie<89><[U:1:107910185]><>" teleported "Nezzie<89><[U:1:107910185]><>"
L 03/21/2021 - 02:29:15: [funcommandsX.smx] "Nezzie<89><[U:1:107910185]><>" teleported "Nezzie<89><[U:1:107910185]><>"
L 03/21/2021 - 02:29:15: [funcommandsX.smx] "Nezzie<89><[U:1:107910185]><>" teleported "Nezzie<89><[U:1:107910185]><>"
L 03/21/2021 - 02:29:15: [funcommandsX.smx] "Nezzie<89><[U:1:107910185]><>" teleported "Nezzie<89><[U:1:107910185]><>"
L 03/21/2021 - 02:29:15: [funcommandsX.smx] "Nezzie<89><[U:1:107910185]><>" teleported "Nezzie<89><[U:1:107910185]><>"
L 03/21/2021 - 02:29:16: [funcommandsX.smx] "Nezzie<89><[U:1:107910185]><>" teleported "Nezzie<89><[U:1:107910185]><>"
L 03/21/2021 - 02:29:16: [funcommandsX.smx] "Nezzie<89><[U:1:107910185]><>" teleported "Nezzie<89><[U:1:107910185]><>"
L 03/21/2021 - 02:29:16: [funcommandsX.smx] "Nezzie<89><[U:1:107910185]><>" teleported "Nezzie<89><[U:1:107910185]><>"
L 03/21/2021 - 02:29:16: [funcommandsX.smx] "Nezzie<89><[U:1:107910185]><>" teleported "Nezzie<89><[U:1:107910185]><>"
L 03/21/2021 - 02:29:16: [funcommandsX.smx] "Nezzie<89><[U:1:107910185]><>" teleported "Nezzie<89><[U:1:107910185]><>"
L 03/21/2021 - 02:29:17: [funcommandsX.smx] "Nezzie<89><[U:1:107910185]><>" teleported "Nezzie<89><[U:1:107910185]><>"
L 03/21/2021 - 02:29:17: [funcommandsX.smx] "Nezzie<89><[U:1:107910185]><>" teleported "Nezzie<89><[U:1:107910185]><>"
L 03/21/2021 - 02:29:17: [funcommandsX.smx] "Nezzie<89><[U:1:107910185]><>" teleported "Nezzie<89><[U:1:107910185]><>"
L 03/21/2021 - 02:29:17: [funcommandsX.smx] "Nezzie<89><[U:1:107910185]><>" teleported "Nezzie<89><[U:1:107910185]><>"
L 03/21/2021 - 02:29:18: [funcommandsX.smx] "Nezzie<89><[U:1:107910185]><>" teleported "Nezzie<89><[U:1:107910185]><>"
L 03/21/2021 - 02:29:18: [funcommandsX.smx] "Nezzie<89><[U:1:107910185]><>" teleported "Nezzie<89><[U:1:107910185]><>"
L 03/21/2021 - 02:29:18: [funcommandsX.smx] "Nezzie<89><[U:1:107910185]><>" teleported "Nezzie<89><[U:1:107910185]><>"
L 03/21/2021 - 02:29:18: [funcommandsX.smx] "Nezzie<89><[U:1:107910185]><>" teleported "Nezzie<89><[U:1:107910185]><>"
L 03/21/2021 - 02:29:18: [funcommandsX.smx] "Nezzie<89><[U:1:107910185]><>" teleported "Nezzie<89><[U:1:107910185]><>"
L 03/21/2021 - 02:29:19: [funcommandsX.smx] "Nezzie<89><[U:1:107910185]><>" teleported "Nezzie<89><[U:1:107910185]><>"
L 03/21/2021 - 02:29:19: [funcommandsX.smx] "Nezzie<89><[U:1:107910185]><>" teleported "Nezzie<89><[U:1:107910185]><>"
L 03/21/2021 - 02:29:23: [funcommandsX.smx] "Nezzie<89><[U:1:107910185]><>" teleported "Nezzie<89><[U:1:107910185]><>"
L 03/21/2021 - 02:29:24: [funcommandsX.smx] "Nezzie<89><[U:1:107910185]><>" teleported "Nezzie<89><[U:1:107910185]><>"
L 03/21/2021 - 02:29:26: [funcommandsX.smx] "Nezzie<89><[U:1:107910185]><>" teleported "Nezzie<89><[U:1:107910185]><>"
L 03/21/2021 - 02:29:27: [funcommandsX.smx] "Nezzie<89><[U:1:107910185]><>" teleported "Nezzie<89><[U:1:107910185]><>"
L 03/21/2021 - 02:29:29: [funcommandsX.smx] "Nezzie<89><[U:1:107910185]><>" teleported "Nezzie<89><[U:1:107910185]><>"
L 03/21/2021 - 02:29:30: [funcommandsX.smx] "Nezzie<89><[U:1:107910185]><>" teleported "Nezzie<89><[U:1:107910185]><>"
L 03/21/2021 - 02:29:30: [funcommandsX.smx] "Nezzie<89><[U:1:107910185]><>" teleported "Nezzie<89><[U:1:107910185]><>"
L 03/21/2021 - 02:29:30: [funcommandsX.smx] "Nezzie<89><[U:1:107910185]><>" teleported "Nezzie<89><[U:1:107910185]><>"
L 03/21/2021 - 02:29:30: [funcommandsX.smx] "Nezzie<89><[U:1:107910185]><>" teleported "Nezzie<89><[U:1:107910185]><>"
L 03/21/2021 - 02:29:31: [funcommandsX.smx] "Nezzie<89><[U:1:107910185]><>" teleported "Nezzie<89><[U:1:107910185]><>"
L 03/21/2021 - 02:29:31: [funcommandsX.smx] "Nezzie<89><[U:1:107910185]><>" teleported "Nezzie<89><[U:1:107910185]><>"
L 03/21/2021 - 02:29:35: [funcommands.smx] "Nezzie<89><[U:1:107910185]><>" toggled noclip on "Nezzie<89><[U:1:107910185]><>"
L 03/21/2021 - 02:29:36: [funcommands.smx] "Nezzie<89><[U:1:107910185]><>" toggled noclip on "Nezzie<89><[U:1:107910185]><>"
L 03/21/2021 - 02:29:56: [funcommandsX.smx] "Nezzie<89><[U:1:107910185]><>" teleported "Dozii<93><[U:1:94212661]><>"
L 03/21/2021 - 02:29:56: [funcommandsX.smx] "Nezzie<89><[U:1:107910185]><>" teleported "Nezzie<89><[U:1:107910185]><>"
L 03/21/2021 - 02:30:02: [funcommandsX.smx] "Nezzie<89><[U:1:107910185]><>" teleported "Nezzie<89><[U:1:107910185]><>"
L 03/21/2021 - 02:30:04: [funcommandsX.smx] "Nezzie<89><[U:1:107910185]><>" teleported "Nezzie<89><[U:1:107910185]><>"
L 03/21/2021 - 02:30:05: [funcommandsX.smx] "Nezzie<89><[U:1:107910185]><>" teleported "Nezzie<89><[U:1:107910185]><>"
L 03/21/2021 - 02:30:09: [funcommands.smx] "Nezzie<89><[U:1:107910185]><>" toggled noclip on "Nezzie<89><[U:1:107910185]><>"
L 03/21/2021 - 02:30:10: [funcommands.smx] "Nezzie<89><[U:1:107910185]><>" toggled noclip on "Nezzie<89><[U:1:107910185]><>"
L 03/21/2021 - 02:32:28: [basechat.smx] "Console<0><Console><Console>" triggered sm_say (text The round time has ended, omaewa-mou shindeiru)
L 03/21/2021 - 02:32:28: [playercommands.smx] "Console<0><Console><Console>" slayed "test<95><BOT><>"
L 03/21/2021 - 02:32:28: [playercommands.smx] "Console<0><Console><Console>" slayed "test1<96><BOT><>"
L 03/21/2021 - 02:32:46: [SM] Changed map to "vsh_west_event"
L 03/21/2021 - 02:32:48: -------- Mapchange to vsh_west_event --------
L 03/21/2021 - 02:32:55: [mapchooser_extended.smx] Loaded map list for tf.
L 03/21/2021 - 02:53:10: [mapchooser_extended.smx] Voting for next map has started.
L 03/21/2021 - 18:21:37: [basecommands.smx] "Nezzie<97><[U:1:107910185]><>" changed map to "vsh_tranquil_b5"
L 03/21/2021 - 18:21:40: [SM] Changed map to "vsh_tranquil_b5"
L 03/21/2021 - 18:21:45: -------- Mapchange to vsh_tranquil_b5 --------
L 03/21/2021 - 18:21:55: [mapchooser_extended.smx] Loaded map list for tf.
L 03/21/2021 - 18:42:09: [mapchooser_extended.smx] Voting for next map has started.
L 03/21/2021 - 18:42:20: [mapchooser_extended.smx] Voting for next map has finished. Nextmap: vsh_jungle_beach_v3.
L 03/21/2021 - 21:48:04: [SM] Changed map to "vsh_jungle_beach_v3"
L 03/21/2021 - 21:48:09: -------- Mapchange to vsh_jungle_beach_v3 --------
L 03/21/2021 - 21:48:16: [mapchooser_extended.smx] Loaded map list for tf.
L 03/21/2021 - 21:54:11: [funcommandsX.smx] "Nezzie<99><[U:1:107910185]><>" teleported "Dozii<102><[U:1:94212661]><>"
L 03/21/2021 - 21:54:17: [funcommandsX.smx] "Nezzie<99><[U:1:107910185]><>" teleported "Nezzie<99><[U:1:107910185]><>"
L 03/21/2021 - 22:02:09: [funcommandsX.smx] "Nezzie<99><[U:1:107910185]><>" teleported "Dozii<102><[U:1:94212661]><>"
L 03/21/2021 - 22:02:10: [funcommandsX.smx] "Nezzie<99><[U:1:107910185]><>" teleported "Dozii<102><[U:1:94212661]><>"
L 03/21/2021 - 22:02:10: [funcommandsX.smx] "Nezzie<99><[U:1:107910185]><>" teleported "Dozii<102><[U:1:94212661]><>"
L 03/21/2021 - 22:02:11: [funcommandsX.smx] "Nezzie<99><[U:1:107910185]><>" teleported "Dozii<102><[U:1:94212661]><>"
L 03/21/2021 - 22:02:12: [funcommandsX.smx] "Nezzie<99><[U:1:107910185]><>" teleported "Dozii<102><[U:1:94212661]><>"
L 03/21/2021 - 22:02:13: [funcommandsX.smx] "Nezzie<99><[U:1:107910185]><>" teleported "Dozii<102><[U:1:94212661]><>"
L 03/21/2021 - 22:02:22: [funcommandsX.smx] "Nezzie<99><[U:1:107910185]><>" teleported "Dozii<102><[U:1:94212661]><>"
L 03/21/2021 - 22:02:23: [funcommandsX.smx] "Nezzie<99><[U:1:107910185]><>" teleported "puzzle<101><[U:1:136056777]><>"
L 03/21/2021 - 22:08:31: [mapchooser_extended.smx] Voting for next map has started.
L 03/21/2021 - 22:08:52: [mapchooser_extended.smx] Voting for next map has finished. Nextmap: vsh_necropolis_b1.
L 03/21/2021 - 22:10:34: [respawn.smx] "Nezzie<99><[U:1:107910185]><>" respawned "Dozii<102><[U:1:94212661]><>"
L 03/21/2021 - 22:14:16: [basechat.smx] "Console<0><Console><Console>" triggered sm_say (text The round time has ended, omaewa-mou shindeiru)
L 03/21/2021 - 22:14:16: [playercommands.smx] "Console<0><Console><Console>" slayed "Nezzie<99><[U:1:107910185]><>"
L 03/21/2021 - 22:14:16: [playercommands.smx] "Console<0><Console><Console>" slayed "puzzle<101><[U:1:136056777]><>"
L 03/21/2021 - 22:14:16: [playercommands.smx] "Console<0><Console><Console>" slayed "Dozii<102><[U:1:94212661]><>"
L 03/21/2021 - 22:19:06: [SM] Changed map to "vsh_necropolis_b1"
L 03/21/2021 - 22:19:09: -------- Mapchange to vsh_necropolis_b1 --------
L 03/21/2021 - 22:19:17: [mapchooser_extended.smx] Loaded map list for tf.
L 03/21/2021 - 22:22:16: [playercommands.smx] "Nezzie<99><[U:1:107910185]><>" slayed "puzzle<101><[U:1:136056777]><>"
L 03/21/2021 - 22:33:12: [respawn.smx] "Nezzie<99><[U:1:107910185]><>" respawned "The Presence<104><[U:1:189245336]><>"
L 03/21/2021 - 22:33:33: [respawn.smx] "Nezzie<99><[U:1:107910185]><>" respawned "Nezzie<99><[U:1:107910185]><>"
L 03/21/2021 - 22:34:04: [respawn.smx] "Nezzie<99><[U:1:107910185]><>" respawned "Dozii<102><[U:1:94212661]><>"
L 03/21/2021 - 22:36:11: [basechat.smx] "Console<0><Console><Console>" triggered sm_say (text The round time has ended, omaewa-mou shindeiru)
L 03/21/2021 - 22:36:11: [playercommands.smx] "Console<0><Console><Console>" slayed "Nezzie<99><[U:1:107910185]><>"
L 03/21/2021 - 22:36:11: [playercommands.smx] "Console<0><Console><Console>" slayed "puzzle<101><[U:1:136056777]><>"
L 03/21/2021 - 22:36:11: [playercommands.smx] "Console<0><Console><Console>" slayed "Dozii<102><[U:1:94212661]><>"
L 03/21/2021 - 22:36:11: [playercommands.smx] "Console<0><Console><Console>" slayed "The Presence<104><[U:1:189245336]><>"
L 03/21/2021 - 22:39:32: [mapchooser_extended.smx] Voting for next map has started.
L 03/21/2021 - 22:39:59: [mapchooser_extended.smx] Voting for next map has started.
L 03/21/2021 - 22:40:20: [mapchooser_extended.smx] Voting for next map has finished. Nextmap: vsh_west_event.
L 03/21/2021 - 22:43:09: [respawn.smx] "Nezzie<99><[U:1:107910185]><>" respawned "Dozii<105><[U:1:94212661]><>"
L 03/21/2021 - 22:43:43: [respawn.smx] "Nezzie<99><[U:1:107910185]><>" respawned "Dozii<105><[U:1:94212661]><>"
L 03/21/2021 - 22:47:59: [respawn.smx] "Nezzie<99><[U:1:107910185]><>" respawned "Nezzie<99><[U:1:107910185]><>"
L 03/21/2021 - 22:49:52: [SM] Changed map to "vsh_west_event"
L 03/21/2021 - 22:49:55: -------- Mapchange to vsh_west_event --------
L 03/21/2021 - 22:50:03: [mapchooser_extended.smx] Loaded map list for tf.
L 03/21/2021 - 22:52:29: [respawn.smx] "Nezzie<99><[U:1:107910185]><>" respawned "Nezzie<99><[U:1:107910185]><>"
L 03/21/2021 - 22:55:46: [respawn.smx] "Nezzie<99><[U:1:107910185]><>" respawned "Nezzie<99><[U:1:107910185]><>"
L 03/21/2021 - 22:55:56: [respawn.smx] "Nezzie<99><[U:1:107910185]><>" respawned "Dozii<105><[U:1:94212661]><>"
L 03/21/2021 - 23:00:12: [basechat.smx] "Console<0><Console><Console>" triggered sm_say (text The round time has ended, omaewa-mou shindeiru)
L 03/21/2021 - 23:00:12: [playercommands.smx] "Console<0><Console><Console>" slayed "Nezzie<99><[U:1:107910185]><>"
L 03/21/2021 - 23:00:12: [playercommands.smx] "Console<0><Console><Console>" slayed "puzzle<101><[U:1:136056777]><>"
L 03/21/2021 - 23:00:12: [playercommands.smx] "Console<0><Console><Console>" slayed "Dozii<105><[U:1:94212661]><>"
L 03/21/2021 - 23:10:18: [mapchooser_extended.smx] Voting for next map has started.
L 03/21/2021 - 23:10:38: [mapchooser_extended.smx] Voting for next map has started.
L 03/21/2021 - 23:10:59: [mapchooser_extended.smx] Voting for next map has finished. Nextmap: vsh_outdoors_b2a.
L 03/21/2021 - 23:12:30: [respawn.smx] "Nezzie<99><[U:1:107910185]><>" respawned "Dozii<105><[U:1:94212661]><>"
L 03/21/2021 - 23:14:07: [funcommands.smx] "Nezzie<99><[U:1:107910185]><>" toggled noclip on "Nezzie<99><[U:1:107910185]><>"
L 03/21/2021 - 23:14:08: [funcommands.smx] "Nezzie<99><[U:1:107910185]><>" toggled noclip on "Nezzie<99><[U:1:107910185]><>"
L 03/21/2021 - 23:16:38: [playercommands.smx] "Nezzie<99><[U:1:107910185]><>" renamed "puzzle<101><[U:1:136056777]><>" (to "raisin")
L 03/21/2021 - 23:16:41: [playercommands.smx] "Nezzie<99><[U:1:107910185]><>" renamed "Dozii<105><[U:1:94212661]><>" (to "raiisin")
L 03/21/2021 - 23:16:45: [playercommands.smx] "Nezzie<99><[U:1:107910185]><>" renamed "Nezzie<99><[U:1:107910185]><>" (to "raiiisin")
L 03/21/2021 - 23:18:01: [respawn.smx] "raiiisin<99><[U:1:107910185]><>" respawned "raisin<101><[U:1:136056777]><>"
L 03/21/2021 - 23:21:10: [SM] Changed map to "vsh_outdoors_b2a"
L 03/21/2021 - 23:21:13: -------- Mapchange to vsh_outdoors_b2a --------
L 03/21/2021 - 23:21:21: [mapchooser_extended.smx] Loaded map list for tf.
L 03/21/2021 - 23:39:23: [respawn.smx] "Nezzie<99><[U:1:107910185]><>" respawned "Dozii<108><[U:1:94212661]><>"
L 03/21/2021 - 23:41:39: [mapchooser_extended.smx] Voting for next map has started.
L 03/21/2021 - 23:42:02: [mapchooser_extended.smx] Voting for next map has started.
L 03/21/2021 - 23:42:05: [mapchooser_extended.smx] Voting for next map has finished. Nextmap: vsh_warebloom_r1a.
L 03/21/2021 - 23:43:15: [basecommands.smx] "Nezzie<99><[U:1:107910185]><>" changed map to "vsh_warebloom_r1a"
L 03/21/2021 - 23:43:18: [SM] Changed map to "vsh_warebloom_r1a"
L 03/21/2021 - 23:43:21: -------- Mapchange to vsh_warebloom_r1a --------
L 03/21/2021 - 23:43:28: [mapchooser_extended.smx] Loaded map list for tf.
L 03/21/2021 - 23:54:03: [playercommands.smx] "Nezzie<99><[U:1:107910185]><>" renamed "Dozii<108><[U:1:94212661]><>" (to "dovii")
L 03/21/2021 - 23:56:22: [nominations_extended.smx] puzzle nominated vsh_yammoe_rc3
L 03/22/2021 - 00:03:44: Log file closed.
