L 02/06/2021 - 00:47:06: SourceMod log file session started (file "/home/steamsrv/tf2/tf/addons/sourcemod/logs/L20210206.log") (Version "1.10.0.6490")
L 02/06/2021 - 00:47:06: [SM] Changed map to "vsh_outdoors_b2a"
L 02/06/2021 - 00:47:09: -------- Mapchange to vsh_outdoors_b2a --------
L 02/06/2021 - 00:47:24: [mapchooser_extended.smx] Loaded map list for tf.
L 02/06/2021 - 00:54:20: [mapchooser_extended.smx] Starting map vote because outside request
L 02/06/2021 - 00:54:36: [mapchooser_extended.smx] Voting for next map has started.
L 02/06/2021 - 00:54:56: [mapchooser_extended.smx] Voting for next map has finished. Nextmap: vsh_shipment_v1a.
L 02/06/2021 - 00:55:00: [SM] Changed map to "vsh_shipment_v1a"
L 02/06/2021 - 00:55:02: -------- Mapchange to vsh_shipment_v1a --------
L 02/06/2021 - 00:55:13: [mapchooser_extended.smx] Loaded map list for tf.
L 02/06/2021 - 00:56:26: [mapchooser_extended.smx] Starting map vote because outside request
L 02/06/2021 - 00:56:42: [mapchooser_extended.smx] Voting for next map has started.
L 02/06/2021 - 00:56:49: [mapchooser_extended.smx] Voting for next map has finished. Nextmap: vsh_chinatown_b3.
L 02/06/2021 - 00:56:53: [SM] Changed map to "vsh_chinatown_b3"
L 02/06/2021 - 00:56:55: -------- Mapchange to vsh_chinatown_b3 --------
L 02/06/2021 - 00:57:05: [mapchooser_extended.smx] Loaded map list for tf.
L 02/06/2021 - 01:17:22: [mapchooser_extended.smx] Voting for next map has started.
L 02/06/2021 - 01:17:48: [mapchooser_extended.smx] Voting for next map has started.
L 02/06/2021 - 01:17:55: [mapchooser_extended.smx] Voting for next map has finished. Nextmap: vsh_gyros_v5.
L 02/06/2021 - 01:28:31: [SM] Changed map to "vsh_gyros_v5"
L 02/06/2021 - 01:28:35: -------- Mapchange to vsh_gyros_v5 --------
L 02/06/2021 - 01:28:45: [mapchooser_extended.smx] Loaded map list for tf.
L 02/06/2021 - 01:49:02: [mapchooser_extended.smx] Voting for next map has started.
L 02/06/2021 - 03:51:57: [SM] Changed map to "vsh_cactustemple_v1"
L 02/06/2021 - 03:51:59: -------- Mapchange to vsh_cactustemple_v1 --------
L 02/06/2021 - 03:52:11: [mapchooser_extended.smx] Loaded map list for tf.
L 02/06/2021 - 04:12:27: [mapchooser_extended.smx] Voting for next map has started.
L 02/06/2021 - 04:12:40: [mapchooser_extended.smx] Voting for next map has started.
L 02/06/2021 - 04:12:50: [mapchooser_extended.smx] Voting for next map has finished. Nextmap: vsh_intrusion_rc2.
L 02/06/2021 - 04:22:51: [SM] Changed map to "vsh_intrusion_rc2"
L 02/06/2021 - 04:22:56: -------- Mapchange to vsh_intrusion_rc2 --------
L 02/06/2021 - 04:23:08: [mapchooser_extended.smx] Loaded map list for tf.
L 02/06/2021 - 04:43:25: [mapchooser_extended.smx] Voting for next map has started.
L 02/06/2021 - 04:43:40: [mapchooser_extended.smx] Voting for next map has started.
L 02/06/2021 - 04:43:45: [mapchooser_extended.smx] Voting for next map has finished. Nextmap: vsh_dirtmound_b9.
L 02/06/2021 - 04:54:14: [SM] Changed map to "vsh_dirtmound_b9"
L 02/06/2021 - 04:54:16: -------- Mapchange to vsh_dirtmound_b9 --------
L 02/06/2021 - 04:54:28: [mapchooser_extended.smx] Loaded map list for tf.
L 02/06/2021 - 05:14:45: [mapchooser_extended.smx] Voting for next map has started.
L 02/06/2021 - 05:14:55: [mapchooser_extended.smx] Voting for next map has finished. Nextmap: vsh_aquaticbase_b5.
L 02/06/2021 - 06:31:33: [SM] Changed map to "vsh_aquaticbase_b5"
L 02/06/2021 - 06:31:36: -------- Mapchange to vsh_aquaticbase_b5 --------
L 02/06/2021 - 06:31:47: [mapchooser_extended.smx] Loaded map list for tf.
L 02/06/2021 - 06:52:03: [mapchooser_extended.smx] Voting for next map has started.
L 02/06/2021 - 06:52:10: [mapchooser_extended.smx] Voting for next map has finished. Nextmap: vsh_nebula_rc1.
L 02/06/2021 - 07:03:21: [SM] Changed map to "vsh_nebula_rc1"
L 02/06/2021 - 07:03:25: -------- Mapchange to vsh_nebula_rc1 --------
L 02/06/2021 - 07:03:37: [mapchooser_extended.smx] Loaded map list for tf.
L 02/06/2021 - 07:23:54: [mapchooser_extended.smx] Voting for next map has started.
L 02/06/2021 - 07:24:14: [mapchooser_extended.smx] Voting for next map has finished. Nextmap: vsh_jungle_beach_v3.
L 02/06/2021 - 07:35:12: [SM] Changed map to "vsh_jungle_beach_v3"
L 02/06/2021 - 07:35:17: -------- Mapchange to vsh_jungle_beach_v3 --------
L 02/06/2021 - 07:35:28: [mapchooser_extended.smx] Loaded map list for tf.
L 02/06/2021 - 07:55:42: [mapchooser_extended.smx] Voting for next map has started.
L 02/06/2021 - 20:01:49: [SM] Changed map to "vsh_apg_reworked_b2"
L 02/06/2021 - 20:01:53: -------- Mapchange to vsh_apg_reworked_b2 --------
L 02/06/2021 - 20:02:07: [mapchooser_extended.smx] Loaded map list for tf.
L 02/06/2021 - 20:22:22: [mapchooser_extended.smx] Voting for next map has started.
L 02/07/2021 - 01:10:57: Log file closed.
