L 02/12/2021 - 19:16:07: SourceMod log file session started (file "/home/steamsrv/tf2/tf/addons/sourcemod/logs/L20210212.log") (Version "1.10.0.6490")
L 02/12/2021 - 19:16:07: [SM] Changed map to "vsh_jungle_beach_v3"
L 02/12/2021 - 19:16:20: -------- Mapchange to vsh_jungle_beach_v3 --------
L 02/12/2021 - 19:16:36: [mapchooser_extended.smx] Loaded map list for tf.
L 02/12/2021 - 19:36:54: [mapchooser_extended.smx] Voting for next map has started.
L 02/12/2021 - 22:31:45: [SM] Changed map to "vsh_cactustemple_v1"
L 02/12/2021 - 22:31:47: -------- Mapchange to vsh_cactustemple_v1 --------
L 02/12/2021 - 22:31:59: [mapchooser_extended.smx] Loaded map list for tf.
L 02/12/2021 - 22:52:14: [mapchooser_extended.smx] Voting for next map has started.
L 02/12/2021 - 23:06:47: [SM] Changed map to "vsh_minegay_reworked_v2"
L 02/12/2021 - 23:06:49: -------- Mapchange to vsh_minegay_reworked_v2 --------
L 02/12/2021 - 23:07:01: [mapchooser_extended.smx] Loaded map list for tf.
L 02/12/2021 - 23:15:48: [basechat.smx] "Console<0><Console><Console>" triggered sm_say (text The round time has ended, omaewa-mou shindeiru)
L 02/12/2021 - 23:15:48: [playercommands.smx] "Console<0><Console><Console>" slayed "GutsAndGlory!<97><BOT><>"
L 02/12/2021 - 23:15:48: [playercommands.smx] "Console<0><Console><Console>" slayed "Saxton Hale<98><BOT><>"
L 02/12/2021 - 23:27:18: [mapchooser_extended.smx] Voting for next map has started.
L 02/12/2021 - 23:27:38: [mapchooser_extended.smx] Voting for next map has finished. Nextmap: vsh_aquaticbase_b5.
L 02/12/2021 - 23:40:12: [SM] Changed map to "vsh_aquaticbase_b5"
L 02/12/2021 - 23:40:15: -------- Mapchange to vsh_aquaticbase_b5 --------
L 02/12/2021 - 23:40:27: [mapchooser_extended.smx] Loaded map list for tf.
L 02/13/2021 - 00:00:44: Log file closed.
