L 12/26/2020 - 00:20:54: SourceMod log file session started (file "/home/steamsrv/tf2/tf/addons/sourcemod/logs/L20201226.log") (Version "1.10.0.6490")
L 12/26/2020 - 00:20:54: [TF2ITEMS] "GiveNamedItem" offset = 484
L 12/26/2020 - 00:20:55: [funcommandsX.smx] Game detected as Team Fortress 2: Source (GAME_TF2)
L 12/26/2020 - 00:20:55: [simple-chatprocessor.smx] [SCP] Recognized mod [Team Fortress 2].
L 12/26/2020 - 00:20:55: [simple-chatprocessor.smx] [SCP] Loading translation file [scp.tf.phrases].
L 12/26/2020 - 00:20:56: [freak_fortress_2.smx] Freak Fortress 2 199001 Loading...
L 12/26/2020 - 00:21:16: [UPDATER] Successfully updated gamedata file "sm-cstrike.games/game.csgo.txt"
L 12/26/2020 - 00:21:16: [UPDATER] SourceMod has been updated, please reload it or restart your server.
L 12/26/2020 - 00:21:16: [mapchooser_extended.smx] Loaded map list for tf.
L 12/26/2020 - 01:23:07: [mapchooser_extended.smx] Voting for next map has started.
L 12/26/2020 - 21:20:24: [SM] Changed map to "vsh_intrusion_rc2"
L 12/26/2020 - 21:20:29: -------- Mapchange to vsh_intrusion_rc2 --------
L 12/26/2020 - 21:20:40: [mapchooser_extended.smx] Loaded map list for tf.
L 12/26/2020 - 21:33:24: [funcommands.smx] "F1SH<4><[U:1:445849108]><>" froze "Draconic (Azel)<6><[U:1:101368949]><>"
L 12/26/2020 - 21:33:43: [playercommands.smx] "Draconic (Azel)<6><[U:1:101368949]><>" slapped "F1SH<4><[U:1:445849108]><>" (damage "10")
L 12/26/2020 - 21:33:43: [playercommands.smx] "Draconic (Azel)<6><[U:1:101368949]><>" slapped "F1SH<4><[U:1:445849108]><>" (damage "10")
L 12/26/2020 - 21:33:43: [playercommands.smx] "Draconic (Azel)<6><[U:1:101368949]><>" slapped "F1SH<4><[U:1:445849108]><>" (damage "10")
L 12/26/2020 - 21:33:43: [playercommands.smx] "Draconic (Azel)<6><[U:1:101368949]><>" slapped "F1SH<4><[U:1:445849108]><>" (damage "10")
L 12/26/2020 - 21:33:44: [playercommands.smx] "Draconic (Azel)<6><[U:1:101368949]><>" slapped "F1SH<4><[U:1:445849108]><>" (damage "10")
L 12/26/2020 - 21:33:44: [playercommands.smx] "Draconic (Azel)<6><[U:1:101368949]><>" slapped "F1SH<4><[U:1:445849108]><>" (damage "10")
L 12/26/2020 - 21:33:44: [playercommands.smx] "Draconic (Azel)<6><[U:1:101368949]><>" slapped "F1SH<4><[U:1:445849108]><>" (damage "10")
L 12/26/2020 - 21:33:44: [playercommands.smx] "Draconic (Azel)<6><[U:1:101368949]><>" slapped "F1SH<4><[U:1:445849108]><>" (damage "10")
L 12/26/2020 - 21:33:44: [playercommands.smx] "Draconic (Azel)<6><[U:1:101368949]><>" slapped "F1SH<4><[U:1:445849108]><>" (damage "10")
L 12/26/2020 - 21:33:44: [playercommands.smx] "F1SH<4><[U:1:445849108]><>" slapped "Draconic (Azel)<6><[U:1:101368949]><>" (damage "0")
L 12/26/2020 - 21:33:44: [playercommands.smx] "F1SH<4><[U:1:445849108]><>" slapped "Draconic (Azel)<6><[U:1:101368949]><>" (damage "0")
L 12/26/2020 - 21:33:45: [playercommands.smx] "F1SH<4><[U:1:445849108]><>" slapped "Draconic (Azel)<6><[U:1:101368949]><>" (damage "0")
L 12/26/2020 - 21:33:45: [playercommands.smx] "F1SH<4><[U:1:445849108]><>" slapped "Draconic (Azel)<6><[U:1:101368949]><>" (damage "0")
L 12/26/2020 - 21:33:45: [playercommands.smx] "F1SH<4><[U:1:445849108]><>" slapped "Draconic (Azel)<6><[U:1:101368949]><>" (damage "0")
L 12/26/2020 - 21:33:45: [playercommands.smx] "F1SH<4><[U:1:445849108]><>" slapped "Draconic (Azel)<6><[U:1:101368949]><>" (damage "0")
L 12/26/2020 - 21:33:45: [playercommands.smx] "Draconic (Azel)<6><[U:1:101368949]><>" slapped "F1SH<4><[U:1:445849108]><>" (damage "10")
L 12/26/2020 - 21:33:46: [playercommands.smx] "F1SH<4><[U:1:445849108]><>" slapped "Draconic (Azel)<6><[U:1:101368949]><>" (damage "0")
L 12/26/2020 - 21:33:46: [playercommands.smx] "Draconic (Azel)<6><[U:1:101368949]><>" slapped "F1SH<4><[U:1:445849108]><>" (damage "10")
L 12/26/2020 - 21:33:46: [playercommands.smx] "F1SH<4><[U:1:445849108]><>" slapped "Draconic (Azel)<6><[U:1:101368949]><>" (damage "0")
L 12/26/2020 - 21:33:46: [playercommands.smx] "Draconic (Azel)<6><[U:1:101368949]><>" slapped "F1SH<4><[U:1:445849108]><>" (damage "10")
L 12/26/2020 - 21:33:46: [playercommands.smx] "F1SH<4><[U:1:445849108]><>" slapped "Draconic (Azel)<6><[U:1:101368949]><>" (damage "0")
L 12/26/2020 - 21:33:46: [playercommands.smx] "Draconic (Azel)<6><[U:1:101368949]><>" slapped "F1SH<4><[U:1:445849108]><>" (damage "10")
L 12/26/2020 - 21:33:46: [playercommands.smx] "Draconic (Azel)<6><[U:1:101368949]><>" slapped "F1SH<4><[U:1:445849108]><>" (damage "10")
L 12/26/2020 - 21:33:46: [playercommands.smx] "F1SH<4><[U:1:445849108]><>" slapped "Draconic (Azel)<6><[U:1:101368949]><>" (damage "0")
L 12/26/2020 - 21:33:46: [playercommands.smx] "F1SH<4><[U:1:445849108]><>" slapped "Draconic (Azel)<6><[U:1:101368949]><>" (damage "0")
L 12/26/2020 - 21:33:47: [playercommands.smx] "Draconic (Azel)<6><[U:1:101368949]><>" slapped "F1SH<4><[U:1:445849108]><>" (damage "10")
L 12/26/2020 - 21:33:47: [playercommands.smx] "Draconic (Azel)<6><[U:1:101368949]><>" slapped "F1SH<4><[U:1:445849108]><>" (damage "10")
L 12/26/2020 - 21:33:47: [playercommands.smx] "F1SH<4><[U:1:445849108]><>" slapped "Draconic (Azel)<6><[U:1:101368949]><>" (damage "0")
L 12/26/2020 - 21:33:47: [playercommands.smx] "Draconic (Azel)<6><[U:1:101368949]><>" slapped "F1SH<4><[U:1:445849108]><>" (damage "10")
L 12/26/2020 - 21:33:47: [playercommands.smx] "F1SH<4><[U:1:445849108]><>" slapped "Draconic (Azel)<6><[U:1:101368949]><>" (damage "0")
L 12/26/2020 - 21:33:47: [playercommands.smx] "Draconic (Azel)<6><[U:1:101368949]><>" slapped "F1SH<4><[U:1:445849108]><>" (damage "10")
L 12/26/2020 - 21:33:47: [playercommands.smx] "F1SH<4><[U:1:445849108]><>" slapped "Draconic (Azel)<6><[U:1:101368949]><>" (damage "0")
L 12/26/2020 - 21:33:47: [playercommands.smx] "Draconic (Azel)<6><[U:1:101368949]><>" slapped "F1SH<4><[U:1:445849108]><>" (damage "10")
L 12/26/2020 - 21:33:47: [playercommands.smx] "F1SH<4><[U:1:445849108]><>" slapped "Draconic (Azel)<6><[U:1:101368949]><>" (damage "0")
L 12/26/2020 - 21:33:48: [playercommands.smx] "F1SH<4><[U:1:445849108]><>" slapped "Draconic (Azel)<6><[U:1:101368949]><>" (damage "0")
L 12/26/2020 - 21:33:48: [playercommands.smx] "Draconic (Azel)<6><[U:1:101368949]><>" slapped "F1SH<4><[U:1:445849108]><>" (damage "10")
L 12/26/2020 - 21:33:48: [playercommands.smx] "F1SH<4><[U:1:445849108]><>" slapped "Draconic (Azel)<6><[U:1:101368949]><>" (damage "0")
L 12/26/2020 - 21:33:48: [playercommands.smx] "Draconic (Azel)<6><[U:1:101368949]><>" slapped "F1SH<4><[U:1:445849108]><>" (damage "10")
L 12/26/2020 - 21:33:48: [playercommands.smx] "Draconic (Azel)<6><[U:1:101368949]><>" slapped "F1SH<4><[U:1:445849108]><>" (damage "10")
L 12/26/2020 - 21:33:48: [playercommands.smx] "F1SH<4><[U:1:445849108]><>" slapped "Draconic (Azel)<6><[U:1:101368949]><>" (damage "0")
L 12/26/2020 - 21:33:48: [playercommands.smx] "Draconic (Azel)<6><[U:1:101368949]><>" slapped "F1SH<4><[U:1:445849108]><>" (damage "10")
L 12/26/2020 - 21:33:48: [playercommands.smx] "F1SH<4><[U:1:445849108]><>" slapped "Draconic (Azel)<6><[U:1:101368949]><>" (damage "0")
L 12/26/2020 - 21:33:48: [playercommands.smx] "Draconic (Azel)<6><[U:1:101368949]><>" slapped "F1SH<4><[U:1:445849108]><>" (damage "10")
L 12/26/2020 - 21:33:49: [playercommands.smx] "F1SH<4><[U:1:445849108]><>" slapped "Draconic (Azel)<6><[U:1:101368949]><>" (damage "0")
L 12/26/2020 - 21:33:49: [playercommands.smx] "F1SH<4><[U:1:445849108]><>" slapped "Draconic (Azel)<6><[U:1:101368949]><>" (damage "0")
L 12/26/2020 - 21:33:49: [playercommands.smx] "F1SH<4><[U:1:445849108]><>" slapped "Draconic (Azel)<6><[U:1:101368949]><>" (damage "0")
L 12/26/2020 - 21:33:49: [playercommands.smx] "F1SH<4><[U:1:445849108]><>" slapped "Draconic (Azel)<6><[U:1:101368949]><>" (damage "0")
L 12/26/2020 - 21:33:50: [playercommands.smx] "F1SH<4><[U:1:445849108]><>" slapped "Draconic (Azel)<6><[U:1:101368949]><>" (damage "0")
L 12/26/2020 - 21:33:50: [playercommands.smx] "F1SH<4><[U:1:445849108]><>" slapped "Draconic (Azel)<6><[U:1:101368949]><>" (damage "0")
L 12/26/2020 - 21:33:50: [playercommands.smx] "F1SH<4><[U:1:445849108]><>" slapped "Draconic (Azel)<6><[U:1:101368949]><>" (damage "0")
L 12/26/2020 - 21:33:55: [playercommands.smx] "Draconic (Azel)<6><[U:1:101368949]><>" slapped "Draconic (Azel)<6><[U:1:101368949]><>" (damage "10")
L 12/26/2020 - 21:33:57: [playercommands.smx] "Draconic (Azel)<6><[U:1:101368949]><>" slapped "Draconic (Azel)<6><[U:1:101368949]><>" (damage "10")
L 12/26/2020 - 21:33:57: [playercommands.smx] "Draconic (Azel)<6><[U:1:101368949]><>" slapped "Draconic (Azel)<6><[U:1:101368949]><>" (damage "10")
L 12/26/2020 - 21:33:57: [playercommands.smx] "Draconic (Azel)<6><[U:1:101368949]><>" slapped "Draconic (Azel)<6><[U:1:101368949]><>" (damage "10")
L 12/26/2020 - 21:33:58: [playercommands.smx] "Draconic (Azel)<6><[U:1:101368949]><>" slapped "Draconic (Azel)<6><[U:1:101368949]><>" (damage "10")
L 12/26/2020 - 21:33:58: [playercommands.smx] "Draconic (Azel)<6><[U:1:101368949]><>" slapped "Draconic (Azel)<6><[U:1:101368949]><>" (damage "10")
L 12/26/2020 - 21:33:58: [playercommands.smx] "Draconic (Azel)<6><[U:1:101368949]><>" slapped "Draconic (Azel)<6><[U:1:101368949]><>" (damage "10")
L 12/26/2020 - 21:38:48: [funcommandsX.smx] Game detected as Team Fortress 2: Source (GAME_TF2)
L 12/26/2020 - 21:38:48: [simple-chatprocessor.smx] [SCP] Recognized mod [Team Fortress 2].
L 12/26/2020 - 21:38:48: [simple-chatprocessor.smx] [SCP] Loading translation file [scp.tf.phrases].
L 12/26/2020 - 21:38:49: [freak_fortress_2.smx] Freak Fortress 2 199001 Loading...
L 12/26/2020 - 21:38:49: [mapchooser_extended.smx] Loaded map list for tf.
L 12/26/2020 - 21:40:59: [mapchooser_extended.smx] Voting for next map has started.
L 12/26/2020 - 21:41:19: [mapchooser_extended.smx] Voting for next map has finished. Nextmap: vsh_dirtmound_b9.
L 12/26/2020 - 21:46:25: [respawn.smx] "F1SH<4><[U:1:445849108]><>" respawned "F1SH<4><[U:1:445849108]><>"
L 12/26/2020 - 21:47:31: [basecommands.smx] "Nezzie<5><[U:1:107910185]><>" changed map to "vsh_dirtmound_b9"
L 12/26/2020 - 21:47:34: [SM] Changed map to "vsh_dirtmound_b9"
L 12/26/2020 - 21:47:36: -------- Mapchange to vsh_dirtmound_b9 --------
L 12/26/2020 - 21:47:48: [mapchooser_extended.smx] Loaded map list for tf.
L 12/26/2020 - 22:03:24: [basecommands.smx] "Nezzie<5><[U:1:107910185]><>" changed map to "vsh_dirtmound_b9"
L 12/26/2020 - 22:03:27: [SM] Changed map to "vsh_dirtmound_b9"
L 12/26/2020 - 22:03:29: -------- Mapchange to vsh_dirtmound_b9 --------
L 12/26/2020 - 22:03:42: [mapchooser_extended.smx] Loaded map list for tf.
L 12/26/2020 - 22:11:25: [basecommands.smx] "Nezzie<5><[U:1:107910185]><>" changed map to "vsh_dirtmound_b9"
L 12/26/2020 - 22:11:28: [SM] Changed map to "vsh_dirtmound_b9"
L 12/26/2020 - 22:11:30: -------- Mapchange to vsh_dirtmound_b9 --------
L 12/26/2020 - 22:11:42: [mapchooser_extended.smx] Loaded map list for tf.
L 12/26/2020 - 22:20:53: [respawn.smx] "Hailstorm<8><[U:1:181986054]><>" respawned "Hailstorm<8><[U:1:181986054]><>"
L 12/26/2020 - 22:21:43: [funcommandsX.smx] Game detected as Team Fortress 2: Source (GAME_TF2)
L 12/26/2020 - 22:21:43: [simple-chatprocessor.smx] [SCP] Recognized mod [Team Fortress 2].
L 12/26/2020 - 22:21:43: [simple-chatprocessor.smx] [SCP] Loading translation file [scp.tf.phrases].
L 12/26/2020 - 22:21:44: [freak_fortress_2.smx] Freak Fortress 2 199001 Loading...
L 12/26/2020 - 22:21:44: [mapchooser_extended.smx] Loaded map list for tf.
L 12/26/2020 - 22:23:03: [funcommandsX.smx] Game detected as Team Fortress 2: Source (GAME_TF2)
L 12/26/2020 - 22:23:03: [simple-chatprocessor.smx] [SCP] Recognized mod [Team Fortress 2].
L 12/26/2020 - 22:23:03: [simple-chatprocessor.smx] [SCP] Loading translation file [scp.tf.phrases].
L 12/26/2020 - 22:23:03: [freak_fortress_2.smx] Freak Fortress 2 199001 Loading...
L 12/26/2020 - 22:23:04: [mapchooser_extended.smx] Loaded map list for tf.
L 12/26/2020 - 22:24:28: [funcommandsX.smx] Game detected as Team Fortress 2: Source (GAME_TF2)
L 12/26/2020 - 22:24:28: [simple-chatprocessor.smx] [SCP] Recognized mod [Team Fortress 2].
L 12/26/2020 - 22:24:28: [simple-chatprocessor.smx] [SCP] Loading translation file [scp.tf.phrases].
L 12/26/2020 - 22:24:28: [freak_fortress_2.smx] Freak Fortress 2 199001 Loading...
L 12/26/2020 - 22:24:29: [mapchooser_extended.smx] Loaded map list for tf.
L 12/26/2020 - 22:31:42: [basecommands.smx] "Nezzie<5><[U:1:107910185]><>" changed map to "vsh_yammoe_rc3"
L 12/26/2020 - 22:31:45: [SM] Changed map to "vsh_yammoe_rc3"
L 12/26/2020 - 22:31:51: -------- Mapchange to vsh_yammoe_rc3 --------
L 12/26/2020 - 22:32:04: [mapchooser_extended.smx] Loaded map list for tf.
L 12/26/2020 - 22:33:32: [respawn.smx] "Nezzie<5><[U:1:107910185]><>" respawned "unspacy<10><[U:1:130638097]><>"
L 12/26/2020 - 22:33:35: [respawn.smx] "Nezzie<5><[U:1:107910185]><>" respawned "Nezzie<5><[U:1:107910185]><>"
L 12/26/2020 - 22:33:52: [respawn.smx] "Nezzie<5><[U:1:107910185]><>" respawned "Hailstorm<8><[U:1:181986054]><>"
L 12/26/2020 - 22:33:52: [respawn.smx] "Nezzie<5><[U:1:107910185]><>" respawned "Festive Gooie<9><[U:1:1057489295]><>"
L 12/26/2020 - 22:37:59: [funcommandsX.smx] Game detected as Team Fortress 2: Source (GAME_TF2)
L 12/26/2020 - 22:37:59: [simple-chatprocessor.smx] [SCP] Recognized mod [Team Fortress 2].
L 12/26/2020 - 22:37:59: [simple-chatprocessor.smx] [SCP] Loading translation file [scp.tf.phrases].
L 12/26/2020 - 22:38:00: [freak_fortress_2.smx] Freak Fortress 2 199001 Loading...
L 12/26/2020 - 22:38:00: [mapchooser_extended.smx] Loaded map list for tf.
L 12/26/2020 - 22:38:51: [respawn.smx] "Nezzie<5><[U:1:107910185]><>" respawned "Nezzie<5><[U:1:107910185]><>"
L 12/26/2020 - 22:39:05: [basecommands.smx] "Nezzie<5><[U:1:107910185]><>" executed config (file "server.cfg")
L 12/26/2020 - 22:40:30: [basechat.smx] "Nezzie<5><[U:1:107910185]><>" triggered sm_msay (text unspacy :  seeman)
L 12/26/2020 - 22:52:25: [basechat.smx] "Nezzie<5><[U:1:107910185]><>" triggered sm_csay (text L to all of you)
L 12/26/2020 - 22:52:26: [mapchooser_extended.smx] Voting for next map has started.
L 12/26/2020 - 22:52:31: [basechat.smx] "Nezzie<5><[U:1:107910185]><>" triggered sm_msay (text L to all of you)
L 12/26/2020 - 22:52:37: [mapchooser_extended.smx] Voting for next map has started.
L 12/26/2020 - 22:52:57: [mapchooser_extended.smx] Voting for next map has finished. Nextmap: vsh_nebula_rc1.
L 12/26/2020 - 22:59:54: [respawn.smx] "F1SH<4><[U:1:445849108]><>" respawned "F1SH<4><[U:1:445849108]><>"
L 12/26/2020 - 23:00:26: [respawn.smx] "F1SH<4><[U:1:445849108]><>" respawned "F1SH<4><[U:1:445849108]><>"
L 12/26/2020 - 23:06:06: [SM] Changed map to "vsh_nebula_rc1"
L 12/26/2020 - 23:06:10: -------- Mapchange to vsh_nebula_rc1 --------
L 12/26/2020 - 23:06:24: [mapchooser_extended.smx] Loaded map list for tf.
L 12/26/2020 - 23:11:01: [funcommands.smx] "F1SH<4><[U:1:445849108]><>" set a beacon on "Hailstorm<8><[U:1:181986054]><>"
L 12/26/2020 - 23:22:02: [respawn.smx] "Nezzie<5><[U:1:107910185]><>" respawned "Hailstorm<8><[U:1:181986054]><>"
L 12/26/2020 - 23:26:42: [mapchooser_extended.smx] Voting for next map has started.
L 12/26/2020 - 23:27:03: [mapchooser_extended.smx] Voting for next map has finished. Nextmap: vsh_manncohq_v14.
L 12/26/2020 - 23:28:32: [respawn.smx] "Nezzie<5><[U:1:107910185]><>" respawned "Nezzie<5><[U:1:107910185]><>"
L 12/26/2020 - 23:28:37: [respawn.smx] "Nezzie<5><[U:1:107910185]><>" respawned "Nezzie<5><[U:1:107910185]><>"
L 12/26/2020 - 23:38:39: [SM] Changed map to "vsh_manncohq_v14"
L 12/26/2020 - 23:38:43: -------- Mapchange to vsh_manncohq_v14 --------
L 12/26/2020 - 23:38:53: [mapchooser_extended.smx] Loaded map list for tf.
L 12/26/2020 - 23:59:11: [mapchooser_extended.smx] Voting for next map has started.
L 12/26/2020 - 23:59:32: [mapchooser_extended.smx] Voting for next map has finished. Nextmap: vsh_gyros_v5.
L 12/27/2020 - 00:03:47: Log file closed.
