L 07/26/2020 - 00:00:29: SourceMod log file session started (file "/home/steamsrv/tf2/tf/addons/sourcemod/logs/L20200726.log") (Version "1.10.0.6490")
L 07/26/2020 - 00:00:29: [basechat.smx] "Console<0><Console><Console>" triggered sm_say (text The round time has ended, omaewa-mou shindeiru)
L 07/26/2020 - 00:00:29: [playercommands.smx] "Console<0><Console><Console>" slayed "Nezzie♥<2><[U:1:107910185]><>"
L 07/26/2020 - 00:00:29: [playercommands.smx] "Console<0><Console><Console>" slayed "GENTLE MANNE of LEISURE<9><BOT><>"
L 07/26/2020 - 00:00:29: [playercommands.smx] "Console<0><Console><Console>" slayed "Tiny Baby Man<10><BOT><>"
L 07/26/2020 - 00:00:29: [playercommands.smx] "Console<0><Console><Console>" slayed "Force of Nature<11><BOT><>"
L 07/26/2020 - 00:08:47: [basechat.smx] "Console<0><Console><Console>" triggered sm_say (text The round time has ended, omaewa-mou shindeiru)
L 07/26/2020 - 00:08:47: [playercommands.smx] "Console<0><Console><Console>" slayed "Nezzie♥<2><[U:1:107910185]><>"
L 07/26/2020 - 00:08:47: [playercommands.smx] "Console<0><Console><Console>" slayed "GENTLE MANNE of LEISURE<9><BOT><>"
L 07/26/2020 - 00:08:48: [playercommands.smx] "Console<0><Console><Console>" slayed "Tiny Baby Man<10><BOT><>"
L 07/26/2020 - 00:08:48: [playercommands.smx] "Console<0><Console><Console>" slayed "Force of Nature<11><BOT><>"
L 07/26/2020 - 00:09:06: [SM] Changed map to "arena_byre"
L 07/26/2020 - 00:09:10: -------- Mapchange to arena_byre --------
L 07/26/2020 - 00:09:22: [mapchooser_extended.smx] Loaded map list for tf.
L 07/26/2020 - 00:13:00: [basecommands.smx] "Nezzie♥<2><[U:1:107910185]><>" changed map to "arena_lumberyard"
L 07/26/2020 - 00:13:03: [SM] Changed map to "arena_lumberyard"
L 07/26/2020 - 00:13:05: -------- Mapchange to arena_lumberyard --------
L 07/26/2020 - 00:13:18: [mapchooser_extended.smx] Loaded map list for tf.
L 07/26/2020 - 00:16:06: [freak_fortress_2.smx] Freak Fortress 2 199001 Loading...
L 07/26/2020 - 00:16:06: [simple-chatprocessor.smx] [SCP] Recognized mod [Team Fortress 2].
L 07/26/2020 - 00:16:06: [simple-chatprocessor.smx] [SCP] Loading translation file [scp.tf.phrases].
L 07/26/2020 - 00:16:06: [mapchooser_extended.smx] Loaded map list for tf.
L 07/26/2020 - 00:16:09: [hpregeneration.smx] [HpRegeneration] - Loaded
L 07/26/2020 - 00:24:15: [freak_fortress_2.smx] Freak Fortress 2 199001 Loading...
L 07/26/2020 - 00:24:16: [simple-chatprocessor.smx] [SCP] Recognized mod [Team Fortress 2].
L 07/26/2020 - 00:24:16: [simple-chatprocessor.smx] [SCP] Loading translation file [scp.tf.phrases].
L 07/26/2020 - 00:24:16: [mapchooser_extended.smx] Loaded map list for tf.
L 07/26/2020 - 00:24:19: [hpregeneration.smx] [HpRegeneration] - Loaded
L 07/26/2020 - 00:25:37: [freak_fortress_2.smx] Freak Fortress 2 199001 Loading...
L 07/26/2020 - 00:25:37: [simple-chatprocessor.smx] [SCP] Recognized mod [Team Fortress 2].
L 07/26/2020 - 00:25:37: [simple-chatprocessor.smx] [SCP] Loading translation file [scp.tf.phrases].
L 07/26/2020 - 00:25:37: [mapchooser_extended.smx] Loaded map list for tf.
L 07/26/2020 - 00:25:40: [hpregeneration.smx] [HpRegeneration] - Loaded
L 07/26/2020 - 00:27:40: [freak_fortress_2.smx] Freak Fortress 2 199001 Loading...
L 07/26/2020 - 00:27:41: [simple-chatprocessor.smx] [SCP] Recognized mod [Team Fortress 2].
L 07/26/2020 - 00:27:41: [simple-chatprocessor.smx] [SCP] Loading translation file [scp.tf.phrases].
L 07/26/2020 - 00:27:41: [mapchooser_extended.smx] Loaded map list for tf.
L 07/26/2020 - 00:27:44: [hpregeneration.smx] [HpRegeneration] - Loaded
L 07/26/2020 - 00:33:26: [freak_fortress_2.smx] Freak Fortress 2 199001 Loading...
L 07/26/2020 - 00:33:26: [simple-chatprocessor.smx] [SCP] Recognized mod [Team Fortress 2].
L 07/26/2020 - 00:33:26: [simple-chatprocessor.smx] [SCP] Loading translation file [scp.tf.phrases].
L 07/26/2020 - 00:33:26: [mapchooser_extended.smx] Loaded map list for tf.
L 07/26/2020 - 00:33:29: [hpregeneration.smx] [HpRegeneration] - Loaded
L 07/26/2020 - 00:33:50: [mapchooser_extended.smx] Voting for next map has started.
L 07/26/2020 - 00:33:54: [respawn.smx] "Nezzie♥<2><[U:1:107910185]><>" respawned "Nezzie♥<2><[U:1:107910185]><>"
L 07/26/2020 - 00:35:38: [freak_fortress_2.smx] Freak Fortress 2 199001 Loading...
L 07/26/2020 - 00:35:38: [simple-chatprocessor.smx] [SCP] Recognized mod [Team Fortress 2].
L 07/26/2020 - 00:35:38: [simple-chatprocessor.smx] [SCP] Loading translation file [scp.tf.phrases].
L 07/26/2020 - 00:35:39: [mapchooser_extended.smx] Loaded map list for tf.
L 07/26/2020 - 00:35:42: [hpregeneration.smx] [HpRegeneration] - Loaded
L 07/26/2020 - 00:35:55: [mapchooser_extended.smx] Voting for next map has started.
L 07/26/2020 - 10:40:33: [SM] Changed map to "vsh_gyros_v5"
L 07/26/2020 - 10:40:38: -------- Mapchange to vsh_gyros_v5 --------
L 07/26/2020 - 10:40:49: [mapchooser_extended.smx] Loaded map list for tf.
L 07/26/2020 - 11:01:03: [mapchooser_extended.smx] Voting for next map has started.
L 07/26/2020 - 19:14:22: [basecommands.smx] "Nezzie♥<24><[U:1:107910185]><>" changed map to "arena_lumberyard"
L 07/26/2020 - 19:14:25: [SM] Changed map to "arena_lumberyard"
L 07/26/2020 - 19:14:27: -------- Mapchange to arena_lumberyard --------
L 07/26/2020 - 19:14:38: [mapchooser_extended.smx] Loaded map list for tf.
L 07/26/2020 - 19:16:10: [playercommands.smx] "Nezzie♥<24><[U:1:107910185]><>" slayed "Pow!<29><BOT><>"
L 07/26/2020 - 19:16:15: [playercommands.smx] "Nezzie♥<24><[U:1:107910185]><>" slayed "The Combine<28><BOT><>"
L 07/26/2020 - 19:18:10: [freak_fortress_2.smx] Freak Fortress 2 199001 Loading...
L 07/26/2020 - 19:18:11: [simple-chatprocessor.smx] [SCP] Recognized mod [Team Fortress 2].
L 07/26/2020 - 19:18:11: [simple-chatprocessor.smx] [SCP] Loading translation file [scp.tf.phrases].
L 07/26/2020 - 19:18:11: [mapchooser_extended.smx] Loaded map list for tf.
L 07/26/2020 - 19:18:14: [hpregeneration.smx] [HpRegeneration] - Loaded
L 07/26/2020 - 19:18:48: [playercommands.smx] "Nezzie♥<24><[U:1:107910185]><>" slayed "Pow!<29><BOT><>"
L 07/26/2020 - 19:18:53: [playercommands.smx] "Nezzie♥<24><[U:1:107910185]><>" slayed "The Combine<28><BOT><>"
L 07/26/2020 - 19:20:34: [funvotes.smx] "Nezzie♥<24><[U:1:107910185]><>" initiated a friendly fire vote.
L 07/26/2020 - 19:20:34: [funvotes.smx] Changing friendly fire to 1 due to vote.
L 07/26/2020 - 19:21:09: [playercommands.smx] "Nezzie♥<24><[U:1:107910185]><>" slayed "The Combine<28><BOT><>"
L 07/26/2020 - 19:27:46: [freak_fortress_2.smx] Freak Fortress 2 199001 Loading...
L 07/26/2020 - 19:27:46: [simple-chatprocessor.smx] [SCP] Recognized mod [Team Fortress 2].
L 07/26/2020 - 19:27:46: [simple-chatprocessor.smx] [SCP] Loading translation file [scp.tf.phrases].
L 07/26/2020 - 19:27:47: [mapchooser_extended.smx] Loaded map list for tf.
L 07/26/2020 - 19:27:50: [hpregeneration.smx] [HpRegeneration] - Loaded
L 07/26/2020 - 19:29:54: [freak_fortress_2.smx] Freak Fortress 2 199001 Loading...
L 07/26/2020 - 19:29:54: [simple-chatprocessor.smx] [SCP] Recognized mod [Team Fortress 2].
L 07/26/2020 - 19:29:54: [simple-chatprocessor.smx] [SCP] Loading translation file [scp.tf.phrases].
L 07/26/2020 - 19:29:54: [mapchooser_extended.smx] Loaded map list for tf.
L 07/26/2020 - 19:29:57: [hpregeneration.smx] [HpRegeneration] - Loaded
L 07/26/2020 - 19:34:29: [freak_fortress_2.smx] Freak Fortress 2 199001 Loading...
L 07/26/2020 - 19:34:30: [simple-chatprocessor.smx] [SCP] Recognized mod [Team Fortress 2].
L 07/26/2020 - 19:34:30: [simple-chatprocessor.smx] [SCP] Loading translation file [scp.tf.phrases].
L 07/26/2020 - 19:34:30: [mapchooser_extended.smx] Loaded map list for tf.
L 07/26/2020 - 19:34:33: [hpregeneration.smx] [HpRegeneration] - Loaded
L 07/26/2020 - 19:35:02: [mapchooser_extended.smx] Voting for next map has started.
L 07/26/2020 - 19:35:41: [freak_fortress_2.smx] Freak Fortress 2 199001 Loading...
L 07/26/2020 - 19:35:42: [simple-chatprocessor.smx] [SCP] Recognized mod [Team Fortress 2].
L 07/26/2020 - 19:35:42: [simple-chatprocessor.smx] [SCP] Loading translation file [scp.tf.phrases].
L 07/26/2020 - 19:35:42: [mapchooser_extended.smx] Loaded map list for tf.
L 07/26/2020 - 19:35:45: [hpregeneration.smx] [HpRegeneration] - Loaded
L 07/26/2020 - 19:35:58: [mapchooser_extended.smx] Voting for next map has started.
L 07/26/2020 - 19:44:00: [basechat.smx] "Console<0><Console><Console>" triggered sm_say (text The round time has ended, omaewa-mou shindeiru)
L 07/26/2020 - 19:44:00: [playercommands.smx] "Console<0><Console><Console>" slayed "Nezzie♥<24><[U:1:107910185]><>"
L 07/26/2020 - 19:44:00: [playercommands.smx] "Console<0><Console><Console>" slayed "The Combine<28><BOT><>"
L 07/26/2020 - 19:44:00: [playercommands.smx] "Console<0><Console><Console>" slayed "Pow!<29><BOT><>"
L 07/26/2020 - 19:44:00: [playercommands.smx] "Console<0><Console><Console>" slayed "THEM<30><BOT><>"
L 07/26/2020 - 19:46:11: [freak_fortress_2.smx] Freak Fortress 2 199001 Loading...
L 07/26/2020 - 19:46:12: [simple-chatprocessor.smx] [SCP] Recognized mod [Team Fortress 2].
L 07/26/2020 - 19:46:12: [simple-chatprocessor.smx] [SCP] Loading translation file [scp.tf.phrases].
L 07/26/2020 - 19:46:12: [mapchooser_extended.smx] Loaded map list for tf.
L 07/26/2020 - 19:46:15: [hpregeneration.smx] [HpRegeneration] - Loaded
L 07/26/2020 - 19:46:23: [basecommands.smx] "Nezzie♥<24><[U:1:107910185]><>" changed map to "arena_lumberyard"
L 07/26/2020 - 19:46:26: [SM] Changed map to "arena_lumberyard"
L 07/26/2020 - 19:46:28: -------- Mapchange to arena_lumberyard --------
L 07/26/2020 - 19:46:38: [mapchooser_extended.smx] Loaded map list for tf.
L 07/26/2020 - 19:50:19: [respawn.smx] "Nezzie♥<24><[U:1:107910185]><>" respawned "Nezzie♥<24><[U:1:107910185]><>"
L 07/26/2020 - 19:55:41: [freak_fortress_2.smx] Freak Fortress 2 199001 Loading...
L 07/26/2020 - 19:55:42: [simple-chatprocessor.smx] [SCP] Recognized mod [Team Fortress 2].
L 07/26/2020 - 19:55:42: [simple-chatprocessor.smx] [SCP] Loading translation file [scp.tf.phrases].
L 07/26/2020 - 19:55:42: [mapchooser_extended.smx] Loaded map list for tf.
L 07/26/2020 - 19:55:45: [hpregeneration.smx] [HpRegeneration] - Loaded
L 07/26/2020 - 20:04:10: [freak_fortress_2.smx] Freak Fortress 2 199001 Loading...
L 07/26/2020 - 20:04:10: [simple-chatprocessor.smx] [SCP] Recognized mod [Team Fortress 2].
L 07/26/2020 - 20:04:10: [simple-chatprocessor.smx] [SCP] Loading translation file [scp.tf.phrases].
L 07/26/2020 - 20:04:10: [mapchooser_extended.smx] Loaded map list for tf.
L 07/26/2020 - 20:04:13: [hpregeneration.smx] [HpRegeneration] - Loaded
L 07/26/2020 - 20:06:59: [mapchooser_extended.smx] Voting for next map has started.
L 07/26/2020 - 20:09:24: [freak_fortress_2.smx] Freak Fortress 2 199001 Loading...
L 07/26/2020 - 20:09:25: [simple-chatprocessor.smx] [SCP] Recognized mod [Team Fortress 2].
L 07/26/2020 - 20:09:25: [simple-chatprocessor.smx] [SCP] Loading translation file [scp.tf.phrases].
L 07/26/2020 - 20:09:25: [mapchooser_extended.smx] Loaded map list for tf.
L 07/26/2020 - 20:09:28: [hpregeneration.smx] [HpRegeneration] - Loaded
L 07/26/2020 - 20:09:41: [mapchooser_extended.smx] Voting for next map has started.
L 07/26/2020 - 20:09:46: [mapchooser_extended.smx] Voting for next map has finished. Nextmap: vsh_gyros_v5.
L 07/26/2020 - 20:10:43: [playercommands.smx] "Nezzie♥<24><[U:1:107910185]><>" slapped "Nezzie♥<24><[U:1:107910185]><>" (damage "20")
L 07/26/2020 - 20:10:44: [playercommands.smx] "Nezzie♥<24><[U:1:107910185]><>" slapped "Nezzie♥<24><[U:1:107910185]><>" (damage "20")
L 07/26/2020 - 20:10:44: [playercommands.smx] "Nezzie♥<24><[U:1:107910185]><>" slapped "Nezzie♥<24><[U:1:107910185]><>" (damage "20")
L 07/26/2020 - 20:10:45: [playercommands.smx] "Nezzie♥<24><[U:1:107910185]><>" slapped "Nezzie♥<24><[U:1:107910185]><>" (damage "20")
L 07/26/2020 - 20:10:46: [playercommands.smx] "Nezzie♥<24><[U:1:107910185]><>" slapped "Nezzie♥<24><[U:1:107910185]><>" (damage "20")
L 07/26/2020 - 20:11:19: [playercommands.smx] "Nezzie♥<24><[U:1:107910185]><>" slayed "10001011101<31><BOT><>"
L 07/26/2020 - 20:11:23: [respawn.smx] "Nezzie♥<24><[U:1:107910185]><>" respawned "Nezzie♥<24><[U:1:107910185]><>"
L 07/26/2020 - 20:13:24: [playercommands.smx] "Nezzie♥<24><[U:1:107910185]><>" slayed "ZAWMBEEZ<32><BOT><>"
L 07/26/2020 - 20:13:57: [playercommands.smx] "Nezzie♥<24><[U:1:107910185]><>" slayed "10001011101<31><BOT><>"
L 07/26/2020 - 20:17:31: [respawn.smx] "Nezzie♥<24><[U:1:107910185]><>" respawned "ZAWMBEEZ<32><BOT><>"
L 07/26/2020 - 20:17:37: [respawn.smx] "Nezzie♥<24><[U:1:107910185]><>" respawned "Nezzie♥<24><[U:1:107910185]><>"
L 07/26/2020 - 20:20:53: [basecommands.smx] "Nezzie♥<24><[U:1:107910185]><>" changed map to "arena_lumberyard"
L 07/26/2020 - 20:20:56: [SM] Changed map to "arena_lumberyard"
L 07/26/2020 - 20:20:58: -------- Mapchange to arena_lumberyard --------
L 07/26/2020 - 20:21:09: [mapchooser_extended.smx] Loaded map list for tf.
L 07/26/2020 - 20:22:41: [respawn.smx] "Nezzie♥<24><[U:1:107910185]><>" respawned "Nezzie♥<24><[U:1:107910185]><>"
L 07/26/2020 - 20:23:22: [freak_fortress_2.smx] Freak Fortress 2 199001 Loading...
L 07/26/2020 - 20:23:22: [simple-chatprocessor.smx] [SCP] Recognized mod [Team Fortress 2].
L 07/26/2020 - 20:23:22: [simple-chatprocessor.smx] [SCP] Loading translation file [scp.tf.phrases].
L 07/26/2020 - 20:23:23: [mapchooser_extended.smx] Loaded map list for tf.
L 07/26/2020 - 20:23:26: [hpregeneration.smx] [HpRegeneration] - Loaded
L 07/26/2020 - 20:24:12: [playercommands.smx] "Nezzie♥<24><[U:1:107910185]><>" slayed "NotMe<41><BOT><>"
L 07/26/2020 - 20:28:00: [freak_fortress_2.smx] Freak Fortress 2 199001 Loading...
L 07/26/2020 - 20:28:00: [simple-chatprocessor.smx] [SCP] Recognized mod [Team Fortress 2].
L 07/26/2020 - 20:28:00: [simple-chatprocessor.smx] [SCP] Loading translation file [scp.tf.phrases].
L 07/26/2020 - 20:28:00: [mapchooser_extended.smx] Loaded map list for tf.
L 07/26/2020 - 20:28:03: [hpregeneration.smx] [HpRegeneration] - Loaded
L 07/26/2020 - 20:28:58: [playercommands.smx] "Nezzie♥<24><[U:1:107910185]><>" slayed "test1<43><BOT><>"
L 07/26/2020 - 20:29:45: [freak_fortress_2.smx] Freak Fortress 2 199001 Loading...
L 07/26/2020 - 20:29:46: [simple-chatprocessor.smx] [SCP] Recognized mod [Team Fortress 2].
L 07/26/2020 - 20:29:46: [simple-chatprocessor.smx] [SCP] Loading translation file [scp.tf.phrases].
L 07/26/2020 - 20:29:46: [mapchooser_extended.smx] Loaded map list for tf.
L 07/26/2020 - 20:29:49: [hpregeneration.smx] [HpRegeneration] - Loaded
L 07/26/2020 - 20:31:21: [freak_fortress_2.smx] Freak Fortress 2 199001 Loading...
L 07/26/2020 - 20:31:21: [simple-chatprocessor.smx] [SCP] Recognized mod [Team Fortress 2].
L 07/26/2020 - 20:31:21: [simple-chatprocessor.smx] [SCP] Loading translation file [scp.tf.phrases].
L 07/26/2020 - 20:31:21: [mapchooser_extended.smx] Loaded map list for tf.
L 07/26/2020 - 20:31:24: [hpregeneration.smx] [HpRegeneration] - Loaded
L 07/26/2020 - 20:32:06: [respawn.smx] "Nezzie♥<24><[U:1:107910185]><>" respawned "Nezzie♥<24><[U:1:107910185]><>"
L 07/26/2020 - 20:33:05: [freak_fortress_2.smx] Freak Fortress 2 199001 Loading...
L 07/26/2020 - 20:33:06: [simple-chatprocessor.smx] [SCP] Recognized mod [Team Fortress 2].
L 07/26/2020 - 20:33:06: [simple-chatprocessor.smx] [SCP] Loading translation file [scp.tf.phrases].
L 07/26/2020 - 20:33:06: [mapchooser_extended.smx] Loaded map list for tf.
L 07/26/2020 - 20:33:09: [hpregeneration.smx] [HpRegeneration] - Loaded
L 07/26/2020 - 20:41:33: [mapchooser_extended.smx] Voting for next map has started.
L 07/27/2020 - 01:39:15: Log file closed.
