L 09/22/2020 - 13:32:54: SourceMod log file session started (file "/home/steamsrv/tf2/tf/addons/sourcemod/logs/L20200922.log") (Version "1.10.0.6490")
L 09/22/2020 - 13:32:54: [basecommands.smx] "Nezzie<149><[U:1:107910185]><>" changed map to "vsh_area_54tress_b4"
L 09/22/2020 - 13:32:57: [SM] Changed map to "vsh_area_54tress_b4"
L 09/22/2020 - 13:33:00: -------- Mapchange to vsh_area_54tress_b4 --------
L 09/22/2020 - 13:33:10: [mapchooser_extended.smx] Loaded map list for tf.
L 09/22/2020 - 13:37:04: [playercommands.smx] "Nezzie<149><[U:1:107910185]><>" slayed "GLaDOS<158><BOT><>"
L 09/22/2020 - 13:37:26: [playercommands.smx] "Nezzie<149><[U:1:107910185]><>" slayed "Headful of Eyeballs<159><BOT><>"
L 09/22/2020 - 13:37:27: [playercommands.smx] "Nezzie<149><[U:1:107910185]><>" slayed "HI THERE<157><BOT><>"
L 09/22/2020 - 13:37:27: [playercommands.smx] "Nezzie<149><[U:1:107910185]><>" slayed "AmNot<156><BOT><>"
L 09/22/2020 - 13:39:13: [funcommandsX.smx] Game detected as Team Fortress 2: Source (GAME_TF2)
L 09/22/2020 - 13:39:13: [simple-chatprocessor.smx] [SCP] Recognized mod [Team Fortress 2].
L 09/22/2020 - 13:39:13: [simple-chatprocessor.smx] [SCP] Loading translation file [scp.tf.phrases].
L 09/22/2020 - 13:39:14: [freak_fortress_2.smx] Freak Fortress 2 199001 Loading...
L 09/22/2020 - 13:39:14: [mapchooser_extended.smx] Loaded map list for tf.
L 09/22/2020 - 13:39:54: [playercommands.smx] "Nezzie<149><[U:1:107910185]><>" slayed "Headful of Eyeballs<159><BOT><>"
L 09/22/2020 - 13:41:08: [basecommands.smx] "Nezzie<149><[U:1:107910185]><>" changed map to "vsh_apg_v2_sg1"
L 09/22/2020 - 13:41:11: [SM] Changed map to "vsh_apg_v2_sg1"
L 09/22/2020 - 13:41:14: -------- Mapchange to vsh_apg_v2_sg1 --------
L 09/22/2020 - 13:41:25: [mapchooser_extended.smx] Loaded map list for tf.
L 09/22/2020 - 13:44:08: [playercommands.smx] "Nezzie<149><[U:1:107910185]><>" slayed "Aperture Science Prototype XR7<160><BOT><>"
L 09/22/2020 - 13:45:00: [playercommands.smx] "Nezzie<149><[U:1:107910185]><>" slayed "Saxton Hale<163><BOT><>"
L 09/22/2020 - 13:49:27: [funcommandsX.smx] Game detected as Team Fortress 2: Source (GAME_TF2)
L 09/22/2020 - 13:49:27: [simple-chatprocessor.smx] [SCP] Recognized mod [Team Fortress 2].
L 09/22/2020 - 13:49:27: [simple-chatprocessor.smx] [SCP] Loading translation file [scp.tf.phrases].
L 09/22/2020 - 13:49:28: [freak_fortress_2.smx] Freak Fortress 2 199001 Loading...
L 09/22/2020 - 13:49:28: [mapchooser_extended.smx] Loaded map list for tf.
L 09/22/2020 - 13:50:19: [playercommands.smx] "Nezzie<149><[U:1:107910185]><>" slayed "Screamin' Eagles<164><BOT><>"
L 09/22/2020 - 13:55:09: [playercommands.smx] "Nezzie<149><[U:1:107910185]><>" slayed "Screamin' Eagles<164><BOT><>"
L 09/22/2020 - 13:56:46: [funcommandsX.smx] Game detected as Team Fortress 2: Source (GAME_TF2)
L 09/22/2020 - 13:56:46: [simple-chatprocessor.smx] [SCP] Recognized mod [Team Fortress 2].
L 09/22/2020 - 13:56:46: [simple-chatprocessor.smx] [SCP] Loading translation file [scp.tf.phrases].
L 09/22/2020 - 13:56:47: [freak_fortress_2.smx] Freak Fortress 2 199001 Loading...
L 09/22/2020 - 13:56:47: [mapchooser_extended.smx] Loaded map list for tf.
L 09/22/2020 - 13:57:06: [playercommands.smx] "Nezzie<149><[U:1:107910185]><>" slayed "Screamin' Eagles<164><BOT><>"
L 09/22/2020 - 13:58:09: [funcommandsX.smx] Game detected as Team Fortress 2: Source (GAME_TF2)
L 09/22/2020 - 13:58:09: [simple-chatprocessor.smx] [SCP] Recognized mod [Team Fortress 2].
L 09/22/2020 - 13:58:09: [simple-chatprocessor.smx] [SCP] Loading translation file [scp.tf.phrases].
L 09/22/2020 - 13:58:09: [freak_fortress_2.smx] Freak Fortress 2 199001 Loading...
L 09/22/2020 - 13:58:10: [mapchooser_extended.smx] Loaded map list for tf.
L 09/22/2020 - 13:58:47: [playercommands.smx] "Nezzie<149><[U:1:107910185]><>" slayed "Screamin' Eagles<164><BOT><>"
L 09/22/2020 - 13:59:58: [funcommandsX.smx] Game detected as Team Fortress 2: Source (GAME_TF2)
L 09/22/2020 - 13:59:58: [simple-chatprocessor.smx] [SCP] Recognized mod [Team Fortress 2].
L 09/22/2020 - 13:59:58: [simple-chatprocessor.smx] [SCP] Loading translation file [scp.tf.phrases].
L 09/22/2020 - 13:59:58: [freak_fortress_2.smx] Freak Fortress 2 199001 Loading...
L 09/22/2020 - 13:59:58: [mapchooser_extended.smx] Loaded map list for tf.
L 09/22/2020 - 14:00:58: [playercommands.smx] "Nezzie<149><[U:1:107910185]><>" slayed "Screamin' Eagles<164><BOT><>"
L 09/22/2020 - 14:01:32: [funcommandsX.smx] "Nezzie<149><[U:1:107910185]><>" teleported "Screamin' Eagles<164><BOT><>"
L 09/22/2020 - 14:02:11: [playercommands.smx] "Nezzie<149><[U:1:107910185]><>" slayed "Screamin' Eagles<164><BOT><>"
L 09/22/2020 - 14:02:29: [mapchooser_extended.smx] Voting for next map has started.
L 09/22/2020 - 14:02:31: [mapchooser_extended.smx] Voting for next map has finished. Nextmap: vsh_nebula_rc1.
L 09/22/2020 - 14:03:17: [funcommandsX.smx] Game detected as Team Fortress 2: Source (GAME_TF2)
L 09/22/2020 - 14:03:17: [simple-chatprocessor.smx] [SCP] Recognized mod [Team Fortress 2].
L 09/22/2020 - 14:03:17: [simple-chatprocessor.smx] [SCP] Loading translation file [scp.tf.phrases].
L 09/22/2020 - 14:03:18: [freak_fortress_2.smx] Freak Fortress 2 199001 Loading...
L 09/22/2020 - 14:03:18: [mapchooser_extended.smx] Loaded map list for tf.
L 09/22/2020 - 14:03:34: [mapchooser_extended.smx] Voting for next map has started.
L 09/22/2020 - 14:03:35: [mapchooser_extended.smx] Voting for next map has finished. Nextmap: vsh_mountainbash_v3_sg1.
L 09/22/2020 - 14:03:39: [playercommands.smx] "Nezzie<149><[U:1:107910185]><>" slayed "Screamin' Eagles<164><BOT><>"
L 09/22/2020 - 14:05:26: [funcommandsX.smx] Game detected as Team Fortress 2: Source (GAME_TF2)
L 09/22/2020 - 14:05:26: [simple-chatprocessor.smx] [SCP] Recognized mod [Team Fortress 2].
L 09/22/2020 - 14:05:26: [simple-chatprocessor.smx] [SCP] Loading translation file [scp.tf.phrases].
L 09/22/2020 - 14:05:26: [freak_fortress_2.smx] Freak Fortress 2 199001 Loading...
L 09/22/2020 - 14:05:27: [mapchooser_extended.smx] Loaded map list for tf.
L 09/22/2020 - 14:05:31: [basecommands.smx] "Nezzie<149><[U:1:107910185]><>" kicked "Screamin' Eagles<164><BOT><>" (reason "")
L 09/22/2020 - 14:05:43: [mapchooser_extended.smx] Voting for next map has started.
L 09/22/2020 - 14:05:44: [mapchooser_extended.smx] Voting for next map has finished. Nextmap: vsh_jealo_rc2.
L 09/22/2020 - 14:05:46: [playercommands.smx] "Nezzie<149><[U:1:107910185]><>" slayed "Maggot<166><BOT><>"
L 09/22/2020 - 14:07:35: [playercommands.smx] "Nezzie<149><[U:1:107910185]><>" slayed "Maggot<166><BOT><>"
L 09/22/2020 - 14:08:34: [funcommandsX.smx] Game detected as Team Fortress 2: Source (GAME_TF2)
L 09/22/2020 - 14:08:34: [simple-chatprocessor.smx] [SCP] Recognized mod [Team Fortress 2].
L 09/22/2020 - 14:08:34: [simple-chatprocessor.smx] [SCP] Loading translation file [scp.tf.phrases].
L 09/22/2020 - 14:08:35: [freak_fortress_2.smx] Freak Fortress 2 199001 Loading...
L 09/22/2020 - 14:08:35: [mapchooser_extended.smx] Loaded map list for tf.
L 09/22/2020 - 14:08:37: [playercommands.smx] "Nezzie<149><[U:1:107910185]><>" slayed "Maggot<166><BOT><>"
L 09/22/2020 - 14:08:38: [playercommands.smx] "Nezzie<149><[U:1:107910185]><>" slayed "Maggot<166><BOT><>"
L 09/22/2020 - 14:08:38: [playercommands.smx] "Nezzie<149><[U:1:107910185]><>" slayed "Maggot<166><BOT><>"
L 09/22/2020 - 14:08:39: [playercommands.smx] "Nezzie<149><[U:1:107910185]><>" slayed "Maggot<166><BOT><>"
L 09/22/2020 - 14:08:51: [mapchooser_extended.smx] Voting for next map has started.
L 09/22/2020 - 14:08:54: [mapchooser_extended.smx] Voting for next map has finished. Nextmap: vsh_skyhigh_resort_b8_sg4.
L 09/22/2020 - 14:08:56: [playercommands.smx] "Nezzie<149><[U:1:107910185]><>" slayed "Maggot<166><BOT><>"
L 09/22/2020 - 14:12:32: [basecommands.smx] "Nezzie<149><[U:1:107910185]><>" changed map to "vsh_area_54tress_b4"
L 09/22/2020 - 14:12:36: [SM] Changed map to "vsh_area_54tress_b4"
L 09/22/2020 - 14:12:39: -------- Mapchange to vsh_area_54tress_b4 --------
L 09/22/2020 - 14:12:50: [mapchooser_extended.smx] Loaded map list for tf.
L 09/22/2020 - 14:20:22: [playercommands.smx] "Nezzie<149><[U:1:107910185]><>" slayed "Herr Doktor<167><BOT><>"
L 09/22/2020 - 14:21:08: [respawn.smx] "Nezzie<149><[U:1:107910185]><>" respawned "Nezzie<149><[U:1:107910185]><>"
L 09/22/2020 - 14:33:06: [mapchooser_extended.smx] Voting for next map has started.
L 09/22/2020 - 14:33:14: [mapchooser_extended.smx] Voting for next map has started.
L 09/22/2020 - 14:33:28: [mapchooser_extended.smx] Voting for next map has finished. Nextmap: vsh_crevice_b5.
L 09/22/2020 - 14:43:19: [SM] Changed map to "vsh_crevice_b5"
L 09/22/2020 - 14:43:22: -------- Mapchange to vsh_crevice_b5 --------
L 09/22/2020 - 14:43:34: [mapchooser_extended.smx] Loaded map list for tf.
L 09/22/2020 - 15:03:48: [mapchooser_extended.smx] Voting for next map has started.
L 09/22/2020 - 15:09:25: [basecommands.smx] "Nezzie<170><[U:1:107910185]><>" changed map to "vsh_gyros_v5"
L 09/22/2020 - 15:09:28: [SM] Changed map to "vsh_gyros_v5"
L 09/22/2020 - 15:09:32: -------- Mapchange to vsh_gyros_v5 --------
L 09/22/2020 - 15:09:43: [mapchooser_extended.smx] Loaded map list for tf.
L 09/22/2020 - 15:11:04: [basecommands.smx] "Nezzie<170><[U:1:107910185]><>" changed map to "vsh_gyros_v5"
L 09/22/2020 - 15:11:07: [SM] Changed map to "vsh_gyros_v5"
L 09/22/2020 - 15:11:10: -------- Mapchange to vsh_gyros_v5 --------
L 09/22/2020 - 15:11:20: [mapchooser_extended.smx] Loaded map list for tf.
L 09/22/2020 - 15:12:09: [playercommands.smx] "Nezzie<170><[U:1:107910185]><>" slayed "I LIVE!<173><BOT><>"
L 09/22/2020 - 15:15:08: [playercommands.smx] "Nezzie<174><[U:1:107910185]><>" slayed "trigger_hurt<175><BOT><>"
L 09/22/2020 - 15:19:31: [basecommands.smx] "Nezzie<174><[U:1:107910185]><>" changed map to "vsh_nebula_rc1"
L 09/22/2020 - 15:19:34: [SM] Changed map to "vsh_nebula_rc1"
L 09/22/2020 - 15:19:38: -------- Mapchange to vsh_nebula_rc1 --------
L 09/22/2020 - 15:19:49: [mapchooser_extended.smx] Loaded map list for tf.
L 09/22/2020 - 15:29:14: [basecommands.smx] "Nezzie<174><[U:1:107910185]><>" changed map to "vsh_dirtmound_b9"
L 09/22/2020 - 15:29:17: [SM] Changed map to "vsh_dirtmound_b9"
L 09/22/2020 - 15:29:20: -------- Mapchange to vsh_dirtmound_b9 --------
L 09/22/2020 - 15:29:31: [mapchooser_extended.smx] Loaded map list for tf.
L 09/22/2020 - 15:33:23: SourceMod log file session started (file "/home/steamsrv/tf2/tf/addons/sourcemod/logs/L20200922.log") (Version "1.10.0.6490")
L 09/22/2020 - 15:33:23: [TF2ITEMS] "GiveNamedItem" offset = 484
L 09/22/2020 - 15:33:24: [funcommandsX.smx] Game detected as Team Fortress 2: Source (GAME_TF2)
L 09/22/2020 - 15:33:24: [simple-chatprocessor.smx] [SCP] Recognized mod [Team Fortress 2].
L 09/22/2020 - 15:33:24: [simple-chatprocessor.smx] [SCP] Loading translation file [scp.tf.phrases].
L 09/22/2020 - 15:33:24: [freak_fortress_2.smx] Freak Fortress 2 199001 Loading...
L 09/22/2020 - 15:33:43: [mapchooser_extended.smx] Loaded map list for tf.
L 09/22/2020 - 15:37:35: [basecommands.smx] "Nezzie<2><[U:1:107910185]><>" changed map to "vsh_castle_siege_unreal_sg1"
L 09/22/2020 - 15:37:38: [SM] Changed map to "vsh_castle_siege_unreal_sg1"
L 09/22/2020 - 15:37:40: -------- Mapchange to vsh_castle_siege_unreal_sg1 --------
L 09/22/2020 - 15:37:49: [mapchooser_extended.smx] Loaded map list for tf.
L 09/22/2020 - 15:56:56: [basecommands.smx] "Nezzie<3><[U:1:107910185]><>" changed map to "vsh_cairo_pyramid_v4"
L 09/22/2020 - 15:56:59: [SM] Changed map to "vsh_cairo_pyramid_v4"
L 09/22/2020 - 15:57:02: -------- Mapchange to vsh_cairo_pyramid_v4 --------
L 09/22/2020 - 15:57:12: [mapchooser_extended.smx] Loaded map list for tf.
L 09/22/2020 - 16:02:21: [funcommandsX.smx] Game detected as Team Fortress 2: Source (GAME_TF2)
L 09/22/2020 - 16:02:21: [simple-chatprocessor.smx] [SCP] Recognized mod [Team Fortress 2].
L 09/22/2020 - 16:02:21: [simple-chatprocessor.smx] [SCP] Loading translation file [scp.tf.phrases].
L 09/22/2020 - 16:02:22: [freak_fortress_2.smx] Freak Fortress 2 199001 Loading...
L 09/22/2020 - 16:02:22: [mapchooser_extended.smx] Loaded map list for tf.
L 09/22/2020 - 16:03:18: [funcommandsX.smx] "Nezzie<3><[U:1:107910185]><>" teleported "One-Man Cheeseburger Apocalypse<5><BOT><>"
L 09/22/2020 - 16:03:56: [funcommandsX.smx] "Nezzie<3><[U:1:107910185]><>" teleported "One-Man Cheeseburger Apocalypse<5><BOT><>"
L 09/22/2020 - 16:04:41: [funcommandsX.smx] "Nezzie<3><[U:1:107910185]><>" teleported "One-Man Cheeseburger Apocalypse<5><BOT><>"
L 09/22/2020 - 16:12:35: [basechat.smx] "Console<0><Console><Console>" triggered sm_say (text The round time has ended, omaewa-mou shindeiru)
L 09/22/2020 - 16:12:35: [playercommands.smx] "Console<0><Console><Console>" slayed "Nezzie<3><[U:1:107910185]><>"
L 09/22/2020 - 16:12:35: [playercommands.smx] "Console<0><Console><Console>" slayed "One-Man Cheeseburger Apocalypse<5><BOT><>"
L 09/22/2020 - 16:17:29: [mapchooser_extended.smx] Voting for next map has started.
L 09/22/2020 - 16:17:56: [mapchooser_extended.smx] Voting for next map has started.
L 09/22/2020 - 16:18:16: [mapchooser_extended.smx] Voting for next map has finished. Nextmap: vsh_yammoe_rc3.
L 09/22/2020 - 16:27:38: [SM] Changed map to "vsh_yammoe_rc3"
L 09/22/2020 - 16:27:43: -------- Mapchange to vsh_yammoe_rc3 --------
L 09/22/2020 - 16:27:53: [mapchooser_extended.smx] Loaded map list for tf.
L 09/22/2020 - 16:48:11: [mapchooser_extended.smx] Voting for next map has started.
L 09/22/2020 - 19:25:11: [SM] Changed map to "vsh_Hakurei_Winter_v2"
L 09/22/2020 - 19:25:16: -------- Mapchange to vsh_Hakurei_Winter_v2 --------
L 09/22/2020 - 19:25:26: [mapchooser_extended.smx] Loaded map list for tf.
L 09/22/2020 - 19:25:51: [nominations_extended.smx] DWW nominated vsh_abandoned_warehouse_final_v3
L 09/22/2020 - 19:45:44: [mapchooser_extended.smx] Voting for next map has started.
L 09/22/2020 - 19:52:18: [basecommands.smx] "Nezzie<12><[U:1:107910185]><>" changed map to "vsh_egyptyspot_v2"
L 09/22/2020 - 19:52:21: [SM] Changed map to "vsh_egyptyspot_v2"
L 09/22/2020 - 19:52:23: -------- Mapchange to vsh_egyptyspot_v2 --------
L 09/22/2020 - 19:52:33: [mapchooser_extended.smx] Loaded map list for tf.
L 09/22/2020 - 20:00:06: [basecommands.smx] "Nezzie<12><[U:1:107910185]><>" changed map to "vsh_dunger_b2a"
L 09/22/2020 - 20:00:09: [SM] Changed map to "vsh_dunger_b2a"
L 09/22/2020 - 20:00:15: -------- Mapchange to vsh_dunger_b2a --------
L 09/22/2020 - 20:00:31: [mapchooser_extended.smx] Loaded map list for tf.
L 09/22/2020 - 20:09:47: [basecommands.smx] "Nezzie<12><[U:1:107910185]><>" changed map to "vsh_apg_v2_sg1"
L 09/22/2020 - 20:09:50: [SM] Changed map to "vsh_apg_v2_sg1"
L 09/22/2020 - 20:09:55: -------- Mapchange to vsh_apg_v2_sg1 --------
L 09/22/2020 - 20:10:11: [mapchooser_extended.smx] Loaded map list for tf.
L 09/22/2020 - 20:30:29: [mapchooser_extended.smx] Voting for next map has started.
L 09/23/2020 - 20:31:16: Log file closed.
