L 09/18/2020 - 14:23:13: SourceMod log file session started (file "/home/steamsrv/tf2/tf/addons/sourcemod/logs/L20200918.log") (Version "1.10.0.6490")
L 09/18/2020 - 14:23:13: [SM] Changed map to "vsh_nebula_rc1"
L 09/18/2020 - 14:23:16: -------- Mapchange to vsh_nebula_rc1 --------
L 09/18/2020 - 14:23:26: [mapchooser_extended.smx] Loaded map list for tf.
L 09/18/2020 - 14:25:31: [respawn.smx] "Nezzie<94><[U:1:107910185]><>" respawned "Nezzie<94><[U:1:107910185]><>"
L 09/18/2020 - 14:26:01: [playercommands.smx] "Nezzie<94><[U:1:107910185]><>" slayed "Mega Baboon<102><BOT><>"
L 09/18/2020 - 14:37:25: [respawn.smx] "Nezzie<94><[U:1:107910185]><>" respawned "Nezzie<94><[U:1:107910185]><>"
L 09/18/2020 - 14:43:51: [mapchooser_extended.smx] Voting for next map has started.
L 09/18/2020 - 15:54:47: [SM] Changed map to "vsh_cairo_pyramid_v4"
L 09/18/2020 - 15:54:48: -------- Mapchange to vsh_cairo_pyramid_v4 --------
L 09/18/2020 - 15:54:58: [mapchooser_extended.smx] Loaded map list for tf.
L 09/18/2020 - 15:59:36: [funcommands.smx] "Nezzie<107><[U:1:107910185]><>" set a TimeBomb on "Nezzie<107><[U:1:107910185]><>"
L 09/18/2020 - 15:59:36: [funcommands.smx] "Nezzie<107><[U:1:107910185]><>" set a TimeBomb on "DWW<108><[U:1:172008346]><>"
L 09/18/2020 - 15:59:36: [funcommands.smx] "Nezzie<107><[U:1:107910185]><>" set a TimeBomb on "joshyy²<109><[U:1:864580249]><>"
L 09/18/2020 - 15:59:46: [funcommands.smx] "Nezzie<107><[U:1:107910185]><>" removed a TimeBomb on "Nezzie<107><[U:1:107910185]><>"
L 09/18/2020 - 15:59:46: [funcommands.smx] "Nezzie<107><[U:1:107910185]><>" removed a TimeBomb on "DWW<108><[U:1:172008346]><>"
L 09/18/2020 - 15:59:46: [funcommands.smx] "Nezzie<107><[U:1:107910185]><>" removed a TimeBomb on "joshyy²<109><[U:1:864580249]><>"
L 09/18/2020 - 16:01:16: [playercommands.smx] "Nezzie<107><[U:1:107910185]><>" slayed "Nezzie<107><[U:1:107910185]><>"
L 09/18/2020 - 16:01:16: [playercommands.smx] "Nezzie<107><[U:1:107910185]><>" slayed "DWW<108><[U:1:172008346]><>"
L 09/18/2020 - 16:01:57: [playercommands.smx] "Nezzie<107><[U:1:107910185]><>" slapped "DWW<108><[U:1:172008346]><>" (damage "0")
L 09/18/2020 - 16:01:58: [playercommands.smx] "Nezzie<107><[U:1:107910185]><>" slapped "DWW<108><[U:1:172008346]><>" (damage "0")
L 09/18/2020 - 16:01:58: [playercommands.smx] "Nezzie<107><[U:1:107910185]><>" slapped "DWW<108><[U:1:172008346]><>" (damage "0")
L 09/18/2020 - 16:01:58: [playercommands.smx] "Nezzie<107><[U:1:107910185]><>" slapped "DWW<108><[U:1:172008346]><>" (damage "0")
L 09/18/2020 - 16:01:58: [playercommands.smx] "Nezzie<107><[U:1:107910185]><>" slapped "DWW<108><[U:1:172008346]><>" (damage "0")
L 09/18/2020 - 16:01:58: [playercommands.smx] "Nezzie<107><[U:1:107910185]><>" slapped "DWW<108><[U:1:172008346]><>" (damage "0")
L 09/18/2020 - 16:01:59: [playercommands.smx] "Nezzie<107><[U:1:107910185]><>" slapped "DWW<108><[U:1:172008346]><>" (damage "0")
L 09/18/2020 - 16:01:59: [playercommands.smx] "Nezzie<107><[U:1:107910185]><>" slapped "DWW<108><[U:1:172008346]><>" (damage "0")
L 09/18/2020 - 16:01:59: [playercommands.smx] "Nezzie<107><[U:1:107910185]><>" slapped "DWW<108><[U:1:172008346]><>" (damage "0")
L 09/18/2020 - 16:01:59: [playercommands.smx] "Nezzie<107><[U:1:107910185]><>" slapped "DWW<108><[U:1:172008346]><>" (damage "0")
L 09/18/2020 - 16:01:59: [playercommands.smx] "Nezzie<107><[U:1:107910185]><>" slapped "DWW<108><[U:1:172008346]><>" (damage "0")
L 09/18/2020 - 16:01:59: [playercommands.smx] "Nezzie<107><[U:1:107910185]><>" slapped "DWW<108><[U:1:172008346]><>" (damage "0")
L 09/18/2020 - 16:02:00: [playercommands.smx] "Nezzie<107><[U:1:107910185]><>" slapped "DWW<108><[U:1:172008346]><>" (damage "0")
L 09/18/2020 - 16:02:00: [playercommands.smx] "Nezzie<107><[U:1:107910185]><>" slapped "DWW<108><[U:1:172008346]><>" (damage "0")
L 09/18/2020 - 16:02:00: [playercommands.smx] "Nezzie<107><[U:1:107910185]><>" slapped "DWW<108><[U:1:172008346]><>" (damage "0")
L 09/18/2020 - 16:02:00: [playercommands.smx] "Nezzie<107><[U:1:107910185]><>" slapped "DWW<108><[U:1:172008346]><>" (damage "0")
L 09/18/2020 - 16:02:00: [playercommands.smx] "Nezzie<107><[U:1:107910185]><>" slapped "DWW<108><[U:1:172008346]><>" (damage "0")
L 09/18/2020 - 16:02:00: [playercommands.smx] "Nezzie<107><[U:1:107910185]><>" slapped "DWW<108><[U:1:172008346]><>" (damage "0")
L 09/18/2020 - 16:02:00: [playercommands.smx] "Nezzie<107><[U:1:107910185]><>" slapped "DWW<108><[U:1:172008346]><>" (damage "0")
L 09/18/2020 - 16:02:01: [playercommands.smx] "Nezzie<107><[U:1:107910185]><>" slapped "DWW<108><[U:1:172008346]><>" (damage "0")
L 09/18/2020 - 16:02:01: [playercommands.smx] "Nezzie<107><[U:1:107910185]><>" slapped "DWW<108><[U:1:172008346]><>" (damage "0")
L 09/18/2020 - 16:02:01: [playercommands.smx] "Nezzie<107><[U:1:107910185]><>" slapped "DWW<108><[U:1:172008346]><>" (damage "0")
L 09/18/2020 - 16:02:02: [playercommands.smx] "Nezzie<107><[U:1:107910185]><>" slapped "DWW<108><[U:1:172008346]><>" (damage "0")
L 09/18/2020 - 16:02:03: [playercommands.smx] "Nezzie<107><[U:1:107910185]><>" slapped "DWW<108><[U:1:172008346]><>" (damage "0")
L 09/18/2020 - 16:02:03: [playercommands.smx] "Nezzie<107><[U:1:107910185]><>" slapped "DWW<108><[U:1:172008346]><>" (damage "0")
L 09/18/2020 - 16:02:03: [playercommands.smx] "Nezzie<107><[U:1:107910185]><>" slapped "DWW<108><[U:1:172008346]><>" (damage "0")
L 09/18/2020 - 16:02:03: [playercommands.smx] "Nezzie<107><[U:1:107910185]><>" slapped "DWW<108><[U:1:172008346]><>" (damage "0")
L 09/18/2020 - 16:02:03: [playercommands.smx] "Nezzie<107><[U:1:107910185]><>" slapped "DWW<108><[U:1:172008346]><>" (damage "0")
L 09/18/2020 - 16:02:03: [playercommands.smx] "Nezzie<107><[U:1:107910185]><>" slapped "DWW<108><[U:1:172008346]><>" (damage "0")
L 09/18/2020 - 16:02:03: [playercommands.smx] "Nezzie<107><[U:1:107910185]><>" slapped "DWW<108><[U:1:172008346]><>" (damage "0")
L 09/18/2020 - 16:02:03: [playercommands.smx] "Nezzie<107><[U:1:107910185]><>" slapped "DWW<108><[U:1:172008346]><>" (damage "0")
L 09/18/2020 - 16:02:04: [playercommands.smx] "Nezzie<107><[U:1:107910185]><>" slapped "DWW<108><[U:1:172008346]><>" (damage "0")
L 09/18/2020 - 16:02:04: [playercommands.smx] "Nezzie<107><[U:1:107910185]><>" slapped "DWW<108><[U:1:172008346]><>" (damage "0")
L 09/18/2020 - 16:02:04: [playercommands.smx] "Nezzie<107><[U:1:107910185]><>" slapped "DWW<108><[U:1:172008346]><>" (damage "0")
L 09/18/2020 - 16:02:04: [playercommands.smx] "Nezzie<107><[U:1:107910185]><>" slapped "DWW<108><[U:1:172008346]><>" (damage "0")
L 09/18/2020 - 16:02:04: [playercommands.smx] "Nezzie<107><[U:1:107910185]><>" slapped "DWW<108><[U:1:172008346]><>" (damage "0")
L 09/18/2020 - 16:02:04: [playercommands.smx] "Nezzie<107><[U:1:107910185]><>" slapped "DWW<108><[U:1:172008346]><>" (damage "0")
L 09/18/2020 - 16:02:04: [playercommands.smx] "Nezzie<107><[U:1:107910185]><>" slapped "DWW<108><[U:1:172008346]><>" (damage "0")
L 09/18/2020 - 16:02:08: [playercommands.smx] "Nezzie<107><[U:1:107910185]><>" slapped "LunaTics<110><[U:1:172555002]><>" (damage "0")
L 09/18/2020 - 16:02:09: [playercommands.smx] "Nezzie<107><[U:1:107910185]><>" slapped "LunaTics<110><[U:1:172555002]><>" (damage "0")
L 09/18/2020 - 16:02:11: [playercommands.smx] "Nezzie<107><[U:1:107910185]><>" slapped "LunaTics<110><[U:1:172555002]><>" (damage "0")
L 09/18/2020 - 16:02:11: [playercommands.smx] "Nezzie<107><[U:1:107910185]><>" slapped "LunaTics<110><[U:1:172555002]><>" (damage "0")
L 09/18/2020 - 16:02:11: [playercommands.smx] "Nezzie<107><[U:1:107910185]><>" slapped "LunaTics<110><[U:1:172555002]><>" (damage "0")
L 09/18/2020 - 16:02:11: [playercommands.smx] "Nezzie<107><[U:1:107910185]><>" slapped "LunaTics<110><[U:1:172555002]><>" (damage "0")
L 09/18/2020 - 16:02:12: [playercommands.smx] "Nezzie<107><[U:1:107910185]><>" slapped "LunaTics<110><[U:1:172555002]><>" (damage "0")
L 09/18/2020 - 16:02:12: [playercommands.smx] "Nezzie<107><[U:1:107910185]><>" slapped "LunaTics<110><[U:1:172555002]><>" (damage "0")
L 09/18/2020 - 16:02:12: [playercommands.smx] "Nezzie<107><[U:1:107910185]><>" slapped "LunaTics<110><[U:1:172555002]><>" (damage "0")
L 09/18/2020 - 16:02:12: [playercommands.smx] "Nezzie<107><[U:1:107910185]><>" slapped "LunaTics<110><[U:1:172555002]><>" (damage "0")
L 09/18/2020 - 16:02:12: [playercommands.smx] "Nezzie<107><[U:1:107910185]><>" slapped "LunaTics<110><[U:1:172555002]><>" (damage "0")
L 09/18/2020 - 16:02:19: [playercommands.smx] "Nezzie<107><[U:1:107910185]><>" slapped "LunaTics<110><[U:1:172555002]><>" (damage "0")
L 09/18/2020 - 16:02:19: [playercommands.smx] "Nezzie<107><[U:1:107910185]><>" slapped "LunaTics<110><[U:1:172555002]><>" (damage "0")
L 09/18/2020 - 16:02:19: [playercommands.smx] "Nezzie<107><[U:1:107910185]><>" slapped "LunaTics<110><[U:1:172555002]><>" (damage "0")
L 09/18/2020 - 16:02:19: [playercommands.smx] "Nezzie<107><[U:1:107910185]><>" slapped "LunaTics<110><[U:1:172555002]><>" (damage "0")
L 09/18/2020 - 16:02:20: [playercommands.smx] "Nezzie<107><[U:1:107910185]><>" slapped "LunaTics<110><[U:1:172555002]><>" (damage "0")
L 09/18/2020 - 16:02:20: [playercommands.smx] "Nezzie<107><[U:1:107910185]><>" slapped "LunaTics<110><[U:1:172555002]><>" (damage "0")
L 09/18/2020 - 16:02:20: [playercommands.smx] "Nezzie<107><[U:1:107910185]><>" slapped "LunaTics<110><[U:1:172555002]><>" (damage "0")
L 09/18/2020 - 16:02:20: [playercommands.smx] "Nezzie<107><[U:1:107910185]><>" slapped "LunaTics<110><[U:1:172555002]><>" (damage "0")
L 09/18/2020 - 16:02:20: [playercommands.smx] "Nezzie<107><[U:1:107910185]><>" slapped "LunaTics<110><[U:1:172555002]><>" (damage "0")
L 09/18/2020 - 16:02:20: [playercommands.smx] "Nezzie<107><[U:1:107910185]><>" slapped "LunaTics<110><[U:1:172555002]><>" (damage "0")
L 09/18/2020 - 16:02:20: [playercommands.smx] "Nezzie<107><[U:1:107910185]><>" slapped "LunaTics<110><[U:1:172555002]><>" (damage "0")
L 09/18/2020 - 16:02:22: [playercommands.smx] "Nezzie<107><[U:1:107910185]><>" slapped "LunaTics<110><[U:1:172555002]><>" (damage "0")
L 09/18/2020 - 16:02:22: [playercommands.smx] "Nezzie<107><[U:1:107910185]><>" slapped "LunaTics<110><[U:1:172555002]><>" (damage "0")
L 09/18/2020 - 16:02:22: [playercommands.smx] "Nezzie<107><[U:1:107910185]><>" slapped "LunaTics<110><[U:1:172555002]><>" (damage "0")
L 09/18/2020 - 16:02:22: [playercommands.smx] "Nezzie<107><[U:1:107910185]><>" slapped "LunaTics<110><[U:1:172555002]><>" (damage "0")
L 09/18/2020 - 16:02:22: [playercommands.smx] "Nezzie<107><[U:1:107910185]><>" slapped "LunaTics<110><[U:1:172555002]><>" (damage "0")
L 09/18/2020 - 16:02:22: [playercommands.smx] "Nezzie<107><[U:1:107910185]><>" slapped "LunaTics<110><[U:1:172555002]><>" (damage "0")
L 09/18/2020 - 16:02:22: [playercommands.smx] "Nezzie<107><[U:1:107910185]><>" slapped "LunaTics<110><[U:1:172555002]><>" (damage "0")
L 09/18/2020 - 16:02:23: [playercommands.smx] "Nezzie<107><[U:1:107910185]><>" slapped "LunaTics<110><[U:1:172555002]><>" (damage "0")
L 09/18/2020 - 16:02:23: [playercommands.smx] "Nezzie<107><[U:1:107910185]><>" slapped "LunaTics<110><[U:1:172555002]><>" (damage "0")
L 09/18/2020 - 16:02:23: [playercommands.smx] "Nezzie<107><[U:1:107910185]><>" slapped "LunaTics<110><[U:1:172555002]><>" (damage "0")
L 09/18/2020 - 16:02:23: [playercommands.smx] "Nezzie<107><[U:1:107910185]><>" slapped "LunaTics<110><[U:1:172555002]><>" (damage "0")
L 09/18/2020 - 16:02:27: [playercommands.smx] "Nezzie<107><[U:1:107910185]><>" slapped "LunaTics<110><[U:1:172555002]><>" (damage "0")
L 09/18/2020 - 16:02:28: [playercommands.smx] "Nezzie<107><[U:1:107910185]><>" slapped "LunaTics<110><[U:1:172555002]><>" (damage "0")
L 09/18/2020 - 16:02:28: [playercommands.smx] "Nezzie<107><[U:1:107910185]><>" slapped "LunaTics<110><[U:1:172555002]><>" (damage "0")
L 09/18/2020 - 16:02:28: [playercommands.smx] "Nezzie<107><[U:1:107910185]><>" slapped "LunaTics<110><[U:1:172555002]><>" (damage "0")
L 09/18/2020 - 16:02:28: [playercommands.smx] "Nezzie<107><[U:1:107910185]><>" slapped "LunaTics<110><[U:1:172555002]><>" (damage "0")
L 09/18/2020 - 16:02:28: [playercommands.smx] "Nezzie<107><[U:1:107910185]><>" slapped "LunaTics<110><[U:1:172555002]><>" (damage "0")
L 09/18/2020 - 16:02:28: [playercommands.smx] "Nezzie<107><[U:1:107910185]><>" slapped "LunaTics<110><[U:1:172555002]><>" (damage "0")
L 09/18/2020 - 16:02:28: [playercommands.smx] "Nezzie<107><[U:1:107910185]><>" slapped "LunaTics<110><[U:1:172555002]><>" (damage "0")
L 09/18/2020 - 16:02:41: [playercommands.smx] "Nezzie<107><[U:1:107910185]><>" slapped "LunaTics<110><[U:1:172555002]><>" (damage "0")
L 09/18/2020 - 16:02:41: [playercommands.smx] "Nezzie<107><[U:1:107910185]><>" slapped "LunaTics<110><[U:1:172555002]><>" (damage "0")
L 09/18/2020 - 16:02:41: [playercommands.smx] "Nezzie<107><[U:1:107910185]><>" slapped "LunaTics<110><[U:1:172555002]><>" (damage "0")
L 09/18/2020 - 16:02:41: [playercommands.smx] "Nezzie<107><[U:1:107910185]><>" slapped "LunaTics<110><[U:1:172555002]><>" (damage "0")
L 09/18/2020 - 16:02:42: [playercommands.smx] "Nezzie<107><[U:1:107910185]><>" slapped "LunaTics<110><[U:1:172555002]><>" (damage "0")
L 09/18/2020 - 16:02:42: [playercommands.smx] "Nezzie<107><[U:1:107910185]><>" slapped "LunaTics<110><[U:1:172555002]><>" (damage "0")
L 09/18/2020 - 16:02:42: [playercommands.smx] "Nezzie<107><[U:1:107910185]><>" slapped "LunaTics<110><[U:1:172555002]><>" (damage "0")
L 09/18/2020 - 16:02:42: [playercommands.smx] "Nezzie<107><[U:1:107910185]><>" slapped "LunaTics<110><[U:1:172555002]><>" (damage "0")
L 09/18/2020 - 16:02:42: [playercommands.smx] "Nezzie<107><[U:1:107910185]><>" slapped "LunaTics<110><[U:1:172555002]><>" (damage "0")
L 09/18/2020 - 16:02:46: [playercommands.smx] "Nezzie<107><[U:1:107910185]><>" slapped "DWW<108><[U:1:172008346]><>" (damage "0")
L 09/18/2020 - 16:02:46: [playercommands.smx] "Nezzie<107><[U:1:107910185]><>" slapped "DWW<108><[U:1:172008346]><>" (damage "0")
L 09/18/2020 - 16:02:46: [playercommands.smx] "Nezzie<107><[U:1:107910185]><>" slapped "DWW<108><[U:1:172008346]><>" (damage "0")
L 09/18/2020 - 16:02:47: [playercommands.smx] "Nezzie<107><[U:1:107910185]><>" slapped "DWW<108><[U:1:172008346]><>" (damage "0")
L 09/18/2020 - 16:02:47: [playercommands.smx] "Nezzie<107><[U:1:107910185]><>" slapped "DWW<108><[U:1:172008346]><>" (damage "0")
L 09/18/2020 - 16:02:47: [playercommands.smx] "Nezzie<107><[U:1:107910185]><>" slapped "DWW<108><[U:1:172008346]><>" (damage "0")
L 09/18/2020 - 16:04:07: [respawn.smx] "Nezzie<107><[U:1:107910185]><>" respawned "Nezzie<107><[U:1:107910185]><>"
L 09/18/2020 - 16:04:52: [respawn.smx] "Nezzie<107><[U:1:107910185]><>" respawned "DWW<108><[U:1:172008346]><>"
L 09/18/2020 - 16:04:52: [respawn.smx] "Nezzie<107><[U:1:107910185]><>" respawned "joshyy²<109><[U:1:864580249]><>"
L 09/18/2020 - 16:09:01: [respawn.smx] "Nezzie<107><[U:1:107910185]><>" respawned "Nezzie<107><[U:1:107910185]><>"
L 09/18/2020 - 16:12:02: [respawn.smx] "Nezzie<107><[U:1:107910185]><>" respawned "Nezzie<107><[U:1:107910185]><>"
L 09/18/2020 - 16:15:23: [mapchooser_extended.smx] Voting for next map has started.
L 09/18/2020 - 16:15:49: [mapchooser_extended.smx] Voting for next map has started.
L 09/18/2020 - 16:15:59: [mapchooser_extended.smx] Voting for next map has finished. Nextmap: vsh_jealo_rc2.
L 09/18/2020 - 16:16:46: [respawn.smx] "Nezzie<107><[U:1:107910185]><>" respawned "LunaTics<110><[U:1:172555002]><>"
L 09/18/2020 - 16:17:22: [basecommands.smx] "Nezzie<107><[U:1:107910185]><>" kicked "swishers-al-jahidi<112><[U:1:328028526]><>" (reason "")
L 09/18/2020 - 16:20:41: [basecommands.smx] "Nezzie<107><[U:1:107910185]><>" kicked "swishers-al-jahidi<113><[U:1:328028526]><>" (reason "")
L 09/18/2020 - 16:25:27: [SM] Changed map to "vsh_jealo_rc2"
L 09/18/2020 - 16:25:31: -------- Mapchange to vsh_jealo_rc2 --------
L 09/18/2020 - 16:25:40: [mapchooser_extended.smx] Loaded map list for tf.
L 09/18/2020 - 16:27:54: [respawn.smx] "Nezzie<107><[U:1:107910185]><>" respawned "Nezzie<107><[U:1:107910185]><>"
L 09/18/2020 - 16:38:46: [freaks/skeleton_king.ff2] LolWAT?
L 09/18/2020 - 16:38:46: [freaks/skeleton_king.ff2] LolWAT?
L 09/18/2020 - 16:38:46: [freaks/skeleton_king.ff2] LolWAT?
L 09/18/2020 - 16:38:46: [freaks/skeleton_king.ff2] LolWAT?
L 09/18/2020 - 16:38:46: [freaks/skeleton_king.ff2] LolWAT?
L 09/18/2020 - 16:38:46: [freaks/skeleton_king.ff2] LolWAT?
L 09/18/2020 - 16:38:46: [freaks/skeleton_king.ff2] LolWAT?
L 09/18/2020 - 16:38:46: [freaks/skeleton_king.ff2] LolWAT?
L 09/18/2020 - 16:38:46: [freaks/skeleton_king.ff2] LolWAT?
L 09/18/2020 - 16:38:46: [freaks/skeleton_king.ff2] LolWAT?
L 09/18/2020 - 16:38:46: [freaks/skeleton_king.ff2] LolWAT?
L 09/18/2020 - 16:38:46: [freaks/skeleton_king.ff2] LolWAT?
L 09/18/2020 - 16:38:46: [freaks/skeleton_king.ff2] LolWAT?
L 09/18/2020 - 16:38:46: [freaks/skeleton_king.ff2] LolWAT?
L 09/18/2020 - 16:38:56: [freaks/skeleton_king.ff2] LolWAT?
L 09/18/2020 - 16:38:56: [freaks/skeleton_king.ff2] LolWAT?
L 09/18/2020 - 16:38:56: [freaks/skeleton_king.ff2] LolWAT?
L 09/18/2020 - 16:38:56: [freaks/skeleton_king.ff2] LolWAT?
L 09/18/2020 - 16:38:56: [freaks/skeleton_king.ff2] LolWAT?
L 09/18/2020 - 16:38:56: [freaks/skeleton_king.ff2] LolWAT?
L 09/18/2020 - 16:38:56: [freaks/skeleton_king.ff2] LolWAT?
L 09/18/2020 - 16:38:56: [freaks/skeleton_king.ff2] LolWAT?
L 09/18/2020 - 16:38:56: [freaks/skeleton_king.ff2] LolWAT?
L 09/18/2020 - 16:38:56: [freaks/skeleton_king.ff2] LolWAT?
L 09/18/2020 - 16:38:56: [freaks/skeleton_king.ff2] LolWAT?
L 09/18/2020 - 16:38:56: [freaks/skeleton_king.ff2] LolWAT?
L 09/18/2020 - 16:38:56: [freaks/skeleton_king.ff2] LolWAT?
L 09/18/2020 - 16:38:56: [freaks/skeleton_king.ff2] LolWAT?
L 09/18/2020 - 16:39:16: [freaks/skeleton_king.ff2] LolWAT?
L 09/18/2020 - 16:39:16: [freaks/skeleton_king.ff2] LolWAT?
L 09/18/2020 - 16:39:16: [freaks/skeleton_king.ff2] LolWAT?
L 09/18/2020 - 16:39:16: [freaks/skeleton_king.ff2] LolWAT?
L 09/18/2020 - 16:39:16: [freaks/skeleton_king.ff2] LolWAT?
L 09/18/2020 - 16:39:16: [freaks/skeleton_king.ff2] LolWAT?
L 09/18/2020 - 16:39:16: [freaks/skeleton_king.ff2] LolWAT?
L 09/18/2020 - 16:39:16: [freaks/skeleton_king.ff2] LolWAT?
L 09/18/2020 - 16:39:16: [freaks/skeleton_king.ff2] LolWAT?
L 09/18/2020 - 16:39:16: [freaks/skeleton_king.ff2] LolWAT?
L 09/18/2020 - 16:39:16: [freaks/skeleton_king.ff2] LolWAT?
L 09/18/2020 - 16:39:16: [freaks/skeleton_king.ff2] LolWAT?
L 09/18/2020 - 16:39:16: [freaks/skeleton_king.ff2] LolWAT?
L 09/18/2020 - 16:39:16: [freaks/skeleton_king.ff2] LolWAT?
L 09/18/2020 - 16:39:16: [freaks/skeleton_king.ff2] LolWAT?
L 09/18/2020 - 16:39:16: [freaks/skeleton_king.ff2] LolWAT?
L 09/18/2020 - 16:39:16: [freaks/skeleton_king.ff2] LolWAT?
L 09/18/2020 - 16:39:16: [freaks/skeleton_king.ff2] LolWAT?
L 09/18/2020 - 16:39:16: [freaks/skeleton_king.ff2] LolWAT?
L 09/18/2020 - 16:39:16: [freaks/skeleton_king.ff2] LolWAT?
L 09/18/2020 - 16:39:16: [freaks/skeleton_king.ff2] LolWAT?
L 09/18/2020 - 16:39:16: [freaks/skeleton_king.ff2] LolWAT?
L 09/18/2020 - 16:39:16: [freaks/skeleton_king.ff2] LolWAT?
L 09/18/2020 - 16:39:16: [freaks/skeleton_king.ff2] LolWAT?
L 09/18/2020 - 16:39:16: [freaks/skeleton_king.ff2] LolWAT?
L 09/18/2020 - 16:39:16: [freaks/skeleton_king.ff2] LolWAT?
L 09/18/2020 - 16:39:16: [freaks/skeleton_king.ff2] LolWAT?
L 09/18/2020 - 16:39:16: [freaks/skeleton_king.ff2] LolWAT?
L 09/18/2020 - 16:44:32: [basecommands.smx] "Nezzie<107><[U:1:107910185]><>" kicked "swishers-al-jahidi<118><[U:1:328028526]><>" (reason "")
L 09/18/2020 - 16:45:23: [playercommands.smx] "Nezzie<107><[U:1:107910185]><>" slayed "DWW<108><[U:1:172008346]><>"
L 09/18/2020 - 16:46:03: [mapchooser_extended.smx] Voting for next map has started.
L 09/18/2020 - 16:46:30: [mapchooser_extended.smx] Voting for next map has started.
L 09/18/2020 - 16:46:51: [mapchooser_extended.smx] Voting for next map has finished. Nextmap: vsh_pruvia_v9.
L 09/18/2020 - 16:47:40: [playercommands.smx] "Nezzie<107><[U:1:107910185]><>" slapped "Nezzie<107><[U:1:107910185]><>" (damage "99")
L 09/18/2020 - 16:47:40: [playercommands.smx] "Nezzie<107><[U:1:107910185]><>" slapped "Nezzie<107><[U:1:107910185]><>" (damage "99")
L 09/18/2020 - 16:47:41: [playercommands.smx] "Nezzie<107><[U:1:107910185]><>" slapped "Nezzie<107><[U:1:107910185]><>" (damage "99")
L 09/18/2020 - 16:47:41: [playercommands.smx] "Nezzie<107><[U:1:107910185]><>" slapped "Nezzie<107><[U:1:107910185]><>" (damage "99")
L 09/18/2020 - 16:47:41: [playercommands.smx] "Nezzie<107><[U:1:107910185]><>" slapped "Nezzie<107><[U:1:107910185]><>" (damage "99")
L 09/18/2020 - 16:47:41: [playercommands.smx] "Nezzie<107><[U:1:107910185]><>" slapped "Nezzie<107><[U:1:107910185]><>" (damage "99")
L 09/18/2020 - 16:47:41: [playercommands.smx] "Nezzie<107><[U:1:107910185]><>" slapped "Nezzie<107><[U:1:107910185]><>" (damage "99")
L 09/18/2020 - 16:47:41: [playercommands.smx] "Nezzie<107><[U:1:107910185]><>" slapped "Nezzie<107><[U:1:107910185]><>" (damage "99")
L 09/18/2020 - 16:47:41: [playercommands.smx] "Nezzie<107><[U:1:107910185]><>" slapped "Nezzie<107><[U:1:107910185]><>" (damage "99")
L 09/18/2020 - 16:47:42: [playercommands.smx] "Nezzie<107><[U:1:107910185]><>" slapped "Nezzie<107><[U:1:107910185]><>" (damage "99")
L 09/18/2020 - 16:47:42: [playercommands.smx] "Nezzie<107><[U:1:107910185]><>" slapped "Nezzie<107><[U:1:107910185]><>" (damage "99")
L 09/18/2020 - 16:47:42: [playercommands.smx] "Nezzie<107><[U:1:107910185]><>" slapped "Nezzie<107><[U:1:107910185]><>" (damage "99")
L 09/18/2020 - 16:51:19: [funcommands.smx] "Nezzie<107><[U:1:107910185]><>" set blind on "joshyy²<119><[U:1:864580249]><>" (amount "240")
L 09/18/2020 - 16:51:21: [funcommands.smx] "Nezzie<107><[U:1:107910185]><>" set blind on "joshyy²<119><[U:1:864580249]><>" (amount "0")
L 09/18/2020 - 16:56:20: [SM] Changed map to "vsh_pruvia_v9"
L 09/18/2020 - 16:56:23: -------- Mapchange to vsh_pruvia_v9 --------
L 09/18/2020 - 16:56:34: [mapchooser_extended.smx] Loaded map list for tf.
L 09/18/2020 - 16:57:39: [funcommands.smx] "Nezzie<107><[U:1:107910185]><>" set a beacon on "LunaTics<110><[U:1:172555002]><>"
L 09/18/2020 - 17:09:00: [funcommandsX.smx] "Nezzie<107><[U:1:107910185]><>" teleported "LunaTics<110><[U:1:172555002]><>"
L 09/18/2020 - 17:09:01: [funcommandsX.smx] "Nezzie<107><[U:1:107910185]><>" teleported "Sub-Zero<117><[U:1:328855706]><>"
L 09/18/2020 - 17:11:59: [basechat.smx] "Nezzie<107><[U:1:107910185]><>" triggered sm_csay (text yall gotta remember that the bosses havent been balanced yet)
L 09/18/2020 - 17:16:56: [mapchooser_extended.smx] Voting for next map has started.
L 09/18/2020 - 17:17:17: [mapchooser_extended.smx] Voting for next map has finished. Nextmap: vsh_minegay_reworked_v2.
L 09/18/2020 - 17:27:29: [SM] Changed map to "vsh_minegay_reworked_v2"
L 09/18/2020 - 17:27:31: -------- Mapchange to vsh_minegay_reworked_v2 --------
L 09/18/2020 - 17:27:41: [mapchooser_extended.smx] Loaded map list for tf.
L 09/18/2020 - 17:47:56: [mapchooser_extended.smx] Voting for next map has started.
L 09/18/2020 - 17:48:23: [mapchooser_extended.smx] Voting for next map has started.
L 09/18/2020 - 17:48:44: [mapchooser_extended.smx] Voting for next map has finished. Nextmap: vsh_yammoe_rc3.
L 09/18/2020 - 19:54:14: [SM] Changed map to "vsh_yammoe_rc3"
L 09/18/2020 - 19:54:19: -------- Mapchange to vsh_yammoe_rc3 --------
L 09/18/2020 - 19:54:30: [mapchooser_extended.smx] Loaded map list for tf.
L 09/18/2020 - 19:56:31: [playercommands.smx] "Nezzie<125><[U:1:107910185]><>" slayed "Zepheniah Mann<132><BOT><>"
L 09/18/2020 - 19:57:10: [playercommands.smx] "Nezzie<125><[U:1:107910185]><>" slayed "Black Mesa<138><BOT><>"
L 09/18/2020 - 20:01:29: [playercommands.smx] "Nezzie<125><[U:1:107910185]><>" slayed "TAAAAANK!<136><BOT><>"
L 09/18/2020 - 20:04:16: [playercommands.smx] "Nezzie<125><[U:1:107910185]><>" slayed "CEDA<140><BOT><>"
L 09/18/2020 - 20:04:16: [playercommands.smx] "Nezzie<125><[U:1:107910185]><>" slayed "DWW<141><[U:1:172008346]><>"
L 09/18/2020 - 20:04:51: [respawn.smx] "Nezzie<125><[U:1:107910185]><>" respawned "DWW<141><[U:1:172008346]><>"
L 09/18/2020 - 20:05:21: [playercommands.smx] "Nezzie<125><[U:1:107910185]><>" slayed "Soulless<139><BOT><>"
L 09/18/2020 - 20:07:28: [nominations_extended.smx] DWW nominated vsh_crevice_b5
L 09/18/2020 - 20:09:54: [funcommandsX.smx] Game detected as Team Fortress 2: Source (GAME_TF2)
L 09/18/2020 - 20:09:54: [simple-chatprocessor.smx] [SCP] Recognized mod [Team Fortress 2].
L 09/18/2020 - 20:09:54: [simple-chatprocessor.smx] [SCP] Loading translation file [scp.tf.phrases].
L 09/18/2020 - 20:09:54: [freak_fortress_2.smx] Freak Fortress 2 199001 Loading...
L 09/18/2020 - 20:09:56: [mapchooser_extended.smx] Loaded map list for tf.
L 09/18/2020 - 20:10:38: [playercommands.smx] "Nezzie<125><[U:1:107910185]><>" slayed "CEDA<140><BOT><>"
L 09/18/2020 - 20:11:27: [playercommands.smx] "Nezzie<125><[U:1:107910185]><>" slayed "DWW<143><[U:1:172008346]><>"
L 09/18/2020 - 20:12:11: [respawn.smx] "Nezzie<125><[U:1:107910185]><>" respawned "DWW<143><[U:1:172008346]><>"
L 09/18/2020 - 20:14:03: [respawn.smx] "Nezzie<125><[U:1:107910185]><>" respawned "DWW<143><[U:1:172008346]><>"
L 09/18/2020 - 20:14:55: [mapchooser_extended.smx] Voting for next map has started.
L 09/18/2020 - 20:15:21: [mapchooser_extended.smx] Voting for next map has started.
L 09/18/2020 - 20:15:42: [mapchooser_extended.smx] Voting for next map has finished. Nextmap: vsh_abandoned_warehouse_final_v3.
L 09/18/2020 - 20:15:47: [respawn.smx] "Nezzie<125><[U:1:107910185]><>" respawned "DWW<143><[U:1:172008346]><>"
L 09/18/2020 - 20:18:01: [respawn.smx] "Nezzie<125><[U:1:107910185]><>" respawned "DWW<143><[U:1:172008346]><>"
L 09/18/2020 - 20:19:46: [basechat.smx] "Console<0><Console><Console>" triggered sm_say (text The round time has ended, omaewa-mou shindeiru)
L 09/18/2020 - 20:19:46: [playercommands.smx] "Console<0><Console><Console>" slayed "Soulless<139><BOT><>"
L 09/18/2020 - 20:19:46: [playercommands.smx] "Console<0><Console><Console>" slayed "DWW<143><[U:1:172008346]><>"
L 09/18/2020 - 20:19:46: [playercommands.smx] "Console<0><Console><Console>" slayed "Tai Lopez<142><[U:1:411479324]><>"
L 09/18/2020 - 20:20:20: [freaks/skeleton_king.ff2] LolWAT?
L 09/18/2020 - 20:20:22: [freaks/skeleton_king.ff2] LolWAT?
L 09/18/2020 - 20:20:22: [freaks/skeleton_king.ff2] LolWAT?
L 09/18/2020 - 20:20:22: [freaks/skeleton_king.ff2] LolWAT?
L 09/18/2020 - 20:20:30: [freaks/skeleton_king.ff2] LolWAT?
L 09/18/2020 - 20:20:35: [freaks/skeleton_king.ff2] LolWAT?
L 09/18/2020 - 20:21:01: [freaks/skeleton_king.ff2] LolWAT?
L 09/18/2020 - 20:21:16: [freaks/skeleton_king.ff2] LolWAT?
L 09/18/2020 - 20:21:24: [freaks/skeleton_king.ff2] LolWAT?
L 09/18/2020 - 20:21:25: [freaks/skeleton_king.ff2] LolWAT?
L 09/18/2020 - 20:21:27: [freaks/skeleton_king.ff2] LolWAT?
L 09/18/2020 - 20:21:32: [freaks/skeleton_king.ff2] LolWAT?
L 09/18/2020 - 20:21:33: [freaks/skeleton_king.ff2] LolWAT?
L 09/18/2020 - 20:21:34: [freaks/skeleton_king.ff2] LolWAT?
L 09/18/2020 - 20:21:39: [freaks/skeleton_king.ff2] LolWAT?
L 09/18/2020 - 20:21:42: [freaks/skeleton_king.ff2] LolWAT?
L 09/18/2020 - 20:23:09: [freaks/skeleton_king.ff2] LolWAT?
L 09/18/2020 - 20:23:14: [freaks/skeleton_king.ff2] LolWAT?
L 09/18/2020 - 20:24:56: [SM] Changed map to "vsh_abandoned_warehouse_final_v3"
L 09/18/2020 - 20:25:01: -------- Mapchange to vsh_abandoned_warehouse_final_v3 --------
L 09/18/2020 - 20:25:16: [mapchooser_extended.smx] Loaded map list for tf.
L 09/18/2020 - 20:37:45: SourceMod log file session started (file "/home/steamsrv/tf2/tf/addons/sourcemod/logs/L20200918.log") (Version "1.10.0.6490")
L 09/18/2020 - 20:37:45: [TF2ITEMS] "GiveNamedItem" offset = 484
L 09/18/2020 - 20:37:47: [funcommandsX.smx] Game detected as Team Fortress 2: Source (GAME_TF2)
L 09/18/2020 - 20:37:47: [simple-chatprocessor.smx] [SCP] Recognized mod [Team Fortress 2].
L 09/18/2020 - 20:37:47: [simple-chatprocessor.smx] [SCP] Loading translation file [scp.tf.phrases].
L 09/18/2020 - 20:37:47: [freak_fortress_2.smx] Freak Fortress 2 199001 Loading...
L 09/18/2020 - 20:38:12: [mapchooser_extended.smx] Loaded map list for tf.
L 09/18/2020 - 20:40:03: [respawn.smx] "Nezzie<2><[U:1:107910185]><>" respawned "Nezzie<2><[U:1:107910185]><>"
L 09/18/2020 - 20:46:52: [respawn.smx] "Nezzie<2><[U:1:107910185]><>" respawned "FISH<4><[U:1:445849108]><>"
L 09/18/2020 - 20:48:13: [respawn.smx] "Nezzie<2><[U:1:107910185]><>" respawned "moist cheese<5><[U:1:351468059]><>"
L 09/18/2020 - 20:51:43: [respawn.smx] "Nezzie<2><[U:1:107910185]><>" respawned "DWW<3><[U:1:172008346]><>"
L 09/18/2020 - 20:58:50: [mapchooser_extended.smx] Voting for next map has started.
L 09/18/2020 - 20:58:58: [mapchooser_extended.smx] Voting for next map has finished. Nextmap: vsh_scoobydoo_v1.
L 09/18/2020 - 21:10:33: [basecommands.smx] "Nezzie<2><[U:1:107910185]><>" changed map to "vsh_apg_v2_sg1"
L 09/18/2020 - 21:10:36: [SM] Changed map to "vsh_apg_v2_sg1"
L 09/18/2020 - 21:10:40: -------- Mapchange to vsh_apg_v2_sg1 --------
L 09/18/2020 - 21:10:55: [mapchooser_extended.smx] Loaded map list for tf.
L 09/18/2020 - 21:31:23: [mapchooser_extended.smx] Voting for next map has started.
L 09/18/2020 - 21:31:39: [mapchooser_extended.smx] Voting for next map has started.
L 09/18/2020 - 21:31:47: [mapchooser_extended.smx] Voting for next map has finished. Nextmap: vsh_egyptyspot_v2.
L 09/18/2020 - 21:32:49: [basecommands.smx] "Nezzie<2><[U:1:107910185]><>" changed map to "vsh_gyros_v5"
L 09/18/2020 - 21:32:53: [SM] Changed map to "vsh_gyros_v5"
L 09/18/2020 - 21:32:59: -------- Mapchange to vsh_gyros_v5 --------
L 09/18/2020 - 21:33:14: [mapchooser_extended.smx] Loaded map list for tf.
L 09/18/2020 - 21:34:00: [nominations_extended.smx] DWW nominated vsh_egyptyspot_v2
L 09/18/2020 - 21:34:05: [mapchooser_extended.smx] Starting map vote because outside request
L 09/18/2020 - 21:34:21: [mapchooser_extended.smx] Voting for next map has started.
L 09/18/2020 - 21:34:24: [mapchooser_extended.smx] Voting for next map has finished. Nextmap: vsh_egyptyspot_v2.
L 09/18/2020 - 21:34:28: [SM] Changed map to "vsh_egyptyspot_v2"
L 09/18/2020 - 21:34:31: -------- Mapchange to vsh_egyptyspot_v2 --------
L 09/18/2020 - 21:34:45: [mapchooser_extended.smx] Loaded map list for tf.
L 09/18/2020 - 21:45:37: [respawn.smx] "Nezzie<2><[U:1:107910185]><>" respawned "DWW<3><[U:1:172008346]><>"
L 09/18/2020 - 21:55:19: [mapchooser_extended.smx] Voting for next map has started.
L 09/18/2020 - 21:55:44: [mapchooser_extended.smx] Voting for next map has started.
L 09/18/2020 - 21:56:01: [mapchooser_extended.smx] Voting for next map has finished. Nextmap: vsh_pruvia_v9.
L 09/18/2020 - 22:05:54: [SM] Changed map to "vsh_pruvia_v9"
L 09/18/2020 - 22:06:00: -------- Mapchange to vsh_pruvia_v9 --------
L 09/18/2020 - 22:06:15: [mapchooser_extended.smx] Loaded map list for tf.
L 09/18/2020 - 22:26:35: [mapchooser_extended.smx] Voting for next map has started.
L 09/18/2020 - 22:26:46: [mapchooser_extended.smx] Voting for next map has finished. Nextmap: vsh_area_54tress_b4.
L 09/18/2020 - 22:37:19: [SM] Changed map to "vsh_area_54tress_b4"
L 09/18/2020 - 22:37:25: -------- Mapchange to vsh_area_54tress_b4 --------
L 09/18/2020 - 22:37:39: [mapchooser_extended.smx] Loaded map list for tf.
L 09/18/2020 - 22:57:57: [mapchooser_extended.smx] Voting for next map has started.
L 09/18/2020 - 22:58:23: [mapchooser_extended.smx] Voting for next map has started.
L 09/18/2020 - 22:58:43: [mapchooser_extended.smx] Voting for next map has finished. Nextmap: vsh_drejun_v3.
L 09/18/2020 - 23:07:59: [SM] Changed map to "vsh_drejun_v3"
L 09/18/2020 - 23:08:05: -------- Mapchange to vsh_drejun_v3 --------
L 09/18/2020 - 23:08:22: [mapchooser_extended.smx] Loaded map list for tf.
L 09/18/2020 - 23:15:13: [funvotes.smx] "Nezzie<2><[U:1:107910185]><>" initiated a friendly fire vote.
L 09/18/2020 - 23:15:33: [funvotes.smx] Changing friendly fire to 1 due to vote.
L 09/18/2020 - 23:17:10: [funvotes.smx] "Nezzie<2><[U:1:107910185]><>" initiated a friendly fire vote.
L 09/18/2020 - 23:17:27: [funvotes.smx] Changing friendly fire to 0 due to vote.
L 09/18/2020 - 23:28:42: [mapchooser_extended.smx] Voting for next map has started.
L 09/18/2020 - 23:28:57: [mapchooser_extended.smx] Voting for next map has finished. Nextmap: vsh_cairo_pyramid_v4.
L 09/18/2020 - 23:38:52: [SM] Changed map to "vsh_cairo_pyramid_v4"
L 09/18/2020 - 23:38:57: -------- Mapchange to vsh_cairo_pyramid_v4 --------
L 09/18/2020 - 23:39:13: [mapchooser_extended.smx] Loaded map list for tf.
L 09/18/2020 - 23:59:27: [mapchooser_extended.smx] Voting for next map has started.
L 09/19/2020 - 01:20:14: Log file closed.
