L 08/26/2020 - 14:19:01: SourceMod log file session started (file "/home/steamsrv/tf2/tf/addons/sourcemod/logs/L20200826.log") (Version "1.10.0.6490")
L 08/26/2020 - 14:19:01: [TF2ITEMS] "GiveNamedItem" offset = 484
L 08/26/2020 - 14:19:02: [funcommandsX.smx] Game detected as Team Fortress 2: Source (GAME_TF2)
L 08/26/2020 - 14:19:02: [simple-chatprocessor.smx] [SCP] Recognized mod [Team Fortress 2].
L 08/26/2020 - 14:19:02: [simple-chatprocessor.smx] [SCP] Loading translation file [scp.tf.phrases].
L 08/26/2020 - 14:19:02: [freak_fortress_2.smx] Freak Fortress 2 199001 Loading...
L 08/26/2020 - 14:19:15: [mapchooser_extended.smx] Loaded map list for tf.
L 08/26/2020 - 14:22:41: [respawn.smx] "Nezzie<2><[U:1:107910185]><>" respawned "Nezzie<2><[U:1:107910185]><>"
L 08/26/2020 - 14:25:16: [funcommandsX.smx] Game detected as Team Fortress 2: Source (GAME_TF2)
L 08/26/2020 - 14:25:16: [simple-chatprocessor.smx] [SCP] Recognized mod [Team Fortress 2].
L 08/26/2020 - 14:25:16: [simple-chatprocessor.smx] [SCP] Loading translation file [scp.tf.phrases].
L 08/26/2020 - 14:25:16: [freak_fortress_2.smx] Freak Fortress 2 199001 Loading...
L 08/26/2020 - 14:25:17: [mapchooser_extended.smx] Loaded map list for tf.
L 08/26/2020 - 14:26:32: [funcommandsX.smx] Game detected as Team Fortress 2: Source (GAME_TF2)
L 08/26/2020 - 14:26:32: [simple-chatprocessor.smx] [SCP] Recognized mod [Team Fortress 2].
L 08/26/2020 - 14:26:32: [simple-chatprocessor.smx] [SCP] Loading translation file [scp.tf.phrases].
L 08/26/2020 - 14:26:33: [freak_fortress_2.smx] Freak Fortress 2 199001 Loading...
L 08/26/2020 - 14:26:33: [mapchooser_extended.smx] Loaded map list for tf.
L 08/26/2020 - 14:27:43: [funcommandsX.smx] Game detected as Team Fortress 2: Source (GAME_TF2)
L 08/26/2020 - 14:27:43: [simple-chatprocessor.smx] [SCP] Recognized mod [Team Fortress 2].
L 08/26/2020 - 14:27:43: [simple-chatprocessor.smx] [SCP] Loading translation file [scp.tf.phrases].
L 08/26/2020 - 14:27:43: [freak_fortress_2.smx] Freak Fortress 2 199001 Loading...
L 08/26/2020 - 14:27:43: [mapchooser_extended.smx] Loaded map list for tf.
L 08/26/2020 - 14:40:43: [mapchooser_extended.smx] Voting for next map has started.
L 08/26/2020 - 20:05:45: [SM] Changed map to "vsh_egyptyspot_v2"
L 08/26/2020 - 20:05:47: -------- Mapchange to vsh_egyptyspot_v2 --------
L 08/26/2020 - 20:06:02: [mapchooser_extended.smx] Loaded map list for tf.
L 08/26/2020 - 20:26:16: [mapchooser_extended.smx] Voting for next map has started.
