L 01/08/2021 - 19:47:15: SourceMod log file session started (file "/home/steamsrv/tf2/tf/addons/sourcemod/logs/L20210108.log") (Version "1.10.0.6490")
L 01/08/2021 - 19:47:15: [TF2ITEMS] "GiveNamedItem" offset = 484
L 01/08/2021 - 19:47:17: [funcommandsX.smx] Game detected as Team Fortress 2: Source (GAME_TF2)
L 01/08/2021 - 19:47:17: [simple-chatprocessor.smx] [SCP] Recognized mod [Team Fortress 2].
L 01/08/2021 - 19:47:17: [simple-chatprocessor.smx] [SCP] Loading translation file [scp.tf.phrases].
L 01/08/2021 - 19:47:17: [freak_fortress_2.smx] Freak Fortress 2 199001 Loading...
L 01/08/2021 - 19:47:36: [mapchooser_extended.smx] Loaded map list for tf.
L 01/08/2021 - 20:08:13: [mapchooser_extended.smx] Voting for next map has started.
L 01/08/2021 - 20:08:23: [mapchooser_extended.smx] Voting for next map has finished. Nextmap: vsh_tranquil_b5.
L 01/08/2021 - 20:18:41: [SM] Changed map to "vsh_tranquil_b5"
L 01/08/2021 - 20:18:43: -------- Mapchange to vsh_tranquil_b5 --------
L 01/08/2021 - 20:18:52: [mapchooser_extended.smx] Loaded map list for tf.
L 01/08/2021 - 20:39:08: [mapchooser_extended.smx] Voting for next map has started.
L 01/08/2021 - 20:39:23: [mapchooser_extended.smx] Voting for next map has finished. Nextmap: vsh_manncohq_v14.
L 01/08/2021 - 20:52:44: [SM] Changed map to "vsh_manncohq_v14"
L 01/08/2021 - 20:52:47: -------- Mapchange to vsh_manncohq_v14 --------
L 01/08/2021 - 20:52:56: [mapchooser_extended.smx] Loaded map list for tf.
L 01/08/2021 - 21:13:06: [nominations_extended.smx] Giggity nominated vsh_nebula_rc1
L 01/08/2021 - 21:13:12: [mapchooser_extended.smx] Voting for next map has started.
L 01/08/2021 - 21:13:32: [mapchooser_extended.smx] Voting for next map has finished. Nextmap: vsh_nebula_rc1.
L 01/08/2021 - 21:25:24: [SM] Changed map to "vsh_nebula_rc1"
L 01/08/2021 - 21:25:27: -------- Mapchange to vsh_nebula_rc1 --------
L 01/08/2021 - 21:25:37: [mapchooser_extended.smx] Loaded map list for tf.
L 01/08/2021 - 21:45:53: [mapchooser_extended.smx] Voting for next map has started.
L 01/10/2021 - 20:00:42: Log file closed.
