L 08/02/2020 - 00:00:39: SourceMod log file session started (file "/home/steamsrv/tf2/tf/addons/sourcemod/logs/L20200802.log") (Version "1.10.0.6490")
L 08/02/2020 - 00:00:39: [respawn.smx] "Nezzie<119><[U:1:107910185]><>" respawned "Bad Memes<123><[U:1:315000078]><>"
L 08/02/2020 - 00:02:40: [playercommands.smx] "Nezzie<119><[U:1:107910185]><>" slapped "CRITRAWKETS<125><BOT><>" (damage "0")
L 08/02/2020 - 00:02:40: [playercommands.smx] "Nezzie<119><[U:1:107910185]><>" slapped "CRITRAWKETS<125><BOT><>" (damage "0")
L 08/02/2020 - 00:02:40: [playercommands.smx] "Nezzie<119><[U:1:107910185]><>" slapped "CRITRAWKETS<125><BOT><>" (damage "0")
L 08/02/2020 - 00:02:41: [playercommands.smx] "Nezzie<119><[U:1:107910185]><>" slapped "CRITRAWKETS<125><BOT><>" (damage "0")
L 08/02/2020 - 00:02:42: [playercommands.smx] "Nezzie<119><[U:1:107910185]><>" slapped "CRITRAWKETS<125><BOT><>" (damage "0")
L 08/02/2020 - 00:02:43: [playercommands.smx] "Nezzie<119><[U:1:107910185]><>" slapped "CRITRAWKETS<125><BOT><>" (damage "0")
L 08/02/2020 - 00:03:12: [playercommands.smx] "Nezzie<119><[U:1:107910185]><>" slapped "CRITRAWKETS<125><BOT><>" (damage "0")
L 08/02/2020 - 00:03:12: [playercommands.smx] "Nezzie<119><[U:1:107910185]><>" slapped "CRITRAWKETS<125><BOT><>" (damage "0")
L 08/02/2020 - 00:03:13: [playercommands.smx] "Nezzie<119><[U:1:107910185]><>" slapped "CRITRAWKETS<125><BOT><>" (damage "0")
L 08/02/2020 - 00:03:13: [playercommands.smx] "Nezzie<119><[U:1:107910185]><>" slapped "CRITRAWKETS<125><BOT><>" (damage "0")
L 08/02/2020 - 00:03:13: [playercommands.smx] "Nezzie<119><[U:1:107910185]><>" slapped "CRITRAWKETS<125><BOT><>" (damage "0")
L 08/02/2020 - 00:03:13: [playercommands.smx] "Nezzie<119><[U:1:107910185]><>" slapped "CRITRAWKETS<125><BOT><>" (damage "0")
L 08/02/2020 - 00:03:14: [playercommands.smx] "Nezzie<119><[U:1:107910185]><>" slapped "CRITRAWKETS<125><BOT><>" (damage "0")
L 08/02/2020 - 00:03:14: [playercommands.smx] "Nezzie<119><[U:1:107910185]><>" slapped "CRITRAWKETS<125><BOT><>" (damage "0")
L 08/02/2020 - 00:03:17: [playercommands.smx] "Nezzie<119><[U:1:107910185]><>" slapped "CRITRAWKETS<125><BOT><>" (damage "0")
L 08/02/2020 - 00:03:17: [playercommands.smx] "Nezzie<119><[U:1:107910185]><>" slapped "CRITRAWKETS<125><BOT><>" (damage "0")
L 08/02/2020 - 00:03:18: [playercommands.smx] "Nezzie<119><[U:1:107910185]><>" slapped "CRITRAWKETS<125><BOT><>" (damage "0")
L 08/02/2020 - 00:03:37: [respawn.smx] "Nezzie<119><[U:1:107910185]><>" respawned "Bad Memes<123><[U:1:315000078]><>"
L 08/02/2020 - 00:06:52: [respawn.smx] "Nezzie<119><[U:1:107910185]><>" respawned "Nezzie<119><[U:1:107910185]><>"
L 08/02/2020 - 00:15:29: [respawn.smx] "Nezzie<119><[U:1:107910185]><>" respawned "Nezzie<119><[U:1:107910185]><>"
L 08/02/2020 - 00:17:50: [respawn.smx] "Nezzie<119><[U:1:107910185]><>" respawned "Bad Memes<123><[U:1:315000078]><>"
L 08/02/2020 - 00:17:51: [respawn.smx] "Nezzie<119><[U:1:107910185]><>" respawned "CRITRAWKETS<125><BOT><>"
L 08/02/2020 - 00:17:52: [respawn.smx] "Nezzie<119><[U:1:107910185]><>" respawned "Gentlemanne of Leisure<126><BOT><>"
L 08/02/2020 - 00:18:08: [mapchooser_extended.smx] Voting for next map has started.
L 08/02/2020 - 00:18:29: [mapchooser_extended.smx] Voting for next map has finished. Nextmap: vsh_pruvia_v9.
L 08/02/2020 - 00:19:51: [respawn.smx] "Nezzie<119><[U:1:107910185]><>" respawned "Nezzie<119><[U:1:107910185]><>"
L 08/02/2020 - 00:25:04: [funcommands.smx] "Nezzie<119><[U:1:107910185]><>" set a beacon on "Bad Memes<123><[U:1:315000078]><>"
L 08/02/2020 - 00:26:28: [respawn.smx] "Nezzie<119><[U:1:107910185]><>" respawned "Bad Memes<123><[U:1:315000078]><>"
L 08/02/2020 - 00:26:29: [respawn.smx] "Nezzie<119><[U:1:107910185]><>" respawned "Ze Ubermensch<124><BOT><>"
L 08/02/2020 - 00:26:52: [playercommands.smx] "Nezzie<119><[U:1:107910185]><>" slayed "Ze Ubermensch<124><BOT><>"
L 08/02/2020 - 00:26:53: [playercommands.smx] "Nezzie<119><[U:1:107910185]><>" slayed "Bad Memes<123><[U:1:315000078]><>"
L 08/02/2020 - 00:26:54: [playercommands.smx] "Nezzie<119><[U:1:107910185]><>" slayed "Gentlemanne of Leisure<126><BOT><>"
L 08/02/2020 - 00:26:54: [playercommands.smx] "Nezzie<119><[U:1:107910185]><>" slayed "CRITRAWKETS<125><BOT><>"
L 08/02/2020 - 00:28:42: [respawn.smx] "Nezzie<119><[U:1:107910185]><>" respawned "Nezzie<119><[U:1:107910185]><>"
L 08/02/2020 - 00:29:20: [basecommands.smx] "Nezzie<119><[U:1:107910185]><>" changed map to "arena_badlands"
L 08/02/2020 - 00:29:23: [SM] Changed map to "arena_badlands"
L 08/02/2020 - 00:29:26: -------- Mapchange to arena_badlands --------
L 08/02/2020 - 00:29:38: [mapchooser_extended.smx] Loaded map list for tf.
L 08/02/2020 - 00:30:51: [respawn.smx] "Nezzie<119><[U:1:107910185]><>" respawned "Nezzie<119><[U:1:107910185]><>"
L 08/02/2020 - 00:30:54: [respawn.smx] "Nezzie<119><[U:1:107910185]><>" respawned "Bad Memes<123><[U:1:315000078]><>"
L 08/02/2020 - 00:31:11: [respawn.smx] "Nezzie<119><[U:1:107910185]><>" respawned "Bad Memes<123><[U:1:315000078]><>"
L 08/02/2020 - 00:31:21: [respawn.smx] "Nezzie<119><[U:1:107910185]><>" respawned "Bad Memes<123><[U:1:315000078]><>"
L 08/02/2020 - 00:31:28: [respawn.smx] "Nezzie<119><[U:1:107910185]><>" respawned "Bad Memes<123><[U:1:315000078]><>"
L 08/02/2020 - 00:31:40: [respawn.smx] "Nezzie<119><[U:1:107910185]><>" respawned "Bad Memes<123><[U:1:315000078]><>"
L 08/02/2020 - 00:31:55: [respawn.smx] "Nezzie<119><[U:1:107910185]><>" respawned "Bad Memes<123><[U:1:315000078]><>"
L 08/02/2020 - 00:32:17: [respawn.smx] "Nezzie<119><[U:1:107910185]><>" respawned "Nezzie<119><[U:1:107910185]><>"
L 08/02/2020 - 00:32:44: [respawn.smx] "Nezzie<119><[U:1:107910185]><>" respawned "Bad Memes<123><[U:1:315000078]><>"
L 08/02/2020 - 00:32:57: [respawn.smx] "Nezzie<119><[U:1:107910185]><>" respawned "Bad Memes<123><[U:1:315000078]><>"
L 08/02/2020 - 00:34:20: [respawn.smx] "Nezzie<119><[U:1:107910185]><>" respawned "Bad Memes<123><[U:1:315000078]><>"
L 08/02/2020 - 00:37:01: [respawn.smx] "Nezzie<119><[U:1:107910185]><>" respawned "Bad Memes<123><[U:1:315000078]><>"
L 08/02/2020 - 00:37:23: [playercommands.smx] "Nezzie<119><[U:1:107910185]><>" slayed "Bad Memes<123><[U:1:315000078]><>"
L 08/02/2020 - 00:37:27: [respawn.smx] "Nezzie<119><[U:1:107910185]><>" respawned "Bad Memes<123><[U:1:315000078]><>"
L 08/02/2020 - 00:37:28: [respawn.smx] "Nezzie<119><[U:1:107910185]><>" respawned "Nezzie<119><[U:1:107910185]><>"
L 08/02/2020 - 00:37:50: [respawn.smx] "Nezzie<119><[U:1:107910185]><>" respawned "Bad Memes<123><[U:1:315000078]><>"
L 08/02/2020 - 00:38:27: [respawn.smx] "Nezzie<119><[U:1:107910185]><>" respawned "Nezzie<119><[U:1:107910185]><>"
L 08/02/2020 - 00:38:53: [funcommands.smx] "Nezzie<119><[U:1:107910185]><>" toggled noclip on "Nezzie<119><[U:1:107910185]><>"
L 08/02/2020 - 00:38:57: [funcommands.smx] "Nezzie<119><[U:1:107910185]><>" toggled noclip on "Nezzie<119><[U:1:107910185]><>"
L 08/02/2020 - 00:39:14: [playercommands.smx] "Nezzie<119><[U:1:107910185]><>" slayed "Bad Memes<123><[U:1:315000078]><>"
L 08/02/2020 - 00:42:22: [respawn.smx] "Nezzie<119><[U:1:107910185]><>" respawned "moist cheese<130><[U:1:351468059]><>"
L 08/02/2020 - 00:47:33: [basechat.smx] "Console<0><Console><Console>" triggered sm_say (text The round time has ended, omaewa-mou shindeiru)
L 08/02/2020 - 00:47:33: [playercommands.smx] "Console<0><Console><Console>" slayed "Nezzie<119><[U:1:107910185]><>"
L 08/02/2020 - 00:47:33: [playercommands.smx] "Console<0><Console><Console>" slayed "Target Practice<127><BOT><>"
L 08/02/2020 - 00:47:33: [playercommands.smx] "Console<0><Console><Console>" slayed "Crowbar<128><BOT><>"
L 08/02/2020 - 00:49:55: [mapchooser_extended.smx] Voting for next map has started.
L 08/02/2020 - 00:53:39: [respawn.smx] "Nezzie<119><[U:1:107910185]><>" respawned "moist cheese<131><[U:1:351468059]><>"
L 08/02/2020 - 00:55:00: [respawn.smx] "Nezzie<119><[U:1:107910185]><>" respawned "Nezzie<119><[U:1:107910185]><>"
L 08/02/2020 - 00:55:00: [respawn.smx] "Nezzie<119><[U:1:107910185]><>" respawned "Target Practice<127><BOT><>"
L 08/02/2020 - 00:55:00: [respawn.smx] "Nezzie<119><[U:1:107910185]><>" respawned "moist cheese<131><[U:1:351468059]><>"
L 08/02/2020 - 00:55:51: [basechat.smx] "Console<0><Console><Console>" triggered sm_say (text The round time has ended, omaewa-mou shindeiru)
L 08/02/2020 - 00:55:51: [playercommands.smx] "Console<0><Console><Console>" slayed "Nezzie<119><[U:1:107910185]><>"
L 08/02/2020 - 00:55:52: [playercommands.smx] "Console<0><Console><Console>" slayed "Target Practice<127><BOT><>"
L 08/02/2020 - 00:55:52: [playercommands.smx] "Console<0><Console><Console>" slayed "Crowbar<128><BOT><>"
L 08/02/2020 - 00:55:52: [playercommands.smx] "Console<0><Console><Console>" slayed "IvanTheSpaceBiker<129><BOT><>"
L 08/02/2020 - 00:55:52: [playercommands.smx] "Console<0><Console><Console>" slayed "moist cheese<131><[U:1:351468059]><>"
L 08/02/2020 - 01:00:56: [respawn.smx] "Nezzie<119><[U:1:107910185]><>" respawned "Nezzie<119><[U:1:107910185]><>"
L 08/02/2020 - 01:03:14: [basecommands.smx] "Nezzie<119><[U:1:107910185]><>" changed map to "arena_lumberyard"
L 08/02/2020 - 01:03:17: [SM] Changed map to "arena_lumberyard"
L 08/02/2020 - 01:03:22: -------- Mapchange to arena_lumberyard --------
L 08/02/2020 - 01:03:35: [mapchooser_extended.smx] Loaded map list for tf.
L 08/02/2020 - 01:04:31: [respawn.smx] "Nezzie<119><[U:1:107910185]><>" respawned "Nezzie<119><[U:1:107910185]><>"
L 08/02/2020 - 01:06:03: [respawn.smx] "Nezzie<119><[U:1:107910185]><>" respawned "Nezzie<119><[U:1:107910185]><>"
L 08/02/2020 - 01:06:09: [funcommands.smx] "Nezzie<119><[U:1:107910185]><>" toggled noclip on "Nezzie<119><[U:1:107910185]><>"
L 08/02/2020 - 01:06:11: [funcommands.smx] "Nezzie<119><[U:1:107910185]><>" toggled noclip on "Nezzie<119><[U:1:107910185]><>"
L 08/02/2020 - 01:23:50: [mapchooser_extended.smx] Voting for next map has started.
L 08/02/2020 - 18:31:24: [playercommands.smx] "Nezzie<135><[U:1:107910185]><>" slayed "Tiny Baby Man<136><BOT><>"
L 08/02/2020 - 18:31:35: [basecommands.smx] "Nezzie<135><[U:1:107910185]><>" changed map to "arena_lumberyard"
L 08/02/2020 - 18:31:38: [SM] Changed map to "arena_lumberyard"
L 08/02/2020 - 18:31:40: -------- Mapchange to arena_lumberyard --------
L 08/02/2020 - 18:31:51: [mapchooser_extended.smx] Loaded map list for tf.
L 08/02/2020 - 18:38:59: [freak_fortress_2.smx] Freak Fortress 2 199001 Loading...
L 08/02/2020 - 18:38:59: [simple-chatprocessor.smx] [SCP] Recognized mod [Team Fortress 2].
L 08/02/2020 - 18:38:59: [simple-chatprocessor.smx] [SCP] Loading translation file [scp.tf.phrases].
L 08/02/2020 - 18:39:00: [mapchooser_extended.smx] Loaded map list for tf.
L 08/02/2020 - 18:39:03: [hpregeneration.smx] [HpRegeneration] - Loaded
L 08/02/2020 - 18:40:05: [respawn.smx] "Nezzie<135><[U:1:107910185]><>" respawned "Nezzie<135><[U:1:107910185]><>"
L 08/02/2020 - 18:40:51: [respawn.smx] "Nezzie<135><[U:1:107910185]><>" respawned "Nezzie<135><[U:1:107910185]><>"
L 08/02/2020 - 18:47:18: [basechat.smx] "Console<0><Console><Console>" triggered sm_say (text The round time has ended, omaewa-mou shindeiru)
L 08/02/2020 - 18:47:18: [playercommands.smx] "Console<0><Console><Console>" slayed "A Professional With Standards<141><BOT><>"
L 08/02/2020 - 18:47:18: [playercommands.smx] "Console<0><Console><Console>" slayed "SMELLY UNFORTUNATE<142><BOT><>"
L 08/02/2020 - 18:47:18: [playercommands.smx] "Console<0><Console><Console>" slayed "Mentlegen<143><BOT><>"
L 08/02/2020 - 18:47:18: [playercommands.smx] "Console<0><Console><Console>" slayed "test<144><BOT><>"
L 08/02/2020 - 18:47:18: [playercommands.smx] "Console<0><Console><Console>" slayed "test1<145><BOT><>"
L 08/02/2020 - 18:52:09: [mapchooser_extended.smx] Voting for next map has started.
L 08/02/2020 - 18:53:21: [freak_fortress_2.smx] Freak Fortress 2 199001 Loading...
L 08/02/2020 - 18:53:21: [simple-chatprocessor.smx] [SCP] Recognized mod [Team Fortress 2].
L 08/02/2020 - 18:53:21: [simple-chatprocessor.smx] [SCP] Loading translation file [scp.tf.phrases].
L 08/02/2020 - 18:53:22: [mapchooser_extended.smx] Loaded map list for tf.
L 08/02/2020 - 18:53:25: [hpregeneration.smx] [HpRegeneration] - Loaded
L 08/02/2020 - 18:53:38: [mapchooser_extended.smx] Voting for next map has started.
L 08/02/2020 - 18:53:48: [freak_fortress_2.smx] Freak Fortress 2 199001 Loading...
L 08/02/2020 - 18:53:49: [simple-chatprocessor.smx] [SCP] Recognized mod [Team Fortress 2].
L 08/02/2020 - 18:53:49: [simple-chatprocessor.smx] [SCP] Loading translation file [scp.tf.phrases].
L 08/02/2020 - 18:53:49: [mapchooser_extended.smx] Loaded map list for tf.
L 08/02/2020 - 18:53:52: [hpregeneration.smx] [HpRegeneration] - Loaded
L 08/02/2020 - 18:54:05: [mapchooser_extended.smx] Voting for next map has started.
L 08/02/2020 - 18:54:12: [respawn.smx] "Nezzie<135><[U:1:107910185]><>" respawned "Nezzie<135><[U:1:107910185]><>"
L 08/02/2020 - 18:54:49: [respawn.smx] "Nezzie<135><[U:1:107910185]><>" respawned "Nezzie<135><[U:1:107910185]><>"
L 08/02/2020 - 18:55:54: [respawn.smx] "Nezzie<135><[U:1:107910185]><>" respawned "Nezzie<135><[U:1:107910185]><>"
L 08/02/2020 - 18:57:21: [freak_fortress_2.smx] Freak Fortress 2 199001 Loading...
L 08/02/2020 - 18:57:21: [simple-chatprocessor.smx] [SCP] Recognized mod [Team Fortress 2].
L 08/02/2020 - 18:57:21: [simple-chatprocessor.smx] [SCP] Loading translation file [scp.tf.phrases].
L 08/02/2020 - 18:57:22: [mapchooser_extended.smx] Loaded map list for tf.
L 08/02/2020 - 18:57:25: [hpregeneration.smx] [HpRegeneration] - Loaded
L 08/02/2020 - 18:57:38: [mapchooser_extended.smx] Voting for next map has started.
L 08/02/2020 - 18:59:16: [freak_fortress_2.smx] Freak Fortress 2 199001 Loading...
L 08/02/2020 - 18:59:17: [simple-chatprocessor.smx] [SCP] Recognized mod [Team Fortress 2].
L 08/02/2020 - 18:59:17: [simple-chatprocessor.smx] [SCP] Loading translation file [scp.tf.phrases].
L 08/02/2020 - 18:59:17: [mapchooser_extended.smx] Loaded map list for tf.
L 08/02/2020 - 18:59:20: [hpregeneration.smx] [HpRegeneration] - Loaded
L 08/02/2020 - 18:59:33: [mapchooser_extended.smx] Voting for next map has started.
L 08/02/2020 - 19:00:08: [freak_fortress_2.smx] Freak Fortress 2 199001 Loading...
L 08/02/2020 - 19:00:08: [simple-chatprocessor.smx] [SCP] Recognized mod [Team Fortress 2].
L 08/02/2020 - 19:00:08: [simple-chatprocessor.smx] [SCP] Loading translation file [scp.tf.phrases].
L 08/02/2020 - 19:00:09: [mapchooser_extended.smx] Loaded map list for tf.
L 08/02/2020 - 19:00:12: [hpregeneration.smx] [HpRegeneration] - Loaded
L 08/02/2020 - 19:00:25: [mapchooser_extended.smx] Voting for next map has started.
L 08/02/2020 - 19:07:13: [freak_fortress_2.smx] Freak Fortress 2 199001 Loading...
L 08/02/2020 - 19:07:14: [simple-chatprocessor.smx] [SCP] Recognized mod [Team Fortress 2].
L 08/02/2020 - 19:07:14: [simple-chatprocessor.smx] [SCP] Loading translation file [scp.tf.phrases].
L 08/02/2020 - 19:07:14: [mapchooser_extended.smx] Loaded map list for tf.
L 08/02/2020 - 19:07:17: [hpregeneration.smx] [HpRegeneration] - Loaded
L 08/02/2020 - 19:07:29: [basecommands.smx] "Nezzie<135><[U:1:107910185]><>" changed map to "arena_lumberyard"
L 08/02/2020 - 19:07:32: [SM] Changed map to "arena_nucleus"
L 08/02/2020 - 19:07:35: -------- Mapchange to arena_nucleus --------
L 08/02/2020 - 19:07:45: [mapchooser_extended.smx] Loaded map list for tf.
L 08/02/2020 - 19:07:45: [SM] Changed map to "arena_lumberyard"
L 08/02/2020 - 19:07:48: -------- Mapchange to arena_lumberyard --------
L 08/02/2020 - 19:07:57: [mapchooser_extended.smx] Loaded map list for tf.
L 08/02/2020 - 19:07:57: "Nezzie<135><[U:1:107910185]><>" was already connected to the server.
L 08/02/2020 - 19:08:56: [playercommands.smx] "Nezzie<147><[U:1:107910185]><>" slayed "test<151><BOT><>"
L 08/02/2020 - 19:08:58: [playercommands.smx] "Nezzie<147><[U:1:107910185]><>" slayed "Mega Baboon<149><BOT><>"
L 08/02/2020 - 19:10:37: [respawn.smx] "Nezzie<147><[U:1:107910185]><>" respawned "Nezzie<147><[U:1:107910185]><>"
L 08/02/2020 - 19:11:35: [freak_fortress_2.smx] Freak Fortress 2 199001 Loading...
L 08/02/2020 - 19:11:36: [simple-chatprocessor.smx] [SCP] Recognized mod [Team Fortress 2].
L 08/02/2020 - 19:11:36: [simple-chatprocessor.smx] [SCP] Loading translation file [scp.tf.phrases].
L 08/02/2020 - 19:11:36: [mapchooser_extended.smx] Loaded map list for tf.
L 08/02/2020 - 19:11:39: [hpregeneration.smx] [HpRegeneration] - Loaded
L 08/02/2020 - 19:13:22: [respawn.smx] "Nezzie<147><[U:1:107910185]><>" respawned "Nezzie<147><[U:1:107910185]><>"
L 08/02/2020 - 19:14:27: [freak_fortress_2.smx] Freak Fortress 2 199001 Loading...
L 08/02/2020 - 19:14:27: [simple-chatprocessor.smx] [SCP] Recognized mod [Team Fortress 2].
L 08/02/2020 - 19:14:27: [simple-chatprocessor.smx] [SCP] Loading translation file [scp.tf.phrases].
L 08/02/2020 - 19:14:28: [mapchooser_extended.smx] Loaded map list for tf.
L 08/02/2020 - 19:14:30: [hpregeneration.smx] [HpRegeneration] - Loaded
L 08/02/2020 - 19:16:07: [freak_fortress_2.smx] Freak Fortress 2 199001 Loading...
L 08/02/2020 - 19:16:07: [simple-chatprocessor.smx] [SCP] Recognized mod [Team Fortress 2].
L 08/02/2020 - 19:16:07: [simple-chatprocessor.smx] [SCP] Loading translation file [scp.tf.phrases].
L 08/02/2020 - 19:16:07: [mapchooser_extended.smx] Loaded map list for tf.
L 08/02/2020 - 19:16:10: [hpregeneration.smx] [HpRegeneration] - Loaded
L 08/02/2020 - 19:17:22: [playercommands.smx] "Nezzie<147><[U:1:107910185]><>" slayed "test<151><BOT><>"
L 08/02/2020 - 19:17:23: [playercommands.smx] "Nezzie<147><[U:1:107910185]><>" slayed "Glorified Toaster with Legs<150><BOT><>"
L 08/02/2020 - 19:17:24: [playercommands.smx] "Nezzie<147><[U:1:107910185]><>" slayed "Ribs Grow Back<148><BOT><>"
L 08/02/2020 - 19:17:24: [playercommands.smx] "Nezzie<147><[U:1:107910185]><>" slayed "test1<152><BOT><>"
L 08/02/2020 - 19:17:26: [playercommands.smx] "Nezzie<147><[U:1:107910185]><>" slayed "Mega Baboon<149><BOT><>"
L 08/02/2020 - 19:17:27: [playercommands.smx] "Nezzie<147><[U:1:107910185]><>" slayed "Nezzie<147><[U:1:107910185]><>"
L 08/02/2020 - 19:17:49: [playercommands.smx] "Nezzie<147><[U:1:107910185]><>" slayed "Ribs Grow Back<148><BOT><>"
L 08/02/2020 - 19:17:50: [playercommands.smx] "Nezzie<147><[U:1:107910185]><>" slayed "Glorified Toaster with Legs<150><BOT><>"
L 08/02/2020 - 19:17:50: [playercommands.smx] "Nezzie<147><[U:1:107910185]><>" slayed "Mega Baboon<149><BOT><>"
L 08/02/2020 - 19:17:56: [playercommands.smx] "Nezzie<147><[U:1:107910185]><>" slayed "test1<152><BOT><>"
L 08/02/2020 - 19:20:22: [freak_fortress_2.smx] Freak Fortress 2 199001 Loading...
L 08/02/2020 - 19:20:22: [simple-chatprocessor.smx] [SCP] Recognized mod [Team Fortress 2].
L 08/02/2020 - 19:20:22: [simple-chatprocessor.smx] [SCP] Loading translation file [scp.tf.phrases].
L 08/02/2020 - 19:20:22: [mapchooser_extended.smx] Loaded map list for tf.
L 08/02/2020 - 19:20:25: [hpregeneration.smx] [HpRegeneration] - Loaded
L 08/02/2020 - 19:21:51: [freak_fortress_2.smx] Freak Fortress 2 199001 Loading...
L 08/02/2020 - 19:21:51: [simple-chatprocessor.smx] [SCP] Recognized mod [Team Fortress 2].
L 08/02/2020 - 19:21:51: [simple-chatprocessor.smx] [SCP] Loading translation file [scp.tf.phrases].
L 08/02/2020 - 19:21:52: [mapchooser_extended.smx] Loaded map list for tf.
L 08/02/2020 - 19:21:55: [hpregeneration.smx] [HpRegeneration] - Loaded
L 08/02/2020 - 19:25:47: [freak_fortress_2.smx] Freak Fortress 2 199001 Loading...
L 08/02/2020 - 19:25:48: [simple-chatprocessor.smx] [SCP] Recognized mod [Team Fortress 2].
L 08/02/2020 - 19:25:48: [simple-chatprocessor.smx] [SCP] Loading translation file [scp.tf.phrases].
L 08/02/2020 - 19:25:48: [mapchooser_extended.smx] Loaded map list for tf.
L 08/02/2020 - 19:25:51: [hpregeneration.smx] [HpRegeneration] - Loaded
L 08/02/2020 - 19:27:17: [freak_fortress_2.smx] Freak Fortress 2 199001 Loading...
L 08/02/2020 - 19:27:17: [simple-chatprocessor.smx] [SCP] Recognized mod [Team Fortress 2].
L 08/02/2020 - 19:27:17: [simple-chatprocessor.smx] [SCP] Loading translation file [scp.tf.phrases].
L 08/02/2020 - 19:27:17: [mapchooser_extended.smx] Loaded map list for tf.
L 08/02/2020 - 19:27:20: [hpregeneration.smx] [HpRegeneration] - Loaded
L 08/02/2020 - 19:28:14: [freak_fortress_2.smx] Freak Fortress 2 199001 Loading...
L 08/02/2020 - 19:28:14: [simple-chatprocessor.smx] [SCP] Recognized mod [Team Fortress 2].
L 08/02/2020 - 19:28:14: [simple-chatprocessor.smx] [SCP] Loading translation file [scp.tf.phrases].
L 08/02/2020 - 19:28:14: [mapchooser_extended.smx] Loaded map list for tf.
L 08/02/2020 - 19:28:17: [hpregeneration.smx] [HpRegeneration] - Loaded
L 08/02/2020 - 19:28:32: [mapchooser_extended.smx] Voting for next map has started.
L 08/02/2020 - 19:36:36: [basechat.smx] "Console<0><Console><Console>" triggered sm_say (text The round time has ended, omaewa-mou shindeiru)
L 08/02/2020 - 19:36:36: [playercommands.smx] "Console<0><Console><Console>" slayed "Ribs Grow Back<148><BOT><>"
L 08/02/2020 - 19:36:36: [playercommands.smx] "Console<0><Console><Console>" slayed "Mega Baboon<149><BOT><>"
L 08/02/2020 - 19:36:36: [playercommands.smx] "Console<0><Console><Console>" slayed "Glorified Toaster with Legs<150><BOT><>"
L 08/02/2020 - 19:36:36: [playercommands.smx] "Console<0><Console><Console>" slayed "test<151><BOT><>"
L 08/02/2020 - 19:36:36: [playercommands.smx] "Console<0><Console><Console>" slayed "test1<152><BOT><>"
L 08/02/2020 - 19:44:55: [basechat.smx] "Console<0><Console><Console>" triggered sm_say (text The round time has ended, omaewa-mou shindeiru)
L 08/02/2020 - 19:44:55: [playercommands.smx] "Console<0><Console><Console>" slayed "Nezzie<147><[U:1:107910185]><>"
L 08/02/2020 - 19:44:55: [playercommands.smx] "Console<0><Console><Console>" slayed "Ribs Grow Back<148><BOT><>"
L 08/02/2020 - 19:44:55: [playercommands.smx] "Console<0><Console><Console>" slayed "Mega Baboon<149><BOT><>"
L 08/02/2020 - 19:44:55: [playercommands.smx] "Console<0><Console><Console>" slayed "Glorified Toaster with Legs<150><BOT><>"
L 08/02/2020 - 19:44:55: [playercommands.smx] "Console<0><Console><Console>" slayed "test<151><BOT><>"
L 08/02/2020 - 19:44:55: [playercommands.smx] "Console<0><Console><Console>" slayed "test1<152><BOT><>"
L 08/02/2020 - 19:45:13: [SM] Changed map to "koth_slasher"
L 08/02/2020 - 19:45:21: -------- Mapchange to koth_slasher --------
L 08/02/2020 - 19:45:34: [mapchooser_extended.smx] Loaded map list for tf.
L 08/02/2020 - 20:05:48: [mapchooser_extended.smx] Voting for next map has started.
L 08/03/2020 - 00:12:52: Log file closed.
