L 11/08/2020 - 19:32:12: SourceMod log file session started (file "/home/steamsrv/tf2/tf/addons/sourcemod/logs/L20201108.log") (Version "1.10.0.6490")
L 11/08/2020 - 19:32:12: [TF2ITEMS] "GiveNamedItem" offset = 484
L 11/08/2020 - 19:32:13: [funcommandsX.smx] Game detected as Team Fortress 2: Source (GAME_TF2)
L 11/08/2020 - 19:32:13: [simple-chatprocessor.smx] [SCP] Recognized mod [Team Fortress 2].
L 11/08/2020 - 19:32:13: [simple-chatprocessor.smx] [SCP] Loading translation file [scp.tf.phrases].
L 11/08/2020 - 19:32:13: [freak_fortress_2.smx] Freak Fortress 2 199001 Loading...
L 11/08/2020 - 19:32:31: [mapchooser_extended.smx] Loaded map list for tf.
L 11/08/2020 - 19:36:17: [funcommandsX.smx] Game detected as Team Fortress 2: Source (GAME_TF2)
L 11/08/2020 - 19:36:17: [simple-chatprocessor.smx] [SCP] Recognized mod [Team Fortress 2].
L 11/08/2020 - 19:36:17: [simple-chatprocessor.smx] [SCP] Loading translation file [scp.tf.phrases].
L 11/08/2020 - 19:36:18: [freak_fortress_2.smx] Freak Fortress 2 199001 Loading...
L 11/08/2020 - 19:36:18: [mapchooser_extended.smx] Loaded map list for tf.
L 11/08/2020 - 19:36:28: [funcommandsX.smx] Game detected as Team Fortress 2: Source (GAME_TF2)
L 11/08/2020 - 19:36:28: [simple-chatprocessor.smx] [SCP] Recognized mod [Team Fortress 2].
L 11/08/2020 - 19:36:28: [simple-chatprocessor.smx] [SCP] Loading translation file [scp.tf.phrases].
L 11/08/2020 - 19:36:28: [freak_fortress_2.smx] Freak Fortress 2 199001 Loading...
L 11/08/2020 - 19:36:28: [mapchooser_extended.smx] Loaded map list for tf.
L 11/08/2020 - 19:38:40: [funcommandsX.smx] Game detected as Team Fortress 2: Source (GAME_TF2)
L 11/08/2020 - 19:38:40: [simple-chatprocessor.smx] [SCP] Recognized mod [Team Fortress 2].
L 11/08/2020 - 19:38:40: [simple-chatprocessor.smx] [SCP] Loading translation file [scp.tf.phrases].
L 11/08/2020 - 19:38:40: [freak_fortress_2.smx] Freak Fortress 2 199001 Loading...
L 11/08/2020 - 19:38:40: [mapchooser_extended.smx] Loaded map list for tf.
L 11/08/2020 - 19:41:05: [funcommandsX.smx] Game detected as Team Fortress 2: Source (GAME_TF2)
L 11/08/2020 - 19:41:05: [simple-chatprocessor.smx] [SCP] Recognized mod [Team Fortress 2].
L 11/08/2020 - 19:41:05: [simple-chatprocessor.smx] [SCP] Loading translation file [scp.tf.phrases].
L 11/08/2020 - 19:41:06: [freak_fortress_2.smx] Freak Fortress 2 199001 Loading...
L 11/08/2020 - 19:41:06: [mapchooser_extended.smx] Loaded map list for tf.
L 11/08/2020 - 19:43:32: [funcommandsX.smx] Game detected as Team Fortress 2: Source (GAME_TF2)
L 11/08/2020 - 19:43:32: [simple-chatprocessor.smx] [SCP] Recognized mod [Team Fortress 2].
L 11/08/2020 - 19:43:32: [simple-chatprocessor.smx] [SCP] Loading translation file [scp.tf.phrases].
L 11/08/2020 - 19:43:33: [freak_fortress_2.smx] Freak Fortress 2 199001 Loading...
L 11/08/2020 - 19:43:33: [mapchooser_extended.smx] Loaded map list for tf.
L 11/08/2020 - 19:45:06: [funcommandsX.smx] Game detected as Team Fortress 2: Source (GAME_TF2)
L 11/08/2020 - 19:45:06: [simple-chatprocessor.smx] [SCP] Recognized mod [Team Fortress 2].
L 11/08/2020 - 19:45:06: [simple-chatprocessor.smx] [SCP] Loading translation file [scp.tf.phrases].
L 11/08/2020 - 19:45:07: [freak_fortress_2.smx] Freak Fortress 2 199001 Loading...
L 11/08/2020 - 19:45:07: [mapchooser_extended.smx] Loaded map list for tf.
L 11/08/2020 - 19:45:45: SourceMod log file session started (file "/home/steamsrv/tf2/tf/addons/sourcemod/logs/L20201108.log") (Version "1.10.0.6490")
L 11/08/2020 - 19:45:45: [TF2ITEMS] "GiveNamedItem" offset = 484
L 11/08/2020 - 19:45:45: [funcommandsX.smx] Game detected as Team Fortress 2: Source (GAME_TF2)
L 11/08/2020 - 19:45:45: [simple-chatprocessor.smx] [SCP] Recognized mod [Team Fortress 2].
L 11/08/2020 - 19:45:45: [simple-chatprocessor.smx] [SCP] Loading translation file [scp.tf.phrases].
L 11/08/2020 - 19:45:46: [freak_fortress_2.smx] Freak Fortress 2 199001 Loading...
L 11/08/2020 - 19:45:57: [mapchooser_extended.smx] Loaded map list for tf.
L 11/08/2020 - 19:47:37: SourceMod log file session started (file "/home/steamsrv/tf2/tf/addons/sourcemod/logs/L20201108.log") (Version "1.10.0.6490")
L 11/08/2020 - 19:47:37: [TF2ITEMS] "GiveNamedItem" offset = 484
L 11/08/2020 - 19:47:37: [funcommandsX.smx] Game detected as Team Fortress 2: Source (GAME_TF2)
L 11/08/2020 - 19:47:37: [simple-chatprocessor.smx] [SCP] Recognized mod [Team Fortress 2].
L 11/08/2020 - 19:47:37: [simple-chatprocessor.smx] [SCP] Loading translation file [scp.tf.phrases].
L 11/08/2020 - 19:47:38: [freak_fortress_2.smx] Freak Fortress 2 199001 Loading...
L 11/08/2020 - 19:47:50: [mapchooser_extended.smx] Loaded map list for tf.
L 11/08/2020 - 19:49:47: [playercommands.smx] "Nezzie<2><[U:1:107910185]><>" slayed "ZAWMBEEZ<4><BOT><>"
L 11/08/2020 - 19:50:08: [playercommands.smx] "Nezzie<2><[U:1:107910185]><>" slayed "DeadHead<3><BOT><>"
L 11/08/2020 - 20:08:31: [mapchooser_extended.smx] Voting for next map has started.
L 11/09/2020 - 00:56:13: Log file closed.
