L 08/09/2020 - 02:39:38: SourceMod log file session started (file "/home/steamsrv/tf2/tf/addons/sourcemod/logs/L20200809.log") (Version "1.10.0.6490")
L 08/09/2020 - 02:39:38: [SM] Changed map to "arena_graveyardbash_v1"
L 08/09/2020 - 02:39:41: -------- Mapchange to arena_graveyardbash_v1 --------
L 08/09/2020 - 02:39:54: [mapchooser_extended.smx] Loaded map list for tf.
L 08/09/2020 - 03:00:09: [mapchooser_extended.smx] Voting for next map has started.
L 08/09/2020 - 18:10:33: [funcommandsX.smx] "Nezzie<17><[U:1:107910185]><>" teleported "Screamin' Eagles<18><BOT><>"
L 08/09/2020 - 18:10:58: [basecommands.smx] "Nezzie<17><[U:1:107910185]><>" changed map to "arena_lumberyard"
L 08/09/2020 - 18:11:01: [SM] Changed map to "arena_lumberyard"
L 08/09/2020 - 18:11:06: -------- Mapchange to arena_lumberyard --------
L 08/09/2020 - 18:11:18: [mapchooser_extended.smx] Loaded map list for tf.
L 08/09/2020 - 18:15:24: [playercommands.smx] "Nezzie<17><[U:1:107910185]><>" slayed "Maggot<19><BOT><>"
L 08/09/2020 - 18:15:25: [playercommands.smx] "Nezzie<17><[U:1:107910185]><>" slayed "Nezzie<17><[U:1:107910185]><>"
L 08/09/2020 - 18:20:58: [respawn.smx] "Nezzie<17><[U:1:107910185]><>" respawned "Nezzie<17><[U:1:107910185]><>"
L 08/09/2020 - 18:29:46: [basechat.smx] "Console<0><Console><Console>" triggered sm_say (text The round time has ended, omaewa-mou shindeiru)
L 08/09/2020 - 18:29:46: [playercommands.smx] "Console<0><Console><Console>" slayed "Maggot<19><BOT><>"
L 08/09/2020 - 18:29:46: [playercommands.smx] "Console<0><Console><Console>" slayed "CRITRAWKETS<20><BOT><>"
L 08/09/2020 - 18:29:46: [playercommands.smx] "Console<0><Console><Console>" slayed "Herr Doktor<21><BOT><>"
L 08/09/2020 - 18:29:46: [playercommands.smx] "Console<0><Console><Console>" slayed "Gentlemanne of Leisure<22><BOT><>"
L 08/09/2020 - 18:29:46: [playercommands.smx] "Console<0><Console><Console>" slayed "Companion Cube<23><BOT><>"
L 08/09/2020 - 18:29:46: [playercommands.smx] "Console<0><Console><Console>" slayed "Target Practice<24><BOT><>"
L 08/09/2020 - 18:31:46: [mapchooser_extended.smx] Voting for next map has started.
L 08/09/2020 - 18:36:53: [funcommandsX.smx] Game detected as Team Fortress 2: Source (GAME_TF2)
L 08/09/2020 - 18:36:53: [freak_fortress_2.smx] Freak Fortress 2 199001 Loading...
L 08/09/2020 - 18:36:53: [simple-chatprocessor.smx] [SCP] Recognized mod [Team Fortress 2].
L 08/09/2020 - 18:36:53: [simple-chatprocessor.smx] [SCP] Loading translation file [scp.tf.phrases].
L 08/09/2020 - 18:36:54: [mapchooser_extended.smx] Loaded map list for tf.
L 08/09/2020 - 18:37:11: [mapchooser_extended.smx] Voting for next map has started.
L 08/09/2020 - 18:37:14: [mapchooser_extended.smx] Voting for next map has finished. Nextmap: vsh_area_54tress_b4.
L 08/09/2020 - 18:38:05: [playercommands.smx] "Nezzie<17><[U:1:107910185]><>" slayed "Target Practice<24><BOT><>"
L 08/09/2020 - 18:38:19: [playercommands.smx] "Nezzie<17><[U:1:107910185]><>" slayed "Companion Cube<23><BOT><>"
L 08/09/2020 - 18:38:24: [playercommands.smx] "Nezzie<17><[U:1:107910185]><>" slayed "Companion Cube<23><BOT><>"
L 08/09/2020 - 18:38:25: [playercommands.smx] "Nezzie<17><[U:1:107910185]><>" slayed "Companion Cube<23><BOT><>"
L 08/09/2020 - 18:39:11: [funcommands.smx] "Nezzie<17><[U:1:107910185]><>" froze "Gentlemanne of Leisure<22><BOT><>"
L 08/09/2020 - 18:40:18: [playercommands.smx] "Nezzie<17><[U:1:107910185]><>" slayed "Gentlemanne of Leisure<22><BOT><>"
L 08/09/2020 - 18:40:54: [funcommands.smx] "Nezzie<17><[U:1:107910185]><>" froze "CRITRAWKETS<20><BOT><>"
L 08/09/2020 - 18:40:54: [funcommands.smx] "Nezzie<17><[U:1:107910185]><>" froze "Herr Doktor<21><BOT><>"
L 08/09/2020 - 18:41:18: [funcommandsX.smx] Game detected as Team Fortress 2: Source (GAME_TF2)
L 08/09/2020 - 18:41:18: [freak_fortress_2.smx] Freak Fortress 2 199001 Loading...
L 08/09/2020 - 18:41:18: [simple-chatprocessor.smx] [SCP] Recognized mod [Team Fortress 2].
L 08/09/2020 - 18:41:18: [simple-chatprocessor.smx] [SCP] Loading translation file [scp.tf.phrases].
L 08/09/2020 - 18:41:18: [mapchooser_extended.smx] Loaded map list for tf.
L 08/09/2020 - 18:41:34: [mapchooser_extended.smx] Voting for next map has started.
L 08/09/2020 - 18:42:02: [playercommands.smx] "Nezzie<17><[U:1:107910185]><>" slayed "test1<27><BOT><>"
L 08/09/2020 - 18:42:15: [basecommands.smx] "Nezzie<17><[U:1:107910185]><>" changed map to "arena_lumberyard"
L 08/09/2020 - 18:42:18: [SM] Changed map to "arena_lumberyard"
L 08/09/2020 - 18:42:19: -------- Mapchange to arena_lumberyard --------
L 08/09/2020 - 18:42:29: [mapchooser_extended.smx] Loaded map list for tf.
L 08/09/2020 - 18:43:35: [playercommands.smx] "Nezzie<17><[U:1:107910185]><>" slayed "Crowbar<28><BOT><>"
L 08/09/2020 - 18:44:29: [funcommandsX.smx] Game detected as Team Fortress 2: Source (GAME_TF2)
L 08/09/2020 - 18:44:30: [freak_fortress_2.smx] Freak Fortress 2 199001 Loading...
L 08/09/2020 - 18:44:30: [simple-chatprocessor.smx] [SCP] Recognized mod [Team Fortress 2].
L 08/09/2020 - 18:44:30: [simple-chatprocessor.smx] [SCP] Loading translation file [scp.tf.phrases].
L 08/09/2020 - 18:44:30: [mapchooser_extended.smx] Loaded map list for tf.
L 08/09/2020 - 18:46:33: [respawn.smx] "Nezzie<17><[U:1:107910185]><>" respawned "Nezzie<17><[U:1:107910185]><>"
L 08/09/2020 - 18:47:09: [respawn.smx] "Nezzie<17><[U:1:107910185]><>" respawned "Nezzie<17><[U:1:107910185]><>"
L 08/09/2020 - 18:48:24: [funcommandsX.smx] Game detected as Team Fortress 2: Source (GAME_TF2)
L 08/09/2020 - 18:48:24: [freak_fortress_2.smx] Freak Fortress 2 199001 Loading...
L 08/09/2020 - 18:48:24: [simple-chatprocessor.smx] [SCP] Recognized mod [Team Fortress 2].
L 08/09/2020 - 18:48:24: [simple-chatprocessor.smx] [SCP] Loading translation file [scp.tf.phrases].
L 08/09/2020 - 18:48:25: [mapchooser_extended.smx] Loaded map list for tf.
L 08/09/2020 - 18:49:33: [respawn.smx] "Nezzie<17><[U:1:107910185]><>" respawned "Nezzie<17><[U:1:107910185]><>"
L 08/09/2020 - 18:50:35: [respawn.smx] "Nezzie<17><[U:1:107910185]><>" respawned "Nezzie<17><[U:1:107910185]><>"
L 08/09/2020 - 18:53:18: [playercommands.smx] "Nezzie<17><[U:1:107910185]><>" slayed "test1<35><BOT><>"
L 08/09/2020 - 18:53:33: [funcommandsX.smx] Game detected as Team Fortress 2: Source (GAME_TF2)
L 08/09/2020 - 18:53:33: [freak_fortress_2.smx] Freak Fortress 2 199001 Loading...
L 08/09/2020 - 18:53:33: [simple-chatprocessor.smx] [SCP] Recognized mod [Team Fortress 2].
L 08/09/2020 - 18:53:33: [simple-chatprocessor.smx] [SCP] Loading translation file [scp.tf.phrases].
L 08/09/2020 - 18:53:34: [mapchooser_extended.smx] Loaded map list for tf.
L 08/09/2020 - 18:53:43: [funcommandsX.smx] Game detected as Team Fortress 2: Source (GAME_TF2)
L 08/09/2020 - 18:53:43: [freak_fortress_2.smx] Freak Fortress 2 199001 Loading...
L 08/09/2020 - 18:53:43: [simple-chatprocessor.smx] [SCP] Recognized mod [Team Fortress 2].
L 08/09/2020 - 18:53:43: [simple-chatprocessor.smx] [SCP] Loading translation file [scp.tf.phrases].
L 08/09/2020 - 18:53:43: [mapchooser_extended.smx] Loaded map list for tf.
L 08/09/2020 - 18:54:42: [playercommands.smx] "Nezzie<17><[U:1:107910185]><>" slayed "test1<35><BOT><>"
L 08/09/2020 - 18:55:32: [funcommandsX.smx] Game detected as Team Fortress 2: Source (GAME_TF2)
L 08/09/2020 - 18:55:32: [freak_fortress_2.smx] Freak Fortress 2 199001 Loading...
L 08/09/2020 - 18:55:33: [simple-chatprocessor.smx] [SCP] Recognized mod [Team Fortress 2].
L 08/09/2020 - 18:55:33: [simple-chatprocessor.smx] [SCP] Loading translation file [scp.tf.phrases].
L 08/09/2020 - 18:55:33: [mapchooser_extended.smx] Loaded map list for tf.
L 08/09/2020 - 19:02:04: [funcommandsX.smx] Game detected as Team Fortress 2: Source (GAME_TF2)
L 08/09/2020 - 19:02:04: [freak_fortress_2.smx] Freak Fortress 2 199001 Loading...
L 08/09/2020 - 19:02:04: [simple-chatprocessor.smx] [SCP] Recognized mod [Team Fortress 2].
L 08/09/2020 - 19:02:04: [simple-chatprocessor.smx] [SCP] Loading translation file [scp.tf.phrases].
L 08/09/2020 - 19:02:04: [mapchooser_extended.smx] Loaded map list for tf.
L 08/09/2020 - 19:02:56: [mapchooser_extended.smx] Voting for next map has started.
L 08/09/2020 - 19:03:07: [mapchooser_extended.smx] Voting for next map has finished. Nextmap: vsh_dunger_b2a.
L 08/09/2020 - 19:03:13: [respawn.smx] "Nezzie<17><[U:1:107910185]><>" respawned "Nezzie<17><[U:1:107910185]><>"
L 08/09/2020 - 19:03:13: [respawn.smx] "Nezzie<17><[U:1:107910185]><>" respawned "moist cheese<25><[U:1:351468059]><>"
L 08/09/2020 - 19:03:56: [funcommandsX.smx] Game detected as Team Fortress 2: Source (GAME_TF2)
L 08/09/2020 - 19:03:56: [freak_fortress_2.smx] Freak Fortress 2 199001 Loading...
L 08/09/2020 - 19:03:57: [simple-chatprocessor.smx] [SCP] Recognized mod [Team Fortress 2].
L 08/09/2020 - 19:03:57: [simple-chatprocessor.smx] [SCP] Loading translation file [scp.tf.phrases].
L 08/09/2020 - 19:03:57: [mapchooser_extended.smx] Loaded map list for tf.
L 08/09/2020 - 19:04:14: [mapchooser_extended.smx] Voting for next map has started.
L 08/09/2020 - 19:04:16: [mapchooser_extended.smx] Voting for next map has finished. Nextmap: vsh_abandoned_warehouse_final_v3.
L 08/09/2020 - 19:13:12: [SM] Changed map to "vsh_abandoned_warehouse_final_v3"
L 08/09/2020 - 19:13:15: -------- Mapchange to vsh_abandoned_warehouse_final_v3 --------
L 08/09/2020 - 19:13:26: [mapchooser_extended.smx] Loaded map list for tf.
L 08/09/2020 - 19:21:58: [basechat.smx] "Console<0><Console><Console>" triggered sm_say (text The round time has ended, omaewa-mou shindeiru)
L 08/09/2020 - 19:21:58: [playercommands.smx] "Console<0><Console><Console>" slayed "Nezzie<17><[U:1:107910185]><>"
L 08/09/2020 - 19:21:58: [playercommands.smx] "Console<0><Console><Console>" slayed "Force of Nature<36><BOT><>"
L 08/09/2020 - 19:21:58: [playercommands.smx] "Console<0><Console><Console>" slayed "Grim Bloody Fable<37><BOT><>"
L 08/09/2020 - 19:21:58: [playercommands.smx] "Console<0><Console><Console>" slayed "A Professional With Standards<38><BOT><>"
L 08/09/2020 - 19:21:58: [playercommands.smx] "Console<0><Console><Console>" slayed "SMELLY UNFORTUNATE<39><BOT><>"
L 08/09/2020 - 19:21:58: [playercommands.smx] "Console<0><Console><Console>" slayed "Mentlegen<40><BOT><>"
L 08/09/2020 - 19:21:58: [playercommands.smx] "Console<0><Console><Console>" slayed "Ribs Grow Back<41><BOT><>"
L 08/09/2020 - 19:30:16: [basechat.smx] "Console<0><Console><Console>" triggered sm_say (text The round time has ended, omaewa-mou shindeiru)
L 08/09/2020 - 19:30:16: [playercommands.smx] "Console<0><Console><Console>" slayed "Nezzie<17><[U:1:107910185]><>"
L 08/09/2020 - 19:30:16: [playercommands.smx] "Console<0><Console><Console>" slayed "Force of Nature<36><BOT><>"
L 08/09/2020 - 19:30:16: [playercommands.smx] "Console<0><Console><Console>" slayed "Grim Bloody Fable<37><BOT><>"
L 08/09/2020 - 19:30:16: [playercommands.smx] "Console<0><Console><Console>" slayed "A Professional With Standards<38><BOT><>"
L 08/09/2020 - 19:30:16: [playercommands.smx] "Console<0><Console><Console>" slayed "SMELLY UNFORTUNATE<39><BOT><>"
L 08/09/2020 - 19:30:16: [playercommands.smx] "Console<0><Console><Console>" slayed "Mentlegen<40><BOT><>"
L 08/09/2020 - 19:30:16: [playercommands.smx] "Console<0><Console><Console>" slayed "Ribs Grow Back<41><BOT><>"
L 08/09/2020 - 19:33:19: [funcommandsX.smx] Game detected as Team Fortress 2: Source (GAME_TF2)
L 08/09/2020 - 19:33:19: [freak_fortress_2.smx] Freak Fortress 2 199001 Loading...
L 08/09/2020 - 19:33:20: [simple-chatprocessor.smx] [SCP] Recognized mod [Team Fortress 2].
L 08/09/2020 - 19:33:20: [simple-chatprocessor.smx] [SCP] Loading translation file [scp.tf.phrases].
L 08/09/2020 - 19:33:20: [mapchooser_extended.smx] Loaded map list for tf.
L 08/09/2020 - 19:33:43: [mapchooser_extended.smx] Voting for next map has started.
L 08/09/2020 - 19:34:04: [mapchooser_extended.smx] Voting for next map has finished. Nextmap: vsh_nebula_rc1.
L 08/09/2020 - 19:41:07: [respawn.smx] "Nezzie<17><[U:1:107910185]><>" respawned "moist cheese<43><[U:1:351468059]><>"
L 08/09/2020 - 19:41:40: [funcommandsX.smx] Game detected as Team Fortress 2: Source (GAME_TF2)
L 08/09/2020 - 19:41:40: [freak_fortress_2.smx] Freak Fortress 2 199001 Loading...
L 08/09/2020 - 19:41:41: [simple-chatprocessor.smx] [SCP] Recognized mod [Team Fortress 2].
L 08/09/2020 - 19:41:41: [simple-chatprocessor.smx] [SCP] Loading translation file [scp.tf.phrases].
L 08/09/2020 - 19:41:41: [mapchooser_extended.smx] Loaded map list for tf.
L 08/09/2020 - 19:41:57: [mapchooser_extended.smx] Voting for next map has started.
L 08/09/2020 - 19:42:00: [mapchooser_extended.smx] Voting for next map has finished. Nextmap: vsh_nebula_rc1.
L 08/09/2020 - 19:42:37: [funcommandsX.smx] Game detected as Team Fortress 2: Source (GAME_TF2)
L 08/09/2020 - 19:42:37: [freak_fortress_2.smx] Freak Fortress 2 199001 Loading...
L 08/09/2020 - 19:42:37: [simple-chatprocessor.smx] [SCP] Recognized mod [Team Fortress 2].
L 08/09/2020 - 19:42:37: [simple-chatprocessor.smx] [SCP] Loading translation file [scp.tf.phrases].
L 08/09/2020 - 19:42:37: [mapchooser_extended.smx] Loaded map list for tf.
L 08/09/2020 - 19:42:53: [mapchooser_extended.smx] Voting for next map has started.
L 08/09/2020 - 19:43:09: [mapchooser_extended.smx] Voting for next map has started.
L 08/09/2020 - 19:43:11: [mapchooser_extended.smx] Voting for next map has finished. Nextmap: arena_lumberyard.
L 08/09/2020 - 19:44:41: [SM] Changed map to "arena_lumberyard"
L 08/09/2020 - 19:44:45: -------- Mapchange to arena_lumberyard --------
L 08/09/2020 - 19:44:56: [mapchooser_extended.smx] Loaded map list for tf.
L 08/09/2020 - 19:45:35: [respawn.smx] "Nezzie<17><[U:1:107910185]><>" respawned "moist cheese<43><[U:1:351468059]><>"
L 08/09/2020 - 19:47:24: [funcommandsX.smx] Game detected as Team Fortress 2: Source (GAME_TF2)
L 08/09/2020 - 19:47:24: [freak_fortress_2.smx] Freak Fortress 2 199001 Loading...
L 08/09/2020 - 19:47:25: [simple-chatprocessor.smx] [SCP] Recognized mod [Team Fortress 2].
L 08/09/2020 - 19:47:25: [simple-chatprocessor.smx] [SCP] Loading translation file [scp.tf.phrases].
L 08/09/2020 - 19:47:25: [mapchooser_extended.smx] Loaded map list for tf.
L 08/09/2020 - 19:47:54: [respawn.smx] "Nezzie<17><[U:1:107910185]><>" respawned "Nezzie<17><[U:1:107910185]><>"
L 08/09/2020 - 19:48:07: [respawn.smx] "Nezzie<17><[U:1:107910185]><>" respawned "Nezzie<17><[U:1:107910185]><>"
L 08/09/2020 - 19:48:27: [respawn.smx] "Nezzie<17><[U:1:107910185]><>" respawned "Nezzie<17><[U:1:107910185]><>"
L 08/09/2020 - 20:05:13: [mapchooser_extended.smx] Voting for next map has started.
L 08/09/2020 - 21:42:46: [basecommands.smx] "Nezzie<50><[U:1:107910185]><>" changed map to "arena_lumberyard"
L 08/09/2020 - 21:42:49: [SM] Changed map to "arena_lumberyard"
L 08/09/2020 - 21:42:51: -------- Mapchange to arena_lumberyard --------
L 08/09/2020 - 21:43:02: [mapchooser_extended.smx] Loaded map list for tf.
L 08/09/2020 - 21:44:43: [respawn.smx] "Nezzie<50><[U:1:107910185]><>" respawned "Nezzie<50><[U:1:107910185]><>"
L 08/09/2020 - 21:46:15: [respawn.smx] "Nezzie<50><[U:1:107910185]><>" respawned "Nezzie<50><[U:1:107910185]><>"
L 08/09/2020 - 21:46:42: [funcommandsX.smx] Game detected as Team Fortress 2: Source (GAME_TF2)
L 08/09/2020 - 21:46:42: [freak_fortress_2.smx] Freak Fortress 2 199001 Loading...
L 08/09/2020 - 21:46:43: [simple-chatprocessor.smx] [SCP] Recognized mod [Team Fortress 2].
L 08/09/2020 - 21:46:43: [simple-chatprocessor.smx] [SCP] Loading translation file [scp.tf.phrases].
L 08/09/2020 - 21:46:43: [mapchooser_extended.smx] Loaded map list for tf.
L 08/09/2020 - 21:55:02: [basechat.smx] "Console<0><Console><Console>" triggered sm_say (text The round time has ended, omaewa-mou shindeiru)
L 08/09/2020 - 21:55:02: [playercommands.smx] "Console<0><Console><Console>" slayed "TAAAAANK!<57><BOT><>"
L 08/09/2020 - 21:55:02: [playercommands.smx] "Console<0><Console><Console>" slayed "Black Mesa<58><BOT><>"
L 08/09/2020 - 21:55:02: [playercommands.smx] "Console<0><Console><Console>" slayed "CEDA<59><BOT><>"
L 08/09/2020 - 21:55:02: [playercommands.smx] "Console<0><Console><Console>" slayed "NotMe<60><BOT><>"
L 08/09/2020 - 21:55:02: [playercommands.smx] "Console<0><Console><Console>" slayed "BoomerBile<61><BOT><>"
L 08/09/2020 - 21:55:02: [playercommands.smx] "Console<0><Console><Console>" slayed "Mann Co.<62><BOT><>"
L 08/09/2020 - 21:55:02: [playercommands.smx] "Console<0><Console><Console>" slayed "test<63><BOT><>"
L 08/09/2020 - 21:55:02: [playercommands.smx] "Console<0><Console><Console>" slayed "test1<64><BOT><>"
L 08/09/2020 - 21:57:48: [funcommandsX.smx] Game detected as Team Fortress 2: Source (GAME_TF2)
L 08/09/2020 - 21:57:48: [freak_fortress_2.smx] Freak Fortress 2 199001 Loading...
L 08/09/2020 - 21:57:49: [simple-chatprocessor.smx] [SCP] Recognized mod [Team Fortress 2].
L 08/09/2020 - 21:57:49: [simple-chatprocessor.smx] [SCP] Loading translation file [scp.tf.phrases].
L 08/09/2020 - 21:57:49: [mapchooser_extended.smx] Loaded map list for tf.
L 08/09/2020 - 22:00:17: [funcommandsX.smx] Game detected as Team Fortress 2: Source (GAME_TF2)
L 08/09/2020 - 22:00:17: [freak_fortress_2.smx] Freak Fortress 2 199001 Loading...
L 08/09/2020 - 22:00:18: [simple-chatprocessor.smx] [SCP] Recognized mod [Team Fortress 2].
L 08/09/2020 - 22:00:18: [simple-chatprocessor.smx] [SCP] Loading translation file [scp.tf.phrases].
L 08/09/2020 - 22:00:19: [mapchooser_extended.smx] Loaded map list for tf.
L 08/09/2020 - 22:03:30: [mapchooser_extended.smx] Voting for next map has started.
L 08/09/2020 - 22:03:34: [mapchooser_extended.smx] Voting for next map has finished. Nextmap: vsh_dirtmound_b9.
L 08/09/2020 - 22:06:36: [funcommandsX.smx] Game detected as Team Fortress 2: Source (GAME_TF2)
L 08/09/2020 - 22:06:36: [freak_fortress_2.smx] Freak Fortress 2 199001 Loading...
L 08/09/2020 - 22:06:37: [simple-chatprocessor.smx] [SCP] Recognized mod [Team Fortress 2].
L 08/09/2020 - 22:06:37: [simple-chatprocessor.smx] [SCP] Loading translation file [scp.tf.phrases].
L 08/09/2020 - 22:06:37: [mapchooser_extended.smx] Loaded map list for tf.
L 08/09/2020 - 22:06:53: [mapchooser_extended.smx] Voting for next map has started.
L 08/09/2020 - 22:06:56: [mapchooser_extended.smx] Voting for next map has finished. Nextmap: vsh_citypeak_v1_sg1.
L 08/09/2020 - 22:07:31: [playercommands.smx] "Nezzie<50><[U:1:107910185]><>" slayed "test1<64><BOT><>"
L 08/09/2020 - 22:09:57: [playercommands.smx] "Nezzie<50><[U:1:107910185]><>" slayed "test<63><BOT><>"
L 08/09/2020 - 22:10:03: [funcommandsX.smx] Game detected as Team Fortress 2: Source (GAME_TF2)
L 08/09/2020 - 22:10:03: [freak_fortress_2.smx] Freak Fortress 2 199001 Loading...
L 08/09/2020 - 22:10:04: [simple-chatprocessor.smx] [SCP] Recognized mod [Team Fortress 2].
L 08/09/2020 - 22:10:04: [simple-chatprocessor.smx] [SCP] Loading translation file [scp.tf.phrases].
L 08/09/2020 - 22:10:05: [mapchooser_extended.smx] Loaded map list for tf.
L 08/09/2020 - 22:10:22: [mapchooser_extended.smx] Voting for next map has started.
L 08/09/2020 - 22:10:24: [mapchooser_extended.smx] Voting for next map has finished. Nextmap: vsh_drejun_v3.
L 08/09/2020 - 22:10:49: [respawn.smx] "Nezzie<50><[U:1:107910185]><>" respawned "Nezzie<50><[U:1:107910185]><>"
L 08/09/2020 - 22:11:39: [respawn.smx] "Nezzie<50><[U:1:107910185]><>" respawned "Nezzie<50><[U:1:107910185]><>"
L 08/09/2020 - 22:12:45: [respawn.smx] "Nezzie<50><[U:1:107910185]><>" respawned "Nezzie<50><[U:1:107910185]><>"
L 08/09/2020 - 22:12:59: [funcommandsX.smx] "Nezzie<50><[U:1:107910185]><>" teleported "test1<64><BOT><>"
L 08/09/2020 - 22:15:17: [funcommandsX.smx] Game detected as Team Fortress 2: Source (GAME_TF2)
L 08/09/2020 - 22:15:17: [freak_fortress_2.smx] Freak Fortress 2 199001 Loading...
L 08/09/2020 - 22:15:18: [simple-chatprocessor.smx] [SCP] Recognized mod [Team Fortress 2].
L 08/09/2020 - 22:15:18: [simple-chatprocessor.smx] [SCP] Loading translation file [scp.tf.phrases].
L 08/09/2020 - 22:15:18: [mapchooser_extended.smx] Loaded map list for tf.
L 08/09/2020 - 22:15:30: [basecommands.smx] "Nezzie<50><[U:1:107910185]><>" changed map to "arena_lumberyard"
L 08/09/2020 - 22:15:33: [SM] Changed map to "arena_lumberyard"
L 08/09/2020 - 22:15:35: -------- Mapchange to arena_lumberyard --------
L 08/09/2020 - 22:15:46: [mapchooser_extended.smx] Loaded map list for tf.
L 08/09/2020 - 22:21:37: [funcommandsX.smx] Game detected as Team Fortress 2: Source (GAME_TF2)
L 08/09/2020 - 22:21:37: [freak_fortress_2.smx] Freak Fortress 2 199001 Loading...
L 08/09/2020 - 22:21:37: [simple-chatprocessor.smx] [SCP] Recognized mod [Team Fortress 2].
L 08/09/2020 - 22:21:37: [simple-chatprocessor.smx] [SCP] Loading translation file [scp.tf.phrases].
L 08/09/2020 - 22:21:38: [mapchooser_extended.smx] Loaded map list for tf.
L 08/09/2020 - 22:24:05: [respawn.smx] "Nezzie<50><[U:1:107910185]><>" respawned "Nezzie<50><[U:1:107910185]><>"
L 08/09/2020 - 22:24:50: [funcommandsX.smx] Game detected as Team Fortress 2: Source (GAME_TF2)
L 08/09/2020 - 22:24:50: [freak_fortress_2.smx] Freak Fortress 2 199001 Loading...
L 08/09/2020 - 22:24:51: [simple-chatprocessor.smx] [SCP] Recognized mod [Team Fortress 2].
L 08/09/2020 - 22:24:51: [simple-chatprocessor.smx] [SCP] Loading translation file [scp.tf.phrases].
L 08/09/2020 - 22:24:51: [mapchooser_extended.smx] Loaded map list for tf.
L 08/09/2020 - 22:26:43: [respawn.smx] "Nezzie<50><[U:1:107910185]><>" respawned "Nezzie<50><[U:1:107910185]><>"
L 08/09/2020 - 22:27:41: [funcommandsX.smx] Game detected as Team Fortress 2: Source (GAME_TF2)
L 08/09/2020 - 22:27:41: [freak_fortress_2.smx] Freak Fortress 2 199001 Loading...
L 08/09/2020 - 22:27:41: [simple-chatprocessor.smx] [SCP] Recognized mod [Team Fortress 2].
L 08/09/2020 - 22:27:41: [simple-chatprocessor.smx] [SCP] Loading translation file [scp.tf.phrases].
L 08/09/2020 - 22:27:42: [mapchooser_extended.smx] Loaded map list for tf.
L 08/09/2020 - 22:29:57: [respawn.smx] "Nezzie<50><[U:1:107910185]><>" respawned "Nezzie<50><[U:1:107910185]><>"
L 08/09/2020 - 22:30:34: [funcommandsX.smx] Game detected as Team Fortress 2: Source (GAME_TF2)
L 08/09/2020 - 22:30:34: [freak_fortress_2.smx] Freak Fortress 2 199001 Loading...
L 08/09/2020 - 22:30:34: [simple-chatprocessor.smx] [SCP] Recognized mod [Team Fortress 2].
L 08/09/2020 - 22:30:34: [simple-chatprocessor.smx] [SCP] Loading translation file [scp.tf.phrases].
L 08/09/2020 - 22:30:34: [mapchooser_extended.smx] Loaded map list for tf.
L 08/09/2020 - 22:31:13: [playercommands.smx] "Nezzie<50><[U:1:107910185]><>" slayed "Humans Are Weak<72><BOT><>"
L 08/09/2020 - 22:32:04: [playercommands.smx] "Nezzie<50><[U:1:107910185]><>" slayed "CrySomeMore<71><BOT><>"
L 08/09/2020 - 22:32:32: [playercommands.smx] "Nezzie<50><[U:1:107910185]><>" slayed "Hostage<70><BOT><>"
L 08/09/2020 - 22:32:57: [playercommands.smx] "Nezzie<50><[U:1:107910185]><>" slayed "SomeDude<69><BOT><>"
L 08/09/2020 - 22:33:13: [funcommandsX.smx] Game detected as Team Fortress 2: Source (GAME_TF2)
L 08/09/2020 - 22:33:13: [freak_fortress_2.smx] Freak Fortress 2 199001 Loading...
L 08/09/2020 - 22:33:14: [simple-chatprocessor.smx] [SCP] Recognized mod [Team Fortress 2].
L 08/09/2020 - 22:33:14: [simple-chatprocessor.smx] [SCP] Loading translation file [scp.tf.phrases].
L 08/09/2020 - 22:33:14: [mapchooser_extended.smx] Loaded map list for tf.
L 08/09/2020 - 22:36:00: [funcommandsX.smx] Game detected as Team Fortress 2: Source (GAME_TF2)
L 08/09/2020 - 22:36:00: [freak_fortress_2.smx] Freak Fortress 2 199001 Loading...
L 08/09/2020 - 22:36:01: [simple-chatprocessor.smx] [SCP] Recognized mod [Team Fortress 2].
L 08/09/2020 - 22:36:01: [simple-chatprocessor.smx] [SCP] Loading translation file [scp.tf.phrases].
L 08/09/2020 - 22:36:01: [mapchooser_extended.smx] Loaded map list for tf.
L 08/09/2020 - 22:36:18: [mapchooser_extended.smx] Voting for next map has started.
L 08/09/2020 - 22:36:22: [mapchooser_extended.smx] Voting for next map has finished. Nextmap: vsh_area_54tress_b4.
L 08/09/2020 - 22:37:43: [funcommandsX.smx] Game detected as Team Fortress 2: Source (GAME_TF2)
L 08/09/2020 - 22:37:43: [freak_fortress_2.smx] Freak Fortress 2 199001 Loading...
L 08/09/2020 - 22:37:43: [simple-chatprocessor.smx] [SCP] Recognized mod [Team Fortress 2].
L 08/09/2020 - 22:37:43: [simple-chatprocessor.smx] [SCP] Loading translation file [scp.tf.phrases].
L 08/09/2020 - 22:37:43: [mapchooser_extended.smx] Loaded map list for tf.
L 08/09/2020 - 22:37:59: [mapchooser_extended.smx] Voting for next map has started.
L 08/09/2020 - 22:38:02: [mapchooser_extended.smx] Voting for next map has finished. Nextmap: vsh_dunger_b2a.
L 08/09/2020 - 22:38:32: [playercommands.smx] "Nezzie<50><[U:1:107910185]><>" slayed "test1<74><BOT><>"
L 08/09/2020 - 22:41:49: [funcommandsX.smx] Game detected as Team Fortress 2: Source (GAME_TF2)
L 08/09/2020 - 22:41:49: [freak_fortress_2.smx] Freak Fortress 2 199001 Loading...
L 08/09/2020 - 22:41:49: [simple-chatprocessor.smx] [SCP] Recognized mod [Team Fortress 2].
L 08/09/2020 - 22:41:49: [simple-chatprocessor.smx] [SCP] Loading translation file [scp.tf.phrases].
L 08/09/2020 - 22:41:49: [mapchooser_extended.smx] Loaded map list for tf.
L 08/09/2020 - 22:42:06: [mapchooser_extended.smx] Voting for next map has started.
L 08/09/2020 - 22:42:15: [mapchooser_extended.smx] Voting for next map has finished. Nextmap: arena_watchtower.
L 08/09/2020 - 22:43:33: [funcommandsX.smx] Game detected as Team Fortress 2: Source (GAME_TF2)
L 08/09/2020 - 22:43:33: [freak_fortress_2.smx] Freak Fortress 2 199001 Loading...
L 08/09/2020 - 22:43:34: [simple-chatprocessor.smx] [SCP] Recognized mod [Team Fortress 2].
L 08/09/2020 - 22:43:34: [simple-chatprocessor.smx] [SCP] Loading translation file [scp.tf.phrases].
L 08/09/2020 - 22:43:34: [mapchooser_extended.smx] Loaded map list for tf.
L 08/09/2020 - 22:43:50: [mapchooser_extended.smx] Voting for next map has started.
L 08/09/2020 - 22:43:54: [mapchooser_extended.smx] Voting for next map has finished. Nextmap: arena_nucleus.
L 08/09/2020 - 22:44:26: [playercommands.smx] "Nezzie<50><[U:1:107910185]><>" slayed "test1<74><BOT><>"
L 08/09/2020 - 22:46:17: [SM] Changed map to "arena_nucleus"
L 08/09/2020 - 22:46:20: -------- Mapchange to arena_nucleus --------
L 08/09/2020 - 22:46:31: [mapchooser_extended.smx] Loaded map list for tf.
L 08/09/2020 - 23:06:45: [mapchooser_extended.smx] Voting for next map has started.
L 08/10/2020 - 00:30:18: Log file closed.
