L 12/08/2020 - 00:08:26: SourceMod log file session started (file "/home/steamsrv/tf2/tf/addons/sourcemod/logs/L20201208.log") (Version "1.10.0.6490")
L 12/08/2020 - 00:08:26: [mapchooser_extended.smx] Voting for next map has started.
L 12/08/2020 - 00:13:05: [funcommands.smx] "Hailstorm<98><[U:1:181986054]><>" set a beacon on "Hailstorm<98><[U:1:181986054]><>"
L 12/08/2020 - 00:13:27: [funcommands.smx] "Hailstorm<98><[U:1:181986054]><>" set gravity on "Hailstorm<98><[U:1:181986054]><>" (amount "0.100000")
L 12/08/2020 - 00:19:29: [SM] Changed map to "vsh_intrusion_rc2"
L 12/08/2020 - 00:19:34: -------- Mapchange to vsh_intrusion_rc2 --------
L 12/08/2020 - 00:19:45: [mapchooser_extended.smx] Loaded map list for tf.
L 12/08/2020 - 00:23:57: [funcommands.smx] "Hailstorm<98><[U:1:181986054]><>" ignited "FROSTY F1SH (ART COMMS. OPEN)<99><[U:1:445849108]><>" (seconds "20.000000")
L 12/08/2020 - 00:35:27: [funcommands.smx] "Hailstorm<98><[U:1:181986054]><>" set gravity on "Hailstorm<98><[U:1:181986054]><>" (amount "0.500000")
L 12/08/2020 - 00:40:03: [mapchooser_extended.smx] Voting for next map has started.
L 12/08/2020 - 00:40:22: [mapchooser_extended.smx] Voting for next map has started.
L 12/08/2020 - 00:40:32: [mapchooser_extended.smx] Voting for next map has finished. Nextmap: vsh_area_54tress_b4.
L 12/08/2020 - 00:52:53: [SM] Changed map to "vsh_area_54tress_b4"
L 12/08/2020 - 00:52:55: -------- Mapchange to vsh_area_54tress_b4 --------
L 12/08/2020 - 00:53:06: [mapchooser_extended.smx] Loaded map list for tf.
L 12/08/2020 - 00:56:54: [funcommandsX.smx] "Hailstorm<98><[U:1:181986054]><>" enabled disco mode
L 12/08/2020 - 00:57:15: [funcommandsX.smx] "Hailstorm<98><[U:1:181986054]><>" disabled disco mode
L 12/08/2020 - 01:06:23: [basechat.smx] "Console<0><Console><Console>" triggered sm_say (text The round time has ended, omaewa-mou shindeiru)
L 12/08/2020 - 01:06:23: [playercommands.smx] "Console<0><Console><Console>" slayed "Hailstorm<98><[U:1:181986054]><>"
L 12/08/2020 - 01:06:23: [playercommands.smx] "Console<0><Console><Console>" slayed "FROSTY F1SH (ART COMMS. OPEN)<99><[U:1:445849108]><>"
L 12/08/2020 - 01:13:21: [mapchooser_extended.smx] Voting for next map has started.
L 12/08/2020 - 01:13:47: [mapchooser_extended.smx] Voting for next map has started.
L 12/08/2020 - 01:13:50: [mapchooser_extended.smx] Voting for next map has finished. Nextmap: vsh_crevice_b5.
L 12/08/2020 - 01:23:42: [SM] Changed map to "vsh_crevice_b5"
L 12/08/2020 - 01:23:45: -------- Mapchange to vsh_crevice_b5 --------
L 12/08/2020 - 01:23:55: [mapchooser_extended.smx] Loaded map list for tf.
L 12/08/2020 - 01:35:52: [respawn.smx] "FROSTY F1SH (ART COMMS. OPEN)<99><[U:1:445849108]><>" respawned "FROSTY F1SH (ART COMMS. OPEN)<99><[U:1:445849108]><>"
L 12/08/2020 - 01:36:52: [funcommands.smx] "Hailstorm<98><[U:1:181986054]><>" set a beacon on "Hailstorm<98><[U:1:181986054]><>"
L 12/08/2020 - 01:37:15: [funcommands.smx] "Hailstorm<98><[U:1:181986054]><>" froze "Hailstorm<98><[U:1:181986054]><>"
L 12/08/2020 - 01:37:21: [funcommands.smx] "Hailstorm<98><[U:1:181986054]><>" froze "Draconic (Azel)<101><[U:1:101368949]><>"
L 12/08/2020 - 01:37:22: [funcommands.smx] "Hailstorm<98><[U:1:181986054]><>" froze "FROSTY F1SH (ART COMMS. OPEN)<99><[U:1:445849108]><>"
L 12/08/2020 - 01:37:35: [playercommands.smx] "Hailstorm<98><[U:1:181986054]><>" slapped "Draconic (Azel)<101><[U:1:101368949]><>" (damage "0")
L 12/08/2020 - 01:37:35: [playercommands.smx] "Hailstorm<98><[U:1:181986054]><>" slapped "Draconic (Azel)<101><[U:1:101368949]><>" (damage "0")
L 12/08/2020 - 01:37:35: [playercommands.smx] "Hailstorm<98><[U:1:181986054]><>" slapped "Draconic (Azel)<101><[U:1:101368949]><>" (damage "0")
L 12/08/2020 - 01:37:36: [playercommands.smx] "Hailstorm<98><[U:1:181986054]><>" slapped "Draconic (Azel)<101><[U:1:101368949]><>" (damage "0")
L 12/08/2020 - 01:37:36: [playercommands.smx] "Hailstorm<98><[U:1:181986054]><>" slapped "Draconic (Azel)<101><[U:1:101368949]><>" (damage "0")
L 12/08/2020 - 01:37:36: [playercommands.smx] "Hailstorm<98><[U:1:181986054]><>" slapped "Draconic (Azel)<101><[U:1:101368949]><>" (damage "0")
L 12/08/2020 - 01:37:36: [playercommands.smx] "Hailstorm<98><[U:1:181986054]><>" slapped "Draconic (Azel)<101><[U:1:101368949]><>" (damage "0")
L 12/08/2020 - 01:37:37: [playercommands.smx] "Hailstorm<98><[U:1:181986054]><>" slapped "Draconic (Azel)<101><[U:1:101368949]><>" (damage "0")
L 12/08/2020 - 01:37:37: [playercommands.smx] "Hailstorm<98><[U:1:181986054]><>" slapped "Draconic (Azel)<101><[U:1:101368949]><>" (damage "0")
L 12/08/2020 - 01:37:37: [playercommands.smx] "Hailstorm<98><[U:1:181986054]><>" slapped "Draconic (Azel)<101><[U:1:101368949]><>" (damage "0")
L 12/08/2020 - 01:37:38: [playercommands.smx] "Hailstorm<98><[U:1:181986054]><>" slapped "Draconic (Azel)<101><[U:1:101368949]><>" (damage "0")
L 12/08/2020 - 01:37:38: [playercommands.smx] "Hailstorm<98><[U:1:181986054]><>" slapped "Draconic (Azel)<101><[U:1:101368949]><>" (damage "0")
L 12/08/2020 - 01:37:38: [playercommands.smx] "Hailstorm<98><[U:1:181986054]><>" slapped "Draconic (Azel)<101><[U:1:101368949]><>" (damage "0")
L 12/08/2020 - 01:37:41: [playercommands.smx] "Hailstorm<98><[U:1:181986054]><>" slapped "FROSTY F1SH (ART COMMS. OPEN)<99><[U:1:445849108]><>" (damage "0")
L 12/08/2020 - 01:37:42: [playercommands.smx] "Hailstorm<98><[U:1:181986054]><>" slapped "FROSTY F1SH (ART COMMS. OPEN)<99><[U:1:445849108]><>" (damage "0")
L 12/08/2020 - 01:37:57: [playercommands.smx] "Hailstorm<98><[U:1:181986054]><>" slapped "Hailstorm<98><[U:1:181986054]><>" (damage "0")
L 12/08/2020 - 01:37:57: [playercommands.smx] "Hailstorm<98><[U:1:181986054]><>" slapped "Hailstorm<98><[U:1:181986054]><>" (damage "0")
L 12/08/2020 - 01:37:59: [playercommands.smx] "Hailstorm<98><[U:1:181986054]><>" slapped "Hailstorm<98><[U:1:181986054]><>" (damage "0")
L 12/08/2020 - 01:37:59: [playercommands.smx] "Hailstorm<98><[U:1:181986054]><>" slapped "Hailstorm<98><[U:1:181986054]><>" (damage "0")
L 12/08/2020 - 01:38:00: [playercommands.smx] "Hailstorm<98><[U:1:181986054]><>" slapped "Hailstorm<98><[U:1:181986054]><>" (damage "0")
L 12/08/2020 - 01:38:00: [playercommands.smx] "Hailstorm<98><[U:1:181986054]><>" slapped "Hailstorm<98><[U:1:181986054]><>" (damage "0")
L 12/08/2020 - 01:38:40: [funcommandsX.smx] "Hailstorm<98><[U:1:181986054]><>" made "Draconic (Azel)<101><[U:1:101368949]><>" Happy
L 12/08/2020 - 01:39:14: [funcommandsX.smx] "Hailstorm<98><[U:1:181986054]><>" made "Draconic (Azel)<101><[U:1:101368949]><>" Unhappy
L 12/08/2020 - 01:39:41: [funcommandsX.smx] "Hailstorm<98><[U:1:181986054]><>" made "FROSTY F1SH (ART COMMS. OPEN)<99><[U:1:445849108]><>" Happy
L 12/08/2020 - 01:39:45: [funcommandsX.smx] "FROSTY F1SH (ART COMMS. OPEN)<99><[U:1:445849108]><>" made "FROSTY F1SH (ART COMMS. OPEN)<99><[U:1:445849108]><>" Unhappy
L 12/08/2020 - 01:39:49: [funcommandsX.smx] "Hailstorm<98><[U:1:181986054]><>" made "FROSTY F1SH (ART COMMS. OPEN)<99><[U:1:445849108]><>" Happy
L 12/08/2020 - 01:40:05: [funcommandsX.smx] "Hailstorm<98><[U:1:181986054]><>" made "FROSTY F1SH (ART COMMS. OPEN)<99><[U:1:445849108]><>" Unhappy
L 12/08/2020 - 01:40:08: [funcommandsX.smx] "Hailstorm<98><[U:1:181986054]><>" made "Hailstorm<98><[U:1:181986054]><>" Happy
L 12/08/2020 - 01:40:25: [funcommandsX.smx] "Hailstorm<98><[U:1:181986054]><>" made "Hailstorm<98><[U:1:181986054]><>" Unhappy
L 12/08/2020 - 01:41:09: [funcommandsX.smx] "FROSTY F1SH (ART COMMS. OPEN)<99><[U:1:445849108]><>" made "FROSTY F1SH (ART COMMS. OPEN)<99><[U:1:445849108]><>" Happy
L 12/08/2020 - 01:41:25: [funcommands.smx] "Hailstorm<98><[U:1:181986054]><>" ignited "Hailstorm<98><[U:1:181986054]><>" (seconds "20.000000")
L 12/08/2020 - 01:41:33: [funcommands.smx] "Hailstorm<98><[U:1:181986054]><>" set a FreezeBomb on "Hailstorm<98><[U:1:181986054]><>"
L 12/08/2020 - 01:41:57: [funcommands.smx] "Hailstorm<98><[U:1:181986054]><>" set a FireBomb on "Hailstorm<98><[U:1:181986054]><>"
L 12/08/2020 - 01:42:37: [funcommandsX.smx] "Hailstorm<98><[U:1:181986054]><>" made "Hailstorm<98><[U:1:181986054]><>" invisible
L 12/08/2020 - 01:42:44: [funcommands.smx] "Hailstorm<98><[U:1:181986054]><>" removed a beacon on "Hailstorm<98><[U:1:181986054]><>"
L 12/08/2020 - 01:42:50: [funcommandsX.smx] "Hailstorm<98><[U:1:181986054]><>" made "Hailstorm<98><[U:1:181986054]><>" visible
L 12/08/2020 - 01:42:51: [funcommandsX.smx] "Hailstorm<98><[U:1:181986054]><>" made "Hailstorm<98><[U:1:181986054]><>" invisible
L 12/08/2020 - 01:43:10: [playercommands.smx] "Hailstorm<98><[U:1:181986054]><>" slapped "FROSTY F1SH (ART COMMS. OPEN)<99><[U:1:445849108]><>" (damage "0")
L 12/08/2020 - 01:43:10: [playercommands.smx] "Hailstorm<98><[U:1:181986054]><>" slapped "FROSTY F1SH (ART COMMS. OPEN)<99><[U:1:445849108]><>" (damage "0")
L 12/08/2020 - 01:43:10: [playercommands.smx] "Hailstorm<98><[U:1:181986054]><>" slapped "FROSTY F1SH (ART COMMS. OPEN)<99><[U:1:445849108]><>" (damage "0")
L 12/08/2020 - 01:43:11: [playercommands.smx] "Hailstorm<98><[U:1:181986054]><>" slapped "FROSTY F1SH (ART COMMS. OPEN)<99><[U:1:445849108]><>" (damage "0")
L 12/08/2020 - 01:43:11: [playercommands.smx] "Hailstorm<98><[U:1:181986054]><>" slapped "FROSTY F1SH (ART COMMS. OPEN)<99><[U:1:445849108]><>" (damage "0")
L 12/08/2020 - 01:43:11: [playercommands.smx] "Hailstorm<98><[U:1:181986054]><>" slapped "FROSTY F1SH (ART COMMS. OPEN)<99><[U:1:445849108]><>" (damage "0")
L 12/08/2020 - 01:43:11: [playercommands.smx] "Hailstorm<98><[U:1:181986054]><>" slapped "FROSTY F1SH (ART COMMS. OPEN)<99><[U:1:445849108]><>" (damage "0")
L 12/08/2020 - 01:43:12: [playercommands.smx] "Hailstorm<98><[U:1:181986054]><>" slapped "FROSTY F1SH (ART COMMS. OPEN)<99><[U:1:445849108]><>" (damage "0")
L 12/08/2020 - 01:43:12: [playercommands.smx] "Hailstorm<98><[U:1:181986054]><>" slapped "FROSTY F1SH (ART COMMS. OPEN)<99><[U:1:445849108]><>" (damage "0")
L 12/08/2020 - 01:43:20: [funcommandsX.smx] "Hailstorm<98><[U:1:181986054]><>" made "FROSTY F1SH (ART COMMS. OPEN)<99><[U:1:445849108]><>" Unhappy
L 12/08/2020 - 01:43:21: [funcommands.smx] "FROSTY F1SH (ART COMMS. OPEN)<99><[U:1:445849108]><>" froze "Draconic (Azel)<101><[U:1:101368949]><>"
L 12/08/2020 - 01:43:26: [playercommands.smx] "FROSTY F1SH (ART COMMS. OPEN)<99><[U:1:445849108]><>" slapped "Draconic (Azel)<101><[U:1:101368949]><>" (damage "0")
L 12/08/2020 - 01:43:26: [playercommands.smx] "FROSTY F1SH (ART COMMS. OPEN)<99><[U:1:445849108]><>" slapped "Draconic (Azel)<101><[U:1:101368949]><>" (damage "0")
L 12/08/2020 - 01:43:26: [playercommands.smx] "FROSTY F1SH (ART COMMS. OPEN)<99><[U:1:445849108]><>" slapped "Draconic (Azel)<101><[U:1:101368949]><>" (damage "0")
L 12/08/2020 - 01:43:26: [playercommands.smx] "FROSTY F1SH (ART COMMS. OPEN)<99><[U:1:445849108]><>" slapped "Draconic (Azel)<101><[U:1:101368949]><>" (damage "0")
L 12/08/2020 - 01:43:26: [playercommands.smx] "FROSTY F1SH (ART COMMS. OPEN)<99><[U:1:445849108]><>" slapped "Draconic (Azel)<101><[U:1:101368949]><>" (damage "0")
L 12/08/2020 - 01:43:27: [playercommands.smx] "FROSTY F1SH (ART COMMS. OPEN)<99><[U:1:445849108]><>" slapped "Draconic (Azel)<101><[U:1:101368949]><>" (damage "0")
L 12/08/2020 - 01:43:27: [playercommands.smx] "FROSTY F1SH (ART COMMS. OPEN)<99><[U:1:445849108]><>" slapped "Draconic (Azel)<101><[U:1:101368949]><>" (damage "0")
L 12/08/2020 - 01:43:27: [playercommands.smx] "FROSTY F1SH (ART COMMS. OPEN)<99><[U:1:445849108]><>" slapped "Draconic (Azel)<101><[U:1:101368949]><>" (damage "0")
L 12/08/2020 - 01:43:27: [playercommands.smx] "FROSTY F1SH (ART COMMS. OPEN)<99><[U:1:445849108]><>" slapped "Draconic (Azel)<101><[U:1:101368949]><>" (damage "0")
L 12/08/2020 - 01:43:27: [playercommands.smx] "FROSTY F1SH (ART COMMS. OPEN)<99><[U:1:445849108]><>" slapped "Draconic (Azel)<101><[U:1:101368949]><>" (damage "0")
L 12/08/2020 - 01:43:28: [playercommands.smx] "FROSTY F1SH (ART COMMS. OPEN)<99><[U:1:445849108]><>" slapped "Draconic (Azel)<101><[U:1:101368949]><>" (damage "0")
L 12/08/2020 - 01:43:28: [playercommands.smx] "FROSTY F1SH (ART COMMS. OPEN)<99><[U:1:445849108]><>" slapped "Draconic (Azel)<101><[U:1:101368949]><>" (damage "0")
L 12/08/2020 - 01:43:28: [playercommands.smx] "FROSTY F1SH (ART COMMS. OPEN)<99><[U:1:445849108]><>" slapped "Draconic (Azel)<101><[U:1:101368949]><>" (damage "0")
L 12/08/2020 - 01:43:28: [playercommands.smx] "FROSTY F1SH (ART COMMS. OPEN)<99><[U:1:445849108]><>" slapped "Draconic (Azel)<101><[U:1:101368949]><>" (damage "0")
L 12/08/2020 - 01:43:28: [playercommands.smx] "FROSTY F1SH (ART COMMS. OPEN)<99><[U:1:445849108]><>" slapped "Draconic (Azel)<101><[U:1:101368949]><>" (damage "0")
L 12/08/2020 - 01:43:29: [playercommands.smx] "FROSTY F1SH (ART COMMS. OPEN)<99><[U:1:445849108]><>" slapped "Draconic (Azel)<101><[U:1:101368949]><>" (damage "0")
L 12/08/2020 - 01:43:29: [playercommands.smx] "FROSTY F1SH (ART COMMS. OPEN)<99><[U:1:445849108]><>" slapped "Draconic (Azel)<101><[U:1:101368949]><>" (damage "0")
L 12/08/2020 - 01:43:29: [playercommands.smx] "FROSTY F1SH (ART COMMS. OPEN)<99><[U:1:445849108]><>" slapped "Draconic (Azel)<101><[U:1:101368949]><>" (damage "0")
L 12/08/2020 - 01:43:29: [playercommands.smx] "FROSTY F1SH (ART COMMS. OPEN)<99><[U:1:445849108]><>" slapped "Draconic (Azel)<101><[U:1:101368949]><>" (damage "0")
L 12/08/2020 - 01:43:29: [playercommands.smx] "FROSTY F1SH (ART COMMS. OPEN)<99><[U:1:445849108]><>" slapped "Draconic (Azel)<101><[U:1:101368949]><>" (damage "0")
L 12/08/2020 - 01:43:30: [playercommands.smx] "FROSTY F1SH (ART COMMS. OPEN)<99><[U:1:445849108]><>" slapped "Draconic (Azel)<101><[U:1:101368949]><>" (damage "0")
L 12/08/2020 - 01:43:30: [playercommands.smx] "FROSTY F1SH (ART COMMS. OPEN)<99><[U:1:445849108]><>" slapped "Draconic (Azel)<101><[U:1:101368949]><>" (damage "0")
L 12/08/2020 - 01:43:30: [playercommands.smx] "FROSTY F1SH (ART COMMS. OPEN)<99><[U:1:445849108]><>" slapped "Draconic (Azel)<101><[U:1:101368949]><>" (damage "0")
L 12/08/2020 - 01:43:30: [playercommands.smx] "FROSTY F1SH (ART COMMS. OPEN)<99><[U:1:445849108]><>" slapped "Draconic (Azel)<101><[U:1:101368949]><>" (damage "0")
L 12/08/2020 - 01:43:30: [playercommands.smx] "FROSTY F1SH (ART COMMS. OPEN)<99><[U:1:445849108]><>" slapped "Draconic (Azel)<101><[U:1:101368949]><>" (damage "0")
L 12/08/2020 - 01:43:31: [playercommands.smx] "FROSTY F1SH (ART COMMS. OPEN)<99><[U:1:445849108]><>" slapped "Draconic (Azel)<101><[U:1:101368949]><>" (damage "0")
L 12/08/2020 - 01:43:31: [playercommands.smx] "FROSTY F1SH (ART COMMS. OPEN)<99><[U:1:445849108]><>" slapped "Draconic (Azel)<101><[U:1:101368949]><>" (damage "0")
L 12/08/2020 - 01:43:31: [playercommands.smx] "FROSTY F1SH (ART COMMS. OPEN)<99><[U:1:445849108]><>" slapped "Draconic (Azel)<101><[U:1:101368949]><>" (damage "0")
L 12/08/2020 - 01:43:31: [playercommands.smx] "FROSTY F1SH (ART COMMS. OPEN)<99><[U:1:445849108]><>" slapped "Draconic (Azel)<101><[U:1:101368949]><>" (damage "0")
L 12/08/2020 - 01:43:32: [playercommands.smx] "FROSTY F1SH (ART COMMS. OPEN)<99><[U:1:445849108]><>" slapped "Draconic (Azel)<101><[U:1:101368949]><>" (damage "0")
L 12/08/2020 - 01:43:32: [playercommands.smx] "FROSTY F1SH (ART COMMS. OPEN)<99><[U:1:445849108]><>" slapped "Draconic (Azel)<101><[U:1:101368949]><>" (damage "0")
L 12/08/2020 - 01:43:32: [playercommands.smx] "FROSTY F1SH (ART COMMS. OPEN)<99><[U:1:445849108]><>" slapped "Draconic (Azel)<101><[U:1:101368949]><>" (damage "0")
L 12/08/2020 - 01:43:32: [playercommands.smx] "FROSTY F1SH (ART COMMS. OPEN)<99><[U:1:445849108]><>" slapped "Draconic (Azel)<101><[U:1:101368949]><>" (damage "0")
L 12/08/2020 - 01:43:32: [playercommands.smx] "FROSTY F1SH (ART COMMS. OPEN)<99><[U:1:445849108]><>" slapped "Draconic (Azel)<101><[U:1:101368949]><>" (damage "0")
L 12/08/2020 - 01:43:33: [playercommands.smx] "FROSTY F1SH (ART COMMS. OPEN)<99><[U:1:445849108]><>" slapped "Draconic (Azel)<101><[U:1:101368949]><>" (damage "0")
L 12/08/2020 - 01:43:41: [playercommands.smx] "FROSTY F1SH (ART COMMS. OPEN)<99><[U:1:445849108]><>" slapped "Draconic (Azel)<101><[U:1:101368949]><>" (damage "0")
L 12/08/2020 - 01:43:42: [playercommands.smx] "FROSTY F1SH (ART COMMS. OPEN)<99><[U:1:445849108]><>" slapped "Draconic (Azel)<101><[U:1:101368949]><>" (damage "0")
L 12/08/2020 - 01:43:42: [playercommands.smx] "FROSTY F1SH (ART COMMS. OPEN)<99><[U:1:445849108]><>" slapped "Draconic (Azel)<101><[U:1:101368949]><>" (damage "0")
L 12/08/2020 - 01:43:42: [playercommands.smx] "FROSTY F1SH (ART COMMS. OPEN)<99><[U:1:445849108]><>" slapped "Draconic (Azel)<101><[U:1:101368949]><>" (damage "0")
L 12/08/2020 - 01:43:42: [playercommands.smx] "FROSTY F1SH (ART COMMS. OPEN)<99><[U:1:445849108]><>" slapped "Draconic (Azel)<101><[U:1:101368949]><>" (damage "0")
L 12/08/2020 - 01:43:43: [playercommands.smx] "FROSTY F1SH (ART COMMS. OPEN)<99><[U:1:445849108]><>" slapped "Draconic (Azel)<101><[U:1:101368949]><>" (damage "0")
L 12/08/2020 - 01:43:43: [playercommands.smx] "FROSTY F1SH (ART COMMS. OPEN)<99><[U:1:445849108]><>" slapped "Draconic (Azel)<101><[U:1:101368949]><>" (damage "0")
L 12/08/2020 - 01:43:43: [playercommands.smx] "FROSTY F1SH (ART COMMS. OPEN)<99><[U:1:445849108]><>" slapped "Draconic (Azel)<101><[U:1:101368949]><>" (damage "0")
L 12/08/2020 - 01:43:43: [playercommands.smx] "FROSTY F1SH (ART COMMS. OPEN)<99><[U:1:445849108]><>" slapped "Draconic (Azel)<101><[U:1:101368949]><>" (damage "0")
L 12/08/2020 - 01:43:44: [playercommands.smx] "FROSTY F1SH (ART COMMS. OPEN)<99><[U:1:445849108]><>" slapped "Draconic (Azel)<101><[U:1:101368949]><>" (damage "0")
L 12/08/2020 - 01:43:44: [playercommands.smx] "FROSTY F1SH (ART COMMS. OPEN)<99><[U:1:445849108]><>" slapped "Draconic (Azel)<101><[U:1:101368949]><>" (damage "0")
L 12/08/2020 - 01:43:44: [playercommands.smx] "FROSTY F1SH (ART COMMS. OPEN)<99><[U:1:445849108]><>" slapped "Draconic (Azel)<101><[U:1:101368949]><>" (damage "0")
L 12/08/2020 - 01:43:44: [playercommands.smx] "FROSTY F1SH (ART COMMS. OPEN)<99><[U:1:445849108]><>" slapped "Draconic (Azel)<101><[U:1:101368949]><>" (damage "0")
L 12/08/2020 - 01:43:44: [playercommands.smx] "FROSTY F1SH (ART COMMS. OPEN)<99><[U:1:445849108]><>" slapped "Draconic (Azel)<101><[U:1:101368949]><>" (damage "0")
L 12/08/2020 - 01:43:45: [playercommands.smx] "FROSTY F1SH (ART COMMS. OPEN)<99><[U:1:445849108]><>" slapped "Draconic (Azel)<101><[U:1:101368949]><>" (damage "0")
L 12/08/2020 - 01:43:45: [playercommands.smx] "FROSTY F1SH (ART COMMS. OPEN)<99><[U:1:445849108]><>" slapped "Draconic (Azel)<101><[U:1:101368949]><>" (damage "0")
L 12/08/2020 - 01:43:45: [playercommands.smx] "FROSTY F1SH (ART COMMS. OPEN)<99><[U:1:445849108]><>" slapped "Draconic (Azel)<101><[U:1:101368949]><>" (damage "0")
L 12/08/2020 - 01:43:45: [playercommands.smx] "FROSTY F1SH (ART COMMS. OPEN)<99><[U:1:445849108]><>" slapped "Draconic (Azel)<101><[U:1:101368949]><>" (damage "0")
L 12/08/2020 - 01:43:46: [playercommands.smx] "FROSTY F1SH (ART COMMS. OPEN)<99><[U:1:445849108]><>" slapped "Draconic (Azel)<101><[U:1:101368949]><>" (damage "0")
L 12/08/2020 - 01:43:46: [playercommands.smx] "FROSTY F1SH (ART COMMS. OPEN)<99><[U:1:445849108]><>" slapped "Draconic (Azel)<101><[U:1:101368949]><>" (damage "0")
L 12/08/2020 - 01:43:46: [playercommands.smx] "FROSTY F1SH (ART COMMS. OPEN)<99><[U:1:445849108]><>" slapped "Draconic (Azel)<101><[U:1:101368949]><>" (damage "0")
L 12/08/2020 - 01:43:46: [playercommands.smx] "FROSTY F1SH (ART COMMS. OPEN)<99><[U:1:445849108]><>" slapped "Draconic (Azel)<101><[U:1:101368949]><>" (damage "0")
L 12/08/2020 - 01:43:47: [playercommands.smx] "FROSTY F1SH (ART COMMS. OPEN)<99><[U:1:445849108]><>" slapped "Draconic (Azel)<101><[U:1:101368949]><>" (damage "0")
L 12/08/2020 - 01:43:47: [playercommands.smx] "FROSTY F1SH (ART COMMS. OPEN)<99><[U:1:445849108]><>" slapped "Draconic (Azel)<101><[U:1:101368949]><>" (damage "0")
L 12/08/2020 - 01:43:47: [playercommands.smx] "FROSTY F1SH (ART COMMS. OPEN)<99><[U:1:445849108]><>" slapped "Draconic (Azel)<101><[U:1:101368949]><>" (damage "0")
L 12/08/2020 - 01:43:47: [playercommands.smx] "FROSTY F1SH (ART COMMS. OPEN)<99><[U:1:445849108]><>" slapped "Draconic (Azel)<101><[U:1:101368949]><>" (damage "0")
L 12/08/2020 - 01:43:48: [playercommands.smx] "FROSTY F1SH (ART COMMS. OPEN)<99><[U:1:445849108]><>" slapped "Draconic (Azel)<101><[U:1:101368949]><>" (damage "0")
L 12/08/2020 - 01:43:48: [playercommands.smx] "FROSTY F1SH (ART COMMS. OPEN)<99><[U:1:445849108]><>" slapped "Draconic (Azel)<101><[U:1:101368949]><>" (damage "0")
L 12/08/2020 - 01:43:54: [playercommands.smx] "FROSTY F1SH (ART COMMS. OPEN)<99><[U:1:445849108]><>" slapped "Draconic (Azel)<101><[U:1:101368949]><>" (damage "0")
L 12/08/2020 - 01:43:54: [playercommands.smx] "FROSTY F1SH (ART COMMS. OPEN)<99><[U:1:445849108]><>" slapped "Draconic (Azel)<101><[U:1:101368949]><>" (damage "0")
L 12/08/2020 - 01:43:55: [playercommands.smx] "FROSTY F1SH (ART COMMS. OPEN)<99><[U:1:445849108]><>" slapped "Draconic (Azel)<101><[U:1:101368949]><>" (damage "0")
L 12/08/2020 - 01:43:55: [playercommands.smx] "FROSTY F1SH (ART COMMS. OPEN)<99><[U:1:445849108]><>" slapped "Draconic (Azel)<101><[U:1:101368949]><>" (damage "0")
L 12/08/2020 - 01:43:55: [playercommands.smx] "FROSTY F1SH (ART COMMS. OPEN)<99><[U:1:445849108]><>" slapped "Draconic (Azel)<101><[U:1:101368949]><>" (damage "0")
L 12/08/2020 - 01:43:55: [playercommands.smx] "FROSTY F1SH (ART COMMS. OPEN)<99><[U:1:445849108]><>" slapped "Draconic (Azel)<101><[U:1:101368949]><>" (damage "0")
L 12/08/2020 - 01:43:56: [playercommands.smx] "FROSTY F1SH (ART COMMS. OPEN)<99><[U:1:445849108]><>" slapped "Draconic (Azel)<101><[U:1:101368949]><>" (damage "0")
L 12/08/2020 - 01:43:56: [playercommands.smx] "FROSTY F1SH (ART COMMS. OPEN)<99><[U:1:445849108]><>" slapped "Draconic (Azel)<101><[U:1:101368949]><>" (damage "0")
L 12/08/2020 - 01:43:56: [playercommands.smx] "FROSTY F1SH (ART COMMS. OPEN)<99><[U:1:445849108]><>" slapped "Draconic (Azel)<101><[U:1:101368949]><>" (damage "0")
L 12/08/2020 - 01:43:56: [playercommands.smx] "FROSTY F1SH (ART COMMS. OPEN)<99><[U:1:445849108]><>" slapped "Draconic (Azel)<101><[U:1:101368949]><>" (damage "0")
L 12/08/2020 - 01:43:57: [playercommands.smx] "FROSTY F1SH (ART COMMS. OPEN)<99><[U:1:445849108]><>" slapped "Draconic (Azel)<101><[U:1:101368949]><>" (damage "0")
L 12/08/2020 - 01:43:57: [playercommands.smx] "FROSTY F1SH (ART COMMS. OPEN)<99><[U:1:445849108]><>" slapped "Draconic (Azel)<101><[U:1:101368949]><>" (damage "0")
L 12/08/2020 - 01:43:57: [playercommands.smx] "FROSTY F1SH (ART COMMS. OPEN)<99><[U:1:445849108]><>" slapped "Draconic (Azel)<101><[U:1:101368949]><>" (damage "0")
L 12/08/2020 - 01:43:57: [playercommands.smx] "FROSTY F1SH (ART COMMS. OPEN)<99><[U:1:445849108]><>" slapped "Draconic (Azel)<101><[U:1:101368949]><>" (damage "0")
L 12/08/2020 - 01:43:58: [playercommands.smx] "FROSTY F1SH (ART COMMS. OPEN)<99><[U:1:445849108]><>" slapped "Draconic (Azel)<101><[U:1:101368949]><>" (damage "0")
L 12/08/2020 - 01:43:58: [playercommands.smx] "FROSTY F1SH (ART COMMS. OPEN)<99><[U:1:445849108]><>" slapped "Draconic (Azel)<101><[U:1:101368949]><>" (damage "0")
L 12/08/2020 - 01:43:58: [playercommands.smx] "FROSTY F1SH (ART COMMS. OPEN)<99><[U:1:445849108]><>" slapped "Draconic (Azel)<101><[U:1:101368949]><>" (damage "0")
L 12/08/2020 - 01:43:58: [playercommands.smx] "FROSTY F1SH (ART COMMS. OPEN)<99><[U:1:445849108]><>" slapped "Draconic (Azel)<101><[U:1:101368949]><>" (damage "0")
L 12/08/2020 - 01:43:59: [playercommands.smx] "FROSTY F1SH (ART COMMS. OPEN)<99><[U:1:445849108]><>" slapped "Draconic (Azel)<101><[U:1:101368949]><>" (damage "0")
L 12/08/2020 - 01:43:59: [playercommands.smx] "FROSTY F1SH (ART COMMS. OPEN)<99><[U:1:445849108]><>" slapped "Draconic (Azel)<101><[U:1:101368949]><>" (damage "0")
L 12/08/2020 - 01:43:59: [playercommands.smx] "FROSTY F1SH (ART COMMS. OPEN)<99><[U:1:445849108]><>" slapped "Draconic (Azel)<101><[U:1:101368949]><>" (damage "0")
L 12/08/2020 - 01:44:00: [playercommands.smx] "FROSTY F1SH (ART COMMS. OPEN)<99><[U:1:445849108]><>" slapped "Draconic (Azel)<101><[U:1:101368949]><>" (damage "0")
L 12/08/2020 - 01:44:00: [playercommands.smx] "FROSTY F1SH (ART COMMS. OPEN)<99><[U:1:445849108]><>" slapped "Draconic (Azel)<101><[U:1:101368949]><>" (damage "0")
L 12/08/2020 - 01:44:00: [playercommands.smx] "FROSTY F1SH (ART COMMS. OPEN)<99><[U:1:445849108]><>" slapped "Draconic (Azel)<101><[U:1:101368949]><>" (damage "0")
L 12/08/2020 - 01:44:00: [playercommands.smx] "FROSTY F1SH (ART COMMS. OPEN)<99><[U:1:445849108]><>" slapped "Draconic (Azel)<101><[U:1:101368949]><>" (damage "0")
L 12/08/2020 - 01:44:01: [playercommands.smx] "FROSTY F1SH (ART COMMS. OPEN)<99><[U:1:445849108]><>" slapped "Draconic (Azel)<101><[U:1:101368949]><>" (damage "0")
L 12/08/2020 - 01:44:01: [playercommands.smx] "FROSTY F1SH (ART COMMS. OPEN)<99><[U:1:445849108]><>" slapped "Draconic (Azel)<101><[U:1:101368949]><>" (damage "0")
L 12/08/2020 - 01:44:01: [playercommands.smx] "FROSTY F1SH (ART COMMS. OPEN)<99><[U:1:445849108]><>" slapped "Draconic (Azel)<101><[U:1:101368949]><>" (damage "0")
L 12/08/2020 - 01:44:01: [playercommands.smx] "FROSTY F1SH (ART COMMS. OPEN)<99><[U:1:445849108]><>" slapped "Draconic (Azel)<101><[U:1:101368949]><>" (damage "0")
L 12/08/2020 - 01:44:02: [playercommands.smx] "FROSTY F1SH (ART COMMS. OPEN)<99><[U:1:445849108]><>" slapped "Draconic (Azel)<101><[U:1:101368949]><>" (damage "0")
L 12/08/2020 - 01:44:02: [playercommands.smx] "FROSTY F1SH (ART COMMS. OPEN)<99><[U:1:445849108]><>" slapped "Draconic (Azel)<101><[U:1:101368949]><>" (damage "0")
L 12/08/2020 - 01:44:02: [playercommands.smx] "FROSTY F1SH (ART COMMS. OPEN)<99><[U:1:445849108]><>" slapped "Draconic (Azel)<101><[U:1:101368949]><>" (damage "0")
L 12/08/2020 - 01:44:03: [playercommands.smx] "FROSTY F1SH (ART COMMS. OPEN)<99><[U:1:445849108]><>" slapped "Draconic (Azel)<101><[U:1:101368949]><>" (damage "0")
L 12/08/2020 - 01:44:03: [playercommands.smx] "FROSTY F1SH (ART COMMS. OPEN)<99><[U:1:445849108]><>" slapped "Draconic (Azel)<101><[U:1:101368949]><>" (damage "0")
L 12/08/2020 - 01:44:03: [playercommands.smx] "FROSTY F1SH (ART COMMS. OPEN)<99><[U:1:445849108]><>" slapped "Draconic (Azel)<101><[U:1:101368949]><>" (damage "0")
L 12/08/2020 - 01:44:03: [playercommands.smx] "FROSTY F1SH (ART COMMS. OPEN)<99><[U:1:445849108]><>" slapped "Draconic (Azel)<101><[U:1:101368949]><>" (damage "0")
L 12/08/2020 - 01:44:04: [playercommands.smx] "FROSTY F1SH (ART COMMS. OPEN)<99><[U:1:445849108]><>" slapped "Draconic (Azel)<101><[U:1:101368949]><>" (damage "0")
L 12/08/2020 - 01:44:04: [playercommands.smx] "FROSTY F1SH (ART COMMS. OPEN)<99><[U:1:445849108]><>" slapped "Draconic (Azel)<101><[U:1:101368949]><>" (damage "0")
L 12/08/2020 - 01:44:04: [playercommands.smx] "FROSTY F1SH (ART COMMS. OPEN)<99><[U:1:445849108]><>" slapped "Draconic (Azel)<101><[U:1:101368949]><>" (damage "0")
L 12/08/2020 - 01:44:05: [playercommands.smx] "FROSTY F1SH (ART COMMS. OPEN)<99><[U:1:445849108]><>" slapped "Draconic (Azel)<101><[U:1:101368949]><>" (damage "0")
L 12/08/2020 - 01:44:05: [playercommands.smx] "FROSTY F1SH (ART COMMS. OPEN)<99><[U:1:445849108]><>" slapped "Draconic (Azel)<101><[U:1:101368949]><>" (damage "0")
L 12/08/2020 - 01:44:05: [playercommands.smx] "FROSTY F1SH (ART COMMS. OPEN)<99><[U:1:445849108]><>" slapped "Draconic (Azel)<101><[U:1:101368949]><>" (damage "0")
L 12/08/2020 - 01:44:05: [playercommands.smx] "FROSTY F1SH (ART COMMS. OPEN)<99><[U:1:445849108]><>" slapped "Draconic (Azel)<101><[U:1:101368949]><>" (damage "0")
L 12/08/2020 - 01:44:06: [playercommands.smx] "FROSTY F1SH (ART COMMS. OPEN)<99><[U:1:445849108]><>" slapped "Draconic (Azel)<101><[U:1:101368949]><>" (damage "0")
L 12/08/2020 - 01:44:06: [playercommands.smx] "FROSTY F1SH (ART COMMS. OPEN)<99><[U:1:445849108]><>" slapped "Draconic (Azel)<101><[U:1:101368949]><>" (damage "0")
L 12/08/2020 - 01:44:06: [playercommands.smx] "FROSTY F1SH (ART COMMS. OPEN)<99><[U:1:445849108]><>" slapped "Draconic (Azel)<101><[U:1:101368949]><>" (damage "0")
L 12/08/2020 - 01:44:06: [playercommands.smx] "FROSTY F1SH (ART COMMS. OPEN)<99><[U:1:445849108]><>" slapped "Draconic (Azel)<101><[U:1:101368949]><>" (damage "0")
L 12/08/2020 - 01:44:07: [playercommands.smx] "FROSTY F1SH (ART COMMS. OPEN)<99><[U:1:445849108]><>" slapped "Draconic (Azel)<101><[U:1:101368949]><>" (damage "0")
L 12/08/2020 - 01:44:07: [playercommands.smx] "FROSTY F1SH (ART COMMS. OPEN)<99><[U:1:445849108]><>" slapped "Draconic (Azel)<101><[U:1:101368949]><>" (damage "0")
L 12/08/2020 - 01:44:07: [playercommands.smx] "FROSTY F1SH (ART COMMS. OPEN)<99><[U:1:445849108]><>" slapped "Draconic (Azel)<101><[U:1:101368949]><>" (damage "0")
L 12/08/2020 - 01:44:08: [playercommands.smx] "FROSTY F1SH (ART COMMS. OPEN)<99><[U:1:445849108]><>" slapped "Draconic (Azel)<101><[U:1:101368949]><>" (damage "0")
L 12/08/2020 - 01:44:08: [playercommands.smx] "FROSTY F1SH (ART COMMS. OPEN)<99><[U:1:445849108]><>" slapped "Draconic (Azel)<101><[U:1:101368949]><>" (damage "0")
L 12/08/2020 - 01:44:08: [playercommands.smx] "FROSTY F1SH (ART COMMS. OPEN)<99><[U:1:445849108]><>" slapped "Draconic (Azel)<101><[U:1:101368949]><>" (damage "0")
L 12/08/2020 - 01:44:10: [mapchooser_extended.smx] Voting for next map has started.
L 12/08/2020 - 01:44:36: [mapchooser_extended.smx] Voting for next map has started.
L 12/08/2020 - 01:44:46: [mapchooser_extended.smx] Voting for next map has finished. Nextmap: vsh_pruvia_v9.
L 12/08/2020 - 01:44:55: [basechat.smx] "Console<0><Console><Console>" triggered sm_say (text The round time has ended, omaewa-mou shindeiru)
L 12/08/2020 - 01:44:55: [playercommands.smx] "Console<0><Console><Console>" slayed "Hailstorm<98><[U:1:181986054]><>"
L 12/08/2020 - 01:44:55: [playercommands.smx] "Console<0><Console><Console>" slayed "FROSTY F1SH (ART COMMS. OPEN)<99><[U:1:445849108]><>"
L 12/08/2020 - 01:44:55: [respawn.smx] "Hailstorm<98><[U:1:181986054]><>" respawned "Draconic (Azel)<101><[U:1:101368949]><>"
L 12/08/2020 - 01:44:57: [respawn.smx] "Hailstorm<98><[U:1:181986054]><>" respawned "FROSTY F1SH (ART COMMS. OPEN)<99><[U:1:445849108]><>"
L 12/08/2020 - 01:44:58: [respawn.smx] "Hailstorm<98><[U:1:181986054]><>" respawned "Hailstorm<98><[U:1:181986054]><>"
L 12/08/2020 - 01:45:18: [funcommandsX.smx] "Hailstorm<98><[U:1:181986054]><>" made "Hailstorm<98><[U:1:181986054]><>" visible
L 12/08/2020 - 01:45:20: [funcommandsX.smx] "Hailstorm<98><[U:1:181986054]><>" made "Hailstorm<98><[U:1:181986054]><>" invisible
L 12/08/2020 - 01:45:21: [funcommandsX.smx] "Hailstorm<98><[U:1:181986054]><>" made "Hailstorm<98><[U:1:181986054]><>" visible
L 12/08/2020 - 01:45:22: [funcommandsX.smx] "Hailstorm<98><[U:1:181986054]><>" made "Hailstorm<98><[U:1:181986054]><>" invisible
L 12/08/2020 - 01:45:22: [funcommandsX.smx] "Hailstorm<98><[U:1:181986054]><>" made "Hailstorm<98><[U:1:181986054]><>" visible
L 12/08/2020 - 01:45:25: [funcommandsX.smx] "Hailstorm<98><[U:1:181986054]><>" made "Hailstorm<98><[U:1:181986054]><>" invisible
L 12/08/2020 - 01:45:27: [funcommandsX.smx] "Hailstorm<98><[U:1:181986054]><>" made "Draconic (Azel)<101><[U:1:101368949]><>" invisible
L 12/08/2020 - 01:45:31: [funcommandsX.smx] "Hailstorm<98><[U:1:181986054]><>" made "Draconic (Azel)<101><[U:1:101368949]><>" visible
L 12/08/2020 - 01:45:32: [funcommandsX.smx] "Hailstorm<98><[U:1:181986054]><>" made "Hailstorm<98><[U:1:181986054]><>" visible
L 12/08/2020 - 01:45:54: [funcommands.smx] "FROSTY F1SH (ART COMMS. OPEN)<99><[U:1:445849108]><>" set blind on "Draconic (Azel)<101><[U:1:101368949]><>" (amount "240")
L 12/08/2020 - 01:46:12: [funcommands.smx] "FROSTY F1SH (ART COMMS. OPEN)<99><[U:1:445849108]><>" froze "Draconic (Azel)<101><[U:1:101368949]><>"
L 12/08/2020 - 01:46:26: [playercommands.smx] "FROSTY F1SH (ART COMMS. OPEN)<99><[U:1:445849108]><>" slapped "Draconic (Azel)<101><[U:1:101368949]><>" (damage "0")
L 12/08/2020 - 01:46:27: [playercommands.smx] "FROSTY F1SH (ART COMMS. OPEN)<99><[U:1:445849108]><>" slapped "Draconic (Azel)<101><[U:1:101368949]><>" (damage "0")
L 12/08/2020 - 01:46:27: [playercommands.smx] "FROSTY F1SH (ART COMMS. OPEN)<99><[U:1:445849108]><>" slapped "Draconic (Azel)<101><[U:1:101368949]><>" (damage "0")
L 12/08/2020 - 01:46:27: [playercommands.smx] "FROSTY F1SH (ART COMMS. OPEN)<99><[U:1:445849108]><>" slapped "Draconic (Azel)<101><[U:1:101368949]><>" (damage "0")
L 12/08/2020 - 01:46:28: [playercommands.smx] "FROSTY F1SH (ART COMMS. OPEN)<99><[U:1:445849108]><>" slapped "Draconic (Azel)<101><[U:1:101368949]><>" (damage "0")
L 12/08/2020 - 01:46:28: [playercommands.smx] "FROSTY F1SH (ART COMMS. OPEN)<99><[U:1:445849108]><>" slapped "Draconic (Azel)<101><[U:1:101368949]><>" (damage "0")
L 12/08/2020 - 01:46:28: [playercommands.smx] "FROSTY F1SH (ART COMMS. OPEN)<99><[U:1:445849108]><>" slapped "Draconic (Azel)<101><[U:1:101368949]><>" (damage "0")
L 12/08/2020 - 01:46:28: [playercommands.smx] "FROSTY F1SH (ART COMMS. OPEN)<99><[U:1:445849108]><>" slapped "Draconic (Azel)<101><[U:1:101368949]><>" (damage "0")
L 12/08/2020 - 01:46:28: [playercommands.smx] "FROSTY F1SH (ART COMMS. OPEN)<99><[U:1:445849108]><>" slapped "Draconic (Azel)<101><[U:1:101368949]><>" (damage "0")
L 12/08/2020 - 01:46:29: [playercommands.smx] "FROSTY F1SH (ART COMMS. OPEN)<99><[U:1:445849108]><>" slapped "Draconic (Azel)<101><[U:1:101368949]><>" (damage "0")
L 12/08/2020 - 01:46:29: [playercommands.smx] "FROSTY F1SH (ART COMMS. OPEN)<99><[U:1:445849108]><>" slapped "Draconic (Azel)<101><[U:1:101368949]><>" (damage "0")
L 12/08/2020 - 01:46:29: [playercommands.smx] "FROSTY F1SH (ART COMMS. OPEN)<99><[U:1:445849108]><>" slapped "Draconic (Azel)<101><[U:1:101368949]><>" (damage "0")
L 12/08/2020 - 01:46:29: [playercommands.smx] "FROSTY F1SH (ART COMMS. OPEN)<99><[U:1:445849108]><>" slapped "Draconic (Azel)<101><[U:1:101368949]><>" (damage "0")
L 12/08/2020 - 01:46:30: [playercommands.smx] "FROSTY F1SH (ART COMMS. OPEN)<99><[U:1:445849108]><>" slapped "Draconic (Azel)<101><[U:1:101368949]><>" (damage "0")
L 12/08/2020 - 01:46:30: [playercommands.smx] "FROSTY F1SH (ART COMMS. OPEN)<99><[U:1:445849108]><>" slapped "Draconic (Azel)<101><[U:1:101368949]><>" (damage "0")
L 12/08/2020 - 01:46:30: [playercommands.smx] "FROSTY F1SH (ART COMMS. OPEN)<99><[U:1:445849108]><>" slapped "Draconic (Azel)<101><[U:1:101368949]><>" (damage "0")
L 12/08/2020 - 01:46:30: [playercommands.smx] "FROSTY F1SH (ART COMMS. OPEN)<99><[U:1:445849108]><>" slapped "Draconic (Azel)<101><[U:1:101368949]><>" (damage "0")
L 12/08/2020 - 01:46:30: [playercommands.smx] "FROSTY F1SH (ART COMMS. OPEN)<99><[U:1:445849108]><>" slapped "Draconic (Azel)<101><[U:1:101368949]><>" (damage "0")
L 12/08/2020 - 01:46:31: [playercommands.smx] "FROSTY F1SH (ART COMMS. OPEN)<99><[U:1:445849108]><>" slapped "Draconic (Azel)<101><[U:1:101368949]><>" (damage "0")
L 12/08/2020 - 01:46:31: [playercommands.smx] "FROSTY F1SH (ART COMMS. OPEN)<99><[U:1:445849108]><>" slapped "Draconic (Azel)<101><[U:1:101368949]><>" (damage "0")
L 12/08/2020 - 01:46:31: [playercommands.smx] "FROSTY F1SH (ART COMMS. OPEN)<99><[U:1:445849108]><>" slapped "Draconic (Azel)<101><[U:1:101368949]><>" (damage "0")
L 12/08/2020 - 01:46:31: [playercommands.smx] "FROSTY F1SH (ART COMMS. OPEN)<99><[U:1:445849108]><>" slapped "Draconic (Azel)<101><[U:1:101368949]><>" (damage "0")
L 12/08/2020 - 01:46:31: [playercommands.smx] "FROSTY F1SH (ART COMMS. OPEN)<99><[U:1:445849108]><>" slapped "Draconic (Azel)<101><[U:1:101368949]><>" (damage "0")
L 12/08/2020 - 01:46:32: [playercommands.smx] "FROSTY F1SH (ART COMMS. OPEN)<99><[U:1:445849108]><>" slapped "Draconic (Azel)<101><[U:1:101368949]><>" (damage "0")
L 12/08/2020 - 01:46:32: [playercommands.smx] "FROSTY F1SH (ART COMMS. OPEN)<99><[U:1:445849108]><>" slapped "Draconic (Azel)<101><[U:1:101368949]><>" (damage "0")
L 12/08/2020 - 01:46:32: [playercommands.smx] "FROSTY F1SH (ART COMMS. OPEN)<99><[U:1:445849108]><>" slapped "Draconic (Azel)<101><[U:1:101368949]><>" (damage "0")
L 12/08/2020 - 01:46:32: [playercommands.smx] "FROSTY F1SH (ART COMMS. OPEN)<99><[U:1:445849108]><>" slapped "Draconic (Azel)<101><[U:1:101368949]><>" (damage "0")
L 12/08/2020 - 01:46:33: [playercommands.smx] "FROSTY F1SH (ART COMMS. OPEN)<99><[U:1:445849108]><>" slapped "Draconic (Azel)<101><[U:1:101368949]><>" (damage "0")
L 12/08/2020 - 01:46:33: [playercommands.smx] "FROSTY F1SH (ART COMMS. OPEN)<99><[U:1:445849108]><>" slapped "Draconic (Azel)<101><[U:1:101368949]><>" (damage "0")
L 12/08/2020 - 01:46:33: [playercommands.smx] "FROSTY F1SH (ART COMMS. OPEN)<99><[U:1:445849108]><>" slapped "Draconic (Azel)<101><[U:1:101368949]><>" (damage "0")
L 12/08/2020 - 01:46:33: [playercommands.smx] "FROSTY F1SH (ART COMMS. OPEN)<99><[U:1:445849108]><>" slapped "Draconic (Azel)<101><[U:1:101368949]><>" (damage "0")
L 12/08/2020 - 01:46:33: [playercommands.smx] "FROSTY F1SH (ART COMMS. OPEN)<99><[U:1:445849108]><>" slapped "Draconic (Azel)<101><[U:1:101368949]><>" (damage "0")
L 12/08/2020 - 01:46:34: [playercommands.smx] "FROSTY F1SH (ART COMMS. OPEN)<99><[U:1:445849108]><>" slapped "Draconic (Azel)<101><[U:1:101368949]><>" (damage "0")
L 12/08/2020 - 01:46:34: [playercommands.smx] "FROSTY F1SH (ART COMMS. OPEN)<99><[U:1:445849108]><>" slapped "Draconic (Azel)<101><[U:1:101368949]><>" (damage "0")
L 12/08/2020 - 01:46:50: [funcommandsX.smx] "Hailstorm<98><[U:1:181986054]><>" made "Draconic (Azel)<101><[U:1:101368949]><>" black
L 12/08/2020 - 01:47:09: [funcommandsX.smx] "Hailstorm<98><[U:1:181986054]><>" made "Hailstorm<98><[U:1:181986054]><>" lime
L 12/08/2020 - 01:47:13: [funcommands.smx] "FROSTY F1SH (ART COMMS. OPEN)<99><[U:1:445849108]><>" set blind on "Draconic (Azel)<101><[U:1:101368949]><>" (amount "255")
L 12/08/2020 - 01:47:16: [funcommandsX.smx] "Hailstorm<98><[U:1:181986054]><>" made "Hailstorm<98><[U:1:181986054]><>" black
L 12/08/2020 - 01:47:31: [funcommandsX.smx] "Hailstorm<98><[U:1:181986054]><>" made "FROSTY F1SH (ART COMMS. OPEN)<99><[U:1:445849108]><>" black
L 12/08/2020 - 01:47:38: [respawn.smx] "Hailstorm<98><[U:1:181986054]><>" respawned "gypsynina<102><[U:1:299697582]><>"
L 12/08/2020 - 01:48:04: [funcommandsX.smx] "Hailstorm<98><[U:1:181986054]><>" made "gypsynina<102><[U:1:299697582]><>" black
L 12/08/2020 - 01:48:29: [funcommands.smx] "Hailstorm<98><[U:1:181986054]><>" set blind on "Draconic (Azel)<101><[U:1:101368949]><>" (amount "0")
L 12/08/2020 - 01:49:06: [playercommands.smx] "Hailstorm<98><[U:1:181986054]><>" slapped "Hailstorm<98><[U:1:181986054]><>" (damage "0")
L 12/08/2020 - 01:49:06: [playercommands.smx] "Hailstorm<98><[U:1:181986054]><>" slapped "Hailstorm<98><[U:1:181986054]><>" (damage "0")
L 12/08/2020 - 01:49:07: [playercommands.smx] "Hailstorm<98><[U:1:181986054]><>" slapped "Hailstorm<98><[U:1:181986054]><>" (damage "0")
L 12/08/2020 - 01:49:07: [playercommands.smx] "Hailstorm<98><[U:1:181986054]><>" slapped "Hailstorm<98><[U:1:181986054]><>" (damage "0")
L 12/08/2020 - 01:49:07: [playercommands.smx] "Hailstorm<98><[U:1:181986054]><>" slapped "Hailstorm<98><[U:1:181986054]><>" (damage "0")
L 12/08/2020 - 01:49:07: [playercommands.smx] "Hailstorm<98><[U:1:181986054]><>" slapped "Hailstorm<98><[U:1:181986054]><>" (damage "0")
L 12/08/2020 - 01:49:08: [playercommands.smx] "Hailstorm<98><[U:1:181986054]><>" slapped "Hailstorm<98><[U:1:181986054]><>" (damage "0")
L 12/08/2020 - 01:49:08: [playercommands.smx] "Hailstorm<98><[U:1:181986054]><>" slapped "Hailstorm<98><[U:1:181986054]><>" (damage "0")
L 12/08/2020 - 01:49:08: [playercommands.smx] "Hailstorm<98><[U:1:181986054]><>" slapped "Hailstorm<98><[U:1:181986054]><>" (damage "0")
L 12/08/2020 - 01:51:02: [playercommands.smx] "Hailstorm<98><[U:1:181986054]><>" slapped "FROSTY F1SH (ART COMMS. OPEN)<99><[U:1:445849108]><>" (damage "20")
L 12/08/2020 - 01:51:56: [funcommandsX.smx] "Hailstorm<98><[U:1:181986054]><>" made "Hailstorm<98><[U:1:181986054]><>" saddlebrown
L 12/08/2020 - 01:52:01: [funcommandsX.smx] "Hailstorm<98><[U:1:181986054]><>" made "Hailstorm<98><[U:1:181986054]><>" normal
L 12/08/2020 - 01:57:38: [SM] Changed map to "vsh_pruvia_v9"
L 12/08/2020 - 01:57:42: -------- Mapchange to vsh_pruvia_v9 --------
L 12/08/2020 - 01:57:53: [mapchooser_extended.smx] Loaded map list for tf.
L 12/08/2020 - 02:00:19: [funcommands.smx] "FROSTY F1SH (ART COMMS. OPEN)<99><[U:1:445849108]><>" froze "Draconic (Azel)<101><[U:1:101368949]><>"
L 12/08/2020 - 02:00:28: [funcommands.smx] "FROSTY F1SH (ART COMMS. OPEN)<99><[U:1:445849108]><>" froze "Draconic (Azel)<101><[U:1:101368949]><>"
L 12/08/2020 - 02:00:47: [funcommands.smx] "FROSTY F1SH (ART COMMS. OPEN)<99><[U:1:445849108]><>" froze "Draconic (Azel)<101><[U:1:101368949]><>"
L 12/08/2020 - 02:00:55: [playercommands.smx] "FROSTY F1SH (ART COMMS. OPEN)<99><[U:1:445849108]><>" slapped "Draconic (Azel)<101><[U:1:101368949]><>" (damage "0")
L 12/08/2020 - 02:00:55: [playercommands.smx] "FROSTY F1SH (ART COMMS. OPEN)<99><[U:1:445849108]><>" slapped "Draconic (Azel)<101><[U:1:101368949]><>" (damage "0")
L 12/08/2020 - 02:00:55: [playercommands.smx] "FROSTY F1SH (ART COMMS. OPEN)<99><[U:1:445849108]><>" slapped "Draconic (Azel)<101><[U:1:101368949]><>" (damage "0")
L 12/08/2020 - 02:00:56: [playercommands.smx] "FROSTY F1SH (ART COMMS. OPEN)<99><[U:1:445849108]><>" slapped "Draconic (Azel)<101><[U:1:101368949]><>" (damage "0")
L 12/08/2020 - 02:00:56: [playercommands.smx] "FROSTY F1SH (ART COMMS. OPEN)<99><[U:1:445849108]><>" slapped "Draconic (Azel)<101><[U:1:101368949]><>" (damage "0")
L 12/08/2020 - 02:00:56: [playercommands.smx] "FROSTY F1SH (ART COMMS. OPEN)<99><[U:1:445849108]><>" slapped "Draconic (Azel)<101><[U:1:101368949]><>" (damage "0")
L 12/08/2020 - 02:00:56: [playercommands.smx] "FROSTY F1SH (ART COMMS. OPEN)<99><[U:1:445849108]><>" slapped "Draconic (Azel)<101><[U:1:101368949]><>" (damage "0")
L 12/08/2020 - 02:00:57: [playercommands.smx] "FROSTY F1SH (ART COMMS. OPEN)<99><[U:1:445849108]><>" slapped "Draconic (Azel)<101><[U:1:101368949]><>" (damage "0")
L 12/08/2020 - 02:00:57: [playercommands.smx] "FROSTY F1SH (ART COMMS. OPEN)<99><[U:1:445849108]><>" slapped "Draconic (Azel)<101><[U:1:101368949]><>" (damage "0")
L 12/08/2020 - 02:00:57: [playercommands.smx] "FROSTY F1SH (ART COMMS. OPEN)<99><[U:1:445849108]><>" slapped "Draconic (Azel)<101><[U:1:101368949]><>" (damage "0")
L 12/08/2020 - 02:00:57: [playercommands.smx] "FROSTY F1SH (ART COMMS. OPEN)<99><[U:1:445849108]><>" slapped "Draconic (Azel)<101><[U:1:101368949]><>" (damage "0")
L 12/08/2020 - 02:00:57: [playercommands.smx] "FROSTY F1SH (ART COMMS. OPEN)<99><[U:1:445849108]><>" slapped "Draconic (Azel)<101><[U:1:101368949]><>" (damage "0")
L 12/08/2020 - 02:00:58: [playercommands.smx] "FROSTY F1SH (ART COMMS. OPEN)<99><[U:1:445849108]><>" slapped "Draconic (Azel)<101><[U:1:101368949]><>" (damage "0")
L 12/08/2020 - 02:00:58: [playercommands.smx] "FROSTY F1SH (ART COMMS. OPEN)<99><[U:1:445849108]><>" slapped "Draconic (Azel)<101><[U:1:101368949]><>" (damage "0")
L 12/08/2020 - 02:00:58: [playercommands.smx] "FROSTY F1SH (ART COMMS. OPEN)<99><[U:1:445849108]><>" slapped "Draconic (Azel)<101><[U:1:101368949]><>" (damage "0")
L 12/08/2020 - 02:00:58: [playercommands.smx] "FROSTY F1SH (ART COMMS. OPEN)<99><[U:1:445849108]><>" slapped "Draconic (Azel)<101><[U:1:101368949]><>" (damage "0")
L 12/08/2020 - 02:00:58: [playercommands.smx] "FROSTY F1SH (ART COMMS. OPEN)<99><[U:1:445849108]><>" slapped "Draconic (Azel)<101><[U:1:101368949]><>" (damage "0")
L 12/08/2020 - 02:00:59: [playercommands.smx] "FROSTY F1SH (ART COMMS. OPEN)<99><[U:1:445849108]><>" slapped "Draconic (Azel)<101><[U:1:101368949]><>" (damage "0")
L 12/08/2020 - 02:00:59: [playercommands.smx] "FROSTY F1SH (ART COMMS. OPEN)<99><[U:1:445849108]><>" slapped "Draconic (Azel)<101><[U:1:101368949]><>" (damage "0")
L 12/08/2020 - 02:01:27: [funcommands.smx] "Hailstorm<98><[U:1:181986054]><>" set gravity on "Draconic (Azel)<101><[U:1:101368949]><>" (amount "0.500000")
L 12/08/2020 - 02:02:30: [SetSpeed.smx] "Hailstorm<98><[U:1:181986054]><>" set speed of  "Hailstorm<98><[U:1:181986054]><>" to (520.000000)
L 12/08/2020 - 02:02:44: [SetSpeed.smx] "Hailstorm<98><[U:1:181986054]><>" set speed of  "Hailstorm<98><[U:1:181986054]><>" to (520.000000)
L 12/08/2020 - 02:02:44: [SetSpeed.smx] "Hailstorm<98><[U:1:181986054]><>" set speed of  "FROSTY F1SH (ART COMMS. OPEN)<99><[U:1:445849108]><>" to (520.000000)
L 12/08/2020 - 02:02:44: [SetSpeed.smx] "Hailstorm<98><[U:1:181986054]><>" set speed of  "Draconic (Azel)<101><[U:1:101368949]><>" to (520.000000)
L 12/08/2020 - 02:02:45: [SetSpeed.smx] "Hailstorm<98><[U:1:181986054]><>" set speed of  "gypsynina<102><[U:1:299697582]><>" to (520.000000)
L 12/08/2020 - 02:03:38: [SetSpeed.smx] "Hailstorm<98><[U:1:181986054]><>" set speed of  "gypsynina<102><[U:1:299697582]><>" to (520.000000)
L 12/08/2020 - 02:04:52: [SetSpeed.smx] "Hailstorm<98><[U:1:181986054]><>" reset speed of  "Hailstorm<98><[U:1:181986054]><>" to Normal
L 12/08/2020 - 02:04:52: [SetSpeed.smx] "Hailstorm<98><[U:1:181986054]><>" reset speed of  "FROSTY F1SH (ART COMMS. OPEN)<99><[U:1:445849108]><>" to Normal
L 12/08/2020 - 02:04:52: [SetSpeed.smx] "Hailstorm<98><[U:1:181986054]><>" reset speed of  "Draconic (Azel)<101><[U:1:101368949]><>" to Normal
L 12/08/2020 - 02:04:52: [SetSpeed.smx] "Hailstorm<98><[U:1:181986054]><>" reset speed of  "gypsynina<102><[U:1:299697582]><>" to Normal
L 12/08/2020 - 02:06:14: [funcommands.smx] "Hailstorm<98><[U:1:181986054]><>" set a beacon on "Hailstorm<98><[U:1:181986054]><>"
L 12/08/2020 - 02:10:59: [playercommands.smx] "Hailstorm<98><[U:1:181986054]><>" slapped "FROSTY F1SH (ART COMMS. OPEN)<99><[U:1:445849108]><>" (damage "0")
L 12/08/2020 - 02:10:59: [playercommands.smx] "Hailstorm<98><[U:1:181986054]><>" slapped "FROSTY F1SH (ART COMMS. OPEN)<99><[U:1:445849108]><>" (damage "0")
L 12/08/2020 - 02:11:00: [playercommands.smx] "Hailstorm<98><[U:1:181986054]><>" slapped "FROSTY F1SH (ART COMMS. OPEN)<99><[U:1:445849108]><>" (damage "0")
L 12/08/2020 - 02:11:00: [playercommands.smx] "Hailstorm<98><[U:1:181986054]><>" slapped "FROSTY F1SH (ART COMMS. OPEN)<99><[U:1:445849108]><>" (damage "0")
L 12/08/2020 - 02:11:01: [playercommands.smx] "Hailstorm<98><[U:1:181986054]><>" slapped "FROSTY F1SH (ART COMMS. OPEN)<99><[U:1:445849108]><>" (damage "0")
L 12/08/2020 - 02:11:01: [playercommands.smx] "Hailstorm<98><[U:1:181986054]><>" slapped "FROSTY F1SH (ART COMMS. OPEN)<99><[U:1:445849108]><>" (damage "0")
L 12/08/2020 - 02:11:04: [playercommands.smx] "Hailstorm<98><[U:1:181986054]><>" slapped "FROSTY F1SH (ART COMMS. OPEN)<99><[U:1:445849108]><>" (damage "0")
L 12/08/2020 - 02:12:37: [funcommands.smx] "FROSTY F1SH (ART COMMS. OPEN)<99><[U:1:445849108]><>" set a beacon on "Draconic (Azel)<101><[U:1:101368949]><>"
L 12/08/2020 - 02:13:52: [respawn.smx] "Hailstorm<98><[U:1:181986054]><>" respawned "Draconic (Azel)<101><[U:1:101368949]><>"
L 12/08/2020 - 02:14:16: [funcommands.smx] "Hailstorm<98><[U:1:181986054]><>" set gravity on "Hailstorm<98><[U:1:181986054]><>" (amount "0.100000")
L 12/08/2020 - 02:14:18: [funcommands.smx] "Hailstorm<98><[U:1:181986054]><>" set gravity on "FROSTY F1SH (ART COMMS. OPEN)<99><[U:1:445849108]><>" (amount "0.100000")
L 12/08/2020 - 02:14:20: [funcommands.smx] "Hailstorm<98><[U:1:181986054]><>" set gravity on "Draconic (Azel)<101><[U:1:101368949]><>" (amount "0.100000")
L 12/08/2020 - 02:14:46: [SetSpeed.smx] "Hailstorm<98><[U:1:181986054]><>" set speed of  "Hailstorm<98><[U:1:181986054]><>" to (520.000000)
L 12/08/2020 - 02:14:46: [SetSpeed.smx] "Hailstorm<98><[U:1:181986054]><>" set speed of  "FROSTY F1SH (ART COMMS. OPEN)<99><[U:1:445849108]><>" to (520.000000)
L 12/08/2020 - 02:14:46: [SetSpeed.smx] "Hailstorm<98><[U:1:181986054]><>" set speed of  "Draconic (Azel)<101><[U:1:101368949]><>" to (520.000000)
L 12/08/2020 - 02:18:10: [mapchooser_extended.smx] Voting for next map has started.
L 12/08/2020 - 02:18:32: [playercommands.smx] "FROSTY F1SH (ART COMMS. OPEN)<99><[U:1:445849108]><>" slapped "Draconic (Azel)<101><[U:1:101368949]><>" (damage "0")
L 12/08/2020 - 02:18:33: [playercommands.smx] "FROSTY F1SH (ART COMMS. OPEN)<99><[U:1:445849108]><>" slapped "Draconic (Azel)<101><[U:1:101368949]><>" (damage "0")
L 12/08/2020 - 02:18:33: [playercommands.smx] "FROSTY F1SH (ART COMMS. OPEN)<99><[U:1:445849108]><>" slapped "Draconic (Azel)<101><[U:1:101368949]><>" (damage "0")
L 12/08/2020 - 02:18:33: [playercommands.smx] "FROSTY F1SH (ART COMMS. OPEN)<99><[U:1:445849108]><>" slapped "Draconic (Azel)<101><[U:1:101368949]><>" (damage "0")
L 12/08/2020 - 02:18:34: [playercommands.smx] "FROSTY F1SH (ART COMMS. OPEN)<99><[U:1:445849108]><>" slapped "Draconic (Azel)<101><[U:1:101368949]><>" (damage "0")
L 12/08/2020 - 02:18:34: [playercommands.smx] "FROSTY F1SH (ART COMMS. OPEN)<99><[U:1:445849108]><>" slapped "Draconic (Azel)<101><[U:1:101368949]><>" (damage "0")
L 12/08/2020 - 02:18:34: [playercommands.smx] "FROSTY F1SH (ART COMMS. OPEN)<99><[U:1:445849108]><>" slapped "Draconic (Azel)<101><[U:1:101368949]><>" (damage "0")
L 12/08/2020 - 02:18:34: [playercommands.smx] "FROSTY F1SH (ART COMMS. OPEN)<99><[U:1:445849108]><>" slapped "Draconic (Azel)<101><[U:1:101368949]><>" (damage "0")
L 12/08/2020 - 02:18:34: [playercommands.smx] "FROSTY F1SH (ART COMMS. OPEN)<99><[U:1:445849108]><>" slapped "Draconic (Azel)<101><[U:1:101368949]><>" (damage "0")
L 12/08/2020 - 02:18:35: [playercommands.smx] "FROSTY F1SH (ART COMMS. OPEN)<99><[U:1:445849108]><>" slapped "Draconic (Azel)<101><[U:1:101368949]><>" (damage "0")
L 12/08/2020 - 02:18:37: [mapchooser_extended.smx] Voting for next map has started.
L 12/08/2020 - 02:18:58: [mapchooser_extended.smx] Voting for next map has finished. Nextmap: vsh_nebula_rc1.
L 12/08/2020 - 02:21:53: [respawn.smx] "Hailstorm<98><[U:1:181986054]><>" respawned "lazer crock<108><[U:1:481759848]><>"
L 12/08/2020 - 02:28:13: [SM] Changed map to "vsh_nebula_rc1"
L 12/08/2020 - 02:28:17: -------- Mapchange to vsh_nebula_rc1 --------
L 12/08/2020 - 02:28:27: [mapchooser_extended.smx] Loaded map list for tf.
L 12/08/2020 - 02:48:45: [mapchooser_extended.smx] Voting for next map has started.
L 12/08/2020 - 02:49:06: [mapchooser_extended.smx] Voting for next map has finished. Nextmap: vsh_void_a1f.
L 12/08/2020 - 03:00:53: [SM] Changed map to "vsh_void_a1f"
L 12/08/2020 - 03:00:55: -------- Mapchange to vsh_void_a1f --------
L 12/08/2020 - 03:01:06: [mapchooser_extended.smx] Loaded map list for tf.
L 12/08/2020 - 03:21:23: [mapchooser_extended.smx] Voting for next map has started.
L 12/08/2020 - 03:21:43: [mapchooser_extended.smx] Voting for next map has finished. Nextmap: vsh_manncohq_v14.
L 12/08/2020 - 03:32:14: [SM] Changed map to "vsh_manncohq_v14"
L 12/08/2020 - 03:32:18: -------- Mapchange to vsh_manncohq_v14 --------
L 12/08/2020 - 03:32:28: [mapchooser_extended.smx] Loaded map list for tf.
L 12/08/2020 - 03:52:43: [mapchooser_extended.smx] Voting for next map has started.
L 12/08/2020 - 07:57:48: [SM] Changed map to "vsh_Hakurei_Winter_v2"
L 12/08/2020 - 07:57:53: -------- Mapchange to vsh_Hakurei_Winter_v2 --------
L 12/08/2020 - 07:58:04: [mapchooser_extended.smx] Loaded map list for tf.
L 12/08/2020 - 08:18:25: [mapchooser_extended.smx] Voting for next map has started.
L 12/08/2020 - 08:18:30: [mapchooser_extended.smx] Voting for next map has finished. Nextmap: vsh_dirtmound_b9.
L 12/08/2020 - 08:29:07: [SM] Changed map to "vsh_dirtmound_b9"
L 12/08/2020 - 08:29:11: -------- Mapchange to vsh_dirtmound_b9 --------
L 12/08/2020 - 08:29:23: [mapchooser_extended.smx] Loaded map list for tf.
L 12/08/2020 - 08:49:38: [mapchooser_extended.smx] Voting for next map has started.
L 12/09/2020 - 06:50:41: Log file closed.
