L 07/14/2020 - 20:01:01: SourceMod log file session started (file "/home/steamsrv/tf2/tf/addons/sourcemod/logs/L20200714.log") (Version "1.10.0.6490")
L 07/14/2020 - 20:01:01: [TF2ITEMS] "GiveNamedItem" offset = 479
L 07/14/2020 - 20:01:01: [freak_fortress_2.smx] Freak Fortress 2 199001 Loading...
L 07/14/2020 - 20:01:17: [UPDATER] Successfully updated gamedata file "tf2.items.txt"
L 07/14/2020 - 20:01:17: [UPDATER] SourceMod has been updated, please reload it or restart your server.
L 07/14/2020 - 20:03:46: SourceMod log file session started (file "/home/steamsrv/tf2/tf/addons/sourcemod/logs/L20200714.log") (Version "1.10.0.6490")
L 07/14/2020 - 20:03:46: [TF2ITEMS] "GiveNamedItem" offset = 484
L 07/14/2020 - 20:03:46: [freak_fortress_2.smx] Freak Fortress 2 199001 Loading...
L 07/14/2020 - 20:08:32: SourceMod log file session started (file "/home/steamsrv/tf2/tf/addons/sourcemod/logs/L20200714.log") (Version "1.10.0.6490")
L 07/14/2020 - 20:08:32: [TF2ITEMS] "GiveNamedItem" offset = 484
L 07/14/2020 - 20:08:32: [freak_fortress_2.smx] Freak Fortress 2 199001 Loading...
L 07/14/2020 - 20:17:09: [playercommands.smx] "Nezzie♥<4><[U:1:107910185]><>" slapped "Nezzie♥<4><[U:1:107910185]><>" (damage "0")
L 07/14/2020 - 20:17:09: [playercommands.smx] "Nezzie♥<4><[U:1:107910185]><>" slapped "Nezzie♥<4><[U:1:107910185]><>" (damage "0")
L 07/14/2020 - 20:17:09: [playercommands.smx] "Nezzie♥<4><[U:1:107910185]><>" slapped "Nezzie♥<4><[U:1:107910185]><>" (damage "0")
L 07/14/2020 - 20:17:10: [playercommands.smx] "Nezzie♥<4><[U:1:107910185]><>" slapped "Nezzie♥<4><[U:1:107910185]><>" (damage "0")
L 07/14/2020 - 20:17:10: [playercommands.smx] "Nezzie♥<4><[U:1:107910185]><>" slapped "Nezzie♥<4><[U:1:107910185]><>" (damage "0")
L 07/14/2020 - 20:17:10: [playercommands.smx] "Nezzie♥<4><[U:1:107910185]><>" slapped "Nezzie♥<4><[U:1:107910185]><>" (damage "0")
L 07/14/2020 - 20:17:10: [playercommands.smx] "Nezzie♥<4><[U:1:107910185]><>" slapped "Nezzie♥<4><[U:1:107910185]><>" (damage "0")
L 07/14/2020 - 20:17:12: [playercommands.smx] "Nezzie♥<4><[U:1:107910185]><>" slapped "Nezzie♥<4><[U:1:107910185]><>" (damage "0")
L 07/14/2020 - 20:17:12: [playercommands.smx] "Nezzie♥<4><[U:1:107910185]><>" slapped "Nezzie♥<4><[U:1:107910185]><>" (damage "0")
L 07/14/2020 - 20:17:13: [playercommands.smx] "Nezzie♥<4><[U:1:107910185]><>" slapped "Nezzie♥<4><[U:1:107910185]><>" (damage "0")
L 07/14/2020 - 20:17:13: [playercommands.smx] "Nezzie♥<4><[U:1:107910185]><>" slapped "Nezzie♥<4><[U:1:107910185]><>" (damage "0")
L 07/14/2020 - 20:17:13: [playercommands.smx] "Nezzie♥<4><[U:1:107910185]><>" slapped "Nezzie♥<4><[U:1:107910185]><>" (damage "0")
L 07/14/2020 - 20:17:13: [playercommands.smx] "Nezzie♥<4><[U:1:107910185]><>" slapped "Nezzie♥<4><[U:1:107910185]><>" (damage "0")
L 07/14/2020 - 20:22:30: [SM] Changed map to "cp_dustbowl"
L 07/14/2020 - 20:22:35: -------- Mapchange to cp_dustbowl --------
L 07/14/2020 - 20:41:58: -------- Mapchange to arena_lumberyard --------
L 07/14/2020 - 20:44:55: [playercommands.smx] "Nezzie♥<5><[U:1:107910185]><>" slayed "0xDEADBEEF<6><BOT><>"
L 07/14/2020 - 20:58:49: [SM] Changed map to "cp_granary"
L 07/14/2020 - 20:58:54: -------- Mapchange to cp_granary --------
L 07/14/2020 - 21:08:35: -------- Mapchange to arena_lumberyard --------
L 07/14/2020 - 21:10:09: -------- Mapchange to arena_badlands --------
L 07/14/2020 - 21:10:56: [playercommands.smx] "Nezzie♥<17><[U:1:107910185]><>" slayed "Mentlegen<32><BOT><>"
L 07/14/2020 - 21:10:57: [playercommands.smx] "Nezzie♥<17><[U:1:107910185]><>" slayed "Grim Bloody Fable<29><BOT><>"
L 07/14/2020 - 21:10:58: [playercommands.smx] "Nezzie♥<17><[U:1:107910185]><>" slayed "Force of Nature<28><BOT><>"
L 07/14/2020 - 21:32:20: -------- Mapchange to arena_lumberyard --------
L 07/14/2020 - 21:32:59: [playercommands.smx] "Nezzie♥<33><[U:1:107910185]><>" slayed "Pow!<43><BOT><>"
L 07/14/2020 - 21:33:01: [playercommands.smx] "Nezzie♥<33><[U:1:107910185]><>" slayed "Numnutz<40><BOT><>"
L 07/14/2020 - 21:33:03: [playercommands.smx] "Nezzie♥<33><[U:1:107910185]><>" slayed "Hat-Wearing MAN<39><BOT><>"
L 07/14/2020 - 21:39:32: -------- Mapchange to arena_badlands --------
L 07/14/2020 - 21:40:06: [playercommands.smx] "Nezzie♥<33><[U:1:107910185]><>" slayed "THEM<44><BOT><>"
L 07/14/2020 - 21:40:06: [playercommands.smx] "Nezzie♥<33><[U:1:107910185]><>" slayed "ZAWMBEEZ<46><BOT><>"
L 07/14/2020 - 21:40:06: [playercommands.smx] "Nezzie♥<33><[U:1:107910185]><>" slayed "Black Mesa<48><BOT><>"
L 07/14/2020 - 21:40:11: [playercommands.smx] "Nezzie♥<33><[U:1:107910185]><>" slayed "THEM<44><BOT><>"
L 07/14/2020 - 21:40:11: [playercommands.smx] "Nezzie♥<33><[U:1:107910185]><>" slayed "ZAWMBEEZ<46><BOT><>"
L 07/14/2020 - 21:40:11: [playercommands.smx] "Nezzie♥<33><[U:1:107910185]><>" slayed "Black Mesa<48><BOT><>"
L 07/14/2020 - 21:40:17: [playercommands.smx] "Nezzie♥<33><[U:1:107910185]><>" slayed "THEM<44><BOT><>"
L 07/14/2020 - 21:40:17: [playercommands.smx] "Nezzie♥<33><[U:1:107910185]><>" slayed "ZAWMBEEZ<46><BOT><>"
L 07/14/2020 - 21:40:17: [playercommands.smx] "Nezzie♥<33><[U:1:107910185]><>" slayed "Black Mesa<48><BOT><>"
L 07/14/2020 - 21:42:56: -------- Mapchange to arena_lumberyard --------
L 07/14/2020 - 21:43:39: [playercommands.smx] "Nezzie♥<33><[U:1:107910185]><>" slayed "CEDA<49><BOT><>"
L 07/14/2020 - 21:43:39: [playercommands.smx] "Nezzie♥<33><[U:1:107910185]><>" slayed "BoomerBile<51><BOT><>"
L 07/14/2020 - 21:43:39: [playercommands.smx] "Nezzie♥<33><[U:1:107910185]><>" slayed "Mann Co.<52><BOT><>"
L 07/14/2020 - 22:17:51: [SM] Changed map to "cp_well"
L 07/14/2020 - 22:17:56: -------- Mapchange to cp_well --------
L 07/14/2020 - 22:20:48: [basecomm.smx] "Nezzie♥<61><[U:1:107910185]><>" muted "Nezzie♥<61><[U:1:107910185]><>"
L 07/14/2020 - 22:20:56: [basecomm.smx] "Nezzie♥<61><[U:1:107910185]><>" unmuted "Nezzie♥<61><[U:1:107910185]><>"
L 07/14/2020 - 22:21:03: [basecomm.smx] "Nezzie♥<61><[U:1:107910185]><>" gagged "Nezzie♥<61><[U:1:107910185]><>"
L 07/14/2020 - 22:21:07: [basecomm.smx] "Nezzie♥<61><[U:1:107910185]><>" ungagged "Nezzie♥<61><[U:1:107910185]><>"
L 07/14/2020 - 22:23:58: -------- Mapchange to arena_badlands --------
L 07/14/2020 - 23:19:44: -------- Mapchange to arena_offblast_final --------
L 07/14/2020 - 23:24:02: [playercommands.smx] "Nezzie♥<77><[U:1:107910185]><>" slayed "Glorified Toaster with Legs<83><BOT><>"
L 07/14/2020 - 23:30:32: [playercommands.smx] "Nezzie♥<77><[U:1:107910185]><>" slayed "Numnutz<87><BOT><>"
L 07/14/2020 - 23:31:17: -------- Mapchange to arena_nucleus --------
L 07/14/2020 - 23:34:46: [playercommands.smx] "Nezzie♥<77><[U:1:107910185]><>" slayed "Pow!<91><BOT><>"
L 07/14/2020 - 23:35:52: [funcommands.smx] "Nezzie♥<77><[U:1:107910185]><>" toggled noclip on "Nezzie♥<77><[U:1:107910185]><>"
L 07/14/2020 - 23:35:53: [funcommands.smx] "Nezzie♥<77><[U:1:107910185]><>" toggled noclip on "Nezzie♥<77><[U:1:107910185]><>"
L 07/14/2020 - 23:46:39: -------- Mapchange to arena_byre --------
L 07/14/2020 - 23:48:21: [playercommands.smx] "Nezzie♥<94><[U:1:107910185]><>" slayed "Grandpa<88><[U:1:312675055]><>"
L 07/14/2020 - 23:50:14: -------- Mapchange to arena_lumberyard --------
L 07/14/2020 - 23:51:21: [playercommands.smx] "Nezzie♥<94><[U:1:107910185]><>" slayed "SomeDude<104><BOT><>"
L 07/14/2020 - 23:55:10: -------- Mapchange to arena_badlands --------
L 07/14/2020 - 23:57:33: [funcommands.smx] "Nezzie♥<94><[U:1:107910185]><>" froze "Humans Are Weak<107><BOT><>"
L 07/14/2020 - 23:58:01: [playercommands.smx] "Nezzie♥<94><[U:1:107910185]><>" slayed "Humans Are Weak<107><BOT><>"
L 07/14/2020 - 23:58:46: [playercommands.smx] "Nezzie♥<94><[U:1:107910185]><>" slayed "CrySomeMore<106><BOT><>"
L 07/15/2020 - 00:01:40: Log file closed.
