L 07/17/2020 - 12:58:52: SourceMod log file session started (file "/home/steamsrv/tf2/tf/addons/sourcemod/logs/L20200717.log") (Version "1.10.0.6490")
L 07/17/2020 - 12:58:52: [basecommands.smx] "MrFrenzoid<193><[U:1:91292555]><>" changed map to "vsh_tranquil_b5"
L 07/17/2020 - 12:58:55: [SM] Changed map to "vsh_tranquil_b5"
L 07/17/2020 - 12:58:58: -------- Mapchange to vsh_tranquil_b5 --------
L 07/17/2020 - 12:59:10: [mapchooser_extended.smx] Loaded map list for tf.
L 07/17/2020 - 13:09:52: [basechat.smx] "Console<0><Console><Console>" triggered sm_say (text The round time has ended!)
L 07/17/2020 - 13:09:52: [playercommands.smx] "Console<0><Console><Console>" slayed "MrFrenzoid<193><[U:1:91292555]><>"
L 07/17/2020 - 13:09:52: [playercommands.smx] "Console<0><Console><Console>" slayed "Divide by Zero<198><BOT><>"
L 07/17/2020 - 13:09:52: [playercommands.smx] "Console<0><Console><Console>" slayed "MoreGun<199><BOT><>"
L 07/17/2020 - 13:19:25: [mapchooser_extended.smx] Voting for next map has started.
L 07/17/2020 - 13:20:10: [basechat.smx] "Console<0><Console><Console>" triggered sm_say (text The round time has ended!)
L 07/17/2020 - 13:20:10: [playercommands.smx] "Console<0><Console><Console>" slayed "MrFrenzoid<193><[U:1:91292555]><>"
L 07/17/2020 - 13:20:10: [playercommands.smx] "Console<0><Console><Console>" slayed "trigger_hurt<197><BOT><>"
L 07/17/2020 - 13:20:10: [playercommands.smx] "Console<0><Console><Console>" slayed "Divide by Zero<198><BOT><>"
L 07/17/2020 - 13:28:49: [basecommands.smx] "MrFrenzoid<193><[U:1:91292555]><>" changed map to "vsh_manncohq_v14"
L 07/17/2020 - 13:28:52: [SM] Changed map to "vsh_manncohq_v14"
L 07/17/2020 - 13:28:55: -------- Mapchange to vsh_manncohq_v14 --------
L 07/17/2020 - 13:29:06: [mapchooser_extended.smx] Loaded map list for tf.
L 07/17/2020 - 13:29:46: [respawn.smx] "MrFrenzoid<193><[U:1:91292555]><>" has respawned "MrFrenzoid<193><[U:1:91292555]><>"
L 07/17/2020 - 13:30:17: [respawn.smx] "MrFrenzoid<193><[U:1:91292555]><>" has respawned "Big Mean Muther Hubbard<200><BOT><>"
L 07/17/2020 - 13:30:17: [respawn.smx] "MrFrenzoid<193><[U:1:91292555]><>" has respawned "Crazed Gunman<201><BOT><>"
L 07/17/2020 - 13:30:19: [respawn.smx] "MrFrenzoid<193><[U:1:91292555]><>" has respawned "Poopy Joe<202><BOT><>"
L 07/17/2020 - 13:33:38: [basecommands.smx] "MrFrenzoid<193><[U:1:91292555]><>" changed map to "vsh_manncohq_v14"
L 07/17/2020 - 13:33:41: [SM] Changed map to "vsh_manncohq_v14"
L 07/17/2020 - 13:33:42: -------- Mapchange to vsh_manncohq_v14 --------
L 07/17/2020 - 13:33:52: [mapchooser_extended.smx] Loaded map list for tf.
L 07/17/2020 - 13:43:16: [basechat.smx] "Console<0><Console><Console>" triggered sm_say (text The round time has ended!)
L 07/17/2020 - 13:44:17: [basecommands.smx] "MrFrenzoid<193><[U:1:91292555]><>" changed map to "vsh_manncohq_v14"
L 07/17/2020 - 13:44:20: [SM] Changed map to "vsh_manncohq_v14"
L 07/17/2020 - 13:44:22: -------- Mapchange to vsh_manncohq_v14 --------
L 07/17/2020 - 13:44:34: [mapchooser_extended.smx] Loaded map list for tf.
L 07/17/2020 - 13:45:23: [respawn.smx] "MrFrenzoid<193><[U:1:91292555]><>" respawned "MrFrenzoid<193><[U:1:91292555]><>"
L 07/17/2020 - 13:46:07: [respawn.smx] "MrFrenzoid<193><[U:1:91292555]><>" respawned "MrFrenzoid<193><[U:1:91292555]><>"
L 07/17/2020 - 13:53:15: [basechat.smx] "Console<0><Console><Console>" triggered sm_say (text The round time has ended!)
L 07/17/2020 - 14:04:48: [mapchooser_extended.smx] Voting for next map has started.
L 07/17/2020 - 14:36:17: [rockthevote_extended.smx] RTV changing map manually
L 07/17/2020 - 14:36:17: [SM] Changed map to "arena_offblast_final"
L 07/17/2020 - 14:36:20: -------- Mapchange to arena_offblast_final --------
L 07/17/2020 - 14:36:30: [mapchooser_extended.smx] Loaded map list for tf.
L 07/17/2020 - 14:45:06: [basechat.smx] "Console<0><Console><Console>" triggered sm_say (text The round time has ended!)
L 07/17/2020 - 14:45:52: [basecommands.smx] "MrFrenzoid<193><[U:1:91292555]><>" changed map to "vsh_manncohq_v14"
L 07/17/2020 - 14:45:55: [SM] Changed map to "vsh_manncohq_v14"
L 07/17/2020 - 14:45:58: -------- Mapchange to vsh_manncohq_v14 --------
L 07/17/2020 - 14:46:07: [mapchooser_extended.smx] Loaded map list for tf.
L 07/17/2020 - 14:47:10: [basechat.smx] "Console<0><Console><Console>" triggered sm_say (text The round time has ended!)
L 07/17/2020 - 14:47:10: [playercommands.smx] "Console<0><Console><Console>" slayed "MrFrenzoid<193><[U:1:91292555]><>"
L 07/17/2020 - 14:47:10: [playercommands.smx] "Console<0><Console><Console>" slayed "Chell<214><BOT><>"
L 07/17/2020 - 14:47:10: [playercommands.smx] "Console<0><Console><Console>" slayed "Totally Not A Bot<215><BOT><>"
L 07/17/2020 - 14:48:40: [basechat.smx] "Console<0><Console><Console>" triggered sm_say (text The round time has ended!)
L 07/17/2020 - 14:48:40: [playercommands.smx] "Console<0><Console><Console>" slayed "MrFrenzoid<193><[U:1:91292555]><>"
L 07/17/2020 - 14:48:40: [playercommands.smx] "Console<0><Console><Console>" slayed "H@XX0RZ<213><BOT><>"
L 07/17/2020 - 14:48:40: [playercommands.smx] "Console<0><Console><Console>" slayed "Chell<214><BOT><>"
L 07/17/2020 - 14:49:28: [basechat.smx] "Console<0><Console><Console>" triggered sm_say (text The round time has ended!)
L 07/17/2020 - 14:49:28: [playercommands.smx] "Console<0><Console><Console>" slayed "MrFrenzoid<193><[U:1:91292555]><>"
L 07/17/2020 - 14:49:28: [playercommands.smx] "Console<0><Console><Console>" slayed "Chell<214><BOT><>"
L 07/17/2020 - 14:49:28: [playercommands.smx] "Console<0><Console><Console>" slayed "Totally Not A Bot<215><BOT><>"
L 07/17/2020 - 14:50:16: [basechat.smx] "Console<0><Console><Console>" triggered sm_say (text The round time has ended!)
L 07/17/2020 - 14:50:16: [playercommands.smx] "Console<0><Console><Console>" slayed "H@XX0RZ<213><BOT><>"
L 07/17/2020 - 14:50:16: [playercommands.smx] "Console<0><Console><Console>" slayed "Chell<214><BOT><>"
L 07/17/2020 - 14:50:16: [playercommands.smx] "Console<0><Console><Console>" slayed "Totally Not A Bot<215><BOT><>"
L 07/17/2020 - 14:51:04: [basechat.smx] "Console<0><Console><Console>" triggered sm_say (text The round time has ended!)
L 07/17/2020 - 14:51:04: [playercommands.smx] "Console<0><Console><Console>" slayed "MrFrenzoid<193><[U:1:91292555]><>"
L 07/17/2020 - 14:51:04: [playercommands.smx] "Console<0><Console><Console>" slayed "H@XX0RZ<213><BOT><>"
L 07/17/2020 - 14:51:04: [playercommands.smx] "Console<0><Console><Console>" slayed "Chell<214><BOT><>"
L 07/17/2020 - 14:51:11: [basecommands.smx] "MrFrenzoid<193><[U:1:91292555]><>" changed map to "vsh_manncohq_v14"
L 07/17/2020 - 14:51:14: [SM] Changed map to "vsh_manncohq_v14"
L 07/17/2020 - 14:51:16: -------- Mapchange to vsh_manncohq_v14 --------
L 07/17/2020 - 14:51:28: [mapchooser_extended.smx] Loaded map list for tf.
L 07/17/2020 - 14:53:22: [basecommands.smx] "MrFrenzoid<193><[U:1:91292555]><>" changed map to "vsh_manncohq_v14"
L 07/17/2020 - 14:53:26: [SM] Changed map to "vsh_manncohq_v14"
L 07/17/2020 - 14:53:28: -------- Mapchange to vsh_manncohq_v14 --------
L 07/17/2020 - 14:53:38: [mapchooser_extended.smx] Loaded map list for tf.
L 07/17/2020 - 14:55:16: [basecommands.smx] "MrFrenzoid<193><[U:1:91292555]><>" changed map to "vsh_manncohq_v14"
L 07/17/2020 - 14:55:19: [SM] Changed map to "vsh_manncohq_v14"
L 07/17/2020 - 14:55:22: -------- Mapchange to vsh_manncohq_v14 --------
L 07/17/2020 - 14:55:32: [mapchooser_extended.smx] Loaded map list for tf.
L 07/17/2020 - 14:57:08: [respawn.smx] "MrFrenzoid<193><[U:1:91292555]><>" respawned "MrFrenzoid<193><[U:1:91292555]><>"
L 07/17/2020 - 14:57:22: [playercommands.smx] "MrFrenzoid<193><[U:1:91292555]><>" slayed "BeepBeepBoop<222><BOT><>"
L 07/17/2020 - 14:57:24: [playercommands.smx] "MrFrenzoid<193><[U:1:91292555]><>" slayed "Someone Else<224><BOT><>"
L 07/17/2020 - 14:57:25: [playercommands.smx] "MrFrenzoid<193><[U:1:91292555]><>" slayed "CreditToTeam<223><BOT><>"
L 07/17/2020 - 14:57:45: [playercommands.smx] "MrFrenzoid<193><[U:1:91292555]><>" slayed "Someone Else<224><BOT><>"
L 07/17/2020 - 14:57:51: [respawn.smx] "MrFrenzoid<193><[U:1:91292555]><>" respawned "MrFrenzoid<193><[U:1:91292555]><>"
L 07/17/2020 - 15:00:00: [basecommands.smx] "MrFrenzoid<193><[U:1:91292555]><>" changed map to "vsh_manncohq_v14"
L 07/17/2020 - 15:00:03: [SM] Changed map to "vsh_manncohq_v14"
L 07/17/2020 - 15:00:07: -------- Mapchange to vsh_manncohq_v14 --------
L 07/17/2020 - 15:00:18: [mapchooser_extended.smx] Loaded map list for tf.
L 07/17/2020 - 15:00:55: [playercommands.smx] "MrFrenzoid<193><[U:1:91292555]><>" slayed "HI THERE<227><BOT><>"
L 07/17/2020 - 15:01:00: [respawn.smx] "MrFrenzoid<193><[U:1:91292555]><>" respawned "HI THERE<227><BOT><>"
L 07/17/2020 - 15:01:08: [respawn.smx] "MrFrenzoid<193><[U:1:91292555]><>" respawned "MrFrenzoid<193><[U:1:91292555]><>"
L 07/17/2020 - 15:01:20: [playercommands.smx] "MrFrenzoid<193><[U:1:91292555]><>" slayed "AmNot<226><BOT><>"
L 07/17/2020 - 15:01:21: [playercommands.smx] "MrFrenzoid<193><[U:1:91292555]><>" slayed "MrFrenzoid<193><[U:1:91292555]><>"
L 07/17/2020 - 15:01:27: [respawn.smx] "MrFrenzoid<193><[U:1:91292555]><>" respawned "MrFrenzoid<193><[U:1:91292555]><>"
L 07/17/2020 - 15:01:33: [respawn.smx] "MrFrenzoid<193><[U:1:91292555]><>" respawned "AmNot<226><BOT><>"
L 07/17/2020 - 15:04:41: [basecommands.smx] "MrFrenzoid<193><[U:1:91292555]><>" changed map to "vsh_manncohq_v14"
L 07/17/2020 - 15:04:44: [SM] Changed map to "vsh_manncohq_v14"
L 07/17/2020 - 15:04:47: -------- Mapchange to vsh_manncohq_v14 --------
L 07/17/2020 - 15:04:58: [mapchooser_extended.smx] Loaded map list for tf.
L 07/17/2020 - 15:05:57: [funcommands.smx] "MrFrenzoid<193><[U:1:91292555]><>" froze "GLaDOS<228><BOT><>"
L 07/17/2020 - 15:06:15: [funcommands.smx] "MrFrenzoid<193><[U:1:91292555]><>" froze "GLaDOS<228><BOT><>"
L 07/17/2020 - 15:06:28: [funcommands.smx] "MrFrenzoid<193><[U:1:91292555]><>" froze "GLaDOS<228><BOT><>"
L 07/17/2020 - 15:06:41: [respawn.smx] "MrFrenzoid<193><[U:1:91292555]><>" respawned "MrFrenzoid<193><[U:1:91292555]><>"
L 07/17/2020 - 15:06:52: [funcommands.smx] "MrFrenzoid<193><[U:1:91292555]><>" froze "GLaDOS<228><BOT><>"
L 07/17/2020 - 15:07:01: [funcommands.smx] "MrFrenzoid<193><[U:1:91292555]><>" froze "GLaDOS<228><BOT><>"
L 07/17/2020 - 15:07:02: [funcommands.smx] "MrFrenzoid<193><[U:1:91292555]><>" froze "GLaDOS<228><BOT><>"
L 07/17/2020 - 15:07:23: [funcommands.smx] "MrFrenzoid<193><[U:1:91292555]><>" froze "GLaDOS<228><BOT><>"
L 07/17/2020 - 15:07:36: [funcommands.smx] "MrFrenzoid<193><[U:1:91292555]><>" froze "GLaDOS<228><BOT><>"
L 07/17/2020 - 15:07:45: [funcommands.smx] "MrFrenzoid<193><[U:1:91292555]><>" froze "GLaDOS<228><BOT><>"
L 07/17/2020 - 15:07:46: [funcommands.smx] "MrFrenzoid<193><[U:1:91292555]><>" froze "GLaDOS<228><BOT><>"
L 07/17/2020 - 15:07:47: [funcommands.smx] "MrFrenzoid<193><[U:1:91292555]><>" froze "GLaDOS<228><BOT><>"
L 07/17/2020 - 15:13:29: [basechat.smx] "Console<0><Console><Console>" triggered sm_say (text The round time has ended!)
L 07/17/2020 - 15:13:29: [playercommands.smx] "Console<0><Console><Console>" slayed "Headful of Eyeballs<229><BOT><>"
L 07/17/2020 - 15:13:29: [playercommands.smx] "Console<0><Console><Console>" slayed "Aperture Science Prototype XR7<230><BOT><>"
L 07/17/2020 - 15:17:20: [basecommands.smx] "MrFrenzoid<193><[U:1:91292555]><>" changed map to "vsh_manncohq_v14"
L 07/17/2020 - 15:17:23: [SM] Changed map to "vsh_manncohq_v14"
L 07/17/2020 - 15:17:26: -------- Mapchange to vsh_manncohq_v14 --------
L 07/17/2020 - 15:17:37: [mapchooser_extended.smx] Loaded map list for tf.
L 07/17/2020 - 15:17:37: [chat-processor.smx] Message formats generated for game 'tf'.
L 07/17/2020 - 15:17:37: [chat-processor.smx] Successfully hooked a SayText2 chat hook.
L 07/17/2020 - 15:26:37: [basechat.smx] "Console<0><Console><Console>" triggered sm_say (text The round time has ended!)
L 07/17/2020 - 15:26:37: [playercommands.smx] "Console<0><Console><Console>" slayed "AimBot<231><BOT><>"
L 07/17/2020 - 15:26:37: [playercommands.smx] "Console<0><Console><Console>" slayed "GutsAndGlory!<232><BOT><>"
L 07/17/2020 - 15:26:37: [playercommands.smx] "Console<0><Console><Console>" slayed "Saxton Hale<233><BOT><>"
L 07/17/2020 - 15:34:56: [basechat.smx] "Console<0><Console><Console>" triggered sm_say (text The round time has ended!)
L 07/17/2020 - 15:34:56: [playercommands.smx] "Console<0><Console><Console>" slayed "MrFrenzoid<193><[U:1:91292555]><>"
L 07/17/2020 - 15:34:56: [playercommands.smx] "Console<0><Console><Console>" slayed "AimBot<231><BOT><>"
L 07/17/2020 - 15:34:56: [playercommands.smx] "Console<0><Console><Console>" slayed "GutsAndGlory!<232><BOT><>"
L 07/17/2020 - 15:37:51: [mapchooser_extended.smx] Voting for next map has started.
L 07/17/2020 - 15:42:41: [basecommands.smx] "MrFrenzoid<193><[U:1:91292555]><>" changed map to "vsh_manncohq_v14"
L 07/17/2020 - 15:42:44: [SM] Changed map to "vsh_manncohq_v14"
L 07/17/2020 - 15:42:47: -------- Mapchange to vsh_manncohq_v14 --------
L 07/17/2020 - 15:43:00: [mapchooser_extended.smx] Loaded map list for tf.
L 07/17/2020 - 15:43:00: [chat-processor.smx] Message formats generated for game 'tf'.
L 07/17/2020 - 15:43:00: [chat-processor.smx] Successfully hooked a SayText2 chat hook.
L 07/17/2020 - 15:54:20: [basecommands.smx] "MrFrenzoid<193><[U:1:91292555]><>" changed map to "vsh_manncohq_v14"
L 07/17/2020 - 15:54:23: [SM] Changed map to "vsh_manncohq_v14"
L 07/17/2020 - 15:54:26: -------- Mapchange to vsh_manncohq_v14 --------
L 07/17/2020 - 15:54:27: [simple-chatprocessor.smx] [SCP] Recognized mod [Team Fortress 2].
L 07/17/2020 - 15:54:37: [mapchooser_extended.smx] Loaded map list for tf.
L 07/17/2020 - 15:58:23: [basecommands.smx] "MrFrenzoid<193><[U:1:91292555]><>" changed map to "vsh_manncohq_v14"
L 07/17/2020 - 15:58:26: [SM] Changed map to "vsh_manncohq_v14"
L 07/17/2020 - 15:58:29: -------- Mapchange to vsh_manncohq_v14 --------
L 07/17/2020 - 15:58:40: [mapchooser_extended.smx] Loaded map list for tf.
L 07/17/2020 - 16:02:03: [basecommands.smx] "MrFrenzoid<193><[U:1:91292555]><>" changed map to "vsh_manncohq_v14"
L 07/17/2020 - 16:02:06: [SM] Changed map to "vsh_manncohq_v14"
L 07/17/2020 - 16:02:09: -------- Mapchange to vsh_manncohq_v14 --------
L 07/17/2020 - 16:02:20: [mapchooser_extended.smx] Loaded map list for tf.
L 07/17/2020 - 16:03:50: [basecommands.smx] "MrFrenzoid<193><[U:1:91292555]><>" changed map to "vsh_manncohq_v14"
L 07/17/2020 - 16:03:53: [SM] Changed map to "vsh_manncohq_v14"
L 07/17/2020 - 16:03:57: -------- Mapchange to vsh_manncohq_v14 --------
L 07/17/2020 - 16:04:08: [mapchooser_extended.smx] Loaded map list for tf.
L 07/17/2020 - 16:12:34: [basechat.smx] "Console<0><Console><Console>" triggered sm_say (text The round time has ended!)
L 07/17/2020 - 16:12:34: [playercommands.smx] "Console<0><Console><Console>" slayed "MrFrenzoid<193><[U:1:91292555]><>"
L 07/17/2020 - 16:12:34: [playercommands.smx] "Console<0><Console><Console>" slayed "Freakin' Unbelievable<247><BOT><>"
L 07/17/2020 - 16:12:34: [playercommands.smx] "Console<0><Console><Console>" slayed "The Administrator<248><BOT><>"
L 07/17/2020 - 16:14:24: SourceMod log file session started (file "/home/steamsrv/tf2/tf/addons/sourcemod/logs/L20200717.log") (Version "1.10.0.6490")
L 07/17/2020 - 16:14:24: [TF2ITEMS] "GiveNamedItem" offset = 484
L 07/17/2020 - 16:14:25: [freak_fortress_2.smx] Freak Fortress 2 199001 Loading...
L 07/17/2020 - 16:14:25: [simple-chatprocessor.smx] [SCP] Recognized mod [Team Fortress 2].
L 07/17/2020 - 16:14:25: [simple-chatprocessor.smx] [SCP] Loading translation file [scp.tf.phrases].
L 07/17/2020 - 16:14:44: [mapchooser_extended.smx] Loaded map list for tf.
L 07/17/2020 - 16:35:27: [mapchooser_extended.smx] Voting for next map has started.
L 07/17/2020 - 16:38:17: [basecommands.smx] "MrFrenzoid<4><[U:1:91292555]><>" changed map to "vsh_manncohq_v14"
L 07/17/2020 - 16:38:21: [SM] Changed map to "vsh_manncohq_v14"
L 07/17/2020 - 16:38:24: -------- Mapchange to vsh_manncohq_v14 --------
L 07/17/2020 - 16:38:35: [mapchooser_extended.smx] Loaded map list for tf.
L 07/17/2020 - 16:40:44: [respawn.smx] "MrFrenzoid<4><[U:1:91292555]><>" respawned "MrFrenzoid<4><[U:1:91292555]><>"
L 07/17/2020 - 16:40:45: [respawn.smx] "MrFrenzoid<4><[U:1:91292555]><>" respawned "MrFrenzoid<4><[U:1:91292555]><>"
L 07/17/2020 - 16:42:08: [respawn.smx] "MrFrenzoid<4><[U:1:91292555]><>" respawned "MrFrenzoid<4><[U:1:91292555]><>"
L 07/17/2020 - 16:58:49: [mapchooser_extended.smx] Voting for next map has started.
L 07/17/2020 - 18:33:40: SourceMod log file session started (file "/home/steamsrv/tf2/tf/addons/sourcemod/logs/L20200717.log") (Version "1.10.0.6490")
L 07/17/2020 - 18:33:40: [TF2ITEMS] "GiveNamedItem" offset = 484
L 07/17/2020 - 18:33:41: [freak_fortress_2.smx] Freak Fortress 2 199001 Loading...
L 07/17/2020 - 18:33:42: [simple-chatprocessor.smx] [SCP] Recognized mod [Team Fortress 2].
L 07/17/2020 - 18:33:42: [simple-chatprocessor.smx] [SCP] Loading translation file [scp.tf.phrases].
L 07/17/2020 - 18:34:02: [mapchooser_extended.smx] Loaded map list for tf.
L 07/17/2020 - 18:43:10: SourceMod log file session started (file "/home/steamsrv/tf2/tf/addons/sourcemod/logs/L20200717.log") (Version "1.10.0.6490")
L 07/17/2020 - 18:43:10: [TF2ITEMS] "GiveNamedItem" offset = 484
L 07/17/2020 - 18:43:10: [freak_fortress_2.smx] Freak Fortress 2 199001 Loading...
L 07/17/2020 - 18:43:11: [simple-chatprocessor.smx] [SCP] Recognized mod [Team Fortress 2].
L 07/17/2020 - 18:43:11: [simple-chatprocessor.smx] [SCP] Loading translation file [scp.tf.phrases].
L 07/17/2020 - 18:43:27: [mapchooser_extended.smx] Loaded map list for tf.
L 07/17/2020 - 18:56:54: [basechat.smx] "Console<0><Console><Console>" triggered sm_say (text The round time has ended!)
L 07/17/2020 - 18:56:54: [playercommands.smx] "Console<0><Console><Console>" slayed "MrFrenzoid<2><[U:1:91292555]><>"
L 07/17/2020 - 18:59:43: [basecommands.smx] "MrFrenzoid<2><[U:1:91292555]><>" executed config (file "server.cfg")
L 07/17/2020 - 19:00:25: [basecommands.smx] "MrFrenzoid<2><[U:1:91292555]><>" changed map to "vsh_manncohq_v14"
L 07/17/2020 - 19:00:28: [SM] Changed map to "vsh_manncohq_v14"
L 07/17/2020 - 19:00:31: -------- Mapchange to vsh_manncohq_v14 --------
L 07/17/2020 - 19:00:42: [mapchooser_extended.smx] Loaded map list for tf.
L 07/17/2020 - 19:05:27: [basecommands.smx] "MrFrenzoid<2><[U:1:91292555]><>" changed map to "vsh_manncohq_v14"
L 07/17/2020 - 19:05:30: [SM] Changed map to "vsh_manncohq_v14"
L 07/17/2020 - 19:05:32: -------- Mapchange to vsh_manncohq_v14 --------
L 07/17/2020 - 19:05:42: [mapchooser_extended.smx] Loaded map list for tf.
L 07/17/2020 - 19:07:53: [basecommands.smx] "MrFrenzoid<2><[U:1:91292555]><>" changed map to "vsh_manncohq_v14"
L 07/17/2020 - 19:07:56: [SM] Changed map to "vsh_manncohq_v14"
L 07/17/2020 - 19:07:59: -------- Mapchange to vsh_manncohq_v14 --------
L 07/17/2020 - 19:08:10: [mapchooser_extended.smx] Loaded map list for tf.
L 07/17/2020 - 19:16:54: [basechat.smx] "Console<0><Console><Console>" triggered sm_say (text The round time has ended!)
L 07/17/2020 - 19:16:54: [playercommands.smx] "Console<0><Console><Console>" slayed "MrFrenzoid<2><[U:1:91292555]><>"
L 07/17/2020 - 19:20:00: [basecommands.smx] "MrFrenzoid<2><[U:1:91292555]><>" executed config (file "server.cfg")
L 07/17/2020 - 19:25:15: [basechat.smx] "Console<0><Console><Console>" triggered sm_say (text The round time has ended!)
L 07/17/2020 - 19:25:15: [playercommands.smx] "Console<0><Console><Console>" slayed "Poopy Joe<6><BOT><>"
L 07/17/2020 - 19:26:56: [basecommands.smx] "MrFrenzoid<2><[U:1:91292555]><>" changed map to "vsh_manncohq_v14"
L 07/17/2020 - 19:26:59: [SM] Changed map to "vsh_manncohq_v14"
L 07/17/2020 - 19:27:03: -------- Mapchange to vsh_manncohq_v14 --------
L 07/17/2020 - 19:27:15: [mapchooser_extended.smx] Loaded map list for tf.
L 07/17/2020 - 19:28:00: [basecommands.smx] "MrFrenzoid<2><[U:1:91292555]><>" changed map to "vsh_manncohq_v14"
L 07/17/2020 - 19:28:03: [SM] Changed map to "vsh_manncohq_v14"
L 07/17/2020 - 19:28:07: -------- Mapchange to vsh_manncohq_v14 --------
L 07/17/2020 - 19:28:18: [mapchooser_extended.smx] Loaded map list for tf.
L 07/17/2020 - 19:28:59: [funcommands.smx] "MrFrenzoid<2><[U:1:91292555]><>" froze "The Administrator<8><BOT><>"
L 07/17/2020 - 19:48:33: [mapchooser_extended.smx] Voting for next map has started.
