L 02/07/2021 - 01:10:57: SourceMod log file session started (file "/home/steamsrv/tf2/tf/addons/sourcemod/logs/L20210207.log") (Version "1.10.0.6490")
L 02/07/2021 - 01:10:57: [SM] Changed map to "vsh_necropolis_b1"
L 02/07/2021 - 01:10:59: -------- Mapchange to vsh_necropolis_b1 --------
L 02/07/2021 - 01:11:11: [mapchooser_extended.smx] Loaded map list for tf.
L 02/07/2021 - 01:23:53: [mapchooser_extended.smx] Starting map vote because outside request
L 02/07/2021 - 01:24:09: [mapchooser_extended.smx] Voting for next map has started.
L 02/07/2021 - 01:24:16: [mapchooser_extended.smx] Voting for next map has finished. Nextmap: vsh_aquaticbase_b5.
L 02/07/2021 - 01:24:20: [SM] Changed map to "vsh_aquaticbase_b5"
L 02/07/2021 - 01:24:22: -------- Mapchange to vsh_aquaticbase_b5 --------
L 02/07/2021 - 01:24:32: [mapchooser_extended.smx] Loaded map list for tf.
L 02/07/2021 - 01:44:48: [mapchooser_extended.smx] Voting for next map has started.
L 02/07/2021 - 01:45:08: [mapchooser_extended.smx] Voting for next map has finished. Nextmap: vsh_west_event.
L 02/07/2021 - 01:54:51: [SM] Changed map to "vsh_west_event"
L 02/07/2021 - 01:54:53: -------- Mapchange to vsh_west_event --------
L 02/07/2021 - 01:55:03: [mapchooser_extended.smx] Loaded map list for tf.
L 02/07/2021 - 02:05:51: [mapchooser_extended.smx] Starting map vote because outside request
L 02/07/2021 - 02:06:07: [mapchooser_extended.smx] Voting for next map has started.
L 02/07/2021 - 02:06:15: [mapchooser_extended.smx] Voting for next map has finished. Nextmap: vsh_area_54tress_b4.
L 02/07/2021 - 02:06:20: [SM] Changed map to "vsh_area_54tress_b4"
L 02/07/2021 - 02:06:23: -------- Mapchange to vsh_area_54tress_b4 --------
L 02/07/2021 - 02:06:34: [mapchooser_extended.smx] Loaded map list for tf.
L 02/07/2021 - 02:26:49: [mapchooser_extended.smx] Voting for next map has started.
L 02/08/2021 - 02:02:50: Log file closed.
