L 09/19/2020 - 01:20:14: SourceMod log file session started (file "/home/steamsrv/tf2/tf/addons/sourcemod/logs/L20200919.log") (Version "1.10.0.6490")
L 09/19/2020 - 01:20:14: [SM] Changed map to "vsh_intrusion_rc2"
L 09/19/2020 - 01:20:22: -------- Mapchange to vsh_intrusion_rc2 --------
L 09/19/2020 - 01:20:36: [mapchooser_extended.smx] Loaded map list for tf.
L 09/19/2020 - 01:22:51: [funcommands.smx] "Nezzie<25><[U:1:107910185]><>" set a beacon on "DWW<26><[U:1:172008346]><>"
L 09/19/2020 - 01:23:20: [basechat.smx] "Nezzie<25><[U:1:107910185]><>" triggered sm_msay (text no stall first warn b4 ban)
L 09/19/2020 - 01:25:14: [mapchooser_extended.smx] Starting map vote because outside request
L 09/19/2020 - 01:25:30: [mapchooser_extended.smx] Voting for next map has started.
L 09/19/2020 - 01:25:51: [mapchooser_extended.smx] Voting for next map has finished. Nextmap: vsh_mountainbash_v3_sg1.
L 09/19/2020 - 01:25:55: [SM] Changed map to "vsh_mountainbash_v3_sg1"
L 09/19/2020 - 01:25:57: -------- Mapchange to vsh_mountainbash_v3_sg1 --------
L 09/19/2020 - 01:26:10: [mapchooser_extended.smx] Loaded map list for tf.
L 09/19/2020 - 01:28:33: [respawn.smx] "Nezzie<25><[U:1:107910185]><>" respawned "Nezzie<25><[U:1:107910185]><>"
L 09/19/2020 - 01:28:38: [playercommands.smx] "Nezzie<25><[U:1:107910185]><>" slayed "Nezzie<25><[U:1:107910185]><>"
L 09/19/2020 - 01:28:42: [respawn.smx] "Nezzie<25><[U:1:107910185]><>" respawned "Nezzie<25><[U:1:107910185]><>"
L 09/19/2020 - 01:33:21: [funcommands.smx] "Nezzie<25><[U:1:107910185]><>" set a TimeBomb on "DWW<28><[U:1:172008346]><>"
L 09/19/2020 - 01:33:47: [basechat.smx] "Nezzie<25><[U:1:107910185]><>" triggered sm_msay (text why wont anything send)
L 09/19/2020 - 01:38:42: [basechat.smx] "Nezzie<25><[U:1:107910185]><>" triggered sm_csay (text fools, i am the admin)
L 09/19/2020 - 01:46:48: [mapchooser_extended.smx] Voting for next map has started.
L 09/19/2020 - 01:47:08: [mapchooser_extended.smx] Voting for next map has finished. Nextmap: vsh_egyptyspot_v2.
L 09/19/2020 - 01:55:52: [respawn.smx] "Nezzie<25><[U:1:107910185]><>" respawned "DWW<28><[U:1:172008346]><>"
L 09/19/2020 - 01:57:05: [SM] Changed map to "vsh_egyptyspot_v2"
L 09/19/2020 - 01:57:08: -------- Mapchange to vsh_egyptyspot_v2 --------
L 09/19/2020 - 01:57:21: [mapchooser_extended.smx] Loaded map list for tf.
L 09/19/2020 - 02:01:29: [respawn.smx] "Nezzie<25><[U:1:107910185]><>" respawned "Nezzie<25><[U:1:107910185]><>"
L 09/19/2020 - 02:07:19: [playercommands.smx] "Nezzie<25><[U:1:107910185]><>" slapped "moist cheese<30><[U:1:351468059]><>" (damage "0")
L 09/19/2020 - 02:07:19: [playercommands.smx] "Nezzie<25><[U:1:107910185]><>" slapped "moist cheese<30><[U:1:351468059]><>" (damage "0")
L 09/19/2020 - 02:07:19: [playercommands.smx] "Nezzie<25><[U:1:107910185]><>" slapped "moist cheese<30><[U:1:351468059]><>" (damage "0")
L 09/19/2020 - 02:07:20: [playercommands.smx] "Nezzie<25><[U:1:107910185]><>" slapped "moist cheese<30><[U:1:351468059]><>" (damage "0")
L 09/19/2020 - 02:07:20: [playercommands.smx] "Nezzie<25><[U:1:107910185]><>" slapped "moist cheese<30><[U:1:351468059]><>" (damage "0")
L 09/19/2020 - 02:07:20: [playercommands.smx] "Nezzie<25><[U:1:107910185]><>" slapped "moist cheese<30><[U:1:351468059]><>" (damage "0")
L 09/19/2020 - 02:07:20: [playercommands.smx] "Nezzie<25><[U:1:107910185]><>" slapped "moist cheese<30><[U:1:351468059]><>" (damage "0")
L 09/19/2020 - 02:07:21: [playercommands.smx] "Nezzie<25><[U:1:107910185]><>" slapped "moist cheese<30><[U:1:351468059]><>" (damage "0")
L 09/19/2020 - 02:07:21: [playercommands.smx] "Nezzie<25><[U:1:107910185]><>" slapped "moist cheese<30><[U:1:351468059]><>" (damage "0")
L 09/19/2020 - 02:07:21: [playercommands.smx] "Nezzie<25><[U:1:107910185]><>" slapped "moist cheese<30><[U:1:351468059]><>" (damage "0")
L 09/19/2020 - 02:07:21: [playercommands.smx] "Nezzie<25><[U:1:107910185]><>" slapped "moist cheese<30><[U:1:351468059]><>" (damage "0")
L 09/19/2020 - 02:07:21: [playercommands.smx] "Nezzie<25><[U:1:107910185]><>" slapped "moist cheese<30><[U:1:351468059]><>" (damage "0")
L 09/19/2020 - 02:07:22: [playercommands.smx] "Nezzie<25><[U:1:107910185]><>" slapped "moist cheese<30><[U:1:351468059]><>" (damage "0")
L 09/19/2020 - 02:07:22: [playercommands.smx] "Nezzie<25><[U:1:107910185]><>" slapped "moist cheese<30><[U:1:351468059]><>" (damage "0")
L 09/19/2020 - 02:07:22: [playercommands.smx] "Nezzie<25><[U:1:107910185]><>" slapped "moist cheese<30><[U:1:351468059]><>" (damage "0")
L 09/19/2020 - 02:07:22: [playercommands.smx] "Nezzie<25><[U:1:107910185]><>" slapped "moist cheese<30><[U:1:351468059]><>" (damage "0")
L 09/19/2020 - 02:07:22: [playercommands.smx] "Nezzie<25><[U:1:107910185]><>" slapped "moist cheese<30><[U:1:351468059]><>" (damage "0")
L 09/19/2020 - 02:07:22: [playercommands.smx] "Nezzie<25><[U:1:107910185]><>" slapped "moist cheese<30><[U:1:351468059]><>" (damage "0")
L 09/19/2020 - 02:07:23: [playercommands.smx] "Nezzie<25><[U:1:107910185]><>" slapped "moist cheese<30><[U:1:351468059]><>" (damage "0")
L 09/19/2020 - 02:07:23: [playercommands.smx] "Nezzie<25><[U:1:107910185]><>" slapped "moist cheese<30><[U:1:351468059]><>" (damage "0")
L 09/19/2020 - 02:07:23: [playercommands.smx] "Nezzie<25><[U:1:107910185]><>" slapped "moist cheese<30><[U:1:351468059]><>" (damage "0")
L 09/19/2020 - 02:07:23: [playercommands.smx] "Nezzie<25><[U:1:107910185]><>" slapped "moist cheese<30><[U:1:351468059]><>" (damage "0")
L 09/19/2020 - 02:07:23: [playercommands.smx] "Nezzie<25><[U:1:107910185]><>" slapped "moist cheese<30><[U:1:351468059]><>" (damage "0")
L 09/19/2020 - 02:07:23: [playercommands.smx] "Nezzie<25><[U:1:107910185]><>" slapped "moist cheese<30><[U:1:351468059]><>" (damage "0")
L 09/19/2020 - 02:07:23: [playercommands.smx] "Nezzie<25><[U:1:107910185]><>" slapped "moist cheese<30><[U:1:351468059]><>" (damage "0")
L 09/19/2020 - 02:07:25: [playercommands.smx] "Nezzie<25><[U:1:107910185]><>" slapped "moist cheese<30><[U:1:351468059]><>" (damage "0")
L 09/19/2020 - 02:07:25: [playercommands.smx] "Nezzie<25><[U:1:107910185]><>" slapped "moist cheese<30><[U:1:351468059]><>" (damage "0")
L 09/19/2020 - 02:07:25: [playercommands.smx] "Nezzie<25><[U:1:107910185]><>" slapped "moist cheese<30><[U:1:351468059]><>" (damage "0")
L 09/19/2020 - 02:07:25: [playercommands.smx] "Nezzie<25><[U:1:107910185]><>" slapped "moist cheese<30><[U:1:351468059]><>" (damage "0")
L 09/19/2020 - 02:07:26: [playercommands.smx] "Nezzie<25><[U:1:107910185]><>" slapped "moist cheese<30><[U:1:351468059]><>" (damage "0")
L 09/19/2020 - 02:07:26: [playercommands.smx] "Nezzie<25><[U:1:107910185]><>" slapped "moist cheese<30><[U:1:351468059]><>" (damage "0")
L 09/19/2020 - 02:07:26: [playercommands.smx] "Nezzie<25><[U:1:107910185]><>" slapped "moist cheese<30><[U:1:351468059]><>" (damage "0")
L 09/19/2020 - 02:07:26: [playercommands.smx] "Nezzie<25><[U:1:107910185]><>" slapped "moist cheese<30><[U:1:351468059]><>" (damage "0")
L 09/19/2020 - 02:07:26: [playercommands.smx] "Nezzie<25><[U:1:107910185]><>" slapped "moist cheese<30><[U:1:351468059]><>" (damage "0")
L 09/19/2020 - 02:07:26: [playercommands.smx] "Nezzie<25><[U:1:107910185]><>" slapped "moist cheese<30><[U:1:351468059]><>" (damage "0")
L 09/19/2020 - 02:07:26: [playercommands.smx] "Nezzie<25><[U:1:107910185]><>" slapped "moist cheese<30><[U:1:351468059]><>" (damage "0")
L 09/19/2020 - 02:07:26: [playercommands.smx] "Nezzie<25><[U:1:107910185]><>" slapped "moist cheese<30><[U:1:351468059]><>" (damage "0")
L 09/19/2020 - 02:07:27: [playercommands.smx] "Nezzie<25><[U:1:107910185]><>" slapped "moist cheese<30><[U:1:351468059]><>" (damage "0")
L 09/19/2020 - 02:07:27: [playercommands.smx] "Nezzie<25><[U:1:107910185]><>" slapped "moist cheese<30><[U:1:351468059]><>" (damage "0")
L 09/19/2020 - 02:07:27: [playercommands.smx] "Nezzie<25><[U:1:107910185]><>" slapped "moist cheese<30><[U:1:351468059]><>" (damage "0")
L 09/19/2020 - 02:07:27: [playercommands.smx] "Nezzie<25><[U:1:107910185]><>" slapped "moist cheese<30><[U:1:351468059]><>" (damage "0")
L 09/19/2020 - 02:07:27: [playercommands.smx] "Nezzie<25><[U:1:107910185]><>" slapped "moist cheese<30><[U:1:351468059]><>" (damage "0")
L 09/19/2020 - 02:07:27: [playercommands.smx] "Nezzie<25><[U:1:107910185]><>" slapped "moist cheese<30><[U:1:351468059]><>" (damage "0")
L 09/19/2020 - 02:07:28: [playercommands.smx] "Nezzie<25><[U:1:107910185]><>" slapped "moist cheese<30><[U:1:351468059]><>" (damage "0")
L 09/19/2020 - 02:07:28: [playercommands.smx] "Nezzie<25><[U:1:107910185]><>" slapped "moist cheese<30><[U:1:351468059]><>" (damage "0")
L 09/19/2020 - 02:07:28: [playercommands.smx] "Nezzie<25><[U:1:107910185]><>" slapped "moist cheese<30><[U:1:351468059]><>" (damage "0")
L 09/19/2020 - 02:07:28: [playercommands.smx] "Nezzie<25><[U:1:107910185]><>" slapped "moist cheese<30><[U:1:351468059]><>" (damage "0")
L 09/19/2020 - 02:07:28: [playercommands.smx] "Nezzie<25><[U:1:107910185]><>" slapped "moist cheese<30><[U:1:351468059]><>" (damage "0")
L 09/19/2020 - 02:07:28: [playercommands.smx] "Nezzie<25><[U:1:107910185]><>" slapped "moist cheese<30><[U:1:351468059]><>" (damage "0")
L 09/19/2020 - 02:07:29: [playercommands.smx] "Nezzie<25><[U:1:107910185]><>" slapped "moist cheese<30><[U:1:351468059]><>" (damage "0")
L 09/19/2020 - 02:07:29: [playercommands.smx] "Nezzie<25><[U:1:107910185]><>" slapped "moist cheese<30><[U:1:351468059]><>" (damage "0")
L 09/19/2020 - 02:07:29: [playercommands.smx] "Nezzie<25><[U:1:107910185]><>" slapped "moist cheese<30><[U:1:351468059]><>" (damage "0")
L 09/19/2020 - 02:07:29: [playercommands.smx] "Nezzie<25><[U:1:107910185]><>" slapped "moist cheese<30><[U:1:351468059]><>" (damage "0")
L 09/19/2020 - 02:07:29: [playercommands.smx] "Nezzie<25><[U:1:107910185]><>" slapped "moist cheese<30><[U:1:351468059]><>" (damage "0")
L 09/19/2020 - 02:07:29: [playercommands.smx] "Nezzie<25><[U:1:107910185]><>" slapped "moist cheese<30><[U:1:351468059]><>" (damage "0")
L 09/19/2020 - 02:07:29: [playercommands.smx] "Nezzie<25><[U:1:107910185]><>" slapped "moist cheese<30><[U:1:351468059]><>" (damage "0")
L 09/19/2020 - 02:07:32: [playercommands.smx] "Nezzie<25><[U:1:107910185]><>" slapped "moist cheese<30><[U:1:351468059]><>" (damage "0")
L 09/19/2020 - 02:07:32: [playercommands.smx] "Nezzie<25><[U:1:107910185]><>" slapped "moist cheese<30><[U:1:351468059]><>" (damage "0")
L 09/19/2020 - 02:07:32: [playercommands.smx] "Nezzie<25><[U:1:107910185]><>" slapped "moist cheese<30><[U:1:351468059]><>" (damage "0")
L 09/19/2020 - 02:07:32: [playercommands.smx] "Nezzie<25><[U:1:107910185]><>" slapped "moist cheese<30><[U:1:351468059]><>" (damage "0")
L 09/19/2020 - 02:07:33: [playercommands.smx] "Nezzie<25><[U:1:107910185]><>" slapped "moist cheese<30><[U:1:351468059]><>" (damage "0")
L 09/19/2020 - 02:07:33: [playercommands.smx] "Nezzie<25><[U:1:107910185]><>" slapped "moist cheese<30><[U:1:351468059]><>" (damage "0")
L 09/19/2020 - 02:07:33: [playercommands.smx] "Nezzie<25><[U:1:107910185]><>" slapped "moist cheese<30><[U:1:351468059]><>" (damage "0")
L 09/19/2020 - 02:07:33: [playercommands.smx] "Nezzie<25><[U:1:107910185]><>" slapped "moist cheese<30><[U:1:351468059]><>" (damage "0")
L 09/19/2020 - 02:07:33: [playercommands.smx] "Nezzie<25><[U:1:107910185]><>" slapped "moist cheese<30><[U:1:351468059]><>" (damage "0")
L 09/19/2020 - 02:07:33: [playercommands.smx] "Nezzie<25><[U:1:107910185]><>" slapped "moist cheese<30><[U:1:351468059]><>" (damage "0")
L 09/19/2020 - 02:07:33: [playercommands.smx] "Nezzie<25><[U:1:107910185]><>" slapped "moist cheese<30><[U:1:351468059]><>" (damage "0")
L 09/19/2020 - 02:07:34: [playercommands.smx] "Nezzie<25><[U:1:107910185]><>" slapped "moist cheese<30><[U:1:351468059]><>" (damage "0")
L 09/19/2020 - 02:07:34: [playercommands.smx] "Nezzie<25><[U:1:107910185]><>" slapped "moist cheese<30><[U:1:351468059]><>" (damage "0")
L 09/19/2020 - 02:07:34: [playercommands.smx] "Nezzie<25><[U:1:107910185]><>" slapped "moist cheese<30><[U:1:351468059]><>" (damage "0")
L 09/19/2020 - 02:07:34: [playercommands.smx] "Nezzie<25><[U:1:107910185]><>" slapped "moist cheese<30><[U:1:351468059]><>" (damage "0")
L 09/19/2020 - 02:07:34: [playercommands.smx] "Nezzie<25><[U:1:107910185]><>" slapped "moist cheese<30><[U:1:351468059]><>" (damage "0")
L 09/19/2020 - 02:07:34: [playercommands.smx] "Nezzie<25><[U:1:107910185]><>" slapped "moist cheese<30><[U:1:351468059]><>" (damage "0")
L 09/19/2020 - 02:07:34: [playercommands.smx] "Nezzie<25><[U:1:107910185]><>" slapped "moist cheese<30><[U:1:351468059]><>" (damage "0")
L 09/19/2020 - 02:07:35: [playercommands.smx] "Nezzie<25><[U:1:107910185]><>" slapped "moist cheese<30><[U:1:351468059]><>" (damage "0")
L 09/19/2020 - 02:07:35: [playercommands.smx] "Nezzie<25><[U:1:107910185]><>" slapped "moist cheese<30><[U:1:351468059]><>" (damage "0")
L 09/19/2020 - 02:07:35: [playercommands.smx] "Nezzie<25><[U:1:107910185]><>" slapped "moist cheese<30><[U:1:351468059]><>" (damage "0")
L 09/19/2020 - 02:07:35: [playercommands.smx] "Nezzie<25><[U:1:107910185]><>" slapped "moist cheese<30><[U:1:351468059]><>" (damage "0")
L 09/19/2020 - 02:07:35: [playercommands.smx] "Nezzie<25><[U:1:107910185]><>" slapped "moist cheese<30><[U:1:351468059]><>" (damage "0")
L 09/19/2020 - 02:07:36: [playercommands.smx] "Nezzie<25><[U:1:107910185]><>" slapped "moist cheese<30><[U:1:351468059]><>" (damage "0")
L 09/19/2020 - 02:07:36: [playercommands.smx] "Nezzie<25><[U:1:107910185]><>" slapped "moist cheese<30><[U:1:351468059]><>" (damage "0")
L 09/19/2020 - 02:07:36: [playercommands.smx] "Nezzie<25><[U:1:107910185]><>" slapped "moist cheese<30><[U:1:351468059]><>" (damage "0")
L 09/19/2020 - 02:07:36: [playercommands.smx] "Nezzie<25><[U:1:107910185]><>" slapped "moist cheese<30><[U:1:351468059]><>" (damage "0")
L 09/19/2020 - 02:07:36: [playercommands.smx] "Nezzie<25><[U:1:107910185]><>" slapped "moist cheese<30><[U:1:351468059]><>" (damage "0")
L 09/19/2020 - 02:07:36: [playercommands.smx] "Nezzie<25><[U:1:107910185]><>" slapped "moist cheese<30><[U:1:351468059]><>" (damage "0")
L 09/19/2020 - 02:07:37: [playercommands.smx] "Nezzie<25><[U:1:107910185]><>" slapped "moist cheese<30><[U:1:351468059]><>" (damage "0")
L 09/19/2020 - 02:07:37: [playercommands.smx] "Nezzie<25><[U:1:107910185]><>" slapped "moist cheese<30><[U:1:351468059]><>" (damage "0")
L 09/19/2020 - 02:07:37: [playercommands.smx] "Nezzie<25><[U:1:107910185]><>" slapped "moist cheese<30><[U:1:351468059]><>" (damage "0")
L 09/19/2020 - 02:07:37: [playercommands.smx] "Nezzie<25><[U:1:107910185]><>" slapped "moist cheese<30><[U:1:351468059]><>" (damage "0")
L 09/19/2020 - 02:07:37: [playercommands.smx] "Nezzie<25><[U:1:107910185]><>" slapped "moist cheese<30><[U:1:351468059]><>" (damage "0")
L 09/19/2020 - 02:07:37: [playercommands.smx] "Nezzie<25><[U:1:107910185]><>" slapped "moist cheese<30><[U:1:351468059]><>" (damage "0")
L 09/19/2020 - 02:17:36: [mapchooser_extended.smx] Voting for next map has started.
L 09/19/2020 - 21:42:34: [SM] Changed map to "vsh_area_54tress_b4"
L 09/19/2020 - 21:42:38: -------- Mapchange to vsh_area_54tress_b4 --------
L 09/19/2020 - 21:42:52: [mapchooser_extended.smx] Loaded map list for tf.
L 09/19/2020 - 22:03:17: [mapchooser_extended.smx] Voting for next map has started.
L 09/19/2020 - 22:03:38: [mapchooser_extended.smx] Voting for next map has finished. Nextmap: vsh_apg_v2_sg1.
L 09/19/2020 - 22:15:40: [SM] Changed map to "vsh_apg_v2_sg1"
L 09/19/2020 - 22:15:44: -------- Mapchange to vsh_apg_v2_sg1 --------
L 09/19/2020 - 22:15:57: [mapchooser_extended.smx] Loaded map list for tf.
L 09/19/2020 - 22:36:24: [mapchooser_extended.smx] Voting for next map has started.
L 09/19/2020 - 22:36:44: [mapchooser_extended.smx] Voting for next map has finished. Nextmap: vsh_palanquin_ship_novpk.
L 09/19/2020 - 22:46:49: [SM] Changed map to "vsh_palanquin_ship_novpk"
L 09/19/2020 - 22:46:53: -------- Mapchange to vsh_palanquin_ship_novpk --------
L 09/19/2020 - 22:47:05: [mapchooser_extended.smx] Loaded map list for tf.
L 09/19/2020 - 22:48:42: [mapchooser_extended.smx] Starting map vote because outside request
L 09/19/2020 - 22:48:58: [mapchooser_extended.smx] Voting for next map has started.
L 09/19/2020 - 22:49:10: [mapchooser_extended.smx] Voting for next map has finished. Nextmap: vsh_manncohq_v14.
L 09/19/2020 - 22:49:14: [SM] Changed map to "vsh_manncohq_v14"
L 09/19/2020 - 22:49:18: -------- Mapchange to vsh_manncohq_v14 --------
L 09/19/2020 - 22:49:30: [mapchooser_extended.smx] Loaded map list for tf.
L 09/19/2020 - 22:53:57: [nominations_extended.smx] Tai Lopez nominated vsh_skyhigh_resort_b8_sg4
L 09/19/2020 - 23:09:35: [nominations_extended.smx] DWW nominated vsh_skyhigh_resort_b8_sg4
L 09/19/2020 - 23:09:46: [mapchooser_extended.smx] Voting for next map has started.
L 09/19/2020 - 23:10:01: [mapchooser_extended.smx] Voting for next map has finished. Nextmap: vsh_skyhigh_resort_b8_sg4.
L 09/19/2020 - 23:20:01: [SM] Changed map to "vsh_skyhigh_resort_b8_sg4"
L 09/19/2020 - 23:20:05: -------- Mapchange to vsh_skyhigh_resort_b8_sg4 --------
L 09/19/2020 - 23:20:19: [mapchooser_extended.smx] Loaded map list for tf.
L 09/19/2020 - 23:40:45: [mapchooser_extended.smx] Voting for next map has started.
L 09/19/2020 - 23:41:05: [mapchooser_extended.smx] Voting for next map has finished. Nextmap: vsh_egyptyspot_v2.
L 09/19/2020 - 23:52:47: [SM] Changed map to "vsh_egyptyspot_v2"
L 09/19/2020 - 23:52:50: -------- Mapchange to vsh_egyptyspot_v2 --------
L 09/19/2020 - 23:53:04: [mapchooser_extended.smx] Loaded map list for tf.
L 09/20/2020 - 00:13:19: Log file closed.
