L 08/17/2020 - 18:46:44: SourceMod log file session started (file "/home/steamsrv/tf2/tf/addons/sourcemod/logs/L20200817.log") (Version "1.10.0.6490")
L 08/17/2020 - 18:46:44: [SM] Changed map to "arena_offblast_final"
L 08/17/2020 - 18:46:46: -------- Mapchange to arena_offblast_final --------
L 08/17/2020 - 18:46:56: [mapchooser_extended.smx] Loaded map list for tf.
L 08/17/2020 - 18:48:03: [respawn.smx] "Nezzie<315><[U:1:107910185]><>" respawned "Nezzie<315><[U:1:107910185]><>"
L 08/17/2020 - 19:00:27: [funcommandsX.smx] Game detected as Team Fortress 2: Source (GAME_TF2)
L 08/17/2020 - 19:00:27: [simple-chatprocessor.smx] [SCP] Recognized mod [Team Fortress 2].
L 08/17/2020 - 19:00:27: [simple-chatprocessor.smx] [SCP] Loading translation file [scp.tf.phrases].
L 08/17/2020 - 19:00:28: [freak_fortress_2.smx] Freak Fortress 2 199001 Loading...
L 08/17/2020 - 19:00:28: [mapchooser_extended.smx] Loaded map list for tf.
L 08/17/2020 - 19:01:20: [respawn.smx] "Nezzie<315><[U:1:107910185]><>" respawned "FISH<316><[U:1:445849108]><>"
L 08/17/2020 - 19:01:24: [funcommandsX.smx] "Nezzie<315><[U:1:107910185]><>" teleported "FISH<316><[U:1:445849108]><>"
L 08/17/2020 - 19:07:14: [mapchooser_extended.smx] Voting for next map has started.
L 08/17/2020 - 19:07:35: [mapchooser_extended.smx] Voting for next map has finished. Nextmap: arena_byre.
L 08/17/2020 - 19:11:07: [respawn.smx] "Nezzie<319><[U:1:107910185]><>" respawned "Nezzie<319><[U:1:107910185]><>"
L 08/17/2020 - 19:16:29: [respawn.smx] "Nezzie<319><[U:1:107910185]><>" respawned "FISH<316><[U:1:445849108]><>"
L 08/17/2020 - 19:17:38: [SM] Changed map to "arena_byre"
L 08/17/2020 - 19:17:42: -------- Mapchange to arena_byre --------
L 08/17/2020 - 19:17:53: [mapchooser_extended.smx] Loaded map list for tf.
L 08/17/2020 - 19:18:36: [respawn.smx] "Nezzie<319><[U:1:107910185]><>" respawned "Nezzie<319><[U:1:107910185]><>"
L 08/17/2020 - 19:18:41: [respawn.smx] "Nezzie<319><[U:1:107910185]><>" respawned "Nezzie<319><[U:1:107910185]><>"
L 08/17/2020 - 19:38:12: [mapchooser_extended.smx] Voting for next map has started.
L 08/17/2020 - 20:04:51: [SM] Changed map to "vsh_factoryhell_v2_sg1"
L 08/17/2020 - 20:04:56: -------- Mapchange to vsh_factoryhell_v2_sg1 --------
L 08/17/2020 - 20:05:12: [mapchooser_extended.smx] Loaded map list for tf.
L 08/17/2020 - 20:25:27: [mapchooser_extended.smx] Voting for next map has started.
L 08/17/2020 - 21:53:41: [basecommands.smx] "Nezzie<325><[U:1:107910185]><>" changed map to "vsh_drejun_v3"
L 08/17/2020 - 21:53:44: [SM] Changed map to "vsh_drejun_v3"
L 08/17/2020 - 21:53:49: -------- Mapchange to vsh_drejun_v3 --------
L 08/17/2020 - 21:54:05: [mapchooser_extended.smx] Loaded map list for tf.
L 08/17/2020 - 21:59:09: [playercommands.smx] "Nezzie<325><[U:1:107910185]><>" slayed "Herr Doktor<329><BOT><>"
L 08/17/2020 - 21:59:11: [playercommands.smx] "Nezzie<325><[U:1:107910185]><>" slayed "Maggot<327><BOT><>"
L 08/17/2020 - 22:08:27: [basechat.smx] "Console<0><Console><Console>" triggered sm_say (text The round time has ended, omaewa-mou shindeiru)
L 08/17/2020 - 22:08:27: [playercommands.smx] "Console<0><Console><Console>" slayed "Nezzie<325><[U:1:107910185]><>"
L 08/17/2020 - 22:08:27: [playercommands.smx] "Console<0><Console><Console>" slayed "Maggot<327><BOT><>"
L 08/17/2020 - 22:08:27: [playercommands.smx] "Console<0><Console><Console>" slayed "CRITRAWKETS<328><BOT><>"
L 08/17/2020 - 22:08:27: [playercommands.smx] "Console<0><Console><Console>" slayed "Herr Doktor<329><BOT><>"
L 08/17/2020 - 22:08:27: [playercommands.smx] "Console<0><Console><Console>" slayed "Gentlemanne of Leisure<330><BOT><>"
L 08/17/2020 - 22:08:27: [playercommands.smx] "Console<0><Console><Console>" slayed "Companion Cube<331><BOT><>"
L 08/17/2020 - 22:08:27: [playercommands.smx] "Console<0><Console><Console>" slayed "Target Practice<332><BOT><>"
L 08/17/2020 - 22:09:09: [respawn.smx] "Nezzie<325><[U:1:107910185]><>" respawned "Nezzie<325><[U:1:107910185]><>"
L 08/17/2020 - 22:09:35: [funcommands.smx] "Nezzie<325><[U:1:107910185]><>" froze "Companion Cube<331><BOT><>"
L 08/17/2020 - 22:14:23: [mapchooser_extended.smx] Voting for next map has started.
L 08/17/2020 - 22:14:27: [mapchooser_extended.smx] Voting for next map has finished. Nextmap: vsh_zelda_ww_outset_island.
L 08/17/2020 - 22:16:45: [basechat.smx] "Console<0><Console><Console>" triggered sm_say (text The round time has ended, omaewa-mou shindeiru)
L 08/17/2020 - 22:16:45: [playercommands.smx] "Console<0><Console><Console>" slayed "Maggot<327><BOT><>"
L 08/17/2020 - 22:16:45: [playercommands.smx] "Console<0><Console><Console>" slayed "CRITRAWKETS<328><BOT><>"
L 08/17/2020 - 22:16:45: [playercommands.smx] "Console<0><Console><Console>" slayed "Herr Doktor<329><BOT><>"
L 08/17/2020 - 22:16:45: [playercommands.smx] "Console<0><Console><Console>" slayed "Gentlemanne of Leisure<330><BOT><>"
L 08/17/2020 - 22:16:45: [playercommands.smx] "Console<0><Console><Console>" slayed "Companion Cube<331><BOT><>"
L 08/17/2020 - 22:16:45: [playercommands.smx] "Console<0><Console><Console>" slayed "Target Practice<332><BOT><>"
L 08/17/2020 - 22:20:58: [funcommandsX.smx] Game detected as Team Fortress 2: Source (GAME_TF2)
L 08/17/2020 - 22:20:58: [simple-chatprocessor.smx] [SCP] Recognized mod [Team Fortress 2].
L 08/17/2020 - 22:20:58: [simple-chatprocessor.smx] [SCP] Loading translation file [scp.tf.phrases].
L 08/17/2020 - 22:20:59: [freak_fortress_2.smx] Freak Fortress 2 199001 Loading...
L 08/17/2020 - 22:21:00: [mapchooser_extended.smx] Loaded map list for tf.
L 08/17/2020 - 22:21:16: [mapchooser_extended.smx] Voting for next map has started.
L 08/17/2020 - 22:21:19: [mapchooser_extended.smx] Voting for next map has finished. Nextmap: koth_badlands.
L 08/17/2020 - 22:23:09: [funcommandsX.smx] Game detected as Team Fortress 2: Source (GAME_TF2)
L 08/17/2020 - 22:23:09: [simple-chatprocessor.smx] [SCP] Recognized mod [Team Fortress 2].
L 08/17/2020 - 22:23:09: [simple-chatprocessor.smx] [SCP] Loading translation file [scp.tf.phrases].
L 08/17/2020 - 22:23:10: [freak_fortress_2.smx] Freak Fortress 2 199001 Loading...
L 08/17/2020 - 22:23:10: [mapchooser_extended.smx] Loaded map list for tf.
L 08/17/2020 - 22:23:26: [mapchooser_extended.smx] Voting for next map has started.
L 08/17/2020 - 22:23:32: [mapchooser_extended.smx] Voting for next map has finished. Nextmap: vsh_tranquil_b5.
L 08/17/2020 - 22:25:34: [basecommands.smx] "Nezzie<325><[U:1:107910185]><>" changed map to "arena_lumberyard"
L 08/17/2020 - 22:25:37: [SM] Changed map to "arena_lumberyard"
L 08/17/2020 - 22:25:40: -------- Mapchange to arena_lumberyard --------
L 08/17/2020 - 22:25:52: [mapchooser_extended.smx] Loaded map list for tf.
L 08/17/2020 - 22:34:29: [basechat.smx] "Console<0><Console><Console>" triggered sm_say (text The round time has ended, omaewa-mou shindeiru)
L 08/17/2020 - 22:34:29: [playercommands.smx] "Console<0><Console><Console>" slayed "Crowbar<333><BOT><>"
L 08/17/2020 - 22:34:29: [playercommands.smx] "Console<0><Console><Console>" slayed "IvanTheSpaceBiker<334><BOT><>"
L 08/17/2020 - 22:34:29: [playercommands.smx] "Console<0><Console><Console>" slayed "Cannon Fodder<335><BOT><>"
L 08/17/2020 - 22:34:29: [playercommands.smx] "Console<0><Console><Console>" slayed "Nom Nom Nom<336><BOT><>"
L 08/17/2020 - 22:34:29: [playercommands.smx] "Console<0><Console><Console>" slayed "GENTLE MANNE of LEISURE<337><BOT><>"
L 08/17/2020 - 22:34:29: [playercommands.smx] "Console<0><Console><Console>" slayed "Tiny Baby Man<338><BOT><>"
L 08/17/2020 - 22:35:02: [funcommandsX.smx] Game detected as Team Fortress 2: Source (GAME_TF2)
L 08/17/2020 - 22:35:02: [simple-chatprocessor.smx] [SCP] Recognized mod [Team Fortress 2].
L 08/17/2020 - 22:35:02: [simple-chatprocessor.smx] [SCP] Loading translation file [scp.tf.phrases].
L 08/17/2020 - 22:35:02: [freak_fortress_2.smx] Freak Fortress 2 199001 Loading...
L 08/17/2020 - 22:35:03: [mapchooser_extended.smx] Loaded map list for tf.
L 08/17/2020 - 22:37:47: [funcommandsX.smx] Game detected as Team Fortress 2: Source (GAME_TF2)
L 08/17/2020 - 22:37:47: [simple-chatprocessor.smx] [SCP] Recognized mod [Team Fortress 2].
L 08/17/2020 - 22:37:47: [simple-chatprocessor.smx] [SCP] Loading translation file [scp.tf.phrases].
L 08/17/2020 - 22:37:48: [freak_fortress_2.smx] Freak Fortress 2 199001 Loading...
L 08/17/2020 - 22:37:48: [mapchooser_extended.smx] Loaded map list for tf.
L 08/17/2020 - 22:38:54: [funcommandsX.smx] Game detected as Team Fortress 2: Source (GAME_TF2)
L 08/17/2020 - 22:38:54: [simple-chatprocessor.smx] [SCP] Recognized mod [Team Fortress 2].
L 08/17/2020 - 22:38:54: [simple-chatprocessor.smx] [SCP] Loading translation file [scp.tf.phrases].
L 08/17/2020 - 22:38:54: [freak_fortress_2.smx] Freak Fortress 2 199001 Loading...
L 08/17/2020 - 22:38:55: [mapchooser_extended.smx] Loaded map list for tf.
L 08/17/2020 - 22:41:01: [funcommandsX.smx] Game detected as Team Fortress 2: Source (GAME_TF2)
L 08/17/2020 - 22:41:01: [simple-chatprocessor.smx] [SCP] Recognized mod [Team Fortress 2].
L 08/17/2020 - 22:41:01: [simple-chatprocessor.smx] [SCP] Loading translation file [scp.tf.phrases].
L 08/17/2020 - 22:41:02: [freak_fortress_2.smx] Freak Fortress 2 199001 Loading...
L 08/17/2020 - 22:41:02: [mapchooser_extended.smx] Loaded map list for tf.
L 08/17/2020 - 22:42:28: [funcommandsX.smx] Game detected as Team Fortress 2: Source (GAME_TF2)
L 08/17/2020 - 22:42:28: [simple-chatprocessor.smx] [SCP] Recognized mod [Team Fortress 2].
L 08/17/2020 - 22:42:28: [simple-chatprocessor.smx] [SCP] Loading translation file [scp.tf.phrases].
L 08/17/2020 - 22:42:29: [freak_fortress_2.smx] Freak Fortress 2 199001 Loading...
L 08/17/2020 - 22:42:29: [mapchooser_extended.smx] Loaded map list for tf.
L 08/17/2020 - 22:44:21: [funcommandsX.smx] Game detected as Team Fortress 2: Source (GAME_TF2)
L 08/17/2020 - 22:44:21: [simple-chatprocessor.smx] [SCP] Recognized mod [Team Fortress 2].
L 08/17/2020 - 22:44:21: [simple-chatprocessor.smx] [SCP] Loading translation file [scp.tf.phrases].
L 08/17/2020 - 22:44:21: [freak_fortress_2.smx] Freak Fortress 2 199001 Loading...
L 08/17/2020 - 22:44:21: [mapchooser_extended.smx] Loaded map list for tf.
L 08/17/2020 - 22:46:21: [mapchooser_extended.smx] Voting for next map has started.
L 08/17/2020 - 22:47:21: [respawn.smx] "Nezzie<325><[U:1:107910185]><>" respawned "Nezzie<325><[U:1:107910185]><>"
L 08/18/2020 - 01:17:37: Log file closed.
