L 08/08/2020 - 07:39:58: SourceMod log file session started (file "/home/steamsrv/tf2/tf/addons/sourcemod/logs/L20200808.log") (Version "1.10.0.6490")
L 08/08/2020 - 07:39:58: [TF2ITEMS] "GiveNamedItem" offset = 484
L 08/08/2020 - 07:39:59: [funcommandsX.smx] Game detected as Team Fortress 2: Source (GAME_TF2)
L 08/08/2020 - 07:39:59: [freak_fortress_2.smx] Freak Fortress 2 199001 Loading...
L 08/08/2020 - 07:39:59: [simple-chatprocessor.smx] [SCP] Recognized mod [Team Fortress 2].
L 08/08/2020 - 07:39:59: [simple-chatprocessor.smx] [SCP] Loading translation file [scp.tf.phrases].
L 08/08/2020 - 07:40:23: [mapchooser_extended.smx] Loaded map list for tf.
L 08/08/2020 - 07:47:55: -------- Mapchange to arena_sawmill --------
L 08/08/2020 - 07:48:05: [mapchooser_extended.smx] Loaded map list for tf.
L 08/08/2020 - 07:49:51: -------- Mapchange to arena_sawmill --------
L 08/08/2020 - 07:50:00: [mapchooser_extended.smx] Loaded map list for tf.
L 08/08/2020 - 08:10:15: [mapchooser_extended.smx] Voting for next map has started.
L 08/08/2020 - 08:10:35: [mapchooser_extended.smx] Voting for next map has finished. Nextmap: vsh_manncohq_v14.
L 08/08/2020 - 08:24:30: SourceMod log file session started (file "/home/steamsrv/tf2/tf/addons/sourcemod/logs/L20200808.log") (Version "1.10.0.6490")
L 08/08/2020 - 08:24:30: [TF2ITEMS] "GiveNamedItem" offset = 484
L 08/08/2020 - 08:24:30: [funcommandsX.smx] Game detected as Team Fortress 2: Source (GAME_TF2)
L 08/08/2020 - 08:24:31: [freak_fortress_2.smx] Freak Fortress 2 199001 Loading...
L 08/08/2020 - 08:24:31: [simple-chatprocessor.smx] [SCP] Recognized mod [Team Fortress 2].
L 08/08/2020 - 08:24:31: [simple-chatprocessor.smx] [SCP] Loading translation file [scp.tf.phrases].
L 08/08/2020 - 08:24:48: [mapchooser_extended.smx] Loaded map list for tf.
L 08/08/2020 - 08:31:18: [basecommands.smx] "MrFrenzoid<2><[U:1:91292555]><>" changed map to "arena_sawmill"
L 08/08/2020 - 08:31:21: [SM] Changed map to "arena_sawmill"
L 08/08/2020 - 08:31:22: -------- Mapchange to arena_sawmill --------
L 08/08/2020 - 08:31:33: [mapchooser_extended.smx] Loaded map list for tf.
L 08/08/2020 - 08:34:35: -------- Mapchange to arena_sawmill --------
L 08/08/2020 - 08:34:48: [mapchooser_extended.smx] Loaded map list for tf.
L 08/08/2020 - 08:39:48: [funcommandsX.smx] Game detected as Team Fortress 2: Source (GAME_TF2)
L 08/08/2020 - 08:39:48: [freak_fortress_2.smx] Freak Fortress 2 199001 Loading...
L 08/08/2020 - 08:39:48: [simple-chatprocessor.smx] [SCP] Recognized mod [Team Fortress 2].
L 08/08/2020 - 08:39:48: [simple-chatprocessor.smx] [SCP] Loading translation file [scp.tf.phrases].
L 08/08/2020 - 08:39:48: [mapchooser_extended.smx] Loaded map list for tf.
L 08/08/2020 - 08:40:42: [funcommandsX.smx] Game detected as Team Fortress 2: Source (GAME_TF2)
L 08/08/2020 - 08:40:42: [freak_fortress_2.smx] Freak Fortress 2 199001 Loading...
L 08/08/2020 - 08:40:43: [simple-chatprocessor.smx] [SCP] Recognized mod [Team Fortress 2].
L 08/08/2020 - 08:40:43: [simple-chatprocessor.smx] [SCP] Loading translation file [scp.tf.phrases].
L 08/08/2020 - 08:40:43: [mapchooser_extended.smx] Loaded map list for tf.
L 08/08/2020 - 08:41:40: [funcommandsX.smx] Game detected as Team Fortress 2: Source (GAME_TF2)
L 08/08/2020 - 08:41:40: [freak_fortress_2.smx] Freak Fortress 2 199001 Loading...
L 08/08/2020 - 08:41:41: [simple-chatprocessor.smx] [SCP] Recognized mod [Team Fortress 2].
L 08/08/2020 - 08:41:41: [simple-chatprocessor.smx] [SCP] Loading translation file [scp.tf.phrases].
L 08/08/2020 - 08:41:41: [mapchooser_extended.smx] Loaded map list for tf.
L 08/08/2020 - 08:43:35: -------- Mapchange to arena_sawmill --------
L 08/08/2020 - 08:43:47: [mapchooser_extended.smx] Loaded map list for tf.
L 08/08/2020 - 08:48:51: -------- Mapchange to arena_sawmill --------
L 08/08/2020 - 08:49:02: [mapchooser_extended.smx] Loaded map list for tf.
L 08/08/2020 - 08:57:51: [basechat.smx] "Console<0><Console><Console>" triggered sm_say (text The round time has ended, omaewa-mou shindeiru)
L 08/08/2020 - 08:57:51: [playercommands.smx] "Console<0><Console><Console>" slayed "MrFrenzoid<2><[U:1:91292555]><>"
L 08/08/2020 - 08:57:51: [playercommands.smx] "Console<0><Console><Console>" slayed "AmNot<7><BOT><>"
L 08/08/2020 - 09:01:02: -------- Mapchange to arena_sawmill --------
L 08/08/2020 - 09:01:15: [mapchooser_extended.smx] Loaded map list for tf.
L 08/08/2020 - 09:01:55: -------- Mapchange to arena_sawmill --------
L 08/08/2020 - 09:02:07: [mapchooser_extended.smx] Loaded map list for tf.
L 08/08/2020 - 09:03:32: -------- Mapchange to arena_sawmill --------
L 08/08/2020 - 09:03:44: [mapchooser_extended.smx] Loaded map list for tf.
L 08/08/2020 - 09:08:54: -------- Mapchange to arena_sawmill --------
L 08/08/2020 - 09:09:04: [mapchooser_extended.smx] Loaded map list for tf.
L 08/08/2020 - 09:12:20: -------- Mapchange to arena_sawmill --------
L 08/08/2020 - 09:12:31: [mapchooser_extended.smx] Loaded map list for tf.
L 08/08/2020 - 09:28:27: [basechat.smx] "Console<0><Console><Console>" triggered sm_say (text The round time has ended, omaewa-mou shindeiru)
L 08/08/2020 - 09:28:27: [playercommands.smx] "Console<0><Console><Console>" slayed "MrFrenzoid<2><[U:1:91292555]><>"
L 08/08/2020 - 09:28:27: [playercommands.smx] "Console<0><Console><Console>" slayed "AimBot<12><BOT><>"
L 08/08/2020 - 09:32:49: [mapchooser_extended.smx] Voting for next map has started.
L 08/08/2020 - 09:36:46: [basechat.smx] "Console<0><Console><Console>" triggered sm_say (text The round time has ended, omaewa-mou shindeiru)
L 08/08/2020 - 09:36:46: [playercommands.smx] "Console<0><Console><Console>" slayed "MrFrenzoid<2><[U:1:91292555]><>"
L 08/08/2020 - 09:36:46: [playercommands.smx] "Console<0><Console><Console>" slayed "AimBot<12><BOT><>"
L 08/09/2020 - 02:39:38: Log file closed.
