L 10/20/2020 - 04:42:09: SourceMod log file session started (file "/home/steamsrv/tf2/tf/addons/sourcemod/logs/L20201020.log") (Version "1.10.0.6490")
L 10/20/2020 - 04:42:09: [basecommands.smx] "Nightmarish Nezzie<24><[U:1:107910185]><>" changed map to "vsh_area_54tress_b4"
L 10/20/2020 - 04:42:12: [SM] Changed map to "vsh_area_54tress_b4"
L 10/20/2020 - 04:42:15: -------- Mapchange to vsh_area_54tress_b4 --------
L 10/20/2020 - 04:42:24: [mapchooser_extended.smx] Loaded map list for tf.
L 10/20/2020 - 04:44:43: [respawn.smx] "Nightmarish Nezzie<24><[U:1:107910185]><>" respawned "Grim Bloody Fable<29><BOT><>"
L 10/20/2020 - 04:48:34: SourceMod log file session started (file "/home/steamsrv/tf2/tf/addons/sourcemod/logs/L20201020.log") (Version "1.10.0.6490")
L 10/20/2020 - 04:48:34: [TF2ITEMS] "GiveNamedItem" offset = 484
L 10/20/2020 - 04:48:35: [funcommandsX.smx] Game detected as Team Fortress 2: Source (GAME_TF2)
L 10/20/2020 - 04:48:35: [simple-chatprocessor.smx] [SCP] Recognized mod [Team Fortress 2].
L 10/20/2020 - 04:48:35: [simple-chatprocessor.smx] [SCP] Loading translation file [scp.tf.phrases].
L 10/20/2020 - 04:48:36: [freak_fortress_2.smx] Freak Fortress 2 199001 Loading...
L 10/20/2020 - 04:48:53: [UPDATER] Successfully updated gamedata file "sdktools.games/game.zpanic.txt"
L 10/20/2020 - 04:48:53: [UPDATER] Successfully updated gamedata file "sdkhooks.games/game.zpanic.txt"
L 10/20/2020 - 04:48:53: [UPDATER] SourceMod has been updated, please reload it or restart your server.
L 10/20/2020 - 04:48:53: [mapchooser_extended.smx] Loaded map list for tf.
L 10/20/2020 - 17:53:56: [mapchooser_extended.smx] Voting for next map has started.
L 10/20/2020 - 20:32:22: [basecommands.smx] "Nightmarish Nezzie<4><[U:1:107910185]><>" changed map to "vsh_dunger_b2a"
L 10/20/2020 - 20:32:25: [SM] Changed map to "vsh_dunger_b2a"
L 10/20/2020 - 20:32:28: -------- Mapchange to vsh_dunger_b2a --------
L 10/20/2020 - 20:32:39: [mapchooser_extended.smx] Loaded map list for tf.
L 10/20/2020 - 20:35:06: [funcommandsX.smx] "Nightmarish Nezzie<4><[U:1:107910185]><>" teleported "10001011101<8><BOT><>"
L 10/20/2020 - 20:38:50: [funcommandsX.smx] Game detected as Team Fortress 2: Source (GAME_TF2)
L 10/20/2020 - 20:38:50: [simple-chatprocessor.smx] [SCP] Recognized mod [Team Fortress 2].
L 10/20/2020 - 20:38:50: [simple-chatprocessor.smx] [SCP] Loading translation file [scp.tf.phrases].
L 10/20/2020 - 20:38:50: [freak_fortress_2.smx] Freak Fortress 2 199001 Loading...
L 10/20/2020 - 20:38:51: [mapchooser_extended.smx] Loaded map list for tf.
L 10/20/2020 - 20:39:24: [funcommandsX.smx] "Nightmarish Nezzie<4><[U:1:107910185]><>" teleported "TAAAAANK!<10><BOT><>"
L 10/20/2020 - 20:45:59: [funcommandsX.smx] Game detected as Team Fortress 2: Source (GAME_TF2)
L 10/20/2020 - 20:45:59: [simple-chatprocessor.smx] [SCP] Recognized mod [Team Fortress 2].
L 10/20/2020 - 20:45:59: [simple-chatprocessor.smx] [SCP] Loading translation file [scp.tf.phrases].
L 10/20/2020 - 20:46:00: [freak_fortress_2.smx] Freak Fortress 2 199001 Loading...
L 10/20/2020 - 20:46:00: [mapchooser_extended.smx] Loaded map list for tf.
L 10/20/2020 - 20:47:35: [funcommands.smx] "Nightmarish Nezzie<4><[U:1:107910185]><>" froze "TAAAAANK!<10><BOT><>"
L 10/20/2020 - 20:47:39: [funcommandsX.smx] "Nightmarish Nezzie<4><[U:1:107910185]><>" teleported "TAAAAANK!<10><BOT><>"
L 10/20/2020 - 20:53:01: [mapchooser_extended.smx] Voting for next map has started.
L 10/20/2020 - 20:53:14: [mapchooser_extended.smx] Voting for next map has finished. Nextmap: vsh_intrusion_rc2.
L 10/20/2020 - 20:54:19: [basechat.smx] "Console<0><Console><Console>" triggered sm_say (text The round time has ended, omaewa-mou shindeiru)
L 10/20/2020 - 20:54:19: [playercommands.smx] "Console<0><Console><Console>" slayed "Nightmarish Nezzie<4><[U:1:107910185]><>"
L 10/20/2020 - 20:54:19: [playercommands.smx] "Console<0><Console><Console>" slayed "10001011101<8><BOT><>"
L 10/20/2020 - 20:54:19: [playercommands.smx] "Console<0><Console><Console>" slayed "ZAWMBEEZ<9><BOT><>"
L 10/20/2020 - 20:54:19: [playercommands.smx] "Console<0><Console><Console>" slayed "TAAAAANK!<10><BOT><>"
L 10/20/2020 - 20:56:38: [funcommandsX.smx] Game detected as Team Fortress 2: Source (GAME_TF2)
L 10/20/2020 - 20:56:38: [simple-chatprocessor.smx] [SCP] Recognized mod [Team Fortress 2].
L 10/20/2020 - 20:56:38: [simple-chatprocessor.smx] [SCP] Loading translation file [scp.tf.phrases].
L 10/20/2020 - 20:56:38: [freak_fortress_2.smx] Freak Fortress 2 199001 Loading...
L 10/20/2020 - 20:56:38: [mapchooser_extended.smx] Loaded map list for tf.
L 10/20/2020 - 20:56:55: [mapchooser_extended.smx] Voting for next map has started.
L 10/20/2020 - 20:57:13: [mapchooser_extended.smx] Voting for next map has finished. Nextmap: vsh_void_a1f.
L 10/20/2020 - 20:57:26: [funcommandsX.smx] "Nightmarish Nezzie<4><[U:1:107910185]><>" teleported "TAAAAANK!<10><BOT><>"
L 10/20/2020 - 20:58:49: [funcommandsX.smx] Game detected as Team Fortress 2: Source (GAME_TF2)
L 10/20/2020 - 20:58:49: [simple-chatprocessor.smx] [SCP] Recognized mod [Team Fortress 2].
L 10/20/2020 - 20:58:49: [simple-chatprocessor.smx] [SCP] Loading translation file [scp.tf.phrases].
L 10/20/2020 - 20:58:49: [freak_fortress_2.smx] Freak Fortress 2 199001 Loading...
L 10/20/2020 - 20:58:49: [mapchooser_extended.smx] Loaded map list for tf.
L 10/20/2020 - 20:59:06: [mapchooser_extended.smx] Voting for next map has started.
L 10/20/2020 - 20:59:17: [mapchooser_extended.smx] Voting for next map has finished. Nextmap: vsh_void_a1f.
L 10/20/2020 - 20:59:31: [funcommandsX.smx] "Nightmarish Nezzie<4><[U:1:107910185]><>" teleported "TAAAAANK!<10><BOT><>"
L 10/20/2020 - 21:00:46: [respawn.smx] "Nightmarish Nezzie<4><[U:1:107910185]><>" respawned "Nightmarish Nezzie<4><[U:1:107910185]><>"
L 10/20/2020 - 21:03:25: [funcommandsX.smx] Game detected as Team Fortress 2: Source (GAME_TF2)
L 10/20/2020 - 21:03:25: [simple-chatprocessor.smx] [SCP] Recognized mod [Team Fortress 2].
L 10/20/2020 - 21:03:25: [simple-chatprocessor.smx] [SCP] Loading translation file [scp.tf.phrases].
L 10/20/2020 - 21:03:25: [freak_fortress_2.smx] Freak Fortress 2 199001 Loading...
L 10/20/2020 - 21:03:26: [mapchooser_extended.smx] Loaded map list for tf.
L 10/20/2020 - 21:03:37: [basecommands.smx] "Nightmarish Nezzie<4><[U:1:107910185]><>" changed map to "vsh_dunger_b2a"
L 10/20/2020 - 21:03:40: [SM] Changed map to "vsh_dunger_b2a"
L 10/20/2020 - 21:03:42: -------- Mapchange to vsh_dunger_b2a --------
L 10/20/2020 - 21:03:53: [mapchooser_extended.smx] Loaded map list for tf.
L 10/20/2020 - 21:10:04: [funcommandsX.smx] Game detected as Team Fortress 2: Source (GAME_TF2)
L 10/20/2020 - 21:10:04: [simple-chatprocessor.smx] [SCP] Recognized mod [Team Fortress 2].
L 10/20/2020 - 21:10:04: [simple-chatprocessor.smx] [SCP] Loading translation file [scp.tf.phrases].
L 10/20/2020 - 21:10:05: [freak_fortress_2.smx] Freak Fortress 2 199001 Loading...
L 10/20/2020 - 21:10:05: [mapchooser_extended.smx] Loaded map list for tf.
L 10/20/2020 - 21:10:43: [funcommandsX.smx] "Nightmarish Nezzie<4><[U:1:107910185]><>" teleported "NotMe<13><BOT><>"
L 10/20/2020 - 21:24:13: [mapchooser_extended.smx] Voting for next map has started.
L 10/21/2020 - 16:17:05: Log file closed.
