L 07/27/2020 - 01:39:15: SourceMod log file session started (file "/home/steamsrv/tf2/tf/addons/sourcemod/logs/L20200727.log") (Version "1.10.0.6490")
L 07/27/2020 - 01:39:15: [basecommands.smx] "Nezzie♥<45><[U:1:107910185]><>" changed map to "arena_lumberyard"
L 07/27/2020 - 01:39:18: [SM] Changed map to "arena_lumberyard"
L 07/27/2020 - 01:39:20: -------- Mapchange to arena_lumberyard --------
L 07/27/2020 - 01:39:30: [mapchooser_extended.smx] Loaded map list for tf.
L 07/27/2020 - 01:46:09: [playercommands.smx] "Nezzie♥<45><[U:1:107910185]><>" slayed "SomeDude<50><BOT><>"
L 07/27/2020 - 01:46:10: [playercommands.smx] "Nezzie♥<45><[U:1:107910185]><>" slayed "Nezzie♥<45><[U:1:107910185]><>"
L 07/27/2020 - 01:49:23: [respawn.smx] "Nezzie♥<45><[U:1:107910185]><>" respawned "Jarvie<54><[U:1:107752754]><>"
L 07/27/2020 - 01:49:27: [playercommands.smx] "Nezzie♥<45><[U:1:107910185]><>" slayed "Jarvie<54><[U:1:107752754]><>"
L 07/27/2020 - 01:53:35: [respawn.smx] "Nezzie♥<45><[U:1:107910185]><>" respawned "Nezzie♥<45><[U:1:107910185]><>"
L 07/27/2020 - 01:57:12: [respawn.smx] "Nezzie♥<45><[U:1:107910185]><>" respawned "Jarvie<54><[U:1:107752754]><>"
L 07/27/2020 - 01:59:54: [mapchooser_extended.smx] Voting for next map has started.
L 07/27/2020 - 02:00:14: [mapchooser_extended.smx] Voting for next map has finished. Nextmap: vsh_nebula_rc1.
L 07/27/2020 - 02:05:27: [respawn.smx] "Nezzie♥<45><[U:1:107910185]><>" respawned "Jarvie<54><[U:1:107752754]><>"
L 07/27/2020 - 02:06:32: [respawn.smx] "Nezzie♥<45><[U:1:107910185]><>" respawned "Jarvie<54><[U:1:107752754]><>"
L 07/27/2020 - 02:06:54: [respawn.smx] "Nezzie♥<45><[U:1:107910185]><>" respawned "Jarvie<54><[U:1:107752754]><>"
L 07/27/2020 - 02:07:27: [respawn.smx] "Nezzie♥<45><[U:1:107910185]><>" respawned "Jarvie<54><[U:1:107752754]><>"
L 07/27/2020 - 02:10:51: [basecommands.smx] "Nezzie♥<45><[U:1:107910185]><>" changed map to "arena_lumberyard"
L 07/27/2020 - 02:10:55: [SM] Changed map to "arena_lumberyard"
L 07/27/2020 - 02:10:56: -------- Mapchange to arena_lumberyard --------
L 07/27/2020 - 02:11:07: [mapchooser_extended.smx] Loaded map list for tf.
L 07/27/2020 - 02:13:46: [freak_fortress_2.smx] Freak Fortress 2 199001 Loading...
L 07/27/2020 - 02:13:46: [simple-chatprocessor.smx] [SCP] Recognized mod [Team Fortress 2].
L 07/27/2020 - 02:13:46: [simple-chatprocessor.smx] [SCP] Loading translation file [scp.tf.phrases].
L 07/27/2020 - 02:13:47: [mapchooser_extended.smx] Loaded map list for tf.
L 07/27/2020 - 02:13:50: [hpregeneration.smx] [HpRegeneration] - Loaded
L 07/27/2020 - 02:16:16: [freak_fortress_2.smx] Freak Fortress 2 199001 Loading...
L 07/27/2020 - 02:16:17: [simple-chatprocessor.smx] [SCP] Recognized mod [Team Fortress 2].
L 07/27/2020 - 02:16:17: [simple-chatprocessor.smx] [SCP] Loading translation file [scp.tf.phrases].
L 07/27/2020 - 02:16:17: [mapchooser_extended.smx] Loaded map list for tf.
L 07/27/2020 - 02:16:20: [hpregeneration.smx] [HpRegeneration] - Loaded
L 07/27/2020 - 02:19:22: [freak_fortress_2.smx] Freak Fortress 2 199001 Loading...
L 07/27/2020 - 02:19:22: [simple-chatprocessor.smx] [SCP] Recognized mod [Team Fortress 2].
L 07/27/2020 - 02:19:22: [simple-chatprocessor.smx] [SCP] Loading translation file [scp.tf.phrases].
L 07/27/2020 - 02:19:23: [mapchooser_extended.smx] Loaded map list for tf.
L 07/27/2020 - 02:19:26: [hpregeneration.smx] [HpRegeneration] - Loaded
L 07/27/2020 - 02:21:31: [freak_fortress_2.smx] Freak Fortress 2 199001 Loading...
L 07/27/2020 - 02:21:31: [simple-chatprocessor.smx] [SCP] Recognized mod [Team Fortress 2].
L 07/27/2020 - 02:21:31: [simple-chatprocessor.smx] [SCP] Loading translation file [scp.tf.phrases].
L 07/27/2020 - 02:21:32: [mapchooser_extended.smx] Loaded map list for tf.
L 07/27/2020 - 02:21:34: [hpregeneration.smx] [HpRegeneration] - Loaded
L 07/27/2020 - 02:24:31: [freak_fortress_2.smx] Freak Fortress 2 199001 Loading...
L 07/27/2020 - 02:24:31: [simple-chatprocessor.smx] [SCP] Recognized mod [Team Fortress 2].
L 07/27/2020 - 02:24:31: [simple-chatprocessor.smx] [SCP] Loading translation file [scp.tf.phrases].
L 07/27/2020 - 02:24:31: [mapchooser_extended.smx] Loaded map list for tf.
L 07/27/2020 - 02:24:34: [hpregeneration.smx] [HpRegeneration] - Loaded
L 07/27/2020 - 02:25:37: [freak_fortress_2.smx] Freak Fortress 2 199001 Loading...
L 07/27/2020 - 02:25:38: [simple-chatprocessor.smx] [SCP] Recognized mod [Team Fortress 2].
L 07/27/2020 - 02:25:38: [simple-chatprocessor.smx] [SCP] Loading translation file [scp.tf.phrases].
L 07/27/2020 - 02:25:38: [mapchooser_extended.smx] Loaded map list for tf.
L 07/27/2020 - 02:25:41: [hpregeneration.smx] [HpRegeneration] - Loaded
L 07/27/2020 - 02:26:51: [freak_fortress_2.smx] Freak Fortress 2 199001 Loading...
L 07/27/2020 - 02:26:51: [simple-chatprocessor.smx] [SCP] Recognized mod [Team Fortress 2].
L 07/27/2020 - 02:26:51: [simple-chatprocessor.smx] [SCP] Loading translation file [scp.tf.phrases].
L 07/27/2020 - 02:26:51: [mapchooser_extended.smx] Loaded map list for tf.
L 07/27/2020 - 02:26:54: [hpregeneration.smx] [HpRegeneration] - Loaded
L 07/27/2020 - 02:29:36: [freak_fortress_2.smx] Freak Fortress 2 199001 Loading...
L 07/27/2020 - 02:29:36: [simple-chatprocessor.smx] [SCP] Recognized mod [Team Fortress 2].
L 07/27/2020 - 02:29:36: [simple-chatprocessor.smx] [SCP] Loading translation file [scp.tf.phrases].
L 07/27/2020 - 02:29:37: [mapchooser_extended.smx] Loaded map list for tf.
L 07/27/2020 - 02:29:40: [hpregeneration.smx] [HpRegeneration] - Loaded
L 07/27/2020 - 02:31:45: [freak_fortress_2.smx] Freak Fortress 2 199001 Loading...
L 07/27/2020 - 02:31:46: [simple-chatprocessor.smx] [SCP] Recognized mod [Team Fortress 2].
L 07/27/2020 - 02:31:46: [simple-chatprocessor.smx] [SCP] Loading translation file [scp.tf.phrases].
L 07/27/2020 - 02:31:46: [mapchooser_extended.smx] Loaded map list for tf.
L 07/27/2020 - 02:31:49: [hpregeneration.smx] [HpRegeneration] - Loaded
L 07/27/2020 - 02:32:02: [mapchooser_extended.smx] Voting for next map has started.
L 07/27/2020 - 02:32:40: [respawn.smx] "Nezzie♥<45><[U:1:107910185]><>" respawned "Nezzie♥<45><[U:1:107910185]><>"
L 07/27/2020 - 02:33:29: [respawn.smx] "Nezzie♥<45><[U:1:107910185]><>" respawned "Nezzie♥<45><[U:1:107910185]><>"
L 07/27/2020 - 02:34:37: [playercommands.smx] "Nezzie♥<45><[U:1:107910185]><>" slapped "Jarvie<54><[U:1:107752754]><>" (damage "99")
L 07/27/2020 - 02:40:45: [playercommands.smx] "Nezzie♥<45><[U:1:107910185]><>" slapped "Jarvie<54><[U:1:107752754]><>" (damage "5")
L 07/27/2020 - 02:40:45: [playercommands.smx] "Nezzie♥<45><[U:1:107910185]><>" slapped "Jarvie<54><[U:1:107752754]><>" (damage "5")
L 07/27/2020 - 02:40:46: [playercommands.smx] "Nezzie♥<45><[U:1:107910185]><>" slapped "Jarvie<54><[U:1:107752754]><>" (damage "5")
L 07/27/2020 - 02:40:46: [playercommands.smx] "Nezzie♥<45><[U:1:107910185]><>" slapped "Jarvie<54><[U:1:107752754]><>" (damage "5")
L 07/27/2020 - 02:40:46: [playercommands.smx] "Nezzie♥<45><[U:1:107910185]><>" slapped "Jarvie<54><[U:1:107752754]><>" (damage "5")
L 07/27/2020 - 02:40:46: [playercommands.smx] "Nezzie♥<45><[U:1:107910185]><>" slapped "Jarvie<54><[U:1:107752754]><>" (damage "5")
L 07/27/2020 - 02:40:46: [playercommands.smx] "Nezzie♥<45><[U:1:107910185]><>" slapped "Jarvie<54><[U:1:107752754]><>" (damage "5")
L 07/27/2020 - 02:40:47: [playercommands.smx] "Nezzie♥<45><[U:1:107910185]><>" slapped "Jarvie<54><[U:1:107752754]><>" (damage "5")
L 07/27/2020 - 02:40:47: [playercommands.smx] "Nezzie♥<45><[U:1:107910185]><>" slapped "Jarvie<54><[U:1:107752754]><>" (damage "5")
L 07/27/2020 - 02:40:47: [playercommands.smx] "Nezzie♥<45><[U:1:107910185]><>" slapped "Jarvie<54><[U:1:107752754]><>" (damage "5")
L 07/27/2020 - 02:40:47: [playercommands.smx] "Nezzie♥<45><[U:1:107910185]><>" slapped "Jarvie<54><[U:1:107752754]><>" (damage "5")
L 07/27/2020 - 02:40:47: [playercommands.smx] "Nezzie♥<45><[U:1:107910185]><>" slapped "Jarvie<54><[U:1:107752754]><>" (damage "5")
L 07/27/2020 - 02:40:48: [playercommands.smx] "Nezzie♥<45><[U:1:107910185]><>" slapped "Jarvie<54><[U:1:107752754]><>" (damage "5")
L 07/27/2020 - 02:40:48: [playercommands.smx] "Nezzie♥<45><[U:1:107910185]><>" slapped "Jarvie<54><[U:1:107752754]><>" (damage "5")
L 07/27/2020 - 02:40:48: [playercommands.smx] "Nezzie♥<45><[U:1:107910185]><>" slapped "Jarvie<54><[U:1:107752754]><>" (damage "5")
L 07/27/2020 - 02:40:48: [playercommands.smx] "Nezzie♥<45><[U:1:107910185]><>" slapped "Jarvie<54><[U:1:107752754]><>" (damage "5")
L 07/27/2020 - 02:40:49: [playercommands.smx] "Nezzie♥<45><[U:1:107910185]><>" slapped "Jarvie<54><[U:1:107752754]><>" (damage "5")
L 07/27/2020 - 02:40:49: [playercommands.smx] "Nezzie♥<45><[U:1:107910185]><>" slapped "Jarvie<54><[U:1:107752754]><>" (damage "5")
L 07/27/2020 - 02:40:49: [playercommands.smx] "Nezzie♥<45><[U:1:107910185]><>" slapped "Jarvie<54><[U:1:107752754]><>" (damage "5")
L 07/27/2020 - 02:40:49: [playercommands.smx] "Nezzie♥<45><[U:1:107910185]><>" slapped "Jarvie<54><[U:1:107752754]><>" (damage "5")
L 07/27/2020 - 02:40:49: [playercommands.smx] "Nezzie♥<45><[U:1:107910185]><>" slapped "Jarvie<54><[U:1:107752754]><>" (damage "5")
L 07/27/2020 - 02:40:50: [playercommands.smx] "Nezzie♥<45><[U:1:107910185]><>" slapped "Jarvie<54><[U:1:107752754]><>" (damage "5")
L 07/27/2020 - 02:40:50: [playercommands.smx] "Nezzie♥<45><[U:1:107910185]><>" slapped "Jarvie<54><[U:1:107752754]><>" (damage "5")
L 07/27/2020 - 02:40:50: [playercommands.smx] "Nezzie♥<45><[U:1:107910185]><>" slapped "Jarvie<54><[U:1:107752754]><>" (damage "5")
L 07/27/2020 - 02:40:50: [playercommands.smx] "Nezzie♥<45><[U:1:107910185]><>" slapped "Jarvie<54><[U:1:107752754]><>" (damage "5")
L 07/27/2020 - 02:40:51: [playercommands.smx] "Nezzie♥<45><[U:1:107910185]><>" slapped "Jarvie<54><[U:1:107752754]><>" (damage "5")
L 07/27/2020 - 02:40:51: [playercommands.smx] "Nezzie♥<45><[U:1:107910185]><>" slapped "Jarvie<54><[U:1:107752754]><>" (damage "5")
L 07/27/2020 - 02:40:51: [playercommands.smx] "Nezzie♥<45><[U:1:107910185]><>" slapped "Jarvie<54><[U:1:107752754]><>" (damage "5")
L 07/27/2020 - 02:40:51: [playercommands.smx] "Nezzie♥<45><[U:1:107910185]><>" slapped "Jarvie<54><[U:1:107752754]><>" (damage "5")
L 07/27/2020 - 02:40:52: [playercommands.smx] "Nezzie♥<45><[U:1:107910185]><>" slapped "Jarvie<54><[U:1:107752754]><>" (damage "5")
L 07/27/2020 - 02:40:52: [playercommands.smx] "Nezzie♥<45><[U:1:107910185]><>" slapped "Jarvie<54><[U:1:107752754]><>" (damage "5")
L 07/27/2020 - 02:40:52: [playercommands.smx] "Nezzie♥<45><[U:1:107910185]><>" slapped "Jarvie<54><[U:1:107752754]><>" (damage "5")
L 07/27/2020 - 02:40:52: [playercommands.smx] "Nezzie♥<45><[U:1:107910185]><>" slapped "Jarvie<54><[U:1:107752754]><>" (damage "5")
L 07/27/2020 - 02:40:52: [playercommands.smx] "Nezzie♥<45><[U:1:107910185]><>" slapped "Jarvie<54><[U:1:107752754]><>" (damage "5")
L 07/27/2020 - 02:40:53: [playercommands.smx] "Nezzie♥<45><[U:1:107910185]><>" slapped "Jarvie<54><[U:1:107752754]><>" (damage "5")
L 07/27/2020 - 02:40:53: [playercommands.smx] "Nezzie♥<45><[U:1:107910185]><>" slapped "Jarvie<54><[U:1:107752754]><>" (damage "5")
L 07/27/2020 - 02:40:53: [playercommands.smx] "Nezzie♥<45><[U:1:107910185]><>" slapped "Jarvie<54><[U:1:107752754]><>" (damage "5")
L 07/27/2020 - 02:40:53: [playercommands.smx] "Nezzie♥<45><[U:1:107910185]><>" slapped "Jarvie<54><[U:1:107752754]><>" (damage "5")
L 07/27/2020 - 02:40:54: [playercommands.smx] "Nezzie♥<45><[U:1:107910185]><>" slapped "Jarvie<54><[U:1:107752754]><>" (damage "5")
L 07/27/2020 - 02:40:54: [playercommands.smx] "Nezzie♥<45><[U:1:107910185]><>" slapped "Jarvie<54><[U:1:107752754]><>" (damage "5")
L 07/27/2020 - 02:40:54: [playercommands.smx] "Nezzie♥<45><[U:1:107910185]><>" slapped "Jarvie<54><[U:1:107752754]><>" (damage "5")
L 07/27/2020 - 02:40:54: [playercommands.smx] "Nezzie♥<45><[U:1:107910185]><>" slapped "Jarvie<54><[U:1:107752754]><>" (damage "5")
L 07/27/2020 - 02:40:54: [playercommands.smx] "Nezzie♥<45><[U:1:107910185]><>" slapped "Jarvie<54><[U:1:107752754]><>" (damage "5")
L 07/27/2020 - 02:40:55: [playercommands.smx] "Nezzie♥<45><[U:1:107910185]><>" slapped "Jarvie<54><[U:1:107752754]><>" (damage "5")
L 07/27/2020 - 02:40:55: [playercommands.smx] "Nezzie♥<45><[U:1:107910185]><>" slapped "Jarvie<54><[U:1:107752754]><>" (damage "5")
L 07/27/2020 - 02:40:55: [playercommands.smx] "Nezzie♥<45><[U:1:107910185]><>" slapped "Jarvie<54><[U:1:107752754]><>" (damage "5")
L 07/27/2020 - 02:40:56: [playercommands.smx] "Nezzie♥<45><[U:1:107910185]><>" slapped "Jarvie<54><[U:1:107752754]><>" (damage "5")
L 07/27/2020 - 02:40:56: [playercommands.smx] "Nezzie♥<45><[U:1:107910185]><>" slapped "Jarvie<54><[U:1:107752754]><>" (damage "5")
L 07/27/2020 - 02:40:56: [playercommands.smx] "Nezzie♥<45><[U:1:107910185]><>" slapped "Jarvie<54><[U:1:107752754]><>" (damage "5")
L 07/27/2020 - 02:40:56: [playercommands.smx] "Nezzie♥<45><[U:1:107910185]><>" slapped "Jarvie<54><[U:1:107752754]><>" (damage "5")
L 07/27/2020 - 02:40:56: [playercommands.smx] "Nezzie♥<45><[U:1:107910185]><>" slapped "Jarvie<54><[U:1:107752754]><>" (damage "5")
L 07/27/2020 - 02:41:26: [respawn.smx] "Nezzie♥<45><[U:1:107910185]><>" respawned "Jarvie<54><[U:1:107752754]><>"
L 07/27/2020 - 02:41:42: [respawn.smx] "Nezzie♥<45><[U:1:107910185]><>" respawned "Nezzie♥<45><[U:1:107910185]><>"
L 07/27/2020 - 02:42:14: [respawn.smx] "Nezzie♥<45><[U:1:107910185]><>" respawned "Jarvie<54><[U:1:107752754]><>"
L 07/27/2020 - 02:42:32: [respawn.smx] "Nezzie♥<45><[U:1:107910185]><>" respawned "Nezzie♥<45><[U:1:107910185]><>"
L 07/27/2020 - 02:42:47: [respawn.smx] "Nezzie♥<45><[U:1:107910185]><>" respawned "Jarvie<54><[U:1:107752754]><>"
L 07/27/2020 - 02:43:34: [respawn.smx] "Nezzie♥<45><[U:1:107910185]><>" respawned "Jarvie<54><[U:1:107752754]><>"
L 07/27/2020 - 02:44:20: [basecommands.smx] "Nezzie♥<45><[U:1:107910185]><>" changed map to "arena_lumberyard"
L 07/27/2020 - 02:44:23: [SM] Changed map to "arena_lumberyard"
L 07/27/2020 - 02:44:25: -------- Mapchange to arena_lumberyard --------
L 07/27/2020 - 02:44:36: [mapchooser_extended.smx] Loaded map list for tf.
L 07/27/2020 - 02:45:04: [respawn.smx] "Nezzie♥<45><[U:1:107910185]><>" respawned "Nezzie♥<45><[U:1:107910185]><>"
L 07/27/2020 - 02:45:14: [respawn.smx] "Nezzie♥<45><[U:1:107910185]><>" respawned "Nezzie♥<45><[U:1:107910185]><>"
L 07/27/2020 - 02:46:57: [respawn.smx] "Nezzie♥<45><[U:1:107910185]><>" respawned "Jarvie<54><[U:1:107752754]><>"
L 07/27/2020 - 02:47:11: [funcommands.smx] "Nezzie♥<45><[U:1:107910185]><>" set blind on "Jarvie<54><[U:1:107752754]><>" (amount "255")
L 07/27/2020 - 02:47:37: [funcommands.smx] "Nezzie♥<45><[U:1:107910185]><>" set blind on "Jarvie<54><[U:1:107752754]><>" (amount "0")
L 07/27/2020 - 02:48:32: [funcommands.smx] "Nezzie♥<45><[U:1:107910185]><>" froze "Nobody<58><BOT><>"
L 07/27/2020 - 03:04:51: [mapchooser_extended.smx] Voting for next map has started.
L 07/27/2020 - 11:38:06: [SM] Changed map to "vsh_gyros_v5"
L 07/27/2020 - 11:38:10: -------- Mapchange to vsh_gyros_v5 --------
L 07/27/2020 - 11:38:21: [mapchooser_extended.smx] Loaded map list for tf.
L 07/27/2020 - 11:58:35: [mapchooser_extended.smx] Voting for next map has started.
L 07/27/2020 - 19:24:47: [basecommands.smx] "Nezzie♥<69><[U:1:107910185]><>" changed map to "arena_lumberyard"
L 07/27/2020 - 19:24:50: [SM] Changed map to "arena_lumberyard"
L 07/27/2020 - 19:24:54: -------- Mapchange to arena_lumberyard --------
L 07/27/2020 - 19:25:05: [mapchooser_extended.smx] Loaded map list for tf.
L 07/27/2020 - 19:32:39: [playercommands.smx] "Nezzie♥<69><[U:1:107910185]><>" slayed "Nom Nom Nom<73><BOT><>"
L 07/27/2020 - 19:45:20: [mapchooser_extended.smx] Voting for next map has started.
L 07/30/2020 - 13:59:04: Log file closed.
