L 03/19/2021 - 08:09:03: SourceMod log file session started (file "/home/frenzoid/TF2_FF2/tf/addons/sourcemod/logs/L20210319.log") (Version "1.10.0.6490")
L 03/19/2021 - 08:09:03: [TF2ITEMS] "GiveNamedItem" offset = 484
L 03/19/2021 - 08:09:03: [funcommandsX.smx] Game detected as Team Fortress 2: Source (GAME_TF2)
L 03/19/2021 - 08:09:03: [simple-chatprocessor.smx] [SCP] Recognized mod [Team Fortress 2].
L 03/19/2021 - 08:09:03: [simple-chatprocessor.smx] [SCP] Loading translation file [scp.tf.phrases].
L 03/19/2021 - 08:09:04: [freak_fortress_2.smx] Freak Fortress 2 199001 Loading...
L 03/19/2021 - 08:09:11: [mapchooser_extended.smx] Loaded map list for tf.
L 03/19/2021 - 08:55:03: [basecommands.smx] "Nezzie<2><[U:1:107910185]><>" changed map to "vsh_apg_reworked_b2"
L 03/19/2021 - 08:55:06: [SM] Changed map to "vsh_apg_reworked_b2"
L 03/19/2021 - 08:55:07: -------- Mapchange to vsh_apg_reworked_b2 --------
L 03/19/2021 - 08:55:14: [mapchooser_extended.smx] Loaded map list for tf.
L 03/19/2021 - 09:15:29: [mapchooser_extended.smx] Voting for next map has started.
L 03/19/2021 - 09:22:17: SourceMod log file session started (file "/home/frenzoid/TF2_FF2/tf/addons/sourcemod/logs/L20210319.log") (Version "1.10.0.6490")
L 03/19/2021 - 09:22:17: [TF2ITEMS] "GiveNamedItem" offset = 484
L 03/19/2021 - 09:22:18: [funcommandsX.smx] Game detected as Team Fortress 2: Source (GAME_TF2)
L 03/19/2021 - 09:22:18: [simple-chatprocessor.smx] [SCP] Recognized mod [Team Fortress 2].
L 03/19/2021 - 09:22:18: [simple-chatprocessor.smx] [SCP] Loading translation file [scp.tf.phrases].
L 03/19/2021 - 09:22:18: [freak_fortress_2.smx] Freak Fortress 2 199001 Loading...
L 03/19/2021 - 09:22:27: [mapchooser_extended.smx] Loaded map list for tf.
L 03/19/2021 - 09:23:35: SourceMod log file session started (file "/home/frenzoid/TF2_FF2/tf/addons/sourcemod/logs/L20210319.log") (Version "1.10.0.6490")
L 03/19/2021 - 09:23:35: [TF2ITEMS] "GiveNamedItem" offset = 484
L 03/19/2021 - 09:23:36: [funcommandsX.smx] Game detected as Team Fortress 2: Source (GAME_TF2)
L 03/19/2021 - 09:23:36: [simple-chatprocessor.smx] [SCP] Recognized mod [Team Fortress 2].
L 03/19/2021 - 09:23:36: [simple-chatprocessor.smx] [SCP] Loading translation file [scp.tf.phrases].
L 03/19/2021 - 09:23:36: [freak_fortress_2.smx] Freak Fortress 2 199001 Loading...
L 03/19/2021 - 09:23:44: [mapchooser_extended.smx] Loaded map list for tf.
L 03/19/2021 - 09:32:39: [playercommands.smx] "Nezzie<2><[U:1:107910185]><>" slayed "CryBaby<3><BOT><>"
L 03/19/2021 - 09:32:39: [playercommands.smx] "Nezzie<2><[U:1:107910185]><>" slayed "ThatGuy<4><BOT><>"
L 03/19/2021 - 09:32:39: [playercommands.smx] "Nezzie<2><[U:1:107910185]><>" slayed "Hat-Wearing MAN<5><BOT><>"
L 03/19/2021 - 09:32:40: [playercommands.smx] "Nezzie<2><[U:1:107910185]><>" slayed "Numnutz<6><BOT><>"
L 03/19/2021 - 09:32:40: [playercommands.smx] "Nezzie<2><[U:1:107910185]><>" slayed "The G-Man<7><BOT><>"
L 03/19/2021 - 09:33:40: [respawn.smx] "Nezzie<2><[U:1:107910185]><>" respawned "The Combine<8><BOT><>"
L 03/19/2021 - 09:33:40: [respawn.smx] "Nezzie<2><[U:1:107910185]><>" respawned "Pow!<9><BOT><>"
L 03/19/2021 - 09:33:40: [respawn.smx] "Nezzie<2><[U:1:107910185]><>" respawned "THEM<10><BOT><>"
L 03/19/2021 - 09:33:40: [respawn.smx] "Nezzie<2><[U:1:107910185]><>" respawned "10001011101<11><BOT><>"
L 03/19/2021 - 09:33:40: [respawn.smx] "Nezzie<2><[U:1:107910185]><>" respawned "ZAWMBEEZ<12><BOT><>"
L 03/19/2021 - 09:33:40: [respawn.smx] "Nezzie<2><[U:1:107910185]><>" respawned "TAAAAANK!<13><BOT><>"
L 03/19/2021 - 09:33:40: [respawn.smx] "Nezzie<2><[U:1:107910185]><>" respawned "Black Mesa<14><BOT><>"
L 03/19/2021 - 09:33:40: [respawn.smx] "Nezzie<2><[U:1:107910185]><>" respawned "CEDA<15><BOT><>"
L 03/19/2021 - 09:33:40: [respawn.smx] "Nezzie<2><[U:1:107910185]><>" respawned "NotMe<16><BOT><>"
L 03/19/2021 - 09:33:40: [respawn.smx] "Nezzie<2><[U:1:107910185]><>" respawned "BoomerBile<17><BOT><>"
L 03/19/2021 - 09:33:40: [respawn.smx] "Nezzie<2><[U:1:107910185]><>" respawned "Mann Co.<18><BOT><>"
L 03/19/2021 - 09:33:40: [respawn.smx] "Nezzie<2><[U:1:107910185]><>" respawned "Kaboom!<19><BOT><>"
L 03/19/2021 - 09:33:40: [respawn.smx] "Nezzie<2><[U:1:107910185]><>" respawned "0xDEADBEEF<20><BOT><>"
L 03/19/2021 - 09:33:40: [respawn.smx] "Nezzie<2><[U:1:107910185]><>" respawned "SomeDude<21><BOT><>"
L 03/19/2021 - 09:33:40: [respawn.smx] "Nezzie<2><[U:1:107910185]><>" respawned "Hostage<22><BOT><>"
L 03/19/2021 - 09:33:40: [respawn.smx] "Nezzie<2><[U:1:107910185]><>" respawned "CrySomeMore<23><BOT><>"
L 03/19/2021 - 09:33:40: [respawn.smx] "Nezzie<2><[U:1:107910185]><>" respawned "Humans Are Weak<24><BOT><>"
L 03/19/2021 - 09:33:40: [respawn.smx] "Nezzie<2><[U:1:107910185]><>" respawned "C++<25><BOT><>"
L 03/19/2021 - 09:33:40: [respawn.smx] "Nezzie<2><[U:1:107910185]><>" respawned "Nobody<26><BOT><>"
L 03/19/2021 - 09:33:40: [respawn.smx] "Nezzie<2><[U:1:107910185]><>" respawned "RageQuit<27><BOT><>"
L 03/19/2021 - 09:33:40: [respawn.smx] "Nezzie<2><[U:1:107910185]><>" respawned "Ze Ubermensch<28><BOT><>"
L 03/19/2021 - 09:33:50: [respawn.smx] "Nezzie<2><[U:1:107910185]><>" respawned "Nobody<26><BOT><>"
L 03/19/2021 - 09:33:50: [respawn.smx] "Nezzie<2><[U:1:107910185]><>" respawned "Ze Ubermensch<28><BOT><>"
L 03/19/2021 - 09:34:25: [respawn.smx] "Nezzie<2><[U:1:107910185]><>" respawned "Nobody<26><BOT><>"
L 03/19/2021 - 09:34:41: [basecommands.smx] "Nezzie<2><[U:1:107910185]><>" kicked "Nobody<26><BOT><>" (reason "")
L 03/19/2021 - 09:39:25: [nominations_extended.smx] Nezzie nominated vsh_apg_reworked_b2
L 03/19/2021 - 09:40:58: [basechat.smx] "Console<0><Console><Console>" triggered sm_say (text The round time has ended, omaewa-mou shindeiru)
L 03/19/2021 - 09:40:58: [playercommands.smx] "Console<0><Console><Console>" slayed "Hat-Wearing MAN<5><BOT><>"
L 03/19/2021 - 09:40:58: [playercommands.smx] "Console<0><Console><Console>" slayed "Numnutz<6><BOT><>"
L 03/19/2021 - 09:40:58: [playercommands.smx] "Console<0><Console><Console>" slayed "The G-Man<7><BOT><>"
L 03/19/2021 - 09:40:58: [playercommands.smx] "Console<0><Console><Console>" slayed "The Combine<8><BOT><>"
L 03/19/2021 - 09:40:58: [playercommands.smx] "Console<0><Console><Console>" slayed "Pow!<9><BOT><>"
L 03/19/2021 - 09:40:58: [playercommands.smx] "Console<0><Console><Console>" slayed "THEM<10><BOT><>"
L 03/19/2021 - 09:40:58: [playercommands.smx] "Console<0><Console><Console>" slayed "10001011101<11><BOT><>"
L 03/19/2021 - 09:40:58: [playercommands.smx] "Console<0><Console><Console>" slayed "ZAWMBEEZ<12><BOT><>"
L 03/19/2021 - 09:40:58: [playercommands.smx] "Console<0><Console><Console>" slayed "TAAAAANK!<13><BOT><>"
L 03/19/2021 - 09:40:58: [playercommands.smx] "Console<0><Console><Console>" slayed "Black Mesa<14><BOT><>"
L 03/19/2021 - 09:40:58: [playercommands.smx] "Console<0><Console><Console>" slayed "CEDA<15><BOT><>"
L 03/19/2021 - 09:40:58: [playercommands.smx] "Console<0><Console><Console>" slayed "NotMe<16><BOT><>"
L 03/19/2021 - 09:40:58: [playercommands.smx] "Console<0><Console><Console>" slayed "BoomerBile<17><BOT><>"
L 03/19/2021 - 09:40:58: [playercommands.smx] "Console<0><Console><Console>" slayed "Mann Co.<18><BOT><>"
L 03/19/2021 - 09:40:58: [playercommands.smx] "Console<0><Console><Console>" slayed "Kaboom!<19><BOT><>"
L 03/19/2021 - 09:40:58: [playercommands.smx] "Console<0><Console><Console>" slayed "0xDEADBEEF<20><BOT><>"
L 03/19/2021 - 09:40:58: [playercommands.smx] "Console<0><Console><Console>" slayed "SomeDude<21><BOT><>"
L 03/19/2021 - 09:40:58: [playercommands.smx] "Console<0><Console><Console>" slayed "Hostage<22><BOT><>"
L 03/19/2021 - 09:40:58: [playercommands.smx] "Console<0><Console><Console>" slayed "CrySomeMore<23><BOT><>"
L 03/19/2021 - 09:40:58: [playercommands.smx] "Console<0><Console><Console>" slayed "Humans Are Weak<24><BOT><>"
L 03/19/2021 - 09:40:58: [playercommands.smx] "Console<0><Console><Console>" slayed "C++<25><BOT><>"
L 03/19/2021 - 09:40:58: [playercommands.smx] "Console<0><Console><Console>" slayed "RageQuit<27><BOT><>"
L 03/19/2021 - 09:41:01: [basecommands.smx] "Nezzie<2><[U:1:107910185]><>" changed map to "vsh_apg_reworked_b2"
L 03/19/2021 - 09:41:04: [SM] Changed map to "vsh_apg_reworked_b2"
L 03/19/2021 - 09:41:05: -------- Mapchange to vsh_apg_reworked_b2 --------
L 03/19/2021 - 09:41:12: [mapchooser_extended.smx] Loaded map list for tf.
L 03/19/2021 - 09:42:34: [basecommands.smx] "Nezzie<2><[U:1:107910185]><>" changed map to "vsh_apg_reworked_b2"
L 03/19/2021 - 09:42:37: [SM] Changed map to "vsh_apg_reworked_b2"
L 03/19/2021 - 09:42:38: -------- Mapchange to vsh_apg_reworked_b2 --------
L 03/19/2021 - 09:42:44: [mapchooser_extended.smx] Loaded map list for tf.
L 03/19/2021 - 09:44:17: SourceMod log file session started (file "/home/frenzoid/TF2_FF2/tf/addons/sourcemod/logs/L20210319.log") (Version "1.10.0.6490")
L 03/19/2021 - 09:44:17: [TF2ITEMS] "GiveNamedItem" offset = 484
L 03/19/2021 - 09:44:17: [funcommandsX.smx] Game detected as Team Fortress 2: Source (GAME_TF2)
L 03/19/2021 - 09:44:17: [simple-chatprocessor.smx] [SCP] Recognized mod [Team Fortress 2].
L 03/19/2021 - 09:44:17: [simple-chatprocessor.smx] [SCP] Loading translation file [scp.tf.phrases].
L 03/19/2021 - 09:44:18: [freak_fortress_2.smx] Freak Fortress 2 199001 Loading...
L 03/19/2021 - 09:44:26: [mapchooser_extended.smx] Loaded map list for tf.
L 03/19/2021 - 09:45:48: [playercommands.smx] "Nezzie<2><[U:1:107910185]><>" slayed "Ze Ubermensch<4><BOT><>"
L 03/19/2021 - 09:45:48: [playercommands.smx] "Nezzie<2><[U:1:107910185]><>" slayed "CRITRAWKETS<5><BOT><>"
L 03/19/2021 - 09:45:48: [playercommands.smx] "Nezzie<2><[U:1:107910185]><>" slayed "Target Practice<7><BOT><>"
L 03/19/2021 - 09:45:48: [playercommands.smx] "Nezzie<2><[U:1:107910185]><>" slayed "Crowbar<8><BOT><>"
L 03/19/2021 - 09:45:48: [playercommands.smx] "Nezzie<2><[U:1:107910185]><>" slayed "Cannon Fodder<10><BOT><>"
L 03/19/2021 - 09:45:48: [playercommands.smx] "Nezzie<2><[U:1:107910185]><>" slayed "GENTLE MANNE of LEISURE<12><BOT><>"
L 03/19/2021 - 09:45:48: [playercommands.smx] "Nezzie<2><[U:1:107910185]><>" slayed "Force of Nature<14><BOT><>"
L 03/19/2021 - 09:45:48: [playercommands.smx] "Nezzie<2><[U:1:107910185]><>" slayed "SMELLY UNFORTUNATE<17><BOT><>"
L 03/19/2021 - 09:45:48: [playercommands.smx] "Nezzie<2><[U:1:107910185]><>" slayed "Mentlegen<18><BOT><>"
L 03/19/2021 - 09:45:48: [playercommands.smx] "Nezzie<2><[U:1:107910185]><>" slayed "Glorified Toaster with Legs<21><BOT><>"
L 03/19/2021 - 09:45:48: [playercommands.smx] "Nezzie<2><[U:1:107910185]><>" slayed "CryBaby<22><BOT><>"
L 03/19/2021 - 10:04:43: [mapchooser_extended.smx] Voting for next map has started.
L 03/19/2021 - 13:12:20: SourceMod log file session started (file "/home/frenzoid/TF2_FF2/tf/addons/sourcemod/logs/L20210319.log") (Version "1.10.0.6490")
L 03/19/2021 - 13:12:20: [TF2ITEMS] "GiveNamedItem" offset = 484
L 03/19/2021 - 13:12:20: [funcommandsX.smx] Game detected as Team Fortress 2: Source (GAME_TF2)
L 03/19/2021 - 13:12:20: [simple-chatprocessor.smx] [SCP] Recognized mod [Team Fortress 2].
L 03/19/2021 - 13:12:20: [simple-chatprocessor.smx] [SCP] Loading translation file [scp.tf.phrases].
L 03/19/2021 - 13:12:21: [freak_fortress_2.smx] Freak Fortress 2 199001 Loading...
L 03/19/2021 - 13:12:31: [mapchooser_extended.smx] Loaded map list for tf.
L 03/19/2021 - 14:23:05: [funcommands.smx] "Nezzie<2><[U:1:107910185]><>" set a TimeBomb on "MindlessElectrons<3><BOT><>"
L 03/19/2021 - 14:23:05: [funcommands.smx] "Nezzie<2><[U:1:107910185]><>" set a TimeBomb on "The Freeman<4><BOT><>"
L 03/19/2021 - 14:23:05: [funcommands.smx] "Nezzie<2><[U:1:107910185]><>" set a TimeBomb on "Soulless<5><BOT><>"
L 03/19/2021 - 14:23:05: [funcommands.smx] "Nezzie<2><[U:1:107910185]><>" set a TimeBomb on "BeepBeepBoop<6><BOT><>"
L 03/19/2021 - 14:23:05: [funcommands.smx] "Nezzie<2><[U:1:107910185]><>" set a TimeBomb on "CreditToTeam<7><BOT><>"
L 03/19/2021 - 14:23:05: [funcommands.smx] "Nezzie<2><[U:1:107910185]><>" set a TimeBomb on "Someone Else<8><BOT><>"
L 03/19/2021 - 14:23:05: [funcommands.smx] "Nezzie<2><[U:1:107910185]><>" set a TimeBomb on "Dog<9><BOT><>"
L 03/19/2021 - 14:23:05: [funcommands.smx] "Nezzie<2><[U:1:107910185]><>" set a TimeBomb on "AmNot<10><BOT><>"
L 03/19/2021 - 14:23:05: [funcommands.smx] "Nezzie<2><[U:1:107910185]><>" set a TimeBomb on "HI THERE<11><BOT><>"
L 03/19/2021 - 14:23:05: [funcommands.smx] "Nezzie<2><[U:1:107910185]><>" set a TimeBomb on "GLaDOS<12><BOT><>"
L 03/19/2021 - 14:23:05: [funcommands.smx] "Nezzie<2><[U:1:107910185]><>" set a TimeBomb on "Headful of Eyeballs<13><BOT><>"
L 03/19/2021 - 14:23:05: [funcommands.smx] "Nezzie<2><[U:1:107910185]><>" set a TimeBomb on "Aperture Science Prototype XR7<14><BOT><>"
L 03/19/2021 - 14:23:05: [funcommands.smx] "Nezzie<2><[U:1:107910185]><>" set a TimeBomb on "AimBot<15><BOT><>"
L 03/19/2021 - 14:23:05: [funcommands.smx] "Nezzie<2><[U:1:107910185]><>" set a TimeBomb on "GutsAndGlory!<16><BOT><>"
L 03/19/2021 - 14:23:05: [funcommands.smx] "Nezzie<2><[U:1:107910185]><>" set a TimeBomb on "Saxton Hale<17><BOT><>"
L 03/19/2021 - 14:23:05: [funcommands.smx] "Nezzie<2><[U:1:107910185]><>" set a TimeBomb on "Screamin' Eagles<18><BOT><>"
L 03/19/2021 - 14:23:05: [funcommands.smx] "Nezzie<2><[U:1:107910185]><>" set a TimeBomb on "Maggot<19><BOT><>"
L 03/19/2021 - 14:23:05: [funcommands.smx] "Nezzie<2><[U:1:107910185]><>" set a TimeBomb on "Herr Doktor<20><BOT><>"
L 03/19/2021 - 14:23:05: [funcommands.smx] "Nezzie<2><[U:1:107910185]><>" set a TimeBomb on "Companion Cube<21><BOT><>"
L 03/19/2021 - 14:23:05: [funcommands.smx] "Nezzie<2><[U:1:107910185]><>" set a TimeBomb on "One-Man Cheeseburger Apocalypse<22><BOT><>"
L 03/19/2021 - 14:23:15: [funcommands.smx] "Nezzie<2><[U:1:107910185]><>" removed a TimeBomb on "MindlessElectrons<3><BOT><>"
L 03/19/2021 - 14:23:15: [funcommands.smx] "Nezzie<2><[U:1:107910185]><>" removed a TimeBomb on "The Freeman<4><BOT><>"
L 03/19/2021 - 14:23:15: [funcommands.smx] "Nezzie<2><[U:1:107910185]><>" removed a TimeBomb on "Soulless<5><BOT><>"
L 03/19/2021 - 14:23:15: [funcommands.smx] "Nezzie<2><[U:1:107910185]><>" removed a TimeBomb on "BeepBeepBoop<6><BOT><>"
L 03/19/2021 - 14:23:15: [funcommands.smx] "Nezzie<2><[U:1:107910185]><>" removed a TimeBomb on "CreditToTeam<7><BOT><>"
L 03/19/2021 - 14:23:15: [funcommands.smx] "Nezzie<2><[U:1:107910185]><>" removed a TimeBomb on "Someone Else<8><BOT><>"
L 03/19/2021 - 14:23:15: [funcommands.smx] "Nezzie<2><[U:1:107910185]><>" removed a TimeBomb on "Dog<9><BOT><>"
L 03/19/2021 - 14:23:15: [funcommands.smx] "Nezzie<2><[U:1:107910185]><>" removed a TimeBomb on "AmNot<10><BOT><>"
L 03/19/2021 - 14:23:15: [funcommands.smx] "Nezzie<2><[U:1:107910185]><>" removed a TimeBomb on "HI THERE<11><BOT><>"
L 03/19/2021 - 14:23:15: [funcommands.smx] "Nezzie<2><[U:1:107910185]><>" removed a TimeBomb on "GLaDOS<12><BOT><>"
L 03/19/2021 - 14:23:15: [funcommands.smx] "Nezzie<2><[U:1:107910185]><>" removed a TimeBomb on "Headful of Eyeballs<13><BOT><>"
L 03/19/2021 - 14:23:15: [funcommands.smx] "Nezzie<2><[U:1:107910185]><>" removed a TimeBomb on "Aperture Science Prototype XR7<14><BOT><>"
L 03/19/2021 - 14:23:15: [funcommands.smx] "Nezzie<2><[U:1:107910185]><>" removed a TimeBomb on "AimBot<15><BOT><>"
L 03/19/2021 - 14:23:15: [funcommands.smx] "Nezzie<2><[U:1:107910185]><>" removed a TimeBomb on "GutsAndGlory!<16><BOT><>"
L 03/19/2021 - 14:23:15: [funcommands.smx] "Nezzie<2><[U:1:107910185]><>" removed a TimeBomb on "Saxton Hale<17><BOT><>"
L 03/19/2021 - 14:23:15: [funcommands.smx] "Nezzie<2><[U:1:107910185]><>" removed a TimeBomb on "Screamin' Eagles<18><BOT><>"
L 03/19/2021 - 14:23:15: [funcommands.smx] "Nezzie<2><[U:1:107910185]><>" removed a TimeBomb on "Maggot<19><BOT><>"
L 03/19/2021 - 14:23:15: [funcommands.smx] "Nezzie<2><[U:1:107910185]><>" removed a TimeBomb on "Herr Doktor<20><BOT><>"
L 03/19/2021 - 14:23:15: [funcommands.smx] "Nezzie<2><[U:1:107910185]><>" removed a TimeBomb on "Companion Cube<21><BOT><>"
L 03/19/2021 - 14:23:15: [funcommands.smx] "Nezzie<2><[U:1:107910185]><>" removed a TimeBomb on "One-Man Cheeseburger Apocalypse<22><BOT><>"
L 03/19/2021 - 14:23:20: [playercommands.smx] "Nezzie<2><[U:1:107910185]><>" slayed "One-Man Cheeseburger Apocalypse<22><BOT><>"
L 03/19/2021 - 14:23:57: [playercommands.smx] "Nezzie<2><[U:1:107910185]><>" slayed "puzzle<23><[U:1:136056777]><>"
L 03/19/2021 - 14:26:10: [mapchooser_extended.smx] Voting for next map has started.
L 03/19/2021 - 14:26:24: [mapchooser_extended.smx] Voting for next map has finished. Nextmap: vsh_area_54tress_b4.
L 03/19/2021 - 14:34:40: [basechat.smx] "Console<0><Console><Console>" triggered sm_say (text The round time has ended, omaewa-mou shindeiru)
L 03/19/2021 - 14:34:40: [playercommands.smx] "Console<0><Console><Console>" slayed "Nezzie<2><[U:1:107910185]><>"
L 03/19/2021 - 14:34:41: [playercommands.smx] "Console<0><Console><Console>" slayed "puzzle<23><[U:1:136056777]><>"
L 03/19/2021 - 14:36:38: [respawn.smx] "Nezzie<2><[U:1:107910185]><>" respawned "puzzle<23><[U:1:136056777]><>"
L 03/19/2021 - 14:38:09: [funcommandsX.smx] "Nezzie<2><[U:1:107910185]><>" teleported "Screamin' Eagles<18><BOT><>"
L 03/19/2021 - 14:38:11: [funcommandsX.smx] "Nezzie<2><[U:1:107910185]><>" teleported "The Freeman<4><BOT><>"
L 03/19/2021 - 14:38:17: [funcommandsX.smx] "Nezzie<2><[U:1:107910185]><>" teleported "puzzle<23><[U:1:136056777]><>"
L 03/19/2021 - 14:38:20: [funcommandsX.smx] "Nezzie<2><[U:1:107910185]><>" teleported "puzzle<23><[U:1:136056777]><>"
L 03/19/2021 - 14:38:23: [funcommandsX.smx] "Nezzie<2><[U:1:107910185]><>" teleported "puzzle<23><[U:1:136056777]><>"
L 03/19/2021 - 14:38:27: [funcommandsX.smx] "Nezzie<2><[U:1:107910185]><>" teleported "puzzle<23><[U:1:136056777]><>"
L 03/19/2021 - 14:38:31: [funcommandsX.smx] "Nezzie<2><[U:1:107910185]><>" teleported "puzzle<23><[U:1:136056777]><>"
L 03/19/2021 - 14:38:34: [funcommandsX.smx] "Nezzie<2><[U:1:107910185]><>" teleported "puzzle<23><[U:1:136056777]><>"
L 03/19/2021 - 14:38:58: [respawn.smx] "Nezzie<2><[U:1:107910185]><>" respawned "puzzle<23><[U:1:136056777]><>"
L 03/19/2021 - 14:39:39: [funcommandsX.smx] "Nezzie<2><[U:1:107910185]><>" teleported "Screamin' Eagles<18><BOT><>"
L 03/19/2021 - 14:40:45: [SM] Changed map to "vsh_area_54tress_b4"
L 03/19/2021 - 14:40:47: -------- Mapchange to vsh_area_54tress_b4 --------
L 03/19/2021 - 14:40:53: [mapchooser_extended.smx] Loaded map list for tf.
L 03/19/2021 - 14:43:14: [playercommands.smx] "Nezzie<2><[U:1:107910185]><>" slayed "trigger_hurt<27><BOT><>"
L 03/19/2021 - 14:43:14: [playercommands.smx] "Nezzie<2><[U:1:107910185]><>" slayed "Divide by Zero<28><BOT><>"
L 03/19/2021 - 14:43:14: [playercommands.smx] "Nezzie<2><[U:1:107910185]><>" slayed "MoreGun<29><BOT><>"
L 03/19/2021 - 14:43:14: [playercommands.smx] "Nezzie<2><[U:1:107910185]><>" slayed "Big Mean Muther Hubbard<30><BOT><>"
L 03/19/2021 - 14:43:14: [playercommands.smx] "Nezzie<2><[U:1:107910185]><>" slayed "Poopy Joe<32><BOT><>"
L 03/19/2021 - 14:43:14: [playercommands.smx] "Nezzie<2><[U:1:107910185]><>" slayed "The Administrator<34><BOT><>"
L 03/19/2021 - 14:43:14: [playercommands.smx] "Nezzie<2><[U:1:107910185]><>" slayed "Kill Me<37><BOT><>"
L 03/19/2021 - 14:43:14: [playercommands.smx] "Nezzie<2><[U:1:107910185]><>" slayed "Chucklenuts<38><BOT><>"
L 03/19/2021 - 14:43:14: [playercommands.smx] "Nezzie<2><[U:1:107910185]><>" slayed "Still Alive<40><BOT><>"
L 03/19/2021 - 14:43:14: [playercommands.smx] "Nezzie<2><[U:1:107910185]><>" slayed "H@XX0RZ<42><BOT><>"
L 03/19/2021 - 14:43:14: [playercommands.smx] "Nezzie<2><[U:1:107910185]><>" slayed "Totally Not A Bot<44><BOT><>"
L 03/19/2021 - 14:49:10: [respawn.smx] "Nezzie<2><[U:1:107910185]><>" respawned "Nezzie<2><[U:1:107910185]><>"
L 03/19/2021 - 14:49:10: [respawn.smx] "Nezzie<2><[U:1:107910185]><>" respawned "F1SH<45><[U:1:445849108]><>"
L 03/19/2021 - 14:51:32: [basechat.smx] "Console<0><Console><Console>" triggered sm_say (text The round time has ended, omaewa-mou shindeiru)
L 03/19/2021 - 14:51:32: [playercommands.smx] "Console<0><Console><Console>" slayed "Nezzie<2><[U:1:107910185]><>"
L 03/19/2021 - 14:51:32: [playercommands.smx] "Console<0><Console><Console>" slayed "Delicious Cake<25><BOT><>"
L 03/19/2021 - 14:51:32: [playercommands.smx] "Console<0><Console><Console>" slayed "I LIVE!<26><BOT><>"
L 03/19/2021 - 14:51:32: [playercommands.smx] "Console<0><Console><Console>" slayed "trigger_hurt<27><BOT><>"
L 03/19/2021 - 14:51:32: [playercommands.smx] "Console<0><Console><Console>" slayed "Divide by Zero<28><BOT><>"
L 03/19/2021 - 14:51:32: [playercommands.smx] "Console<0><Console><Console>" slayed "MoreGun<29><BOT><>"
L 03/19/2021 - 14:51:32: [playercommands.smx] "Console<0><Console><Console>" slayed "Big Mean Muther Hubbard<30><BOT><>"
L 03/19/2021 - 14:51:32: [playercommands.smx] "Console<0><Console><Console>" slayed "Crazed Gunman<31><BOT><>"
L 03/19/2021 - 14:51:32: [playercommands.smx] "Console<0><Console><Console>" slayed "Poopy Joe<32><BOT><>"
L 03/19/2021 - 14:51:32: [playercommands.smx] "Console<0><Console><Console>" slayed "Freakin' Unbelievable<33><BOT><>"
L 03/19/2021 - 14:51:32: [playercommands.smx] "Console<0><Console><Console>" slayed "The Administrator<34><BOT><>"
L 03/19/2021 - 14:51:32: [playercommands.smx] "Console<0><Console><Console>" slayed "Archimedes!<35><BOT><>"
L 03/19/2021 - 14:51:32: [playercommands.smx] "Console<0><Console><Console>" slayed "It's Filthy in There!<36><BOT><>"
L 03/19/2021 - 14:51:32: [playercommands.smx] "Console<0><Console><Console>" slayed "Kill Me<37><BOT><>"
L 03/19/2021 - 14:51:32: [playercommands.smx] "Console<0><Console><Console>" slayed "Chucklenuts<38><BOT><>"
L 03/19/2021 - 14:51:32: [playercommands.smx] "Console<0><Console><Console>" slayed "WITCH<39><BOT><>"
L 03/19/2021 - 14:51:32: [playercommands.smx] "Console<0><Console><Console>" slayed "Still Alive<40><BOT><>"
L 03/19/2021 - 14:51:32: [playercommands.smx] "Console<0><Console><Console>" slayed "Me<41><BOT><>"
L 03/19/2021 - 14:51:32: [playercommands.smx] "Console<0><Console><Console>" slayed "H@XX0RZ<42><BOT><>"
L 03/19/2021 - 14:51:32: [playercommands.smx] "Console<0><Console><Console>" slayed "Chell<43><BOT><>"
L 03/19/2021 - 14:51:32: [playercommands.smx] "Console<0><Console><Console>" slayed "Totally Not A Bot<44><BOT><>"
L 03/19/2021 - 14:51:32: [playercommands.smx] "Console<0><Console><Console>" slayed "puzzle<23><[U:1:136056777]><>"
L 03/19/2021 - 14:51:32: [playercommands.smx] "Console<0><Console><Console>" slayed "MrFrenzoid<24><[U:1:91292555]><>"
L 03/19/2021 - 14:51:32: [playercommands.smx] "Console<0><Console><Console>" slayed "F1SH<45><[U:1:445849108]><>"
L 03/19/2021 - 14:54:25: [respawn.smx] "Nezzie<2><[U:1:107910185]><>" respawned "Nezzie<2><[U:1:107910185]><>"
L 03/19/2021 - 14:54:25: [respawn.smx] "Nezzie<2><[U:1:107910185]><>" respawned "Dozii<46><[U:1:94212661]><>"
L 03/19/2021 - 14:55:50: [funcommands.smx] "Nezzie<2><[U:1:107910185]><>" toggled noclip on "Nezzie<2><[U:1:107910185]><>"
L 03/19/2021 - 14:55:55: [funcommands.smx] "Nezzie<2><[U:1:107910185]><>" toggled noclip on "Nezzie<2><[U:1:107910185]><>"
L 03/19/2021 - 14:59:50: [basechat.smx] "Console<0><Console><Console>" triggered sm_say (text The round time has ended, omaewa-mou shindeiru)
L 03/19/2021 - 14:59:50: [playercommands.smx] "Console<0><Console><Console>" slayed "Nezzie<2><[U:1:107910185]><>"
L 03/19/2021 - 14:59:50: [playercommands.smx] "Console<0><Console><Console>" slayed "Delicious Cake<25><BOT><>"
L 03/19/2021 - 14:59:50: [playercommands.smx] "Console<0><Console><Console>" slayed "I LIVE!<26><BOT><>"
L 03/19/2021 - 14:59:50: [playercommands.smx] "Console<0><Console><Console>" slayed "trigger_hurt<27><BOT><>"
L 03/19/2021 - 14:59:50: [playercommands.smx] "Console<0><Console><Console>" slayed "Divide by Zero<28><BOT><>"
L 03/19/2021 - 14:59:50: [playercommands.smx] "Console<0><Console><Console>" slayed "MoreGun<29><BOT><>"
L 03/19/2021 - 14:59:50: [playercommands.smx] "Console<0><Console><Console>" slayed "Big Mean Muther Hubbard<30><BOT><>"
L 03/19/2021 - 14:59:50: [playercommands.smx] "Console<0><Console><Console>" slayed "Crazed Gunman<31><BOT><>"
L 03/19/2021 - 14:59:50: [playercommands.smx] "Console<0><Console><Console>" slayed "Poopy Joe<32><BOT><>"
L 03/19/2021 - 14:59:50: [playercommands.smx] "Console<0><Console><Console>" slayed "Freakin' Unbelievable<33><BOT><>"
L 03/19/2021 - 14:59:50: [playercommands.smx] "Console<0><Console><Console>" slayed "The Administrator<34><BOT><>"
L 03/19/2021 - 14:59:50: [playercommands.smx] "Console<0><Console><Console>" slayed "Archimedes!<35><BOT><>"
L 03/19/2021 - 14:59:50: [playercommands.smx] "Console<0><Console><Console>" slayed "It's Filthy in There!<36><BOT><>"
L 03/19/2021 - 14:59:50: [playercommands.smx] "Console<0><Console><Console>" slayed "Kill Me<37><BOT><>"
L 03/19/2021 - 14:59:50: [playercommands.smx] "Console<0><Console><Console>" slayed "Chucklenuts<38><BOT><>"
L 03/19/2021 - 14:59:50: [playercommands.smx] "Console<0><Console><Console>" slayed "WITCH<39><BOT><>"
L 03/19/2021 - 14:59:50: [playercommands.smx] "Console<0><Console><Console>" slayed "Still Alive<40><BOT><>"
L 03/19/2021 - 14:59:50: [playercommands.smx] "Console<0><Console><Console>" slayed "Me<41><BOT><>"
L 03/19/2021 - 14:59:50: [playercommands.smx] "Console<0><Console><Console>" slayed "H@XX0RZ<42><BOT><>"
L 03/19/2021 - 14:59:50: [playercommands.smx] "Console<0><Console><Console>" slayed "Chell<43><BOT><>"
L 03/19/2021 - 14:59:50: [playercommands.smx] "Console<0><Console><Console>" slayed "Totally Not A Bot<44><BOT><>"
L 03/19/2021 - 14:59:50: [playercommands.smx] "Console<0><Console><Console>" slayed "puzzle<23><[U:1:136056777]><>"
L 03/19/2021 - 14:59:50: [playercommands.smx] "Console<0><Console><Console>" slayed "MrFrenzoid<24><[U:1:91292555]><>"
L 03/19/2021 - 14:59:50: [playercommands.smx] "Console<0><Console><Console>" slayed "F1SH<45><[U:1:445849108]><>"
L 03/19/2021 - 14:59:50: [playercommands.smx] "Console<0><Console><Console>" slayed "Dozii<46><[U:1:94212661]><>"
L 03/19/2021 - 15:01:08: [mapchooser_extended.smx] Voting for next map has started.
L 03/19/2021 - 15:01:29: [mapchooser_extended.smx] Voting for next map has finished. Nextmap: vsh_gyros_v5.
L 03/19/2021 - 15:01:47: [respawn.smx] "Nezzie<2><[U:1:107910185]><>" respawned "Nezzie<2><[U:1:107910185]><>"
L 03/19/2021 - 15:03:25: [respawn.smx] "Nezzie<2><[U:1:107910185]><>" respawned "Dozii<46><[U:1:94212661]><>"
L 03/19/2021 - 15:05:25: [respawn.smx] "Nezzie<2><[U:1:107910185]><>" respawned "F1SH<45><[U:1:445849108]><>"
L 03/19/2021 - 15:05:30: [respawn.smx] "Nezzie<2><[U:1:107910185]><>" respawned "MrFrenzoid<24><[U:1:91292555]><>"
L 03/19/2021 - 15:06:42: [playercommands.smx] "Nezzie<2><[U:1:107910185]><>" slayed "MoreGun<29><BOT><>"
L 03/19/2021 - 15:07:06: [playercommands.smx] "Nezzie<2><[U:1:107910185]><>" slayed "trigger_hurt<27><BOT><>"
L 03/19/2021 - 15:08:04: [funcommandsX.smx] "MrFrenzoid<24><[U:1:91292555]><>" enabled disco mode
L 03/19/2021 - 15:08:24: [funcommandsX.smx] "Nezzie<2><[U:1:107910185]><>" teleported "Delicious Cake<25><BOT><>"
L 03/19/2021 - 15:08:25: [funcommandsX.smx] "Nezzie<2><[U:1:107910185]><>" teleported "I LIVE!<26><BOT><>"
L 03/19/2021 - 15:08:26: [funcommandsX.smx] "Nezzie<2><[U:1:107910185]><>" teleported "trigger_hurt<27><BOT><>"
L 03/19/2021 - 15:08:27: [funcommandsX.smx] "Nezzie<2><[U:1:107910185]><>" teleported "Divide by Zero<28><BOT><>"
L 03/19/2021 - 15:08:27: [funcommandsX.smx] "Nezzie<2><[U:1:107910185]><>" teleported "MoreGun<29><BOT><>"
L 03/19/2021 - 15:08:28: [funcommandsX.smx] "Nezzie<2><[U:1:107910185]><>" teleported "Big Mean Muther Hubbard<30><BOT><>"
L 03/19/2021 - 15:08:30: [funcommandsX.smx] "Nezzie<2><[U:1:107910185]><>" teleported "Crazed Gunman<31><BOT><>"
L 03/19/2021 - 15:08:32: [funcommandsX.smx] "Nezzie<2><[U:1:107910185]><>" teleported "Poopy Joe<32><BOT><>"
L 03/19/2021 - 15:10:11: [respawn.smx] "Nezzie<2><[U:1:107910185]><>" respawned "Dozii<46><[U:1:94212661]><>"
L 03/19/2021 - 15:10:40: [respawn.smx] "Nezzie<2><[U:1:107910185]><>" respawned "Dozii<46><[U:1:94212661]><>"
L 03/19/2021 - 15:13:59: [SM] Changed map to "vsh_gyros_v5"
L 03/19/2021 - 15:14:02: -------- Mapchange to vsh_gyros_v5 --------
L 03/19/2021 - 15:14:09: [mapchooser_extended.smx] Loaded map list for tf.
L 03/19/2021 - 15:16:34: [respawn.smx] "MrFrenzoid<68><[U:1:91292555]><>" respawned "MrFrenzoid<68><[U:1:91292555]><>"
L 03/19/2021 - 15:16:55: [funcommandsX.smx] "MrFrenzoid<68><[U:1:91292555]><>" teleported "MindlessElectrons<51><BOT><>"
L 03/19/2021 - 15:18:57: [funcommandsX.smx] "MrFrenzoid<68><[U:1:91292555]><>" teleported "Nezzie<2><[U:1:107910185]><>"
L 03/19/2021 - 15:18:57: [funcommandsX.smx] "MrFrenzoid<68><[U:1:91292555]><>" teleported "Zepheniah Mann<48><BOT><>"
L 03/19/2021 - 15:18:57: [funcommandsX.smx] "MrFrenzoid<68><[U:1:91292555]><>" teleported "LOS LOS LOS<49><BOT><>"
L 03/19/2021 - 15:18:57: [funcommandsX.smx] "MrFrenzoid<68><[U:1:91292555]><>" teleported "MindlessElectrons<51><BOT><>"
L 03/19/2021 - 15:18:57: [funcommandsX.smx] "MrFrenzoid<68><[U:1:91292555]><>" teleported "Soulless<53><BOT><>"
L 03/19/2021 - 15:18:57: [funcommandsX.smx] "MrFrenzoid<68><[U:1:91292555]><>" teleported "BeepBeepBoop<54><BOT><>"
L 03/19/2021 - 15:18:57: [funcommandsX.smx] "MrFrenzoid<68><[U:1:91292555]><>" teleported "CreditToTeam<55><BOT><>"
L 03/19/2021 - 15:18:57: [funcommandsX.smx] "MrFrenzoid<68><[U:1:91292555]><>" teleported "Someone Else<56><BOT><>"
L 03/19/2021 - 15:18:57: [funcommandsX.smx] "MrFrenzoid<68><[U:1:91292555]><>" teleported "Dog<57><BOT><>"
L 03/19/2021 - 15:18:57: [funcommandsX.smx] "MrFrenzoid<68><[U:1:91292555]><>" teleported "AmNot<58><BOT><>"
L 03/19/2021 - 15:18:57: [funcommandsX.smx] "MrFrenzoid<68><[U:1:91292555]><>" teleported "HI THERE<59><BOT><>"
L 03/19/2021 - 15:18:57: [funcommandsX.smx] "MrFrenzoid<68><[U:1:91292555]><>" teleported "GLaDOS<60><BOT><>"
L 03/19/2021 - 15:18:57: [funcommandsX.smx] "MrFrenzoid<68><[U:1:91292555]><>" teleported "Headful of Eyeballs<61><BOT><>"
L 03/19/2021 - 15:18:57: [funcommandsX.smx] "MrFrenzoid<68><[U:1:91292555]><>" teleported "Aperture Science Prototype XR7<62><BOT><>"
L 03/19/2021 - 15:18:57: [funcommandsX.smx] "MrFrenzoid<68><[U:1:91292555]><>" teleported "AimBot<63><BOT><>"
L 03/19/2021 - 15:18:57: [funcommandsX.smx] "MrFrenzoid<68><[U:1:91292555]><>" teleported "GutsAndGlory!<64><BOT><>"
L 03/19/2021 - 15:18:57: [funcommandsX.smx] "MrFrenzoid<68><[U:1:91292555]><>" teleported "Screamin' Eagles<66><BOT><>"
L 03/19/2021 - 15:18:57: [funcommandsX.smx] "MrFrenzoid<68><[U:1:91292555]><>" teleported "Maggot<67><BOT><>"
L 03/19/2021 - 15:18:57: [funcommandsX.smx] "MrFrenzoid<68><[U:1:91292555]><>" teleported "puzzle<23><[U:1:136056777]><>"
L 03/19/2021 - 15:18:57: [funcommandsX.smx] "MrFrenzoid<68><[U:1:91292555]><>" teleported "MrFrenzoid<68><[U:1:91292555]><>"
L 03/19/2021 - 15:18:57: [funcommandsX.smx] "MrFrenzoid<68><[U:1:91292555]><>" teleported "F1SH<45><[U:1:445849108]><>"
L 03/19/2021 - 15:18:57: [funcommandsX.smx] "MrFrenzoid<68><[U:1:91292555]><>" teleported "Dozii<46><[U:1:94212661]><>"
L 03/19/2021 - 15:25:19: [funcommandsX.smx] "MrFrenzoid<68><[U:1:91292555]><>" teleported "Nezzie<2><[U:1:107910185]><>"
L 03/19/2021 - 15:25:19: [funcommandsX.smx] "MrFrenzoid<68><[U:1:91292555]><>" teleported "Zepheniah Mann<48><BOT><>"
L 03/19/2021 - 15:25:19: [funcommandsX.smx] "MrFrenzoid<68><[U:1:91292555]><>" teleported "LOS LOS LOS<49><BOT><>"
L 03/19/2021 - 15:25:19: [funcommandsX.smx] "MrFrenzoid<68><[U:1:91292555]><>" teleported "DeadHead<50><BOT><>"
L 03/19/2021 - 15:25:19: [funcommandsX.smx] "MrFrenzoid<68><[U:1:91292555]><>" teleported "MindlessElectrons<51><BOT><>"
L 03/19/2021 - 15:25:19: [funcommandsX.smx] "MrFrenzoid<68><[U:1:91292555]><>" teleported "The Freeman<52><BOT><>"
L 03/19/2021 - 15:25:19: [funcommandsX.smx] "MrFrenzoid<68><[U:1:91292555]><>" teleported "Soulless<53><BOT><>"
L 03/19/2021 - 15:25:19: [funcommandsX.smx] "MrFrenzoid<68><[U:1:91292555]><>" teleported "BeepBeepBoop<54><BOT><>"
L 03/19/2021 - 15:25:19: [funcommandsX.smx] "MrFrenzoid<68><[U:1:91292555]><>" teleported "CreditToTeam<55><BOT><>"
L 03/19/2021 - 15:25:19: [funcommandsX.smx] "MrFrenzoid<68><[U:1:91292555]><>" teleported "Someone Else<56><BOT><>"
L 03/19/2021 - 15:25:19: [funcommandsX.smx] "MrFrenzoid<68><[U:1:91292555]><>" teleported "Dog<57><BOT><>"
L 03/19/2021 - 15:25:19: [funcommandsX.smx] "MrFrenzoid<68><[U:1:91292555]><>" teleported "AmNot<58><BOT><>"
L 03/19/2021 - 15:25:19: [funcommandsX.smx] "MrFrenzoid<68><[U:1:91292555]><>" teleported "HI THERE<59><BOT><>"
L 03/19/2021 - 15:25:19: [funcommandsX.smx] "MrFrenzoid<68><[U:1:91292555]><>" teleported "GLaDOS<60><BOT><>"
L 03/19/2021 - 15:25:19: [funcommandsX.smx] "MrFrenzoid<68><[U:1:91292555]><>" teleported "Headful of Eyeballs<61><BOT><>"
L 03/19/2021 - 15:25:19: [funcommandsX.smx] "MrFrenzoid<68><[U:1:91292555]><>" teleported "Aperture Science Prototype XR7<62><BOT><>"
L 03/19/2021 - 15:25:19: [funcommandsX.smx] "MrFrenzoid<68><[U:1:91292555]><>" teleported "AimBot<63><BOT><>"
L 03/19/2021 - 15:25:19: [funcommandsX.smx] "MrFrenzoid<68><[U:1:91292555]><>" teleported "GutsAndGlory!<64><BOT><>"
L 03/19/2021 - 15:25:19: [funcommandsX.smx] "MrFrenzoid<68><[U:1:91292555]><>" teleported "Saxton Hale<65><BOT><>"
L 03/19/2021 - 15:25:19: [funcommandsX.smx] "MrFrenzoid<68><[U:1:91292555]><>" teleported "Screamin' Eagles<66><BOT><>"
L 03/19/2021 - 15:25:19: [funcommandsX.smx] "MrFrenzoid<68><[U:1:91292555]><>" teleported "Maggot<67><BOT><>"
L 03/19/2021 - 15:25:19: [funcommandsX.smx] "MrFrenzoid<68><[U:1:91292555]><>" teleported "puzzle<23><[U:1:136056777]><>"
L 03/19/2021 - 15:25:19: [funcommandsX.smx] "MrFrenzoid<68><[U:1:91292555]><>" teleported "MrFrenzoid<68><[U:1:91292555]><>"
L 03/19/2021 - 15:25:19: [funcommandsX.smx] "MrFrenzoid<68><[U:1:91292555]><>" teleported "F1SH<45><[U:1:445849108]><>"
L 03/19/2021 - 15:25:19: [funcommandsX.smx] "MrFrenzoid<68><[U:1:91292555]><>" teleported "Dozii<46><[U:1:94212661]><>"
L 03/19/2021 - 15:25:39: [basechat.smx] "Nezzie<2><[U:1:107910185]><>" triggered sm_msay (text save us)
L 03/19/2021 - 15:26:35: [funcommandsX.smx] "MrFrenzoid<68><[U:1:91292555]><>" enabled disco mode
L 03/19/2021 - 15:27:23: [respawn.smx] "MrFrenzoid<68><[U:1:91292555]><>" respawned "F1SH<45><[U:1:445849108]><>"
L 03/19/2021 - 15:27:45: [funcommandsX.smx] "MrFrenzoid<68><[U:1:91292555]><>" set alpha on "MrFrenzoid<68><[U:1:91292555]><>" to 50
L 03/19/2021 - 15:28:01: [funcommandsX.smx] "Nezzie<2><[U:1:107910185]><>" set alpha on "Nezzie<2><[U:1:107910185]><>" to 50
L 03/19/2021 - 15:28:08: [funcommandsX.smx] "Nezzie<2><[U:1:107910185]><>" set alpha on "Nezzie<2><[U:1:107910185]><>" to 0
L 03/19/2021 - 15:28:57: [funcommandsX.smx] "MrFrenzoid<68><[U:1:91292555]><>" set alpha on "MrFrenzoid<68><[U:1:91292555]><>" to 255
L 03/19/2021 - 15:29:46: [funcommandsX.smx] "MrFrenzoid<68><[U:1:91292555]><>" set alpha on "MrFrenzoid<68><[U:1:91292555]><>" to 0
L 03/19/2021 - 15:29:56: [funcommandsX.smx] "MrFrenzoid<68><[U:1:91292555]><>" set alpha on "MrFrenzoid<68><[U:1:91292555]><>" to 200
L 03/19/2021 - 15:30:00: [funcommandsX.smx] "MrFrenzoid<68><[U:1:91292555]><>" set alpha on "MrFrenzoid<68><[U:1:91292555]><>" to 255
L 03/19/2021 - 15:32:26: [SetSpeed.smx] "MrFrenzoid<68><[U:1:91292555]><>" set speed of  "MrFrenzoid<68><[U:1:91292555]><>" to (520.000000)
L 03/19/2021 - 15:34:23: [respawn.smx] "Nezzie<2><[U:1:107910185]><>" respawned "Nezzie<2><[U:1:107910185]><>"
L 03/19/2021 - 15:34:27: [mapchooser_extended.smx] Voting for next map has started.
L 03/19/2021 - 15:35:00: [funcommandsX.smx] "Nezzie<2><[U:1:107910185]><>" set alpha on "Nezzie<2><[U:1:107910185]><>" to 255
L 03/19/2021 - 15:36:15: [respawn.smx] "Nezzie<2><[U:1:107910185]><>" respawned "Dozii<46><[U:1:94212661]><>"
L 03/19/2021 - 15:38:52: [respawn.smx] "MrFrenzoid<68><[U:1:91292555]><>" respawned "MrFrenzoid<68><[U:1:91292555]><>"
L 03/19/2021 - 15:38:57: [respawn.smx] "Nezzie<2><[U:1:107910185]><>" respawned "Nezzie<2><[U:1:107910185]><>"
L 03/19/2021 - 15:39:09: [respawn.smx] "Nezzie<2><[U:1:107910185]><>" respawned "Dozii<46><[U:1:94212661]><>"
L 03/19/2021 - 15:39:13: [funcommandsX.smx] "Nezzie<2><[U:1:107910185]><>" teleported "Dozii<46><[U:1:94212661]><>"
L 03/19/2021 - 15:39:15: [funcommandsX.smx] "Nezzie<2><[U:1:107910185]><>" teleported "DeadHead<50><BOT><>"
L 03/19/2021 - 15:40:16: [respawn.smx] "Nezzie<2><[U:1:107910185]><>" respawned "Dozii<46><[U:1:94212661]><>"
L 03/19/2021 - 15:40:21: [funcommandsX.smx] "Nezzie<2><[U:1:107910185]><>" teleported "Dozii<46><[U:1:94212661]><>"
L 03/19/2021 - 15:40:33: [funcommandsX.smx] "Nezzie<2><[U:1:107910185]><>" teleported "Dozii<46><[U:1:94212661]><>"
L 03/19/2021 - 15:41:15: [basechat.smx] "Console<0><Console><Console>" triggered sm_say (text The round time has ended, omaewa-mou shindeiru)
L 03/19/2021 - 15:41:15: [playercommands.smx] "Console<0><Console><Console>" slayed "Nezzie<2><[U:1:107910185]><>"
L 03/19/2021 - 15:41:15: [playercommands.smx] "Console<0><Console><Console>" slayed "Zepheniah Mann<48><BOT><>"
L 03/19/2021 - 15:41:15: [playercommands.smx] "Console<0><Console><Console>" slayed "LOS LOS LOS<49><BOT><>"
L 03/19/2021 - 15:41:15: [playercommands.smx] "Console<0><Console><Console>" slayed "DeadHead<50><BOT><>"
L 03/19/2021 - 15:41:15: [playercommands.smx] "Console<0><Console><Console>" slayed "MindlessElectrons<51><BOT><>"
L 03/19/2021 - 15:41:15: [playercommands.smx] "Console<0><Console><Console>" slayed "The Freeman<52><BOT><>"
L 03/19/2021 - 15:41:15: [playercommands.smx] "Console<0><Console><Console>" slayed "Soulless<53><BOT><>"
L 03/19/2021 - 15:41:15: [playercommands.smx] "Console<0><Console><Console>" slayed "BeepBeepBoop<54><BOT><>"
L 03/19/2021 - 15:41:15: [playercommands.smx] "Console<0><Console><Console>" slayed "CreditToTeam<55><BOT><>"
L 03/19/2021 - 15:41:15: [playercommands.smx] "Console<0><Console><Console>" slayed "Someone Else<56><BOT><>"
L 03/19/2021 - 15:41:15: [playercommands.smx] "Console<0><Console><Console>" slayed "Dog<57><BOT><>"
L 03/19/2021 - 15:41:15: [playercommands.smx] "Console<0><Console><Console>" slayed "AmNot<58><BOT><>"
L 03/19/2021 - 15:41:15: [playercommands.smx] "Console<0><Console><Console>" slayed "HI THERE<59><BOT><>"
L 03/19/2021 - 15:41:15: [playercommands.smx] "Console<0><Console><Console>" slayed "GLaDOS<60><BOT><>"
L 03/19/2021 - 15:41:15: [playercommands.smx] "Console<0><Console><Console>" slayed "Headful of Eyeballs<61><BOT><>"
L 03/19/2021 - 15:41:15: [playercommands.smx] "Console<0><Console><Console>" slayed "Aperture Science Prototype XR7<62><BOT><>"
L 03/19/2021 - 15:41:15: [playercommands.smx] "Console<0><Console><Console>" slayed "AimBot<63><BOT><>"
L 03/19/2021 - 15:41:15: [playercommands.smx] "Console<0><Console><Console>" slayed "GutsAndGlory!<64><BOT><>"
L 03/19/2021 - 15:41:15: [playercommands.smx] "Console<0><Console><Console>" slayed "Saxton Hale<65><BOT><>"
L 03/19/2021 - 15:41:15: [playercommands.smx] "Console<0><Console><Console>" slayed "Screamin' Eagles<66><BOT><>"
L 03/19/2021 - 15:41:15: [playercommands.smx] "Console<0><Console><Console>" slayed "Maggot<67><BOT><>"
L 03/19/2021 - 15:41:15: [playercommands.smx] "Console<0><Console><Console>" slayed "puzzle<23><[U:1:136056777]><>"
L 03/19/2021 - 15:41:15: [playercommands.smx] "Console<0><Console><Console>" slayed "MrFrenzoid<68><[U:1:91292555]><>"
L 03/19/2021 - 15:41:15: [playercommands.smx] "Console<0><Console><Console>" slayed "F1SH<45><[U:1:445849108]><>"
L 03/19/2021 - 15:41:15: [playercommands.smx] "Console<0><Console><Console>" slayed "Dozii<46><[U:1:94212661]><>"
L 03/19/2021 - 15:42:39: [funcommandsX.smx] "Nezzie<2><[U:1:107910185]><>" teleported "F1SH<45><[U:1:445849108]><>"
L 03/19/2021 - 15:43:40: [respawn.smx] "Nezzie<2><[U:1:107910185]><>" respawned "F1SH<45><[U:1:445849108]><>"
L 03/19/2021 - 15:43:40: [respawn.smx] "Nezzie<2><[U:1:107910185]><>" respawned "Dozii<46><[U:1:94212661]><>"
L 03/19/2021 - 15:45:14: [respawn.smx] "Nezzie<2><[U:1:107910185]><>" respawned "Nezzie<2><[U:1:107910185]><>"
L 03/19/2021 - 15:45:14: [respawn.smx] "Nezzie<2><[U:1:107910185]><>" respawned "Dozii<46><[U:1:94212661]><>"
L 03/19/2021 - 15:46:12: [respawn.smx] "F1SH<45><[U:1:445849108]><>" respawned "F1SH<45><[U:1:445849108]><>"
L 03/19/2021 - 15:46:14: [respawn.smx] "Nezzie<2><[U:1:107910185]><>" respawned "Nezzie<2><[U:1:107910185]><>"
L 03/19/2021 - 15:46:14: [respawn.smx] "Nezzie<2><[U:1:107910185]><>" respawned "Dozii<46><[U:1:94212661]><>"
L 03/19/2021 - 15:46:25: [respawn.smx] "F1SH<45><[U:1:445849108]><>" respawned "F1SH<45><[U:1:445849108]><>"
L 03/19/2021 - 15:46:50: [playercommands.smx] "Nezzie<2><[U:1:107910185]><>" slayed "F1SH<45><[U:1:445849108]><>"
L 03/19/2021 - 15:47:13: [respawn.smx] "Nezzie<2><[U:1:107910185]><>" respawned "Nezzie<2><[U:1:107910185]><>"
L 03/19/2021 - 15:47:13: [respawn.smx] "Nezzie<2><[U:1:107910185]><>" respawned "F1SH<45><[U:1:445849108]><>"
L 03/19/2021 - 15:47:13: [respawn.smx] "Nezzie<2><[U:1:107910185]><>" respawned "Dozii<46><[U:1:94212661]><>"
L 03/19/2021 - 15:47:32: [funcommandsX.smx] "Nezzie<2><[U:1:107910185]><>" teleported "Nezzie<2><[U:1:107910185]><>"
L 03/19/2021 - 15:47:39: [respawn.smx] "MrFrenzoid<68><[U:1:91292555]><>" respawned "MrFrenzoid<68><[U:1:91292555]><>"
L 03/19/2021 - 15:47:39: [respawn.smx] "MrFrenzoid<68><[U:1:91292555]><>" respawned "puzzle<23><[U:1:136056777]><>"
L 03/19/2021 - 15:48:39: [respawn.smx] "F1SH<45><[U:1:445849108]><>" respawned "F1SH<45><[U:1:445849108]><>"
L 03/19/2021 - 15:49:33: [basechat.smx] "Console<0><Console><Console>" triggered sm_say (text The round time has ended, omaewa-mou shindeiru)
L 03/19/2021 - 15:49:33: [playercommands.smx] "Console<0><Console><Console>" slayed "Nezzie<2><[U:1:107910185]><>"
L 03/19/2021 - 15:49:33: [playercommands.smx] "Console<0><Console><Console>" slayed "Zepheniah Mann<48><BOT><>"
L 03/19/2021 - 15:49:33: [playercommands.smx] "Console<0><Console><Console>" slayed "LOS LOS LOS<49><BOT><>"
L 03/19/2021 - 15:49:33: [playercommands.smx] "Console<0><Console><Console>" slayed "DeadHead<50><BOT><>"
L 03/19/2021 - 15:49:33: [playercommands.smx] "Console<0><Console><Console>" slayed "MindlessElectrons<51><BOT><>"
L 03/19/2021 - 15:49:33: [playercommands.smx] "Console<0><Console><Console>" slayed "The Freeman<52><BOT><>"
L 03/19/2021 - 15:49:33: [playercommands.smx] "Console<0><Console><Console>" slayed "Soulless<53><BOT><>"
L 03/19/2021 - 15:49:33: [playercommands.smx] "Console<0><Console><Console>" slayed "BeepBeepBoop<54><BOT><>"
L 03/19/2021 - 15:49:33: [playercommands.smx] "Console<0><Console><Console>" slayed "CreditToTeam<55><BOT><>"
L 03/19/2021 - 15:49:33: [playercommands.smx] "Console<0><Console><Console>" slayed "Someone Else<56><BOT><>"
L 03/19/2021 - 15:49:33: [playercommands.smx] "Console<0><Console><Console>" slayed "Dog<57><BOT><>"
L 03/19/2021 - 15:49:33: [playercommands.smx] "Console<0><Console><Console>" slayed "AmNot<58><BOT><>"
L 03/19/2021 - 15:49:33: [playercommands.smx] "Console<0><Console><Console>" slayed "HI THERE<59><BOT><>"
L 03/19/2021 - 15:49:33: [playercommands.smx] "Console<0><Console><Console>" slayed "GLaDOS<60><BOT><>"
L 03/19/2021 - 15:49:33: [playercommands.smx] "Console<0><Console><Console>" slayed "Headful of Eyeballs<61><BOT><>"
L 03/19/2021 - 15:49:33: [playercommands.smx] "Console<0><Console><Console>" slayed "Aperture Science Prototype XR7<62><BOT><>"
L 03/19/2021 - 15:49:33: [playercommands.smx] "Console<0><Console><Console>" slayed "AimBot<63><BOT><>"
L 03/19/2021 - 15:49:33: [playercommands.smx] "Console<0><Console><Console>" slayed "GutsAndGlory!<64><BOT><>"
L 03/19/2021 - 15:49:33: [playercommands.smx] "Console<0><Console><Console>" slayed "Saxton Hale<65><BOT><>"
L 03/19/2021 - 15:49:33: [playercommands.smx] "Console<0><Console><Console>" slayed "Screamin' Eagles<66><BOT><>"
L 03/19/2021 - 15:49:33: [playercommands.smx] "Console<0><Console><Console>" slayed "Maggot<67><BOT><>"
L 03/19/2021 - 15:49:33: [playercommands.smx] "Console<0><Console><Console>" slayed "MrFrenzoid<68><[U:1:91292555]><>"
L 03/19/2021 - 15:49:33: [playercommands.smx] "Console<0><Console><Console>" slayed "F1SH<45><[U:1:445849108]><>"
L 03/19/2021 - 15:49:33: [playercommands.smx] "Console<0><Console><Console>" slayed "Dozii<46><[U:1:94212661]><>"
L 03/19/2021 - 15:49:51: [SM] Changed map to "vsh_skyhigh_resort_b8_sg4"
L 03/19/2021 - 15:49:53: -------- Mapchange to vsh_skyhigh_resort_b8_sg4 --------
L 03/19/2021 - 15:50:00: [mapchooser_extended.smx] Loaded map list for tf.
L 03/19/2021 - 15:51:00: [respawn.smx] "MrFrenzoid<68><[U:1:91292555]><>" respawned "puzzle<23><[U:1:136056777]><>"
L 03/19/2021 - 15:51:01: [respawn.smx] "MrFrenzoid<68><[U:1:91292555]><>" respawned "MrFrenzoid<68><[U:1:91292555]><>"
L 03/19/2021 - 15:51:02: [respawn.smx] "MrFrenzoid<68><[U:1:91292555]><>" respawned "F1SH<45><[U:1:445849108]><>"
L 03/19/2021 - 15:51:02: [respawn.smx] "MrFrenzoid<68><[U:1:91292555]><>" respawned "Dozii<46><[U:1:94212661]><>"
L 03/19/2021 - 15:52:17: [respawn.smx] "Nezzie<2><[U:1:107910185]><>" respawned "Nezzie<2><[U:1:107910185]><>"
L 03/19/2021 - 15:52:17: [respawn.smx] "Nezzie<2><[U:1:107910185]><>" respawned "Divide by Zero<75><BOT><>"
L 03/19/2021 - 15:52:17: [respawn.smx] "Nezzie<2><[U:1:107910185]><>" respawned "MoreGun<76><BOT><>"
L 03/19/2021 - 15:52:17: [respawn.smx] "Nezzie<2><[U:1:107910185]><>" respawned "Crazed Gunman<78><BOT><>"
L 03/19/2021 - 15:52:17: [respawn.smx] "Nezzie<2><[U:1:107910185]><>" respawned "Still Alive<87><BOT><>"
L 03/19/2021 - 15:52:17: [respawn.smx] "Nezzie<2><[U:1:107910185]><>" respawned "Dozii<46><[U:1:94212661]><>"
L 03/19/2021 - 15:54:07: [respawn.smx] "MrFrenzoid<68><[U:1:91292555]><>" respawned "Nezzie<2><[U:1:107910185]><>"
L 03/19/2021 - 15:54:08: [respawn.smx] "MrFrenzoid<68><[U:1:91292555]><>" respawned "puzzle<23><[U:1:136056777]><>"
L 03/19/2021 - 15:54:10: [respawn.smx] "MrFrenzoid<68><[U:1:91292555]><>" respawned "MrFrenzoid<68><[U:1:91292555]><>"
L 03/19/2021 - 15:54:12: [respawn.smx] "MrFrenzoid<68><[U:1:91292555]><>" respawned "F1SH<45><[U:1:445849108]><>"
L 03/19/2021 - 15:55:50: [respawn.smx] "Nezzie<2><[U:1:107910185]><>" respawned "Nezzie<2><[U:1:107910185]><>"
L 03/19/2021 - 15:57:02: [respawn.smx] "F1SH<45><[U:1:445849108]><>" respawned "F1SH<45><[U:1:445849108]><>"
L 03/19/2021 - 15:58:32: [funcommandsX.smx] "MrFrenzoid<68><[U:1:91292555]><>" made "Nezzie<2><[U:1:107910185]><>" Happy
L 03/19/2021 - 15:59:11: [basechat.smx] "Nezzie<2><[U:1:107910185]><>" triggered sm_msay (text why must you do this to me)
L 03/19/2021 - 15:59:20: [basechat.smx] "Nezzie<2><[U:1:107910185]><>" triggered sm_msay (text shut ur face)
L 03/19/2021 - 15:59:43: [basechat.smx] "Nezzie<2><[U:1:107910185]><>" triggered sm_msay (text theres a specific menu option that isnt bound by default that can close ANY menu)
L 03/19/2021 - 16:00:04: [funcommandsX.smx] "Nezzie<2><[U:1:107910185]><>" made "Nezzie<2><[U:1:107910185]><>" Unhappy
L 03/19/2021 - 16:00:10: [funcommandsX.smx] "MrFrenzoid<68><[U:1:91292555]><>" made "Nezzie<2><[U:1:107910185]><>" Happy
L 03/19/2021 - 16:00:15: [basechat.smx] "Nezzie<2><[U:1:107910185]><>" triggered sm_msay (text cyka)
L 03/19/2021 - 16:00:32: [funcommandsX.smx] "MrFrenzoid<68><[U:1:91292555]><>" made "Dozii<46><[U:1:94212661]><>" Happy
L 03/19/2021 - 16:00:32: [funcommandsX.smx] "Nezzie<2><[U:1:107910185]><>" made "Nezzie<2><[U:1:107910185]><>" Unhappy
L 03/19/2021 - 16:00:34: [funcommandsX.smx] "Nezzie<2><[U:1:107910185]><>" made "F1SH<45><[U:1:445849108]><>" Happy
L 03/19/2021 - 16:01:52: [funcommandsX.smx] "MrFrenzoid<68><[U:1:91292555]><>" made "MrFrenzoid<68><[U:1:91292555]><>" Happy
L 03/19/2021 - 16:02:45: SourceMod log file session started (file "/home/frenzoid/TF2_FF2/tf/addons/sourcemod/logs/L20210319.log") (Version "1.10.0.6490")
L 03/19/2021 - 16:02:45: [TF2ITEMS] "GiveNamedItem" offset = 484
L 03/19/2021 - 16:02:46: [funcommandsX.smx] Game detected as Team Fortress 2: Source (GAME_TF2)
L 03/19/2021 - 16:02:46: [simple-chatprocessor.smx] [SCP] Recognized mod [Team Fortress 2].
L 03/19/2021 - 16:02:46: [simple-chatprocessor.smx] [SCP] Loading translation file [scp.tf.phrases].
L 03/19/2021 - 16:02:46: [freak_fortress_2.smx] Freak Fortress 2 199001 Loading...
L 03/19/2021 - 16:02:56: [mapchooser_extended.smx] Loaded map list for tf.
L 03/19/2021 - 16:22:10: [basechat.smx] "Console<0><Console><Console>" triggered sm_say (text The round time has ended, omaewa-mou shindeiru)
L 03/19/2021 - 16:22:10: [playercommands.smx] "Console<0><Console><Console>" slayed "MrFrenzoid<3><[U:1:91292555]><>"
L 03/19/2021 - 16:22:10: [playercommands.smx] "Console<0><Console><Console>" slayed "Nezzie<4><[U:1:107910185]><>"
L 03/19/2021 - 16:22:10: [playercommands.smx] "Console<0><Console><Console>" slayed "puzzle<5><[U:1:136056777]><>"
L 03/19/2021 - 16:22:10: [playercommands.smx] "Console<0><Console><Console>" slayed "Dozii<6><[U:1:94212661]><>"
L 03/19/2021 - 16:23:23: [mapchooser_extended.smx] Voting for next map has started.
L 03/19/2021 - 16:23:43: [mapchooser_extended.smx] Voting for next map has finished. Nextmap: vsh_cactustemple_v1.
L 03/19/2021 - 16:24:31: [respawn.smx] "Nezzie<4><[U:1:107910185]><>" respawned "Dozii<6><[U:1:94212661]><>"
L 03/19/2021 - 16:30:52: [basechat.smx] "Console<0><Console><Console>" triggered sm_say (text The round time has ended, omaewa-mou shindeiru)
L 03/19/2021 - 16:30:52: [playercommands.smx] "Console<0><Console><Console>" slayed "F1SH<2><[U:1:445849108]><>"
L 03/19/2021 - 16:30:52: [playercommands.smx] "Console<0><Console><Console>" slayed "MrFrenzoid<3><[U:1:91292555]><>"
L 03/19/2021 - 16:30:52: [playercommands.smx] "Console<0><Console><Console>" slayed "Nezzie<4><[U:1:107910185]><>"
L 03/19/2021 - 16:30:52: [playercommands.smx] "Console<0><Console><Console>" slayed "puzzle<5><[U:1:136056777]><>"
L 03/19/2021 - 16:30:52: [playercommands.smx] "Console<0><Console><Console>" slayed "Dozii<6><[U:1:94212661]><>"
L 03/19/2021 - 16:31:28: [respawn.smx] "Nezzie<4><[U:1:107910185]><>" respawned "Nezzie<4><[U:1:107910185]><>"
L 03/19/2021 - 16:33:26: [SM] Changed map to "vsh_cactustemple_v1"
L 03/19/2021 - 16:33:27: -------- Mapchange to vsh_cactustemple_v1 --------
L 03/19/2021 - 16:33:34: [mapchooser_extended.smx] Loaded map list for tf.
L 03/19/2021 - 16:38:05: [respawn.smx] "Nezzie<4><[U:1:107910185]><>" respawned "F1SH<2><[U:1:445849108]><>"
L 03/19/2021 - 16:38:05: [respawn.smx] "Nezzie<4><[U:1:107910185]><>" respawned "Nezzie<4><[U:1:107910185]><>"
L 03/19/2021 - 16:53:51: [mapchooser_extended.smx] Voting for next map has started.
L 03/19/2021 - 16:54:11: [mapchooser_extended.smx] Voting for next map has finished. Nextmap: vsh_castle_siege_unreal_sg1.
L 03/19/2021 - 16:55:04: [respawn.smx] "Nezzie<4><[U:1:107910185]><>" respawned "Sub-Zero<10><[U:1:328855706]><>"
L 03/19/2021 - 16:55:30: [funcommandsX.smx] "Nezzie<4><[U:1:107910185]><>" teleported "Nezzie<4><[U:1:107910185]><>"
L 03/19/2021 - 19:09:13: [SM] Changed map to "vsh_castle_siege_unreal_sg1"
L 03/19/2021 - 19:09:15: -------- Mapchange to vsh_castle_siege_unreal_sg1 --------
L 03/19/2021 - 19:09:22: [mapchooser_extended.smx] Loaded map list for tf.
L 03/19/2021 - 19:29:38: [mapchooser_extended.smx] Voting for next map has started.
L 03/19/2021 - 19:30:04: [mapchooser_extended.smx] Voting for next map has started.
L 03/19/2021 - 19:30:24: [mapchooser_extended.smx] Voting for next map has finished. Nextmap: vsh_outdoors_b2a.
L 03/19/2021 - 19:56:22: [SM] Changed map to "vsh_outdoors_b2a"
L 03/19/2021 - 19:56:24: -------- Mapchange to vsh_outdoors_b2a --------
L 03/19/2021 - 19:56:31: [mapchooser_extended.smx] Loaded map list for tf.
L 03/19/2021 - 20:16:48: [mapchooser_extended.smx] Voting for next map has started.
L 03/19/2021 - 20:17:09: [mapchooser_extended.smx] Voting for next map has finished. Nextmap: vsh_apg_reworked_b2.
L 03/19/2021 - 20:29:24: [SM] Changed map to "vsh_apg_reworked_b2"
L 03/19/2021 - 20:29:26: -------- Mapchange to vsh_apg_reworked_b2 --------
L 03/19/2021 - 20:29:34: [mapchooser_extended.smx] Loaded map list for tf.
L 03/19/2021 - 20:49:50: [mapchooser_extended.smx] Voting for next map has started.
L 03/19/2021 - 20:50:10: [mapchooser_extended.smx] Voting for next map has finished. Nextmap: vsh_void_a1f.
L 03/19/2021 - 21:00:19: [SM] Changed map to "vsh_void_a1f"
L 03/19/2021 - 21:00:21: -------- Mapchange to vsh_void_a1f --------
L 03/19/2021 - 21:00:29: [mapchooser_extended.smx] Loaded map list for tf.
L 03/19/2021 - 21:20:46: [mapchooser_extended.smx] Voting for next map has started.
L 03/19/2021 - 21:21:12: [mapchooser_extended.smx] Voting for next map has started.
L 03/19/2021 - 21:21:33: [mapchooser_extended.smx] Voting for next map has finished. Nextmap: vsh_skyhigh_resort_b8_sg4.
L 03/19/2021 - 21:31:51: [SM] Changed map to "vsh_skyhigh_resort_b8_sg4"
L 03/19/2021 - 21:31:53: -------- Mapchange to vsh_skyhigh_resort_b8_sg4 --------
L 03/19/2021 - 21:32:01: [mapchooser_extended.smx] Loaded map list for tf.
L 03/19/2021 - 21:52:17: [mapchooser_extended.smx] Voting for next map has started.
L 03/19/2021 - 21:52:38: [mapchooser_extended.smx] Voting for next map has finished. Nextmap: vsh_nebula_rc1.
L 03/19/2021 - 22:03:13: [SM] Changed map to "vsh_nebula_rc1"
L 03/19/2021 - 22:03:16: -------- Mapchange to vsh_nebula_rc1 --------
L 03/19/2021 - 22:03:24: [mapchooser_extended.smx] Loaded map list for tf.
L 03/19/2021 - 22:23:42: [mapchooser_extended.smx] Voting for next map has started.
L 03/19/2021 - 22:24:02: [mapchooser_extended.smx] Voting for next map has finished. Nextmap: vsh_cairo_pyramid_v4.
L 03/19/2021 - 22:30:51: [basechat.smx] "F1SH<31><[U:1:445849108]><>" triggered sm_msay (text if yall like the server be sure to join our discord server!)
L 03/19/2021 - 22:33:39: [SM] Changed map to "vsh_cairo_pyramid_v4"
L 03/19/2021 - 22:33:42: -------- Mapchange to vsh_cairo_pyramid_v4 --------
L 03/19/2021 - 22:33:49: [mapchooser_extended.smx] Loaded map list for tf.
L 03/19/2021 - 22:34:55: [nominations_extended.smx] Bringdown nominated vsh_apg_reworked_b2
L 03/19/2021 - 22:35:22: [basechat.smx] "F1SH<31><[U:1:445849108]><>" triggered sm_msay (text gamerz1980 if u can lower ur mic a bit it would be greatly appreciated thanks :))
L 03/19/2021 - 22:40:15: [basechat.smx] "F1SH<31><[U:1:445849108]><>" triggered sm_msay (text gamerz1980 chill on the mic bro, dont wanna mute ya )
L 03/19/2021 - 22:42:07: [nominations_extended.smx] F1SH nominated vsh_crevice_b5
L 03/19/2021 - 22:42:26: [nominations_extended.smx] Snowy Napalm nominated vsh_tranquil_b5
L 03/19/2021 - 22:48:11: [basechat.smx] "F1SH<31><[U:1:445849108]><>" triggered sm_msay (text gamerz1980 dont mic spam)
L 03/19/2021 - 22:52:52: [mapchooser_extended.smx] Starting map vote because outside request
L 03/19/2021 - 22:53:08: [mapchooser_extended.smx] Voting for next map has started.
L 03/19/2021 - 22:53:35: [mapchooser_extended.smx] Voting for next map has started.
L 03/19/2021 - 22:53:56: [mapchooser_extended.smx] Voting for next map has finished. Nextmap: vsh_apg_reworked_b2.
L 03/19/2021 - 22:54:00: [SM] Changed map to "vsh_apg_reworked_b2"
L 03/19/2021 - 22:54:04: -------- Mapchange to vsh_apg_reworked_b2 --------
L 03/19/2021 - 22:54:12: [mapchooser_extended.smx] Loaded map list for tf.
L 03/19/2021 - 23:14:29: [mapchooser_extended.smx] Voting for next map has started.
L 03/19/2021 - 23:14:46: [mapchooser_extended.smx] Voting for next map has started.
L 03/19/2021 - 23:15:03: [mapchooser_extended.smx] Voting for next map has finished. Nextmap: vsh_crevice_b5.
L 03/19/2021 - 23:22:23: [basecomm.smx] "F1SH<31><[U:1:445849108]><>" muted "gamerz1980<24><[U:1:1129536274]><>"
L 03/19/2021 - 23:25:16: [SM] Changed map to "vsh_crevice_b5"
L 03/19/2021 - 23:25:20: -------- Mapchange to vsh_crevice_b5 --------
L 03/19/2021 - 23:25:28: [mapchooser_extended.smx] Loaded map list for tf.
L 03/19/2021 - 23:45:46: [mapchooser_extended.smx] Voting for next map has started.
L 03/19/2021 - 23:46:13: [mapchooser_extended.smx] Voting for next map has started.
L 03/19/2021 - 23:46:33: [mapchooser_extended.smx] Voting for next map has finished. Nextmap: vsh_minegay_reworked_v2.
L 03/19/2021 - 23:56:18: [SM] Changed map to "vsh_minegay_reworked_v2"
L 03/19/2021 - 23:56:21: -------- Mapchange to vsh_minegay_reworked_v2 --------
L 03/19/2021 - 23:56:30: [mapchooser_extended.smx] Loaded map list for tf.
