L 12/16/2020 - 00:00:01: SourceMod log file session started (file "/home/steamsrv/tf2/tf/addons/sourcemod/logs/L20201216.log") (Version "1.10.0.6490")
L 12/16/2020 - 00:00:01: [funcommands.smx] "Nezzie<56><[U:1:107910185]><>" set a TimeBomb on "Draconic (Azel)<52><[U:1:101368949]><>"
L 12/16/2020 - 00:00:10: [funcommands.smx] "Nezzie<56><[U:1:107910185]><>" removed a TimeBomb on "Draconic (Azel)<52><[U:1:101368949]><>"
L 12/16/2020 - 00:00:12: [funcommands.smx] "Nezzie<56><[U:1:107910185]><>" set a TimeBomb on "Draconic (Azel)<52><[U:1:101368949]><>"
L 12/16/2020 - 00:01:57: [respawn.smx] "FROSTY F1SH<54><[U:1:445849108]><>" respawned "Draconic (Azel)<52><[U:1:101368949]><>"
L 12/16/2020 - 00:01:58: [respawn.smx] "FROSTY F1SH<54><[U:1:445849108]><>" respawned "FROSTY F1SH<54><[U:1:445849108]><>"
L 12/16/2020 - 00:02:10: [respawn.smx] "FROSTY F1SH<54><[U:1:445849108]><>" respawned "FROSTY F1SH<54><[U:1:445849108]><>"
L 12/16/2020 - 00:02:24: [funcommandsX.smx] "Nezzie<56><[U:1:107910185]><>" teleported "FROSTY F1SH<54><[U:1:445849108]><>"
L 12/16/2020 - 00:02:27: [funcommandsX.smx] "Nezzie<56><[U:1:107910185]><>" teleported "Draconic (Azel)<52><[U:1:101368949]><>"
L 12/16/2020 - 00:13:15: [respawn.smx] "Draconic (Azel)<52><[U:1:101368949]><>" respawned "Draconic (Azel)<52><[U:1:101368949]><>"
L 12/16/2020 - 00:17:03: [mapchooser_extended.smx] Voting for next map has started.
L 12/16/2020 - 00:17:19: [mapchooser_extended.smx] Voting for next map has started.
L 12/16/2020 - 00:17:22: [mapchooser_extended.smx] Voting for next map has finished. Nextmap: vsh_void_a1f.
L 12/16/2020 - 00:27:48: [SM] Changed map to "vsh_void_a1f"
L 12/16/2020 - 00:27:50: -------- Mapchange to vsh_void_a1f --------
L 12/16/2020 - 00:28:04: [mapchooser_extended.smx] Loaded map list for tf.
L 12/16/2020 - 00:29:07: [playercommands.smx] "FROSTY F1SH<54><[U:1:445849108]><>" slapped "Portable Dispenser :P<57><[U:1:1083392120]><>" (damage "0")
L 12/16/2020 - 00:29:08: [playercommands.smx] "FROSTY F1SH<54><[U:1:445849108]><>" slapped "Portable Dispenser :P<57><[U:1:1083392120]><>" (damage "0")
L 12/16/2020 - 00:29:09: [playercommands.smx] "FROSTY F1SH<54><[U:1:445849108]><>" slapped "Portable Dispenser :P<57><[U:1:1083392120]><>" (damage "0")
L 12/16/2020 - 00:29:09: [playercommands.smx] "FROSTY F1SH<54><[U:1:445849108]><>" slapped "Portable Dispenser :P<57><[U:1:1083392120]><>" (damage "0")
L 12/16/2020 - 00:29:09: [playercommands.smx] "FROSTY F1SH<54><[U:1:445849108]><>" slapped "Portable Dispenser :P<57><[U:1:1083392120]><>" (damage "0")
L 12/16/2020 - 00:29:09: [playercommands.smx] "FROSTY F1SH<54><[U:1:445849108]><>" slapped "Portable Dispenser :P<57><[U:1:1083392120]><>" (damage "0")
L 12/16/2020 - 00:29:09: [playercommands.smx] "FROSTY F1SH<54><[U:1:445849108]><>" slapped "Portable Dispenser :P<57><[U:1:1083392120]><>" (damage "0")
L 12/16/2020 - 00:29:10: [playercommands.smx] "FROSTY F1SH<54><[U:1:445849108]><>" slapped "Portable Dispenser :P<57><[U:1:1083392120]><>" (damage "0")
L 12/16/2020 - 00:29:10: [playercommands.smx] "FROSTY F1SH<54><[U:1:445849108]><>" slapped "Portable Dispenser :P<57><[U:1:1083392120]><>" (damage "0")
L 12/16/2020 - 00:29:10: [playercommands.smx] "FROSTY F1SH<54><[U:1:445849108]><>" slapped "Portable Dispenser :P<57><[U:1:1083392120]><>" (damage "0")
L 12/16/2020 - 00:29:10: [playercommands.smx] "FROSTY F1SH<54><[U:1:445849108]><>" slapped "Portable Dispenser :P<57><[U:1:1083392120]><>" (damage "0")
L 12/16/2020 - 00:29:11: [playercommands.smx] "FROSTY F1SH<54><[U:1:445849108]><>" slapped "Portable Dispenser :P<57><[U:1:1083392120]><>" (damage "0")
L 12/16/2020 - 00:29:11: [playercommands.smx] "FROSTY F1SH<54><[U:1:445849108]><>" slapped "Portable Dispenser :P<57><[U:1:1083392120]><>" (damage "0")
L 12/16/2020 - 00:29:11: [playercommands.smx] "FROSTY F1SH<54><[U:1:445849108]><>" slapped "Portable Dispenser :P<57><[U:1:1083392120]><>" (damage "0")
L 12/16/2020 - 00:29:11: [playercommands.smx] "FROSTY F1SH<54><[U:1:445849108]><>" slapped "Portable Dispenser :P<57><[U:1:1083392120]><>" (damage "0")
L 12/16/2020 - 00:48:22: [mapchooser_extended.smx] Voting for next map has started.
L 12/16/2020 - 01:33:40: [basecommands.smx] "Nezzie<58><[U:1:107910185]><>" changed map to "vsh_egyptyspot_v2"
L 12/16/2020 - 01:33:43: [SM] Changed map to "vsh_egyptyspot_v2"
L 12/16/2020 - 01:33:46: -------- Mapchange to vsh_egyptyspot_v2 --------
L 12/16/2020 - 01:33:59: [mapchooser_extended.smx] Loaded map list for tf.
L 12/16/2020 - 01:38:54: [funcommandsX.smx] Game detected as Team Fortress 2: Source (GAME_TF2)
L 12/16/2020 - 01:38:54: [simple-chatprocessor.smx] [SCP] Recognized mod [Team Fortress 2].
L 12/16/2020 - 01:38:54: [simple-chatprocessor.smx] [SCP] Loading translation file [scp.tf.phrases].
L 12/16/2020 - 01:38:55: [freak_fortress_2.smx] Freak Fortress 2 199001 Loading...
L 12/16/2020 - 01:38:55: [mapchooser_extended.smx] Loaded map list for tf.
L 12/16/2020 - 01:39:53: [basecommands.smx] "Nezzie<58><[U:1:107910185]><>" changed map to "vsh_egyptyspot_v2"
L 12/16/2020 - 01:39:56: [SM] Changed map to "vsh_egyptyspot_v2"
L 12/16/2020 - 01:39:58: -------- Mapchange to vsh_egyptyspot_v2 --------
L 12/16/2020 - 01:40:12: [mapchooser_extended.smx] Loaded map list for tf.
L 12/16/2020 - 01:49:04: [basechat.smx] "Console<0><Console><Console>" triggered sm_say (text The round time has ended, omaewa-mou shindeiru)
L 12/16/2020 - 01:49:04: [playercommands.smx] "Console<0><Console><Console>" slayed "Nezzie<58><[U:1:107910185]><>"
L 12/16/2020 - 01:49:04: [playercommands.smx] "Console<0><Console><Console>" slayed "test<61><BOT><>"
L 12/16/2020 - 01:49:04: [playercommands.smx] "Console<0><Console><Console>" slayed "test1<62><BOT><>"
L 12/16/2020 - 01:57:22: [basechat.smx] "Console<0><Console><Console>" triggered sm_say (text The round time has ended, omaewa-mou shindeiru)
L 12/16/2020 - 01:57:22: [playercommands.smx] "Console<0><Console><Console>" slayed "Nezzie<58><[U:1:107910185]><>"
L 12/16/2020 - 01:57:22: [playercommands.smx] "Console<0><Console><Console>" slayed "test<61><BOT><>"
L 12/16/2020 - 01:57:22: [playercommands.smx] "Console<0><Console><Console>" slayed "test1<62><BOT><>"
L 12/16/2020 - 02:00:28: [mapchooser_extended.smx] Voting for next map has started.
