L 04/01/2021 - 18:36:47: SourceMod log file session started (file "/home/frenzoid/TF2_FF2/tf/addons/sourcemod/logs/L20210401.log") (Version "1.10.0.6490")
L 04/01/2021 - 18:36:47: [rockthevote_extended.smx] RTV changing map manually
L 04/01/2021 - 18:36:47: [SM] Changed map to "vsh_warebloom_r1a"
L 04/01/2021 - 18:36:52: -------- Mapchange to vsh_warebloom_r1a --------
L 04/01/2021 - 18:37:01: [mapchooser_extended.smx] Loaded map list for tf.
L 04/01/2021 - 18:57:15: [mapchooser_extended.smx] Voting for next map has started.
L 04/01/2021 - 19:35:42: [SM] Changed map to "vsh_necropolis_b1"
L 04/01/2021 - 19:35:43: -------- Mapchange to vsh_necropolis_b1 --------
L 04/01/2021 - 19:35:50: [mapchooser_extended.smx] Loaded map list for tf.
L 04/01/2021 - 19:56:07: [mapchooser_extended.smx] Voting for next map has started.
L 04/01/2021 - 19:56:16: [mapchooser_extended.smx] Voting for next map has finished. Nextmap: vsh_nebula_rc1.
L 04/01/2021 - 20:09:38: [SM] Changed map to "vsh_nebula_rc1"
L 04/01/2021 - 20:09:41: -------- Mapchange to vsh_nebula_rc1 --------
L 04/01/2021 - 20:09:49: [mapchooser_extended.smx] Loaded map list for tf.
L 04/01/2021 - 20:30:06: [mapchooser_extended.smx] Voting for next map has started.
L 04/01/2021 - 20:30:18: [mapchooser_extended.smx] Voting for next map has finished. Nextmap: vsh_dirtmound_b9.
L 04/01/2021 - 20:40:41: [SM] Changed map to "vsh_dirtmound_b9"
L 04/01/2021 - 20:40:44: -------- Mapchange to vsh_dirtmound_b9 --------
L 04/01/2021 - 20:40:51: [mapchooser_extended.smx] Loaded map list for tf.
L 04/01/2021 - 20:46:23: [nominations_extended.smx] Snowy Napalm nominated vsh_crevice_b5
L 04/01/2021 - 21:01:07: [mapchooser_extended.smx] Voting for next map has started.
L 04/01/2021 - 21:01:15: [mapchooser_extended.smx] Voting for next map has finished. Nextmap: vsh_crevice_b5.
L 04/01/2021 - 21:12:44: [SM] Changed map to "vsh_crevice_b5"
L 04/01/2021 - 21:12:47: -------- Mapchange to vsh_crevice_b5 --------
L 04/01/2021 - 21:12:54: [mapchooser_extended.smx] Loaded map list for tf.
L 04/01/2021 - 21:33:09: [mapchooser_extended.smx] Voting for next map has started.
L 04/02/2021 - 17:10:56: Log file closed.
