L 09/25/2020 - 21:51:00: SourceMod log file session started (file "/home/steamsrv/tf2/tf/addons/sourcemod/logs/L20200925.log") (Version "1.10.0.6490")
L 09/25/2020 - 21:51:00: [basecommands.smx] "Nezzie<102><[U:1:107910185]><>" changed map to "vsh_abandoned_warehouse_final_v3"
L 09/25/2020 - 21:51:03: [SM] Changed map to "vsh_abandoned_warehouse_final_v3"
L 09/25/2020 - 21:51:07: -------- Mapchange to vsh_abandoned_warehouse_final_v3 --------
L 09/25/2020 - 21:51:18: [mapchooser_extended.smx] Loaded map list for tf.
L 09/25/2020 - 21:56:28: [basecommands.smx] "Nezzie<102><[U:1:107910185]><>" changed map to "vsh_abandoned_warehouse_final_v3"
L 09/25/2020 - 21:56:31: [SM] Changed map to "vsh_abandoned_warehouse_final_v3"
L 09/25/2020 - 21:56:33: -------- Mapchange to vsh_abandoned_warehouse_final_v3 --------
L 09/25/2020 - 21:56:43: [mapchooser_extended.smx] Loaded map list for tf.
L 09/25/2020 - 21:57:35: [basecommands.smx] "Nezzie<102><[U:1:107910185]><>" changed map to "vsh_abandoned_warehouse_final_v3"
L 09/25/2020 - 21:57:38: [SM] Changed map to "vsh_abandoned_warehouse_final_v3"
L 09/25/2020 - 21:57:40: -------- Mapchange to vsh_abandoned_warehouse_final_v3 --------
L 09/25/2020 - 21:57:50: [mapchooser_extended.smx] Loaded map list for tf.
L 09/25/2020 - 21:59:34: [basecommands.smx] "Nezzie<102><[U:1:107910185]><>" changed map to "vsh_abandoned_warehouse_final_v3"
L 09/25/2020 - 21:59:37: [SM] Changed map to "vsh_abandoned_warehouse_final_v3"
L 09/25/2020 - 21:59:38: -------- Mapchange to vsh_abandoned_warehouse_final_v3 --------
L 09/25/2020 - 21:59:49: [mapchooser_extended.smx] Loaded map list for tf.
L 09/25/2020 - 22:03:19: [basecommands.smx] "Nezzie<102><[U:1:107910185]><>" changed map to "vsh_abandoned_warehouse_final_v3"
L 09/25/2020 - 22:03:22: [SM] Changed map to "vsh_abandoned_warehouse_final_v3"
L 09/25/2020 - 22:03:24: -------- Mapchange to vsh_abandoned_warehouse_final_v3 --------
L 09/25/2020 - 22:03:33: [mapchooser_extended.smx] Loaded map list for tf.
L 09/25/2020 - 22:06:35: [basecommands.smx] "Nezzie<102><[U:1:107910185]><>" changed map to "vsh_abandoned_warehouse_final_v3"
L 09/25/2020 - 22:06:38: [SM] Changed map to "vsh_abandoned_warehouse_final_v3"
L 09/25/2020 - 22:06:40: -------- Mapchange to vsh_abandoned_warehouse_final_v3 --------
L 09/25/2020 - 22:06:50: [mapchooser_extended.smx] Loaded map list for tf.
L 09/25/2020 - 22:08:12: [basecommands.smx] "Nezzie<102><[U:1:107910185]><>" changed map to "vsh_abandoned_warehouse_final_v3"
L 09/25/2020 - 22:08:15: [SM] Changed map to "vsh_abandoned_warehouse_final_v3"
L 09/25/2020 - 22:08:18: -------- Mapchange to vsh_abandoned_warehouse_final_v3 --------
L 09/25/2020 - 22:08:27: [mapchooser_extended.smx] Loaded map list for tf.
L 09/25/2020 - 22:10:00: [funcommandsX.smx] Game detected as Team Fortress 2: Source (GAME_TF2)
L 09/25/2020 - 22:10:00: [simple-chatprocessor.smx] [SCP] Recognized mod [Team Fortress 2].
L 09/25/2020 - 22:10:00: [simple-chatprocessor.smx] [SCP] Loading translation file [scp.tf.phrases].
L 09/25/2020 - 22:10:00: [freak_fortress_2.smx] Freak Fortress 2 199001 Loading...
L 09/25/2020 - 22:10:00: [mapchooser_extended.smx] Loaded map list for tf.
L 09/25/2020 - 22:11:14: [funcommandsX.smx] Game detected as Team Fortress 2: Source (GAME_TF2)
L 09/25/2020 - 22:11:14: [simple-chatprocessor.smx] [SCP] Recognized mod [Team Fortress 2].
L 09/25/2020 - 22:11:14: [simple-chatprocessor.smx] [SCP] Loading translation file [scp.tf.phrases].
L 09/25/2020 - 22:11:15: [freak_fortress_2.smx] Freak Fortress 2 199001 Loading...
L 09/25/2020 - 22:11:15: [mapchooser_extended.smx] Loaded map list for tf.
L 09/25/2020 - 22:12:00: [funcommandsX.smx] Game detected as Team Fortress 2: Source (GAME_TF2)
L 09/25/2020 - 22:12:00: [simple-chatprocessor.smx] [SCP] Recognized mod [Team Fortress 2].
L 09/25/2020 - 22:12:00: [simple-chatprocessor.smx] [SCP] Loading translation file [scp.tf.phrases].
L 09/25/2020 - 22:12:00: [freak_fortress_2.smx] Freak Fortress 2 199001 Loading...
L 09/25/2020 - 22:12:00: [mapchooser_extended.smx] Loaded map list for tf.
L 09/25/2020 - 22:18:09: [playercommands.smx] "Nezzie<102><[U:1:107910185]><>" slayed "Nobody<111><BOT><>"
L 09/25/2020 - 22:18:16: [playercommands.smx] "Nezzie<102><[U:1:107910185]><>" slayed "Nobody<111><BOT><>"
L 09/25/2020 - 22:18:37: [playercommands.smx] "Nezzie<102><[U:1:107910185]><>" slayed "FISH (ART COMMISSIONS CLOSED)<109><[U:1:445849108]><>"
L 09/25/2020 - 22:19:31: [basecommands.smx] "Nezzie<102><[U:1:107910185]><>" changed map to "vsh_abandoned_warehouse_final_v3"
L 09/25/2020 - 22:19:35: [SM] Changed map to "vsh_abandoned_warehouse_final_v3"
L 09/25/2020 - 22:19:37: -------- Mapchange to vsh_abandoned_warehouse_final_v3 --------
L 09/25/2020 - 22:19:48: [mapchooser_extended.smx] Loaded map list for tf.
L 09/25/2020 - 22:23:52: [playercommands.smx] "Nezzie<102><[U:1:107910185]><>" slayed "RageQuit<112><BOT><>"
L 09/25/2020 - 22:25:16: [basecommands.smx] "Nezzie<102><[U:1:107910185]><>" changed map to "vsh_abandoned_warehouse_final_v3"
L 09/25/2020 - 22:25:19: [SM] Changed map to "vsh_abandoned_warehouse_final_v3"
L 09/25/2020 - 22:25:22: -------- Mapchange to vsh_abandoned_warehouse_final_v3 --------
L 09/25/2020 - 22:25:32: [mapchooser_extended.smx] Loaded map list for tf.
L 09/25/2020 - 22:27:19: [basecommands.smx] "Nezzie<102><[U:1:107910185]><>" changed map to "vsh_abandoned_warehouse_final_v3"
L 09/25/2020 - 22:27:22: [SM] Changed map to "vsh_abandoned_warehouse_final_v3"
L 09/25/2020 - 22:27:25: -------- Mapchange to vsh_abandoned_warehouse_final_v3 --------
L 09/25/2020 - 22:27:35: [mapchooser_extended.smx] Loaded map list for tf.
L 09/25/2020 - 22:28:49: [basecommands.smx] "Nezzie<102><[U:1:107910185]><>" changed map to "vsh_abandoned_warehouse_final_v3"
L 09/25/2020 - 22:28:52: [SM] Changed map to "vsh_abandoned_warehouse_final_v3"
L 09/25/2020 - 22:28:55: -------- Mapchange to vsh_abandoned_warehouse_final_v3 --------
L 09/25/2020 - 22:29:06: [mapchooser_extended.smx] Loaded map list for tf.
L 09/25/2020 - 22:32:25: [basecommands.smx] "Nezzie<102><[U:1:107910185]><>" changed map to "vsh_abandoned_warehouse_final_v3"
L 09/25/2020 - 22:32:28: [SM] Changed map to "vsh_abandoned_warehouse_final_v3"
L 09/25/2020 - 22:32:31: -------- Mapchange to vsh_abandoned_warehouse_final_v3 --------
L 09/25/2020 - 22:32:41: [mapchooser_extended.smx] Loaded map list for tf.
L 09/25/2020 - 22:33:06: [playercommands.smx] "Nezzie<102><[U:1:107910185]><>" slayed "Target Practice<118><BOT><>"
L 09/25/2020 - 22:35:09: [basecommands.smx] "Nezzie<102><[U:1:107910185]><>" changed map to "vsh_abandoned_warehouse_final_v3"
L 09/25/2020 - 22:35:12: [SM] Changed map to "vsh_abandoned_warehouse_final_v3"
L 09/25/2020 - 22:35:15: -------- Mapchange to vsh_abandoned_warehouse_final_v3 --------
L 09/25/2020 - 22:35:26: [mapchooser_extended.smx] Loaded map list for tf.
L 09/25/2020 - 22:37:58: [funcommands.smx] "Nezzie<102><[U:1:107910185]><>" froze "toocozyy<114><[U:1:176823179]><>"
L 09/25/2020 - 22:38:02: [respawn.smx] "Nezzie<102><[U:1:107910185]><>" respawned "Nezzie<102><[U:1:107910185]><>"
L 09/25/2020 - 22:38:46: [playercommands.smx] "FISH (ART COMMISSIONS CLOSED)<109><[U:1:445849108]><>" slapped "DWW<113><[U:1:172008346]><>" (damage "0")
L 09/25/2020 - 22:38:47: [playercommands.smx] "FISH (ART COMMISSIONS CLOSED)<109><[U:1:445849108]><>" slapped "DWW<113><[U:1:172008346]><>" (damage "0")
L 09/25/2020 - 22:38:47: [playercommands.smx] "FISH (ART COMMISSIONS CLOSED)<109><[U:1:445849108]><>" slapped "DWW<113><[U:1:172008346]><>" (damage "0")
L 09/25/2020 - 22:38:47: [playercommands.smx] "FISH (ART COMMISSIONS CLOSED)<109><[U:1:445849108]><>" slapped "DWW<113><[U:1:172008346]><>" (damage "0")
L 09/25/2020 - 22:38:48: [playercommands.smx] "FISH (ART COMMISSIONS CLOSED)<109><[U:1:445849108]><>" slapped "DWW<113><[U:1:172008346]><>" (damage "0")
L 09/25/2020 - 22:41:34: [basecommands.smx] "Nezzie<102><[U:1:107910185]><>" changed map to "vsh_abandoned_warehouse_final_v3"
L 09/25/2020 - 22:41:37: [SM] Changed map to "vsh_abandoned_warehouse_final_v3"
L 09/25/2020 - 22:41:40: -------- Mapchange to vsh_abandoned_warehouse_final_v3 --------
L 09/25/2020 - 22:41:50: [mapchooser_extended.smx] Loaded map list for tf.
L 09/25/2020 - 22:42:27: [respawn.smx] "Nezzie<102><[U:1:107910185]><>" respawned "Nezzie<102><[U:1:107910185]><>"
L 09/25/2020 - 22:44:42: [respawn.smx] "Nezzie<102><[U:1:107910185]><>" respawned "DWW<113><[U:1:172008346]><>"
L 09/25/2020 - 22:49:06: [basecommands.smx] "Nezzie<102><[U:1:107910185]><>" changed map to "vsh_abandoned_warehouse_final_v3"
L 09/25/2020 - 22:49:09: [SM] Changed map to "vsh_abandoned_warehouse_final_v3"
L 09/25/2020 - 22:49:13: -------- Mapchange to vsh_abandoned_warehouse_final_v3 --------
L 09/25/2020 - 22:49:23: [mapchooser_extended.smx] Loaded map list for tf.
L 09/25/2020 - 22:54:10: [basechat.smx] "Nezzie<102><[U:1:107910185]><>" triggered sm_csay (text no)
L 09/25/2020 - 22:54:13: [basechat.smx] "Nezzie<102><[U:1:107910185]><>" triggered sm_msay (text no)
L 09/25/2020 - 22:54:59: [funcommandsX.smx] "Nezzie<102><[U:1:107910185]><>" teleported "FISH (ART COMMISSIONS CLOSED)<109><[U:1:445849108]><>"
L 09/25/2020 - 22:59:22: [basecommands.smx] "Nezzie<102><[U:1:107910185]><>" changed map to "vsh_abandoned_warehouse_final_v3"
L 09/25/2020 - 22:59:25: [SM] Changed map to "vsh_abandoned_warehouse_final_v3"
L 09/25/2020 - 22:59:29: -------- Mapchange to vsh_abandoned_warehouse_final_v3 --------
L 09/25/2020 - 22:59:40: [mapchooser_extended.smx] Loaded map list for tf.
L 09/25/2020 - 23:00:03: [nominations_extended.smx] toocozyy nominated vsh_scoobydoo_v1
L 09/25/2020 - 23:02:43: [respawn.smx] "Nezzie<102><[U:1:107910185]><>" respawned "Nezzie<102><[U:1:107910185]><>"
L 09/25/2020 - 23:03:02: [respawn.smx] "Nezzie<102><[U:1:107910185]><>" respawned "DWW<113><[U:1:172008346]><>"
L 09/25/2020 - 23:11:17: [basecommands.smx] "Nezzie<102><[U:1:107910185]><>" changed map to "vsh_abandoned_warehouse_final_v3"
L 09/25/2020 - 23:11:20: [SM] Changed map to "vsh_abandoned_warehouse_final_v3"
L 09/25/2020 - 23:11:24: -------- Mapchange to vsh_abandoned_warehouse_final_v3 --------
L 09/25/2020 - 23:11:36: [mapchooser_extended.smx] Loaded map list for tf.
L 09/25/2020 - 23:12:41: [funcommandsX.smx] "Nezzie<102><[U:1:107910185]><>" teleported "FISH (ART COMMISSIONS CLOSED)<109><[U:1:445849108]><>"
L 09/25/2020 - 23:14:55: [basecommands.smx] "Nezzie<102><[U:1:107910185]><>" changed map to "vsh_area_54tress_b4"
L 09/25/2020 - 23:14:58: [SM] Changed map to "vsh_area_54tress_b4"
L 09/25/2020 - 23:15:03: -------- Mapchange to vsh_area_54tress_b4 --------
L 09/25/2020 - 23:15:14: [mapchooser_extended.smx] Loaded map list for tf.
L 09/25/2020 - 23:16:31: [respawn.smx] "Nezzie<102><[U:1:107910185]><>" respawned "Nezzie<102><[U:1:107910185]><>"
L 09/25/2020 - 23:16:36: [respawn.smx] "Nezzie<102><[U:1:107910185]><>" respawned "FISH (ART COMMISSIONS CLOSED)<109><[U:1:445849108]><>"
L 09/25/2020 - 23:24:49: [basechat.smx] "FISH (ART COMMISSIONS CLOSED)<109><[U:1:445849108]><>" triggered sm_csay (text dww is smol)
L 09/25/2020 - 23:27:31: [respawn.smx] "Nezzie<102><[U:1:107910185]><>" respawned "FISH (ART COMMISSIONS CLOSED)<109><[U:1:445849108]><>"
L 09/25/2020 - 23:27:31: [respawn.smx] "Nezzie<102><[U:1:107910185]><>" respawned "toocozyy<114><[U:1:176823179]><>"
L 09/25/2020 - 23:28:12: [funcommands.smx] "Nezzie<102><[U:1:107910185]><>" froze "DWW<113><[U:1:172008346]><>"
L 09/25/2020 - 23:28:22: [funcommandsX.smx] "Nezzie<102><[U:1:107910185]><>" teleported "DWW<113><[U:1:172008346]><>"
L 09/25/2020 - 23:28:25: [funcommandsX.smx] "Nezzie<102><[U:1:107910185]><>" teleported "DWW<113><[U:1:172008346]><>"
L 09/25/2020 - 23:28:28: [funcommands.smx] "FISH (ART COMMISSIONS CLOSED)<109><[U:1:445849108]><>" froze "toocozyy<114><[U:1:176823179]><>"
L 09/25/2020 - 23:28:33: [funcommands.smx] "FISH (ART COMMISSIONS CLOSED)<109><[U:1:445849108]><>" froze "DWW<113><[U:1:172008346]><>"
L 09/25/2020 - 23:28:37: [funcommands.smx] "FISH (ART COMMISSIONS CLOSED)<109><[U:1:445849108]><>" froze "DWW<113><[U:1:172008346]><>"
L 09/25/2020 - 23:29:12: [funcommands.smx] "Nezzie<102><[U:1:107910185]><>" froze "DWW<113><[U:1:172008346]><>"
L 09/25/2020 - 23:29:33: [funcommandsX.smx] "Nezzie<102><[U:1:107910185]><>" teleported "DWW<113><[U:1:172008346]><>"
L 09/25/2020 - 23:29:54: [playercommands.smx] "FISH (ART COMMISSIONS CLOSED)<109><[U:1:445849108]><>" slapped "DWW<113><[U:1:172008346]><>" (damage "0")
L 09/25/2020 - 23:29:54: [playercommands.smx] "FISH (ART COMMISSIONS CLOSED)<109><[U:1:445849108]><>" slapped "DWW<113><[U:1:172008346]><>" (damage "0")
L 09/25/2020 - 23:29:54: [playercommands.smx] "FISH (ART COMMISSIONS CLOSED)<109><[U:1:445849108]><>" slapped "DWW<113><[U:1:172008346]><>" (damage "0")
L 09/25/2020 - 23:29:54: [playercommands.smx] "FISH (ART COMMISSIONS CLOSED)<109><[U:1:445849108]><>" slapped "DWW<113><[U:1:172008346]><>" (damage "0")
L 09/25/2020 - 23:29:55: [playercommands.smx] "FISH (ART COMMISSIONS CLOSED)<109><[U:1:445849108]><>" slapped "DWW<113><[U:1:172008346]><>" (damage "0")
L 09/25/2020 - 23:29:55: [playercommands.smx] "FISH (ART COMMISSIONS CLOSED)<109><[U:1:445849108]><>" slapped "DWW<113><[U:1:172008346]><>" (damage "0")
L 09/25/2020 - 23:29:55: [playercommands.smx] "FISH (ART COMMISSIONS CLOSED)<109><[U:1:445849108]><>" slapped "DWW<113><[U:1:172008346]><>" (damage "0")
L 09/25/2020 - 23:29:55: [playercommands.smx] "FISH (ART COMMISSIONS CLOSED)<109><[U:1:445849108]><>" slapped "DWW<113><[U:1:172008346]><>" (damage "0")
L 09/25/2020 - 23:29:55: [playercommands.smx] "FISH (ART COMMISSIONS CLOSED)<109><[U:1:445849108]><>" slapped "DWW<113><[U:1:172008346]><>" (damage "0")
L 09/25/2020 - 23:29:56: [playercommands.smx] "FISH (ART COMMISSIONS CLOSED)<109><[U:1:445849108]><>" slapped "DWW<113><[U:1:172008346]><>" (damage "0")
L 09/25/2020 - 23:29:56: [playercommands.smx] "FISH (ART COMMISSIONS CLOSED)<109><[U:1:445849108]><>" slapped "DWW<113><[U:1:172008346]><>" (damage "0")
L 09/25/2020 - 23:29:56: [playercommands.smx] "FISH (ART COMMISSIONS CLOSED)<109><[U:1:445849108]><>" slapped "DWW<113><[U:1:172008346]><>" (damage "0")
L 09/25/2020 - 23:29:56: [playercommands.smx] "FISH (ART COMMISSIONS CLOSED)<109><[U:1:445849108]><>" slapped "DWW<113><[U:1:172008346]><>" (damage "0")
L 09/25/2020 - 23:30:00: [funcommandsX.smx] "Nezzie<102><[U:1:107910185]><>" teleported "DWW<113><[U:1:172008346]><>"
L 09/25/2020 - 23:30:15: [funcommands.smx] "Nezzie<102><[U:1:107910185]><>" froze "DWW<113><[U:1:172008346]><>"
L 09/25/2020 - 23:30:33: [playercommands.smx] "Nezzie<102><[U:1:107910185]><>" slayed "DWW<113><[U:1:172008346]><>"
L 09/25/2020 - 23:31:25: [funcommands.smx] "Nezzie<102><[U:1:107910185]><>" set gravity on "DWW<113><[U:1:172008346]><>" (amount "0.100000")
L 09/25/2020 - 23:31:27: [funcommands.smx] "Nezzie<102><[U:1:107910185]><>" set gravity on "DWW<113><[U:1:172008346]><>" (amount "4.000000")
L 09/25/2020 - 23:31:29: [funcommands.smx] "Nezzie<102><[U:1:107910185]><>" set gravity on "DWW<113><[U:1:172008346]><>" (amount "0.100000")
L 09/25/2020 - 23:31:32: [funcommands.smx] "Nezzie<102><[U:1:107910185]><>" set gravity on "DWW<113><[U:1:172008346]><>" (amount "4.000000")
L 09/25/2020 - 23:31:35: [funcommands.smx] "Nezzie<102><[U:1:107910185]><>" set gravity on "DWW<113><[U:1:172008346]><>" (amount "0.100000")
L 09/25/2020 - 23:31:37: [funcommands.smx] "Nezzie<102><[U:1:107910185]><>" set gravity on "DWW<113><[U:1:172008346]><>" (amount "4.000000")
L 09/25/2020 - 23:31:40: [funcommands.smx] "Nezzie<102><[U:1:107910185]><>" set gravity on "DWW<113><[U:1:172008346]><>" (amount "0.100000")
L 09/25/2020 - 23:31:42: [funcommands.smx] "Nezzie<102><[U:1:107910185]><>" set gravity on "DWW<113><[U:1:172008346]><>" (amount "4.000000")
L 09/25/2020 - 23:31:50: [funcommands.smx] "FISH (ART COMMISSIONS CLOSED)<109><[U:1:445849108]><>" drugged "toocozyy<114><[U:1:176823179]><>"
L 09/25/2020 - 23:31:59: [funcommandsX.smx] "Nezzie<102><[U:1:107910185]><>" teleported "DWW<113><[U:1:172008346]><>"
L 09/25/2020 - 23:32:03: [funcommandsX.smx] "Nezzie<102><[U:1:107910185]><>" teleported "DWW<113><[U:1:172008346]><>"
L 09/25/2020 - 23:32:03: [funcommandsX.smx] "Nezzie<102><[U:1:107910185]><>" teleported "DWW<113><[U:1:172008346]><>"
L 09/25/2020 - 23:32:04: [funcommandsX.smx] "Nezzie<102><[U:1:107910185]><>" teleported "DWW<113><[U:1:172008346]><>"
L 09/25/2020 - 23:32:05: [funcommandsX.smx] "Nezzie<102><[U:1:107910185]><>" teleported "DWW<113><[U:1:172008346]><>"
L 09/25/2020 - 23:32:05: [funcommandsX.smx] "Nezzie<102><[U:1:107910185]><>" teleported "DWW<113><[U:1:172008346]><>"
L 09/25/2020 - 23:32:06: [funcommandsX.smx] "Nezzie<102><[U:1:107910185]><>" teleported "DWW<113><[U:1:172008346]><>"
L 09/25/2020 - 23:32:06: [funcommandsX.smx] "Nezzie<102><[U:1:107910185]><>" teleported "DWW<113><[U:1:172008346]><>"
L 09/25/2020 - 23:32:06: [funcommandsX.smx] "Nezzie<102><[U:1:107910185]><>" teleported "DWW<113><[U:1:172008346]><>"
L 09/25/2020 - 23:32:07: [funcommandsX.smx] "Nezzie<102><[U:1:107910185]><>" teleported "DWW<113><[U:1:172008346]><>"
L 09/25/2020 - 23:32:07: [funcommandsX.smx] "Nezzie<102><[U:1:107910185]><>" teleported "DWW<113><[U:1:172008346]><>"
L 09/25/2020 - 23:32:08: [funcommandsX.smx] "Nezzie<102><[U:1:107910185]><>" teleported "DWW<113><[U:1:172008346]><>"
L 09/25/2020 - 23:32:08: [funcommandsX.smx] "Nezzie<102><[U:1:107910185]><>" teleported "DWW<113><[U:1:172008346]><>"
L 09/25/2020 - 23:32:08: [funcommandsX.smx] "Nezzie<102><[U:1:107910185]><>" teleported "DWW<113><[U:1:172008346]><>"
L 09/25/2020 - 23:32:09: [funcommandsX.smx] "Nezzie<102><[U:1:107910185]><>" teleported "DWW<113><[U:1:172008346]><>"
L 09/25/2020 - 23:32:10: [funcommandsX.smx] "Nezzie<102><[U:1:107910185]><>" teleported "DWW<113><[U:1:172008346]><>"
L 09/25/2020 - 23:32:11: [funcommandsX.smx] "Nezzie<102><[U:1:107910185]><>" teleported "DWW<113><[U:1:172008346]><>"
L 09/25/2020 - 23:32:11: [funcommandsX.smx] "Nezzie<102><[U:1:107910185]><>" teleported "DWW<113><[U:1:172008346]><>"
L 09/25/2020 - 23:32:12: [funcommandsX.smx] "Nezzie<102><[U:1:107910185]><>" teleported "DWW<113><[U:1:172008346]><>"
L 09/25/2020 - 23:32:12: [funcommandsX.smx] "Nezzie<102><[U:1:107910185]><>" teleported "DWW<113><[U:1:172008346]><>"
L 09/25/2020 - 23:32:13: [funcommandsX.smx] "Nezzie<102><[U:1:107910185]><>" teleported "DWW<113><[U:1:172008346]><>"
L 09/25/2020 - 23:32:13: [funcommands.smx] "FISH (ART COMMISSIONS CLOSED)<109><[U:1:445849108]><>" undrugged "toocozyy<114><[U:1:176823179]><>"
L 09/25/2020 - 23:32:14: [funcommandsX.smx] "Nezzie<102><[U:1:107910185]><>" teleported "DWW<113><[U:1:172008346]><>"
L 09/25/2020 - 23:32:14: [funcommandsX.smx] "Nezzie<102><[U:1:107910185]><>" teleported "DWW<113><[U:1:172008346]><>"
L 09/25/2020 - 23:32:15: [funcommandsX.smx] "Nezzie<102><[U:1:107910185]><>" teleported "DWW<113><[U:1:172008346]><>"
L 09/25/2020 - 23:32:16: [funcommandsX.smx] "Nezzie<102><[U:1:107910185]><>" teleported "DWW<113><[U:1:172008346]><>"
L 09/25/2020 - 23:32:16: [funcommandsX.smx] "Nezzie<102><[U:1:107910185]><>" teleported "DWW<113><[U:1:172008346]><>"
L 09/25/2020 - 23:32:17: [funcommandsX.smx] "Nezzie<102><[U:1:107910185]><>" teleported "DWW<113><[U:1:172008346]><>"
L 09/25/2020 - 23:32:18: [funcommandsX.smx] "Nezzie<102><[U:1:107910185]><>" teleported "DWW<113><[U:1:172008346]><>"
L 09/25/2020 - 23:32:18: [funcommandsX.smx] "Nezzie<102><[U:1:107910185]><>" teleported "DWW<113><[U:1:172008346]><>"
L 09/25/2020 - 23:32:19: [mapchooser_extended.smx] Starting map vote because outside request
L 09/25/2020 - 23:32:20: [funcommandsX.smx] "Nezzie<102><[U:1:107910185]><>" teleported "toocozyy<114><[U:1:176823179]><>"
L 09/25/2020 - 23:32:26: [funcommandsX.smx] "Nezzie<102><[U:1:107910185]><>" teleported "toocozyy<114><[U:1:176823179]><>"
L 09/25/2020 - 23:32:32: [funcommands.smx] "Nezzie<102><[U:1:107910185]><>" set gravity on "toocozyy<114><[U:1:176823179]><>" (amount "4.000000")
L 09/25/2020 - 23:32:35: [mapchooser_extended.smx] Voting for next map has started.
L 09/25/2020 - 23:32:40: [funcommandsX.smx] "Nezzie<102><[U:1:107910185]><>" teleported "toocozyy<114><[U:1:176823179]><>"
L 09/25/2020 - 23:32:41: [funcommandsX.smx] "Nezzie<102><[U:1:107910185]><>" teleported "toocozyy<114><[U:1:176823179]><>"
L 09/25/2020 - 23:32:41: [funcommandsX.smx] "Nezzie<102><[U:1:107910185]><>" teleported "toocozyy<114><[U:1:176823179]><>"
L 09/25/2020 - 23:32:42: [funcommandsX.smx] "Nezzie<102><[U:1:107910185]><>" teleported "toocozyy<114><[U:1:176823179]><>"
L 09/25/2020 - 23:32:43: [funcommandsX.smx] "Nezzie<102><[U:1:107910185]><>" teleported "toocozyy<114><[U:1:176823179]><>"
L 09/25/2020 - 23:32:49: [mapchooser_extended.smx] Voting for next map has started.
L 09/25/2020 - 23:32:53: [mapchooser_extended.smx] Voting for next map has finished. Nextmap: vsh_nebula_rc1.
L 09/25/2020 - 23:32:55: [respawn.smx] "Nezzie<102><[U:1:107910185]><>" respawned "DWW<122><[U:1:172008346]><>"
L 09/25/2020 - 23:32:57: [SM] Changed map to "vsh_nebula_rc1"
L 09/25/2020 - 23:33:02: -------- Mapchange to vsh_nebula_rc1 --------
L 09/25/2020 - 23:33:13: [mapchooser_extended.smx] Loaded map list for tf.
L 09/25/2020 - 23:34:08: [funcommands.smx] "Nezzie<102><[U:1:107910185]><>" set gravity on "Nezzie<102><[U:1:107910185]><>" (amount "0.000000")
L 09/25/2020 - 23:34:08: [funcommands.smx] "Nezzie<102><[U:1:107910185]><>" set gravity on "DWW<122><[U:1:172008346]><>" (amount "0.000000")
L 09/25/2020 - 23:34:08: [funcommands.smx] "Nezzie<102><[U:1:107910185]><>" set gravity on "FISH (ART COMMISSIONS CLOSED)<109><[U:1:445849108]><>" (amount "0.000000")
L 09/25/2020 - 23:34:08: [funcommands.smx] "Nezzie<102><[U:1:107910185]><>" set gravity on "toocozyy<123><[U:1:176823179]><>" (amount "0.000000")
L 09/25/2020 - 23:34:30: [playercommands.smx] "Nezzie<102><[U:1:107910185]><>" slapped "toocozyy<123><[U:1:176823179]><>" (damage "0")
L 09/25/2020 - 23:34:30: [playercommands.smx] "Nezzie<102><[U:1:107910185]><>" slapped "toocozyy<123><[U:1:176823179]><>" (damage "0")
L 09/25/2020 - 23:34:30: [playercommands.smx] "Nezzie<102><[U:1:107910185]><>" slapped "toocozyy<123><[U:1:176823179]><>" (damage "0")
L 09/25/2020 - 23:34:30: [playercommands.smx] "Nezzie<102><[U:1:107910185]><>" slapped "toocozyy<123><[U:1:176823179]><>" (damage "0")
L 09/25/2020 - 23:34:30: [playercommands.smx] "Nezzie<102><[U:1:107910185]><>" slapped "toocozyy<123><[U:1:176823179]><>" (damage "0")
L 09/25/2020 - 23:34:30: [playercommands.smx] "Nezzie<102><[U:1:107910185]><>" slapped "toocozyy<123><[U:1:176823179]><>" (damage "0")
L 09/25/2020 - 23:34:31: [playercommands.smx] "Nezzie<102><[U:1:107910185]><>" slapped "toocozyy<123><[U:1:176823179]><>" (damage "0")
L 09/25/2020 - 23:34:31: [playercommands.smx] "Nezzie<102><[U:1:107910185]><>" slapped "toocozyy<123><[U:1:176823179]><>" (damage "0")
L 09/25/2020 - 23:34:31: [playercommands.smx] "Nezzie<102><[U:1:107910185]><>" slapped "toocozyy<123><[U:1:176823179]><>" (damage "0")
L 09/25/2020 - 23:34:31: [playercommands.smx] "Nezzie<102><[U:1:107910185]><>" slapped "toocozyy<123><[U:1:176823179]><>" (damage "0")
L 09/25/2020 - 23:34:31: [playercommands.smx] "Nezzie<102><[U:1:107910185]><>" slapped "toocozyy<123><[U:1:176823179]><>" (damage "0")
L 09/25/2020 - 23:34:31: [playercommands.smx] "Nezzie<102><[U:1:107910185]><>" slapped "toocozyy<123><[U:1:176823179]><>" (damage "0")
L 09/25/2020 - 23:34:31: [playercommands.smx] "Nezzie<102><[U:1:107910185]><>" slapped "toocozyy<123><[U:1:176823179]><>" (damage "0")
L 09/25/2020 - 23:34:32: [playercommands.smx] "Nezzie<102><[U:1:107910185]><>" slapped "toocozyy<123><[U:1:176823179]><>" (damage "0")
L 09/25/2020 - 23:34:32: [playercommands.smx] "Nezzie<102><[U:1:107910185]><>" slapped "toocozyy<123><[U:1:176823179]><>" (damage "0")
L 09/25/2020 - 23:34:32: [playercommands.smx] "Nezzie<102><[U:1:107910185]><>" slapped "toocozyy<123><[U:1:176823179]><>" (damage "0")
L 09/25/2020 - 23:34:32: [playercommands.smx] "Nezzie<102><[U:1:107910185]><>" slapped "toocozyy<123><[U:1:176823179]><>" (damage "0")
L 09/25/2020 - 23:34:32: [playercommands.smx] "Nezzie<102><[U:1:107910185]><>" slapped "toocozyy<123><[U:1:176823179]><>" (damage "0")
L 09/25/2020 - 23:34:32: [playercommands.smx] "Nezzie<102><[U:1:107910185]><>" slapped "toocozyy<123><[U:1:176823179]><>" (damage "0")
L 09/25/2020 - 23:34:33: [playercommands.smx] "Nezzie<102><[U:1:107910185]><>" slapped "toocozyy<123><[U:1:176823179]><>" (damage "0")
L 09/25/2020 - 23:34:33: [playercommands.smx] "Nezzie<102><[U:1:107910185]><>" slapped "toocozyy<123><[U:1:176823179]><>" (damage "0")
L 09/25/2020 - 23:34:33: [playercommands.smx] "Nezzie<102><[U:1:107910185]><>" slapped "toocozyy<123><[U:1:176823179]><>" (damage "0")
L 09/25/2020 - 23:34:33: [playercommands.smx] "Nezzie<102><[U:1:107910185]><>" slapped "toocozyy<123><[U:1:176823179]><>" (damage "0")
L 09/25/2020 - 23:34:37: [funcommands.smx] "Nezzie<102><[U:1:107910185]><>" set gravity on "DWW<122><[U:1:172008346]><>" (amount "1.000000")
L 09/25/2020 - 23:34:37: [funcommands.smx] "Nezzie<102><[U:1:107910185]><>" set gravity on "FISH (ART COMMISSIONS CLOSED)<109><[U:1:445849108]><>" (amount "1.000000")
L 09/25/2020 - 23:34:37: [funcommands.smx] "Nezzie<102><[U:1:107910185]><>" set gravity on "toocozyy<123><[U:1:176823179]><>" (amount "1.000000")
L 09/25/2020 - 23:34:44: [funcommands.smx] "Nezzie<102><[U:1:107910185]><>" set gravity on "DWW<122><[U:1:172008346]><>" (amount "10000.000000")
L 09/25/2020 - 23:35:09: [funcommands.smx] "Nezzie<102><[U:1:107910185]><>" set gravity on "Nezzie<102><[U:1:107910185]><>" (amount "0.000000")
L 09/25/2020 - 23:35:09: [funcommands.smx] "Nezzie<102><[U:1:107910185]><>" set gravity on "DWW<122><[U:1:172008346]><>" (amount "0.000000")
L 09/25/2020 - 23:35:09: [funcommands.smx] "Nezzie<102><[U:1:107910185]><>" set gravity on "FISH (ART COMMISSIONS CLOSED)<109><[U:1:445849108]><>" (amount "0.000000")
L 09/25/2020 - 23:35:09: [funcommands.smx] "Nezzie<102><[U:1:107910185]><>" set gravity on "toocozyy<123><[U:1:176823179]><>" (amount "0.000000")
L 09/25/2020 - 23:36:13: [funcommands.smx] "Nezzie<102><[U:1:107910185]><>" set gravity on "Nezzie<102><[U:1:107910185]><>" (amount "1000000.000000")
L 09/25/2020 - 23:36:13: [funcommands.smx] "Nezzie<102><[U:1:107910185]><>" set gravity on "DWW<122><[U:1:172008346]><>" (amount "1000000.000000")
L 09/25/2020 - 23:36:13: [funcommands.smx] "Nezzie<102><[U:1:107910185]><>" set gravity on "FISH (ART COMMISSIONS CLOSED)<109><[U:1:445849108]><>" (amount "1000000.000000")
L 09/25/2020 - 23:36:13: [funcommands.smx] "Nezzie<102><[U:1:107910185]><>" set gravity on "toocozyy<123><[U:1:176823179]><>" (amount "1000000.000000")
L 09/25/2020 - 23:36:23: [funcommands.smx] "Nezzie<102><[U:1:107910185]><>" set gravity on "Nezzie<102><[U:1:107910185]><>" (amount "100000.000000")
L 09/25/2020 - 23:36:23: [funcommands.smx] "Nezzie<102><[U:1:107910185]><>" set gravity on "DWW<122><[U:1:172008346]><>" (amount "100000.000000")
L 09/25/2020 - 23:36:23: [funcommands.smx] "Nezzie<102><[U:1:107910185]><>" set gravity on "FISH (ART COMMISSIONS CLOSED)<109><[U:1:445849108]><>" (amount "100000.000000")
L 09/25/2020 - 23:36:23: [funcommands.smx] "Nezzie<102><[U:1:107910185]><>" set gravity on "toocozyy<123><[U:1:176823179]><>" (amount "100000.000000")
L 09/25/2020 - 23:53:28: [mapchooser_extended.smx] Voting for next map has started.
L 09/30/2020 - 01:58:45: Log file closed.
