L 12/01/2020 - 06:23:09: SourceMod log file session started (file "/home/steamsrv/tf2/tf/addons/sourcemod/logs/L20201201.log") (Version "1.10.0.6490")
L 12/01/2020 - 06:23:09: [SM] Changed map to "vsh_area_54tress_b4"
L 12/01/2020 - 06:23:12: -------- Mapchange to vsh_area_54tress_b4 --------
L 12/01/2020 - 06:23:22: [mapchooser_extended.smx] Loaded map list for tf.
L 12/01/2020 - 06:43:40: [mapchooser_extended.smx] Voting for next map has started.
L 12/01/2020 - 06:43:45: [mapchooser_extended.smx] Voting for next map has finished. Nextmap: vsh_skyhigh_resort_b8_sg4.
L 12/01/2020 - 06:54:10: [SM] Changed map to "vsh_skyhigh_resort_b8_sg4"
L 12/01/2020 - 06:54:11: -------- Mapchange to vsh_skyhigh_resort_b8_sg4 --------
L 12/01/2020 - 06:54:23: [mapchooser_extended.smx] Loaded map list for tf.
L 12/01/2020 - 07:14:36: [mapchooser_extended.smx] Voting for next map has started.
L 12/01/2020 - 09:25:31: [SM] Changed map to "vsh_yammoe_rc3"
L 12/01/2020 - 09:25:36: -------- Mapchange to vsh_yammoe_rc3 --------
L 12/01/2020 - 09:25:46: [mapchooser_extended.smx] Loaded map list for tf.
L 12/01/2020 - 09:46:03: [mapchooser_extended.smx] Voting for next map has started.
L 12/01/2020 - 17:38:08: [SM] Changed map to "vsh_gyros_v5"
L 12/01/2020 - 17:38:12: -------- Mapchange to vsh_gyros_v5 --------
L 12/01/2020 - 17:38:23: [mapchooser_extended.smx] Loaded map list for tf.
L 12/01/2020 - 17:58:37: [mapchooser_extended.smx] Voting for next map has started.
L 12/01/2020 - 23:28:24: [SM] Changed map to "vsh_tranquil_b5"
L 12/01/2020 - 23:28:27: -------- Mapchange to vsh_tranquil_b5 --------
L 12/01/2020 - 23:28:37: [mapchooser_extended.smx] Loaded map list for tf.
L 12/01/2020 - 23:48:51: [mapchooser_extended.smx] Voting for next map has started.
L 12/02/2020 - 21:11:10: Log file closed.
