L 08/06/2021 - 20:51:55: SourceMod log file session started (file "/home/frenzoid/TF2_FF2/tf/addons/sourcemod/logs/L20210806.log") (Version "1.10.0.6490")
L 08/06/2021 - 20:51:55: [SM] Changed map to "vsh_aquaticbase_b5"
L 08/06/2021 - 20:51:59: -------- Mapchange to vsh_aquaticbase_b5 --------
L 08/06/2021 - 20:52:07: [mapchooser_extended.smx] Loaded map list for tf.
L 08/06/2021 - 21:12:24: [mapchooser_extended.smx] Voting for next map has started.
L 08/06/2021 - 22:27:37: [SM] Changed map to "vsh_west_fix"
L 08/06/2021 - 22:27:39: -------- Mapchange to vsh_west_fix --------
L 08/06/2021 - 22:27:45: [mapchooser_extended.smx] Loaded map list for tf.
L 08/06/2021 - 22:48:01: [mapchooser_extended.smx] Voting for next map has started.
L 08/06/2021 - 22:48:32: [mapchooser_extended.smx] Voting for next map has finished. Nextmap: vsh_warebloom_r1a.
L 08/06/2021 - 22:50:04: [basechat.smx] "Console<0><Console><Console>" triggered sm_say (text The round time has ended, omaewa-mou shindeiru)
L 08/06/2021 - 22:50:04: [playercommands.smx] "Console<0><Console><Console>" slayed "OOOODEMOMAN<40><[U:1:1213768871]><>"
L 08/06/2021 - 22:50:04: [playercommands.smx] "Console<0><Console><Console>" slayed "friendzworld.crew<41><[U:1:1021353014]><>"
L 08/06/2021 - 22:57:57: [SM] Changed map to "vsh_warebloom_r1a"
L 08/06/2021 - 22:57:58: -------- Mapchange to vsh_warebloom_r1a --------
L 08/06/2021 - 22:58:05: [mapchooser_extended.smx] Loaded map list for tf.
L 08/06/2021 - 23:08:21: [nominations_extended.smx] Napalm nominated vsh_skyhigh_resort_b8_sg4
L 08/06/2021 - 23:15:17: [mapchooser_extended.smx] Starting map vote because outside request
L 08/06/2021 - 23:15:33: [mapchooser_extended.smx] Voting for next map has started.
L 08/06/2021 - 23:16:03: [mapchooser_extended.smx] Voting for next map has finished. Nextmap: vsh_skyhigh_resort_b8_sg4.
L 08/06/2021 - 23:16:07: [SM] Changed map to "vsh_skyhigh_resort_b8_sg4"
L 08/06/2021 - 23:16:09: -------- Mapchange to vsh_skyhigh_resort_b8_sg4 --------
L 08/06/2021 - 23:16:16: [mapchooser_extended.smx] Loaded map list for tf.
L 08/06/2021 - 23:36:31: [mapchooser_extended.smx] Voting for next map has started.
L 08/06/2021 - 23:37:01: [mapchooser_extended.smx] Voting for next map has finished. Nextmap: vsh_egyptyspot_reworked_b2b.
L 08/06/2021 - 23:46:43: [SM] Changed map to "vsh_egyptyspot_reworked_b2b"
L 08/06/2021 - 23:46:45: -------- Mapchange to vsh_egyptyspot_reworked_b2b --------
L 08/06/2021 - 23:46:53: [mapchooser_extended.smx] Loaded map list for tf.
