L 07/16/2020 - 00:17:33: SourceMod log file session started (file "/home/steamsrv/tf2/tf/addons/sourcemod/logs/L20200716.log") (Version "1.10.0.6490")
L 07/16/2020 - 00:17:33: [basecommands.smx] "Nezzie♥<62><[U:1:107910185]><>" changed map to "arena_lumberyard"
L 07/16/2020 - 00:17:36: [mapchooser_extended.smx] Voting for next map has started.
L 07/16/2020 - 00:17:36: [SM] Changed map to "arena_lumberyard"
L 07/16/2020 - 00:17:38: -------- Mapchange to arena_lumberyard --------
L 07/16/2020 - 00:17:50: [mapchooser_extended.smx] Loaded map list for tf.
L 07/16/2020 - 00:21:50: [playercommands.smx] "Nezzie♥<62><[U:1:107910185]><>" slayed "Delicious Cake<84><BOT><>"
L 07/16/2020 - 00:27:12: [playercommands.smx] "Nezzie♥<62><[U:1:107910185]><>" slayed "trigger_hurt<86><BOT><>"
L 07/16/2020 - 00:27:17: [basecommands.smx] "Nezzie♥<62><[U:1:107910185]><>" kicked "(1)test<88><BOT><>" (reason "")
L 07/16/2020 - 00:27:31: [playercommands.smx] "Nezzie♥<62><[U:1:107910185]><>" slayed "test<87><BOT><>"
L 07/16/2020 - 00:29:06: [playercommands.smx] "Nezzie♥<62><[U:1:107910185]><>" slayed "trigger_hurt<86><BOT><>"
L 07/16/2020 - 00:29:27: [playercommands.smx] "Nezzie♥<62><[U:1:107910185]><>" slayed "test<87><BOT><>"
L 07/16/2020 - 00:31:10: [playercommands.smx] "Nezzie♥<62><[U:1:107910185]><>" slayed "trigger_hurt<86><BOT><>"
L 07/16/2020 - 00:31:35: [playercommands.smx] "Nezzie♥<62><[U:1:107910185]><>" slayed "test<87><BOT><>"
L 07/16/2020 - 00:32:06: [playercommands.smx] "Nezzie♥<62><[U:1:107910185]><>" slayed "test<87><BOT><>"
L 07/16/2020 - 00:32:08: [playercommands.smx] "Nezzie♥<62><[U:1:107910185]><>" slayed "trigger_hurt<86><BOT><>"
L 07/16/2020 - 00:32:20: [playercommands.smx] "Nezzie♥<62><[U:1:107910185]><>" slayed "test<87><BOT><>"
L 07/16/2020 - 00:32:29: [playercommands.smx] "Nezzie♥<62><[U:1:107910185]><>" slayed "test<87><BOT><>"
L 07/16/2020 - 00:33:10: [playercommands.smx] "Nezzie♥<62><[U:1:107910185]><>" slayed "trigger_hurt<86><BOT><>"
L 07/16/2020 - 00:33:31: [playercommands.smx] "Nezzie♥<62><[U:1:107910185]><>" slayed "test<87><BOT><>"
L 07/16/2020 - 00:34:01: [basecommands.smx] "Nezzie♥<62><[U:1:107910185]><>" kicked "test<87><BOT><>" (reason "")
L 07/16/2020 - 00:35:23: [basecommands.smx] "Nezzie♥<62><[U:1:107910185]><>" kicked "test<89><BOT><>" (reason "")
L 07/16/2020 - 00:37:14: [basecommands.smx] "Nezzie♥<62><[U:1:107910185]><>" changed map to "arena_lumberyard"
L 07/16/2020 - 00:37:17: [SM] Changed map to "arena_lumberyard"
L 07/16/2020 - 00:37:20: -------- Mapchange to arena_lumberyard --------
L 07/16/2020 - 00:37:32: [mapchooser_extended.smx] Loaded map list for tf.
L 07/16/2020 - 00:38:14: [playercommands.smx] "Nezzie♥<62><[U:1:107910185]><>" slayed "Divide by Zero<90><BOT><>"
L 07/16/2020 - 00:39:56: [basecommands.smx] "Nezzie♥<62><[U:1:107910185]><>" changed map to "arena_lumberyard"
L 07/16/2020 - 00:39:59: [SM] Changed map to "arena_lumberyard"
L 07/16/2020 - 00:40:00: -------- Mapchange to arena_lumberyard --------
L 07/16/2020 - 00:40:14: [mapchooser_extended.smx] Loaded map list for tf.
L 07/16/2020 - 00:42:34: [basecommands.smx] "Nezzie♥<62><[U:1:107910185]><>" executed config (file "server.cfg")
L 07/16/2020 - 00:45:39: [basecommands.smx] "Nezzie♥<62><[U:1:107910185]><>" kicked "Crazed Gunman<94><BOT><>" (reason "")
L 07/16/2020 - 00:46:26: [playercommands.smx] "Nezzie♥<62><[U:1:107910185]><>" slayed "Freakin' Unbelievable<96><BOT><>"
L 07/16/2020 - 00:46:48: [playercommands.smx] "Nezzie♥<62><[U:1:107910185]><>" slayed "test<98><BOT><>"
L 07/16/2020 - 00:47:32: [playercommands.smx] "Nezzie♥<62><[U:1:107910185]><>" slayed "Poopy Joe<95><BOT><>"
L 07/16/2020 - 00:47:33: [playercommands.smx] "Nezzie♥<62><[U:1:107910185]><>" slayed "Freakin' Unbelievable<96><BOT><>"
L 07/16/2020 - 00:47:56: [playercommands.smx] "Nezzie♥<62><[U:1:107910185]><>" slayed "test<98><BOT><>"
L 07/16/2020 - 00:49:30: [basecommands.smx] "Nezzie♥<62><[U:1:107910185]><>" changed map to "arena_lumberyard"
L 07/16/2020 - 00:49:33: [SM] Changed map to "arena_lumberyard"
L 07/16/2020 - 00:49:36: -------- Mapchange to arena_lumberyard --------
L 07/16/2020 - 00:49:47: [mapchooser_extended.smx] Loaded map list for tf.
L 07/16/2020 - 00:50:39: [playercommands.smx] "Nezzie♥<62><[U:1:107910185]><>" slayed "Archimedes!<99><BOT><>"
L 07/16/2020 - 00:55:54: [basecommands.smx] "Nezzie♥<62><[U:1:107910185]><>" changed map to "arena_lumberyard"
L 07/16/2020 - 00:55:57: [SM] Changed map to "arena_lumberyard"
L 07/16/2020 - 00:55:59: -------- Mapchange to arena_lumberyard --------
L 07/16/2020 - 00:56:13: [mapchooser_extended.smx] Loaded map list for tf.
L 07/16/2020 - 00:58:32: [playercommands.smx] "Nezzie♥<104><[U:1:107910185]><>" slayed "Chucklenuts<105><BOT><>"
L 07/16/2020 - 00:59:58: [basecommands.smx] "Nezzie♥<104><[U:1:107910185]><>" changed map to "arena_lumberyard"
L 07/16/2020 - 01:00:01: [SM] Changed map to "arena_lumberyard"
L 07/16/2020 - 01:00:04: -------- Mapchange to arena_lumberyard --------
L 07/16/2020 - 01:00:21: [mapchooser_extended.smx] Loaded map list for tf.
L 07/16/2020 - 01:09:52: [basecommands.smx] "Nezzie♥<104><[U:1:107910185]><>" changed map to "arena_lumberyard"
L 07/16/2020 - 01:09:55: [SM] Changed map to "arena_lumberyard"
L 07/16/2020 - 01:09:58: -------- Mapchange to arena_lumberyard --------
L 07/16/2020 - 01:10:15: [mapchooser_extended.smx] Loaded map list for tf.
L 07/16/2020 - 01:11:55: [playercommands.smx] "Nezzie♥<104><[U:1:107910185]><>" slayed "Totally Not A Bot<113><BOT><>"
L 07/16/2020 - 01:12:55: [playercommands.smx] "Nezzie♥<104><[U:1:107910185]><>" slayed "Zepheniah Mann<114><BOT><>"
L 07/16/2020 - 01:12:56: [playercommands.smx] "Nezzie♥<104><[U:1:107910185]><>" slayed "Totally Not A Bot<113><BOT><>"
L 07/16/2020 - 01:13:44: [basecommands.smx] "Nezzie♥<104><[U:1:107910185]><>" changed map to "arena_lumberyard"
L 07/16/2020 - 01:13:47: [SM] Changed map to "arena_lumberyard"
L 07/16/2020 - 01:13:50: -------- Mapchange to arena_lumberyard --------
L 07/16/2020 - 01:14:01: [mapchooser_extended.smx] Loaded map list for tf.
L 07/16/2020 - 01:19:20: [basecommands.smx] "Nezzie♥<104><[U:1:107910185]><>" changed map to "arena_lumberyard"
L 07/16/2020 - 01:19:23: [SM] Changed map to "arena_lumberyard"
L 07/16/2020 - 01:19:26: -------- Mapchange to arena_lumberyard --------
L 07/16/2020 - 01:19:38: [mapchooser_extended.smx] Loaded map list for tf.
L 07/16/2020 - 01:21:02: [playercommands.smx] "Nezzie♥<104><[U:1:107910185]><>" slayed "BeepBeepBoop<120><BOT><>"
L 07/16/2020 - 01:21:03: [playercommands.smx] "Nezzie♥<104><[U:1:107910185]><>" slayed "CreditToTeam<121><BOT><>"
L 07/16/2020 - 01:22:36: [basecommands.smx] "Nezzie♥<104><[U:1:107910185]><>" changed map to "arena_lumberyard"
L 07/16/2020 - 01:22:39: [SM] Changed map to "arena_lumberyard"
L 07/16/2020 - 01:22:42: -------- Mapchange to arena_lumberyard --------
L 07/16/2020 - 01:22:54: [mapchooser_extended.smx] Loaded map list for tf.
L 07/16/2020 - 01:24:16: [playercommands.smx] "Nezzie♥<104><[U:1:107910185]><>" slayed "AmNot<124><BOT><>"
L 07/16/2020 - 01:24:17: [playercommands.smx] "Nezzie♥<104><[U:1:107910185]><>" slayed "Dog<123><BOT><>"
L 07/16/2020 - 01:37:33: [playercommands.smx] "Nezzie♥<104><[U:1:107910185]><>" slayed "Dog<123><BOT><>"
L 07/16/2020 - 01:37:33: [playercommands.smx] "Nezzie♥<104><[U:1:107910185]><>" slayed "Someone Else<122><BOT><>"
L 07/16/2020 - 01:43:08: [mapchooser_extended.smx] Voting for next map has started.
L 07/16/2020 - 01:43:28: [mapchooser_extended.smx] Voting for next map has finished. Nextmap: arena_ravine.
L 07/16/2020 - 01:48:44: [basecommands.smx] "Nezzie♥<104><[U:1:107910185]><>" changed map to "arena_lumberyard"
L 07/16/2020 - 01:48:47: [SM] Changed map to "arena_lumberyard"
L 07/16/2020 - 01:48:51: -------- Mapchange to arena_lumberyard --------
L 07/16/2020 - 01:49:07: [mapchooser_extended.smx] Loaded map list for tf.
L 07/16/2020 - 01:50:08: [playercommands.smx] "Nezzie♥<104><[U:1:107910185]><>" slayed "HI THERE<126><BOT><>"
L 07/16/2020 - 01:53:08: [playercommands.smx] "Nezzie♥<104><[U:1:107910185]><>" slayed "HI THERE<126><BOT><>"
L 07/16/2020 - 01:53:27: [playercommands.smx] "Nezzie♥<104><[U:1:107910185]><>" slayed "Headful of Eyeballs<128><BOT><>"
L 07/16/2020 - 01:53:46: [playercommands.smx] "Nezzie♥<104><[U:1:107910185]><>" slayed "GLaDOS<127><BOT><>"
L 07/16/2020 - 01:59:45: [playercommands.smx] "Nezzie♥<104><[U:1:107910185]><>" slayed "Headful of Eyeballs<128><BOT><>"
L 07/16/2020 - 02:09:29: [mapchooser_extended.smx] Voting for next map has started.
L 07/16/2020 - 02:10:26: [basecommands.smx] "Nezzie♥<104><[U:1:107910185]><>" changed map to "arena_lumberyard"
L 07/16/2020 - 02:10:29: [SM] Changed map to "arena_lumberyard"
L 07/16/2020 - 02:10:33: -------- Mapchange to arena_lumberyard --------
L 07/16/2020 - 02:10:46: [mapchooser_extended.smx] Loaded map list for tf.
L 07/16/2020 - 02:14:42: [playercommands.smx] "Nezzie♥<104><[U:1:107910185]><>" slayed "GutsAndGlory!<132><BOT><>"
L 07/16/2020 - 02:14:49: [playercommands.smx] "Nezzie♥<104><[U:1:107910185]><>" slayed "AimBot<131><BOT><>"
L 07/16/2020 - 02:31:00: [mapchooser_extended.smx] Voting for next map has started.
L 07/16/2020 - 14:48:38: [SM] Changed map to "arena_offblast_final"
L 07/16/2020 - 14:48:42: -------- Mapchange to arena_offblast_final --------
L 07/16/2020 - 14:48:54: [mapchooser_extended.smx] Loaded map list for tf.
L 07/16/2020 - 15:09:08: [mapchooser_extended.smx] Voting for next map has started.
L 07/16/2020 - 19:16:24: [basecommands.smx] "Nezzie♥<142><[U:1:107910185]><>" changed map to "arena_lumberyard"
L 07/16/2020 - 19:16:27: [SM] Changed map to "arena_lumberyard"
L 07/16/2020 - 19:16:33: -------- Mapchange to arena_lumberyard --------
L 07/16/2020 - 19:16:46: [mapchooser_extended.smx] Loaded map list for tf.
L 07/16/2020 - 19:19:53: [playercommands.smx] "Nezzie♥<142><[U:1:107910185]><>" slayed "Divide by Zero<146><BOT><>"
L 07/16/2020 - 19:20:34: [playercommands.smx] "Nezzie♥<142><[U:1:107910185]><>" slayed "Big Mean Muther Hubbard<148><BOT><>"
L 07/16/2020 - 19:24:15: [playercommands.smx] "Nezzie♥<142><[U:1:107910185]><>" slayed "MoreGun<147><BOT><>"
L 07/16/2020 - 19:24:16: [playercommands.smx] "Nezzie♥<142><[U:1:107910185]><>" slayed "Big Mean Muther Hubbard<148><BOT><>"
L 07/16/2020 - 19:26:28: [playercommands.smx] "Nezzie♥<142><[U:1:107910185]><>" slayed "Big Mean Muther Hubbard<148><BOT><>"
L 07/16/2020 - 19:32:53: [funcommands.smx] "Nezzie♥<142><[U:1:107910185]><>" froze "test<149><BOT><>"
L 07/16/2020 - 19:37:00: [mapchooser_extended.smx] Voting for next map has started.
L 07/16/2020 - 19:37:03: [mapchooser_extended.smx] Voting for next map has finished. Nextmap: vsh_tranquil_b5.
L 07/16/2020 - 19:37:35: [playercommands.smx] "Nezzie♥<142><[U:1:107910185]><>" slayed "test1<150><BOT><>"
L 07/16/2020 - 19:44:23: [playercommands.smx] "Nezzie♥<142><[U:1:107910185]><>" slayed "Big Mean Muther Hubbard<148><BOT><>"
L 07/16/2020 - 19:45:19: [basecommands.smx] "Nezzie♥<142><[U:1:107910185]><>" changed map to "arena_lumberyard"
L 07/16/2020 - 19:45:22: [SM] Changed map to "arena_lumberyard"
L 07/16/2020 - 19:45:26: -------- Mapchange to arena_lumberyard --------
L 07/16/2020 - 19:45:37: [mapchooser_extended.smx] Loaded map list for tf.
L 07/16/2020 - 19:47:40: [basecommands.smx] "Nezzie♥<142><[U:1:107910185]><>" changed map to "arena_lumberyard"
L 07/16/2020 - 19:47:43: [SM] Changed map to "arena_lumberyard"
L 07/16/2020 - 19:47:46: -------- Mapchange to arena_lumberyard --------
L 07/16/2020 - 19:47:57: [mapchooser_extended.smx] Loaded map list for tf.
L 07/16/2020 - 19:50:06: [playercommands.smx] "Nezzie♥<142><[U:1:107910185]><>" slayed "The Administrator<154><BOT><>"
L 07/16/2020 - 19:52:32: [basecommands.smx] "Nezzie♥<142><[U:1:107910185]><>" changed map to "arena_lumberyard"
L 07/16/2020 - 19:52:35: [SM] Changed map to "arena_lumberyard"
L 07/16/2020 - 19:52:39: -------- Mapchange to arena_lumberyard --------
L 07/16/2020 - 19:52:50: [mapchooser_extended.smx] Loaded map list for tf.
L 07/16/2020 - 19:53:39: [playercommands.smx] "Nezzie♥<142><[U:1:107910185]><>" slapped "Kill Me<157><BOT><>" (damage "0")
L 07/16/2020 - 19:53:40: [playercommands.smx] "Nezzie♥<142><[U:1:107910185]><>" slapped "Kill Me<157><BOT><>" (damage "0")
L 07/16/2020 - 19:53:40: [playercommands.smx] "Nezzie♥<142><[U:1:107910185]><>" slapped "Kill Me<157><BOT><>" (damage "0")
L 07/16/2020 - 19:53:40: [playercommands.smx] "Nezzie♥<142><[U:1:107910185]><>" slapped "Kill Me<157><BOT><>" (damage "0")
L 07/16/2020 - 19:53:40: [playercommands.smx] "Nezzie♥<142><[U:1:107910185]><>" slapped "Kill Me<157><BOT><>" (damage "0")
L 07/16/2020 - 19:53:40: [playercommands.smx] "Nezzie♥<142><[U:1:107910185]><>" slapped "Kill Me<157><BOT><>" (damage "0")
L 07/16/2020 - 19:53:41: [playercommands.smx] "Nezzie♥<142><[U:1:107910185]><>" slapped "Kill Me<157><BOT><>" (damage "0")
L 07/16/2020 - 19:53:41: [playercommands.smx] "Nezzie♥<142><[U:1:107910185]><>" slapped "Kill Me<157><BOT><>" (damage "0")
L 07/16/2020 - 19:53:41: [playercommands.smx] "Nezzie♥<142><[U:1:107910185]><>" slapped "Kill Me<157><BOT><>" (damage "0")
L 07/16/2020 - 19:53:41: [playercommands.smx] "Nezzie♥<142><[U:1:107910185]><>" slapped "Kill Me<157><BOT><>" (damage "0")
L 07/16/2020 - 19:53:42: [playercommands.smx] "Nezzie♥<142><[U:1:107910185]><>" slapped "Kill Me<157><BOT><>" (damage "0")
L 07/16/2020 - 19:53:42: [playercommands.smx] "Nezzie♥<142><[U:1:107910185]><>" slapped "Kill Me<157><BOT><>" (damage "0")
L 07/16/2020 - 19:53:43: [playercommands.smx] "Nezzie♥<142><[U:1:107910185]><>" slapped "Kill Me<157><BOT><>" (damage "0")
L 07/16/2020 - 19:53:43: [playercommands.smx] "Nezzie♥<142><[U:1:107910185]><>" slapped "Kill Me<157><BOT><>" (damage "0")
L 07/16/2020 - 19:53:43: [playercommands.smx] "Nezzie♥<142><[U:1:107910185]><>" slapped "Kill Me<157><BOT><>" (damage "0")
L 07/16/2020 - 19:53:44: [playercommands.smx] "Nezzie♥<142><[U:1:107910185]><>" slapped "Kill Me<157><BOT><>" (damage "0")
L 07/16/2020 - 19:53:44: [playercommands.smx] "Nezzie♥<142><[U:1:107910185]><>" slapped "Kill Me<157><BOT><>" (damage "0")
L 07/16/2020 - 19:53:45: [playercommands.smx] "Nezzie♥<142><[U:1:107910185]><>" slapped "Kill Me<157><BOT><>" (damage "0")
L 07/16/2020 - 19:54:32: [playercommands.smx] "Nezzie♥<142><[U:1:107910185]><>" slayed "Kill Me<157><BOT><>"
L 07/16/2020 - 19:57:04: [playercommands.smx] "Nezzie♥<142><[U:1:107910185]><>" slayed "Kill Me<157><BOT><>"
L 07/16/2020 - 19:57:17: [playercommands.smx] "Nezzie♥<142><[U:1:107910185]><>" slayed "Chucklenuts<158><BOT><>"
L 07/16/2020 - 20:04:01: [basecommands.smx] "Nezzie♥<142><[U:1:107910185]><>" changed map to "arena_lumberyard"
L 07/16/2020 - 20:04:04: [SM] Changed map to "arena_lumberyard"
L 07/16/2020 - 20:04:08: -------- Mapchange to arena_lumberyard --------
L 07/16/2020 - 20:04:21: [mapchooser_extended.smx] Loaded map list for tf.
L 07/16/2020 - 20:06:06: [basecommands.smx] "Nezzie♥<142><[U:1:107910185]><>" changed map to "arena_lumberyard"
L 07/16/2020 - 20:06:09: [SM] Changed map to "arena_lumberyard"
L 07/16/2020 - 20:06:13: -------- Mapchange to arena_lumberyard --------
L 07/16/2020 - 20:06:24: [mapchooser_extended.smx] Loaded map list for tf.
L 07/16/2020 - 20:26:38: [mapchooser_extended.smx] Voting for next map has started.
L 07/16/2020 - 22:08:55: [basecommands.smx] "Nezzie♥<166><[U:1:107910185]><>" changed map to "arena_lumberyard"
L 07/16/2020 - 22:08:59: [SM] Changed map to "arena_lumberyard"
L 07/16/2020 - 22:09:04: -------- Mapchange to arena_lumberyard --------
L 07/16/2020 - 22:09:17: [mapchooser_extended.smx] Loaded map list for tf.
L 07/16/2020 - 22:10:00: [funcommands.smx] "Nezzie♥<166><[U:1:107910185]><>" toggled noclip on "Nezzie♥<166><[U:1:107910185]><>"
L 07/16/2020 - 22:10:02: [funcommands.smx] "Nezzie♥<166><[U:1:107910185]><>" toggled noclip on "Nezzie♥<166><[U:1:107910185]><>"
L 07/16/2020 - 22:10:21: [basecommands.smx] "Nezzie♥<166><[U:1:107910185]><>" changed map to "arena_lumberyard"
L 07/16/2020 - 22:10:24: [SM] Changed map to "arena_lumberyard"
L 07/16/2020 - 22:10:28: -------- Mapchange to arena_lumberyard --------
L 07/16/2020 - 22:10:39: [mapchooser_extended.smx] Loaded map list for tf.
L 07/16/2020 - 22:11:38: [basecommands.smx] "MrFrenzoid<173><[U:1:91292555]><>" changed map to "trade_plaza"
L 07/16/2020 - 22:11:41: [SM] Changed map to "trade_plaza"
L 07/16/2020 - 22:11:46: -------- Mapchange to trade_plaza --------
L 07/16/2020 - 22:11:59: [mapchooser_extended.smx] Loaded map list for tf.
L 07/16/2020 - 22:30:30: [funcommands.smx] "Nezzie♥<166><[U:1:107910185]><>" froze "GLaDOS<179><BOT><>"
L 07/16/2020 - 22:33:10: [mapchooser_extended.smx] Voting for next map has started.
L 07/16/2020 - 22:33:30: [mapchooser_extended.smx] Voting for next map has finished. Nextmap: vsh_egyptyspot_v2.
L 07/16/2020 - 22:33:40: [funcommands.smx] "Nezzie♥<166><[U:1:107910185]><>" toggled noclip on "Nezzie♥<166><[U:1:107910185]><>"
L 07/16/2020 - 22:34:24: [funcommands.smx] "Nezzie♥<166><[U:1:107910185]><>" toggled noclip on "Nezzie♥<166><[U:1:107910185]><>"
L 07/16/2020 - 22:34:35: -------- Mapchange to vsh_palanquin_ship_novpk --------
L 07/16/2020 - 22:34:49: [mapchooser_extended.smx] Loaded map list for tf.
L 07/16/2020 - 22:38:56: [funcommands.smx] "Nezzie♥<166><[U:1:107910185]><>" set a beacon on "Aperture Science Prototype XR7<182><BOT><>"
L 07/16/2020 - 22:38:57: [funcommands.smx] "Nezzie♥<166><[U:1:107910185]><>" set a beacon on "AimBot<183><BOT><>"
L 07/16/2020 - 22:55:05: [mapchooser_extended.smx] Voting for next map has started.
L 07/16/2020 - 23:15:59: [basecommands.smx] "Nezzie♥<184><[U:1:107910185]><>" changed map to "vsh_palanquin_ship_novpk"
L 07/16/2020 - 23:16:02: [SM] Changed map to "vsh_palanquin_ship_novpk"
L 07/16/2020 - 23:16:09: -------- Mapchange to vsh_palanquin_ship_novpk --------
L 07/16/2020 - 23:16:22: [mapchooser_extended.smx] Loaded map list for tf.
L 07/16/2020 - 23:36:39: [mapchooser_extended.smx] Voting for next map has started.
L 07/16/2020 - 23:36:42: [mapchooser_extended.smx] Voting for next map has finished. Nextmap: vsh_egyptyspot_v2.
L 07/17/2020 - 12:58:52: Log file closed.
