L 12/09/2020 - 06:50:41: SourceMod log file session started (file "/home/steamsrv/tf2/tf/addons/sourcemod/logs/L20201209.log") (Version "1.10.0.6490")
L 12/09/2020 - 06:50:41: [SM] Changed map to "vsh_egyptyspot_v2"
L 12/09/2020 - 06:50:42: -------- Mapchange to vsh_egyptyspot_v2 --------
L 12/09/2020 - 06:50:52: [mapchooser_extended.smx] Loaded map list for tf.
L 12/09/2020 - 07:11:12: [mapchooser_extended.smx] Voting for next map has started.
L 12/09/2020 - 07:11:31: [mapchooser_extended.smx] Voting for next map has started.
L 12/09/2020 - 07:11:32: [mapchooser_extended.smx] Voting for next map has finished. Nextmap: vsh_area_54tress_b4.
L 12/09/2020 - 07:21:54: [SM] Changed map to "vsh_area_54tress_b4"
L 12/09/2020 - 07:21:57: -------- Mapchange to vsh_area_54tress_b4 --------
L 12/09/2020 - 07:22:07: [mapchooser_extended.smx] Loaded map list for tf.
L 12/09/2020 - 07:22:55: [mapchooser_extended.smx] Starting map vote because outside request
L 12/09/2020 - 07:23:11: [mapchooser_extended.smx] Voting for next map has started.
L 12/09/2020 - 07:23:13: [mapchooser_extended.smx] Voting for next map has finished. Nextmap: vsh_yammoe_rc3.
L 12/09/2020 - 07:23:17: [SM] Changed map to "vsh_yammoe_rc3"
L 12/09/2020 - 07:23:20: -------- Mapchange to vsh_yammoe_rc3 --------
L 12/09/2020 - 07:23:29: [mapchooser_extended.smx] Loaded map list for tf.
L 12/09/2020 - 07:43:44: [mapchooser_extended.smx] Voting for next map has started.
L 12/09/2020 - 18:33:04: [SM] Changed map to "vsh_tranquil_b5"
L 12/09/2020 - 18:33:07: -------- Mapchange to vsh_tranquil_b5 --------
L 12/09/2020 - 18:33:18: [mapchooser_extended.smx] Loaded map list for tf.
L 12/09/2020 - 18:53:32: [mapchooser_extended.smx] Voting for next map has started.
L 12/09/2020 - 18:53:35: [mapchooser_extended.smx] Voting for next map has finished. Nextmap: vsh_apg_v2_sg1.
L 12/09/2020 - 19:03:38: [SM] Changed map to "vsh_apg_v2_sg1"
L 12/09/2020 - 19:03:41: -------- Mapchange to vsh_apg_v2_sg1 --------
L 12/09/2020 - 19:03:51: [mapchooser_extended.smx] Loaded map list for tf.
L 12/09/2020 - 19:24:11: [mapchooser_extended.smx] Voting for next map has started.
L 12/09/2020 - 19:24:26: [mapchooser_extended.smx] Voting for next map has started.
L 12/09/2020 - 19:24:29: [mapchooser_extended.smx] Voting for next map has finished. Nextmap: vsh_impure_v3.
L 12/09/2020 - 19:34:17: [SM] Changed map to "vsh_impure_v3"
L 12/09/2020 - 19:34:21: -------- Mapchange to vsh_impure_v3 --------
L 12/09/2020 - 19:34:33: [mapchooser_extended.smx] Loaded map list for tf.
L 12/09/2020 - 19:54:49: [mapchooser_extended.smx] Voting for next map has started.
L 12/09/2020 - 19:55:09: [mapchooser_extended.smx] Voting for next map has finished. Nextmap: vsh_minegay_reworked_v2.
L 12/09/2020 - 20:05:22: [SM] Changed map to "vsh_minegay_reworked_v2"
L 12/09/2020 - 20:05:24: -------- Mapchange to vsh_minegay_reworked_v2 --------
L 12/09/2020 - 20:05:35: [mapchooser_extended.smx] Loaded map list for tf.
L 12/09/2020 - 20:25:50: [mapchooser_extended.smx] Voting for next map has started.
L 12/09/2020 - 20:26:17: [mapchooser_extended.smx] Voting for next map has started.
L 12/09/2020 - 20:26:38: [mapchooser_extended.smx] Voting for next map has finished. Nextmap: vsh_scoobydoo_v1.
L 12/09/2020 - 20:36:28: [SM] Changed map to "vsh_scoobydoo_v1"
L 12/09/2020 - 20:36:32: -------- Mapchange to vsh_scoobydoo_v1 --------
L 12/09/2020 - 20:36:42: [mapchooser_extended.smx] Loaded map list for tf.
L 12/09/2020 - 20:56:58: [mapchooser_extended.smx] Voting for next map has started.
