L 03/26/2021 - 09:30:45: SourceMod log file session started (file "/home/frenzoid/TF2_FF2/tf/addons/sourcemod/logs/L20210326.log") (Version "1.10.0.6490")
L 03/26/2021 - 09:30:45: [SM] Changed map to "vsh_skyhigh_resort_b8_sg4"
L 03/26/2021 - 09:30:47: -------- Mapchange to vsh_skyhigh_resort_b8_sg4 --------
L 03/26/2021 - 09:30:56: [mapchooser_extended.smx] Loaded map list for tf.
L 03/26/2021 - 09:51:14: [mapchooser_extended.smx] Voting for next map has started.
L 03/26/2021 - 09:51:35: [mapchooser_extended.smx] Voting for next map has finished. Nextmap: vsh_west_event.
L 03/26/2021 - 13:44:17: -------- Mapchange to vsh_nebula_rc1 --------
L 03/26/2021 - 13:44:25: [mapchooser_extended.smx] Loaded map list for tf.
L 03/26/2021 - 14:04:39: [mapchooser_extended.smx] Voting for next map has started.
L 03/26/2021 - 20:00:15: [SM] Changed map to "vsh_apg_reworked_b2"
L 03/26/2021 - 20:00:17: -------- Mapchange to vsh_apg_reworked_b2 --------
L 03/26/2021 - 20:00:24: [mapchooser_extended.smx] Loaded map list for tf.
L 03/26/2021 - 20:20:41: [mapchooser_extended.smx] Voting for next map has started.
L 03/26/2021 - 20:21:01: [mapchooser_extended.smx] Voting for next map has finished. Nextmap: vsh_dirtmound_b9.
L 03/26/2021 - 20:32:18: [SM] Changed map to "vsh_dirtmound_b9"
L 03/26/2021 - 20:32:20: -------- Mapchange to vsh_dirtmound_b9 --------
L 03/26/2021 - 20:32:27: [mapchooser_extended.smx] Loaded map list for tf.
L 03/26/2021 - 20:52:44: [mapchooser_extended.smx] Voting for next map has started.
L 03/26/2021 - 20:53:11: [mapchooser_extended.smx] Voting for next map has started.
L 03/26/2021 - 20:53:22: [mapchooser_extended.smx] Voting for next map has finished. Nextmap: vsh_skyhigh_resort_b8_sg4.
L 03/26/2021 - 21:03:46: [SM] Changed map to "vsh_skyhigh_resort_b8_sg4"
L 03/26/2021 - 21:03:47: -------- Mapchange to vsh_skyhigh_resort_b8_sg4 --------
L 03/26/2021 - 21:03:54: [mapchooser_extended.smx] Loaded map list for tf.
L 03/26/2021 - 21:24:09: [mapchooser_extended.smx] Voting for next map has started.
L 03/28/2021 - 06:04:20: Log file closed.
