L 12/04/2020 - 00:01:17: SourceMod log file session started (file "/home/steamsrv/tf2/tf/addons/sourcemod/logs/L20201204.log") (Version "1.10.0.6490")
L 12/04/2020 - 00:01:17: [respawn.smx] "Nezzie<2><[U:1:107910185]><>" respawned "Nezzie<2><[U:1:107910185]><>"
L 12/04/2020 - 00:05:46: [respawn.smx] "Nezzie<2><[U:1:107910185]><>" respawned "Shifu<9><[U:1:236766437]><>"
L 12/04/2020 - 00:06:29: [respawn.smx] "Nezzie<2><[U:1:107910185]><>" respawned "Dozii<8><[U:1:94212661]><>"
L 12/04/2020 - 00:07:24: [respawn.smx] "Nezzie<2><[U:1:107910185]><>" respawned "Hailstorm<7><[U:1:181986054]><>"
L 12/04/2020 - 00:10:26: [respawn.smx] "Nezzie<2><[U:1:107910185]><>" respawned "mute<10><[U:1:395117391]><>"
L 12/04/2020 - 00:10:26: [respawn.smx] "Nezzie<2><[U:1:107910185]><>" respawned "Hailstorm<7><[U:1:181986054]><>"
L 12/04/2020 - 00:10:26: [respawn.smx] "Nezzie<2><[U:1:107910185]><>" respawned "Dozii<8><[U:1:94212661]><>"
L 12/04/2020 - 00:10:32: [respawn.smx] "Nezzie<2><[U:1:107910185]><>" respawned "Nezzie<2><[U:1:107910185]><>"
L 12/04/2020 - 00:11:10: [respawn.smx] "Nezzie<2><[U:1:107910185]><>" respawned "Nezzie<2><[U:1:107910185]><>"
L 12/04/2020 - 00:11:39: [mapchooser_extended.smx] Voting for next map has started.
L 12/04/2020 - 00:12:00: [mapchooser_extended.smx] Voting for next map has finished. Nextmap: vsh_egyptyspot_v2.
L 12/04/2020 - 00:12:53: [respawn.smx] "Nezzie<2><[U:1:107910185]><>" respawned "Shifu<9><[U:1:236766437]><>"
L 12/04/2020 - 00:13:35: [basechat.smx] "Console<0><Console><Console>" triggered sm_say (text The round time has ended, omaewa-mou shindeiru)
L 12/04/2020 - 00:13:35: [playercommands.smx] "Console<0><Console><Console>" slayed "Nezzie<2><[U:1:107910185]><>"
L 12/04/2020 - 00:13:35: [playercommands.smx] "Console<0><Console><Console>" slayed "mute<10><[U:1:395117391]><>"
L 12/04/2020 - 00:13:35: [playercommands.smx] "Console<0><Console><Console>" slayed "Draconic (Azel)<6><[U:1:101368949]><>"
L 12/04/2020 - 00:13:35: [playercommands.smx] "Console<0><Console><Console>" slayed "Hailstorm<7><[U:1:181986054]><>"
L 12/04/2020 - 00:13:35: [playercommands.smx] "Console<0><Console><Console>" slayed "Dozii<8><[U:1:94212661]><>"
L 12/04/2020 - 00:15:10: [funcommandsX.smx] Game detected as Team Fortress 2: Source (GAME_TF2)
L 12/04/2020 - 00:15:10: [simple-chatprocessor.smx] [SCP] Recognized mod [Team Fortress 2].
L 12/04/2020 - 00:15:10: [simple-chatprocessor.smx] [SCP] Loading translation file [scp.tf.phrases].
L 12/04/2020 - 00:15:10: [freak_fortress_2.smx] Freak Fortress 2 199001 Loading...
L 12/04/2020 - 00:15:10: [mapchooser_extended.smx] Loaded map list for tf.
L 12/04/2020 - 00:15:27: [mapchooser_extended.smx] Voting for next map has started.
L 12/04/2020 - 00:15:48: [mapchooser_extended.smx] Voting for next map has finished. Nextmap: vsh_Hakurei_Winter_v2.
L 12/04/2020 - 00:18:23: [respawn.smx] "Nezzie<2><[U:1:107910185]><>" respawned "Nezzie<2><[U:1:107910185]><>"
L 12/04/2020 - 00:22:00: [respawn.smx] "Nezzie<2><[U:1:107910185]><>" respawned "mute<10><[U:1:395117391]><>"
L 12/04/2020 - 00:22:38: [basechat.smx] "Nezzie<2><[U:1:107910185]><>" triggered sm_csay (text everyone pay attention to chat)
L 12/04/2020 - 00:23:29: [basechat.smx] "Console<0><Console><Console>" triggered sm_say (text The round time has ended, omaewa-mou shindeiru)
L 12/04/2020 - 00:23:29: [playercommands.smx] "Console<0><Console><Console>" slayed "Nezzie<2><[U:1:107910185]><>"
L 12/04/2020 - 00:23:29: [playercommands.smx] "Console<0><Console><Console>" slayed "mute<10><[U:1:395117391]><>"
L 12/04/2020 - 00:23:29: [playercommands.smx] "Console<0><Console><Console>" slayed "Draconic (Azel)<6><[U:1:101368949]><>"
L 12/04/2020 - 00:23:29: [playercommands.smx] "Console<0><Console><Console>" slayed "Hailstorm<7><[U:1:181986054]><>"
L 12/04/2020 - 00:23:29: [playercommands.smx] "Console<0><Console><Console>" slayed "Dozii<8><[U:1:94212661]><>"
L 12/04/2020 - 00:23:29: [playercommands.smx] "Console<0><Console><Console>" slayed "Shifu<9><[U:1:236766437]><>"
L 12/04/2020 - 00:23:47: [SM] Changed map to "vsh_Hakurei_Winter_v2"
L 12/04/2020 - 00:23:51: -------- Mapchange to vsh_Hakurei_Winter_v2 --------
L 12/04/2020 - 00:24:00: [mapchooser_extended.smx] Loaded map list for tf.
L 12/04/2020 - 00:25:24: [basecommands.smx] "Nezzie<2><[U:1:107910185]><>" changed map to "vsh_area_54tress_b4"
L 12/04/2020 - 00:25:27: [SM] Changed map to "vsh_area_54tress_b4"
L 12/04/2020 - 00:25:30: -------- Mapchange to vsh_area_54tress_b4 --------
L 12/04/2020 - 00:25:39: [mapchooser_extended.smx] Loaded map list for tf.
L 12/04/2020 - 00:31:25: [respawn.smx] "Nezzie<2><[U:1:107910185]><>" respawned "Hailstorm<7><[U:1:181986054]><>"
L 12/04/2020 - 00:31:26: [respawn.smx] "Nezzie<2><[U:1:107910185]><>" respawned "Shifu<9><[U:1:236766437]><>"
L 12/04/2020 - 00:33:44: [funcommandsX.smx] Game detected as Team Fortress 2: Source (GAME_TF2)
L 12/04/2020 - 00:33:44: [simple-chatprocessor.smx] [SCP] Recognized mod [Team Fortress 2].
L 12/04/2020 - 00:33:44: [simple-chatprocessor.smx] [SCP] Loading translation file [scp.tf.phrases].
L 12/04/2020 - 00:33:44: [freak_fortress_2.smx] Freak Fortress 2 199001 Loading...
L 12/04/2020 - 00:33:46: [mapchooser_extended.smx] Loaded map list for tf.
L 12/04/2020 - 00:37:32: [funcommandsX.smx] Game detected as Team Fortress 2: Source (GAME_TF2)
L 12/04/2020 - 00:37:32: [simple-chatprocessor.smx] [SCP] Recognized mod [Team Fortress 2].
L 12/04/2020 - 00:37:32: [simple-chatprocessor.smx] [SCP] Loading translation file [scp.tf.phrases].
L 12/04/2020 - 00:37:33: [freak_fortress_2.smx] Freak Fortress 2 199001 Loading...
L 12/04/2020 - 00:37:33: [mapchooser_extended.smx] Loaded map list for tf.
L 12/04/2020 - 00:38:45: [respawn.smx] "Nezzie<2><[U:1:107910185]><>" respawned "Nezzie<2><[U:1:107910185]><>"
L 12/04/2020 - 00:40:05: [respawn.smx] "Nezzie<2><[U:1:107910185]><>" respawned "mute<10><[U:1:395117391]><>"
L 12/04/2020 - 00:40:05: [respawn.smx] "Nezzie<2><[U:1:107910185]><>" respawned "Shifu<9><[U:1:236766437]><>"
L 12/04/2020 - 00:45:51: [basechat.smx] "Console<0><Console><Console>" triggered sm_say (text The round time has ended, omaewa-mou shindeiru)
L 12/04/2020 - 00:45:51: [playercommands.smx] "Console<0><Console><Console>" slayed "Nezzie<2><[U:1:107910185]><>"
L 12/04/2020 - 00:45:51: [playercommands.smx] "Console<0><Console><Console>" slayed "mute<10><[U:1:395117391]><>"
L 12/04/2020 - 00:45:51: [playercommands.smx] "Console<0><Console><Console>" slayed "Draconic (Azel)<6><[U:1:101368949]><>"
L 12/04/2020 - 00:45:51: [playercommands.smx] "Console<0><Console><Console>" slayed "Hailstorm<7><[U:1:181986054]><>"
L 12/04/2020 - 00:45:51: [playercommands.smx] "Console<0><Console><Console>" slayed "Dozii<8><[U:1:94212661]><>"
L 12/04/2020 - 00:45:58: [mapchooser_extended.smx] Voting for next map has started.
L 12/04/2020 - 00:46:19: [mapchooser_extended.smx] Voting for next map has finished. Nextmap: vsh_crevice_b5.
L 12/04/2020 - 00:46:54: [funcommandsX.smx] Game detected as Team Fortress 2: Source (GAME_TF2)
L 12/04/2020 - 00:46:54: [simple-chatprocessor.smx] [SCP] Recognized mod [Team Fortress 2].
L 12/04/2020 - 00:46:54: [simple-chatprocessor.smx] [SCP] Loading translation file [scp.tf.phrases].
L 12/04/2020 - 00:46:55: [freak_fortress_2.smx] Freak Fortress 2 199001 Loading...
L 12/04/2020 - 00:46:55: [mapchooser_extended.smx] Loaded map list for tf.
L 12/04/2020 - 00:47:11: [mapchooser_extended.smx] Voting for next map has started.
L 12/04/2020 - 00:47:32: [mapchooser_extended.smx] Voting for next map has finished. Nextmap: vsh_nebula_rc1.
L 12/04/2020 - 00:49:01: [funcommandsX.smx] Game detected as Team Fortress 2: Source (GAME_TF2)
L 12/04/2020 - 00:49:01: [simple-chatprocessor.smx] [SCP] Recognized mod [Team Fortress 2].
L 12/04/2020 - 00:49:01: [simple-chatprocessor.smx] [SCP] Loading translation file [scp.tf.phrases].
L 12/04/2020 - 00:49:02: [freak_fortress_2.smx] Freak Fortress 2 199001 Loading...
L 12/04/2020 - 00:49:02: [mapchooser_extended.smx] Loaded map list for tf.
L 12/04/2020 - 00:49:18: [mapchooser_extended.smx] Voting for next map has started.
L 12/04/2020 - 00:49:39: [mapchooser_extended.smx] Voting for next map has finished. Nextmap: vsh_pruvia_v9.
L 12/04/2020 - 00:50:28: [funcommandsX.smx] Game detected as Team Fortress 2: Source (GAME_TF2)
L 12/04/2020 - 00:50:28: [simple-chatprocessor.smx] [SCP] Recognized mod [Team Fortress 2].
L 12/04/2020 - 00:50:28: [simple-chatprocessor.smx] [SCP] Loading translation file [scp.tf.phrases].
L 12/04/2020 - 00:50:28: [freak_fortress_2.smx] Freak Fortress 2 199001 Loading...
L 12/04/2020 - 00:50:28: [mapchooser_extended.smx] Loaded map list for tf.
L 12/04/2020 - 00:50:45: [mapchooser_extended.smx] Voting for next map has started.
L 12/04/2020 - 00:51:03: [basecommands.smx] "Nezzie<2><[U:1:107910185]><>" changed map to "vsh_apg_v2_sg1"
L 12/04/2020 - 00:51:05: [mapchooser_extended.smx] Voting for next map has finished. Nextmap: vsh_tranquil_b5.
L 12/04/2020 - 00:51:07: [SM] Changed map to "vsh_apg_v2_sg1"
L 12/04/2020 - 00:51:09: -------- Mapchange to vsh_apg_v2_sg1 --------
L 12/04/2020 - 00:51:18: [mapchooser_extended.smx] Loaded map list for tf.
L 12/04/2020 - 00:54:28: [respawn.smx] "Nezzie<2><[U:1:107910185]><>" respawned "Nezzie<2><[U:1:107910185]><>"
L 12/04/2020 - 00:54:45: [respawn.smx] "Nezzie<2><[U:1:107910185]><>" respawned "Nezzie<2><[U:1:107910185]><>"
L 12/04/2020 - 00:57:21: [basecommands.smx] "Nezzie<2><[U:1:107910185]><>" changed map to "vsh_apg_v2_sg1"
L 12/04/2020 - 00:57:24: [SM] Changed map to "vsh_apg_v2_sg1"
L 12/04/2020 - 00:57:25: -------- Mapchange to vsh_apg_v2_sg1 --------
L 12/04/2020 - 00:57:35: [mapchooser_extended.smx] Loaded map list for tf.
L 12/04/2020 - 00:59:15: [basecommands.smx] "Nezzie<2><[U:1:107910185]><>" changed map to "vsh_apg_v2_sg1"
L 12/04/2020 - 00:59:18: [SM] Changed map to "vsh_apg_v2_sg1"
L 12/04/2020 - 00:59:19: -------- Mapchange to vsh_apg_v2_sg1 --------
L 12/04/2020 - 00:59:29: [mapchooser_extended.smx] Loaded map list for tf.
L 12/04/2020 - 01:02:43: [basecommands.smx] "Nezzie<2><[U:1:107910185]><>" changed map to "vsh_apg_v2_sg1"
L 12/04/2020 - 01:02:46: [SM] Changed map to "vsh_apg_v2_sg1"
L 12/04/2020 - 01:02:48: -------- Mapchange to vsh_apg_v2_sg1 --------
L 12/04/2020 - 01:02:58: [mapchooser_extended.smx] Loaded map list for tf.
L 12/04/2020 - 01:06:22: [basecommands.smx] "Nezzie<2><[U:1:107910185]><>" changed map to "vsh_apg_v2_sg1"
L 12/04/2020 - 01:06:25: [SM] Changed map to "vsh_apg_v2_sg1"
L 12/04/2020 - 01:06:27: -------- Mapchange to vsh_apg_v2_sg1 --------
L 12/04/2020 - 01:06:37: [mapchooser_extended.smx] Loaded map list for tf.
L 12/04/2020 - 01:08:39: [basecommands.smx] "Nezzie<2><[U:1:107910185]><>" changed map to "vsh_apg_v2_sg1"
L 12/04/2020 - 01:08:42: [SM] Changed map to "vsh_apg_v2_sg1"
L 12/04/2020 - 01:08:43: -------- Mapchange to vsh_apg_v2_sg1 --------
L 12/04/2020 - 01:08:53: [mapchooser_extended.smx] Loaded map list for tf.
L 12/04/2020 - 01:13:25: [basecommands.smx] "Nezzie<2><[U:1:107910185]><>" changed map to "vsh_apg_v2_sg1"
L 12/04/2020 - 01:13:28: [SM] Changed map to "vsh_apg_v2_sg1"
L 12/04/2020 - 01:13:30: -------- Mapchange to vsh_apg_v2_sg1 --------
L 12/04/2020 - 01:13:39: [mapchooser_extended.smx] Loaded map list for tf.
L 12/04/2020 - 01:15:45: [basecommands.smx] "Nezzie<2><[U:1:107910185]><>" changed map to "vsh_apg_v2_sg1"
L 12/04/2020 - 01:15:48: [SM] Changed map to "vsh_apg_v2_sg1"
L 12/04/2020 - 01:15:50: -------- Mapchange to vsh_apg_v2_sg1 --------
L 12/04/2020 - 01:15:59: [mapchooser_extended.smx] Loaded map list for tf.
L 12/04/2020 - 01:16:42: [basecommands.smx] "Nezzie<2><[U:1:107910185]><>" changed map to "vsh_apg_v2_sg1"
L 12/04/2020 - 01:16:45: [SM] Changed map to "vsh_apg_v2_sg1"
L 12/04/2020 - 01:16:47: -------- Mapchange to vsh_apg_v2_sg1 --------
L 12/04/2020 - 01:16:56: [mapchooser_extended.smx] Loaded map list for tf.
L 12/04/2020 - 01:23:55: [basecommands.smx] "Nezzie<2><[U:1:107910185]><>" changed map to "vsh_apg_v2_sg1"
L 12/04/2020 - 01:23:58: [SM] Changed map to "vsh_apg_v2_sg1"
L 12/04/2020 - 01:24:01: -------- Mapchange to vsh_apg_v2_sg1 --------
L 12/04/2020 - 01:24:11: [mapchooser_extended.smx] Loaded map list for tf.
L 12/04/2020 - 01:25:32: [respawn.smx] "Nezzie<2><[U:1:107910185]><>" respawned "Dozii<8><[U:1:94212661]><>"
L 12/04/2020 - 01:27:27: [basecommands.smx] "Nezzie<2><[U:1:107910185]><>" changed map to "vsh_apg_v2_sg1"
L 12/04/2020 - 01:27:30: [SM] Changed map to "vsh_apg_v2_sg1"
L 12/04/2020 - 01:27:32: -------- Mapchange to vsh_apg_v2_sg1 --------
L 12/04/2020 - 01:27:42: [mapchooser_extended.smx] Loaded map list for tf.
L 12/04/2020 - 01:29:35: [respawn.smx] "Nezzie<2><[U:1:107910185]><>" respawned "Nezzie<2><[U:1:107910185]><>"
L 12/04/2020 - 01:29:41: [respawn.smx] "Nezzie<2><[U:1:107910185]><>" respawned "Hailstorm<7><[U:1:181986054]><>"
L 12/04/2020 - 01:32:55: [basecommands.smx] "Nezzie<2><[U:1:107910185]><>" changed map to "vsh_apg_v2_sg1"
L 12/04/2020 - 01:32:58: [SM] Changed map to "vsh_apg_v2_sg1"
L 12/04/2020 - 01:33:01: -------- Mapchange to vsh_apg_v2_sg1 --------
L 12/04/2020 - 01:33:13: [mapchooser_extended.smx] Loaded map list for tf.
L 12/04/2020 - 01:33:45: [respawn.smx] "Nezzie<2><[U:1:107910185]><>" respawned "Nezzie<2><[U:1:107910185]><>"
L 12/04/2020 - 01:34:44: [respawn.smx] "Nezzie<2><[U:1:107910185]><>" respawned "Nezzie<2><[U:1:107910185]><>"
L 12/04/2020 - 01:34:50: [basecommands.smx] "Nezzie<2><[U:1:107910185]><>" kicked "Shifu<9><[U:1:236766437]><>" (reason "")
L 12/04/2020 - 01:38:37: [basecommands.smx] "Nezzie<2><[U:1:107910185]><>" changed map to "vsh_apg_v2_sg1"
L 12/04/2020 - 01:38:40: [SM] Changed map to "vsh_apg_v2_sg1"
L 12/04/2020 - 01:38:42: -------- Mapchange to vsh_apg_v2_sg1 --------
L 12/04/2020 - 01:38:53: [mapchooser_extended.smx] Loaded map list for tf.
L 12/04/2020 - 01:39:26: [respawn.smx] "Nezzie<2><[U:1:107910185]><>" respawned "Nezzie<2><[U:1:107910185]><>"
L 12/04/2020 - 01:39:48: [respawn.smx] "Nezzie<2><[U:1:107910185]><>" respawned "Hailstorm<7><[U:1:181986054]><>"
L 12/04/2020 - 01:43:11: [basecommands.smx] "Nezzie<2><[U:1:107910185]><>" changed map to "vsh_apg_v2_sg1"
L 12/04/2020 - 01:43:14: [SM] Changed map to "vsh_apg_v2_sg1"
L 12/04/2020 - 01:43:17: -------- Mapchange to vsh_apg_v2_sg1 --------
L 12/04/2020 - 01:43:28: [mapchooser_extended.smx] Loaded map list for tf.
L 12/04/2020 - 01:44:04: [respawn.smx] "Nezzie<2><[U:1:107910185]><>" respawned "Nezzie<2><[U:1:107910185]><>"
L 12/04/2020 - 01:46:11: [basecommands.smx] "Nezzie<2><[U:1:107910185]><>" changed map to "vsh_apg_v2_sg1"
L 12/04/2020 - 01:46:14: [SM] Changed map to "vsh_apg_v2_sg1"
L 12/04/2020 - 01:46:17: -------- Mapchange to vsh_apg_v2_sg1 --------
L 12/04/2020 - 01:46:29: [mapchooser_extended.smx] Loaded map list for tf.
L 12/04/2020 - 01:47:04: [respawn.smx] "Nezzie<2><[U:1:107910185]><>" respawned "Nezzie<2><[U:1:107910185]><>"
L 12/04/2020 - 01:47:18: [respawn.smx] "Nezzie<2><[U:1:107910185]><>" respawned "Shifu<13><[U:1:236766437]><>"
L 12/04/2020 - 01:47:18: [respawn.smx] "Nezzie<2><[U:1:107910185]><>" respawned "Draconic (Azel)<6><[U:1:101368949]><>"
L 12/04/2020 - 01:47:19: [respawn.smx] "Nezzie<2><[U:1:107910185]><>" respawned "Hailstorm<7><[U:1:181986054]><>"
L 12/04/2020 - 02:06:44: [mapchooser_extended.smx] Voting for next map has started.
L 12/04/2020 - 02:06:49: [mapchooser_extended.smx] Voting for next map has finished. Nextmap: vsh_gyros_v5.
L 12/04/2020 - 03:11:44: [SM] Changed map to "vsh_gyros_v5"
L 12/04/2020 - 03:11:50: -------- Mapchange to vsh_gyros_v5 --------
L 12/04/2020 - 03:12:02: [mapchooser_extended.smx] Loaded map list for tf.
L 12/04/2020 - 03:15:11: [funcommandsX.smx] Game detected as Team Fortress 2: Source (GAME_TF2)
L 12/04/2020 - 03:15:11: [simple-chatprocessor.smx] [SCP] Recognized mod [Team Fortress 2].
L 12/04/2020 - 03:15:11: [simple-chatprocessor.smx] [SCP] Loading translation file [scp.tf.phrases].
L 12/04/2020 - 03:15:12: [freak_fortress_2.smx] Freak Fortress 2 199001 Loading...
L 12/04/2020 - 03:15:12: [mapchooser_extended.smx] Loaded map list for tf.
L 12/04/2020 - 03:18:39: [funcommandsX.smx] Game detected as Team Fortress 2: Source (GAME_TF2)
L 12/04/2020 - 03:18:39: [simple-chatprocessor.smx] [SCP] Recognized mod [Team Fortress 2].
L 12/04/2020 - 03:18:39: [simple-chatprocessor.smx] [SCP] Loading translation file [scp.tf.phrases].
L 12/04/2020 - 03:18:39: [freak_fortress_2.smx] Freak Fortress 2 199001 Loading...
L 12/04/2020 - 03:18:39: [mapchooser_extended.smx] Loaded map list for tf.
L 12/04/2020 - 03:23:24: [respawn.smx] "Nezzie<19><[U:1:107910185]><>" respawned "Nezzie<19><[U:1:107910185]><>"
L 12/04/2020 - 03:23:31: [playercommands.smx] "Nezzie<19><[U:1:107910185]><>" slapped "Nezzie<19><[U:1:107910185]><>" (damage "0")
L 12/04/2020 - 03:23:35: [playercommands.smx] "Nezzie<19><[U:1:107910185]><>" slapped "Nezzie<19><[U:1:107910185]><>" (damage "1")
L 12/04/2020 - 03:23:36: [playercommands.smx] "Nezzie<19><[U:1:107910185]><>" slapped "Nezzie<19><[U:1:107910185]><>" (damage "1")
L 12/04/2020 - 03:23:36: [playercommands.smx] "Nezzie<19><[U:1:107910185]><>" slapped "Nezzie<19><[U:1:107910185]><>" (damage "1")
L 12/04/2020 - 03:23:37: [playercommands.smx] "Nezzie<19><[U:1:107910185]><>" slapped "Nezzie<19><[U:1:107910185]><>" (damage "1")
L 12/04/2020 - 03:23:37: [playercommands.smx] "Nezzie<19><[U:1:107910185]><>" slapped "Nezzie<19><[U:1:107910185]><>" (damage "1")
L 12/04/2020 - 03:23:37: [playercommands.smx] "Nezzie<19><[U:1:107910185]><>" slapped "Nezzie<19><[U:1:107910185]><>" (damage "1")
L 12/04/2020 - 03:23:37: [playercommands.smx] "Nezzie<19><[U:1:107910185]><>" slapped "Nezzie<19><[U:1:107910185]><>" (damage "1")
L 12/04/2020 - 03:23:37: [playercommands.smx] "Nezzie<19><[U:1:107910185]><>" slapped "Nezzie<19><[U:1:107910185]><>" (damage "1")
L 12/04/2020 - 03:23:37: [playercommands.smx] "Nezzie<19><[U:1:107910185]><>" slapped "Nezzie<19><[U:1:107910185]><>" (damage "1")
L 12/04/2020 - 03:23:37: [playercommands.smx] "Nezzie<19><[U:1:107910185]><>" slapped "Nezzie<19><[U:1:107910185]><>" (damage "1")
L 12/04/2020 - 03:23:38: [playercommands.smx] "Nezzie<19><[U:1:107910185]><>" slapped "Nezzie<19><[U:1:107910185]><>" (damage "1")
L 12/04/2020 - 03:23:38: [playercommands.smx] "Nezzie<19><[U:1:107910185]><>" slapped "Nezzie<19><[U:1:107910185]><>" (damage "1")
L 12/04/2020 - 03:23:38: [playercommands.smx] "Nezzie<19><[U:1:107910185]><>" slapped "Nezzie<19><[U:1:107910185]><>" (damage "1")
L 12/04/2020 - 03:23:38: [playercommands.smx] "Nezzie<19><[U:1:107910185]><>" slapped "Nezzie<19><[U:1:107910185]><>" (damage "1")
L 12/04/2020 - 03:26:57: [basechat.smx] "Console<0><Console><Console>" triggered sm_say (text The round time has ended, omaewa-mou shindeiru)
L 12/04/2020 - 03:26:57: [playercommands.smx] "Console<0><Console><Console>" slayed "test<20><BOT><>"
L 12/04/2020 - 03:26:57: [playercommands.smx] "Console<0><Console><Console>" slayed "test1<21><BOT><>"
L 12/04/2020 - 03:26:57: [playercommands.smx] "Console<0><Console><Console>" slayed "Nezzie<19><[U:1:107910185]><>"
L 12/04/2020 - 03:27:20: [playercommands.smx] "Nezzie<19><[U:1:107910185]><>" slapped "Nezzie<19><[U:1:107910185]><>" (damage "0")
L 12/04/2020 - 03:27:20: [playercommands.smx] "Nezzie<19><[U:1:107910185]><>" slapped "Nezzie<19><[U:1:107910185]><>" (damage "0")
L 12/04/2020 - 03:27:20: [playercommands.smx] "Nezzie<19><[U:1:107910185]><>" slapped "Nezzie<19><[U:1:107910185]><>" (damage "0")
L 12/04/2020 - 03:27:20: [playercommands.smx] "Nezzie<19><[U:1:107910185]><>" slapped "Nezzie<19><[U:1:107910185]><>" (damage "0")
L 12/04/2020 - 03:27:20: [playercommands.smx] "Nezzie<19><[U:1:107910185]><>" slapped "Nezzie<19><[U:1:107910185]><>" (damage "0")
L 12/04/2020 - 03:27:20: [playercommands.smx] "Nezzie<19><[U:1:107910185]><>" slapped "Nezzie<19><[U:1:107910185]><>" (damage "0")
L 12/04/2020 - 03:27:21: [playercommands.smx] "Nezzie<19><[U:1:107910185]><>" slapped "Nezzie<19><[U:1:107910185]><>" (damage "0")
L 12/04/2020 - 03:27:21: [playercommands.smx] "Nezzie<19><[U:1:107910185]><>" slapped "Nezzie<19><[U:1:107910185]><>" (damage "0")
L 12/04/2020 - 03:27:21: [playercommands.smx] "Nezzie<19><[U:1:107910185]><>" slapped "Nezzie<19><[U:1:107910185]><>" (damage "0")
L 12/04/2020 - 03:27:34: [funcommandsX.smx] Game detected as Team Fortress 2: Source (GAME_TF2)
L 12/04/2020 - 03:27:34: [simple-chatprocessor.smx] [SCP] Recognized mod [Team Fortress 2].
L 12/04/2020 - 03:27:34: [simple-chatprocessor.smx] [SCP] Loading translation file [scp.tf.phrases].
L 12/04/2020 - 03:27:35: [freak_fortress_2.smx] Freak Fortress 2 199001 Loading...
L 12/04/2020 - 03:27:35: [mapchooser_extended.smx] Loaded map list for tf.
L 12/04/2020 - 03:27:58: [playercommands.smx] "Nezzie<19><[U:1:107910185]><>" slapped "Nezzie<19><[U:1:107910185]><>" (damage "0")
L 12/04/2020 - 03:27:58: [playercommands.smx] "Nezzie<19><[U:1:107910185]><>" slapped "Nezzie<19><[U:1:107910185]><>" (damage "0")
L 12/04/2020 - 03:27:59: [playercommands.smx] "Nezzie<19><[U:1:107910185]><>" slapped "Nezzie<19><[U:1:107910185]><>" (damage "0")
L 12/04/2020 - 03:27:59: [playercommands.smx] "Nezzie<19><[U:1:107910185]><>" slapped "Nezzie<19><[U:1:107910185]><>" (damage "0")
L 12/04/2020 - 03:27:59: [playercommands.smx] "Nezzie<19><[U:1:107910185]><>" slapped "Nezzie<19><[U:1:107910185]><>" (damage "0")
L 12/04/2020 - 03:27:59: [playercommands.smx] "Nezzie<19><[U:1:107910185]><>" slapped "Nezzie<19><[U:1:107910185]><>" (damage "0")
L 12/04/2020 - 03:27:59: [playercommands.smx] "Nezzie<19><[U:1:107910185]><>" slapped "Nezzie<19><[U:1:107910185]><>" (damage "0")
L 12/04/2020 - 03:27:59: [playercommands.smx] "Nezzie<19><[U:1:107910185]><>" slapped "Nezzie<19><[U:1:107910185]><>" (damage "0")
L 12/04/2020 - 03:28:33: [funcommandsX.smx] Game detected as Team Fortress 2: Source (GAME_TF2)
L 12/04/2020 - 03:28:33: [simple-chatprocessor.smx] [SCP] Recognized mod [Team Fortress 2].
L 12/04/2020 - 03:28:33: [simple-chatprocessor.smx] [SCP] Loading translation file [scp.tf.phrases].
L 12/04/2020 - 03:28:34: [freak_fortress_2.smx] Freak Fortress 2 199001 Loading...
L 12/04/2020 - 03:28:34: [mapchooser_extended.smx] Loaded map list for tf.
L 12/04/2020 - 03:28:56: [playercommands.smx] "Nezzie<19><[U:1:107910185]><>" slapped "Nezzie<19><[U:1:107910185]><>" (damage "0")
L 12/04/2020 - 03:28:56: [playercommands.smx] "Nezzie<19><[U:1:107910185]><>" slapped "Nezzie<19><[U:1:107910185]><>" (damage "0")
L 12/04/2020 - 03:28:56: [playercommands.smx] "Nezzie<19><[U:1:107910185]><>" slapped "Nezzie<19><[U:1:107910185]><>" (damage "0")
L 12/04/2020 - 03:28:57: [playercommands.smx] "Nezzie<19><[U:1:107910185]><>" slapped "Nezzie<19><[U:1:107910185]><>" (damage "0")
L 12/04/2020 - 03:32:24: [mapchooser_extended.smx] Voting for next map has started.
L 12/04/2020 - 03:32:29: [mapchooser_extended.smx] Voting for next map has finished. Nextmap: vsh_cairo_pyramid_v4.
L 12/04/2020 - 03:36:52: [basechat.smx] "Console<0><Console><Console>" triggered sm_say (text The round time has ended, omaewa-mou shindeiru)
L 12/04/2020 - 03:36:52: [playercommands.smx] "Console<0><Console><Console>" slayed "test<20><BOT><>"
L 12/04/2020 - 03:36:52: [playercommands.smx] "Console<0><Console><Console>" slayed "test1<21><BOT><>"
L 12/04/2020 - 03:36:52: [playercommands.smx] "Console<0><Console><Console>" slayed "Nezzie<19><[U:1:107910185]><>"
L 12/04/2020 - 03:42:18: [basecommands.smx] "Nezzie<19><[U:1:107910185]><>" changed map to "vsh_apg_v2_sg1"
L 12/04/2020 - 03:42:21: [SM] Changed map to "vsh_apg_v2_sg1"
L 12/04/2020 - 03:42:25: -------- Mapchange to vsh_apg_v2_sg1 --------
L 12/04/2020 - 03:42:36: [mapchooser_extended.smx] Loaded map list for tf.
L 12/04/2020 - 03:46:44: [funcommandsX.smx] Game detected as Team Fortress 2: Source (GAME_TF2)
L 12/04/2020 - 03:46:44: [simple-chatprocessor.smx] [SCP] Recognized mod [Team Fortress 2].
L 12/04/2020 - 03:46:44: [simple-chatprocessor.smx] [SCP] Loading translation file [scp.tf.phrases].
L 12/04/2020 - 03:46:45: [freak_fortress_2.smx] Freak Fortress 2 199001 Loading...
L 12/04/2020 - 03:46:45: [mapchooser_extended.smx] Loaded map list for tf.
L 12/04/2020 - 03:49:36: [funcommandsX.smx] Game detected as Team Fortress 2: Source (GAME_TF2)
L 12/04/2020 - 03:49:36: [simple-chatprocessor.smx] [SCP] Recognized mod [Team Fortress 2].
L 12/04/2020 - 03:49:36: [simple-chatprocessor.smx] [SCP] Loading translation file [scp.tf.phrases].
L 12/04/2020 - 03:49:36: [freak_fortress_2.smx] Freak Fortress 2 199001 Loading...
L 12/04/2020 - 03:49:36: [mapchooser_extended.smx] Loaded map list for tf.
L 12/04/2020 - 03:50:58: [funcommandsX.smx] Game detected as Team Fortress 2: Source (GAME_TF2)
L 12/04/2020 - 03:50:58: [simple-chatprocessor.smx] [SCP] Recognized mod [Team Fortress 2].
L 12/04/2020 - 03:50:58: [simple-chatprocessor.smx] [SCP] Loading translation file [scp.tf.phrases].
L 12/04/2020 - 03:50:58: [freak_fortress_2.smx] Freak Fortress 2 199001 Loading...
L 12/04/2020 - 03:50:59: [mapchooser_extended.smx] Loaded map list for tf.
L 12/04/2020 - 03:52:45: [funcommandsX.smx] Game detected as Team Fortress 2: Source (GAME_TF2)
L 12/04/2020 - 03:52:45: [simple-chatprocessor.smx] [SCP] Recognized mod [Team Fortress 2].
L 12/04/2020 - 03:52:45: [simple-chatprocessor.smx] [SCP] Loading translation file [scp.tf.phrases].
L 12/04/2020 - 03:52:45: [freak_fortress_2.smx] Freak Fortress 2 199001 Loading...
L 12/04/2020 - 03:52:45: [mapchooser_extended.smx] Loaded map list for tf.
L 12/04/2020 - 03:54:33: [playercommands.smx] "Nezzie<19><[U:1:107910185]><>" slayed "test1<23><BOT><>"
L 12/04/2020 - 03:57:38: [funcommandsX.smx] Game detected as Team Fortress 2: Source (GAME_TF2)
L 12/04/2020 - 03:57:38: [simple-chatprocessor.smx] [SCP] Recognized mod [Team Fortress 2].
L 12/04/2020 - 03:57:38: [simple-chatprocessor.smx] [SCP] Loading translation file [scp.tf.phrases].
L 12/04/2020 - 03:57:39: [freak_fortress_2.smx] Freak Fortress 2 199001 Loading...
L 12/04/2020 - 03:57:39: [mapchooser_extended.smx] Loaded map list for tf.
L 12/04/2020 - 04:02:58: [mapchooser_extended.smx] Voting for next map has started.
L 12/04/2020 - 04:02:59: [mapchooser_extended.smx] Voting for next map has finished. Nextmap: vsh_skyhigh_resort_b8_sg4.
L 12/04/2020 - 04:06:49: [respawn.smx] "Nezzie<19><[U:1:107910185]><>" respawned "Nezzie<19><[U:1:107910185]><>"
L 12/04/2020 - 04:12:34: [basechat.smx] "Console<0><Console><Console>" triggered sm_say (text The round time has ended, omaewa-mou shindeiru)
L 12/04/2020 - 04:12:34: [playercommands.smx] "Console<0><Console><Console>" slayed "test<22><BOT><>"
L 12/04/2020 - 04:12:34: [playercommands.smx] "Console<0><Console><Console>" slayed "test1<23><BOT><>"
L 12/04/2020 - 04:12:34: [playercommands.smx] "Console<0><Console><Console>" slayed "Nezzie<19><[U:1:107910185]><>"
L 12/04/2020 - 04:15:45: [SM] Changed map to "vsh_skyhigh_resort_b8_sg4"
L 12/04/2020 - 04:15:49: -------- Mapchange to vsh_skyhigh_resort_b8_sg4 --------
L 12/04/2020 - 04:16:01: [mapchooser_extended.smx] Loaded map list for tf.
L 12/04/2020 - 04:36:15: [mapchooser_extended.smx] Voting for next map has started.
L 12/04/2020 - 19:02:34: [respawn.smx] "FROSTY F1SH<29><[U:1:445849108]><>" respawned "FROSTY F1SH<29><[U:1:445849108]><>"
L 12/04/2020 - 19:02:37: [basecommands.smx] "Nezzie<26><[U:1:107910185]><>" changed map to "vsh_dirtmound_b9"
L 12/04/2020 - 19:02:40: [SM] Changed map to "vsh_dirtmound_b9"
L 12/04/2020 - 19:02:44: -------- Mapchange to vsh_dirtmound_b9 --------
L 12/04/2020 - 19:02:55: [mapchooser_extended.smx] Loaded map list for tf.
L 12/04/2020 - 19:22:36: [basechat.smx] "Console<0><Console><Console>" triggered sm_say (text The round time has ended, omaewa-mou shindeiru)
L 12/04/2020 - 19:22:36: [playercommands.smx] "Console<0><Console><Console>" slayed "Nezzie<26><[U:1:107910185]><>"
L 12/04/2020 - 19:22:36: [playercommands.smx] "Console<0><Console><Console>" slayed "FROSTY F1SH<29><[U:1:445849108]><>"
L 12/04/2020 - 19:23:10: [mapchooser_extended.smx] Voting for next map has started.
L 12/04/2020 - 19:26:41: [funcommandsX.smx] Game detected as Team Fortress 2: Source (GAME_TF2)
L 12/04/2020 - 19:26:41: [simple-chatprocessor.smx] [SCP] Recognized mod [Team Fortress 2].
L 12/04/2020 - 19:26:41: [simple-chatprocessor.smx] [SCP] Loading translation file [scp.tf.phrases].
L 12/04/2020 - 19:26:41: [freak_fortress_2.smx] Freak Fortress 2 199001 Loading...
L 12/04/2020 - 19:26:41: [mapchooser_extended.smx] Loaded map list for tf.
L 12/04/2020 - 19:26:48: [funcommandsX.smx] Game detected as Team Fortress 2: Source (GAME_TF2)
L 12/04/2020 - 19:26:48: [simple-chatprocessor.smx] [SCP] Recognized mod [Team Fortress 2].
L 12/04/2020 - 19:26:48: [simple-chatprocessor.smx] [SCP] Loading translation file [scp.tf.phrases].
L 12/04/2020 - 19:26:48: [freak_fortress_2.smx] Freak Fortress 2 199001 Loading...
L 12/04/2020 - 19:26:48: [mapchooser_extended.smx] Loaded map list for tf.
L 12/04/2020 - 19:27:04: [mapchooser_extended.smx] Voting for next map has started.
L 12/04/2020 - 19:27:16: [mapchooser_extended.smx] Voting for next map has started.
L 12/04/2020 - 19:27:24: [mapchooser_extended.smx] Voting for next map has finished. Nextmap: vsh_impure_v3.
L 12/04/2020 - 19:27:38: [respawn.smx] "Nezzie<26><[U:1:107910185]><>" respawned "test<30><BOT><>"
L 12/04/2020 - 19:27:38: [respawn.smx] "Nezzie<26><[U:1:107910185]><>" respawned "test1<31><BOT><>"
L 12/04/2020 - 19:27:58: [funcommandsX.smx] "Nezzie<26><[U:1:107910185]><>" teleported "FROSTY F1SH<29><[U:1:445849108]><>"
L 12/04/2020 - 19:27:59: [funcommandsX.smx] "Nezzie<26><[U:1:107910185]><>" teleported "FROSTY F1SH<29><[U:1:445849108]><>"
L 12/04/2020 - 19:32:58: [funcommandsX.smx] Game detected as Team Fortress 2: Source (GAME_TF2)
L 12/04/2020 - 19:32:58: [simple-chatprocessor.smx] [SCP] Recognized mod [Team Fortress 2].
L 12/04/2020 - 19:32:58: [simple-chatprocessor.smx] [SCP] Loading translation file [scp.tf.phrases].
L 12/04/2020 - 19:32:58: [freak_fortress_2.smx] Freak Fortress 2 199001 Loading...
L 12/04/2020 - 19:32:58: [mapchooser_extended.smx] Loaded map list for tf.
L 12/04/2020 - 19:33:14: [mapchooser_extended.smx] Voting for next map has started.
L 12/04/2020 - 19:33:16: [SM] Changed map to "vsh_drejun_v3"
L 12/04/2020 - 19:33:20: -------- Mapchange to vsh_drejun_v3 --------
L 12/04/2020 - 19:33:30: [mapchooser_extended.smx] Loaded map list for tf.
L 12/04/2020 - 19:35:24: [playercommands.smx] "Nezzie<26><[U:1:107910185]><>" slayed "Nezzie<26><[U:1:107910185]><>"
L 12/04/2020 - 19:35:25: [playercommands.smx] "Nezzie<26><[U:1:107910185]><>" slayed "test1<33><BOT><>"
L 12/04/2020 - 19:35:25: [playercommands.smx] "Nezzie<26><[U:1:107910185]><>" slayed "test<32><BOT><>"
L 12/04/2020 - 19:39:29: [funcommandsX.smx] Game detected as Team Fortress 2: Source (GAME_TF2)
L 12/04/2020 - 19:39:29: [simple-chatprocessor.smx] [SCP] Recognized mod [Team Fortress 2].
L 12/04/2020 - 19:39:29: [simple-chatprocessor.smx] [SCP] Loading translation file [scp.tf.phrases].
L 12/04/2020 - 19:39:29: [freak_fortress_2.smx] Freak Fortress 2 199001 Loading...
L 12/04/2020 - 19:39:31: [mapchooser_extended.smx] Loaded map list for tf.
L 12/04/2020 - 19:44:36: [respawn.smx] "Nezzie<26><[U:1:107910185]><>" respawned "Draconic (Azel)<34><[U:1:101368949]><>"
L 12/04/2020 - 19:46:32: [respawn.smx] "FROSTY F1SH<29><[U:1:445849108]><>" respawned "Draconic (Azel)<34><[U:1:101368949]><>"
L 12/04/2020 - 19:47:49: [basechat.smx] "Console<0><Console><Console>" triggered sm_say (text The round time has ended, omaewa-mou shindeiru)
L 12/04/2020 - 19:47:49: [playercommands.smx] "Console<0><Console><Console>" slayed "Nezzie<26><[U:1:107910185]><>"
L 12/04/2020 - 19:47:49: [playercommands.smx] "Console<0><Console><Console>" slayed "test<32><BOT><>"
L 12/04/2020 - 19:47:49: [playercommands.smx] "Console<0><Console><Console>" slayed "test1<33><BOT><>"
L 12/04/2020 - 19:47:49: [playercommands.smx] "Console<0><Console><Console>" slayed "FROSTY F1SH<29><[U:1:445849108]><>"
L 12/04/2020 - 19:47:49: [playercommands.smx] "Console<0><Console><Console>" slayed "Draconic (Azel)<34><[U:1:101368949]><>"
L 12/04/2020 - 19:53:48: [mapchooser_extended.smx] Voting for next map has started.
L 12/04/2020 - 19:54:07: [mapchooser_extended.smx] Voting for next map has finished. Nextmap: vsh_nebula_rc1.
L 12/04/2020 - 19:59:27: [funcommands.smx] "FROSTY F1SH<29><[U:1:445849108]><>" froze "Draconic (Azel)<34><[U:1:101368949]><>"
L 12/04/2020 - 19:59:33: [playercommands.smx] "FROSTY F1SH<29><[U:1:445849108]><>" slapped "Draconic (Azel)<34><[U:1:101368949]><>" (damage "0")
L 12/04/2020 - 19:59:33: [playercommands.smx] "FROSTY F1SH<29><[U:1:445849108]><>" slapped "Draconic (Azel)<34><[U:1:101368949]><>" (damage "0")
L 12/04/2020 - 19:59:33: [playercommands.smx] "FROSTY F1SH<29><[U:1:445849108]><>" slapped "Draconic (Azel)<34><[U:1:101368949]><>" (damage "0")
L 12/04/2020 - 19:59:33: [playercommands.smx] "FROSTY F1SH<29><[U:1:445849108]><>" slapped "Draconic (Azel)<34><[U:1:101368949]><>" (damage "0")
L 12/04/2020 - 19:59:34: [playercommands.smx] "FROSTY F1SH<29><[U:1:445849108]><>" slapped "Draconic (Azel)<34><[U:1:101368949]><>" (damage "0")
L 12/04/2020 - 19:59:34: [playercommands.smx] "FROSTY F1SH<29><[U:1:445849108]><>" slapped "Draconic (Azel)<34><[U:1:101368949]><>" (damage "0")
L 12/04/2020 - 19:59:34: [playercommands.smx] "FROSTY F1SH<29><[U:1:445849108]><>" slapped "Draconic (Azel)<34><[U:1:101368949]><>" (damage "0")
L 12/04/2020 - 19:59:34: [playercommands.smx] "FROSTY F1SH<29><[U:1:445849108]><>" slapped "Draconic (Azel)<34><[U:1:101368949]><>" (damage "0")
L 12/04/2020 - 19:59:34: [playercommands.smx] "FROSTY F1SH<29><[U:1:445849108]><>" slapped "Draconic (Azel)<34><[U:1:101368949]><>" (damage "0")
L 12/04/2020 - 19:59:35: [playercommands.smx] "FROSTY F1SH<29><[U:1:445849108]><>" slapped "Draconic (Azel)<34><[U:1:101368949]><>" (damage "0")
L 12/04/2020 - 19:59:35: [playercommands.smx] "FROSTY F1SH<29><[U:1:445849108]><>" slapped "Draconic (Azel)<34><[U:1:101368949]><>" (damage "0")
L 12/04/2020 - 19:59:35: [playercommands.smx] "FROSTY F1SH<29><[U:1:445849108]><>" slapped "Draconic (Azel)<34><[U:1:101368949]><>" (damage "0")
L 12/04/2020 - 19:59:36: [playercommands.smx] "FROSTY F1SH<29><[U:1:445849108]><>" slapped "Draconic (Azel)<34><[U:1:101368949]><>" (damage "0")
L 12/04/2020 - 19:59:36: [playercommands.smx] "FROSTY F1SH<29><[U:1:445849108]><>" slapped "Draconic (Azel)<34><[U:1:101368949]><>" (damage "0")
L 12/04/2020 - 19:59:36: [playercommands.smx] "FROSTY F1SH<29><[U:1:445849108]><>" slapped "Draconic (Azel)<34><[U:1:101368949]><>" (damage "0")
L 12/04/2020 - 19:59:37: [playercommands.smx] "FROSTY F1SH<29><[U:1:445849108]><>" slapped "Draconic (Azel)<34><[U:1:101368949]><>" (damage "0")
L 12/04/2020 - 19:59:37: [playercommands.smx] "FROSTY F1SH<29><[U:1:445849108]><>" slapped "Draconic (Azel)<34><[U:1:101368949]><>" (damage "0")
L 12/04/2020 - 19:59:37: [playercommands.smx] "FROSTY F1SH<29><[U:1:445849108]><>" slapped "Draconic (Azel)<34><[U:1:101368949]><>" (damage "0")
L 12/04/2020 - 19:59:37: [playercommands.smx] "FROSTY F1SH<29><[U:1:445849108]><>" slapped "Draconic (Azel)<34><[U:1:101368949]><>" (damage "0")
L 12/04/2020 - 19:59:38: [playercommands.smx] "FROSTY F1SH<29><[U:1:445849108]><>" slapped "Draconic (Azel)<34><[U:1:101368949]><>" (damage "0")
L 12/04/2020 - 19:59:38: [playercommands.smx] "FROSTY F1SH<29><[U:1:445849108]><>" slapped "Draconic (Azel)<34><[U:1:101368949]><>" (damage "0")
L 12/04/2020 - 19:59:38: [playercommands.smx] "FROSTY F1SH<29><[U:1:445849108]><>" slapped "Draconic (Azel)<34><[U:1:101368949]><>" (damage "0")
L 12/04/2020 - 19:59:38: [playercommands.smx] "FROSTY F1SH<29><[U:1:445849108]><>" slapped "Draconic (Azel)<34><[U:1:101368949]><>" (damage "0")
L 12/04/2020 - 19:59:39: [playercommands.smx] "FROSTY F1SH<29><[U:1:445849108]><>" slapped "Draconic (Azel)<34><[U:1:101368949]><>" (damage "0")
L 12/04/2020 - 19:59:39: [playercommands.smx] "FROSTY F1SH<29><[U:1:445849108]><>" slapped "Draconic (Azel)<34><[U:1:101368949]><>" (damage "0")
L 12/04/2020 - 19:59:39: [playercommands.smx] "FROSTY F1SH<29><[U:1:445849108]><>" slapped "Draconic (Azel)<34><[U:1:101368949]><>" (damage "0")
L 12/04/2020 - 20:00:51: [respawn.smx] "Nezzie<26><[U:1:107910185]><>" respawned "Nezzie<26><[U:1:107910185]><>"
L 12/04/2020 - 20:02:00: [playercommands.smx] "Nezzie<26><[U:1:107910185]><>" slayed "Nezzie<26><[U:1:107910185]><>"
L 12/04/2020 - 20:02:00: [playercommands.smx] "Nezzie<26><[U:1:107910185]><>" slayed "test<32><BOT><>"
L 12/04/2020 - 20:02:00: [playercommands.smx] "Nezzie<26><[U:1:107910185]><>" slayed "test1<33><BOT><>"
L 12/04/2020 - 20:02:00: [playercommands.smx] "Nezzie<26><[U:1:107910185]><>" slayed "Draconic (Azel)<34><[U:1:101368949]><>"
L 12/04/2020 - 20:02:15: [funcommands.smx] "Nezzie<26><[U:1:107910185]><>" ignited "satan<35><[U:1:479750371]><>" (seconds "20.000000")
L 12/04/2020 - 20:02:24: [funcommands.smx] "Nezzie<26><[U:1:107910185]><>" ignited "satan<35><[U:1:479750371]><>" (seconds "20.000000")
L 12/04/2020 - 20:02:35: [funcommands.smx] "Nezzie<26><[U:1:107910185]><>" ignited "Nezzie<26><[U:1:107910185]><>" (seconds "20.000000")
L 12/04/2020 - 20:02:35: [funcommands.smx] "Nezzie<26><[U:1:107910185]><>" ignited "test<32><BOT><>" (seconds "20.000000")
L 12/04/2020 - 20:02:35: [funcommands.smx] "Nezzie<26><[U:1:107910185]><>" ignited "test1<33><BOT><>" (seconds "20.000000")
L 12/04/2020 - 20:02:35: [funcommands.smx] "Nezzie<26><[U:1:107910185]><>" ignited "FROSTY F1SH<29><[U:1:445849108]><>" (seconds "20.000000")
L 12/04/2020 - 20:02:35: [funcommands.smx] "Nezzie<26><[U:1:107910185]><>" ignited "Draconic (Azel)<34><[U:1:101368949]><>" (seconds "20.000000")
L 12/04/2020 - 20:02:35: [funcommands.smx] "Nezzie<26><[U:1:107910185]><>" ignited "satan<35><[U:1:479750371]><>" (seconds "20.000000")
L 12/04/2020 - 20:07:05: [SM] Changed map to "vsh_nebula_rc1"
L 12/04/2020 - 20:07:10: -------- Mapchange to vsh_nebula_rc1 --------
L 12/04/2020 - 20:07:21: [mapchooser_extended.smx] Loaded map list for tf.
L 12/04/2020 - 20:09:06: [respawn.smx] "Nezzie<26><[U:1:107910185]><>" respawned "Draconic (Azel)<34><[U:1:101368949]><>"
L 12/04/2020 - 20:25:05: [basechat.smx] "Console<0><Console><Console>" triggered sm_say (text The round time has ended, omaewa-mou shindeiru)
L 12/04/2020 - 20:25:05: [playercommands.smx] "Console<0><Console><Console>" slayed "FROSTY F1SH<29><[U:1:445849108]><>"
L 12/04/2020 - 20:25:05: [playercommands.smx] "Console<0><Console><Console>" slayed "Draconic (Azel)<34><[U:1:101368949]><>"
L 12/04/2020 - 20:27:36: [mapchooser_extended.smx] Voting for next map has started.
L 12/04/2020 - 20:27:55: [mapchooser_extended.smx] Voting for next map has finished. Nextmap: vsh_egyptyspot_v2.
L 12/06/2020 - 04:08:42: Log file closed.
