L 02/16/2021 - 02:28:12: SourceMod log file session started (file "/home/steamsrv/tf2/tf/addons/sourcemod/logs/L20210216.log") (Version "1.10.0.6490")
L 02/16/2021 - 02:28:12: [rockthevote_extended.smx] RTV changing map manually
L 02/16/2021 - 02:28:12: [SM] Changed map to "vsh_cactustemple_v1"
L 02/16/2021 - 02:28:14: -------- Mapchange to vsh_cactustemple_v1 --------
L 02/16/2021 - 02:28:24: [mapchooser_extended.smx] Loaded map list for tf.
L 02/16/2021 - 02:48:43: [mapchooser_extended.smx] Voting for next map has started.
L 02/16/2021 - 02:48:53: [mapchooser_extended.smx] Voting for next map has started.
L 02/16/2021 - 02:48:58: [mapchooser_extended.smx] Voting for next map has finished. Nextmap: vsh_gyros_v5.
L 02/16/2021 - 02:58:46: [SM] Changed map to "vsh_gyros_v5"
L 02/16/2021 - 02:58:49: -------- Mapchange to vsh_gyros_v5 --------
L 02/16/2021 - 02:58:59: [mapchooser_extended.smx] Loaded map list for tf.
L 02/16/2021 - 03:19:15: [mapchooser_extended.smx] Voting for next map has started.
L 02/16/2021 - 03:19:29: [mapchooser_extended.smx] Voting for next map has started.
L 02/16/2021 - 03:19:32: [mapchooser_extended.smx] Voting for next map has finished. Nextmap: vsh_area_54tress_b4.
L 02/16/2021 - 03:32:05: [SM] Changed map to "vsh_area_54tress_b4"
L 02/16/2021 - 03:32:08: -------- Mapchange to vsh_area_54tress_b4 --------
L 02/16/2021 - 03:32:17: [mapchooser_extended.smx] Loaded map list for tf.
L 02/16/2021 - 03:42:56: [basecommands.smx] "unspacy<160><[U:1:130638097]><>" kicked "unspacy<160><[U:1:130638097]><>" (reason "please no dmc2 i beg")
L 02/16/2021 - 03:52:38: [mapchooser_extended.smx] Voting for next map has started.
L 02/16/2021 - 03:52:48: [mapchooser_extended.smx] Voting for next map has started.
L 02/16/2021 - 03:52:51: [mapchooser_extended.smx] Voting for next map has finished. Nextmap: vsh_shipment_v1a.
L 02/17/2021 - 21:27:42: Log file closed.
