L 09/12/2020 - 15:54:18: SourceMod log file session started (file "/home/steamsrv/tf2/tf/addons/sourcemod/logs/L20200912.log") (Version "1.10.0.6490")
L 09/12/2020 - 15:54:18: [basecommands.smx] "Nezzie<64><[U:1:107910185]><>" changed map to "vsh_jealo_rc2"
L 09/12/2020 - 15:54:21: [SM] Changed map to "vsh_jealo_rc2"
L 09/12/2020 - 15:54:24: -------- Mapchange to vsh_jealo_rc2 --------
L 09/12/2020 - 15:54:33: [mapchooser_extended.smx] Loaded map list for tf.
L 09/12/2020 - 15:55:51: [respawn.smx] "Nezzie<64><[U:1:107910185]><>" respawned "Nezzie<64><[U:1:107910185]><>"
L 09/12/2020 - 15:55:55: [funcommandsX.smx] "Nezzie<64><[U:1:107910185]><>" teleported "Soulless<68><BOT><>"
L 09/12/2020 - 15:56:17: [funcommandsX.smx] Game detected as Team Fortress 2: Source (GAME_TF2)
L 09/12/2020 - 15:56:17: [simple-chatprocessor.smx] [SCP] Recognized mod [Team Fortress 2].
L 09/12/2020 - 15:56:17: [simple-chatprocessor.smx] [SCP] Loading translation file [scp.tf.phrases].
L 09/12/2020 - 15:56:17: [freak_fortress_2.smx] Freak Fortress 2 199001 Loading...
L 09/12/2020 - 15:56:18: [mapchooser_extended.smx] Loaded map list for tf.
L 09/12/2020 - 15:56:33: [funcommandsX.smx] Game detected as Team Fortress 2: Source (GAME_TF2)
L 09/12/2020 - 15:56:33: [simple-chatprocessor.smx] [SCP] Recognized mod [Team Fortress 2].
L 09/12/2020 - 15:56:33: [simple-chatprocessor.smx] [SCP] Loading translation file [scp.tf.phrases].
L 09/12/2020 - 15:56:33: [freak_fortress_2.smx] Freak Fortress 2 199001 Loading...
L 09/12/2020 - 15:56:34: [mapchooser_extended.smx] Loaded map list for tf.
L 09/12/2020 - 15:56:48: [funcommands.smx] "Nezzie<64><[U:1:107910185]><>" froze "CreditToTeam<70><BOT><>"
L 09/12/2020 - 15:56:52: [funcommandsX.smx] "Nezzie<64><[U:1:107910185]><>" teleported "CreditToTeam<70><BOT><>"
L 09/12/2020 - 15:57:15: [funcommandsX.smx] Game detected as Team Fortress 2: Source (GAME_TF2)
L 09/12/2020 - 15:57:15: [simple-chatprocessor.smx] [SCP] Recognized mod [Team Fortress 2].
L 09/12/2020 - 15:57:15: [simple-chatprocessor.smx] [SCP] Loading translation file [scp.tf.phrases].
L 09/12/2020 - 15:57:16: [freak_fortress_2.smx] Freak Fortress 2 199001 Loading...
L 09/12/2020 - 15:57:16: [mapchooser_extended.smx] Loaded map list for tf.
L 09/12/2020 - 15:57:36: [funcommandsX.smx] "Nezzie<64><[U:1:107910185]><>" teleported "test1<72><BOT><>"
L 09/12/2020 - 15:59:13: [funcommandsX.smx] Game detected as Team Fortress 2: Source (GAME_TF2)
L 09/12/2020 - 15:59:13: [simple-chatprocessor.smx] [SCP] Recognized mod [Team Fortress 2].
L 09/12/2020 - 15:59:13: [simple-chatprocessor.smx] [SCP] Loading translation file [scp.tf.phrases].
L 09/12/2020 - 15:59:13: [freak_fortress_2.smx] Freak Fortress 2 199001 Loading...
L 09/12/2020 - 15:59:13: [mapchooser_extended.smx] Loaded map list for tf.
L 09/12/2020 - 15:59:28: [funcommandsX.smx] "Nezzie<64><[U:1:107910185]><>" teleported "test1<72><BOT><>"
L 09/12/2020 - 15:59:38: [funcommandsX.smx] "Nezzie<64><[U:1:107910185]><>" teleported "test1<72><BOT><>"
L 09/12/2020 - 15:59:58: [funcommandsX.smx] Game detected as Team Fortress 2: Source (GAME_TF2)
L 09/12/2020 - 15:59:58: [simple-chatprocessor.smx] [SCP] Recognized mod [Team Fortress 2].
L 09/12/2020 - 15:59:58: [simple-chatprocessor.smx] [SCP] Loading translation file [scp.tf.phrases].
L 09/12/2020 - 15:59:59: [freak_fortress_2.smx] Freak Fortress 2 199001 Loading...
L 09/12/2020 - 15:59:59: [mapchooser_extended.smx] Loaded map list for tf.
L 09/12/2020 - 16:00:14: [funcommandsX.smx] "Nezzie<64><[U:1:107910185]><>" teleported "test1<72><BOT><>"
L 09/12/2020 - 16:00:57: [respawn.smx] "Nezzie<64><[U:1:107910185]><>" respawned "Nezzie<64><[U:1:107910185]><>"
L 09/12/2020 - 16:01:19: [respawn.smx] "Nezzie<64><[U:1:107910185]><>" respawned "Nezzie<64><[U:1:107910185]><>"
L 09/12/2020 - 16:01:31: [respawn.smx] "Nezzie<64><[U:1:107910185]><>" respawned "Nezzie<64><[U:1:107910185]><>"
L 09/12/2020 - 16:02:26: [funcommandsX.smx] Game detected as Team Fortress 2: Source (GAME_TF2)
L 09/12/2020 - 16:02:26: [simple-chatprocessor.smx] [SCP] Recognized mod [Team Fortress 2].
L 09/12/2020 - 16:02:26: [simple-chatprocessor.smx] [SCP] Loading translation file [scp.tf.phrases].
L 09/12/2020 - 16:02:26: [freak_fortress_2.smx] Freak Fortress 2 199001 Loading...
L 09/12/2020 - 16:02:26: [mapchooser_extended.smx] Loaded map list for tf.
L 09/12/2020 - 16:06:10: [funcommandsX.smx] Game detected as Team Fortress 2: Source (GAME_TF2)
L 09/12/2020 - 16:06:10: [simple-chatprocessor.smx] [SCP] Recognized mod [Team Fortress 2].
L 09/12/2020 - 16:06:10: [simple-chatprocessor.smx] [SCP] Loading translation file [scp.tf.phrases].
L 09/12/2020 - 16:06:11: [freak_fortress_2.smx] Freak Fortress 2 199001 Loading...
L 09/12/2020 - 16:06:11: [mapchooser_extended.smx] Loaded map list for tf.
L 09/12/2020 - 16:10:58: SourceMod log file session started (file "/home/steamsrv/tf2/tf/addons/sourcemod/logs/L20200912.log") (Version "1.10.0.6490")
L 09/12/2020 - 16:10:58: [TF2ITEMS] "GiveNamedItem" offset = 484
L 09/12/2020 - 16:10:58: [funcommandsX.smx] Game detected as Team Fortress 2: Source (GAME_TF2)
L 09/12/2020 - 16:10:58: [simple-chatprocessor.smx] [SCP] Recognized mod [Team Fortress 2].
L 09/12/2020 - 16:10:58: [simple-chatprocessor.smx] [SCP] Loading translation file [scp.tf.phrases].
L 09/12/2020 - 16:10:59: [freak_fortress_2.smx] Freak Fortress 2 199001 Loading...
L 09/12/2020 - 16:11:12: [mapchooser_extended.smx] Loaded map list for tf.
L 09/12/2020 - 16:31:30: [mapchooser_extended.smx] Voting for next map has started.
L 09/12/2020 - 22:34:35: [SM] Changed map to "vsh_drejun_v3"
L 09/12/2020 - 22:34:38: -------- Mapchange to vsh_drejun_v3 --------
L 09/12/2020 - 22:34:51: [mapchooser_extended.smx] Loaded map list for tf.
L 09/12/2020 - 22:55:07: [mapchooser_extended.smx] Voting for next map has started.
L 09/13/2020 - 01:22:23: Log file closed.
