L 09/21/2020 - 19:16:22: SourceMod log file session started (file "/home/steamsrv/tf2/tf/addons/sourcemod/logs/L20200921.log") (Version "1.10.0.6490")
L 09/21/2020 - 19:16:22: [SM] Changed map to "vsh_skyhigh_resort_b8_sg4"
L 09/21/2020 - 19:16:23: -------- Mapchange to vsh_skyhigh_resort_b8_sg4 --------
L 09/21/2020 - 19:16:32: [mapchooser_extended.smx] Loaded map list for tf.
L 09/21/2020 - 19:30:20: [playercommands.smx] "Console<0><Console><Console>" slayed "IvanTheSpaceBiker<110><BOT><>"
L 09/21/2020 - 19:36:49: [mapchooser_extended.smx] Voting for next map has started.
L 09/21/2020 - 19:36:56: [mapchooser_extended.smx] Voting for next map has finished. Nextmap: vsh_manncohq_v14.
L 09/21/2020 - 20:08:05: [SM] Changed map to "vsh_manncohq_v14"
L 09/21/2020 - 20:08:09: -------- Mapchange to vsh_manncohq_v14 --------
L 09/21/2020 - 20:08:21: [mapchooser_extended.smx] Loaded map list for tf.
L 09/21/2020 - 20:10:53: [mapchooser_extended.smx] Starting map vote because outside request
L 09/21/2020 - 20:10:57: [nominations_extended.smx] DWW nominated vsh_apg_v2_sg1
L 09/21/2020 - 20:11:09: [mapchooser_extended.smx] Voting for next map has started.
L 09/21/2020 - 20:11:16: [mapchooser_extended.smx] Voting for next map has finished. Nextmap: vsh_apg_v2_sg1.
L 09/21/2020 - 20:11:20: [SM] Changed map to "vsh_apg_v2_sg1"
L 09/21/2020 - 20:11:23: -------- Mapchange to vsh_apg_v2_sg1 --------
L 09/21/2020 - 20:11:34: [mapchooser_extended.smx] Loaded map list for tf.
L 09/21/2020 - 20:31:55: [mapchooser_extended.smx] Voting for next map has started.
L 09/21/2020 - 20:32:15: [mapchooser_extended.smx] Voting for next map has finished. Nextmap: vsh_scoobydoo_v1.
L 09/21/2020 - 20:35:59: [basechat.smx] "Console<0><Console><Console>" triggered sm_say (text The round time has ended, omaewa-mou shindeiru)
L 09/21/2020 - 20:35:59: [playercommands.smx] "Console<0><Console><Console>" slayed "DWW<118><[U:1:172008346]><>"
L 09/21/2020 - 20:35:59: [playercommands.smx] "Console<0><Console><Console>" slayed "FISH<119><[U:1:445849108]><>"
L 09/21/2020 - 20:35:59: [playercommands.smx] "Console<0><Console><Console>" slayed "Mega Baboon<126><BOT><>"
L 09/21/2020 - 20:35:59: [playercommands.smx] "Console<0><Console><Console>" slayed "Glorified Toaster with Legs<127><BOT><>"
L 09/21/2020 - 20:35:59: [playercommands.smx] "Console<0><Console><Console>" slayed "CryBaby<128><BOT><>"
L 09/21/2020 - 20:35:59: [playercommands.smx] "Console<0><Console><Console>" slayed "ThatGuy<129><BOT><>"
L 09/21/2020 - 20:35:59: [playercommands.smx] "Console<0><Console><Console>" slayed "Hat-Wearing MAN<130><BOT><>"
L 09/21/2020 - 20:35:59: [playercommands.smx] "Console<0><Console><Console>" slayed "Tai Lopez<125><[U:1:411479324]><>"
L 09/21/2020 - 20:44:17: [basechat.smx] "Console<0><Console><Console>" triggered sm_say (text The round time has ended, omaewa-mou shindeiru)
L 09/21/2020 - 20:44:17: [playercommands.smx] "Console<0><Console><Console>" slayed "DWW<118><[U:1:172008346]><>"
L 09/21/2020 - 20:44:18: [playercommands.smx] "Console<0><Console><Console>" slayed "FISH<119><[U:1:445849108]><>"
L 09/21/2020 - 20:44:18: [playercommands.smx] "Console<0><Console><Console>" slayed "Mega Baboon<126><BOT><>"
L 09/21/2020 - 20:44:18: [playercommands.smx] "Console<0><Console><Console>" slayed "Glorified Toaster with Legs<127><BOT><>"
L 09/21/2020 - 20:44:18: [playercommands.smx] "Console<0><Console><Console>" slayed "CryBaby<128><BOT><>"
L 09/21/2020 - 20:44:18: [playercommands.smx] "Console<0><Console><Console>" slayed "ThatGuy<129><BOT><>"
L 09/21/2020 - 20:44:18: [playercommands.smx] "Console<0><Console><Console>" slayed "Hat-Wearing MAN<130><BOT><>"
L 09/21/2020 - 20:44:18: [playercommands.smx] "Console<0><Console><Console>" slayed "Tai Lopez<125><[U:1:411479324]><>"
L 09/21/2020 - 20:44:36: [SM] Changed map to "vsh_scoobydoo_v1"
L 09/21/2020 - 20:44:39: -------- Mapchange to vsh_scoobydoo_v1 --------
L 09/21/2020 - 20:44:52: [mapchooser_extended.smx] Loaded map list for tf.
L 09/21/2020 - 21:02:25: [basechat.smx] "Console<0><Console><Console>" triggered sm_say (text The round time has ended, omaewa-mou shindeiru)
L 09/21/2020 - 21:02:25: [playercommands.smx] "Console<0><Console><Console>" slayed "Numnutz<131><BOT><>"
L 09/21/2020 - 21:02:25: [playercommands.smx] "Console<0><Console><Console>" slayed "The Combine<133><BOT><>"
L 09/21/2020 - 21:02:25: [playercommands.smx] "Console<0><Console><Console>" slayed "THEM<135><BOT><>"
L 09/21/2020 - 21:05:13: [mapchooser_extended.smx] Voting for next map has started.
L 09/21/2020 - 21:05:33: [mapchooser_extended.smx] Voting for next map has finished. Nextmap: vsh_dirtmound_b9.
L 09/21/2020 - 21:15:55: [SM] Changed map to "vsh_dirtmound_b9"
L 09/21/2020 - 21:15:59: -------- Mapchange to vsh_dirtmound_b9 --------
L 09/21/2020 - 21:16:12: [mapchooser_extended.smx] Loaded map list for tf.
L 09/21/2020 - 21:17:12: [nominations_extended.smx] Tai Lopez nominated vsh_skyhigh_resort_b8_sg4
L 09/21/2020 - 21:28:55: [funcommands.smx] "Console<0><Console><Console>" ignited "DWW<138><[U:1:172008346]><>" (seconds "10.000000")
L 09/21/2020 - 21:29:44: [playercommands.smx] "Console<0><Console><Console>" slapped "DWW<138><[U:1:172008346]><>" (damage "0")
L 09/21/2020 - 21:36:38: [mapchooser_extended.smx] Voting for next map has started.
L 09/21/2020 - 21:36:58: [mapchooser_extended.smx] Voting for next map has finished. Nextmap: vsh_jealo_rc2.
L 09/21/2020 - 21:46:38: [SM] Changed map to "vsh_jealo_rc2"
L 09/21/2020 - 21:46:42: -------- Mapchange to vsh_jealo_rc2 --------
L 09/21/2020 - 21:46:54: [mapchooser_extended.smx] Loaded map list for tf.
L 09/21/2020 - 21:50:11: [nominations_extended.smx] DWW nominated vsh_apg_v2_sg1
L 09/21/2020 - 21:51:29: [mapchooser_extended.smx] Starting map vote because outside request
L 09/21/2020 - 21:51:45: [mapchooser_extended.smx] Voting for next map has started.
L 09/21/2020 - 21:52:06: [mapchooser_extended.smx] Voting for next map has finished. Nextmap: vsh_apg_v2_sg1.
L 09/21/2020 - 21:52:10: [SM] Changed map to "vsh_apg_v2_sg1"
L 09/21/2020 - 21:52:14: -------- Mapchange to vsh_apg_v2_sg1 --------
L 09/21/2020 - 21:52:25: [mapchooser_extended.smx] Loaded map list for tf.
L 09/21/2020 - 22:12:42: [mapchooser_extended.smx] Voting for next map has started.
L 09/21/2020 - 22:13:09: [mapchooser_extended.smx] Voting for next map has started.
L 09/21/2020 - 22:13:30: [mapchooser_extended.smx] Voting for next map has finished. Nextmap: vsh_mountainbash_v3_sg1.
L 09/22/2020 - 13:32:54: Log file closed.
