L 01/02/2021 - 00:00:42: SourceMod log file session started (file "/home/steamsrv/tf2/tf/addons/sourcemod/logs/L20210102.log") (Version "1.10.0.6490")
L 01/02/2021 - 00:00:42: [mapchooser_extended.smx] Voting for next map has started.
L 01/02/2021 - 00:01:09: [mapchooser_extended.smx] Voting for next map has started.
L 01/02/2021 - 00:01:30: [mapchooser_extended.smx] Voting for next map has finished. Nextmap: vsh_skyhigh_resort_b8_sg4.
L 01/02/2021 - 00:10:44: [SM] Changed map to "vsh_skyhigh_resort_b8_sg4"
L 01/02/2021 - 00:10:46: -------- Mapchange to vsh_skyhigh_resort_b8_sg4 --------
L 01/02/2021 - 00:10:55: [mapchooser_extended.smx] Loaded map list for tf.
L 01/02/2021 - 00:31:12: [mapchooser_extended.smx] Voting for next map has started.
L 01/02/2021 - 00:31:33: [mapchooser_extended.smx] Voting for next map has finished. Nextmap: vsh_drejun_v3.
L 01/02/2021 - 00:59:55: [basecommands.smx] "Nezzie<101><[U:1:107910185]><>" changed map to "vsh_area_54tress_b4"
L 01/02/2021 - 00:59:58: [SM] Changed map to "vsh_area_54tress_b4"
L 01/02/2021 - 01:00:02: -------- Mapchange to vsh_area_54tress_b4 --------
L 01/02/2021 - 01:00:13: [mapchooser_extended.smx] Loaded map list for tf.
L 01/02/2021 - 01:11:16: [basechat.smx] "Console<0><Console><Console>" triggered sm_say (text The round time has ended, omaewa-mou shindeiru)
L 01/02/2021 - 01:11:16: [playercommands.smx] "Console<0><Console><Console>" slayed "test<102><BOT><>"
L 01/02/2021 - 01:11:16: [playercommands.smx] "Console<0><Console><Console>" slayed "test1<103><BOT><>"
L 01/02/2021 - 01:17:03: [funcommandsX.smx] Game detected as Team Fortress 2: Source (GAME_TF2)
L 01/02/2021 - 01:17:03: [simple-chatprocessor.smx] [SCP] Recognized mod [Team Fortress 2].
L 01/02/2021 - 01:17:03: [simple-chatprocessor.smx] [SCP] Loading translation file [scp.tf.phrases].
L 01/02/2021 - 01:17:04: [freak_fortress_2.smx] Freak Fortress 2 199001 Loading...
L 01/02/2021 - 01:17:04: [mapchooser_extended.smx] Loaded map list for tf.
L 01/02/2021 - 01:19:13: [basecommands.smx] "Nezzie<101><[U:1:107910185]><>" changed map to "vsh_apg_v2_sg1"
L 01/02/2021 - 01:19:16: [SM] Changed map to "vsh_apg_v2_sg1"
L 01/02/2021 - 01:19:19: -------- Mapchange to vsh_apg_v2_sg1 --------
L 01/02/2021 - 01:19:29: [mapchooser_extended.smx] Loaded map list for tf.
L 01/02/2021 - 01:32:42: SourceMod log file session started (file "/home/steamsrv/tf2/tf/addons/sourcemod/logs/L20210102.log") (Version "1.10.0.6490")
L 01/02/2021 - 01:32:42: [TF2ITEMS] "GiveNamedItem" offset = 484
L 01/02/2021 - 01:32:43: [funcommandsX.smx] Game detected as Team Fortress 2: Source (GAME_TF2)
L 01/02/2021 - 01:32:43: [simple-chatprocessor.smx] [SCP] Recognized mod [Team Fortress 2].
L 01/02/2021 - 01:32:43: [simple-chatprocessor.smx] [SCP] Loading translation file [scp.tf.phrases].
L 01/02/2021 - 01:32:43: [freak_fortress_2.smx] Freak Fortress 2 199001 Loading...
L 01/02/2021 - 01:32:57: [mapchooser_extended.smx] Loaded map list for tf.
L 01/02/2021 - 01:37:45: [funcommandsX.smx] Game detected as Team Fortress 2: Source (GAME_TF2)
L 01/02/2021 - 01:37:45: [simple-chatprocessor.smx] [SCP] Recognized mod [Team Fortress 2].
L 01/02/2021 - 01:37:45: [simple-chatprocessor.smx] [SCP] Loading translation file [scp.tf.phrases].
L 01/02/2021 - 01:37:46: [freak_fortress_2.smx] Freak Fortress 2 199001 Loading...
L 01/02/2021 - 01:37:46: [mapchooser_extended.smx] Loaded map list for tf.
L 01/02/2021 - 01:38:39: [basecommands.smx] "Nezzie<2><[U:1:107910185]><>" changed map to "vsh_area_54tress_b4"
L 01/02/2021 - 01:38:42: [SM] Changed map to "vsh_area_54tress_b4"
L 01/02/2021 - 01:38:44: -------- Mapchange to vsh_area_54tress_b4 --------
L 01/02/2021 - 01:38:53: [mapchooser_extended.smx] Loaded map list for tf.
L 01/02/2021 - 01:47:39: [basechat.smx] "Console<0><Console><Console>" triggered sm_say (text The round time has ended, omaewa-mou shindeiru)
L 01/02/2021 - 01:47:39: [playercommands.smx] "Console<0><Console><Console>" slayed "Nezzie<2><[U:1:107910185]><>"
L 01/02/2021 - 01:47:39: [playercommands.smx] "Console<0><Console><Console>" slayed "test<5><BOT><>"
L 01/02/2021 - 01:47:39: [playercommands.smx] "Console<0><Console><Console>" slayed "test1<6><BOT><>"
L 01/02/2021 - 01:50:32: [funcommandsX.smx] Game detected as Team Fortress 2: Source (GAME_TF2)
L 01/02/2021 - 01:50:32: [simple-chatprocessor.smx] [SCP] Recognized mod [Team Fortress 2].
L 01/02/2021 - 01:50:32: [simple-chatprocessor.smx] [SCP] Loading translation file [scp.tf.phrases].
L 01/02/2021 - 01:50:33: [freak_fortress_2.smx] Freak Fortress 2 199001 Loading...
L 01/02/2021 - 01:50:33: [mapchooser_extended.smx] Loaded map list for tf.
L 01/02/2021 - 01:55:45: [funcommandsX.smx] Game detected as Team Fortress 2: Source (GAME_TF2)
L 01/02/2021 - 01:55:45: [simple-chatprocessor.smx] [SCP] Recognized mod [Team Fortress 2].
L 01/02/2021 - 01:55:45: [simple-chatprocessor.smx] [SCP] Loading translation file [scp.tf.phrases].
L 01/02/2021 - 01:55:46: [freak_fortress_2.smx] Freak Fortress 2 199001 Loading...
L 01/02/2021 - 01:55:46: [mapchooser_extended.smx] Loaded map list for tf.
L 01/02/2021 - 01:56:09: [supersprayhandler.smx] [SSH] Spray from Nezzie (STEAM_0:1:53955092) has been removed by Nezzie
L 01/02/2021 - 01:56:35: [supersprayhandler.smx] [SSH] All Sprays have been removed by Nezzie
L 01/02/2021 - 01:57:11: [supersprayhandler.smx] [SSH] Nezzie warned player Nezzie (STEAM_0:1:53955092)
L 01/02/2021 - 01:57:16: [supersprayhandler.smx] [SSH] Nezzie slapped and warned player Nezzie (STEAM_0:1:53955092) for 5 dmg
L 01/02/2021 - 01:57:16: [supersprayhandler.smx] [SSH] Nezzie slapped and warned player Nezzie (STEAM_0:1:53955092) for 5 dmg
L 01/02/2021 - 01:57:17: [supersprayhandler.smx] [SSH] Nezzie slapped and warned player Nezzie (STEAM_0:1:53955092) for 5 dmg
L 01/02/2021 - 01:57:17: [supersprayhandler.smx] [SSH] Nezzie slapped and warned player Nezzie (STEAM_0:1:53955092) for 5 dmg
L 01/02/2021 - 01:57:17: [supersprayhandler.smx] [SSH] Nezzie slapped and warned player Nezzie (STEAM_0:1:53955092) for 5 dmg
L 01/02/2021 - 01:57:17: [supersprayhandler.smx] [SSH] Nezzie slapped and warned player Nezzie (STEAM_0:1:53955092) for 5 dmg
L 01/02/2021 - 01:59:11: [mapchooser_extended.smx] Voting for next map has started.
L 01/02/2021 - 01:59:21: [mapchooser_extended.smx] Voting for next map has finished. Nextmap: vsh_void_a1f.
L 01/02/2021 - 02:04:04: [basechat.smx] "Console<0><Console><Console>" triggered sm_say (text The round time has ended, omaewa-mou shindeiru)
L 01/02/2021 - 02:04:04: [playercommands.smx] "Console<0><Console><Console>" slayed "test<5><BOT><>"
L 01/02/2021 - 02:04:04: [playercommands.smx] "Console<0><Console><Console>" slayed "test1<6><BOT><>"
L 01/02/2021 - 02:10:18: [basecommands.smx] "Nezzie<2><[U:1:107910185]><>" changed map to "vsh_cairo_pyramid_v4"
L 01/02/2021 - 02:10:21: [SM] Changed map to "vsh_cairo_pyramid_v4"
L 01/02/2021 - 02:10:24: -------- Mapchange to vsh_cairo_pyramid_v4 --------
L 01/02/2021 - 02:10:35: [mapchooser_extended.smx] Loaded map list for tf.
L 01/02/2021 - 02:13:56: [funcommandsX.smx] Game detected as Team Fortress 2: Source (GAME_TF2)
L 01/02/2021 - 02:13:56: [simple-chatprocessor.smx] [SCP] Recognized mod [Team Fortress 2].
L 01/02/2021 - 02:13:56: [simple-chatprocessor.smx] [SCP] Loading translation file [scp.tf.phrases].
L 01/02/2021 - 02:13:56: [freak_fortress_2.smx] Freak Fortress 2 199001 Loading...
L 01/02/2021 - 02:13:57: [mapchooser_extended.smx] Loaded map list for tf.
L 01/02/2021 - 02:14:35: [supersprayhandler.smx] [SSH] Spray from Nezzie (STEAM_0:1:53955092) has been removed by Nezzie
L 01/02/2021 - 02:14:50: [supersprayhandler.smx] [SSH] All Sprays have been removed by Nezzie
L 01/02/2021 - 02:15:03: [supersprayhandler.smx] [SSH] Nezzie warned player Nezzie (STEAM_0:1:53955092)
L 01/02/2021 - 02:15:11: [supersprayhandler.smx] Spray banned.
L 01/02/2021 - 02:15:46: [supersprayhandler.smx] Spray unbanned.
L 01/02/2021 - 02:22:15: [basechat.smx] "Console<0><Console><Console>" triggered sm_say (text The round time has ended, omaewa-mou shindeiru)
L 01/02/2021 - 02:22:15: [playercommands.smx] "Console<0><Console><Console>" slayed "Nezzie<2><[U:1:107910185]><>"
L 01/02/2021 - 02:22:15: [playercommands.smx] "Console<0><Console><Console>" slayed "test<7><BOT><>"
L 01/02/2021 - 02:22:15: [playercommands.smx] "Console<0><Console><Console>" slayed "test1<8><BOT><>"
L 01/02/2021 - 02:28:13: [respawn.smx] "Nezzie<2><[U:1:107910185]><>" respawned "Nezzie<2><[U:1:107910185]><>"
L 01/02/2021 - 02:30:33: [basechat.smx] "Console<0><Console><Console>" triggered sm_say (text The round time has ended, omaewa-mou shindeiru)
L 01/02/2021 - 02:30:33: [playercommands.smx] "Console<0><Console><Console>" slayed "Nezzie<2><[U:1:107910185]><>"
L 01/02/2021 - 02:30:33: [playercommands.smx] "Console<0><Console><Console>" slayed "test<7><BOT><>"
L 01/02/2021 - 02:30:33: [playercommands.smx] "Console<0><Console><Console>" slayed "test1<8><BOT><>"
L 01/02/2021 - 02:30:54: [mapchooser_extended.smx] Voting for next map has started.
L 01/02/2021 - 02:31:04: [mapchooser_extended.smx] Voting for next map has finished. Nextmap: vsh_intrusion_rc2.
L 01/02/2021 - 02:31:23: [playercommands.smx] "Nezzie<2><[U:1:107910185]><>" slayed "test<7><BOT><>"
L 01/02/2021 - 02:36:16: [funcommandsX.smx] Game detected as Team Fortress 2: Source (GAME_TF2)
L 01/02/2021 - 02:36:16: [simple-chatprocessor.smx] [SCP] Recognized mod [Team Fortress 2].
L 01/02/2021 - 02:36:16: [simple-chatprocessor.smx] [SCP] Loading translation file [scp.tf.phrases].
L 01/02/2021 - 02:36:17: [freak_fortress_2.smx] Freak Fortress 2 199001 Loading...
L 01/02/2021 - 02:36:17: [mapchooser_extended.smx] Loaded map list for tf.
L 01/02/2021 - 02:36:33: [mapchooser_extended.smx] Voting for next map has started.
L 01/02/2021 - 02:36:54: [mapchooser_extended.smx] Voting for next map has finished. Nextmap: vsh_skyhigh_resort_b8_sg4.
L 01/02/2021 - 02:40:53: [SM] Changed map to "vsh_skyhigh_resort_b8_sg4"
L 01/02/2021 - 02:40:55: -------- Mapchange to vsh_skyhigh_resort_b8_sg4 --------
L 01/02/2021 - 02:41:05: [mapchooser_extended.smx] Loaded map list for tf.
L 01/02/2021 - 03:01:21: [mapchooser_extended.smx] Voting for next map has started.
L 01/02/2021 - 03:01:32: [mapchooser_extended.smx] Voting for next map has finished. Nextmap: vsh_minegay_reworked_v2.
L 01/02/2021 - 03:12:32: [SM] Changed map to "vsh_minegay_reworked_v2"
L 01/02/2021 - 03:12:34: -------- Mapchange to vsh_minegay_reworked_v2 --------
L 01/02/2021 - 03:12:45: [mapchooser_extended.smx] Loaded map list for tf.
L 01/02/2021 - 03:33:02: [mapchooser_extended.smx] Voting for next map has started.
L 01/02/2021 - 03:33:22: [mapchooser_extended.smx] Voting for next map has finished. Nextmap: vsh_yammoe_rc3.
L 01/02/2021 - 03:46:09: [SM] Changed map to "vsh_yammoe_rc3"
L 01/02/2021 - 03:46:13: -------- Mapchange to vsh_yammoe_rc3 --------
L 01/02/2021 - 03:46:24: [mapchooser_extended.smx] Loaded map list for tf.
L 01/02/2021 - 04:06:38: [mapchooser_extended.smx] Voting for next map has started.
L 01/02/2021 - 18:40:28: [sbpp_comms.smx] "unspacy<23><[U:1:130638097]><>" muted "unspacy<23><[U:1:130638097]><>" (minutes "5") (reason "'test mute pls no kill'")
L 01/02/2021 - 18:40:45: [sbpp_comms.smx] "unspacy<23><[U:1:130638097]><>" unmuted "unspacy<23><[U:1:130638097]><>" (reason "")
L 01/02/2021 - 18:40:45: [sbpp_comms.smx] "unspacy<23><[U:1:130638097]><>" removed mute for STEAM_0:1:65319048 from DB
L 01/02/2021 - 18:44:12: [sbpp_comms.smx] "unspacy<23><[U:1:130638097]><>" muted "unspacy<23><[U:1:130638097]><>" (minutes "5") (reason "'another test, screen shot not working >:'")
L 01/02/2021 - 21:16:11: [basecommands.smx] "Nezzie<25><[U:1:107910185]><>" changed map to "vsh_crevice_b5"
L 01/02/2021 - 21:16:14: [SM] Changed map to "vsh_crevice_b5"
L 01/02/2021 - 21:16:17: -------- Mapchange to vsh_crevice_b5 --------
L 01/02/2021 - 21:16:26: [mapchooser_extended.smx] Loaded map list for tf.
L 01/02/2021 - 21:17:18: [funcommandsX.smx] Game detected as Team Fortress 2: Source (GAME_TF2)
L 01/02/2021 - 21:17:18: [simple-chatprocessor.smx] [SCP] Recognized mod [Team Fortress 2].
L 01/02/2021 - 21:17:18: [simple-chatprocessor.smx] [SCP] Loading translation file [scp.tf.phrases].
L 01/02/2021 - 21:17:19: [freak_fortress_2.smx] Freak Fortress 2 199001 Loading...
L 01/02/2021 - 21:17:19: [mapchooser_extended.smx] Loaded map list for tf.
L 01/02/2021 - 21:18:12: [funcommandsX.smx] Game detected as Team Fortress 2: Source (GAME_TF2)
L 01/02/2021 - 21:18:12: [simple-chatprocessor.smx] [SCP] Recognized mod [Team Fortress 2].
L 01/02/2021 - 21:18:12: [simple-chatprocessor.smx] [SCP] Loading translation file [scp.tf.phrases].
L 01/02/2021 - 21:18:12: [freak_fortress_2.smx] Freak Fortress 2 199001 Loading...
L 01/02/2021 - 21:18:13: [mapchooser_extended.smx] Loaded map list for tf.
L 01/02/2021 - 21:20:04: [funcommandsX.smx] Game detected as Team Fortress 2: Source (GAME_TF2)
L 01/02/2021 - 21:20:04: [simple-chatprocessor.smx] [SCP] Recognized mod [Team Fortress 2].
L 01/02/2021 - 21:20:04: [simple-chatprocessor.smx] [SCP] Loading translation file [scp.tf.phrases].
L 01/02/2021 - 21:20:05: [freak_fortress_2.smx] Freak Fortress 2 199001 Loading...
L 01/02/2021 - 21:20:05: [mapchooser_extended.smx] Loaded map list for tf.
L 01/02/2021 - 21:21:08: [respawn.smx] "Nezzie<25><[U:1:107910185]><>" respawned "test<27><BOT><>"
L 01/02/2021 - 21:21:08: [respawn.smx] "Nezzie<25><[U:1:107910185]><>" respawned "test1<28><BOT><>"
L 01/02/2021 - 21:26:36: [respawn.smx] "unspacy<26><[U:1:130638097]><>" respawned "unspacy<26><[U:1:130638097]><>"
L 01/02/2021 - 21:31:06: [respawn.smx] "unspacy<33><[U:1:130638097]><>" respawned "unspacy<33><[U:1:130638097]><>"
L 01/02/2021 - 21:31:09: [basecommands.smx] "Nezzie<30><[U:1:107910185]><>" changed map to "vsh_drejun_v3"
L 01/02/2021 - 21:31:12: [SM] Changed map to "vsh_drejun_v3"
L 01/02/2021 - 21:31:15: -------- Mapchange to vsh_drejun_v3 --------
L 01/02/2021 - 21:31:24: [mapchooser_extended.smx] Loaded map list for tf.
L 01/02/2021 - 21:35:38: [playercommands.smx] "Nezzie<35><[U:1:107910185]><>" renamed "unspacy<33><[U:1:130638097]><>" (to "dumble")
L 01/02/2021 - 21:35:49: [playercommands.smx] "Nezzie<35><[U:1:107910185]><>" renamed "dumble<33><[U:1:130638097]><>" (to "dumble boof")
L 01/02/2021 - 21:38:13: [playercommands.smx] "Nezzie<35><[U:1:107910185]><>" slayed "dumble boof<33><[U:1:130638097]><>"
L 01/02/2021 - 21:38:55: [playercommands.smx] "dumble boof<33><[U:1:130638097]><>" slapped "She took the kids :(<32><[U:1:130135163]><>" (damage "0")
L 01/02/2021 - 21:38:56: [playercommands.smx] "dumble boof<33><[U:1:130638097]><>" slapped "She took the kids :(<32><[U:1:130135163]><>" (damage "0")
L 01/02/2021 - 21:38:56: [playercommands.smx] "dumble boof<33><[U:1:130638097]><>" slapped "She took the kids :(<32><[U:1:130135163]><>" (damage "0")
L 01/02/2021 - 21:38:56: [playercommands.smx] "dumble boof<33><[U:1:130638097]><>" slapped "She took the kids :(<32><[U:1:130135163]><>" (damage "0")
L 01/02/2021 - 21:38:56: [playercommands.smx] "dumble boof<33><[U:1:130638097]><>" slapped "She took the kids :(<32><[U:1:130135163]><>" (damage "0")
L 01/02/2021 - 21:38:56: [playercommands.smx] "dumble boof<33><[U:1:130638097]><>" slapped "She took the kids :(<32><[U:1:130135163]><>" (damage "0")
L 01/02/2021 - 21:38:56: [playercommands.smx] "dumble boof<33><[U:1:130638097]><>" slapped "She took the kids :(<32><[U:1:130135163]><>" (damage "0")
L 01/02/2021 - 21:38:56: [playercommands.smx] "dumble boof<33><[U:1:130638097]><>" slapped "She took the kids :(<32><[U:1:130135163]><>" (damage "0")
L 01/02/2021 - 21:38:57: [playercommands.smx] "dumble boof<33><[U:1:130638097]><>" slapped "She took the kids :(<32><[U:1:130135163]><>" (damage "0")
L 01/02/2021 - 21:38:57: [playercommands.smx] "dumble boof<33><[U:1:130638097]><>" slapped "She took the kids :(<32><[U:1:130135163]><>" (damage "0")
L 01/02/2021 - 21:38:57: [playercommands.smx] "dumble boof<33><[U:1:130638097]><>" slapped "She took the kids :(<32><[U:1:130135163]><>" (damage "0")
L 01/02/2021 - 21:38:57: [playercommands.smx] "dumble boof<33><[U:1:130638097]><>" slapped "She took the kids :(<32><[U:1:130135163]><>" (damage "0")
L 01/02/2021 - 21:38:57: [playercommands.smx] "dumble boof<33><[U:1:130638097]><>" slapped "She took the kids :(<32><[U:1:130135163]><>" (damage "0")
L 01/02/2021 - 21:38:57: [playercommands.smx] "dumble boof<33><[U:1:130638097]><>" slapped "She took the kids :(<32><[U:1:130135163]><>" (damage "0")
L 01/02/2021 - 21:41:59: [playercommands.smx] "dumble boof<33><[U:1:130638097]><>" renamed "dumble boof<33><[U:1:130638097]><>" (to "bedfdmlolbb")
L 01/02/2021 - 21:42:21: [playercommands.smx] "bedfdmlolbb<33><[U:1:130638097]><>" renamed "bedfdmlolbb<33><[U:1:130638097]><>" (to "mbbbbbobbfo")
L 01/02/2021 - 21:42:28: [playercommands.smx] "Nezzie<35><[U:1:107910185]><>" renamed "mbbbbbobbfo<33><[U:1:130638097]><>" (to "dumble boof")
L 01/02/2021 - 21:42:43: [playercommands.smx] "dumble boof<33><[U:1:130638097]><>" renamed "dumble boof<33><[U:1:130638097]><>" (to "'")
L 01/02/2021 - 21:42:53: [playercommands.smx] "Nezzie<35><[U:1:107910185]><>" renamed "'<33><[U:1:130638097]><>" (to "dumb")
L 01/02/2021 - 21:43:04: [basevotes.smx] "Nezzie<35><[U:1:107910185]><>" initiated a generic vote.
L 01/02/2021 - 21:43:08: [playercommands.smx] "dumb<33><[U:1:130638097]><>" renamed "dumb<33><[U:1:130638097]><>" (to "unspacy")
L 01/02/2021 - 21:45:16: [playercommands.smx] "unspacy<33><[U:1:130638097]><>" slapped "She took the kids :(<32><[U:1:130135163]><>" (damage "0")
L 01/02/2021 - 21:45:17: [playercommands.smx] "unspacy<33><[U:1:130638097]><>" slapped "She took the kids :(<32><[U:1:130135163]><>" (damage "0")
L 01/02/2021 - 21:45:17: [playercommands.smx] "unspacy<33><[U:1:130638097]><>" slapped "She took the kids :(<32><[U:1:130135163]><>" (damage "0")
L 01/02/2021 - 21:45:17: [playercommands.smx] "unspacy<33><[U:1:130638097]><>" slapped "She took the kids :(<32><[U:1:130135163]><>" (damage "0")
L 01/02/2021 - 21:45:17: [playercommands.smx] "unspacy<33><[U:1:130638097]><>" slapped "She took the kids :(<32><[U:1:130135163]><>" (damage "0")
L 01/02/2021 - 21:45:44: [basecommands.smx] "Nezzie<35><[U:1:107910185]><>" kicked "unspacy<33><[U:1:130638097]><>" (reason "abuse")
L 01/02/2021 - 21:48:29: [playercommands.smx] "unspacy<37><[U:1:130638097]><>" slapped "She took the kids :(<32><[U:1:130135163]><>" (damage "0")
L 01/02/2021 - 21:49:42: [basecommands.smx] "unspacy<37><[U:1:130638097]><>" kicked "unspacy<37><[U:1:130638097]><>" (reason "'i am gone like the wind'")
L 01/02/2021 - 21:51:40: [mapchooser_extended.smx] Voting for next map has started.
L 01/02/2021 - 22:22:18: [supersprayhandler.smx] [SSH] Spray from unspacy (STEAM_0:1:65319048) has been removed by unspacy
L 01/02/2021 - 22:22:52: [supersprayhandler.smx] [SSH] All Sprays have been removed by unspacy
L 01/02/2021 - 22:22:59: [supersprayhandler.smx] Spray banned.
L 01/02/2021 - 22:23:05: [supersprayhandler.smx] Spray unbanned.
L 01/02/2021 - 22:23:27: [supersprayhandler.smx] Spray banned.
L 01/02/2021 - 22:24:05: [supersprayhandler.smx] Spray unbanned.
L 01/02/2021 - 22:24:12: [supersprayhandler.smx] Spray banned.
L 01/02/2021 - 22:24:22: [supersprayhandler.smx] Spray unbanned.
L 01/02/2021 - 22:25:19: [supersprayhandler.smx] [SSH] unspacy warned player unspacy (STEAM_0:1:65319048)
L 01/02/2021 - 22:25:55: [basecommands.smx] "unspacy<40><[U:1:130638097]><>" kicked "unspacy<40><[U:1:130638097]><>" (reason "dog bad >:")
L 01/02/2021 - 23:28:52: [supersprayhandler.smx] [SSH] unspacy sprayed unspacy's spray
L 01/02/2021 - 23:50:08: [basechat.smx] "Console<0><Console><Console>" triggered sm_psay to "unspacy<42><[U:1:130638097]><>" (text oh mah gawd ahm so stupit)
L 01/03/2021 - 03:09:47: Log file closed.
