L 07/21/2020 - 15:46:16: SourceMod log file session started (file "/home/steamsrv/tf2/tf/addons/sourcemod/logs/L20200721.log") (Version "1.10.0.6490")
L 07/21/2020 - 15:46:16: [basecommands.smx] "Nezzie♥<81><[U:1:107910185]><>" changed map to "arena_lumberyard"
L 07/21/2020 - 15:46:19: [SM] Changed map to "arena_lumberyard"
L 07/21/2020 - 15:46:22: -------- Mapchange to arena_lumberyard --------
L 07/21/2020 - 15:46:32: [mapchooser_extended.smx] Loaded map list for tf.
L 07/21/2020 - 15:48:01: [playercommands.smx] "Nezzie♥<81><[U:1:107910185]><>" slayed "Tiny Baby Man<85><BOT><>"
L 07/21/2020 - 15:48:32: [playercommands.smx] "Nezzie♥<81><[U:1:107910185]><>" slayed "test<88><BOT><>"
L 07/21/2020 - 15:48:33: [playercommands.smx] "Nezzie♥<81><[U:1:107910185]><>" slayed "test1<89><BOT><>"
L 07/21/2020 - 16:06:47: [mapchooser_extended.smx] Voting for next map has started.
L 07/21/2020 - 16:12:45: [basecommands.smx] "Nezzie♥<90><[U:1:107910185]><>" changed map to "arena_lumberyard"
L 07/21/2020 - 16:12:48: [SM] Changed map to "arena_lumberyard"
L 07/21/2020 - 16:12:49: -------- Mapchange to arena_lumberyard --------
L 07/21/2020 - 16:13:00: [mapchooser_extended.smx] Loaded map list for tf.
L 07/21/2020 - 16:17:09: [freak_fortress_2.smx] Freak Fortress 2 199001 Loading...
L 07/21/2020 - 16:17:10: [simple-chatprocessor.smx] [SCP] Recognized mod [Team Fortress 2].
L 07/21/2020 - 16:17:10: [simple-chatprocessor.smx] [SCP] Loading translation file [scp.tf.phrases].
L 07/21/2020 - 16:17:10: [mapchooser_extended.smx] Loaded map list for tf.
L 07/21/2020 - 16:17:13: [hpregeneration.smx] [HpRegeneration] - Loaded
L 07/21/2020 - 16:17:38: [funcommands.smx] "Nezzie♥<90><[U:1:107910185]><>" toggled noclip on "Nezzie♥<90><[U:1:107910185]><>"
L 07/21/2020 - 16:17:50: [funcommands.smx] "Nezzie♥<90><[U:1:107910185]><>" toggled noclip on "Nezzie♥<90><[U:1:107910185]><>"
L 07/21/2020 - 16:17:52: [funcommands.smx] "Nezzie♥<90><[U:1:107910185]><>" toggled noclip on "Nezzie♥<90><[U:1:107910185]><>"
L 07/21/2020 - 16:18:10: [respawn.smx] "Nezzie♥<90><[U:1:107910185]><>" respawned "Nezzie♥<90><[U:1:107910185]><>"
L 07/21/2020 - 16:20:32: [freak_fortress_2.smx] Freak Fortress 2 199001 Loading...
L 07/21/2020 - 16:20:33: [simple-chatprocessor.smx] [SCP] Recognized mod [Team Fortress 2].
L 07/21/2020 - 16:20:33: [simple-chatprocessor.smx] [SCP] Loading translation file [scp.tf.phrases].
L 07/21/2020 - 16:20:33: [mapchooser_extended.smx] Loaded map list for tf.
L 07/21/2020 - 16:20:36: [hpregeneration.smx] [HpRegeneration] - Loaded
L 07/21/2020 - 16:22:37: [respawn.smx] "Nezzie♥<90><[U:1:107910185]><>" respawned "Nezzie♥<90><[U:1:107910185]><>"
L 07/21/2020 - 16:22:54: [freak_fortress_2.smx] Freak Fortress 2 199001 Loading...
L 07/21/2020 - 16:22:55: [simple-chatprocessor.smx] [SCP] Recognized mod [Team Fortress 2].
L 07/21/2020 - 16:22:55: [simple-chatprocessor.smx] [SCP] Loading translation file [scp.tf.phrases].
L 07/21/2020 - 16:22:55: [mapchooser_extended.smx] Loaded map list for tf.
L 07/21/2020 - 16:22:58: [hpregeneration.smx] [HpRegeneration] - Loaded
L 07/21/2020 - 16:31:13: [basechat.smx] "Console<0><Console><Console>" triggered sm_say (text The round time has ended, omaewa-mou shindeiru)
L 07/21/2020 - 16:31:13: [playercommands.smx] "Console<0><Console><Console>" slayed "Ribs Grow Back<94><BOT><>"
L 07/21/2020 - 16:31:13: [playercommands.smx] "Console<0><Console><Console>" slayed "Mega Baboon<95><BOT><>"
L 07/21/2020 - 16:31:13: [playercommands.smx] "Console<0><Console><Console>" slayed "Glorified Toaster with Legs<96><BOT><>"
L 07/21/2020 - 16:31:13: [playercommands.smx] "Console<0><Console><Console>" slayed "MrFrenzoid<97><[U:1:91292555]><>"
L 07/21/2020 - 16:31:27: [basecommands.smx] "MrFrenzoid<97><[U:1:91292555]><>" changed map to "vsh_manncohq_v14"
L 07/21/2020 - 16:31:30: [SM] Changed map to "vsh_manncohq_v14"
L 07/21/2020 - 16:31:32: -------- Mapchange to vsh_manncohq_v14 --------
L 07/21/2020 - 16:31:42: [mapchooser_extended.smx] Loaded map list for tf.
L 07/21/2020 - 16:37:09: [basecommands.smx] "MrFrenzoid<97><[U:1:91292555]><>" executed config (file "server.cfg")
L 07/21/2020 - 16:39:11: [SetSpeed.smx] "Console<0><Console><Console>" set speed of  "MrFrenzoid<97><[U:1:91292555]><>" to (520.000000)
L 07/21/2020 - 16:41:05: [basechat.smx] "Console<0><Console><Console>" triggered sm_say (text The round time has ended, omaewa-mou shindeiru)
L 07/21/2020 - 16:41:05: [playercommands.smx] "Console<0><Console><Console>" slayed "CryBaby<99><BOT><>"
L 07/21/2020 - 16:41:05: [playercommands.smx] "Console<0><Console><Console>" slayed "ThatGuy<100><BOT><>"
L 07/21/2020 - 16:41:05: [playercommands.smx] "Console<0><Console><Console>" slayed "Hat-Wearing MAN<101><BOT><>"
L 07/21/2020 - 16:41:05: [playercommands.smx] "Console<0><Console><Console>" slayed "MrFrenzoid<97><[U:1:91292555]><>"
L 07/21/2020 - 16:41:57: [basecommands.smx] "MrFrenzoid<97><[U:1:91292555]><>" changed map to "vsh_manncohq_v14"
L 07/21/2020 - 16:42:00: [SM] Changed map to "vsh_manncohq_v14"
L 07/21/2020 - 16:42:02: -------- Mapchange to vsh_manncohq_v14 --------
L 07/21/2020 - 16:42:14: [mapchooser_extended.smx] Loaded map list for tf.
L 07/21/2020 - 16:45:41: [basecommands.smx] "MrFrenzoid<97><[U:1:91292555]><>" changed map to "vsh_manncohq_v14"
L 07/21/2020 - 16:45:44: [SM] Changed map to "vsh_manncohq_v14"
L 07/21/2020 - 16:45:46: -------- Mapchange to vsh_manncohq_v14 --------
L 07/21/2020 - 16:45:56: [mapchooser_extended.smx] Loaded map list for tf.
L 07/21/2020 - 16:47:29: [freak_fortress_2.smx] Freak Fortress 2 199001 Loading...
L 07/21/2020 - 16:47:29: [simple-chatprocessor.smx] [SCP] Recognized mod [Team Fortress 2].
L 07/21/2020 - 16:47:29: [simple-chatprocessor.smx] [SCP] Loading translation file [scp.tf.phrases].
L 07/21/2020 - 16:47:29: [mapchooser_extended.smx] Loaded map list for tf.
L 07/21/2020 - 16:47:32: [hpregeneration.smx] [HpRegeneration] - Loaded
L 07/21/2020 - 16:50:30: [respawn.smx] "Nezzie♥<106><[U:1:107910185]><>" respawned "Nezzie♥<106><[U:1:107910185]><>"
L 07/21/2020 - 16:50:59: [SetSpeed.smx] "Nezzie♥<106><[U:1:107910185]><>" set speed of  "Nezzie♥<106><[U:1:107910185]><>" to (2.000000)
L 07/21/2020 - 16:51:07: [SetSpeed.smx] "Nezzie♥<106><[U:1:107910185]><>" set speed of  "Nezzie♥<106><[U:1:107910185]><>" to (2.000000)
L 07/21/2020 - 16:51:11: [SetSpeed.smx] "Nezzie♥<106><[U:1:107910185]><>" set speed of  "Nezzie♥<106><[U:1:107910185]><>" to (1.000000)
L 07/21/2020 - 16:52:03: [respawn.smx] "Nezzie♥<106><[U:1:107910185]><>" respawned "Nezzie♥<106><[U:1:107910185]><>"
L 07/21/2020 - 16:52:59: [SetSpeed.smx] "Nezzie♥<106><[U:1:107910185]><>" set speed of  "Nezzie♥<106><[U:1:107910185]><>" to (0.500000)
L 07/21/2020 - 16:53:50: [SetSpeed.smx] "MrFrenzoid<97><[U:1:91292555]><>" set speed of  "MrFrenzoid<97><[U:1:91292555]><>" to (1.000000)
L 07/21/2020 - 16:53:52: [SetSpeed.smx] "Nezzie♥<106><[U:1:107910185]><>" set speed of  "Nezzie♥<106><[U:1:107910185]><>" to (300.000000)
L 07/21/2020 - 16:53:58: [SetSpeed.smx] "MrFrenzoid<97><[U:1:91292555]><>" set speed of  "MrFrenzoid<97><[U:1:91292555]><>" to (2.000000)
L 07/21/2020 - 16:54:17: [funvotes.smx] "Nezzie♥<106><[U:1:107910185]><>" initiated a friendly fire vote.
L 07/21/2020 - 16:54:37: [funvotes.smx] Changing friendly fire to 0 due to vote.
L 07/21/2020 - 16:55:41: [basechat.smx] "Console<0><Console><Console>" triggered sm_say (text The round time has ended, omaewa-mou shindeiru)
L 07/21/2020 - 16:55:41: [playercommands.smx] "Console<0><Console><Console>" slayed "Pow!<107><BOT><>"
L 07/21/2020 - 16:55:41: [playercommands.smx] "Console<0><Console><Console>" slayed "10001011101<109><BOT><>"
L 07/21/2020 - 16:55:41: [playercommands.smx] "Console<0><Console><Console>" slayed "Nezzie♥<106><[U:1:107910185]><>"
L 07/21/2020 - 16:55:41: [playercommands.smx] "Console<0><Console><Console>" slayed "MrFrenzoid<97><[U:1:91292555]><>"
L 07/21/2020 - 16:56:39: [SetSpeed.smx] "Console<0><Console><Console>" set speed of  "MrFrenzoid<97><[U:1:91292555]><>" to (1.000000)
L 07/21/2020 - 16:56:42: [SetSpeed.smx] "Console<0><Console><Console>" set speed of  "MrFrenzoid<97><[U:1:91292555]><>" to (100.000000)
L 07/21/2020 - 16:56:45: [SetSpeed.smx] "Console<0><Console><Console>" set speed of  "MrFrenzoid<97><[U:1:91292555]><>" to (300.000000)
L 07/21/2020 - 17:00:41: [freak_fortress_2.smx] Freak Fortress 2 199001 Loading...
L 07/21/2020 - 17:00:41: [simple-chatprocessor.smx] [SCP] Recognized mod [Team Fortress 2].
L 07/21/2020 - 17:00:41: [simple-chatprocessor.smx] [SCP] Loading translation file [scp.tf.phrases].
L 07/21/2020 - 17:00:42: [mapchooser_extended.smx] Loaded map list for tf.
L 07/21/2020 - 17:01:16: [respawn.smx] "Nezzie♥<106><[U:1:107910185]><>" respawned "Nezzie♥<106><[U:1:107910185]><>"
L 07/21/2020 - 17:03:03: [freak_fortress_2.smx] Freak Fortress 2 199001 Loading...
L 07/21/2020 - 17:03:03: [simple-chatprocessor.smx] [SCP] Recognized mod [Team Fortress 2].
L 07/21/2020 - 17:03:03: [simple-chatprocessor.smx] [SCP] Loading translation file [scp.tf.phrases].
L 07/21/2020 - 17:03:04: [mapchooser_extended.smx] Loaded map list for tf.
L 07/21/2020 - 17:05:33: [respawn.smx] "MrFrenzoid<97><[U:1:91292555]><>" respawned "MrFrenzoid<97><[U:1:91292555]><>"
L 07/21/2020 - 17:05:59: [respawn.smx] "Nezzie♥<106><[U:1:107910185]><>" respawned "Nezzie♥<106><[U:1:107910185]><>"
L 07/21/2020 - 17:06:06: [respawn.smx] "MrFrenzoid<97><[U:1:91292555]><>" respawned "MrFrenzoid<97><[U:1:91292555]><>"
L 07/21/2020 - 17:06:17: [mapchooser_extended.smx] Voting for next map has started.
L 07/21/2020 - 17:06:26: [respawn.smx] "Nezzie♥<106><[U:1:107910185]><>" respawned "Nezzie♥<106><[U:1:107910185]><>"
L 07/21/2020 - 17:06:37: [mapchooser_extended.smx] Voting for next map has finished. Nextmap: vsh_tranquil_b5.
L 07/21/2020 - 17:11:56: [basechat.smx] "Console<0><Console><Console>" triggered sm_say (text The round time has ended, omaewa-mou shindeiru)
L 07/21/2020 - 17:11:56: [playercommands.smx] "Console<0><Console><Console>" slayed "Pow!<107><BOT><>"
L 07/21/2020 - 17:11:56: [playercommands.smx] "Console<0><Console><Console>" slayed "THEM<108><BOT><>"
L 07/21/2020 - 17:11:56: [playercommands.smx] "Console<0><Console><Console>" slayed "10001011101<109><BOT><>"
L 07/21/2020 - 17:11:56: [playercommands.smx] "Console<0><Console><Console>" slayed "Nezzie♥<106><[U:1:107910185]><>"
L 07/21/2020 - 17:11:56: [playercommands.smx] "Console<0><Console><Console>" slayed "MrFrenzoid<97><[U:1:91292555]><>"
L 07/21/2020 - 17:14:05: [freak_fortress_2.smx] Freak Fortress 2 199001 Loading...
L 07/21/2020 - 17:14:05: [simple-chatprocessor.smx] [SCP] Recognized mod [Team Fortress 2].
L 07/21/2020 - 17:14:05: [simple-chatprocessor.smx] [SCP] Loading translation file [scp.tf.phrases].
L 07/21/2020 - 17:14:05: [mapchooser_extended.smx] Loaded map list for tf.
L 07/21/2020 - 17:14:08: [hpregeneration.smx] [HpRegeneration] - Loaded
L 07/21/2020 - 17:14:21: [mapchooser_extended.smx] Voting for next map has started.
L 07/21/2020 - 17:14:41: [mapchooser_extended.smx] Voting for next map has finished. Nextmap: arena_watchtower.
L 07/21/2020 - 17:15:04: [respawn.smx] "Nezzie♥<106><[U:1:107910185]><>" respawned "Nezzie♥<106><[U:1:107910185]><>"
L 07/21/2020 - 17:15:36: [respawn.smx] "MrFrenzoid<97><[U:1:91292555]><>" respawned "MrFrenzoid<97><[U:1:91292555]><>"
L 07/21/2020 - 17:22:22: [basechat.smx] "Console<0><Console><Console>" triggered sm_say (text The round time has ended, omaewa-mou shindeiru)
L 07/21/2020 - 17:22:22: [playercommands.smx] "Console<0><Console><Console>" slayed "Pow!<107><BOT><>"
L 07/21/2020 - 17:22:22: [playercommands.smx] "Console<0><Console><Console>" slayed "THEM<108><BOT><>"
L 07/21/2020 - 17:22:22: [playercommands.smx] "Console<0><Console><Console>" slayed "10001011101<109><BOT><>"
L 07/21/2020 - 17:22:22: [playercommands.smx] "Console<0><Console><Console>" slayed "MrFrenzoid<97><[U:1:91292555]><>"
L 07/21/2020 - 17:22:40: [SM] Changed map to "arena_watchtower"
L 07/21/2020 - 17:22:43: -------- Mapchange to arena_watchtower --------
L 07/21/2020 - 17:22:55: [mapchooser_extended.smx] Loaded map list for tf.
L 07/21/2020 - 17:24:54: [freak_fortress_2.smx] Freak Fortress 2 199001 Loading...
L 07/21/2020 - 17:24:54: [simple-chatprocessor.smx] [SCP] Recognized mod [Team Fortress 2].
L 07/21/2020 - 17:24:54: [simple-chatprocessor.smx] [SCP] Loading translation file [scp.tf.phrases].
L 07/21/2020 - 17:24:54: [mapchooser_extended.smx] Loaded map list for tf.
L 07/21/2020 - 17:24:57: [hpregeneration.smx] [HpRegeneration] - Loaded
L 07/21/2020 - 17:25:23: [SetSpeed.smx] "MrFrenzoid<97><[U:1:91292555]><>" set speed of  "MrFrenzoid<97><[U:1:91292555]><>" to (520.000000)
L 07/21/2020 - 17:25:36: [SetSpeed.smx] "MrFrenzoid<97><[U:1:91292555]><>" set speed of  "MrFrenzoid<97><[U:1:91292555]><>" to (100.000000)
L 07/21/2020 - 17:26:00: [SetSpeed.smx] "MrFrenzoid<97><[U:1:91292555]><>" set speed of  "MrFrenzoid<97><[U:1:91292555]><>" to (520.000000)
L 07/21/2020 - 17:27:57: [freak_fortress_2.smx] Freak Fortress 2 199001 Loading...
L 07/21/2020 - 17:27:57: [simple-chatprocessor.smx] [SCP] Recognized mod [Team Fortress 2].
L 07/21/2020 - 17:27:57: [simple-chatprocessor.smx] [SCP] Loading translation file [scp.tf.phrases].
L 07/21/2020 - 17:27:57: [mapchooser_extended.smx] Loaded map list for tf.
L 07/21/2020 - 17:28:00: [hpregeneration.smx] [HpRegeneration] - Loaded
L 07/21/2020 - 17:28:20: [SetSpeed.smx] "MrFrenzoid<97><[U:1:91292555]><>" set speed of  "MrFrenzoid<97><[U:1:91292555]><>" to (520.000000)
L 07/21/2020 - 17:29:22: [freak_fortress_2.smx] Freak Fortress 2 199001 Loading...
L 07/21/2020 - 17:29:23: [simple-chatprocessor.smx] [SCP] Recognized mod [Team Fortress 2].
L 07/21/2020 - 17:29:23: [simple-chatprocessor.smx] [SCP] Loading translation file [scp.tf.phrases].
L 07/21/2020 - 17:29:23: [mapchooser_extended.smx] Loaded map list for tf.
L 07/21/2020 - 17:29:26: [hpregeneration.smx] [HpRegeneration] - Loaded
L 07/21/2020 - 17:29:49: [SetSpeed.smx] "MrFrenzoid<97><[U:1:91292555]><>" set speed of  "MrFrenzoid<97><[U:1:91292555]><>" to (520.000000)
L 07/21/2020 - 17:29:54: [SetSpeed.smx] "MrFrenzoid<97><[U:1:91292555]><>" reset speed of  "ZAWMBEEZ<110><BOT><>" to Normal
L 07/21/2020 - 17:29:54: [SetSpeed.smx] "MrFrenzoid<97><[U:1:91292555]><>" reset speed of  "TAAAAANK!<111><BOT><>" to Normal
L 07/21/2020 - 17:29:54: [SetSpeed.smx] "MrFrenzoid<97><[U:1:91292555]><>" reset speed of  "Black Mesa<112><BOT><>" to Normal
L 07/21/2020 - 17:29:54: [SetSpeed.smx] "MrFrenzoid<97><[U:1:91292555]><>" reset speed of  "MrFrenzoid<97><[U:1:91292555]><>" to Normal
L 07/21/2020 - 17:30:10: [respawn.smx] "MrFrenzoid<97><[U:1:91292555]><>" respawned "MrFrenzoid<97><[U:1:91292555]><>"
L 07/21/2020 - 17:30:21: [SetSpeed.smx] "MrFrenzoid<97><[U:1:91292555]><>" set speed of  "MrFrenzoid<97><[U:1:91292555]><>" to (520.000000)
L 07/21/2020 - 17:30:30: [SetSpeed.smx] "MrFrenzoid<97><[U:1:91292555]><>" reset speed of  "MrFrenzoid<97><[U:1:91292555]><>" to Normal
L 07/21/2020 - 17:30:34: [respawn.smx] "MrFrenzoid<97><[U:1:91292555]><>" respawned "MrFrenzoid<97><[U:1:91292555]><>"
L 07/21/2020 - 17:32:51: [freak_fortress_2.smx] Freak Fortress 2 199001 Loading...
L 07/21/2020 - 17:32:51: [simple-chatprocessor.smx] [SCP] Recognized mod [Team Fortress 2].
L 07/21/2020 - 17:32:51: [simple-chatprocessor.smx] [SCP] Loading translation file [scp.tf.phrases].
L 07/21/2020 - 17:32:52: [mapchooser_extended.smx] Loaded map list for tf.
L 07/21/2020 - 17:32:55: [hpregeneration.smx] [HpRegeneration] - Loaded
L 07/21/2020 - 17:34:07: [freak_fortress_2.smx] Freak Fortress 2 199001 Loading...
L 07/21/2020 - 17:34:07: [simple-chatprocessor.smx] [SCP] Recognized mod [Team Fortress 2].
L 07/21/2020 - 17:34:07: [simple-chatprocessor.smx] [SCP] Loading translation file [scp.tf.phrases].
L 07/21/2020 - 17:34:07: [mapchooser_extended.smx] Loaded map list for tf.
L 07/21/2020 - 17:34:10: [hpregeneration.smx] [HpRegeneration] - Loaded
L 07/21/2020 - 17:34:30: [SetSpeed.smx] "MrFrenzoid<97><[U:1:91292555]><>" set speed of  "MrFrenzoid<97><[U:1:91292555]><>" to (520.000000)
L 07/21/2020 - 17:34:42: [SetSpeed.smx] "MrFrenzoid<97><[U:1:91292555]><>" reset speed of  "MrFrenzoid<97><[U:1:91292555]><>" to Normal
L 07/21/2020 - 17:41:35: [freak_fortress_2.smx] Freak Fortress 2 199001 Loading...
L 07/21/2020 - 17:41:35: [simple-chatprocessor.smx] [SCP] Recognized mod [Team Fortress 2].
L 07/21/2020 - 17:41:35: [simple-chatprocessor.smx] [SCP] Loading translation file [scp.tf.phrases].
L 07/21/2020 - 17:41:36: [mapchooser_extended.smx] Loaded map list for tf.
L 07/21/2020 - 17:41:38: [hpregeneration.smx] [HpRegeneration] - Loaded
L 07/21/2020 - 17:43:15: [freak_fortress_2.smx] Freak Fortress 2 199001 Loading...
L 07/21/2020 - 17:43:16: [simple-chatprocessor.smx] [SCP] Recognized mod [Team Fortress 2].
L 07/21/2020 - 17:43:16: [simple-chatprocessor.smx] [SCP] Loading translation file [scp.tf.phrases].
L 07/21/2020 - 17:43:16: [mapchooser_extended.smx] Loaded map list for tf.
L 07/21/2020 - 17:43:19: [hpregeneration.smx] [HpRegeneration] - Loaded
L 07/21/2020 - 17:43:32: [mapchooser_extended.smx] Voting for next map has started.
L 07/21/2020 - 17:44:33: [freak_fortress_2.smx] Freak Fortress 2 199001 Loading...
L 07/21/2020 - 17:44:34: [simple-chatprocessor.smx] [SCP] Recognized mod [Team Fortress 2].
L 07/21/2020 - 17:44:34: [simple-chatprocessor.smx] [SCP] Loading translation file [scp.tf.phrases].
L 07/21/2020 - 17:44:34: [mapchooser_extended.smx] Loaded map list for tf.
L 07/21/2020 - 17:44:37: [hpregeneration.smx] [HpRegeneration] - Loaded
L 07/21/2020 - 17:44:50: [mapchooser_extended.smx] Voting for next map has started.
L 07/21/2020 - 17:45:15: [freak_fortress_2.smx] Freak Fortress 2 199001 Loading...
L 07/21/2020 - 17:45:15: [simple-chatprocessor.smx] [SCP] Recognized mod [Team Fortress 2].
L 07/21/2020 - 17:45:15: [simple-chatprocessor.smx] [SCP] Loading translation file [scp.tf.phrases].
L 07/21/2020 - 17:45:15: [mapchooser_extended.smx] Loaded map list for tf.
L 07/21/2020 - 17:45:18: [hpregeneration.smx] [HpRegeneration] - Loaded
L 07/21/2020 - 17:45:31: [mapchooser_extended.smx] Voting for next map has started.
L 07/21/2020 - 17:47:56: [basecommands.smx] "MrFrenzoid<97><[U:1:91292555]><>" changed map to "vsh_castle_siege_unreal_sg1"
L 07/21/2020 - 17:47:59: [SM] Changed map to "vsh_castle_siege_unreal_sg1"
L 07/21/2020 - 17:48:01: -------- Mapchange to vsh_castle_siege_unreal_sg1 --------
L 07/21/2020 - 17:48:12: [mapchooser_extended.smx] Loaded map list for tf.
L 07/21/2020 - 17:52:24: [respawn.smx] "MrFrenzoid<97><[U:1:91292555]><>" respawned "MrFrenzoid<97><[U:1:91292555]><>"
L 07/21/2020 - 17:53:37: [freak_fortress_2.smx] Freak Fortress 2 199001 Loading...
L 07/21/2020 - 17:53:37: [simple-chatprocessor.smx] [SCP] Recognized mod [Team Fortress 2].
L 07/21/2020 - 17:53:37: [simple-chatprocessor.smx] [SCP] Loading translation file [scp.tf.phrases].
L 07/21/2020 - 17:53:38: [mapchooser_extended.smx] Loaded map list for tf.
L 07/21/2020 - 17:53:41: [hpregeneration.smx] [HpRegeneration] - Loaded
L 07/21/2020 - 17:53:50: [basecommands.smx] "MrFrenzoid<97><[U:1:91292555]><>" refreshed the admin cache.
L 07/21/2020 - 17:54:20: [basecommands.smx] "MrFrenzoid<97><[U:1:91292555]><>" refreshed the admin cache.
L 07/21/2020 - 17:54:51: [basecommands.smx] "MrFrenzoid<97><[U:1:91292555]><>" changed map to "vsh_manncohq_v14"
L 07/21/2020 - 17:54:54: [SM] Changed map to "vsh_manncohq_v14"
L 07/21/2020 - 17:54:58: -------- Mapchange to vsh_manncohq_v14 --------
L 07/21/2020 - 17:55:09: [mapchooser_extended.smx] Loaded map list for tf.
L 07/21/2020 - 17:55:36: [basecommands.smx] "MrFrenzoid<97><[U:1:91292555]><>" changed map to "vsh_castle_siege_unreal_sg1"
L 07/21/2020 - 17:55:39: [SM] Changed map to "vsh_castle_siege_unreal_sg1"
L 07/21/2020 - 17:55:41: -------- Mapchange to vsh_castle_siege_unreal_sg1 --------
L 07/21/2020 - 17:55:51: [mapchooser_extended.smx] Loaded map list for tf.
L 07/21/2020 - 17:57:15: [freak_fortress_2.smx] Freak Fortress 2 199001 Loading...
L 07/21/2020 - 17:57:15: [simple-chatprocessor.smx] [SCP] Recognized mod [Team Fortress 2].
L 07/21/2020 - 17:57:15: [simple-chatprocessor.smx] [SCP] Loading translation file [scp.tf.phrases].
L 07/21/2020 - 17:57:16: [mapchooser_extended.smx] Loaded map list for tf.
L 07/21/2020 - 17:57:19: [hpregeneration.smx] [HpRegeneration] - Loaded
L 07/21/2020 - 17:59:37: [funvotes.smx] "MrFrenzoid<97><[U:1:91292555]><>" initiated a slay vote against "SomeDude<119><BOT><>"
L 07/21/2020 - 17:59:39: [funvotes.smx] Vote slay successful, slaying "SomeDude<119><BOT><>"
L 07/21/2020 - 17:59:48: [freak_fortress_2.smx] Freak Fortress 2 199001 Loading...
L 07/21/2020 - 17:59:49: [simple-chatprocessor.smx] [SCP] Recognized mod [Team Fortress 2].
L 07/21/2020 - 17:59:49: [simple-chatprocessor.smx] [SCP] Loading translation file [scp.tf.phrases].
L 07/21/2020 - 17:59:49: [mapchooser_extended.smx] Loaded map list for tf.
L 07/21/2020 - 17:59:52: [hpregeneration.smx] [HpRegeneration] - Loaded
L 07/21/2020 - 18:08:07: [basechat.smx] "Console<0><Console><Console>" triggered sm_say (text The round time has ended, omaewa-mou shindeiru)
L 07/21/2020 - 18:08:07: [playercommands.smx] "Console<0><Console><Console>" slayed "SomeDude<119><BOT><>"
L 07/21/2020 - 18:08:07: [playercommands.smx] "Console<0><Console><Console>" slayed "Hostage<120><BOT><>"
L 07/21/2020 - 18:08:07: [playercommands.smx] "Console<0><Console><Console>" slayed "CrySomeMore<121><BOT><>"
L 07/21/2020 - 18:08:07: [playercommands.smx] "Console<0><Console><Console>" slayed "MrFrenzoid<97><[U:1:91292555]><>"
L 07/21/2020 - 18:10:31: [freak_fortress_2.smx] Freak Fortress 2 199001 Loading...
L 07/21/2020 - 18:10:32: [simple-chatprocessor.smx] [SCP] Recognized mod [Team Fortress 2].
L 07/21/2020 - 18:10:32: [simple-chatprocessor.smx] [SCP] Loading translation file [scp.tf.phrases].
L 07/21/2020 - 18:10:32: [mapchooser_extended.smx] Loaded map list for tf.
L 07/21/2020 - 18:10:35: [hpregeneration.smx] [HpRegeneration] - Loaded
L 07/21/2020 - 18:14:09: [basecommands.smx] "MrFrenzoid<97><[U:1:91292555]><>" changed map to "vsh_manncohq_v14"
L 07/21/2020 - 18:14:12: [SM] Changed map to "vsh_manncohq_v14"
L 07/21/2020 - 18:14:15: -------- Mapchange to vsh_manncohq_v14 --------
L 07/21/2020 - 18:14:25: [mapchooser_extended.smx] Loaded map list for tf.
L 07/21/2020 - 18:34:39: [mapchooser_extended.smx] Voting for next map has started.
L 07/21/2020 - 18:51:20: [respawn.smx] "Nezzie♥<122><[U:1:107910185]><>" respawned "Nezzie♥<122><[U:1:107910185]><>"
L 07/21/2020 - 18:51:30: [freak_fortress_2.smx] Freak Fortress 2 199001 Loading...
L 07/21/2020 - 18:51:31: [simple-chatprocessor.smx] [SCP] Recognized mod [Team Fortress 2].
L 07/21/2020 - 18:51:31: [simple-chatprocessor.smx] [SCP] Loading translation file [scp.tf.phrases].
L 07/21/2020 - 18:51:32: [mapchooser_extended.smx] Loaded map list for tf.
L 07/21/2020 - 18:51:34: [hpregeneration.smx] [HpRegeneration] - Loaded
L 07/21/2020 - 18:51:47: [basecommands.smx] "Nezzie♥<122><[U:1:107910185]><>" changed map to "arena_lumberyard"
L 07/21/2020 - 18:51:49: [SM] Changed map to "vsh_tranquil_b5"
L 07/21/2020 - 18:51:53: -------- Mapchange to vsh_tranquil_b5 --------
L 07/21/2020 - 18:52:05: [mapchooser_extended.smx] Loaded map list for tf.
L 07/21/2020 - 18:52:05: [SM] Changed map to "arena_lumberyard"
L 07/21/2020 - 18:52:09: -------- Mapchange to arena_lumberyard --------
L 07/21/2020 - 18:52:19: [mapchooser_extended.smx] Loaded map list for tf.
L 07/21/2020 - 18:56:37: [freak_fortress_2.smx] Freak Fortress 2 199001 Loading...
L 07/21/2020 - 18:56:37: [simple-chatprocessor.smx] [SCP] Recognized mod [Team Fortress 2].
L 07/21/2020 - 18:56:37: [simple-chatprocessor.smx] [SCP] Loading translation file [scp.tf.phrases].
L 07/21/2020 - 18:56:37: [mapchooser_extended.smx] Loaded map list for tf.
L 07/21/2020 - 18:56:40: [hpregeneration.smx] [HpRegeneration] - Loaded
L 07/21/2020 - 19:04:56: [basechat.smx] "Console<0><Console><Console>" triggered sm_say (text The round time has ended, omaewa-mou shindeiru)
L 07/21/2020 - 19:04:56: [playercommands.smx] "Console<0><Console><Console>" slayed "Nezzie♥<128><[U:1:107910185]><>"
L 07/21/2020 - 19:04:56: [playercommands.smx] "Console<0><Console><Console>" slayed "RageQuit<129><BOT><>"
L 07/21/2020 - 19:04:56: [playercommands.smx] "Console<0><Console><Console>" slayed "Ze Ubermensch<130><BOT><>"
L 07/21/2020 - 19:04:56: [playercommands.smx] "Console<0><Console><Console>" slayed "CRITRAWKETS<131><BOT><>"
L 07/21/2020 - 19:12:16: [respawn.smx] "Nezzie♥<128><[U:1:107910185]><>" respawned "Nezzie♥<128><[U:1:107910185]><>"
L 07/21/2020 - 19:12:36: [mapchooser_extended.smx] Voting for next map has started.
L 07/21/2020 - 19:12:39: [mapchooser_extended.smx] Voting for next map has finished. Nextmap: vsh_castle_siege_unreal_sg1.
L 07/21/2020 - 19:13:14: [basechat.smx] "Console<0><Console><Console>" triggered sm_say (text The round time has ended, omaewa-mou shindeiru)
L 07/21/2020 - 19:13:14: [playercommands.smx] "Console<0><Console><Console>" slayed "RageQuit<129><BOT><>"
L 07/21/2020 - 19:13:14: [playercommands.smx] "Console<0><Console><Console>" slayed "Ze Ubermensch<130><BOT><>"
L 07/21/2020 - 19:13:14: [playercommands.smx] "Console<0><Console><Console>" slayed "CRITRAWKETS<131><BOT><>"
L 07/21/2020 - 19:14:21: [freak_fortress_2.smx] Freak Fortress 2 199001 Loading...
L 07/21/2020 - 19:14:21: [simple-chatprocessor.smx] [SCP] Recognized mod [Team Fortress 2].
L 07/21/2020 - 19:14:21: [simple-chatprocessor.smx] [SCP] Loading translation file [scp.tf.phrases].
L 07/21/2020 - 19:14:21: [mapchooser_extended.smx] Loaded map list for tf.
L 07/21/2020 - 19:14:24: [hpregeneration.smx] [HpRegeneration] - Loaded
L 07/21/2020 - 19:14:38: [mapchooser_extended.smx] Voting for next map has started.
L 07/21/2020 - 19:14:57: [mapchooser_extended.smx] Voting for next map has finished. Nextmap: vsh_castle_siege_unreal_sg1.
L 07/21/2020 - 19:15:01: [respawn.smx] "Nezzie♥<128><[U:1:107910185]><>" respawned "Nezzie♥<128><[U:1:107910185]><>"
L 07/21/2020 - 19:15:08: [playercommands.smx] "Nezzie♥<128><[U:1:107910185]><>" slayed "test1<133><BOT><>"
L 07/21/2020 - 19:16:28: [freak_fortress_2.smx] Freak Fortress 2 199001 Loading...
L 07/21/2020 - 19:16:29: [simple-chatprocessor.smx] [SCP] Recognized mod [Team Fortress 2].
L 07/21/2020 - 19:16:29: [simple-chatprocessor.smx] [SCP] Loading translation file [scp.tf.phrases].
L 07/21/2020 - 19:16:29: [mapchooser_extended.smx] Loaded map list for tf.
L 07/21/2020 - 19:16:32: [hpregeneration.smx] [HpRegeneration] - Loaded
L 07/21/2020 - 19:16:45: [mapchooser_extended.smx] Voting for next map has started.
L 07/21/2020 - 19:16:50: [mapchooser_extended.smx] Voting for next map has finished. Nextmap: arena_byre.
L 07/21/2020 - 19:17:12: [respawn.smx] "Nezzie♥<128><[U:1:107910185]><>" respawned "Nezzie♥<128><[U:1:107910185]><>"
L 07/21/2020 - 19:24:47: [basechat.smx] "Console<0><Console><Console>" triggered sm_say (text The round time has ended, omaewa-mou shindeiru)
L 07/21/2020 - 19:24:47: [playercommands.smx] "Console<0><Console><Console>" slayed "RageQuit<129><BOT><>"
L 07/21/2020 - 19:24:47: [playercommands.smx] "Console<0><Console><Console>" slayed "Ze Ubermensch<130><BOT><>"
L 07/21/2020 - 19:24:47: [playercommands.smx] "Console<0><Console><Console>" slayed "CRITRAWKETS<131><BOT><>"
L 07/21/2020 - 19:24:47: [playercommands.smx] "Console<0><Console><Console>" slayed "test<132><BOT><>"
L 07/21/2020 - 19:24:47: [playercommands.smx] "Console<0><Console><Console>" slayed "test1<133><BOT><>"
L 07/21/2020 - 19:25:01: [basecommands.smx] "Nezzie♥<128><[U:1:107910185]><>" changed map to "arena_lumberyard"
L 07/21/2020 - 19:25:04: [SM] Changed map to "arena_lumberyard"
L 07/21/2020 - 19:25:07: -------- Mapchange to arena_lumberyard --------
L 07/21/2020 - 19:25:20: [mapchooser_extended.smx] Loaded map list for tf.
L 07/21/2020 - 19:26:46: [freak_fortress_2.smx] Freak Fortress 2 199001 Loading...
L 07/21/2020 - 19:26:46: [simple-chatprocessor.smx] [SCP] Recognized mod [Team Fortress 2].
L 07/21/2020 - 19:26:46: [simple-chatprocessor.smx] [SCP] Loading translation file [scp.tf.phrases].
L 07/21/2020 - 19:26:47: [mapchooser_extended.smx] Loaded map list for tf.
L 07/21/2020 - 19:26:50: [hpregeneration.smx] [HpRegeneration] - Loaded
L 07/21/2020 - 19:28:11: [freak_fortress_2.smx] Freak Fortress 2 199001 Loading...
L 07/21/2020 - 19:28:11: [simple-chatprocessor.smx] [SCP] Recognized mod [Team Fortress 2].
L 07/21/2020 - 19:28:11: [simple-chatprocessor.smx] [SCP] Loading translation file [scp.tf.phrases].
L 07/21/2020 - 19:28:11: [mapchooser_extended.smx] Loaded map list for tf.
L 07/21/2020 - 19:28:14: [hpregeneration.smx] [HpRegeneration] - Loaded
L 07/21/2020 - 19:30:52: [freak_fortress_2.smx] Freak Fortress 2 199001 Loading...
L 07/21/2020 - 19:30:52: [simple-chatprocessor.smx] [SCP] Recognized mod [Team Fortress 2].
L 07/21/2020 - 19:30:52: [simple-chatprocessor.smx] [SCP] Loading translation file [scp.tf.phrases].
L 07/21/2020 - 19:30:52: [mapchooser_extended.smx] Loaded map list for tf.
L 07/21/2020 - 19:30:55: [hpregeneration.smx] [HpRegeneration] - Loaded
L 07/21/2020 - 19:32:46: [freak_fortress_2.smx] Freak Fortress 2 199001 Loading...
L 07/21/2020 - 19:32:46: [simple-chatprocessor.smx] [SCP] Recognized mod [Team Fortress 2].
L 07/21/2020 - 19:32:46: [simple-chatprocessor.smx] [SCP] Loading translation file [scp.tf.phrases].
L 07/21/2020 - 19:32:46: [mapchooser_extended.smx] Loaded map list for tf.
L 07/21/2020 - 19:32:49: [hpregeneration.smx] [HpRegeneration] - Loaded
L 07/21/2020 - 19:36:27: [respawn.smx] "Nezzie♥<128><[U:1:107910185]><>" respawned "Nezzie♥<128><[U:1:107910185]><>"
L 07/21/2020 - 19:36:36: [respawn.smx] "MrFrenzoid<137><[U:1:91292555]><>" respawned "MrFrenzoid<137><[U:1:91292555]><>"
L 07/21/2020 - 19:39:22: [freak_fortress_2.smx] Freak Fortress 2 199001 Loading...
L 07/21/2020 - 19:39:23: [simple-chatprocessor.smx] [SCP] Recognized mod [Team Fortress 2].
L 07/21/2020 - 19:39:23: [simple-chatprocessor.smx] [SCP] Loading translation file [scp.tf.phrases].
L 07/21/2020 - 19:39:23: [mapchooser_extended.smx] Loaded map list for tf.
L 07/21/2020 - 19:39:26: [hpregeneration.smx] [HpRegeneration] - Loaded
L 07/21/2020 - 19:39:47: [respawn.smx] "Nezzie♥<128><[U:1:107910185]><>" respawned "Nezzie♥<128><[U:1:107910185]><>"
L 07/21/2020 - 19:39:49: [freak_fortress_2.smx] Freak Fortress 2 199001 Loading...
L 07/21/2020 - 19:39:49: [simple-chatprocessor.smx] [SCP] Recognized mod [Team Fortress 2].
L 07/21/2020 - 19:39:49: [simple-chatprocessor.smx] [SCP] Loading translation file [scp.tf.phrases].
L 07/21/2020 - 19:39:49: [mapchooser_extended.smx] Loaded map list for tf.
L 07/21/2020 - 19:39:52: [hpregeneration.smx] [HpRegeneration] - Loaded
L 07/21/2020 - 19:41:15: [respawn.smx] "Nezzie♥<128><[U:1:107910185]><>" respawned "Nezzie♥<128><[U:1:107910185]><>"
L 07/21/2020 - 19:43:39: [freak_fortress_2.smx] Freak Fortress 2 199001 Loading...
L 07/21/2020 - 19:43:39: [simple-chatprocessor.smx] [SCP] Recognized mod [Team Fortress 2].
L 07/21/2020 - 19:43:39: [simple-chatprocessor.smx] [SCP] Loading translation file [scp.tf.phrases].
L 07/21/2020 - 19:43:39: [mapchooser_extended.smx] Loaded map list for tf.
L 07/21/2020 - 19:43:42: [hpregeneration.smx] [HpRegeneration] - Loaded
L 07/21/2020 - 19:44:53: [freak_fortress_2.smx] Freak Fortress 2 199001 Loading...
L 07/21/2020 - 19:44:53: [simple-chatprocessor.smx] [SCP] Recognized mod [Team Fortress 2].
L 07/21/2020 - 19:44:53: [simple-chatprocessor.smx] [SCP] Loading translation file [scp.tf.phrases].
L 07/21/2020 - 19:44:53: [mapchooser_extended.smx] Loaded map list for tf.
L 07/21/2020 - 19:44:56: [hpregeneration.smx] [HpRegeneration] - Loaded
L 07/21/2020 - 19:45:52: [mapchooser_extended.smx] Voting for next map has started.
L 07/21/2020 - 19:46:59: [freak_fortress_2.smx] Freak Fortress 2 199001 Loading...
L 07/21/2020 - 19:47:00: [simple-chatprocessor.smx] [SCP] Recognized mod [Team Fortress 2].
L 07/21/2020 - 19:47:00: [simple-chatprocessor.smx] [SCP] Loading translation file [scp.tf.phrases].
L 07/21/2020 - 19:47:00: [mapchooser_extended.smx] Loaded map list for tf.
L 07/21/2020 - 19:47:03: [hpregeneration.smx] [HpRegeneration] - Loaded
L 07/21/2020 - 19:47:16: [mapchooser_extended.smx] Voting for next map has started.
L 07/21/2020 - 19:52:29: [freak_fortress_2.smx] Freak Fortress 2 199001 Loading...
L 07/21/2020 - 19:52:30: [simple-chatprocessor.smx] [SCP] Recognized mod [Team Fortress 2].
L 07/21/2020 - 19:52:30: [simple-chatprocessor.smx] [SCP] Loading translation file [scp.tf.phrases].
L 07/21/2020 - 19:52:30: [mapchooser_extended.smx] Loaded map list for tf.
L 07/21/2020 - 19:52:33: [hpregeneration.smx] [HpRegeneration] - Loaded
L 07/21/2020 - 19:52:46: [mapchooser_extended.smx] Voting for next map has started.
L 07/21/2020 - 19:53:06: [mapchooser_extended.smx] Voting for next map has finished. Nextmap: arena_granary.
L 07/21/2020 - 20:00:48: [basechat.smx] "Console<0><Console><Console>" triggered sm_say (text The round time has ended, omaewa-mou shindeiru)
L 07/21/2020 - 20:00:48: [playercommands.smx] "Console<0><Console><Console>" slayed "Nezzie♥<128><[U:1:107910185]><>"
L 07/21/2020 - 20:00:48: [playercommands.smx] "Console<0><Console><Console>" slayed "Gentlemanne of Leisure<134><BOT><>"
L 07/21/2020 - 20:00:48: [playercommands.smx] "Console<0><Console><Console>" slayed "Target Practice<135><BOT><>"
L 07/21/2020 - 20:00:48: [playercommands.smx] "Console<0><Console><Console>" slayed "Crowbar<136><BOT><>"
L 07/21/2020 - 20:00:48: [playercommands.smx] "Console<0><Console><Console>" slayed "MrFrenzoid<137><[U:1:91292555]><>"
L 07/21/2020 - 20:00:48: [playercommands.smx] "Console<0><Console><Console>" slayed "test<138><BOT><>"
L 07/21/2020 - 20:00:48: [playercommands.smx] "Console<0><Console><Console>" slayed "test1<139><BOT><>"
L 07/21/2020 - 20:01:06: [SM] Changed map to "arena_granary"
L 07/21/2020 - 20:01:11: -------- Mapchange to arena_granary --------
L 07/21/2020 - 20:01:23: [mapchooser_extended.smx] Loaded map list for tf.
L 07/21/2020 - 20:02:29: [respawn.smx] "MrFrenzoid<137><[U:1:91292555]><>" respawned "Nezzie♥<128><[U:1:107910185]><>"
L 07/21/2020 - 20:02:30: [respawn.smx] "MrFrenzoid<137><[U:1:91292555]><>" respawned "MrFrenzoid<137><[U:1:91292555]><>"
L 07/21/2020 - 20:02:55: [respawn.smx] "Nezzie♥<128><[U:1:107910185]><>" respawned "Nezzie♥<128><[U:1:107910185]><>"
L 07/21/2020 - 20:07:23: [basecommands.smx] "Nezzie♥<128><[U:1:107910185]><>" changed map to "arena_badlands"
L 07/21/2020 - 20:07:26: [SM] Changed map to "arena_badlands"
L 07/21/2020 - 20:07:30: -------- Mapchange to arena_badlands --------
L 07/21/2020 - 20:07:42: [mapchooser_extended.smx] Loaded map list for tf.
L 07/21/2020 - 20:08:25: [respawn.smx] "MrFrenzoid<137><[U:1:91292555]><>" respawned "MrFrenzoid<137><[U:1:91292555]><>"
L 07/21/2020 - 20:11:15: [respawn.smx] "MrFrenzoid<146><[U:1:91292555]><>" respawned "MrFrenzoid<146><[U:1:91292555]><>"
L 07/21/2020 - 20:16:10: [basechat.smx] "Console<0><Console><Console>" triggered sm_say (text The round time has ended, omaewa-mou shindeiru)
L 07/21/2020 - 20:16:10: [playercommands.smx] "Console<0><Console><Console>" slayed "Nezzie♥<128><[U:1:107910185]><>"
L 07/21/2020 - 20:16:10: [playercommands.smx] "Console<0><Console><Console>" slayed "GENTLE MANNE of LEISURE<143><BOT><>"
L 07/21/2020 - 20:16:10: [playercommands.smx] "Console<0><Console><Console>" slayed "Tiny Baby Man<144><BOT><>"
L 07/21/2020 - 20:16:10: [playercommands.smx] "Console<0><Console><Console>" slayed "Force of Nature<145><BOT><>"
L 07/21/2020 - 20:16:10: [playercommands.smx] "Console<0><Console><Console>" slayed "MrFrenzoid<146><[U:1:91292555]><>"
L 07/21/2020 - 20:24:28: [basechat.smx] "Console<0><Console><Console>" triggered sm_say (text The round time has ended, omaewa-mou shindeiru)
L 07/21/2020 - 20:24:28: [playercommands.smx] "Console<0><Console><Console>" slayed "Nezzie♥<128><[U:1:107910185]><>"
L 07/21/2020 - 20:24:28: [playercommands.smx] "Console<0><Console><Console>" slayed "GENTLE MANNE of LEISURE<143><BOT><>"
L 07/21/2020 - 20:24:28: [playercommands.smx] "Console<0><Console><Console>" slayed "Tiny Baby Man<144><BOT><>"
L 07/21/2020 - 20:24:28: [playercommands.smx] "Console<0><Console><Console>" slayed "Force of Nature<145><BOT><>"
L 07/21/2020 - 20:24:28: [playercommands.smx] "Console<0><Console><Console>" slayed "MrFrenzoid<146><[U:1:91292555]><>"
L 07/21/2020 - 20:27:57: [mapchooser_extended.smx] Voting for next map has started.
L 07/21/2020 - 20:28:17: [mapchooser_extended.smx] Voting for next map has finished. Nextmap: arena_nucleus.
L 07/21/2020 - 20:29:59: [basecommands.smx] "MrFrenzoid<146><[U:1:91292555]><>" changed map to "vsh_manncohq_v14"
L 07/21/2020 - 20:30:02: [SM] Changed map to "vsh_manncohq_v14"
L 07/21/2020 - 20:30:08: -------- Mapchange to vsh_manncohq_v14 --------
L 07/21/2020 - 20:30:19: [mapchooser_extended.smx] Loaded map list for tf.
L 07/21/2020 - 20:32:02: [freak_fortress_2.smx] Freak Fortress 2 199001 Loading...
L 07/21/2020 - 20:32:02: [simple-chatprocessor.smx] [SCP] Recognized mod [Team Fortress 2].
L 07/21/2020 - 20:32:02: [simple-chatprocessor.smx] [SCP] Loading translation file [scp.tf.phrases].
L 07/21/2020 - 20:32:02: [mapchooser_extended.smx] Loaded map list for tf.
L 07/21/2020 - 20:32:05: [hpregeneration.smx] [HpRegeneration] - Loaded
L 07/21/2020 - 20:34:07: [freak_fortress_2.smx] Freak Fortress 2 199001 Loading...
L 07/21/2020 - 20:34:08: [simple-chatprocessor.smx] [SCP] Recognized mod [Team Fortress 2].
L 07/21/2020 - 20:34:08: [simple-chatprocessor.smx] [SCP] Loading translation file [scp.tf.phrases].
L 07/21/2020 - 20:34:08: [mapchooser_extended.smx] Loaded map list for tf.
L 07/21/2020 - 20:34:11: [hpregeneration.smx] [HpRegeneration] - Loaded
L 07/21/2020 - 20:35:16: [respawn.smx] "Nezzie♥<128><[U:1:107910185]><>" respawned "Nezzie♥<128><[U:1:107910185]><>"
L 07/21/2020 - 20:36:06: [respawn.smx] "MrFrenzoid<146><[U:1:91292555]><>" respawned "MrFrenzoid<146><[U:1:91292555]><>"
L 07/21/2020 - 20:36:20: [respawn.smx] "MrFrenzoid<146><[U:1:91292555]><>" respawned "MrFrenzoid<146><[U:1:91292555]><>"
L 07/21/2020 - 20:37:25: [basecommands.smx] "Nezzie♥<128><[U:1:107910185]><>" changed map to "arena_badlands"
L 07/21/2020 - 20:37:26: [basecommands.smx] "MrFrenzoid<146><[U:1:91292555]><>" changed map to "vsh_castle_siege_unreal_sg1"
L 07/21/2020 - 20:37:28: [SM] Changed map to "arena_badlands"
L 07/21/2020 - 20:37:33: -------- Mapchange to arena_badlands --------
L 07/21/2020 - 20:37:45: [mapchooser_extended.smx] Loaded map list for tf.
L 07/21/2020 - 20:37:46: [SM] Changed map to "vsh_castle_siege_unreal_sg1"
L 07/21/2020 - 20:37:50: -------- Mapchange to vsh_castle_siege_unreal_sg1 --------
L 07/21/2020 - 20:38:01: [mapchooser_extended.smx] Loaded map list for tf.
L 07/21/2020 - 20:40:12: [freak_fortress_2.smx] Freak Fortress 2 199001 Loading...
L 07/21/2020 - 20:40:12: [simple-chatprocessor.smx] [SCP] Recognized mod [Team Fortress 2].
L 07/21/2020 - 20:40:12: [simple-chatprocessor.smx] [SCP] Loading translation file [scp.tf.phrases].
L 07/21/2020 - 20:40:13: [mapchooser_extended.smx] Loaded map list for tf.
L 07/21/2020 - 20:40:16: [hpregeneration.smx] [HpRegeneration] - Loaded
L 07/21/2020 - 20:46:25: [freak_fortress_2.smx] Freak Fortress 2 199001 Loading...
L 07/21/2020 - 20:46:26: [simple-chatprocessor.smx] [SCP] Recognized mod [Team Fortress 2].
L 07/21/2020 - 20:46:26: [simple-chatprocessor.smx] [SCP] Loading translation file [scp.tf.phrases].
L 07/21/2020 - 20:46:26: [mapchooser_extended.smx] Loaded map list for tf.
L 07/21/2020 - 20:46:29: [hpregeneration.smx] [HpRegeneration] - Loaded
L 07/21/2020 - 20:50:31: [respawn.smx] "Nezzie♥<155><[U:1:107910185]><>" respawned "Nezzie♥<155><[U:1:107910185]><>"
L 07/21/2020 - 20:51:58: [respawn.smx] "MrFrenzoid<160><[U:1:91292555]><>" respawned "MrFrenzoid<160><[U:1:91292555]><>"
L 07/21/2020 - 20:53:20: [respawn.smx] "MrFrenzoid<160><[U:1:91292555]><>" respawned "MrFrenzoid<160><[U:1:91292555]><>"
L 07/21/2020 - 20:54:44: [basechat.smx] "Console<0><Console><Console>" triggered sm_say (text The round time has ended, omaewa-mou shindeiru)
L 07/21/2020 - 20:54:44: [playercommands.smx] "Console<0><Console><Console>" slayed "Nezzie♥<155><[U:1:107910185]><>"
L 07/21/2020 - 20:54:44: [playercommands.smx] "Console<0><Console><Console>" slayed "Mentlegen<156><BOT><>"
L 07/21/2020 - 20:54:44: [playercommands.smx] "Console<0><Console><Console>" slayed "Ribs Grow Back<157><BOT><>"
L 07/21/2020 - 20:54:44: [playercommands.smx] "Console<0><Console><Console>" slayed "Mega Baboon<158><BOT><>"
L 07/21/2020 - 20:56:48: [respawn.smx] "MrFrenzoid<161><[U:1:91292555]><>" respawned "MrFrenzoid<161><[U:1:91292555]><>"
L 07/21/2020 - 20:58:21: [mapchooser_extended.smx] Voting for next map has started.
L 07/21/2020 - 21:08:56: [basechat.smx] "Console<0><Console><Console>" triggered sm_say (text The round time has ended, omaewa-mou shindeiru)
L 07/21/2020 - 21:08:56: [playercommands.smx] "Console<0><Console><Console>" slayed "Mentlegen<156><BOT><>"
L 07/21/2020 - 21:08:56: [playercommands.smx] "Console<0><Console><Console>" slayed "Ribs Grow Back<157><BOT><>"
L 07/21/2020 - 21:08:56: [playercommands.smx] "Console<0><Console><Console>" slayed "Mega Baboon<158><BOT><>"
L 07/21/2020 - 21:09:14: [SM] Changed map to "vsh_manncohq_v14"
L 07/21/2020 - 21:09:19: -------- Mapchange to vsh_manncohq_v14 --------
L 07/21/2020 - 21:09:31: [mapchooser_extended.smx] Loaded map list for tf.
L 07/21/2020 - 21:10:15: [basecommands.smx] "MrFrenzoid<161><[U:1:91292555]><>" changed map to "vsh_castle_siege_unreal_sg1"
L 07/21/2020 - 21:10:18: [SM] Changed map to "vsh_castle_siege_unreal_sg1"
L 07/21/2020 - 21:10:22: -------- Mapchange to vsh_castle_siege_unreal_sg1 --------
L 07/21/2020 - 21:10:34: [mapchooser_extended.smx] Loaded map list for tf.
L 07/21/2020 - 21:11:33: [basecommands.smx] "MrFrenzoid<161><[U:1:91292555]><>" changed map to "vsh_castle_siege_unreal_sg1"
L 07/21/2020 - 21:11:36: [SM] Changed map to "vsh_castle_siege_unreal_sg1"
L 07/21/2020 - 21:11:39: -------- Mapchange to vsh_castle_siege_unreal_sg1 --------
L 07/21/2020 - 21:11:52: [mapchooser_extended.smx] Loaded map list for tf.
L 07/21/2020 - 21:12:58: [freak_fortress_2.smx] Freak Fortress 2 199001 Loading...
L 07/21/2020 - 21:12:58: [simple-chatprocessor.smx] [SCP] Recognized mod [Team Fortress 2].
L 07/21/2020 - 21:12:58: [simple-chatprocessor.smx] [SCP] Loading translation file [scp.tf.phrases].
L 07/21/2020 - 21:12:59: [mapchooser_extended.smx] Loaded map list for tf.
L 07/21/2020 - 21:13:02: [hpregeneration.smx] [HpRegeneration] - Loaded
L 07/21/2020 - 21:15:27: [freak_fortress_2.smx] Freak Fortress 2 199001 Loading...
L 07/21/2020 - 21:15:28: [simple-chatprocessor.smx] [SCP] Recognized mod [Team Fortress 2].
L 07/21/2020 - 21:15:28: [simple-chatprocessor.smx] [SCP] Loading translation file [scp.tf.phrases].
L 07/21/2020 - 21:15:28: [mapchooser_extended.smx] Loaded map list for tf.
L 07/21/2020 - 21:15:31: [hpregeneration.smx] [HpRegeneration] - Loaded
L 07/21/2020 - 21:16:12: [respawn.smx] "MrFrenzoid<161><[U:1:91292555]><>" respawned "MrFrenzoid<161><[U:1:91292555]><>"
L 07/21/2020 - 21:17:37: [respawn.smx] "MrFrenzoid<161><[U:1:91292555]><>" respawned "MrFrenzoid<161><[U:1:91292555]><>"
L 07/21/2020 - 21:18:38: [playercommands.smx] "Nezzie♥<162><[U:1:107910185]><>" slayed "THEM<171><BOT><>"
L 07/21/2020 - 21:23:58: [playercommands.smx] "MrFrenzoid<161><[U:1:91292555]><>" slayed "MrFrenzoid<161><[U:1:91292555]><>"
L 07/21/2020 - 21:23:59: [playercommands.smx] "MrFrenzoid<161><[U:1:91292555]><>" slayed "Pow!<170><BOT><>"
L 07/21/2020 - 21:23:59: [playercommands.smx] "MrFrenzoid<161><[U:1:91292555]><>" slayed "THEM<171><BOT><>"
L 07/21/2020 - 21:24:00: [playercommands.smx] "MrFrenzoid<161><[U:1:91292555]><>" slayed "The Combine<169><BOT><>"
L 07/21/2020 - 21:25:35: [respawn.smx] "Nezzie♥<162><[U:1:107910185]><>" respawned "Nezzie♥<162><[U:1:107910185]><>"
L 07/21/2020 - 21:32:10: [mapchooser_extended.smx] Voting for next map has started.
L 07/21/2020 - 21:32:17: [basechat.smx] "Console<0><Console><Console>" triggered sm_say (text The round time has ended, omaewa-mou shindeiru)
L 07/21/2020 - 21:32:17: [playercommands.smx] "Console<0><Console><Console>" slayed "MrFrenzoid<161><[U:1:91292555]><>"
L 07/21/2020 - 21:32:17: [playercommands.smx] "Console<0><Console><Console>" slayed "Nezzie♥<162><[U:1:107910185]><>"
L 07/21/2020 - 21:32:17: [playercommands.smx] "Console<0><Console><Console>" slayed "The Combine<169><BOT><>"
L 07/21/2020 - 21:32:17: [playercommands.smx] "Console<0><Console><Console>" slayed "Pow!<170><BOT><>"
L 07/21/2020 - 21:32:17: [playercommands.smx] "Console<0><Console><Console>" slayed "THEM<171><BOT><>"
L 07/21/2020 - 21:40:35: [basechat.smx] "Console<0><Console><Console>" triggered sm_say (text The round time has ended, omaewa-mou shindeiru)
L 07/21/2020 - 21:40:35: [playercommands.smx] "Console<0><Console><Console>" slayed "MrFrenzoid<161><[U:1:91292555]><>"
L 07/21/2020 - 21:40:35: [playercommands.smx] "Console<0><Console><Console>" slayed "Nezzie♥<162><[U:1:107910185]><>"
L 07/21/2020 - 21:40:35: [playercommands.smx] "Console<0><Console><Console>" slayed "The Combine<169><BOT><>"
L 07/21/2020 - 21:40:35: [playercommands.smx] "Console<0><Console><Console>" slayed "Pow!<170><BOT><>"
L 07/21/2020 - 21:40:35: [playercommands.smx] "Console<0><Console><Console>" slayed "THEM<171><BOT><>"
L 07/21/2020 - 21:41:18: [basecommands.smx] "Nezzie♥<162><[U:1:107910185]><>" changed map to "arena_badlands"
L 07/21/2020 - 21:41:21: [SM] Changed map to "arena_badlands"
L 07/21/2020 - 21:41:27: -------- Mapchange to arena_badlands --------
L 07/21/2020 - 21:41:40: [mapchooser_extended.smx] Loaded map list for tf.
L 07/21/2020 - 21:47:42: [freak_fortress_2.smx] Freak Fortress 2 199001 Loading...
L 07/21/2020 - 21:47:42: [simple-chatprocessor.smx] [SCP] Recognized mod [Team Fortress 2].
L 07/21/2020 - 21:47:42: [simple-chatprocessor.smx] [SCP] Loading translation file [scp.tf.phrases].
L 07/21/2020 - 21:47:43: [mapchooser_extended.smx] Loaded map list for tf.
L 07/21/2020 - 21:47:46: [hpregeneration.smx] [HpRegeneration] - Loaded
L 07/21/2020 - 21:49:20: [basecommands.smx] "MrFrenzoid<161><[U:1:91292555]><>" changed map to "vsh_castle_siege_unreal_sg1"
L 07/21/2020 - 21:49:23: [SM] Changed map to "vsh_castle_siege_unreal_sg1"
L 07/21/2020 - 21:49:27: -------- Mapchange to vsh_castle_siege_unreal_sg1 --------
L 07/21/2020 - 21:49:41: [mapchooser_extended.smx] Loaded map list for tf.
L 07/21/2020 - 21:50:23: [respawn.smx] "MrFrenzoid<176><[U:1:91292555]><>" respawned "MrFrenzoid<176><[U:1:91292555]><>"
L 07/21/2020 - 21:53:42: [freak_fortress_2.smx] Freak Fortress 2 199001 Loading...
L 07/21/2020 - 21:53:43: [simple-chatprocessor.smx] [SCP] Recognized mod [Team Fortress 2].
L 07/21/2020 - 21:53:43: [simple-chatprocessor.smx] [SCP] Loading translation file [scp.tf.phrases].
L 07/21/2020 - 21:53:43: [mapchooser_extended.smx] Loaded map list for tf.
L 07/21/2020 - 21:53:46: [hpregeneration.smx] [HpRegeneration] - Loaded
L 07/21/2020 - 21:54:01: [basecommands.smx] "Nezzie♥<162><[U:1:107910185]><>" changed map to "arena_lumberyard"
L 07/21/2020 - 21:54:04: [SM] Changed map to "arena_lumberyard"
L 07/21/2020 - 21:54:09: -------- Mapchange to arena_lumberyard --------
L 07/21/2020 - 21:54:20: [mapchooser_extended.smx] Loaded map list for tf.
L 07/21/2020 - 21:59:54: [freak_fortress_2.smx] Freak Fortress 2 199001 Loading...
L 07/21/2020 - 21:59:55: [simple-chatprocessor.smx] [SCP] Recognized mod [Team Fortress 2].
L 07/21/2020 - 21:59:55: [simple-chatprocessor.smx] [SCP] Loading translation file [scp.tf.phrases].
L 07/21/2020 - 21:59:55: [mapchooser_extended.smx] No official map list found for tf. Consider submitting one!
L 07/21/2020 - 21:59:58: [hpregeneration.smx] [HpRegeneration] - Loaded
L 07/21/2020 - 21:59:59: [basecommands.smx] "Nezzie♥<162><[U:1:107910185]><>" changed map to "arena_lumberyard"
L 07/21/2020 - 22:00:02: [SM] Changed map to "arena_lumberyard"
L 07/21/2020 - 22:00:08: -------- Mapchange to arena_lumberyard --------
L 07/21/2020 - 22:00:26: [mapchooser_extended.smx] No official map list found for tf. Consider submitting one!
L 07/21/2020 - 22:10:24: [basechat.smx] "Console<0><Console><Console>" triggered sm_say (text The round time has ended, omaewa-mou shindeiru)
L 07/21/2020 - 22:10:24: [playercommands.smx] "Console<0><Console><Console>" slayed "MrFrenzoid<176><[U:1:91292555]><>"
L 07/21/2020 - 22:10:24: [playercommands.smx] "Console<0><Console><Console>" slayed "0xDEADBEEF<183><BOT><>"
L 07/21/2020 - 22:10:24: [playercommands.smx] "Console<0><Console><Console>" slayed "SomeDude<184><BOT><>"
L 07/21/2020 - 22:10:24: [playercommands.smx] "Console<0><Console><Console>" slayed "Hostage<185><BOT><>"
L 07/21/2020 - 22:17:21: [freak_fortress_2.smx] Freak Fortress 2 199001 Loading...
L 07/21/2020 - 22:17:22: [simple-chatprocessor.smx] [SCP] Recognized mod [Team Fortress 2].
L 07/21/2020 - 22:17:22: [simple-chatprocessor.smx] [SCP] Loading translation file [scp.tf.phrases].
L 07/21/2020 - 22:17:22: [mapchooser_extended.smx] Loaded map list for tf.
L 07/21/2020 - 22:17:25: [hpregeneration.smx] [HpRegeneration] - Loaded
L 07/21/2020 - 22:17:26: [basecommands.smx] "Nezzie♥<162><[U:1:107910185]><>" changed map to "arena_lumberyard"
L 07/21/2020 - 22:17:29: [SM] Changed map to "arena_lumberyard"
L 07/21/2020 - 22:17:33: -------- Mapchange to arena_lumberyard --------
L 07/21/2020 - 22:17:46: [mapchooser_extended.smx] Loaded map list for tf.
L 07/21/2020 - 22:18:26: [nominations_extended.smx] MrFrenzoid nominated vsh_Hakurei_Winter_v2
L 07/21/2020 - 22:26:19: [basechat.smx] "Console<0><Console><Console>" triggered sm_say (text The round time has ended, omaewa-mou shindeiru)
L 07/21/2020 - 22:26:19: [playercommands.smx] "Console<0><Console><Console>" slayed "MrFrenzoid<176><[U:1:91292555]><>"
L 07/21/2020 - 22:26:19: [playercommands.smx] "Console<0><Console><Console>" slayed "Nezzie♥<162><[U:1:107910185]><>"
L 07/21/2020 - 22:26:19: [playercommands.smx] "Console<0><Console><Console>" slayed "CrySomeMore<186><BOT><>"
L 07/21/2020 - 22:26:19: [playercommands.smx] "Console<0><Console><Console>" slayed "Humans Are Weak<187><BOT><>"
L 07/21/2020 - 22:26:19: [playercommands.smx] "Console<0><Console><Console>" slayed "C++<188><BOT><>"
L 07/21/2020 - 22:27:17: [basecommands.smx] "MrFrenzoid<176><[U:1:91292555]><>" changed map to "vsh_Hakurei_Winter_v2"
L 07/21/2020 - 22:27:20: [SM] Changed map to "vsh_Hakurei_Winter_v2"
L 07/21/2020 - 22:27:27: -------- Mapchange to vsh_Hakurei_Winter_v2 --------
L 07/21/2020 - 22:27:39: [mapchooser_extended.smx] Loaded map list for tf.
L 07/21/2020 - 22:30:07: [respawn.smx] "MrFrenzoid<176><[U:1:91292555]><>" respawned "MrFrenzoid<176><[U:1:91292555]><>"
L 07/21/2020 - 22:31:52: [freak_fortress_2.smx] Freak Fortress 2 199001 Loading...
L 07/21/2020 - 22:31:53: [simple-chatprocessor.smx] [SCP] Recognized mod [Team Fortress 2].
L 07/21/2020 - 22:31:53: [simple-chatprocessor.smx] [SCP] Loading translation file [scp.tf.phrases].
L 07/21/2020 - 22:31:53: [mapchooser_extended.smx] Loaded map list for tf.
L 07/21/2020 - 22:31:56: [hpregeneration.smx] [HpRegeneration] - Loaded
L 07/21/2020 - 22:32:19: [basecommands.smx] "MrFrenzoid<176><[U:1:91292555]><>" changed map to "vsh_Hakurei_Winter"
L 07/21/2020 - 22:32:22: [SM] Changed map to "vsh_Hakurei_Winter"
L 07/21/2020 - 22:32:30: -------- Mapchange to vsh_Hakurei_Winter --------
L 07/21/2020 - 22:32:43: [mapchooser_extended.smx] Loaded map list for tf.
L 07/21/2020 - 22:44:55: [basecommands.smx] "MrFrenzoid<176><[U:1:91292555]><>" changed map to "vsh_gyros_v5"
L 07/21/2020 - 22:44:58: [SM] Changed map to "vsh_gyros_v5"
L 07/21/2020 - 22:45:06: -------- Mapchange to vsh_gyros_v5 --------
L 07/21/2020 - 22:45:20: [mapchooser_extended.smx] Loaded map list for tf.
L 07/21/2020 - 22:48:20: [respawn.smx] "MrFrenzoid<176><[U:1:91292555]><>" respawned "MrFrenzoid<176><[U:1:91292555]><>"
L 07/21/2020 - 22:48:21: [respawn.smx] "MrFrenzoid<176><[U:1:91292555]><>" respawned "Nezzie♥<162><[U:1:107910185]><>"
L 07/21/2020 - 22:52:37: [basecommands.smx] "MrFrenzoid<176><[U:1:91292555]><>" changed map to "vsh_gyros_v5"
L 07/21/2020 - 22:52:40: [SM] Changed map to "vsh_gyros_v5"
L 07/21/2020 - 22:52:47: -------- Mapchange to vsh_gyros_v5 --------
L 07/21/2020 - 22:53:01: [mapchooser_extended.smx] Loaded map list for tf.
L 07/21/2020 - 22:55:48: [respawn.smx] "Nezzie♥<162><[U:1:107910185]><>" respawned "MrFrenzoid<176><[U:1:91292555]><>"
L 07/21/2020 - 22:55:48: [respawn.smx] "Nezzie♥<162><[U:1:107910185]><>" respawned "Nezzie♥<162><[U:1:107910185]><>"
L 07/21/2020 - 22:55:48: [respawn.smx] "Nezzie♥<162><[U:1:107910185]><>" respawned "Grim Bloody Fable<204><BOT><>"
L 07/21/2020 - 22:55:48: [respawn.smx] "Nezzie♥<162><[U:1:107910185]><>" respawned "A Professional With Standards<206><BOT><>"
L 07/21/2020 - 22:55:48: [respawn.smx] "Nezzie♥<162><[U:1:107910185]><>" respawned "The Administrator<209><BOT><>"
L 07/21/2020 - 22:55:54: [respawn.smx] "Nezzie♥<162><[U:1:107910185]><>" respawned "Big Mean Muther Hubbard<201><BOT><>"
L 07/21/2020 - 22:55:54: [respawn.smx] "Nezzie♥<162><[U:1:107910185]><>" respawned "Force of Nature<202><BOT><>"
L 07/21/2020 - 22:55:54: [respawn.smx] "Nezzie♥<162><[U:1:107910185]><>" respawned "Crazed Gunman<203><BOT><>"
L 07/21/2020 - 22:55:54: [respawn.smx] "Nezzie♥<162><[U:1:107910185]><>" respawned "Poopy Joe<205><BOT><>"
L 07/21/2020 - 22:55:54: [respawn.smx] "Nezzie♥<162><[U:1:107910185]><>" respawned "Freakin' Unbelievable<207><BOT><>"
L 07/21/2020 - 22:55:54: [respawn.smx] "Nezzie♥<162><[U:1:107910185]><>" respawned "SMELLY UNFORTUNATE<208><BOT><>"
L 07/21/2020 - 22:55:54: [respawn.smx] "Nezzie♥<162><[U:1:107910185]><>" respawned "Mentlegen<210><BOT><>"
L 07/21/2020 - 22:59:26: [respawn.smx] "Nezzie♥<162><[U:1:107910185]><>" respawned "Nezzie♥<162><[U:1:107910185]><>"
L 07/21/2020 - 22:59:57: [basecommands.smx] "MrFrenzoid<176><[U:1:91292555]><>" changed map to "vsh_pruvia_v9"
L 07/21/2020 - 23:00:00: [SM] Changed map to "vsh_pruvia_v9"
L 07/21/2020 - 23:00:10: -------- Mapchange to vsh_pruvia_v9 --------
L 07/21/2020 - 23:00:24: [mapchooser_extended.smx] Loaded map list for tf.
L 07/21/2020 - 23:03:28: [respawn.smx] "Nezzie♥<162><[U:1:107910185]><>" respawned "Nezzie♥<162><[U:1:107910185]><>"
L 07/21/2020 - 23:09:53: [basecommands.smx] "MrFrenzoid<176><[U:1:91292555]><>" changed map to "vsh_manncohq_v14"
L 07/21/2020 - 23:09:56: [SM] Changed map to "vsh_manncohq_v14"
L 07/21/2020 - 23:10:04: -------- Mapchange to vsh_manncohq_v14 --------
L 07/21/2020 - 23:10:18: [mapchooser_extended.smx] Loaded map list for tf.
L 07/21/2020 - 23:15:09: [basecommands.smx] "Nezzie♥<162><[U:1:107910185]><>" kicked "Nezzie♥<162><[U:1:107910185]><>" (reason "later uwu")
L 07/21/2020 - 23:30:32: [mapchooser_extended.smx] Voting for next map has started.
L 07/22/2020 - 01:14:18: Log file closed.
