L 11/05/2020 - 05:14:39: SourceMod log file session started (file "/home/steamsrv/tf2/tf/addons/sourcemod/logs/L20201105.log") (Version "1.10.0.6490")
L 11/05/2020 - 05:14:39: [SM] Changed map to "vsh_nebula_rc1"
L 11/05/2020 - 05:14:41: -------- Mapchange to vsh_nebula_rc1 --------
L 11/05/2020 - 05:14:52: [mapchooser_extended.smx] Loaded map list for tf.
L 11/05/2020 - 05:35:15: [mapchooser_extended.smx] Voting for next map has started.
L 11/05/2020 - 05:35:27: [mapchooser_extended.smx] Voting for next map has finished. Nextmap: vsh_dirtmound_b9.
L 11/05/2020 - 05:46:13: [SM] Changed map to "vsh_dirtmound_b9"
L 11/05/2020 - 05:46:15: -------- Mapchange to vsh_dirtmound_b9 --------
L 11/05/2020 - 05:46:25: [mapchooser_extended.smx] Loaded map list for tf.
L 11/05/2020 - 06:06:43: [mapchooser_extended.smx] Voting for next map has started.
L 11/05/2020 - 06:06:50: [mapchooser_extended.smx] Voting for next map has finished. Nextmap: vsh_Hakurei_Winter_v2.
L 11/05/2020 - 06:11:40: [rockthevote_extended.smx] RTV changing map manually
L 11/05/2020 - 06:11:40: [SM] Changed map to "vsh_Hakurei_Winter_v2"
L 11/05/2020 - 06:11:45: -------- Mapchange to vsh_Hakurei_Winter_v2 --------
L 11/05/2020 - 06:11:55: [mapchooser_extended.smx] Loaded map list for tf.
L 11/05/2020 - 06:32:11: [mapchooser_extended.smx] Voting for next map has started.
L 11/05/2020 - 06:32:26: [mapchooser_extended.smx] Voting for next map has started.
L 11/05/2020 - 06:32:32: [mapchooser_extended.smx] Voting for next map has finished. Nextmap: vsh_scoobydoo_v1.
L 11/05/2020 - 06:43:19: [SM] Changed map to "vsh_scoobydoo_v1"
L 11/05/2020 - 06:43:22: -------- Mapchange to vsh_scoobydoo_v1 --------
L 11/05/2020 - 06:43:32: [mapchooser_extended.smx] Loaded map list for tf.
L 11/05/2020 - 07:03:49: [mapchooser_extended.smx] Voting for next map has started.
L 11/05/2020 - 07:03:57: [mapchooser_extended.smx] Voting for next map has started.
L 11/05/2020 - 07:03:59: [mapchooser_extended.smx] Voting for next map has finished. Nextmap: vsh_area_54tress_b4.
L 11/05/2020 - 07:17:34: [SM] Changed map to "vsh_area_54tress_b4"
L 11/05/2020 - 07:17:37: -------- Mapchange to vsh_area_54tress_b4 --------
L 11/05/2020 - 07:17:48: [mapchooser_extended.smx] Loaded map list for tf.
L 11/05/2020 - 07:38:04: [mapchooser_extended.smx] Voting for next map has started.
L 11/05/2020 - 08:46:28: [SM] Changed map to "vsh_skyhigh_resort_b8_sg4"
L 11/05/2020 - 08:46:29: -------- Mapchange to vsh_skyhigh_resort_b8_sg4 --------
L 11/05/2020 - 08:46:39: [mapchooser_extended.smx] Loaded map list for tf.
L 11/05/2020 - 09:06:56: [mapchooser_extended.smx] Voting for next map has started.
L 11/05/2020 - 13:15:30: [SM] Changed map to "vsh_Hakurei_Winter_v2"
L 11/05/2020 - 13:15:35: -------- Mapchange to vsh_Hakurei_Winter_v2 --------
L 11/05/2020 - 13:15:45: [mapchooser_extended.smx] Loaded map list for tf.
L 11/05/2020 - 13:36:01: [mapchooser_extended.smx] Voting for next map has started.
L 11/05/2020 - 13:36:12: [mapchooser_extended.smx] Voting for next map has finished. Nextmap: vsh_scoobydoo_v1.
L 11/07/2020 - 02:13:35: Log file closed.
