L 08/05/2020 - 00:01:05: SourceMod log file session started (file "/home/steamsrv/tf2/tf/addons/sourcemod/logs/L20200805.log") (Version "1.10.0.6490")
L 08/05/2020 - 00:01:05: [freak_fortress_2.smx] Freak Fortress 2 199001 Loading...
L 08/05/2020 - 00:01:06: [simple-chatprocessor.smx] [SCP] Recognized mod [Team Fortress 2].
L 08/05/2020 - 00:01:06: [simple-chatprocessor.smx] [SCP] Loading translation file [scp.tf.phrases].
L 08/05/2020 - 00:01:06: [mapchooser_extended.smx] Loaded map list for tf.
L 08/05/2020 - 00:01:10: [basecommands.smx] "Nezzie<114><[U:1:107910185]><>" changed map to "arena_lumberyard"
L 08/05/2020 - 00:01:13: [SM] Changed map to "arena_lumberyard"
L 08/05/2020 - 00:01:14: -------- Mapchange to arena_lumberyard --------
L 08/05/2020 - 00:01:26: [mapchooser_extended.smx] Loaded map list for tf.
L 08/05/2020 - 00:03:23: [respawn.smx] "Nezzie<114><[U:1:107910185]><>" respawned "FISH (doing art commissions)<139><[U:1:445849108]><>"
L 08/05/2020 - 00:04:03: [respawn.smx] "Nezzie<114><[U:1:107910185]><>" respawned "Nezzie<114><[U:1:107910185]><>"
L 08/05/2020 - 00:04:22: [respawn.smx] "Nezzie<114><[U:1:107910185]><>" respawned "Nezzie<114><[U:1:107910185]><>"
L 08/05/2020 - 00:05:15: [respawn.smx] "Nezzie<114><[U:1:107910185]><>" respawned "FISH (doing art commissions)<139><[U:1:445849108]><>"
L 08/05/2020 - 00:05:32: [respawn.smx] "Nezzie<114><[U:1:107910185]><>" respawned "FISH (doing art commissions)<139><[U:1:445849108]><>"
L 08/05/2020 - 00:06:17: [respawn.smx] "Nezzie<114><[U:1:107910185]><>" respawned "FISH (doing art commissions)<139><[U:1:445849108]><>"
L 08/05/2020 - 00:07:40: [respawn.smx] "Nezzie<114><[U:1:107910185]><>" respawned "Nezzie<114><[U:1:107910185]><>"
L 08/05/2020 - 00:09:58: [basechat.smx] "Console<0><Console><Console>" triggered sm_say (text The round time has ended, omaewa-mou shindeiru)
L 08/05/2020 - 00:09:58: [playercommands.smx] "Console<0><Console><Console>" slayed "Nezzie<114><[U:1:107910185]><>"
L 08/05/2020 - 00:09:58: [playercommands.smx] "Console<0><Console><Console>" slayed "DeadHead<127><BOT><>"
L 08/05/2020 - 00:09:58: [playercommands.smx] "Console<0><Console><Console>" slayed "MindlessElectrons<128><BOT><>"
L 08/05/2020 - 00:09:58: [playercommands.smx] "Console<0><Console><Console>" slayed "The Freeman<129><BOT><>"
L 08/05/2020 - 00:09:58: [playercommands.smx] "Console<0><Console><Console>" slayed "Soulless<130><BOT><>"
L 08/05/2020 - 00:09:58: [playercommands.smx] "Console<0><Console><Console>" slayed "BeepBeepBoop<131><BOT><>"
L 08/05/2020 - 00:09:58: [playercommands.smx] "Console<0><Console><Console>" slayed "CreditToTeam<132><BOT><>"
L 08/05/2020 - 00:09:59: [playercommands.smx] "Console<0><Console><Console>" slayed "Someone Else<133><BOT><>"
L 08/05/2020 - 00:09:59: [playercommands.smx] "Console<0><Console><Console>" slayed "Dog<134><BOT><>"
L 08/05/2020 - 00:09:59: [playercommands.smx] "Console<0><Console><Console>" slayed "AmNot<135><BOT><>"
L 08/05/2020 - 00:09:59: [playercommands.smx] "Console<0><Console><Console>" slayed "HI THERE<136><BOT><>"
L 08/05/2020 - 00:09:59: [playercommands.smx] "Console<0><Console><Console>" slayed "GLaDOS<137><BOT><>"
L 08/05/2020 - 00:09:59: [playercommands.smx] "Console<0><Console><Console>" slayed "Headful of Eyeballs<138><BOT><>"
L 08/05/2020 - 00:09:59: [playercommands.smx] "Console<0><Console><Console>" slayed "FISH (doing art commissions)<139><[U:1:445849108]><>"
L 08/05/2020 - 00:18:17: [basechat.smx] "Console<0><Console><Console>" triggered sm_say (text The round time has ended, omaewa-mou shindeiru)
L 08/05/2020 - 00:18:17: [playercommands.smx] "Console<0><Console><Console>" slayed "Nezzie<114><[U:1:107910185]><>"
L 08/05/2020 - 00:18:17: [playercommands.smx] "Console<0><Console><Console>" slayed "FISH (doing art commissions)<139><[U:1:445849108]><>"
L 08/05/2020 - 00:19:21: [respawn.smx] "Nezzie<114><[U:1:107910185]><>" respawned "Nezzie<114><[U:1:107910185]><>"
L 08/05/2020 - 00:21:41: [mapchooser_extended.smx] Voting for next map has started.
L 08/05/2020 - 00:22:02: [mapchooser_extended.smx] Voting for next map has finished. Nextmap: vsh_arktown_v4.
L 08/05/2020 - 00:24:36: [respawn.smx] "SirFrenzoid<140><[U:1:89888356]><>" respawned "SirFrenzoid<140><[U:1:89888356]><>"
L 08/05/2020 - 00:26:36: [basechat.smx] "Console<0><Console><Console>" triggered sm_say (text The round time has ended, omaewa-mou shindeiru)
L 08/05/2020 - 00:26:36: [playercommands.smx] "Console<0><Console><Console>" slayed "Nezzie<114><[U:1:107910185]><>"
L 08/05/2020 - 00:26:36: [playercommands.smx] "Console<0><Console><Console>" slayed "DeadHead<127><BOT><>"
L 08/05/2020 - 00:26:36: [playercommands.smx] "Console<0><Console><Console>" slayed "MindlessElectrons<128><BOT><>"
L 08/05/2020 - 00:26:36: [playercommands.smx] "Console<0><Console><Console>" slayed "The Freeman<129><BOT><>"
L 08/05/2020 - 00:26:36: [playercommands.smx] "Console<0><Console><Console>" slayed "Soulless<130><BOT><>"
L 08/05/2020 - 00:26:36: [playercommands.smx] "Console<0><Console><Console>" slayed "BeepBeepBoop<131><BOT><>"
L 08/05/2020 - 00:26:36: [playercommands.smx] "Console<0><Console><Console>" slayed "CreditToTeam<132><BOT><>"
L 08/05/2020 - 00:26:36: [playercommands.smx] "Console<0><Console><Console>" slayed "Someone Else<133><BOT><>"
L 08/05/2020 - 00:26:36: [playercommands.smx] "Console<0><Console><Console>" slayed "Dog<134><BOT><>"
L 08/05/2020 - 00:26:36: [playercommands.smx] "Console<0><Console><Console>" slayed "AmNot<135><BOT><>"
L 08/05/2020 - 00:26:36: [playercommands.smx] "Console<0><Console><Console>" slayed "HI THERE<136><BOT><>"
L 08/05/2020 - 00:26:36: [playercommands.smx] "Console<0><Console><Console>" slayed "GLaDOS<137><BOT><>"
L 08/05/2020 - 00:26:36: [playercommands.smx] "Console<0><Console><Console>" slayed "Headful of Eyeballs<138><BOT><>"
L 08/05/2020 - 00:26:36: [playercommands.smx] "Console<0><Console><Console>" slayed "FISH (doing art commissions)<139><[U:1:445849108]><>"
L 08/05/2020 - 00:26:36: [playercommands.smx] "Console<0><Console><Console>" slayed "SirFrenzoid<140><[U:1:89888356]><>"
L 08/05/2020 - 00:27:13: [respawn.smx] "Nezzie<114><[U:1:107910185]><>" respawned "FISH (doing art commissions)<139><[U:1:445849108]><>"
L 08/05/2020 - 00:28:35: [respawn.smx] "Nezzie<114><[U:1:107910185]><>" respawned "FISH (doing art commissions)<139><[U:1:445849108]><>"
L 08/05/2020 - 00:28:53: [freak_fortress_2.smx] Freak Fortress 2 199001 Loading...
L 08/05/2020 - 00:28:54: [simple-chatprocessor.smx] [SCP] Recognized mod [Team Fortress 2].
L 08/05/2020 - 00:28:54: [simple-chatprocessor.smx] [SCP] Loading translation file [scp.tf.phrases].
L 08/05/2020 - 00:28:54: [mapchooser_extended.smx] Loaded map list for tf.
L 08/05/2020 - 00:29:11: [mapchooser_extended.smx] Voting for next map has started.
L 08/05/2020 - 00:29:32: [mapchooser_extended.smx] Voting for next map has finished. Nextmap: vsh_drejun_v3.
L 08/05/2020 - 00:39:01: [SM] Changed map to "vsh_drejun_v3"
L 08/05/2020 - 00:39:05: -------- Mapchange to vsh_drejun_v3 --------
L 08/05/2020 - 00:39:15: [mapchooser_extended.smx] Loaded map list for tf.
L 08/05/2020 - 00:40:52: [respawn.smx] "Nezzie<114><[U:1:107910185]><>" respawned "Nezzie<114><[U:1:107910185]><>"
L 08/05/2020 - 00:40:52: [respawn.smx] "Nezzie<114><[U:1:107910185]><>" respawned "moist cheese<142><[U:1:351468059]><>"
L 08/05/2020 - 00:46:28: [respawn.smx] "Nezzie<114><[U:1:107910185]><>" respawned "Nezzie<114><[U:1:107910185]><>"
L 08/05/2020 - 00:47:27: [respawn.smx] "SirFrenzoid<140><[U:1:89888356]><>" respawned "GutsAndGlory!<145><BOT><>"
L 08/05/2020 - 00:47:27: [respawn.smx] "SirFrenzoid<140><[U:1:89888356]><>" respawned "trigger_hurt<154><BOT><>"
L 08/05/2020 - 00:47:28: [respawn.smx] "SirFrenzoid<140><[U:1:89888356]><>" respawned "SirFrenzoid<140><[U:1:89888356]><>"
L 08/05/2020 - 00:48:07: [basechat.smx] "Console<0><Console><Console>" triggered sm_say (text The round time has ended, omaewa-mou shindeiru)
L 08/05/2020 - 00:48:07: [playercommands.smx] "Console<0><Console><Console>" slayed "Nezzie<114><[U:1:107910185]><>"
L 08/05/2020 - 00:48:07: [playercommands.smx] "Console<0><Console><Console>" slayed "moist cheese<142><[U:1:351468059]><>"
L 08/05/2020 - 00:48:07: [playercommands.smx] "Console<0><Console><Console>" slayed "Aperture Science Prototype XR7<143><BOT><>"
L 08/05/2020 - 00:48:07: [playercommands.smx] "Console<0><Console><Console>" slayed "AimBot<144><BOT><>"
L 08/05/2020 - 00:48:07: [playercommands.smx] "Console<0><Console><Console>" slayed "GutsAndGlory!<145><BOT><>"
L 08/05/2020 - 00:48:07: [playercommands.smx] "Console<0><Console><Console>" slayed "Saxton Hale<146><BOT><>"
L 08/05/2020 - 00:48:07: [playercommands.smx] "Console<0><Console><Console>" slayed "Screamin' Eagles<147><BOT><>"
L 08/05/2020 - 00:48:07: [playercommands.smx] "Console<0><Console><Console>" slayed "Maggot<148><BOT><>"
L 08/05/2020 - 00:48:07: [playercommands.smx] "Console<0><Console><Console>" slayed "Herr Doktor<149><BOT><>"
L 08/05/2020 - 00:48:07: [playercommands.smx] "Console<0><Console><Console>" slayed "Companion Cube<150><BOT><>"
L 08/05/2020 - 00:48:07: [playercommands.smx] "Console<0><Console><Console>" slayed "One-Man Cheeseburger Apocalypse<151><BOT><>"
L 08/05/2020 - 00:48:07: [playercommands.smx] "Console<0><Console><Console>" slayed "Delicious Cake<152><BOT><>"
L 08/05/2020 - 00:48:07: [playercommands.smx] "Console<0><Console><Console>" slayed "I LIVE!<153><BOT><>"
L 08/05/2020 - 00:48:07: [playercommands.smx] "Console<0><Console><Console>" slayed "FISH (commissions closed rn)<139><[U:1:445849108]><>"
L 08/05/2020 - 00:48:07: [playercommands.smx] "Console<0><Console><Console>" slayed "SirFrenzoid<140><[U:1:89888356]><>"
L 08/05/2020 - 00:48:07: [playercommands.smx] "Console<0><Console><Console>" slayed "trigger_hurt<154><BOT><>"
L 08/05/2020 - 00:50:13: [respawn.smx] "Nezzie<114><[U:1:107910185]><>" respawned "moist cheese<142><[U:1:351468059]><>"
L 08/05/2020 - 00:53:29: [respawn.smx] "Nezzie<114><[U:1:107910185]><>" respawned "moist cheese<142><[U:1:351468059]><>"
L 08/05/2020 - 00:53:30: [respawn.smx] "SirFrenzoid<140><[U:1:89888356]><>" respawned "SirFrenzoid<140><[U:1:89888356]><>"
L 08/05/2020 - 00:53:56: [respawn.smx] "SirFrenzoid<140><[U:1:89888356]><>" respawned "SirFrenzoid<140><[U:1:89888356]><>"
L 08/05/2020 - 00:55:44: [respawn.smx] "Nezzie<114><[U:1:107910185]><>" respawned "moist cheese<142><[U:1:351468059]><>"
L 08/05/2020 - 00:55:45: [respawn.smx] "Nezzie<114><[U:1:107910185]><>" respawned "Nezzie<114><[U:1:107910185]><>"
L 08/05/2020 - 00:56:25: [basechat.smx] "Console<0><Console><Console>" triggered sm_say (text The round time has ended, omaewa-mou shindeiru)
L 08/05/2020 - 00:56:25: [playercommands.smx] "Console<0><Console><Console>" slayed "Nezzie<114><[U:1:107910185]><>"
L 08/05/2020 - 00:56:25: [playercommands.smx] "Console<0><Console><Console>" slayed "Herr Doktor<149><BOT><>"
L 08/05/2020 - 00:56:25: [playercommands.smx] "Console<0><Console><Console>" slayed "FISH (commissions closed rn)<139><[U:1:445849108]><>"
L 08/05/2020 - 00:57:22: [respawn.smx] "Nezzie<114><[U:1:107910185]><>" respawned "Nezzie<114><[U:1:107910185]><>"
L 08/05/2020 - 00:58:05: [respawn.smx] "Nezzie<114><[U:1:107910185]><>" respawned "Nezzie<114><[U:1:107910185]><>"
L 08/05/2020 - 00:59:17: [respawn.smx] "Nezzie<114><[U:1:107910185]><>" respawned "Nezzie<114><[U:1:107910185]><>"
L 08/05/2020 - 00:59:33: [mapchooser_extended.smx] Voting for next map has started.
L 08/05/2020 - 00:59:53: [mapchooser_extended.smx] Voting for next map has finished. Nextmap: arena_tradeplaza_clean.
L 08/05/2020 - 01:01:31: [respawn.smx] "Nezzie<114><[U:1:107910185]><>" respawned "Aperture Science Prototype XR7<143><BOT><>"
L 08/05/2020 - 01:01:32: [respawn.smx] "Nezzie<114><[U:1:107910185]><>" respawned "moist cheese<142><[U:1:351468059]><>"
L 08/05/2020 - 01:01:35: [respawn.smx] "Nezzie<114><[U:1:107910185]><>" respawned "FISH (commissions closed rn)<139><[U:1:445849108]><>"
L 08/05/2020 - 01:01:40: [respawn.smx] "Nezzie<114><[U:1:107910185]><>" respawned "AimBot<144><BOT><>"
L 08/05/2020 - 01:01:40: [respawn.smx] "Nezzie<114><[U:1:107910185]><>" respawned "GutsAndGlory!<145><BOT><>"
L 08/05/2020 - 01:01:40: [respawn.smx] "Nezzie<114><[U:1:107910185]><>" respawned "Saxton Hale<146><BOT><>"
L 08/05/2020 - 01:01:40: [respawn.smx] "Nezzie<114><[U:1:107910185]><>" respawned "Screamin' Eagles<147><BOT><>"
L 08/05/2020 - 01:01:40: [respawn.smx] "Nezzie<114><[U:1:107910185]><>" respawned "Maggot<148><BOT><>"
L 08/05/2020 - 01:01:40: [respawn.smx] "Nezzie<114><[U:1:107910185]><>" respawned "Herr Doktor<149><BOT><>"
L 08/05/2020 - 01:01:40: [respawn.smx] "Nezzie<114><[U:1:107910185]><>" respawned "Companion Cube<150><BOT><>"
L 08/05/2020 - 01:01:40: [respawn.smx] "Nezzie<114><[U:1:107910185]><>" respawned "One-Man Cheeseburger Apocalypse<151><BOT><>"
L 08/05/2020 - 01:01:40: [respawn.smx] "Nezzie<114><[U:1:107910185]><>" respawned "I LIVE!<153><BOT><>"
L 08/05/2020 - 01:01:40: [respawn.smx] "Nezzie<114><[U:1:107910185]><>" respawned "trigger_hurt<154><BOT><>"
L 08/05/2020 - 01:02:19: [respawn.smx] "Nezzie<114><[U:1:107910185]><>" respawned "moist cheese<142><[U:1:351468059]><>"
L 08/05/2020 - 01:03:23: [respawn.smx] "Nezzie<114><[U:1:107910185]><>" respawned "Nezzie<114><[U:1:107910185]><>"
L 08/05/2020 - 01:03:23: [respawn.smx] "Nezzie<114><[U:1:107910185]><>" respawned "GutsAndGlory!<145><BOT><>"
L 08/05/2020 - 01:03:23: [respawn.smx] "Nezzie<114><[U:1:107910185]><>" respawned "Saxton Hale<146><BOT><>"
L 08/05/2020 - 01:03:23: [respawn.smx] "Nezzie<114><[U:1:107910185]><>" respawned "Screamin' Eagles<147><BOT><>"
L 08/05/2020 - 01:03:23: [respawn.smx] "Nezzie<114><[U:1:107910185]><>" respawned "Maggot<148><BOT><>"
L 08/05/2020 - 01:03:23: [respawn.smx] "Nezzie<114><[U:1:107910185]><>" respawned "Herr Doktor<149><BOT><>"
L 08/05/2020 - 01:03:23: [respawn.smx] "Nezzie<114><[U:1:107910185]><>" respawned "Delicious Cake<152><BOT><>"
L 08/05/2020 - 01:03:23: [respawn.smx] "Nezzie<114><[U:1:107910185]><>" respawned "I LIVE!<153><BOT><>"
L 08/05/2020 - 01:03:23: [respawn.smx] "Nezzie<114><[U:1:107910185]><>" respawned "FISH (commissions closed rn)<139><[U:1:445849108]><>"
L 08/05/2020 - 01:03:23: [respawn.smx] "Nezzie<114><[U:1:107910185]><>" respawned "trigger_hurt<154><BOT><>"
L 08/05/2020 - 01:05:22: [respawn.smx] "Nezzie<114><[U:1:107910185]><>" respawned "Nezzie<114><[U:1:107910185]><>"
L 08/05/2020 - 01:05:22: [respawn.smx] "Nezzie<114><[U:1:107910185]><>" respawned "moist cheese<142><[U:1:351468059]><>"
L 08/05/2020 - 01:05:22: [respawn.smx] "Nezzie<114><[U:1:107910185]><>" respawned "trigger_hurt<154><BOT><>"
L 08/05/2020 - 01:06:39: [respawn.smx] "Nezzie<114><[U:1:107910185]><>" respawned "Nezzie<114><[U:1:107910185]><>"
L 08/05/2020 - 01:06:39: [respawn.smx] "Nezzie<114><[U:1:107910185]><>" respawned "FISH (commissions closed rn)<139><[U:1:445849108]><>"
L 08/05/2020 - 01:06:48: [freak_fortress_2.smx] Freak Fortress 2 199001 Loading...
L 08/05/2020 - 01:06:48: [simple-chatprocessor.smx] [SCP] Recognized mod [Team Fortress 2].
L 08/05/2020 - 01:06:48: [simple-chatprocessor.smx] [SCP] Loading translation file [scp.tf.phrases].
L 08/05/2020 - 01:06:49: [mapchooser_extended.smx] Loaded map list for tf.
L 08/05/2020 - 01:07:06: [mapchooser_extended.smx] Voting for next map has started.
L 08/05/2020 - 01:07:32: [mapchooser_extended.smx] Voting for next map has started.
L 08/05/2020 - 01:07:52: [mapchooser_extended.smx] Voting for next map has finished. Nextmap: arena_aerial_72_b2.
L 08/05/2020 - 01:08:17: -------- Mapchange to arena_aerial_72_b2 --------
L 08/05/2020 - 01:08:28: [mapchooser_extended.smx] Loaded map list for tf.
L 08/05/2020 - 01:10:08: [respawn.smx] "SirFrenzoid<140><[U:1:89888356]><>" respawned "SirFrenzoid<140><[U:1:89888356]><>"
L 08/05/2020 - 01:11:13: [respawn.smx] "Nezzie<114><[U:1:107910185]><>" respawned "Nezzie<114><[U:1:107910185]><>"
L 08/05/2020 - 01:11:46: [freak_fortress_2.smx] Freak Fortress 2 199001 Loading...
L 08/05/2020 - 01:11:47: [simple-chatprocessor.smx] [SCP] Recognized mod [Team Fortress 2].
L 08/05/2020 - 01:11:47: [simple-chatprocessor.smx] [SCP] Loading translation file [scp.tf.phrases].
L 08/05/2020 - 01:11:47: [mapchooser_extended.smx] Loaded map list for tf.
L 08/05/2020 - 01:12:32: [respawn.smx] "Nezzie<114><[U:1:107910185]><>" respawned "moist cheese<142><[U:1:351468059]><>"
L 08/05/2020 - 01:13:32: [respawn.smx] "Nezzie<114><[U:1:107910185]><>" respawned "moist cheese<142><[U:1:351468059]><>"
L 08/05/2020 - 01:14:27: [basecommands.smx] "SirFrenzoid<140><[U:1:89888356]><>" changed map to "arena_minotaur_b2"
L 08/05/2020 - 01:14:30: [SM] Changed map to "arena_minotaur_b2"
L 08/05/2020 - 01:14:34: -------- Mapchange to arena_minotaur_b2 --------
L 08/05/2020 - 01:14:45: [mapchooser_extended.smx] Loaded map list for tf.
L 08/05/2020 - 01:16:29: [respawn.smx] "Nezzie<114><[U:1:107910185]><>" respawned "Nezzie<114><[U:1:107910185]><>"
L 08/05/2020 - 01:17:05: [funcommands.smx] "Nezzie<114><[U:1:107910185]><>" toggled noclip on "Nezzie<114><[U:1:107910185]><>"
L 08/05/2020 - 01:17:14: [funcommands.smx] "SirFrenzoid<140><[U:1:89888356]><>" toggled noclip on "Nezzie<114><[U:1:107910185]><>"
L 08/05/2020 - 01:17:14: [funcommands.smx] "SirFrenzoid<140><[U:1:89888356]><>" toggled noclip on "moist cheese<142><[U:1:351468059]><>"
L 08/05/2020 - 01:17:17: [funcommands.smx] "SirFrenzoid<140><[U:1:89888356]><>" toggled noclip on "FISH (commissions closed rn)<139><[U:1:445849108]><>"
L 08/05/2020 - 01:17:20: [funcommands.smx] "SirFrenzoid<140><[U:1:89888356]><>" toggled noclip on "SirFrenzoid<140><[U:1:89888356]><>"
L 08/05/2020 - 01:17:22: [funcommands.smx] "Nezzie<114><[U:1:107910185]><>" toggled noclip on "Nezzie<114><[U:1:107910185]><>"
L 08/05/2020 - 01:17:29: [funcommands.smx] "Nezzie<114><[U:1:107910185]><>" set a beacon on "moist cheese<142><[U:1:351468059]><>"
L 08/05/2020 - 01:17:54: [funcommands.smx] "SirFrenzoid<140><[U:1:89888356]><>" toggled noclip on "Nezzie<114><[U:1:107910185]><>"
L 08/05/2020 - 01:17:58: [playercommands.smx] "Nezzie<114><[U:1:107910185]><>" slayed "moist cheese<142><[U:1:351468059]><>"
L 08/05/2020 - 01:27:02: [basecommands.smx] "SirFrenzoid<140><[U:1:89888356]><>" changed map to "vsh_intrusion_rc2"
L 08/05/2020 - 01:27:05: [SM] Changed map to "vsh_intrusion_rc2"
L 08/05/2020 - 01:27:12: -------- Mapchange to vsh_intrusion_rc2 --------
L 08/05/2020 - 01:27:25: [mapchooser_extended.smx] Loaded map list for tf.
L 08/05/2020 - 01:28:13: [respawn.smx] "SirFrenzoid<140><[U:1:89888356]><>" respawned "moist cheese<142><[U:1:351468059]><>"
L 08/05/2020 - 01:28:13: [respawn.smx] "SirFrenzoid<140><[U:1:89888356]><>" respawned "SirFrenzoid<140><[U:1:89888356]><>"
L 08/05/2020 - 01:31:08: [basecommands.smx] "SirFrenzoid<140><[U:1:89888356]><>" refreshed the admin cache.
L 08/05/2020 - 01:33:49: [basecommands.smx] "SirFrenzoid<140><[U:1:89888356]><>" refreshed the admin cache.
L 08/05/2020 - 01:34:42: [respawn.smx] "Nezzie<114><[U:1:107910185]><>" respawned "Nezzie<114><[U:1:107910185]><>"
L 08/05/2020 - 01:34:42: [respawn.smx] "Nezzie<114><[U:1:107910185]><>" respawned "moist cheese<142><[U:1:351468059]><>"
L 08/05/2020 - 01:34:42: [respawn.smx] "Nezzie<114><[U:1:107910185]><>" respawned "FISH (commissions closed rn)<139><[U:1:445849108]><>"
L 08/05/2020 - 01:36:06: [basechat.smx] "Console<0><Console><Console>" triggered sm_say (text The round time has ended, omaewa-mou shindeiru)
L 08/05/2020 - 01:36:06: [playercommands.smx] "Console<0><Console><Console>" slayed "Nezzie<114><[U:1:107910185]><>"
L 08/05/2020 - 01:36:06: [playercommands.smx] "Console<0><Console><Console>" slayed "moist cheese<142><[U:1:351468059]><>"
L 08/05/2020 - 01:36:06: [playercommands.smx] "Console<0><Console><Console>" slayed "CreditToTeam<179><BOT><>"
L 08/05/2020 - 01:36:06: [playercommands.smx] "Console<0><Console><Console>" slayed "Someone Else<180><BOT><>"
L 08/05/2020 - 01:36:06: [playercommands.smx] "Console<0><Console><Console>" slayed "Dog<181><BOT><>"
L 08/05/2020 - 01:36:06: [playercommands.smx] "Console<0><Console><Console>" slayed "AmNot<182><BOT><>"
L 08/05/2020 - 01:36:06: [playercommands.smx] "Console<0><Console><Console>" slayed "HI THERE<183><BOT><>"
L 08/05/2020 - 01:36:06: [playercommands.smx] "Console<0><Console><Console>" slayed "GLaDOS<184><BOT><>"
L 08/05/2020 - 01:36:06: [playercommands.smx] "Console<0><Console><Console>" slayed "Headful of Eyeballs<185><BOT><>"
L 08/05/2020 - 01:36:06: [playercommands.smx] "Console<0><Console><Console>" slayed "Aperture Science Prototype XR7<186><BOT><>"
L 08/05/2020 - 01:36:06: [playercommands.smx] "Console<0><Console><Console>" slayed "AimBot<187><BOT><>"
L 08/05/2020 - 01:36:06: [playercommands.smx] "Console<0><Console><Console>" slayed "GutsAndGlory!<188><BOT><>"
L 08/05/2020 - 01:36:06: [playercommands.smx] "Console<0><Console><Console>" slayed "Saxton Hale<189><BOT><>"
L 08/05/2020 - 01:36:06: [playercommands.smx] "Console<0><Console><Console>" slayed "FISH (commissions closed rn)<139><[U:1:445849108]><>"
L 08/05/2020 - 01:36:06: [playercommands.smx] "Console<0><Console><Console>" slayed "SirFrenzoid<140><[U:1:89888356]><>"
L 08/05/2020 - 01:36:06: [playercommands.smx] "Console<0><Console><Console>" slayed "Screamin' Eagles<190><BOT><>"
L 08/05/2020 - 01:38:30: [respawn.smx] "SirFrenzoid<140><[U:1:89888356]><>" respawned "SirFrenzoid<140><[U:1:89888356]><>"
L 08/05/2020 - 01:44:26: [basechat.smx] "Console<0><Console><Console>" triggered sm_say (text The round time has ended, omaewa-mou shindeiru)
L 08/05/2020 - 01:44:26: [playercommands.smx] "Console<0><Console><Console>" slayed "Nezzie<114><[U:1:107910185]><>"
L 08/05/2020 - 01:44:26: [playercommands.smx] "Console<0><Console><Console>" slayed "CreditToTeam<179><BOT><>"
L 08/05/2020 - 01:44:26: [playercommands.smx] "Console<0><Console><Console>" slayed "Someone Else<180><BOT><>"
L 08/05/2020 - 01:44:26: [playercommands.smx] "Console<0><Console><Console>" slayed "Dog<181><BOT><>"
L 08/05/2020 - 01:44:26: [playercommands.smx] "Console<0><Console><Console>" slayed "AmNot<182><BOT><>"
L 08/05/2020 - 01:44:26: [playercommands.smx] "Console<0><Console><Console>" slayed "HI THERE<183><BOT><>"
L 08/05/2020 - 01:44:26: [playercommands.smx] "Console<0><Console><Console>" slayed "GLaDOS<184><BOT><>"
L 08/05/2020 - 01:44:26: [playercommands.smx] "Console<0><Console><Console>" slayed "Headful of Eyeballs<185><BOT><>"
L 08/05/2020 - 01:44:26: [playercommands.smx] "Console<0><Console><Console>" slayed "Aperture Science Prototype XR7<186><BOT><>"
L 08/05/2020 - 01:44:26: [playercommands.smx] "Console<0><Console><Console>" slayed "AimBot<187><BOT><>"
L 08/05/2020 - 01:44:26: [playercommands.smx] "Console<0><Console><Console>" slayed "GutsAndGlory!<188><BOT><>"
L 08/05/2020 - 01:44:26: [playercommands.smx] "Console<0><Console><Console>" slayed "Saxton Hale<189><BOT><>"
L 08/05/2020 - 01:44:26: [playercommands.smx] "Console<0><Console><Console>" slayed "SirFrenzoid<140><[U:1:89888356]><>"
L 08/05/2020 - 01:44:26: [playercommands.smx] "Console<0><Console><Console>" slayed "Screamin' Eagles<190><BOT><>"
L 08/05/2020 - 01:45:56: [respawn.smx] "Nezzie<114><[U:1:107910185]><>" respawned "Nezzie<114><[U:1:107910185]><>"
L 08/05/2020 - 01:45:56: [respawn.smx] "Nezzie<114><[U:1:107910185]><>" respawned "moist cheese<142><[U:1:351468059]><>"
L 08/05/2020 - 01:46:19: [respawn.smx] "Nezzie<114><[U:1:107910185]><>" respawned "Nezzie<114><[U:1:107910185]><>"
L 08/05/2020 - 01:46:52: [respawn.smx] "Nezzie<114><[U:1:107910185]><>" respawned "SirFrenzoid<140><[U:1:89888356]><>"
L 08/05/2020 - 01:46:53: [respawn.smx] "Nezzie<114><[U:1:107910185]><>" respawned "Nezzie<114><[U:1:107910185]><>"
L 08/05/2020 - 01:47:15: [respawn.smx] "Nezzie<114><[U:1:107910185]><>" respawned "Nezzie<114><[U:1:107910185]><>"
L 08/05/2020 - 01:47:15: [respawn.smx] "Nezzie<114><[U:1:107910185]><>" respawned "moist cheese<142><[U:1:351468059]><>"
L 08/05/2020 - 01:47:15: [respawn.smx] "Nezzie<114><[U:1:107910185]><>" respawned "SirFrenzoid<140><[U:1:89888356]><>"
L 08/05/2020 - 01:47:44: [mapchooser_extended.smx] Voting for next map has started.
L 08/05/2020 - 01:52:28: [funcommandsX.smx] Game detected as Team Fortress 2: Source (GAME_TF2)
L 08/05/2020 - 01:53:24: [funcommandsX.smx] Game detected as Team Fortress 2: Source (GAME_TF2)
L 08/05/2020 - 01:53:24: [freak_fortress_2.smx] Freak Fortress 2 199001 Loading...
L 08/05/2020 - 01:53:24: [simple-chatprocessor.smx] [SCP] Recognized mod [Team Fortress 2].
L 08/05/2020 - 01:53:24: [simple-chatprocessor.smx] [SCP] Loading translation file [scp.tf.phrases].
L 08/05/2020 - 01:53:24: [mapchooser_extended.smx] Loaded map list for tf.
L 08/05/2020 - 01:53:41: [mapchooser_extended.smx] Voting for next map has started.
L 08/05/2020 - 01:53:58: [mapchooser_extended.smx] Voting for next map has started.
L 08/05/2020 - 01:54:04: [mapchooser_extended.smx] Voting for next map has finished. Nextmap: vsh_drejun_v3.
L 08/05/2020 - 01:54:43: [funcommandsX.smx] "SirFrenzoid<140><[U:1:89888356]><>" enabled disco mode
L 08/05/2020 - 01:55:09: [funcommandsX.smx] "SirFrenzoid<140><[U:1:89888356]><>" teleported "Nezzie<114><[U:1:107910185]><>"
L 08/05/2020 - 01:55:13: [funcommandsX.smx] "SirFrenzoid<140><[U:1:89888356]><>" teleported "Nezzie<114><[U:1:107910185]><>"
L 08/05/2020 - 01:55:27: [respawn.smx] "SirFrenzoid<140><[U:1:89888356]><>" respawned "moist cheese<142><[U:1:351468059]><>"
L 08/05/2020 - 01:55:35: [funcommandsX.smx] "SirFrenzoid<140><[U:1:89888356]><>" teleported "moist cheese<142><[U:1:351468059]><>"
L 08/05/2020 - 01:55:36: [funcommandsX.smx] "SirFrenzoid<140><[U:1:89888356]><>" teleported "moist cheese<142><[U:1:351468059]><>"
L 08/05/2020 - 01:55:41: [funcommandsX.smx] "Nezzie<114><[U:1:107910185]><>" made "Nezzie<114><[U:1:107910185]><>" Happy
L 08/05/2020 - 01:55:59: [funcommandsX.smx] "Nezzie<114><[U:1:107910185]><>" teleported "moist cheese<142><[U:1:351468059]><>"
L 08/05/2020 - 01:56:00: [funcommandsX.smx] "Nezzie<114><[U:1:107910185]><>" teleported "moist cheese<142><[U:1:351468059]><>"
L 08/05/2020 - 01:56:01: [funcommandsX.smx] "Nezzie<114><[U:1:107910185]><>" teleported "moist cheese<142><[U:1:351468059]><>"
L 08/05/2020 - 01:56:01: [funcommandsX.smx] "Nezzie<114><[U:1:107910185]><>" teleported "moist cheese<142><[U:1:351468059]><>"
L 08/05/2020 - 01:56:02: [funcommandsX.smx] "Nezzie<114><[U:1:107910185]><>" teleported "moist cheese<142><[U:1:351468059]><>"
L 08/05/2020 - 01:56:02: [funcommandsX.smx] "Nezzie<114><[U:1:107910185]><>" teleported "moist cheese<142><[U:1:351468059]><>"
L 08/05/2020 - 01:56:03: [funcommandsX.smx] "Nezzie<114><[U:1:107910185]><>" teleported "moist cheese<142><[U:1:351468059]><>"
L 08/05/2020 - 01:56:03: [funcommandsX.smx] "Nezzie<114><[U:1:107910185]><>" teleported "moist cheese<142><[U:1:351468059]><>"
L 08/05/2020 - 01:56:03: [funcommandsX.smx] "Nezzie<114><[U:1:107910185]><>" teleported "moist cheese<142><[U:1:351468059]><>"
L 08/05/2020 - 01:56:04: [funcommandsX.smx] "Nezzie<114><[U:1:107910185]><>" teleported "moist cheese<142><[U:1:351468059]><>"
L 08/05/2020 - 01:56:05: [funcommandsX.smx] "Nezzie<114><[U:1:107910185]><>" teleported "moist cheese<142><[U:1:351468059]><>"
L 08/05/2020 - 01:56:05: [funcommandsX.smx] "Nezzie<114><[U:1:107910185]><>" teleported "moist cheese<142><[U:1:351468059]><>"
L 08/05/2020 - 01:56:05: [funcommandsX.smx] "Nezzie<114><[U:1:107910185]><>" teleported "moist cheese<142><[U:1:351468059]><>"
L 08/05/2020 - 01:56:06: [funcommandsX.smx] "Nezzie<114><[U:1:107910185]><>" teleported "moist cheese<142><[U:1:351468059]><>"
L 08/05/2020 - 01:56:09: [funcommandsX.smx] "Nezzie<114><[U:1:107910185]><>" teleported "moist cheese<142><[U:1:351468059]><>"
L 08/05/2020 - 01:56:10: [funcommandsX.smx] "Nezzie<114><[U:1:107910185]><>" teleported "moist cheese<142><[U:1:351468059]><>"
L 08/05/2020 - 01:56:10: [funcommandsX.smx] "SirFrenzoid<140><[U:1:89888356]><>" teleported "SirFrenzoid<140><[U:1:89888356]><>"
L 08/05/2020 - 01:56:12: [funcommandsX.smx] "Nezzie<114><[U:1:107910185]><>" teleported "moist cheese<142><[U:1:351468059]><>"
L 08/05/2020 - 01:56:14: [funcommandsX.smx] "Nezzie<114><[U:1:107910185]><>" teleported "moist cheese<142><[U:1:351468059]><>"
L 08/05/2020 - 01:56:15: [funcommandsX.smx] "SirFrenzoid<140><[U:1:89888356]><>" teleported "SirFrenzoid<140><[U:1:89888356]><>"
L 08/05/2020 - 01:56:16: [funcommandsX.smx] "Nezzie<114><[U:1:107910185]><>" teleported "moist cheese<142><[U:1:351468059]><>"
L 08/05/2020 - 01:56:18: [funcommandsX.smx] "Nezzie<114><[U:1:107910185]><>" teleported "moist cheese<142><[U:1:351468059]><>"
L 08/05/2020 - 01:56:22: [funcommandsX.smx] "SirFrenzoid<140><[U:1:89888356]><>" teleported "Nezzie<114><[U:1:107910185]><>"
L 08/05/2020 - 01:56:26: [funcommandsX.smx] "SirFrenzoid<140><[U:1:89888356]><>" teleported "Nezzie<114><[U:1:107910185]><>"
L 08/05/2020 - 01:56:27: [funcommandsX.smx] "SirFrenzoid<140><[U:1:89888356]><>" teleported "Nezzie<114><[U:1:107910185]><>"
L 08/05/2020 - 01:56:34: [funcommandsX.smx] "Nezzie<114><[U:1:107910185]><>" made "Nezzie<114><[U:1:107910185]><>" Unhappy
L 08/05/2020 - 01:56:35: [funcommandsX.smx] "SirFrenzoid<140><[U:1:89888356]><>" made "Nezzie<114><[U:1:107910185]><>" Happy
L 08/05/2020 - 01:56:39: [funcommandsX.smx] "SirFrenzoid<140><[U:1:89888356]><>" made "SirFrenzoid<140><[U:1:89888356]><>" Happy
L 08/05/2020 - 01:56:41: [funcommandsX.smx] "Nezzie<114><[U:1:107910185]><>" made "Nezzie<114><[U:1:107910185]><>" Unhappy
L 08/05/2020 - 01:56:42: [funcommandsX.smx] "Nezzie<114><[U:1:107910185]><>" made "Nezzie<114><[U:1:107910185]><>" Happy
L 08/05/2020 - 01:56:42: [funcommandsX.smx] "Nezzie<114><[U:1:107910185]><>" made "Nezzie<114><[U:1:107910185]><>" Unhappy
L 08/05/2020 - 01:56:42: [funcommandsX.smx] "Nezzie<114><[U:1:107910185]><>" made "Nezzie<114><[U:1:107910185]><>" Happy
L 08/05/2020 - 01:56:42: [funcommandsX.smx] "Nezzie<114><[U:1:107910185]><>" made "Nezzie<114><[U:1:107910185]><>" Unhappy
L 08/05/2020 - 01:56:48: [funcommandsX.smx] "SirFrenzoid<140><[U:1:89888356]><>" made "Nezzie<114><[U:1:107910185]><>" Happy
L 08/05/2020 - 01:56:57: [funcommandsX.smx] "Nezzie<114><[U:1:107910185]><>" made "Nezzie<114><[U:1:107910185]><>" Unhappy
L 08/05/2020 - 01:56:57: [funcommandsX.smx] "SirFrenzoid<140><[U:1:89888356]><>" made "Nezzie<114><[U:1:107910185]><>" Happy
L 08/05/2020 - 01:56:59: [funcommandsX.smx] "Nezzie<114><[U:1:107910185]><>" made "Nezzie<114><[U:1:107910185]><>" Unhappy
L 08/05/2020 - 01:57:05: [funcommandsX.smx] "Nezzie<114><[U:1:107910185]><>" made "moist cheese<142><[U:1:351468059]><>" Happy
L 08/05/2020 - 01:57:25: [funcommands.smx] "Nezzie<114><[U:1:107910185]><>" set a TimeBomb on "moist cheese<142><[U:1:351468059]><>"
L 08/05/2020 - 01:57:30: [respawn.smx] "SirFrenzoid<140><[U:1:89888356]><>" respawned "AirFish69<191><[U:1:1074029501]><>"
L 08/05/2020 - 01:57:34: [funcommands.smx] "Nezzie<114><[U:1:107910185]><>" removed a TimeBomb on "moist cheese<142><[U:1:351468059]><>"
L 08/05/2020 - 01:57:53: [SM] Changed map to "vsh_drejun_v3"
L 08/05/2020 - 01:57:57: -------- Mapchange to vsh_drejun_v3 --------
L 08/05/2020 - 01:58:12: [mapchooser_extended.smx] Loaded map list for tf.
L 08/05/2020 - 01:58:58: [respawn.smx] "SirFrenzoid<140><[U:1:89888356]><>" respawned "AirFish69<191><[U:1:1074029501]><>"
L 08/05/2020 - 01:58:59: [respawn.smx] "SirFrenzoid<140><[U:1:89888356]><>" respawned "AirFish69<191><[U:1:1074029501]><>"
L 08/05/2020 - 01:59:01: [respawn.smx] "SirFrenzoid<140><[U:1:89888356]><>" respawned "AirFish69<191><[U:1:1074029501]><>"
L 08/05/2020 - 01:59:02: [respawn.smx] "SirFrenzoid<140><[U:1:89888356]><>" respawned "AirFish69<191><[U:1:1074029501]><>"
L 08/05/2020 - 01:59:02: [respawn.smx] "SirFrenzoid<140><[U:1:89888356]><>" respawned "AirFish69<191><[U:1:1074029501]><>"
L 08/05/2020 - 01:59:02: [respawn.smx] "SirFrenzoid<140><[U:1:89888356]><>" respawned "AirFish69<191><[U:1:1074029501]><>"
L 08/05/2020 - 01:59:02: [respawn.smx] "SirFrenzoid<140><[U:1:89888356]><>" respawned "AirFish69<191><[U:1:1074029501]><>"
L 08/05/2020 - 01:59:03: [respawn.smx] "SirFrenzoid<140><[U:1:89888356]><>" respawned "AirFish69<191><[U:1:1074029501]><>"
L 08/05/2020 - 01:59:04: [respawn.smx] "SirFrenzoid<140><[U:1:89888356]><>" respawned "AirFish69<191><[U:1:1074029501]><>"
L 08/05/2020 - 01:59:14: [respawn.smx] "SirFrenzoid<140><[U:1:89888356]><>" respawned "AirFish69<191><[U:1:1074029501]><>"
L 08/05/2020 - 01:59:18: [respawn.smx] "SirFrenzoid<140><[U:1:89888356]><>" respawned "AirFish69<191><[U:1:1074029501]><>"
L 08/05/2020 - 01:59:23: [respawn.smx] "SirFrenzoid<140><[U:1:89888356]><>" respawned "AirFish69<191><[U:1:1074029501]><>"
L 08/05/2020 - 01:59:24: [respawn.smx] "SirFrenzoid<140><[U:1:89888356]><>" respawned "AirFish69<191><[U:1:1074029501]><>"
L 08/05/2020 - 01:59:25: [respawn.smx] "SirFrenzoid<140><[U:1:89888356]><>" respawned "AirFish69<191><[U:1:1074029501]><>"
L 08/05/2020 - 01:59:25: [respawn.smx] "SirFrenzoid<140><[U:1:89888356]><>" respawned "AirFish69<191><[U:1:1074029501]><>"
L 08/05/2020 - 01:59:25: [respawn.smx] "SirFrenzoid<140><[U:1:89888356]><>" respawned "AirFish69<191><[U:1:1074029501]><>"
L 08/05/2020 - 01:59:32: [funcommandsX.smx] "SirFrenzoid<140><[U:1:89888356]><>" made "moist cheese<142><[U:1:351468059]><>" Happy
L 08/05/2020 - 01:59:50: [funcommands.smx] "Nezzie<114><[U:1:107910185]><>" drugged "moist cheese<142><[U:1:351468059]><>"
L 08/05/2020 - 02:00:03: [funcommandsX.smx] "SirFrenzoid<140><[U:1:89888356]><>" made "Nezzie<114><[U:1:107910185]><>" Happy
L 08/05/2020 - 02:00:03: [funcommandsX.smx] "SirFrenzoid<140><[U:1:89888356]><>" made "moist cheese<142><[U:1:351468059]><>" Unhappy
L 08/05/2020 - 02:00:07: [funcommandsX.smx] "SirFrenzoid<140><[U:1:89888356]><>" made "Nezzie<114><[U:1:107910185]><>" Unhappy
L 08/05/2020 - 02:01:15: [respawn.smx] "Nezzie<114><[U:1:107910185]><>" respawned "moist cheese<142><[U:1:351468059]><>"
L 08/05/2020 - 02:01:15: [respawn.smx] "Nezzie<114><[U:1:107910185]><>" respawned "Big Mean Muther Hubbard<201><BOT><>"
L 08/05/2020 - 02:01:15: [respawn.smx] "Nezzie<114><[U:1:107910185]><>" respawned "FISH (commissions closed rn)<204><[U:1:445849108]><>"
L 08/05/2020 - 02:01:15: [respawn.smx] "Nezzie<114><[U:1:107910185]><>" respawned "AirFish69<191><[U:1:1074029501]><>"
L 08/05/2020 - 02:01:15: [respawn.smx] "Nezzie<114><[U:1:107910185]><>" respawned "[Unusual] Linkin❤Cesly<205><[U:1:875423869]><>"
L 08/05/2020 - 02:01:43: [respawn.smx] "Nezzie<114><[U:1:107910185]><>" respawned "Nezzie<114><[U:1:107910185]><>"
L 08/05/2020 - 02:02:11: [respawn.smx] "Nezzie<114><[U:1:107910185]><>" respawned "[Unusual] Linkin❤Cesly<205><[U:1:875423869]><>"
L 08/05/2020 - 02:02:51: [funcommandsX.smx] Game detected as Team Fortress 2: Source (GAME_TF2)
L 08/05/2020 - 02:02:51: [freak_fortress_2.smx] Freak Fortress 2 199001 Loading...
L 08/05/2020 - 02:02:51: [simple-chatprocessor.smx] [SCP] Recognized mod [Team Fortress 2].
L 08/05/2020 - 02:02:51: [simple-chatprocessor.smx] [SCP] Loading translation file [scp.tf.phrases].
L 08/05/2020 - 02:02:51: [mapchooser_extended.smx] Loaded map list for tf.
L 08/05/2020 - 02:03:42: [funcommandsX.smx] "SirFrenzoid<140><[U:1:89888356]><>" enabled disco mode
L 08/05/2020 - 02:04:03: [respawn.smx] "SirFrenzoid<140><[U:1:89888356]><>" respawned "SirFrenzoid<140><[U:1:89888356]><>"
L 08/05/2020 - 02:04:09: [respawn.smx] "SirFrenzoid<140><[U:1:89888356]><>" respawned "FISH (commissions closed rn)<204><[U:1:445849108]><>"
L 08/05/2020 - 02:04:28: [respawn.smx] "SirFrenzoid<140><[U:1:89888356]><>" respawned "I LIVE!<197><BOT><>"
L 08/05/2020 - 02:04:29: [respawn.smx] "SirFrenzoid<140><[U:1:89888356]><>" respawned "SirFrenzoid<140><[U:1:89888356]><>"
L 08/05/2020 - 02:04:47: [respawn.smx] "Nezzie<114><[U:1:107910185]><>" respawned "Herr Doktor<193><BOT><>"
L 08/05/2020 - 02:04:47: [respawn.smx] "Nezzie<114><[U:1:107910185]><>" respawned "Companion Cube<194><BOT><>"
L 08/05/2020 - 02:04:47: [respawn.smx] "Nezzie<114><[U:1:107910185]><>" respawned "One-Man Cheeseburger Apocalypse<195><BOT><>"
L 08/05/2020 - 02:04:47: [respawn.smx] "Nezzie<114><[U:1:107910185]><>" respawned "I LIVE!<197><BOT><>"
L 08/05/2020 - 02:04:47: [respawn.smx] "Nezzie<114><[U:1:107910185]><>" respawned "trigger_hurt<198><BOT><>"
L 08/05/2020 - 02:04:47: [respawn.smx] "Nezzie<114><[U:1:107910185]><>" respawned "Divide by Zero<199><BOT><>"
L 08/05/2020 - 02:04:47: [respawn.smx] "Nezzie<114><[U:1:107910185]><>" respawned "FISH (commissions closed rn)<204><[U:1:445849108]><>"
L 08/05/2020 - 02:04:47: [respawn.smx] "Nezzie<114><[U:1:107910185]><>" respawned "AirFish69<191><[U:1:1074029501]><>"
L 08/05/2020 - 02:05:12: [respawn.smx] "Nezzie<114><[U:1:107910185]><>" respawned "Nezzie<114><[U:1:107910185]><>"
L 08/05/2020 - 02:05:12: [respawn.smx] "Nezzie<114><[U:1:107910185]><>" respawned "Maggot<192><BOT><>"
L 08/05/2020 - 02:05:12: [respawn.smx] "Nezzie<114><[U:1:107910185]><>" respawned "Delicious Cake<196><BOT><>"
L 08/05/2020 - 02:05:12: [respawn.smx] "Nezzie<114><[U:1:107910185]><>" respawned "MoreGun<200><BOT><>"
L 08/05/2020 - 02:05:12: [respawn.smx] "Nezzie<114><[U:1:107910185]><>" respawned "Big Mean Muther Hubbard<201><BOT><>"
L 08/05/2020 - 02:05:12: [respawn.smx] "Nezzie<114><[U:1:107910185]><>" respawned "Crazed Gunman<202><BOT><>"
L 08/05/2020 - 02:05:12: [respawn.smx] "Nezzie<114><[U:1:107910185]><>" respawned "SirFrenzoid<140><[U:1:89888356]><>"
L 08/05/2020 - 02:05:12: [respawn.smx] "Nezzie<114><[U:1:107910185]><>" respawned "FISH (commissions closed rn)<204><[U:1:445849108]><>"
L 08/05/2020 - 02:06:12: [respawn.smx] "SirFrenzoid<140><[U:1:89888356]><>" respawned "Nezzie<114><[U:1:107910185]><>"
L 08/05/2020 - 02:06:18: [respawn.smx] "SirFrenzoid<140><[U:1:89888356]><>" respawned "FISH (commissions closed rn)<204><[U:1:445849108]><>"
L 08/05/2020 - 02:06:45: [respawn.smx] "SirFrenzoid<140><[U:1:89888356]><>" respawned "SirFrenzoid<140><[U:1:89888356]><>"
L 08/05/2020 - 02:07:29: [respawn.smx] "SirFrenzoid<140><[U:1:89888356]><>" respawned "SirFrenzoid<140><[U:1:89888356]><>"
L 08/05/2020 - 02:08:18: [respawn.smx] "SirFrenzoid<140><[U:1:89888356]><>" respawned "Nezzie<114><[U:1:107910185]><>"
L 08/05/2020 - 02:08:22: [respawn.smx] "SirFrenzoid<140><[U:1:89888356]><>" respawned "AirFish69<191><[U:1:1074029501]><>"
L 08/05/2020 - 02:08:27: [respawn.smx] "SirFrenzoid<140><[U:1:89888356]><>" respawned "[Unusual] Linkin❤Cesly<205><[U:1:875423869]><>"
L 08/05/2020 - 02:09:28: [respawn.smx] "SirFrenzoid<140><[U:1:89888356]><>" respawned "FISH (commissions closed rn)<204><[U:1:445849108]><>"
L 08/05/2020 - 02:09:29: [respawn.smx] "SirFrenzoid<140><[U:1:89888356]><>" respawned "I LIVE!<197><BOT><>"
L 08/05/2020 - 02:09:31: [respawn.smx] "SirFrenzoid<140><[U:1:89888356]><>" respawned "[Unusual] Linkin❤Cesly<205><[U:1:875423869]><>"
L 08/05/2020 - 02:10:03: [respawn.smx] "SirFrenzoid<140><[U:1:89888356]><>" respawned "SirFrenzoid<140><[U:1:89888356]><>"
L 08/05/2020 - 02:10:35: [funcommandsX.smx] "SirFrenzoid<140><[U:1:89888356]><>" made "SirFrenzoid<140><[U:1:89888356]><>" invisible
L 08/05/2020 - 02:11:04: [respawn.smx] "SirFrenzoid<140><[U:1:89888356]><>" respawned "Nezzie<114><[U:1:107910185]><>"
L 08/05/2020 - 02:11:12: [basechat.smx] "Console<0><Console><Console>" triggered sm_say (text The round time has ended, omaewa-mou shindeiru)
L 08/05/2020 - 02:11:12: [playercommands.smx] "Console<0><Console><Console>" slayed "Nezzie<114><[U:1:107910185]><>"
L 08/05/2020 - 02:11:12: [playercommands.smx] "Console<0><Console><Console>" slayed "moist cheese<142><[U:1:351468059]><>"
L 08/05/2020 - 02:11:12: [playercommands.smx] "Console<0><Console><Console>" slayed "SirFrenzoid<140><[U:1:89888356]><>"
L 08/05/2020 - 02:11:12: [playercommands.smx] "Console<0><Console><Console>" slayed "FISH (commissions closed rn)<204><[U:1:445849108]><>"
L 08/05/2020 - 02:11:12: [playercommands.smx] "Console<0><Console><Console>" slayed "AirFish69<191><[U:1:1074029501]><>"
L 08/05/2020 - 02:11:12: [playercommands.smx] "Console<0><Console><Console>" slayed "[Unusual] Linkin❤Cesly<205><[U:1:875423869]><>"
L 08/05/2020 - 02:12:04: [respawn.smx] "SirFrenzoid<140><[U:1:89888356]><>" respawned "One-Man Cheeseburger Apocalypse<195><BOT><>"
L 08/05/2020 - 02:12:04: [respawn.smx] "SirFrenzoid<140><[U:1:89888356]><>" respawned "SirFrenzoid<140><[U:1:89888356]><>"
L 08/05/2020 - 02:13:46: [respawn.smx] "SirFrenzoid<140><[U:1:89888356]><>" respawned "Nezzie<114><[U:1:107910185]><>"
L 08/05/2020 - 02:13:46: [respawn.smx] "SirFrenzoid<140><[U:1:89888356]><>" respawned "moist cheese<142><[U:1:351468059]><>"
L 08/05/2020 - 02:13:49: [respawn.smx] "SirFrenzoid<140><[U:1:89888356]><>" respawned "SirFrenzoid<140><[U:1:89888356]><>"
L 08/05/2020 - 02:16:00: [respawn.smx] "SirFrenzoid<140><[U:1:89888356]><>" respawned "SirFrenzoid<140><[U:1:89888356]><>"
L 08/05/2020 - 02:16:06: [respawn.smx] "SirFrenzoid<140><[U:1:89888356]><>" respawned "[Unusual] Linkin❤Cesly<205><[U:1:875423869]><>"
L 08/05/2020 - 02:17:35: [respawn.smx] "SirFrenzoid<140><[U:1:89888356]><>" respawned "moist cheese<142><[U:1:351468059]><>"
L 08/05/2020 - 02:17:37: [respawn.smx] "SirFrenzoid<140><[U:1:89888356]><>" respawned "[Unusual] Linkin❤Cesly<205><[U:1:875423869]><>"
L 08/05/2020 - 02:18:16: [respawn.smx] "SirFrenzoid<140><[U:1:89888356]><>" respawned "Nezzie<114><[U:1:107910185]><>"
L 08/05/2020 - 02:18:17: [respawn.smx] "SirFrenzoid<140><[U:1:89888356]><>" respawned "moist cheese<142><[U:1:351468059]><>"
L 08/05/2020 - 02:18:18: [respawn.smx] "SirFrenzoid<140><[U:1:89888356]><>" respawned "SirFrenzoid<140><[U:1:89888356]><>"
L 08/05/2020 - 02:18:24: [respawn.smx] "SirFrenzoid<140><[U:1:89888356]><>" respawned "[Unusual] Linkin❤Cesly<205><[U:1:875423869]><>"
L 08/05/2020 - 02:18:33: [mapchooser_extended.smx] Voting for next map has started.
L 08/05/2020 - 02:18:54: [mapchooser_extended.smx] Voting for next map has finished. Nextmap: vsh_manncohq_v14.
L 08/05/2020 - 02:19:40: [respawn.smx] "Nezzie<114><[U:1:107910185]><>" respawned "Nezzie<114><[U:1:107910185]><>"
L 08/05/2020 - 02:19:40: [respawn.smx] "Nezzie<114><[U:1:107910185]><>" respawned "moist cheese<142><[U:1:351468059]><>"
L 08/05/2020 - 02:19:40: [respawn.smx] "Nezzie<114><[U:1:107910185]><>" respawned "trigger_hurt<198><BOT><>"
L 08/05/2020 - 02:19:40: [respawn.smx] "Nezzie<114><[U:1:107910185]><>" respawned "Divide by Zero<199><BOT><>"
L 08/05/2020 - 02:19:40: [respawn.smx] "Nezzie<114><[U:1:107910185]><>" respawned "MoreGun<200><BOT><>"
L 08/05/2020 - 02:19:40: [respawn.smx] "Nezzie<114><[U:1:107910185]><>" respawned "Big Mean Muther Hubbard<201><BOT><>"
L 08/05/2020 - 02:19:40: [respawn.smx] "Nezzie<114><[U:1:107910185]><>" respawned "Crazed Gunman<202><BOT><>"
L 08/05/2020 - 02:19:40: [respawn.smx] "Nezzie<114><[U:1:107910185]><>" respawned "Poopy Joe<203><BOT><>"
L 08/05/2020 - 02:19:40: [respawn.smx] "Nezzie<114><[U:1:107910185]><>" respawned "SirFrenzoid<140><[U:1:89888356]><>"
L 08/05/2020 - 02:19:40: [respawn.smx] "Nezzie<114><[U:1:107910185]><>" respawned "[Unusual] Linkin❤Cesly<205><[U:1:875423869]><>"
L 08/05/2020 - 02:19:43: [playercommands.smx] "Nezzie<114><[U:1:107910185]><>" slayed "Nezzie<114><[U:1:107910185]><>"
L 08/05/2020 - 02:19:43: [playercommands.smx] "Nezzie<114><[U:1:107910185]><>" slayed "moist cheese<142><[U:1:351468059]><>"
L 08/05/2020 - 02:19:43: [playercommands.smx] "Nezzie<114><[U:1:107910185]><>" slayed "trigger_hurt<198><BOT><>"
L 08/05/2020 - 02:19:43: [playercommands.smx] "Nezzie<114><[U:1:107910185]><>" slayed "Divide by Zero<199><BOT><>"
L 08/05/2020 - 02:19:43: [playercommands.smx] "Nezzie<114><[U:1:107910185]><>" slayed "MoreGun<200><BOT><>"
L 08/05/2020 - 02:19:43: [playercommands.smx] "Nezzie<114><[U:1:107910185]><>" slayed "Big Mean Muther Hubbard<201><BOT><>"
L 08/05/2020 - 02:19:43: [playercommands.smx] "Nezzie<114><[U:1:107910185]><>" slayed "Crazed Gunman<202><BOT><>"
L 08/05/2020 - 02:19:43: [playercommands.smx] "Nezzie<114><[U:1:107910185]><>" slayed "Poopy Joe<203><BOT><>"
L 08/05/2020 - 02:19:43: [playercommands.smx] "Nezzie<114><[U:1:107910185]><>" slayed "SirFrenzoid<140><[U:1:89888356]><>"
L 08/05/2020 - 02:19:43: [playercommands.smx] "Nezzie<114><[U:1:107910185]><>" slayed "FISH (commissions closed rn)<204><[U:1:445849108]><>"
L 08/05/2020 - 02:19:43: [playercommands.smx] "Nezzie<114><[U:1:107910185]><>" slayed "[Unusual] Linkin❤Cesly<205><[U:1:875423869]><>"
L 08/05/2020 - 02:19:47: [playercommands.smx] "Nezzie<114><[U:1:107910185]><>" slayed "Nezzie<114><[U:1:107910185]><>"
L 08/05/2020 - 02:19:47: [playercommands.smx] "Nezzie<114><[U:1:107910185]><>" slayed "moist cheese<142><[U:1:351468059]><>"
L 08/05/2020 - 02:19:47: [playercommands.smx] "Nezzie<114><[U:1:107910185]><>" slayed "trigger_hurt<198><BOT><>"
L 08/05/2020 - 02:19:47: [playercommands.smx] "Nezzie<114><[U:1:107910185]><>" slayed "Divide by Zero<199><BOT><>"
L 08/05/2020 - 02:19:47: [playercommands.smx] "Nezzie<114><[U:1:107910185]><>" slayed "MoreGun<200><BOT><>"
L 08/05/2020 - 02:19:47: [playercommands.smx] "Nezzie<114><[U:1:107910185]><>" slayed "Big Mean Muther Hubbard<201><BOT><>"
L 08/05/2020 - 02:19:47: [playercommands.smx] "Nezzie<114><[U:1:107910185]><>" slayed "Crazed Gunman<202><BOT><>"
L 08/05/2020 - 02:19:47: [playercommands.smx] "Nezzie<114><[U:1:107910185]><>" slayed "Poopy Joe<203><BOT><>"
L 08/05/2020 - 02:19:47: [playercommands.smx] "Nezzie<114><[U:1:107910185]><>" slayed "FISH (commissions closed rn)<204><[U:1:445849108]><>"
L 08/05/2020 - 02:19:47: [playercommands.smx] "Nezzie<114><[U:1:107910185]><>" slayed "[Unusual] Linkin❤Cesly<205><[U:1:875423869]><>"
L 08/05/2020 - 02:20:23: [respawn.smx] "Nezzie<114><[U:1:107910185]><>" respawned "[Unusual] Linkin❤Cesly<205><[U:1:875423869]><>"
L 08/05/2020 - 02:20:24: [respawn.smx] "Nezzie<114><[U:1:107910185]><>" respawned "Nezzie<114><[U:1:107910185]><>"
L 08/05/2020 - 02:20:47: [respawn.smx] "Nezzie<114><[U:1:107910185]><>" respawned "moist cheese<142><[U:1:351468059]><>"
L 08/05/2020 - 02:21:33: [respawn.smx] "Nezzie<114><[U:1:107910185]><>" respawned "moist cheese<142><[U:1:351468059]><>"
L 08/05/2020 - 02:21:41: [playercommands.smx] "Nezzie<114><[U:1:107910185]><>" slayed "Nezzie<114><[U:1:107910185]><>"
L 08/05/2020 - 02:21:48: [respawn.smx] "Nezzie<114><[U:1:107910185]><>" respawned "Nezzie<114><[U:1:107910185]><>"
L 08/05/2020 - 02:22:17: [funcommandsX.smx] "SirFrenzoid<140><[U:1:89888356]><>" made "SirFrenzoid<140><[U:1:89888356]><>" visible
L 08/05/2020 - 02:24:03: [funcommandsX.smx] "SirFrenzoid<140><[U:1:89888356]><>" made "moist cheese<142><[U:1:351468059]><>" Happy
L 08/05/2020 - 02:24:21: [funcommandsX.smx] "SirFrenzoid<140><[U:1:89888356]><>" made "moist cheese<142><[U:1:351468059]><>" Unhappy
L 08/05/2020 - 02:24:48: [funcommandsX.smx] "SirFrenzoid<140><[U:1:89888356]><>" made "SirFrenzoid<140><[U:1:89888356]><>" tomato
L 08/05/2020 - 02:26:56: [respawn.smx] "SirFrenzoid<140><[U:1:89888356]><>" respawned "Nezzie<114><[U:1:107910185]><>"
L 08/05/2020 - 02:26:58: [respawn.smx] "SirFrenzoid<140><[U:1:89888356]><>" respawned "SirFrenzoid<140><[U:1:89888356]><>"
L 08/05/2020 - 02:27:33: [respawn.smx] "SirFrenzoid<140><[U:1:89888356]><>" respawned "SirFrenzoid<140><[U:1:89888356]><>"
L 08/05/2020 - 02:27:39: [respawn.smx] "SirFrenzoid<140><[U:1:89888356]><>" respawned "Poopy Joe<203><BOT><>"
L 08/05/2020 - 02:27:40: [respawn.smx] "SirFrenzoid<140><[U:1:89888356]><>" respawned "[Unusual] Linkin❤Cesly<205><[U:1:875423869]><>"
L 08/05/2020 - 02:27:43: [respawn.smx] "SirFrenzoid<140><[U:1:89888356]><>" respawned "moist cheese<142><[U:1:351468059]><>"
L 08/05/2020 - 02:28:53: [respawn.smx] "SirFrenzoid<140><[U:1:89888356]><>" respawned "moist cheese<142><[U:1:351468059]><>"
L 08/05/2020 - 02:28:59: [respawn.smx] "SirFrenzoid<140><[U:1:89888356]><>" respawned "moist cheese<142><[U:1:351468059]><>"
L 08/05/2020 - 02:30:40: [SM] Changed map to "vsh_manncohq_v14"
L 08/05/2020 - 02:30:44: -------- Mapchange to vsh_manncohq_v14 --------
L 08/05/2020 - 02:30:55: [mapchooser_extended.smx] Loaded map list for tf.
L 08/05/2020 - 02:33:59: [funcommandsX.smx] "SirFrenzoid<140><[U:1:89888356]><>" disabled friendly fire
L 08/05/2020 - 02:41:49: [basechat.smx] "Console<0><Console><Console>" triggered sm_say (text The round time has ended, omaewa-mou shindeiru)
L 08/05/2020 - 02:41:49: [playercommands.smx] "Console<0><Console><Console>" slayed "Freakin' Unbelievable<207><BOT><>"
L 08/05/2020 - 02:41:49: [playercommands.smx] "Console<0><Console><Console>" slayed "The Administrator<208><BOT><>"
L 08/05/2020 - 02:41:49: [playercommands.smx] "Console<0><Console><Console>" slayed "Archimedes!<209><BOT><>"
L 08/05/2020 - 02:41:49: [playercommands.smx] "Console<0><Console><Console>" slayed "Kill Me<211><BOT><>"
L 08/05/2020 - 02:41:49: [playercommands.smx] "Console<0><Console><Console>" slayed "Chucklenuts<212><BOT><>"
L 08/05/2020 - 02:51:10: [mapchooser_extended.smx] Voting for next map has started.
L 08/05/2020 - 02:51:25: [basechat.smx] "Console<0><Console><Console>" triggered sm_say (text The round time has ended, omaewa-mou shindeiru)
L 08/05/2020 - 02:51:25: [playercommands.smx] "Console<0><Console><Console>" slayed "WITCH<213><BOT><>"
L 08/05/2020 - 02:51:25: [playercommands.smx] "Console<0><Console><Console>" slayed "Still Alive<214><BOT><>"
L 08/05/2020 - 02:51:25: [playercommands.smx] "Console<0><Console><Console>" slayed "Me<215><BOT><>"
L 08/05/2020 - 02:51:25: [playercommands.smx] "Console<0><Console><Console>" slayed "H@XX0RZ<216><BOT><>"
L 08/05/2020 - 02:51:25: [playercommands.smx] "Console<0><Console><Console>" slayed "Chell<217><BOT><>"
L 08/05/2020 - 02:51:25: [playercommands.smx] "Console<0><Console><Console>" slayed "Totally Not A Bot<218><BOT><>"
L 08/05/2020 - 15:56:35: [basecommands.smx] "Nezzie<220><[U:1:107910185]><>" changed map to "arena_lumberyard"
L 08/05/2020 - 15:56:38: [SM] Changed map to "arena_lumberyard"
L 08/05/2020 - 15:56:42: -------- Mapchange to arena_lumberyard --------
L 08/05/2020 - 15:56:53: [mapchooser_extended.smx] Loaded map list for tf.
L 08/05/2020 - 15:59:09: [funcommandsX.smx] Game detected as Team Fortress 2: Source (GAME_TF2)
L 08/05/2020 - 15:59:09: [freak_fortress_2.smx] Freak Fortress 2 199001 Loading...
L 08/05/2020 - 15:59:10: [simple-chatprocessor.smx] [SCP] Recognized mod [Team Fortress 2].
L 08/05/2020 - 15:59:10: [simple-chatprocessor.smx] [SCP] Loading translation file [scp.tf.phrases].
L 08/05/2020 - 15:59:10: [mapchooser_extended.smx] Loaded map list for tf.
L 08/05/2020 - 16:00:11: [funcommandsX.smx] Game detected as Team Fortress 2: Source (GAME_TF2)
L 08/05/2020 - 16:00:11: [freak_fortress_2.smx] Freak Fortress 2 199001 Loading...
L 08/05/2020 - 16:00:12: [simple-chatprocessor.smx] [SCP] Recognized mod [Team Fortress 2].
L 08/05/2020 - 16:00:12: [simple-chatprocessor.smx] [SCP] Loading translation file [scp.tf.phrases].
L 08/05/2020 - 16:00:12: [mapchooser_extended.smx] Loaded map list for tf.
L 08/05/2020 - 16:03:36: [funcommandsX.smx] Game detected as Team Fortress 2: Source (GAME_TF2)
L 08/05/2020 - 16:03:36: [freak_fortress_2.smx] Freak Fortress 2 199001 Loading...
L 08/05/2020 - 16:03:37: [simple-chatprocessor.smx] [SCP] Recognized mod [Team Fortress 2].
L 08/05/2020 - 16:03:37: [simple-chatprocessor.smx] [SCP] Loading translation file [scp.tf.phrases].
L 08/05/2020 - 16:03:37: [mapchooser_extended.smx] Loaded map list for tf.
L 08/05/2020 - 16:06:36: [funcommandsX.smx] Game detected as Team Fortress 2: Source (GAME_TF2)
L 08/05/2020 - 16:06:36: [freak_fortress_2.smx] Freak Fortress 2 199001 Loading...
L 08/05/2020 - 16:06:37: [simple-chatprocessor.smx] [SCP] Recognized mod [Team Fortress 2].
L 08/05/2020 - 16:06:37: [simple-chatprocessor.smx] [SCP] Loading translation file [scp.tf.phrases].
L 08/05/2020 - 16:06:37: [mapchooser_extended.smx] Loaded map list for tf.
L 08/05/2020 - 16:09:43: [funcommandsX.smx] Game detected as Team Fortress 2: Source (GAME_TF2)
L 08/05/2020 - 16:09:43: [freak_fortress_2.smx] Freak Fortress 2 199001 Loading...
L 08/05/2020 - 16:09:44: [simple-chatprocessor.smx] [SCP] Recognized mod [Team Fortress 2].
L 08/05/2020 - 16:09:44: [simple-chatprocessor.smx] [SCP] Loading translation file [scp.tf.phrases].
L 08/05/2020 - 16:09:44: [mapchooser_extended.smx] Loaded map list for tf.
L 08/05/2020 - 16:10:41: [funcommandsX.smx] Game detected as Team Fortress 2: Source (GAME_TF2)
L 08/05/2020 - 16:10:41: [freak_fortress_2.smx] Freak Fortress 2 199001 Loading...
L 08/05/2020 - 16:10:41: [simple-chatprocessor.smx] [SCP] Recognized mod [Team Fortress 2].
L 08/05/2020 - 16:10:41: [simple-chatprocessor.smx] [SCP] Loading translation file [scp.tf.phrases].
L 08/05/2020 - 16:10:42: [mapchooser_extended.smx] Loaded map list for tf.
L 08/05/2020 - 16:10:50: [funcommandsX.smx] Game detected as Team Fortress 2: Source (GAME_TF2)
L 08/05/2020 - 16:10:50: [freak_fortress_2.smx] Freak Fortress 2 199001 Loading...
L 08/05/2020 - 16:10:50: [simple-chatprocessor.smx] [SCP] Recognized mod [Team Fortress 2].
L 08/05/2020 - 16:10:50: [simple-chatprocessor.smx] [SCP] Loading translation file [scp.tf.phrases].
L 08/05/2020 - 16:10:50: [mapchooser_extended.smx] Loaded map list for tf.
L 08/05/2020 - 16:17:24: [mapchooser_extended.smx] Voting for next map has started.
L 08/05/2020 - 16:17:33: [mapchooser_extended.smx] Voting for next map has finished. Nextmap: vsh_megaman6.
L 08/05/2020 - 16:18:02: [funcommandsX.smx] Game detected as Team Fortress 2: Source (GAME_TF2)
L 08/05/2020 - 16:18:02: [freak_fortress_2.smx] Freak Fortress 2 199001 Loading...
L 08/05/2020 - 16:18:03: [simple-chatprocessor.smx] [SCP] Recognized mod [Team Fortress 2].
L 08/05/2020 - 16:18:03: [simple-chatprocessor.smx] [SCP] Loading translation file [scp.tf.phrases].
L 08/05/2020 - 16:18:03: [mapchooser_extended.smx] Loaded map list for tf.
L 08/05/2020 - 16:18:20: [mapchooser_extended.smx] Voting for next map has started.
L 08/05/2020 - 16:18:30: [mapchooser_extended.smx] Voting for next map has finished. Nextmap: vsh_drejun_v3.
L 08/05/2020 - 16:25:21: [funcommandsX.smx] Game detected as Team Fortress 2: Source (GAME_TF2)
L 08/05/2020 - 16:25:21: [freak_fortress_2.smx] Freak Fortress 2 199001 Loading...
L 08/05/2020 - 16:25:21: [simple-chatprocessor.smx] [SCP] Recognized mod [Team Fortress 2].
L 08/05/2020 - 16:25:21: [simple-chatprocessor.smx] [SCP] Loading translation file [scp.tf.phrases].
L 08/05/2020 - 16:25:21: [mapchooser_extended.smx] Loaded map list for tf.
L 08/05/2020 - 16:25:38: [mapchooser_extended.smx] Voting for next map has started.
L 08/05/2020 - 16:25:41: [mapchooser_extended.smx] Voting for next map has finished. Nextmap: vsh_scoobydoo_v1.
L 08/05/2020 - 16:26:54: [respawn.smx] "Nezzie<220><[U:1:107910185]><>" respawned "Nezzie<220><[U:1:107910185]><>"
L 08/05/2020 - 16:30:15: [respawn.smx] "Nezzie<220><[U:1:107910185]><>" respawned "Nezzie<220><[U:1:107910185]><>"
L 08/05/2020 - 16:33:40: [basechat.smx] "Console<0><Console><Console>" triggered sm_say (text The round time has ended, omaewa-mou shindeiru)
L 08/05/2020 - 16:33:40: [playercommands.smx] "Console<0><Console><Console>" slayed "BeepBeepBoop<227><BOT><>"
L 08/05/2020 - 16:33:40: [playercommands.smx] "Console<0><Console><Console>" slayed "CreditToTeam<228><BOT><>"
L 08/05/2020 - 16:33:40: [playercommands.smx] "Console<0><Console><Console>" slayed "Someone Else<229><BOT><>"
L 08/05/2020 - 16:33:40: [playercommands.smx] "Console<0><Console><Console>" slayed "Dog<230><BOT><>"
L 08/05/2020 - 16:33:40: [playercommands.smx] "Console<0><Console><Console>" slayed "AmNot<231><BOT><>"
L 08/05/2020 - 16:33:40: [playercommands.smx] "Console<0><Console><Console>" slayed "HI THERE<232><BOT><>"
L 08/05/2020 - 16:33:40: [playercommands.smx] "Console<0><Console><Console>" slayed "test<233><BOT><>"
L 08/05/2020 - 16:33:40: [playercommands.smx] "Console<0><Console><Console>" slayed "test1<234><BOT><>"
L 08/05/2020 - 16:41:58: [basechat.smx] "Console<0><Console><Console>" triggered sm_say (text The round time has ended, omaewa-mou shindeiru)
L 08/05/2020 - 16:41:58: [playercommands.smx] "Console<0><Console><Console>" slayed "Nezzie<220><[U:1:107910185]><>"
L 08/05/2020 - 16:41:58: [playercommands.smx] "Console<0><Console><Console>" slayed "BeepBeepBoop<227><BOT><>"
L 08/05/2020 - 16:41:58: [playercommands.smx] "Console<0><Console><Console>" slayed "CreditToTeam<228><BOT><>"
L 08/05/2020 - 16:41:58: [playercommands.smx] "Console<0><Console><Console>" slayed "Someone Else<229><BOT><>"
L 08/05/2020 - 16:41:58: [playercommands.smx] "Console<0><Console><Console>" slayed "Dog<230><BOT><>"
L 08/05/2020 - 16:41:58: [playercommands.smx] "Console<0><Console><Console>" slayed "AmNot<231><BOT><>"
L 08/05/2020 - 16:41:58: [playercommands.smx] "Console<0><Console><Console>" slayed "HI THERE<232><BOT><>"
L 08/05/2020 - 16:41:58: [playercommands.smx] "Console<0><Console><Console>" slayed "test<233><BOT><>"
L 08/05/2020 - 16:41:58: [playercommands.smx] "Console<0><Console><Console>" slayed "test1<234><BOT><>"
L 08/05/2020 - 18:24:04: [basecommands.smx] "Nezzie<236><[U:1:107910185]><>" changed map to "arena_lumberyard"
L 08/05/2020 - 18:24:07: [SM] Changed map to "arena_lumberyard"
L 08/05/2020 - 18:24:09: -------- Mapchange to arena_lumberyard --------
L 08/05/2020 - 18:24:20: [mapchooser_extended.smx] Loaded map list for tf.
L 08/05/2020 - 18:26:04: [funcommandsX.smx] Game detected as Team Fortress 2: Source (GAME_TF2)
L 08/05/2020 - 18:26:04: [freak_fortress_2.smx] Freak Fortress 2 199001 Loading...
L 08/05/2020 - 18:26:04: [simple-chatprocessor.smx] [SCP] Recognized mod [Team Fortress 2].
L 08/05/2020 - 18:26:04: [simple-chatprocessor.smx] [SCP] Loading translation file [scp.tf.phrases].
L 08/05/2020 - 18:26:05: [mapchooser_extended.smx] Loaded map list for tf.
L 08/05/2020 - 18:27:52: [funcommandsX.smx] Game detected as Team Fortress 2: Source (GAME_TF2)
L 08/05/2020 - 18:27:52: [freak_fortress_2.smx] Freak Fortress 2 199001 Loading...
L 08/05/2020 - 18:27:52: [simple-chatprocessor.smx] [SCP] Recognized mod [Team Fortress 2].
L 08/05/2020 - 18:27:52: [simple-chatprocessor.smx] [SCP] Loading translation file [scp.tf.phrases].
L 08/05/2020 - 18:27:52: [mapchooser_extended.smx] Loaded map list for tf.
L 08/05/2020 - 18:32:17: [funcommandsX.smx] Game detected as Team Fortress 2: Source (GAME_TF2)
L 08/05/2020 - 18:32:17: [freak_fortress_2.smx] Freak Fortress 2 199001 Loading...
L 08/05/2020 - 18:32:18: [simple-chatprocessor.smx] [SCP] Recognized mod [Team Fortress 2].
L 08/05/2020 - 18:32:18: [simple-chatprocessor.smx] [SCP] Loading translation file [scp.tf.phrases].
L 08/05/2020 - 18:32:18: [mapchooser_extended.smx] Loaded map list for tf.
L 08/05/2020 - 18:34:34: [funcommandsX.smx] Game detected as Team Fortress 2: Source (GAME_TF2)
L 08/05/2020 - 18:34:34: [freak_fortress_2.smx] Freak Fortress 2 199001 Loading...
L 08/05/2020 - 18:34:34: [simple-chatprocessor.smx] [SCP] Recognized mod [Team Fortress 2].
L 08/05/2020 - 18:34:34: [simple-chatprocessor.smx] [SCP] Loading translation file [scp.tf.phrases].
L 08/05/2020 - 18:34:34: [mapchooser_extended.smx] Loaded map list for tf.
L 08/05/2020 - 18:35:39: [respawn.smx] "Nezzie<236><[U:1:107910185]><>" respawned "Nezzie<236><[U:1:107910185]><>"
L 08/05/2020 - 18:36:47: [funcommandsX.smx] Game detected as Team Fortress 2: Source (GAME_TF2)
L 08/05/2020 - 18:36:47: [freak_fortress_2.smx] Freak Fortress 2 199001 Loading...
L 08/05/2020 - 18:36:48: [simple-chatprocessor.smx] [SCP] Recognized mod [Team Fortress 2].
L 08/05/2020 - 18:36:48: [simple-chatprocessor.smx] [SCP] Loading translation file [scp.tf.phrases].
L 08/05/2020 - 18:36:48: [mapchooser_extended.smx] Loaded map list for tf.
L 08/05/2020 - 18:40:36: [funcommandsX.smx] Game detected as Team Fortress 2: Source (GAME_TF2)
L 08/05/2020 - 18:40:36: [freak_fortress_2.smx] Freak Fortress 2 199001 Loading...
L 08/05/2020 - 18:40:36: [simple-chatprocessor.smx] [SCP] Recognized mod [Team Fortress 2].
L 08/05/2020 - 18:40:36: [simple-chatprocessor.smx] [SCP] Loading translation file [scp.tf.phrases].
L 08/05/2020 - 18:40:36: [mapchooser_extended.smx] Loaded map list for tf.
L 08/05/2020 - 18:41:27: [funcommandsX.smx] Game detected as Team Fortress 2: Source (GAME_TF2)
L 08/05/2020 - 18:41:27: [freak_fortress_2.smx] Freak Fortress 2 199001 Loading...
L 08/05/2020 - 18:41:28: [simple-chatprocessor.smx] [SCP] Recognized mod [Team Fortress 2].
L 08/05/2020 - 18:41:28: [simple-chatprocessor.smx] [SCP] Loading translation file [scp.tf.phrases].
L 08/05/2020 - 18:41:28: [mapchooser_extended.smx] Loaded map list for tf.
L 08/05/2020 - 18:42:12: [respawn.smx] "Nezzie<236><[U:1:107910185]><>" respawned "Nezzie<236><[U:1:107910185]><>"
L 08/05/2020 - 18:44:41: [funcommandsX.smx] Game detected as Team Fortress 2: Source (GAME_TF2)
L 08/05/2020 - 18:44:41: [freak_fortress_2.smx] Freak Fortress 2 199001 Loading...
L 08/05/2020 - 18:44:41: [simple-chatprocessor.smx] [SCP] Recognized mod [Team Fortress 2].
L 08/05/2020 - 18:44:41: [simple-chatprocessor.smx] [SCP] Loading translation file [scp.tf.phrases].
L 08/05/2020 - 18:44:42: [mapchooser_extended.smx] Loaded map list for tf.
L 08/05/2020 - 18:44:57: [funcommandsX.smx] Game detected as Team Fortress 2: Source (GAME_TF2)
L 08/05/2020 - 18:44:57: [freak_fortress_2.smx] Freak Fortress 2 199001 Loading...
L 08/05/2020 - 18:44:57: [simple-chatprocessor.smx] [SCP] Recognized mod [Team Fortress 2].
L 08/05/2020 - 18:44:57: [simple-chatprocessor.smx] [SCP] Loading translation file [scp.tf.phrases].
L 08/05/2020 - 18:44:57: [mapchooser_extended.smx] Loaded map list for tf.
L 08/05/2020 - 18:45:13: [mapchooser_extended.smx] Voting for next map has started.
L 08/05/2020 - 18:45:26: [mapchooser_extended.smx] Voting for next map has started.
L 08/05/2020 - 18:45:30: [mapchooser_extended.smx] Voting for next map has finished. Nextmap: vsh_tranquil_b5.
L 08/05/2020 - 18:45:54: [respawn.smx] "Nezzie<236><[U:1:107910185]><>" respawned "Nezzie<236><[U:1:107910185]><>"
L 08/05/2020 - 18:46:05: [funcommandsX.smx] Game detected as Team Fortress 2: Source (GAME_TF2)
L 08/05/2020 - 18:46:05: [freak_fortress_2.smx] Freak Fortress 2 199001 Loading...
L 08/05/2020 - 18:46:05: [simple-chatprocessor.smx] [SCP] Recognized mod [Team Fortress 2].
L 08/05/2020 - 18:46:05: [simple-chatprocessor.smx] [SCP] Loading translation file [scp.tf.phrases].
L 08/05/2020 - 18:46:05: [mapchooser_extended.smx] Loaded map list for tf.
L 08/05/2020 - 18:46:21: [mapchooser_extended.smx] Voting for next map has started.
L 08/05/2020 - 18:46:42: [mapchooser_extended.smx] Voting for next map has finished. Nextmap: vsh_evilrefuge.
L 08/05/2020 - 18:48:26: [respawn.smx] "Nezzie<236><[U:1:107910185]><>" respawned "Nezzie<236><[U:1:107910185]><>"
L 08/05/2020 - 18:57:16: [SM] Changed map to "vsh_evilrefuge"
L 08/05/2020 - 18:57:20: -------- Mapchange to vsh_evilrefuge --------
L 08/05/2020 - 18:57:31: [mapchooser_extended.smx] Loaded map list for tf.
L 08/05/2020 - 19:00:25: [respawn.smx] "Nezzie<236><[U:1:107910185]><>" respawned "Nezzie<236><[U:1:107910185]><>"
L 08/05/2020 - 19:00:31: [funcommandsX.smx] "Nezzie<236><[U:1:107910185]><>" teleported "I LIVE!<250><BOT><>"
L 08/05/2020 - 19:06:22: [basechat.smx] "Console<0><Console><Console>" triggered sm_say (text The round time has ended, omaewa-mou shindeiru)
L 08/05/2020 - 19:06:22: [playercommands.smx] "Console<0><Console><Console>" slayed "Nezzie<236><[U:1:107910185]><>"
L 08/05/2020 - 19:06:22: [playercommands.smx] "Console<0><Console><Console>" slayed "I LIVE!<250><BOT><>"
L 08/05/2020 - 19:06:22: [playercommands.smx] "Console<0><Console><Console>" slayed "trigger_hurt<251><BOT><>"
L 08/05/2020 - 19:06:22: [playercommands.smx] "Console<0><Console><Console>" slayed "Divide by Zero<252><BOT><>"
L 08/05/2020 - 19:06:22: [playercommands.smx] "Console<0><Console><Console>" slayed "MoreGun<253><BOT><>"
L 08/05/2020 - 19:06:22: [playercommands.smx] "Console<0><Console><Console>" slayed "Big Mean Muther Hubbard<254><BOT><>"
L 08/05/2020 - 19:06:22: [playercommands.smx] "Console<0><Console><Console>" slayed "Crazed Gunman<255><BOT><>"
L 08/05/2020 - 19:17:46: [mapchooser_extended.smx] Voting for next map has started.
L 08/05/2020 - 21:15:08: [funcommandsX.smx] "Nezzie<256><[U:1:107910185]><>" teleported "Poopy Joe<257><BOT><>"
L 08/05/2020 - 21:18:00: [respawn.smx] "Nezzie<256><[U:1:107910185]><>" respawned "FISH (commissions open rn)<263><[U:1:445849108]><>"
L 08/05/2020 - 21:20:11: [basecommands.smx] "Nezzie<256><[U:1:107910185]><>" changed map to "vsh_megaman6"
L 08/05/2020 - 21:20:14: [SM] Changed map to "vsh_megaman6"
L 08/05/2020 - 21:20:20: -------- Mapchange to vsh_megaman6 --------
L 08/05/2020 - 21:20:31: [mapchooser_extended.smx] Loaded map list for tf.
L 08/05/2020 - 21:21:46: [respawn.smx] "Nezzie<256><[U:1:107910185]><>" respawned "Nezzie<256><[U:1:107910185]><>"
L 08/05/2020 - 21:23:55: [funcommandsX.smx] Game detected as Team Fortress 2: Source (GAME_TF2)
L 08/05/2020 - 21:23:55: [freak_fortress_2.smx] Freak Fortress 2 199001 Loading...
L 08/05/2020 - 21:23:56: [simple-chatprocessor.smx] [SCP] Recognized mod [Team Fortress 2].
L 08/05/2020 - 21:23:56: [simple-chatprocessor.smx] [SCP] Loading translation file [scp.tf.phrases].
L 08/05/2020 - 21:23:56: [mapchooser_extended.smx] Loaded map list for tf.
L 08/05/2020 - 21:25:08: [funcommandsX.smx] Game detected as Team Fortress 2: Source (GAME_TF2)
L 08/05/2020 - 21:25:08: [freak_fortress_2.smx] Freak Fortress 2 199001 Loading...
L 08/05/2020 - 21:25:09: [simple-chatprocessor.smx] [SCP] Recognized mod [Team Fortress 2].
L 08/05/2020 - 21:25:09: [simple-chatprocessor.smx] [SCP] Loading translation file [scp.tf.phrases].
L 08/05/2020 - 21:25:09: [mapchooser_extended.smx] Loaded map list for tf.
L 08/05/2020 - 21:26:21: [funcommandsX.smx] Game detected as Team Fortress 2: Source (GAME_TF2)
L 08/05/2020 - 21:26:21: [freak_fortress_2.smx] Freak Fortress 2 199001 Loading...
L 08/05/2020 - 21:26:21: [simple-chatprocessor.smx] [SCP] Recognized mod [Team Fortress 2].
L 08/05/2020 - 21:26:21: [simple-chatprocessor.smx] [SCP] Loading translation file [scp.tf.phrases].
L 08/05/2020 - 21:26:21: [mapchooser_extended.smx] Loaded map list for tf.
L 08/05/2020 - 21:30:21: [funcommandsX.smx] Game detected as Team Fortress 2: Source (GAME_TF2)
L 08/05/2020 - 21:30:21: [freak_fortress_2.smx] Freak Fortress 2 199001 Loading...
L 08/05/2020 - 21:30:21: [simple-chatprocessor.smx] [SCP] Recognized mod [Team Fortress 2].
L 08/05/2020 - 21:30:21: [simple-chatprocessor.smx] [SCP] Loading translation file [scp.tf.phrases].
L 08/05/2020 - 21:30:21: [mapchooser_extended.smx] Loaded map list for tf.
L 08/05/2020 - 21:35:32: [respawn.smx] "Nezzie<270><[U:1:107910185]><>" respawned "FISH (commissions open rn)<277><[U:1:445849108]><>"
L 08/05/2020 - 21:35:33: [respawn.smx] "Nezzie<270><[U:1:107910185]><>" respawned "Nezzie<270><[U:1:107910185]><>"
L 08/05/2020 - 21:35:39: [respawn.smx] "Nezzie<270><[U:1:107910185]><>" respawned "FISH (commissions open rn)<277><[U:1:445849108]><>"
L 08/05/2020 - 21:35:43: [respawn.smx] "Nezzie<270><[U:1:107910185]><>" respawned "FISH (commissions open rn)<277><[U:1:445849108]><>"
L 08/05/2020 - 21:36:09: [respawn.smx] "Nezzie<270><[U:1:107910185]><>" respawned "Nezzie<270><[U:1:107910185]><>"
L 08/05/2020 - 21:36:14: [funcommandsX.smx] "Nezzie<270><[U:1:107910185]><>" teleported "MindlessElectrons<275><BOT><>"
L 08/05/2020 - 21:37:23: [respawn.smx] "Nezzie<270><[U:1:107910185]><>" respawned "Nezzie<270><[U:1:107910185]><>"
L 08/05/2020 - 21:37:37: [respawn.smx] "Nezzie<270><[U:1:107910185]><>" respawned "Nezzie<270><[U:1:107910185]><>"
L 08/05/2020 - 21:38:19: [funcommandsX.smx] "Nezzie<270><[U:1:107910185]><>" teleported "FISH (commissions open rn)<277><[U:1:445849108]><>"
L 08/05/2020 - 21:40:55: [mapchooser_extended.smx] Voting for next map has started.
L 08/05/2020 - 21:41:16: [mapchooser_extended.smx] Voting for next map has finished. Nextmap: arena_tradeplaza_clean.
L 08/05/2020 - 21:42:30: [respawn.smx] "Nezzie<270><[U:1:107910185]><>" respawned "Nezzie<270><[U:1:107910185]><>"
L 08/05/2020 - 21:42:47: [funcommandsX.smx] "Nezzie<270><[U:1:107910185]><>" teleported "FISH (commissions open rn)<277><[U:1:445849108]><>"
L 08/05/2020 - 21:44:24: [funcommandsX.smx] "Nezzie<270><[U:1:107910185]><>" set alpha on "Nezzie<270><[U:1:107910185]><>" to 50
L 08/05/2020 - 21:44:32: [funcommandsX.smx] "Nezzie<270><[U:1:107910185]><>" set alpha on "Nezzie<270><[U:1:107910185]><>" to 200
L 08/05/2020 - 21:44:41: [funcommandsX.smx] "Nezzie<270><[U:1:107910185]><>" set alpha on "Nezzie<270><[U:1:107910185]><>" to 150
L 08/05/2020 - 21:44:59: [funcommandsX.smx] "Nezzie<270><[U:1:107910185]><>" set alpha on "FISH (commissions open rn)<277><[U:1:445849108]><>" to 150
L 08/05/2020 - 21:45:33: [funcommandsX.smx] "Nezzie<270><[U:1:107910185]><>" set alpha on "Nezzie<270><[U:1:107910185]><>" to 50
L 08/05/2020 - 21:53:00: [basechat.smx] "Console<0><Console><Console>" triggered sm_say (text The round time has ended, omaewa-mou shindeiru)
L 08/05/2020 - 21:53:00: [playercommands.smx] "Console<0><Console><Console>" slayed "Totally Not A Bot<271><BOT><>"
L 08/05/2020 - 21:53:00: [playercommands.smx] "Console<0><Console><Console>" slayed "Zepheniah Mann<272><BOT><>"
L 08/05/2020 - 21:53:00: [playercommands.smx] "Console<0><Console><Console>" slayed "LOS LOS LOS<273><BOT><>"
L 08/05/2020 - 21:53:00: [playercommands.smx] "Console<0><Console><Console>" slayed "DeadHead<274><BOT><>"
L 08/05/2020 - 21:53:00: [playercommands.smx] "Console<0><Console><Console>" slayed "MindlessElectrons<275><BOT><>"
L 08/05/2020 - 21:53:01: [playercommands.smx] "Console<0><Console><Console>" slayed "The Freeman<276><BOT><>"
L 08/05/2020 - 21:53:01: [playercommands.smx] "Console<0><Console><Console>" slayed "FISH (commissions open rn)<277><[U:1:445849108]><>"
L 08/05/2020 - 21:53:18: [SM] Changed map to "arena_tradeplaza_clean"
L 08/05/2020 - 21:53:21: -------- Mapchange to arena_tradeplaza_clean --------
L 08/05/2020 - 21:53:33: [mapchooser_extended.smx] Loaded map list for tf.
L 08/05/2020 - 21:55:56: [respawn.smx] "Nezzie<270><[U:1:107910185]><>" respawned "Nezzie<270><[U:1:107910185]><>"
L 08/05/2020 - 21:57:11: [funcommandsX.smx] Game detected as Team Fortress 2: Source (GAME_TF2)
L 08/05/2020 - 21:57:11: [freak_fortress_2.smx] Freak Fortress 2 199001 Loading...
L 08/05/2020 - 21:57:12: [simple-chatprocessor.smx] [SCP] Recognized mod [Team Fortress 2].
L 08/05/2020 - 21:57:12: [simple-chatprocessor.smx] [SCP] Loading translation file [scp.tf.phrases].
L 08/05/2020 - 21:57:12: [mapchooser_extended.smx] Loaded map list for tf.
L 08/05/2020 - 21:57:52: [funcommandsX.smx] Game detected as Team Fortress 2: Source (GAME_TF2)
L 08/05/2020 - 21:57:52: [freak_fortress_2.smx] Freak Fortress 2 199001 Loading...
L 08/05/2020 - 21:57:53: [simple-chatprocessor.smx] [SCP] Recognized mod [Team Fortress 2].
L 08/05/2020 - 21:57:53: [simple-chatprocessor.smx] [SCP] Loading translation file [scp.tf.phrases].
L 08/05/2020 - 21:57:53: [mapchooser_extended.smx] Loaded map list for tf.
L 08/05/2020 - 21:58:27: [funcommandsX.smx] Game detected as Team Fortress 2: Source (GAME_TF2)
L 08/05/2020 - 21:58:27: [freak_fortress_2.smx] Freak Fortress 2 199001 Loading...
L 08/05/2020 - 21:58:27: [simple-chatprocessor.smx] [SCP] Recognized mod [Team Fortress 2].
L 08/05/2020 - 21:58:27: [simple-chatprocessor.smx] [SCP] Loading translation file [scp.tf.phrases].
L 08/05/2020 - 21:58:28: [mapchooser_extended.smx] Loaded map list for tf.
L 08/05/2020 - 21:59:29: [respawn.smx] "Nezzie<270><[U:1:107910185]><>" respawned "Nezzie<270><[U:1:107910185]><>"
L 08/05/2020 - 22:05:23: [funcommands.smx] "Nezzie<270><[U:1:107910185]><>" froze "Nezzie<270><[U:1:107910185]><>"
L 08/05/2020 - 22:05:57: [funcommands.smx] "Nezzie<270><[U:1:107910185]><>" froze "Nezzie<270><[U:1:107910185]><>"
L 08/05/2020 - 22:06:15: [funcommands.smx] "Nezzie<270><[U:1:107910185]><>" froze "Nezzie<270><[U:1:107910185]><>"
L 08/05/2020 - 22:06:20: [funcommands.smx] "Nezzie<270><[U:1:107910185]><>" froze "Nezzie<270><[U:1:107910185]><>"
L 08/05/2020 - 22:06:46: [basechat.smx] "Console<0><Console><Console>" triggered sm_say (text The round time has ended, omaewa-mou shindeiru)
L 08/05/2020 - 22:06:46: [playercommands.smx] "Console<0><Console><Console>" slayed "Nezzie<270><[U:1:107910185]><>"
L 08/05/2020 - 22:06:46: [playercommands.smx] "Console<0><Console><Console>" slayed "Soulless<278><BOT><>"
L 08/05/2020 - 22:06:46: [playercommands.smx] "Console<0><Console><Console>" slayed "BeepBeepBoop<279><BOT><>"
L 08/05/2020 - 22:06:46: [playercommands.smx] "Console<0><Console><Console>" slayed "CreditToTeam<280><BOT><>"
L 08/05/2020 - 22:06:46: [playercommands.smx] "Console<0><Console><Console>" slayed "Someone Else<281><BOT><>"
L 08/05/2020 - 22:06:46: [playercommands.smx] "Console<0><Console><Console>" slayed "Dog<282><BOT><>"
L 08/05/2020 - 22:06:46: [playercommands.smx] "Console<0><Console><Console>" slayed "AmNot<283><BOT><>"
L 08/05/2020 - 22:06:46: [playercommands.smx] "Console<0><Console><Console>" slayed "test<284><BOT><>"
L 08/05/2020 - 22:06:46: [playercommands.smx] "Console<0><Console><Console>" slayed "test1<285><BOT><>"
L 08/05/2020 - 22:11:33: [funcommandsX.smx] Game detected as Team Fortress 2: Source (GAME_TF2)
L 08/05/2020 - 22:11:33: [freak_fortress_2.smx] Freak Fortress 2 199001 Loading...
L 08/05/2020 - 22:11:34: [simple-chatprocessor.smx] [SCP] Recognized mod [Team Fortress 2].
L 08/05/2020 - 22:11:34: [simple-chatprocessor.smx] [SCP] Loading translation file [scp.tf.phrases].
L 08/05/2020 - 22:11:34: [mapchooser_extended.smx] Loaded map list for tf.
L 08/05/2020 - 22:13:56: [mapchooser_extended.smx] Voting for next map has started.
L 08/05/2020 - 22:17:32: [funcommandsX.smx] Game detected as Team Fortress 2: Source (GAME_TF2)
L 08/05/2020 - 22:17:32: [freak_fortress_2.smx] Freak Fortress 2 199001 Loading...
L 08/05/2020 - 22:17:32: [simple-chatprocessor.smx] [SCP] Recognized mod [Team Fortress 2].
L 08/05/2020 - 22:17:32: [simple-chatprocessor.smx] [SCP] Loading translation file [scp.tf.phrases].
L 08/05/2020 - 22:17:32: [mapchooser_extended.smx] Loaded map list for tf.
L 08/05/2020 - 22:17:39: [funvotes.smx] "Nezzie<270><[U:1:107910185]><>" initiated a friendly fire vote.
L 08/05/2020 - 22:17:39: [funvotes.smx] Changing friendly fire to 1 due to vote.
L 08/05/2020 - 22:17:49: [mapchooser_extended.smx] Voting for next map has started.
L 08/05/2020 - 22:17:52: [mapchooser_extended.smx] Voting for next map has finished. Nextmap: vsh_skyhigh_resort_b8_sg4.
L 08/05/2020 - 22:25:51: [basechat.smx] "Console<0><Console><Console>" triggered sm_say (text The round time has ended, omaewa-mou shindeiru)
L 08/05/2020 - 22:25:51: [playercommands.smx] "Console<0><Console><Console>" slayed "Nezzie<270><[U:1:107910185]><>"
L 08/05/2020 - 22:25:51: [playercommands.smx] "Console<0><Console><Console>" slayed "Soulless<278><BOT><>"
L 08/05/2020 - 22:25:51: [playercommands.smx] "Console<0><Console><Console>" slayed "BeepBeepBoop<279><BOT><>"
L 08/05/2020 - 22:25:51: [playercommands.smx] "Console<0><Console><Console>" slayed "CreditToTeam<280><BOT><>"
L 08/05/2020 - 22:25:51: [playercommands.smx] "Console<0><Console><Console>" slayed "Someone Else<281><BOT><>"
L 08/05/2020 - 22:25:51: [playercommands.smx] "Console<0><Console><Console>" slayed "Dog<282><BOT><>"
L 08/05/2020 - 22:25:51: [playercommands.smx] "Console<0><Console><Console>" slayed "AmNot<283><BOT><>"
L 08/05/2020 - 22:25:51: [playercommands.smx] "Console<0><Console><Console>" slayed "test<284><BOT><>"
L 08/05/2020 - 22:25:51: [playercommands.smx] "Console<0><Console><Console>" slayed "test1<285><BOT><>"
L 08/05/2020 - 22:26:09: [SM] Changed map to "vsh_skyhigh_resort_b8_sg4"
L 08/05/2020 - 22:26:12: -------- Mapchange to vsh_skyhigh_resort_b8_sg4 --------
L 08/05/2020 - 22:26:24: [mapchooser_extended.smx] Loaded map list for tf.
L 08/05/2020 - 22:26:49: [basecommands.smx] "Nezzie<270><[U:1:107910185]><>" changed map to "arena_graveyardbash_v1"
L 08/05/2020 - 22:26:52: [SM] Changed map to "arena_graveyardbash_v1"
L 08/05/2020 - 22:26:56: -------- Mapchange to arena_graveyardbash_v1 --------
L 08/05/2020 - 22:27:08: [mapchooser_extended.smx] Loaded map list for tf.
L 08/05/2020 - 22:30:16: [funcommandsX.smx] Game detected as Team Fortress 2: Source (GAME_TF2)
L 08/05/2020 - 22:30:16: [freak_fortress_2.smx] Freak Fortress 2 199001 Loading...
L 08/05/2020 - 22:30:17: [simple-chatprocessor.smx] [SCP] Recognized mod [Team Fortress 2].
L 08/05/2020 - 22:30:17: [simple-chatprocessor.smx] [SCP] Loading translation file [scp.tf.phrases].
L 08/05/2020 - 22:30:17: [mapchooser_extended.smx] Loaded map list for tf.
L 08/05/2020 - 22:31:09: [respawn.smx] "Nezzie<270><[U:1:107910185]><>" respawned "Nezzie<270><[U:1:107910185]><>"
L 08/05/2020 - 22:31:26: [respawn.smx] "Nezzie<270><[U:1:107910185]><>" respawned "Nezzie<270><[U:1:107910185]><>"
L 08/05/2020 - 22:33:00: [respawn.smx] "Nezzie<270><[U:1:107910185]><>" respawned "Nezzie<270><[U:1:107910185]><>"
L 08/05/2020 - 22:33:07: [respawn.smx] "Nezzie<270><[U:1:107910185]><>" respawned "Nezzie<270><[U:1:107910185]><>"
L 08/05/2020 - 22:33:20: [respawn.smx] "Nezzie<270><[U:1:107910185]><>" respawned "Nezzie<270><[U:1:107910185]><>"
L 08/05/2020 - 22:33:27: [respawn.smx] "Nezzie<270><[U:1:107910185]><>" respawned "Nezzie<270><[U:1:107910185]><>"
L 08/05/2020 - 22:33:35: [respawn.smx] "Nezzie<270><[U:1:107910185]><>" respawned "Nezzie<270><[U:1:107910185]><>"
L 08/05/2020 - 22:34:41: [funcommandsX.smx] Game detected as Team Fortress 2: Source (GAME_TF2)
L 08/05/2020 - 22:34:41: [freak_fortress_2.smx] Freak Fortress 2 199001 Loading...
L 08/05/2020 - 22:34:41: [simple-chatprocessor.smx] [SCP] Recognized mod [Team Fortress 2].
L 08/05/2020 - 22:34:41: [simple-chatprocessor.smx] [SCP] Loading translation file [scp.tf.phrases].
L 08/05/2020 - 22:34:42: [mapchooser_extended.smx] Loaded map list for tf.
L 08/05/2020 - 22:47:27: [mapchooser_extended.smx] Voting for next map has started.
L 08/06/2020 - 02:48:18: Log file closed.
